#
# A fatal error has been detected by the Java Runtime Environment:
#
#  SIGSEGV (0xb) at pc=0x00007f77821553ac, pid=19879, tid=19880
#
# JRE version: OpenJDK Runtime Environment (11.0.19+7) (build 11.0.19+7-post-Ubuntu-0ubuntu120.04.1)
# Java VM: OpenJDK 64-Bit Server VM (11.0.19+7-post-Ubuntu-0ubuntu120.04.1, mixed mode, sharing, tiered, compressed oops, g1 gc, linux-amd64)
# Problematic frame:
# C  [libLLVM-13.so+0xc293ac]  LLVMBuildAdd+0xfc
#
# Core dump will be written. Default location: Core dumps may be processed with "/usr/share/apport/apport -p%p -s%s -c%c -d%d -P%P -u%u -g%g -- %E" (or dumping to /home/qutx/Desktop/study/compile/Lab/core.19879)
#
# If you would like to submit a bug report, please visit:
#   https://bugs.launchpad.net/ubuntu/+source/openjdk-lts
# The crash happened outside the Java Virtual Machine in native code.
# See problematic frame for where to report the bug.
#

---------------  S U M M A R Y ------------

Command Line: -javaagent:/opt/idea-IC-223.8617.56/lib/idea_rt.jar=37761:/opt/idea-IC-223.8617.56/bin -Dfile.encoding=UTF-8 Main tests/test1.sysy

Host: Intel(R) Core(TM) i7-10750H CPU @ 2.60GHz, 2 cores, 3G, Ubuntu 20.04.6 LTS
Time: Thu May 18 11:50:04 2023 CST elapsed time: 0.906065 seconds (0d 0h 0m 0s)

---------------  T H R E A D  ---------------

Current thread (0x00007f77e0017000):  JavaThread "main" [_thread_in_native, id=19880, stack(0x00007f77e54da000,0x00007f77e55db000)]

Stack: [0x00007f77e54da000,0x00007f77e55db000],  sp=0x00007f77e55d8ba0,  free space=1018k
Native frames: (J=compiled Java code, A=aot compiled Java code, j=interpreted, Vv=VM code, C=native code)
C  [libLLVM-13.so+0xc293ac]  LLVMBuildAdd+0xfc

Java frames: (J=compiled Java code, j=interpreted, Vv=VM code)
j  org.bytedeco.llvm.global.LLVM.LLVMBuildAdd(Lorg/bytedeco/llvm/LLVM/LLVMBuilderRef;Lorg/bytedeco/llvm/LLVM/LLVMValueRef;Lorg/bytedeco/llvm/LLVM/LLVMValueRef;Ljava/lang/String;)Lorg/bytedeco/llvm/LLVM/LLVMValueRef;+0
j  LlvmVisitor.visitPlusExp(LSysYParser$PlusExpContext;)Lorg/bytedeco/llvm/LLVM/LLVMValueRef;+49
j  LlvmVisitor.visitPlusExp(LSysYParser$PlusExpContext;)Ljava/lang/Object;+2
j  SysYParser$PlusExpContext.accept(Lorg/antlr/v4/runtime/tree/ParseTreeVisitor;)Ljava/lang/Object;+12
j  LlvmVisitor.visitReturnStmt(LSysYParser$ReturnStmtContext;)Lorg/bytedeco/llvm/LLVM/LLVMValueRef;+5
j  LlvmVisitor.visitReturnStmt(LSysYParser$ReturnStmtContext;)Ljava/lang/Object;+2
j  SysYParser$ReturnStmtContext.accept(Lorg/antlr/v4/runtime/tree/ParseTreeVisitor;)Ljava/lang/Object;+12
j  org.antlr.v4.runtime.tree.AbstractParseTreeVisitor.visitChildren(Lorg/antlr/v4/runtime/tree/RuleNode;)Ljava/lang/Object;+46
j  SysYParserBaseVisitor.visitBlockItem(LSysYParser$BlockItemContext;)Ljava/lang/Object;+2
j  SysYParser$BlockItemContext.accept(Lorg/antlr/v4/runtime/tree/ParseTreeVisitor;)Ljava/lang/Object;+12
j  org.antlr.v4.runtime.tree.AbstractParseTreeVisitor.visitChildren(Lorg/antlr/v4/runtime/tree/RuleNode;)Ljava/lang/Object;+46
j  SysYParserBaseVisitor.visitBlock(LSysYParser$BlockContext;)Ljava/lang/Object;+2
j  LlvmVisitor.visitBlock(LSysYParser$BlockContext;)Lorg/bytedeco/llvm/LLVM/LLVMValueRef;+43
j  LlvmVisitor.visitBlock(LSysYParser$BlockContext;)Ljava/lang/Object;+2
j  SysYParser$BlockContext.accept(Lorg/antlr/v4/runtime/tree/ParseTreeVisitor;)Ljava/lang/Object;+12
j  org.antlr.v4.runtime.tree.AbstractParseTreeVisitor.visitChildren(Lorg/antlr/v4/runtime/tree/RuleNode;)Ljava/lang/Object;+46
j  SysYParserBaseVisitor.visitFuncDef(LSysYParser$FuncDefContext;)Ljava/lang/Object;+2
j  LlvmVisitor.visitFuncDef(LSysYParser$FuncDefContext;)Lorg/bytedeco/llvm/LLVM/LLVMValueRef;+81
j  LlvmVisitor.visitFuncDef(LSysYParser$FuncDefContext;)Ljava/lang/Object;+2
j  SysYParser$FuncDefContext.accept(Lorg/antlr/v4/runtime/tree/ParseTreeVisitor;)Ljava/lang/Object;+12
j  org.antlr.v4.runtime.tree.AbstractParseTreeVisitor.visitChildren(Lorg/antlr/v4/runtime/tree/RuleNode;)Ljava/lang/Object;+46
j  SysYParserBaseVisitor.visitCompUnit(LSysYParser$CompUnitContext;)Ljava/lang/Object;+2
j  SysYParser$CompUnitContext.accept(Lorg/antlr/v4/runtime/tree/ParseTreeVisitor;)Ljava/lang/Object;+12
j  org.antlr.v4.runtime.tree.AbstractParseTreeVisitor.visitChildren(Lorg/antlr/v4/runtime/tree/RuleNode;)Ljava/lang/Object;+46
j  SysYParserBaseVisitor.visitProgram(LSysYParser$ProgramContext;)Ljava/lang/Object;+2
j  LlvmVisitor.visitProgram(LSysYParser$ProgramContext;)Lorg/bytedeco/llvm/LLVM/LLVMValueRef;+22
j  LlvmVisitor.visitProgram(LSysYParser$ProgramContext;)Ljava/lang/Object;+2
j  SysYParser$ProgramContext.accept(Lorg/antlr/v4/runtime/tree/ParseTreeVisitor;)Ljava/lang/Object;+12
j  org.antlr.v4.runtime.tree.AbstractParseTreeVisitor.visit(Lorg/antlr/v4/runtime/tree/ParseTree;)Ljava/lang/Object;+2
j  Main.main([Ljava/lang/String;)V+55
v  ~StubRoutines::call_stub

siginfo: si_signo: 11 (SIGSEGV), si_code: 1 (SEGV_MAPERR), si_addr: 0x0000000200000027

Register to memory mapping:

RAX=0x00007f77e0373660 points into unknown readable memory: 0x00007f77e0395808 | 08 58 39 e0 77 7f 00 00
RBX=0x00007f77e0373620 points into unknown readable memory: 0x00007f77e03a4880 | 80 48 3a e0 77 7f 00 00
RCX=0x00007f77e03a4918 points into unknown readable memory: 0x00007f77e0373640 | 40 36 37 e0 77 7f 00 00
RDX=0x00007f77e55d8ba0 is pointing into the stack for thread: 0x00007f77e0017000
RSP=0x00007f77e55d8ba0 is pointing into the stack for thread: 0x00007f77e0017000
RBP=0x00007f77e0017348 points into unknown readable memory: 0x00007f77e6b63b40 | 40 3b b6 e6 77 7f 00 00
RSI=0x00007f77e55d8bd0 is pointing into the stack for thread: 0x00007f77e0017000
RDI=0x0000000200000027 is an unknown value
R8 =0x00007f77e0373660 points into unknown readable memory: 0x00007f77e0395808 | 08 58 39 e0 77 7f 00 00
R9 =0x0 is NULL
R10=0x00007f77e0395808 points into unknown readable memory: 0x00007f77e0395080 | 80 50 39 e0 77 7f 00 00
R11=0x00007f77821552b0: LLVMBuildAdd+0x0000000000000000 in /home/qutx/.javacpp/cache/llvm-13.0.1-1.5.7-linux-x86_64.jar/org/bytedeco/llvm/linux-x86_64/libLLVM-13.so at 0x00007f778152c000
R12=0x00007f77e0373660 points into unknown readable memory: 0x00007f77e0395808 | 08 58 39 e0 77 7f 00 00
R13=0x00007f77e03a4880 points into unknown readable memory: 0x00007f77e0395808 | 08 58 39 e0 77 7f 00 00
R14=0x00007f77e03a4910 points into unknown readable memory: 0x00007f77e0395808 | 08 58 39 e0 77 7f 00 00
R15=0x00007f77e0373620 points into unknown readable memory: 0x00007f77e03a4880 | 80 48 3a e0 77 7f 00 00


Registers:
RAX=0x00007f77e0373660, RBX=0x00007f77e0373620, RCX=0x00007f77e03a4918, RDX=0x00007f77e55d8ba0
RSP=0x00007f77e55d8ba0, RBP=0x00007f77e0017348, RSI=0x00007f77e55d8bd0, RDI=0x0000000200000027
R8 =0x00007f77e0373660, R9 =0x0000000000000000, R10=0x00007f77e0395808, R11=0x00007f77821552b0
R12=0x00007f77e0373660, R13=0x00007f77e03a4880, R14=0x00007f77e03a4910, R15=0x00007f77e0373620
RIP=0x00007f77821553ac, EFLAGS=0x0000000000010202, CSGSFS=0x002b000000000033, ERR=0x0000000000000004
  TRAPNO=0x000000000000000e

Top of Stack: (sp=0x00007f77e55d8ba0)
0x00007f77e55d8ba0:   00007f77e03a4ac0 00007f77e6cd0299
0x00007f77e55d8bb0:   0000000000000005 0000000000000004
0x00007f77e55d8bc0:   00007f77e03a0103 00007f77e011d190
0x00007f77e55d8bd0:   00007f77e03a4910 00007f77e0373620 

Instructions: (pc=0x00007f77821553ac)
0x00007f77821552ac:   0f 1f 40 00 41 54 55 53 48 89 fb 48 89 f7 48 89
0x00007f77821552bc:   d6 ba 01 01 00 00 48 83 ec 60 80 39 00 66 89 54
0x00007f77821552cc:   24 20 74 09 48 89 0c 24 c6 44 24 20 03 80 7f 10
0x00007f77821552dc:   12 0f 87 95 00 00 00 80 7e 10 12 0f 87 8b 00 00
0x00007f77821552ec:   00 4c 8b 4b 48 48 8d 15 18 19 fa ff 49 8b 01 48
0x00007f77821552fc:   8b 40 10 48 39 d0 0f 85 f0 00 00 00 31 c9 31 d2
0x00007f778215530c:   e8 7f 13 ff ff 49 89 c4 41 80 7c 24 10 19 76 4b
0x00007f778215531c:   48 8b 7b 50 48 8b 4b 30 48 89 e2 4c 89 e6 4c 8b
0x00007f778215532c:   43 38 48 8b 07 ff 50 10 8b 6b 08 48 8b 03 48 c1
0x00007f778215533c:   e5 04 48 01 c5 48 39 e8 74 21 48 89 c3 0f 1f 80
0x00007f778215534c:   00 00 00 00 48 8b 53 08 8b 33 4c 89 e7 48 83 c3
0x00007f778215535c:   10 e8 de 4a 0e 00 48 39 dd 75 e9 48 83 c4 60 4c
0x00007f778215536c:   89 e0 5b 5d 41 5c c3 0f 1f 44 00 00 48 89 f2 b8
0x00007f778215537c:   01 01 00 00 48 89 fe 45 31 c0 48 8d 4c 24 30 bf
0x00007f778215538c:   0d 00 00 00 66 89 44 24 50 e8 76 cf 09 00 48 8b
0x00007f778215539c:   7b 50 48 89 e2 48 8b 4b 30 49 89 c4 4c 8b 43 38
0x00007f77821553ac:   48 8b 07 4c 89 e6 ff 50 10 8b 6b 08 48 8b 13 48
0x00007f77821553bc:   c1 e5 04 48 01 d5 48 39 ea 74 a0 48 89 d3 66 0f
0x00007f77821553cc:   1f 44 00 00 48 8b 53 08 8b 33 4c 89 e7 48 83 c3
0x00007f77821553dc:   10 e8 5e 4a 0e 00 48 39 dd 75 e9 48 83 c4 60 4c
0x00007f77821553ec:   89 e0 5b 5d 41 5c c3 0f 1f 44 00 00 48 89 f2 45
0x00007f77821553fc:   31 c0 48 89 fe 31 c9 4c 89 cf ff d0 49 89 c4 e9
0x00007f778215540c:   04 ff ff ff 41 54 55 53 48 89 fb 48 89 f7 48 89
0x00007f778215541c:   d6 ba 01 01 00 00 48 83 ec 60 80 39 00 66 89 54
0x00007f778215542c:   24 20 74 09 48 89 0c 24 c6 44 24 20 03 80 7f 10
0x00007f778215543c:   12 0f 87 95 00 00 00 80 7e 10 12 0f 87 8b 00 00
0x00007f778215544c:   00 4c 8b 4b 48 48 8d 15 b8 17 fa ff 49 8b 01 48
0x00007f778215545c:   8b 40 10 48 39 d0 0f 85 f8 00 00 00 b9 01 00 00
0x00007f778215546c:   00 31 d2 e8 1c 12 ff ff 49 89 c4 41 80 7c 24 10
0x00007f778215547c:   19 76 48 48 8b 7b 50 48 8b 4b 30 48 89 e2 4c 89
0x00007f778215548c:   e6 4c 8b 43 38 48 8b 07 ff 50 10 8b 6b 08 48 8b
0x00007f778215549c:   03 48 c1 e5 04 48 01 c5 48 39 e8 74 1e 48 89 c3 


Stack slot to memory mapping:
stack at sp + 0 slots: 0x00007f77e03a4ac0 points into unknown readable memory: 0x000000005f706d74 | 74 6d 70 5f 00 00 00 00
stack at sp + 1 slots: 0x00007f77e6cd0299: __libc_malloc+0x00000000000001b9 in /lib/x86_64-linux-gnu/libc.so.6 at 0x00007f77e6c36000
stack at sp + 2 slots: 0x0000000000000005 is an unknown value
stack at sp + 3 slots: 0x0000000000000004 is an unknown value
stack at sp + 4 slots: 0x00007f77e03a0103 points into unknown readable memory: 00 00 00 00 00
stack at sp + 5 slots: 0x00007f77e011d190 points into unknown readable memory: 0x00000000c6cf8580 | 80 85 cf c6 00 00 00 00
stack at sp + 6 slots: 0x00007f77e03a4910 points into unknown readable memory: 0x00007f77e0395808 | 08 58 39 e0 77 7f 00 00
stack at sp + 7 slots: 0x00007f77e0373620 points into unknown readable memory: 0x00007f77e03a4880 | 80 48 3a e0 77 7f 00 00


---------------  P R O C E S S  ---------------

Threads class SMR info:
_java_thread_list=0x00007f77e030da20, length=11, elements={
0x00007f77e0017000, 0x00007f77e011e800, 0x00007f77e0120800, 0x00007f77e0127000,
0x00007f77e0129000, 0x00007f77e012b800, 0x00007f77e012d800, 0x00007f77e012f800,
0x00007f77e0145800, 0x00007f77e022b800, 0x00007f77e030c800
}

Java Threads: ( => current thread )
=>0x00007f77e0017000 JavaThread "main" [_thread_in_native, id=19880, stack(0x00007f77e54da000,0x00007f77e55db000)]
  0x00007f77e011e800 JavaThread "Reference Handler" daemon [_thread_blocked, id=19889, stack(0x00007f77e40be000,0x00007f77e41bf000)]
  0x00007f77e0120800 JavaThread "Finalizer" daemon [_thread_blocked, id=19891, stack(0x00007f77c86f4000,0x00007f77c87f5000)]
  0x00007f77e0127000 JavaThread "Signal Dispatcher" daemon [_thread_blocked, id=19893, stack(0x00007f77c85f3000,0x00007f77c86f4000)]
  0x00007f77e0129000 JavaThread "Service Thread" daemon [_thread_blocked, id=19894, stack(0x00007f77c84f2000,0x00007f77c85f3000)]
  0x00007f77e012b800 JavaThread "C2 CompilerThread0" daemon [_thread_blocked, id=19895, stack(0x00007f77c83f1000,0x00007f77c84f2000)]
  0x00007f77e012d800 JavaThread "C1 CompilerThread0" daemon [_thread_blocked, id=19896, stack(0x00007f77c82f0000,0x00007f77c83f1000)]
  0x00007f77e012f800 JavaThread "Sweeper thread" daemon [_thread_blocked, id=19897, stack(0x00007f77c81ef000,0x00007f77c82f0000)]
  0x00007f77e0145800 JavaThread "Common-Cleaner" daemon [_thread_blocked, id=19906, stack(0x00007f77c80ee000,0x00007f77c81ef000)]
  0x00007f77e022b800 JavaThread "Monitor Ctrl-Break" daemon [_thread_in_native, id=19909, stack(0x00007f77c008f000,0x00007f77c0190000)]
  0x00007f77e030c800 JavaThread "JavaCPP Deallocator" daemon [_thread_blocked, id=19912, stack(0x00007f77b271d000,0x00007f77b281e000)]

Other Threads:
  0x00007f77e011b800 VMThread "VM Thread" [stack: 0x00007f77e41c1000,0x00007f77e42c1000] [id=19888]
  0x00007f77e022c800 WatcherThread [stack: 0x00007f77b2922000,0x00007f77b2a22000] [id=19910]
  0x00007f77e002e800 GCTaskThread "GC Thread#0" [stack: 0x00007f77e5181000,0x00007f77e5281000] [id=19881]
  0x00007f77a8001000 GCTaskThread "GC Thread#1" [stack: 0x00007f77b2820000,0x00007f77b2920000] [id=19911]
  0x00007f77e0049800 ConcurrentGCThread "G1 Main Marker" [stack: 0x00007f77e48a7000,0x00007f77e49a7000] [id=19882]
  0x00007f77e004b800 ConcurrentGCThread "G1 Conc#0" [stack: 0x00007f77e47a5000,0x00007f77e48a5000] [id=19884]
  0x00007f77e0086800 ConcurrentGCThread "G1 Refine#0" [stack: 0x00007f77e44a1000,0x00007f77e45a1000] [id=19886]
  0x00007f77e0088800 ConcurrentGCThread "G1 Young RemSet Sampling" [stack: 0x00007f77e439f000,0x00007f77e449f000] [id=19887]

Threads with active compile tasks:

VM state:not at safepoint (normal execution)

VM Mutex/Monitor currently owned by a thread: None

Heap address: 0x00000000c3200000, size: 974 MB, Compressed Oops mode: 32-bit
Narrow klass base: 0x0000000800000000, Narrow klass shift: 3
Compressed class space size: 1073741824 Address: 0x0000000840000000

Heap:
 garbage-first heap   total 65536K, used 5379K [0x00000000c3200000, 0x0000000100000000)
  region size 1024K, 5 young (5120K), 1 survivors (1024K)
 Metaspace       used 4082K, capacity 6631K, committed 6912K, reserved 1056768K
  class space    used 459K, capacity 701K, committed 768K, reserved 1048576K
Heap Regions: E=young(eden), S=young(survivor), O=old, HS=humongous(starts), HC=humongous(continues), CS=collection set, F=free, A=archive, TAMS=top-at-mark-start (previous, next)
|   0|0x00000000c3200000, 0x00000000c328ee00, 0x00000000c3300000| 55%| O|  |TAMS 0x00000000c3200000, 0x00000000c3200000| Untracked 
|   1|0x00000000c3300000, 0x00000000c3300000, 0x00000000c3400000|  0%| F|  |TAMS 0x00000000c3300000, 0x00000000c3300000| Untracked 
|   2|0x00000000c3400000, 0x00000000c3400000, 0x00000000c3500000|  0%| F|  |TAMS 0x00000000c3400000, 0x00000000c3400000| Untracked 
|   3|0x00000000c3500000, 0x00000000c3500000, 0x00000000c3600000|  0%| F|  |TAMS 0x00000000c3500000, 0x00000000c3500000| Untracked 
|   4|0x00000000c3600000, 0x00000000c3600000, 0x00000000c3700000|  0%| F|  |TAMS 0x00000000c3600000, 0x00000000c3600000| Untracked 
|   5|0x00000000c3700000, 0x00000000c3700000, 0x00000000c3800000|  0%| F|  |TAMS 0x00000000c3700000, 0x00000000c3700000| Untracked 
|   6|0x00000000c3800000, 0x00000000c3800000, 0x00000000c3900000|  0%| F|  |TAMS 0x00000000c3800000, 0x00000000c3800000| Untracked 
|   7|0x00000000c3900000, 0x00000000c3900000, 0x00000000c3a00000|  0%| F|  |TAMS 0x00000000c3900000, 0x00000000c3900000| Untracked 
|   8|0x00000000c3a00000, 0x00000000c3a00000, 0x00000000c3b00000|  0%| F|  |TAMS 0x00000000c3a00000, 0x00000000c3a00000| Untracked 
|   9|0x00000000c3b00000, 0x00000000c3b00000, 0x00000000c3c00000|  0%| F|  |TAMS 0x00000000c3b00000, 0x00000000c3b00000| Untracked 
|  10|0x00000000c3c00000, 0x00000000c3c00000, 0x00000000c3d00000|  0%| F|  |TAMS 0x00000000c3c00000, 0x00000000c3c00000| Untracked 
|  11|0x00000000c3d00000, 0x00000000c3d00000, 0x00000000c3e00000|  0%| F|  |TAMS 0x00000000c3d00000, 0x00000000c3d00000| Untracked 
|  12|0x00000000c3e00000, 0x00000000c3e00000, 0x00000000c3f00000|  0%| F|  |TAMS 0x00000000c3e00000, 0x00000000c3e00000| Untracked 
|  13|0x00000000c3f00000, 0x00000000c3f00000, 0x00000000c4000000|  0%| F|  |TAMS 0x00000000c3f00000, 0x00000000c3f00000| Untracked 
|  14|0x00000000c4000000, 0x00000000c4000000, 0x00000000c4100000|  0%| F|  |TAMS 0x00000000c4000000, 0x00000000c4000000| Untracked 
|  15|0x00000000c4100000, 0x00000000c4100000, 0x00000000c4200000|  0%| F|  |TAMS 0x00000000c4100000, 0x00000000c4100000| Untracked 
|  16|0x00000000c4200000, 0x00000000c4200000, 0x00000000c4300000|  0%| F|  |TAMS 0x00000000c4200000, 0x00000000c4200000| Untracked 
|  17|0x00000000c4300000, 0x00000000c4300000, 0x00000000c4400000|  0%| F|  |TAMS 0x00000000c4300000, 0x00000000c4300000| Untracked 
|  18|0x00000000c4400000, 0x00000000c4400000, 0x00000000c4500000|  0%| F|  |TAMS 0x00000000c4400000, 0x00000000c4400000| Untracked 
|  19|0x00000000c4500000, 0x00000000c4500000, 0x00000000c4600000|  0%| F|  |TAMS 0x00000000c4500000, 0x00000000c4500000| Untracked 
|  20|0x00000000c4600000, 0x00000000c4600000, 0x00000000c4700000|  0%| F|  |TAMS 0x00000000c4600000, 0x00000000c4600000| Untracked 
|  21|0x00000000c4700000, 0x00000000c4700000, 0x00000000c4800000|  0%| F|  |TAMS 0x00000000c4700000, 0x00000000c4700000| Untracked 
|  22|0x00000000c4800000, 0x00000000c4800000, 0x00000000c4900000|  0%| F|  |TAMS 0x00000000c4800000, 0x00000000c4800000| Untracked 
|  23|0x00000000c4900000, 0x00000000c4900000, 0x00000000c4a00000|  0%| F|  |TAMS 0x00000000c4900000, 0x00000000c4900000| Untracked 
|  24|0x00000000c4a00000, 0x00000000c4a00000, 0x00000000c4b00000|  0%| F|  |TAMS 0x00000000c4a00000, 0x00000000c4a00000| Untracked 
|  25|0x00000000c4b00000, 0x00000000c4b00000, 0x00000000c4c00000|  0%| F|  |TAMS 0x00000000c4b00000, 0x00000000c4b00000| Untracked 
|  26|0x00000000c4c00000, 0x00000000c4c00000, 0x00000000c4d00000|  0%| F|  |TAMS 0x00000000c4c00000, 0x00000000c4c00000| Untracked 
|  27|0x00000000c4d00000, 0x00000000c4d00000, 0x00000000c4e00000|  0%| F|  |TAMS 0x00000000c4d00000, 0x00000000c4d00000| Untracked 
|  28|0x00000000c4e00000, 0x00000000c4e00000, 0x00000000c4f00000|  0%| F|  |TAMS 0x00000000c4e00000, 0x00000000c4e00000| Untracked 
|  29|0x00000000c4f00000, 0x00000000c4f00000, 0x00000000c5000000|  0%| F|  |TAMS 0x00000000c4f00000, 0x00000000c4f00000| Untracked 
|  30|0x00000000c5000000, 0x00000000c5000000, 0x00000000c5100000|  0%| F|  |TAMS 0x00000000c5000000, 0x00000000c5000000| Untracked 
|  31|0x00000000c5100000, 0x00000000c5100000, 0x00000000c5200000|  0%| F|  |TAMS 0x00000000c5100000, 0x00000000c5100000| Untracked 
|  32|0x00000000c5200000, 0x00000000c5200000, 0x00000000c5300000|  0%| F|  |TAMS 0x00000000c5200000, 0x00000000c5200000| Untracked 
|  33|0x00000000c5300000, 0x00000000c5300000, 0x00000000c5400000|  0%| F|  |TAMS 0x00000000c5300000, 0x00000000c5300000| Untracked 
|  34|0x00000000c5400000, 0x00000000c5400000, 0x00000000c5500000|  0%| F|  |TAMS 0x00000000c5400000, 0x00000000c5400000| Untracked 
|  35|0x00000000c5500000, 0x00000000c5500000, 0x00000000c5600000|  0%| F|  |TAMS 0x00000000c5500000, 0x00000000c5500000| Untracked 
|  36|0x00000000c5600000, 0x00000000c5600000, 0x00000000c5700000|  0%| F|  |TAMS 0x00000000c5600000, 0x00000000c5600000| Untracked 
|  37|0x00000000c5700000, 0x00000000c5700000, 0x00000000c5800000|  0%| F|  |TAMS 0x00000000c5700000, 0x00000000c5700000| Untracked 
|  38|0x00000000c5800000, 0x00000000c5800000, 0x00000000c5900000|  0%| F|  |TAMS 0x00000000c5800000, 0x00000000c5800000| Untracked 
|  39|0x00000000c5900000, 0x00000000c5900000, 0x00000000c5a00000|  0%| F|  |TAMS 0x00000000c5900000, 0x00000000c5900000| Untracked 
|  40|0x00000000c5a00000, 0x00000000c5a00000, 0x00000000c5b00000|  0%| F|  |TAMS 0x00000000c5a00000, 0x00000000c5a00000| Untracked 
|  41|0x00000000c5b00000, 0x00000000c5b00000, 0x00000000c5c00000|  0%| F|  |TAMS 0x00000000c5b00000, 0x00000000c5b00000| Untracked 
|  42|0x00000000c5c00000, 0x00000000c5c00000, 0x00000000c5d00000|  0%| F|  |TAMS 0x00000000c5c00000, 0x00000000c5c00000| Untracked 
|  43|0x00000000c5d00000, 0x00000000c5d00000, 0x00000000c5e00000|  0%| F|  |TAMS 0x00000000c5d00000, 0x00000000c5d00000| Untracked 
|  44|0x00000000c5e00000, 0x00000000c5e00000, 0x00000000c5f00000|  0%| F|  |TAMS 0x00000000c5e00000, 0x00000000c5e00000| Untracked 
|  45|0x00000000c5f00000, 0x00000000c5f00000, 0x00000000c6000000|  0%| F|  |TAMS 0x00000000c5f00000, 0x00000000c5f00000| Untracked 
|  46|0x00000000c6000000, 0x00000000c6000000, 0x00000000c6100000|  0%| F|  |TAMS 0x00000000c6000000, 0x00000000c6000000| Untracked 
|  47|0x00000000c6100000, 0x00000000c6100000, 0x00000000c6200000|  0%| F|  |TAMS 0x00000000c6100000, 0x00000000c6100000| Untracked 
|  48|0x00000000c6200000, 0x00000000c6200000, 0x00000000c6300000|  0%| F|  |TAMS 0x00000000c6200000, 0x00000000c6200000| Untracked 
|  49|0x00000000c6300000, 0x00000000c6300000, 0x00000000c6400000|  0%| F|  |TAMS 0x00000000c6300000, 0x00000000c6300000| Untracked 
|  50|0x00000000c6400000, 0x00000000c6400000, 0x00000000c6500000|  0%| F|  |TAMS 0x00000000c6400000, 0x00000000c6400000| Untracked 
|  51|0x00000000c6500000, 0x00000000c6500000, 0x00000000c6600000|  0%| F|  |TAMS 0x00000000c6500000, 0x00000000c6500000| Untracked 
|  52|0x00000000c6600000, 0x00000000c6600000, 0x00000000c6700000|  0%| F|  |TAMS 0x00000000c6600000, 0x00000000c6600000| Untracked 
|  53|0x00000000c6700000, 0x00000000c6700000, 0x00000000c6800000|  0%| F|  |TAMS 0x00000000c6700000, 0x00000000c6700000| Untracked 
|  54|0x00000000c6800000, 0x00000000c6900000, 0x00000000c6900000|100%| S|CS|TAMS 0x00000000c6800000, 0x00000000c6800000| Complete 
|  55|0x00000000c6900000, 0x00000000c6900000, 0x00000000c6a00000|  0%| F|  |TAMS 0x00000000c6900000, 0x00000000c6900000| Untracked 
|  56|0x00000000c6a00000, 0x00000000c6a00000, 0x00000000c6b00000|  0%| F|  |TAMS 0x00000000c6a00000, 0x00000000c6a00000| Untracked 
|  57|0x00000000c6b00000, 0x00000000c6b00000, 0x00000000c6c00000|  0%| F|  |TAMS 0x00000000c6b00000, 0x00000000c6b00000| Untracked 
|  58|0x00000000c6c00000, 0x00000000c6d00000, 0x00000000c6d00000|100%| E|  |TAMS 0x00000000c6c00000, 0x00000000c6c00000| Complete 
|  59|0x00000000c6d00000, 0x00000000c6e00000, 0x00000000c6e00000|100%| E|CS|TAMS 0x00000000c6d00000, 0x00000000c6d00000| Complete 
|  60|0x00000000c6e00000, 0x00000000c6f00000, 0x00000000c6f00000|100%| E|CS|TAMS 0x00000000c6e00000, 0x00000000c6e00000| Complete 
|  61|0x00000000c6f00000, 0x00000000c7000000, 0x00000000c7000000|100%| E|CS|TAMS 0x00000000c6f00000, 0x00000000c6f00000| Complete 
| 972|0x00000000ffe00000, 0x00000000ffe47000, 0x00000000fff00000| 27%|OA|  |TAMS 0x00000000ffe00000, 0x00000000ffe00000| Untracked 
| 973|0x00000000fff00000, 0x00000000fff6b000, 0x0000000100000000| 41%|CA|  |TAMS 0x00000000fff00000, 0x00000000fff00000| Untracked 

Card table byte_map: [0x00007f77e4baf000,0x00007f77e4d96000] _byte_map_base: 0x00007f77e4596000

Marking Bits (Prev, Next): (CMBitMap*) 0x00007f77e0044c38, (CMBitMap*) 0x00007f77e0044c70
 Prev Bits: [0x00007f77c30c8000, 0x00007f77c4000000)
 Next Bits: [0x00007f77c2190000, 0x00007f77c30c8000)

Polling page: 0x00007f77e5497000

Metaspace:

Usage:
  Non-class:      5.79 MB capacity,     3.54 MB ( 61%) used,     2.25 MB ( 39%) free+waste,     7.62 KB ( <1%) overhead. 
      Class:    701.00 KB capacity,   459.53 KB ( 66%) used,   237.34 KB ( 34%) free+waste,     4.12 KB ( <1%) overhead. 
       Both:      6.48 MB capacity,     3.99 MB ( 62%) used,     2.48 MB ( 38%) free+waste,    11.75 KB ( <1%) overhead. 

Virtual space:
  Non-class space:        8.00 MB reserved,       6.00 MB ( 75%) committed 
      Class space:        1.00 GB reserved,     768.00 KB ( <1%) committed 
             Both:        1.01 GB reserved,       6.75 MB ( <1%) committed 

Chunk freelists:
   Non-Class:  22.00 KB
       Class:  3.00 KB
        Both:  25.00 KB

MaxMetaspaceSize: unlimited
CompressedClassSpaceSize: 1.00 GB
Initial GC threshold: 20.80 MB
Current GC threshold: 20.80 MB
CDS: on

CodeHeap 'non-profiled nmethods': size=120036Kb used=236Kb max_used=236Kb free=119799Kb
 bounds [0x00007f77d02bc000, 0x00007f77d052c000, 0x00007f77d77f5000]
CodeHeap 'profiled nmethods': size=120032Kb used=1415Kb max_used=1415Kb free=118616Kb
 bounds [0x00007f77c8d84000, 0x00007f77c8ff4000, 0x00007f77d02bc000]
CodeHeap 'non-nmethods': size=5692Kb used=1147Kb max_used=1160Kb free=4544Kb
 bounds [0x00007f77c87f5000, 0x00007f77c8a65000, 0x00007f77c8d84000]
 total_blobs=1202 nmethods=792 adapters=324
 compilation: enabled
              stopped_count=0, restarted_count=0
 full_count=0

Compilation events (20 events):
Event: 0.871 Thread 0x00007f77e012d800 nmethod 773 0x00007f77c8ede910 code [0x00007f77c8edeae0, 0x00007f77c8edec60]
Event: 0.871 Thread 0x00007f77e012d800  770       3       java.lang.invoke.LambdaForm$BasicType::basicTypeSlots (8 bytes)
Event: 0.871 Thread 0x00007f77e012d800 nmethod 770 0x00007f77c8eded10 code [0x00007f77c8edeec0, 0x00007f77c8edf050]
Event: 0.871 Thread 0x00007f77e012d800  768       3       jdk.internal.org.objectweb.asm.ClassWriter::put122 (15 bytes)
Event: 0.879 Thread 0x00007f77e012d800 nmethod 768 0x00007f77c8edf110 code [0x00007f77c8edf2e0, 0x00007f77c8edf490]
Event: 0.879 Thread 0x00007f77e012d800  778       3       jdk.internal.org.objectweb.asm.Frame::get (46 bytes)
Event: 0.880 Thread 0x00007f77e012d800 nmethod 778 0x00007f77c8edf590 code [0x00007f77c8edf740, 0x00007f77c8edf950]
Event: 0.880 Thread 0x00007f77e012d800  782       3       sun.invoke.util.BytecodeDescriptor::unparseSig (91 bytes)
Event: 0.880 Thread 0x00007f77e012d800 nmethod 782 0x00007f77c8edfa10 code [0x00007f77c8edfca0, 0x00007f77c8ee04c0]
Event: 0.880 Thread 0x00007f77e012d800  779       3       jdk.internal.org.objectweb.asm.Frame::type (416 bytes)
Event: 0.887 Thread 0x00007f77e012b800 nmethod 769 0x00007f77d02f4810 code [0x00007f77d02f49c0, 0x00007f77d02f4e28]
Event: 0.887 Thread 0x00007f77e012b800  777       4       java.util.concurrent.ConcurrentHashMap::get (162 bytes)
Event: 0.888 Thread 0x00007f77e012d800 nmethod 779 0x00007f77c8ee0890 code [0x00007f77c8ee0ca0, 0x00007f77c8ee2c70]
Event: 0.888 Thread 0x00007f77e012d800  788       3       java.lang.invoke.InvokerBytecodeGenerator::emitImplicitConversion (159 bytes)
Event: 0.890 Thread 0x00007f77e012d800 nmethod 788 0x00007f77c8ee3790 code [0x00007f77c8ee3ae0, 0x00007f77c8ee4b90]
Event: 0.890 Thread 0x00007f77e012d800  789       3       java.lang.invoke.LambdaForm$NamedFunction::methodType (23 bytes)
Event: 0.890 Thread 0x00007f77e012d800 nmethod 789 0x00007f77c8ee5110 code [0x00007f77c8ee52e0, 0x00007f77c8ee5520]
Event: 0.890 Thread 0x00007f77e012d800  780       3       jdk.internal.org.objectweb.asm.ClassWriter::addType (39 bytes)
Event: 0.890 Thread 0x00007f77e012d800 nmethod 780 0x00007f77c8ee5610 code [0x00007f77c8ee57e0, 0x00007f77c8ee5a00]
Event: 0.890 Thread 0x00007f77e012d800  772       3       java.util.Arrays$ArrayItr::hasNext (18 bytes)

GC Heap History (2 events):
Event: 0.573 GC heap before
{Heap before GC invocations=0 (full 0):
 garbage-first heap   total 65536K, used 7880K [0x00000000c3200000, 0x0000000100000000)
  region size 1024K, 7 young (7168K), 0 survivors (0K)
 Metaspace       used 3492K, capacity 6325K, committed 6528K, reserved 1056768K
  class space    used 349K, capacity 618K, committed 640K, reserved 1048576K
}
Event: 0.586 GC heap after
{Heap after GC invocations=1 (full 0):
 garbage-first heap   total 65536K, used 2307K [0x00000000c3200000, 0x0000000100000000)
  region size 1024K, 1 young (1024K), 1 survivors (1024K)
 Metaspace       used 3492K, capacity 6325K, committed 6528K, reserved 1056768K
  class space    used 349K, capacity 618K, committed 640K, reserved 1048576K
}

Deoptimization events (20 events):
Event: 0.629 Thread 0x00007f77e0017000 DEOPT PACKING pc=0x00007f77c8e20d42 sp=0x00007f77e55d86d0
Event: 0.629 Thread 0x00007f77e0017000 DEOPT UNPACKING pc=0x00007f77c883f64a sp=0x00007f77e55d7b58 mode 0
Event: 0.630 Thread 0x00007f77e0017000 DEOPT PACKING pc=0x00007f77c8dbed4f sp=0x00007f77e55d8700
Event: 0.630 Thread 0x00007f77e0017000 DEOPT UNPACKING pc=0x00007f77c883f64a sp=0x00007f77e55d7ba8 mode 0
Event: 0.800 Thread 0x00007f77e0017000 Uncommon trap: trap_request=0xffffffc6 fr.pc=0x00007f77d02c64a4 relative=0x0000000000000084
Event: 0.800 Thread 0x00007f77e0017000 Uncommon trap: reason=bimorphic_or_optimized_type_check action=maybe_recompile pc=0x00007f77d02c64a4 method=java.util.AbstractCollection.isEmpty()Z @ 1 c2
Event: 0.800 Thread 0x00007f77e0017000 DEOPT PACKING pc=0x00007f77d02c64a4 sp=0x00007f77e55d8000
Event: 0.800 Thread 0x00007f77e0017000 DEOPT UNPACKING pc=0x00007f77c883eea5 sp=0x00007f77e55d7fb0 mode 2
Event: 0.800 Thread 0x00007f77e0017000 Uncommon trap: trap_request=0xffffffc6 fr.pc=0x00007f77d02c64a4 relative=0x0000000000000084
Event: 0.800 Thread 0x00007f77e0017000 Uncommon trap: reason=bimorphic_or_optimized_type_check action=maybe_recompile pc=0x00007f77d02c64a4 method=java.util.AbstractCollection.isEmpty()Z @ 1 c2
Event: 0.800 Thread 0x00007f77e0017000 DEOPT PACKING pc=0x00007f77d02c64a4 sp=0x00007f77e55d81d0
Event: 0.800 Thread 0x00007f77e0017000 DEOPT UNPACKING pc=0x00007f77c883eea5 sp=0x00007f77e55d8180 mode 2
Event: 0.819 Thread 0x00007f77e0017000 Uncommon trap: trap_request=0xffffffc6 fr.pc=0x00007f77d02c64a4 relative=0x0000000000000084
Event: 0.819 Thread 0x00007f77e0017000 Uncommon trap: reason=bimorphic_or_optimized_type_check action=maybe_recompile pc=0x00007f77d02c64a4 method=java.util.AbstractCollection.isEmpty()Z @ 1 c2
Event: 0.819 Thread 0x00007f77e0017000 DEOPT PACKING pc=0x00007f77d02c64a4 sp=0x00007f77e55d8000
Event: 0.819 Thread 0x00007f77e0017000 DEOPT UNPACKING pc=0x00007f77c883eea5 sp=0x00007f77e55d7fb0 mode 2
Event: 0.819 Thread 0x00007f77e0017000 Uncommon trap: trap_request=0xffffffc6 fr.pc=0x00007f77d02c64a4 relative=0x0000000000000084
Event: 0.819 Thread 0x00007f77e0017000 Uncommon trap: reason=bimorphic_or_optimized_type_check action=maybe_recompile pc=0x00007f77d02c64a4 method=java.util.AbstractCollection.isEmpty()Z @ 1 c2
Event: 0.819 Thread 0x00007f77e0017000 DEOPT PACKING pc=0x00007f77d02c64a4 sp=0x00007f77e55d81d0
Event: 0.819 Thread 0x00007f77e0017000 DEOPT UNPACKING pc=0x00007f77c883eea5 sp=0x00007f77e55d8180 mode 2

Classes redefined (0 events):
No events

Internal exceptions (20 events):
Event: 0.205 Thread 0x00007f77e0017000 Exception <a 'java/security/PrivilegedActionException'{0x00000000c6ee2f00}> (0x00000000c6ee2f00) thrown at [src/hotspot/share/prims/jvm.cpp, line 1304]
Event: 0.205 Thread 0x00007f77e0017000 Exception <a 'java/security/PrivilegedActionException'{0x00000000c6ee31d0}> (0x00000000c6ee31d0) thrown at [src/hotspot/share/prims/jvm.cpp, line 1304]
Event: 0.205 Thread 0x00007f77e0017000 Exception <a 'java/security/PrivilegedActionException'{0x00000000c6ee3b58}> (0x00000000c6ee3b58) thrown at [src/hotspot/share/prims/jvm.cpp, line 1304]
Event: 0.205 Thread 0x00007f77e0017000 Exception <a 'java/security/PrivilegedActionException'{0x00000000c6ee3e28}> (0x00000000c6ee3e28) thrown at [src/hotspot/share/prims/jvm.cpp, line 1304]
Event: 0.205 Thread 0x00007f77e0017000 Exception <a 'java/security/PrivilegedActionException'{0x00000000c6ee47b0}> (0x00000000c6ee47b0) thrown at [src/hotspot/share/prims/jvm.cpp, line 1304]
Event: 0.205 Thread 0x00007f77e0017000 Exception <a 'java/security/PrivilegedActionException'{0x00000000c6ee4a80}> (0x00000000c6ee4a80) thrown at [src/hotspot/share/prims/jvm.cpp, line 1304]
Event: 0.205 Thread 0x00007f77e0017000 Exception <a 'java/security/PrivilegedActionException'{0x00000000c6ee5408}> (0x00000000c6ee5408) thrown at [src/hotspot/share/prims/jvm.cpp, line 1304]
Event: 0.205 Thread 0x00007f77e0017000 Exception <a 'java/security/PrivilegedActionException'{0x00000000c6ee56d8}> (0x00000000c6ee56d8) thrown at [src/hotspot/share/prims/jvm.cpp, line 1304]
Event: 0.205 Thread 0x00007f77e0017000 Exception <a 'java/security/PrivilegedActionException'{0x00000000c6ee6048}> (0x00000000c6ee6048) thrown at [src/hotspot/share/prims/jvm.cpp, line 1304]
Event: 0.205 Thread 0x00007f77e0017000 Exception <a 'java/security/PrivilegedActionException'{0x00000000c6ee6318}> (0x00000000c6ee6318) thrown at [src/hotspot/share/prims/jvm.cpp, line 1304]
Event: 0.206 Thread 0x00007f77e0017000 Exception <a 'java/security/PrivilegedActionException'{0x00000000c6ee6ca0}> (0x00000000c6ee6ca0) thrown at [src/hotspot/share/prims/jvm.cpp, line 1304]
Event: 0.206 Thread 0x00007f77e0017000 Exception <a 'java/security/PrivilegedActionException'{0x00000000c6ee6f70}> (0x00000000c6ee6f70) thrown at [src/hotspot/share/prims/jvm.cpp, line 1304]
Event: 0.468 Thread 0x00007f77e0017000 Exception <a 'java/lang/NoSuchMethodError'{0x00000000c6ad6ae8}: 'int java.lang.invoke.DirectMethodHandle$Holder.invokeStaticInit(java.lang.Object, java.lang.Object, java.lang.Object, java.lang.Object)'> (0x00000000c6ad6ae8) thrown at [src/hotspot/share/interpreter/linkResolver.cpp, line 772]
Event: 0.472 Thread 0x00007f77e0017000 Exception <a 'java/lang/IncompatibleClassChangeError'{0x00000000c6ae0868}: Found class java.lang.Object, but interface was expected> (0x00000000c6ae0868) thrown at [src/hotspot/share/interpreter/linkResolver.cpp, line 839]
Event: 0.474 Thread 0x00007f77e0017000 Exception <a 'java/lang/NoSuchMethodError'{0x00000000c6ae3a18}: 'void java.lang.invoke.DirectMethodHandle$Holder.invokeStaticInit(java.lang.Object, java.lang.Object)'> (0x00000000c6ae3a18) thrown at [src/hotspot/share/interpreter/linkResolver.cpp, line 772]
Event: 0.476 Thread 0x00007f77e0017000 Exception <a 'java/lang/NoSuchMethodError'{0x00000000c6ae90f8}: 'int java.lang.invoke.DirectMethodHandle$Holder.invokeStaticInit(java.lang.Object, java.lang.Object)'> (0x00000000c6ae90f8) thrown at [src/hotspot/share/interpreter/linkResolver.cpp, line 772]
Event: 0.869 Thread 0x00007f77e0017000 Exception <a 'java/lang/NoSuchMethodError'{0x00000000c6caaa80}: 'java.lang.Object java.lang.invoke.DirectMethodHandle$Holder.invokeStatic(java.lang.Object, java.lang.Object, java.lang.Object, java.lang.Object, java.lang.Object, java.lang.Object, java.lang.Object, java.lang.Object, java.lang.Object, java.lang.Object, java.lang.Object, int)'> (0x00000000c6caaa80) thrown at [src/hotspot/share/interpreter/linkResolver.cpp, line 772]
Event: 0.877 Thread 0x00007f77e0017000 Exception <a 'java/lang/NoSuchMethodError'{0x00000000c6cc9e50}: 'java.lang.Object java.lang.invoke.DirectMethodHandle$Holder.invokeStatic(java.lang.Object, java.lang.Object, java.lang.Object, java.lang.Object, java.lang.Object, java.lang.Object, java.lang.Object, java.lang.Object, java.lang.Object, java.lang.Object, java.lang.Object, int, int)'> (0x00000000c6cc9e50) thrown at [src/hotspot/share/interpreter/linkResolver.cpp, line 772]
Event: 0.887 Thread 0x00007f77e0017000 Exception <a 'java/lang/NoSuchMethodError'{0x00000000c6ce9208}: 'java.lang.Object java.lang.invoke.DirectMethodHandle$Holder.invokeStatic(java.lang.Object, java.lang.Object, java.lang.Object, java.lang.Object, java.lang.Object, java.lang.Object, java.lang.Object, java.lang.Object, java.lang.Object, java.lang.Object, java.lang.Object, int, int, java.lang.Object)'> (0x00000000c6ce9208) thrown at [src/hotspot/share/interpreter/linkResolver.cpp, line 772]
Event: 0.888 Thread 0x00007f77e0017000 Exception <a 'java/lang/NoSuchMethodError'{0x00000000c6cf5460}: 'java.lang.Object java.lang.invoke.Invokers$Holder.linkToTargetMethod(java.lang.Object, int, java.lang.Object)'> (0x00000000c6cf5460) thrown at [src/hotspot/share/interpreter/linkResolver.cpp, line 772]

Events (20 events):
Event: 0.797 loading class java/lang/invoke/BoundMethodHandle$Species_LL
Event: 0.800 loading class java/lang/invoke/BoundMethodHandle$Species_LL done
Event: 0.818 loading class java/lang/invoke/BoundMethodHandle$Species_LLL
Event: 0.818 loading class java/lang/invoke/BoundMethodHandle$Species_LLL done
Event: 0.825 loading class java/lang/invoke/BoundMethodHandle$Species_LLLL
Event: 0.825 loading class java/lang/invoke/BoundMethodHandle$Species_LLLL done
Event: 0.827 loading class java/lang/invoke/BoundMethodHandle$Species_LLLLL
Event: 0.827 loading class java/lang/invoke/BoundMethodHandle$Species_LLLLL done
Event: 0.828 loading class java/lang/invoke/BoundMethodHandle$Species_LLLLLL
Event: 0.828 loading class java/lang/invoke/BoundMethodHandle$Species_LLLLLL done
Event: 0.829 loading class java/lang/invoke/BoundMethodHandle$Species_LLLLLLL
Event: 0.829 loading class java/lang/invoke/BoundMethodHandle$Species_LLLLLLL done
Event: 0.842 loading class java/lang/invoke/BoundMethodHandle$Species_LLLLLLLL
Event: 0.844 loading class java/lang/invoke/BoundMethodHandle$Species_LLLLLLLL done
Event: 0.856 loading class java/lang/invoke/BoundMethodHandle$Species_LLLLLLLLI
Event: 0.856 loading class java/lang/invoke/BoundMethodHandle$Species_LLLLLLLLI done
Event: 0.871 loading class java/lang/invoke/BoundMethodHandle$Species_LLLLLLLLII
Event: 0.871 loading class java/lang/invoke/BoundMethodHandle$Species_LLLLLLLLII done
Event: 0.879 loading class java/lang/invoke/BoundMethodHandle$Species_LLLLLLLLIIL
Event: 0.879 loading class java/lang/invoke/BoundMethodHandle$Species_LLLLLLLLIIL done


Dynamic libraries:
c3200000-c7000000 rw-p 00000000 00:00 0 
c7000000-ffe00000 ---p 00000000 00:00 0 
ffe00000-ffe47000 rw-p 00b0a000 08:05 922150                             /usr/lib/jvm/java-11-openjdk-amd64/lib/server/classes.jsa
ffe47000-fff00000 rw-p 00000000 00:00 0 
fff00000-fff6b000 rw-p 00a9f000 08:05 922150                             /usr/lib/jvm/java-11-openjdk-amd64/lib/server/classes.jsa
fff6b000-100000000 rw-p 00000000 00:00 0 
800000000-800002000 rwxp 00001000 08:05 922150                           /usr/lib/jvm/java-11-openjdk-amd64/lib/server/classes.jsa
800002000-8003cc000 rw-p 00003000 08:05 922150                           /usr/lib/jvm/java-11-openjdk-amd64/lib/server/classes.jsa
8003cc000-800a9d000 r--p 003cd000 08:05 922150                           /usr/lib/jvm/java-11-openjdk-amd64/lib/server/classes.jsa
800a9d000-800a9e000 rw-p 00a9e000 08:05 922150                           /usr/lib/jvm/java-11-openjdk-amd64/lib/server/classes.jsa
840000000-8400c0000 rw-p 00000000 00:00 0 
8400c0000-880000000 ---p 00000000 00:00 0 
563071e07000-563071e08000 r--p 00000000 08:05 922046                     /usr/lib/jvm/java-11-openjdk-amd64/bin/java
563071e08000-563071e09000 r-xp 00001000 08:05 922046                     /usr/lib/jvm/java-11-openjdk-amd64/bin/java
563071e09000-563071e0a000 r--p 00002000 08:05 922046                     /usr/lib/jvm/java-11-openjdk-amd64/bin/java
563071e0a000-563071e0b000 r--p 00002000 08:05 922046                     /usr/lib/jvm/java-11-openjdk-amd64/bin/java
563071e0b000-563071e0c000 rw-p 00003000 08:05 922046                     /usr/lib/jvm/java-11-openjdk-amd64/bin/java
563072017000-563072059000 rw-p 00000000 00:00 0                          [heap]
7f778152c000-7f7781e52000 r--p 00000000 08:05 1461981                    /home/qutx/.javacpp/cache/llvm-13.0.1-1.5.7-linux-x86_64.jar/org/bytedeco/llvm/linux-x86_64/libLLVM-13.so
7f7781e52000-7f7785815000 r-xp 00926000 08:05 1461981                    /home/qutx/.javacpp/cache/llvm-13.0.1-1.5.7-linux-x86_64.jar/org/bytedeco/llvm/linux-x86_64/libLLVM-13.so
7f7785815000-7f7787a6a000 r--p 042e9000 08:05 1461981                    /home/qutx/.javacpp/cache/llvm-13.0.1-1.5.7-linux-x86_64.jar/org/bytedeco/llvm/linux-x86_64/libLLVM-13.so
7f7787a6a000-7f7787f7f000 r--p 0653d000 08:05 1461981                    /home/qutx/.javacpp/cache/llvm-13.0.1-1.5.7-linux-x86_64.jar/org/bytedeco/llvm/linux-x86_64/libLLVM-13.so
7f7787f7f000-7f7787f8a000 rw-p 06a52000 08:05 1461981                    /home/qutx/.javacpp/cache/llvm-13.0.1-1.5.7-linux-x86_64.jar/org/bytedeco/llvm/linux-x86_64/libLLVM-13.so
7f7787f8a000-7f7788000000 rw-p 00000000 00:00 0 
7f7788000000-7f7788021000 rw-p 00000000 00:00 0 
7f7788021000-7f778c000000 ---p 00000000 00:00 0 
7f778c000000-7f778c021000 rw-p 00000000 00:00 0 
7f778c021000-7f7790000000 ---p 00000000 00:00 0 
7f7790000000-7f7790332000 rw-p 00000000 00:00 0 
7f7790332000-7f7794000000 ---p 00000000 00:00 0 
7f7794000000-7f77943fc000 rw-p 00000000 00:00 0 
7f77943fc000-7f7798000000 ---p 00000000 00:00 0 
7f7798000000-7f7798021000 rw-p 00000000 00:00 0 
7f7798021000-7f779c000000 ---p 00000000 00:00 0 
7f779c000000-7f779c021000 rw-p 00000000 00:00 0 
7f779c021000-7f77a0000000 ---p 00000000 00:00 0 
7f77a0000000-7f77a0021000 rw-p 00000000 00:00 0 
7f77a0021000-7f77a4000000 ---p 00000000 00:00 0 
7f77a4000000-7f77a4021000 rw-p 00000000 00:00 0 
7f77a4021000-7f77a8000000 ---p 00000000 00:00 0 
7f77a8000000-7f77a8021000 rw-p 00000000 00:00 0 
7f77a8021000-7f77ac000000 ---p 00000000 00:00 0 
7f77ac000000-7f77ac021000 rw-p 00000000 00:00 0 
7f77ac021000-7f77b0000000 ---p 00000000 00:00 0 
7f77b2617000-7f77b267c000 r--p 00000000 08:05 1461986                    /home/qutx/.javacpp/cache/llvm-13.0.1-1.5.7-linux-x86_64.jar/org/bytedeco/llvm/linux-x86_64/libjniLLVM.so
7f77b267c000-7f77b26ea000 r-xp 00065000 08:05 1461986                    /home/qutx/.javacpp/cache/llvm-13.0.1-1.5.7-linux-x86_64.jar/org/bytedeco/llvm/linux-x86_64/libjniLLVM.so
7f77b26ea000-7f77b2715000 r--p 000d3000 08:05 1461986                    /home/qutx/.javacpp/cache/llvm-13.0.1-1.5.7-linux-x86_64.jar/org/bytedeco/llvm/linux-x86_64/libjniLLVM.so
7f77b2715000-7f77b2718000 r--p 000fd000 08:05 1461986                    /home/qutx/.javacpp/cache/llvm-13.0.1-1.5.7-linux-x86_64.jar/org/bytedeco/llvm/linux-x86_64/libjniLLVM.so
7f77b2718000-7f77b271b000 rw-p 00100000 08:05 1461986                    /home/qutx/.javacpp/cache/llvm-13.0.1-1.5.7-linux-x86_64.jar/org/bytedeco/llvm/linux-x86_64/libjniLLVM.so
7f77b271b000-7f77b271d000 rw-p 00000000 00:00 0 
7f77b271d000-7f77b2721000 ---p 00000000 00:00 0 
7f77b2721000-7f77b281e000 rw-p 00000000 00:00 0 
7f77b281e000-7f77b281f000 ---p 00000000 00:00 0 
7f77b281f000-7f77b2920000 rw-p 00000000 00:00 0 
7f77b2920000-7f77b2921000 ---p 00000000 00:00 0 
7f77b2921000-7f77b2a22000 rw-p 00000000 00:00 0 
7f77b2a22000-7f77b3800000 r--p 00000000 08:05 922866                     /usr/lib/locale/locale-archive
7f77b3800000-7f77b3e00000 rw-p 00000000 00:00 0 
7f77b3e00000-7f77b4000000 ---p 00000000 00:00 0 
7f77b4000000-7f77b4021000 rw-p 00000000 00:00 0 
7f77b4021000-7f77b8000000 ---p 00000000 00:00 0 
7f77b8000000-7f77b8021000 rw-p 00000000 00:00 0 
7f77b8021000-7f77bc000000 ---p 00000000 00:00 0 
7f77bc000000-7f77bc021000 rw-p 00000000 00:00 0 
7f77bc021000-7f77c0000000 ---p 00000000 00:00 0 
7f77c008f000-7f77c0093000 ---p 00000000 00:00 0 
7f77c0093000-7f77c2288000 rw-p 00000000 00:00 0 
7f77c2288000-7f77c30c0000 ---p 00000000 00:00 0 
7f77c30c0000-7f77c31c0000 rw-p 00000000 00:00 0 
7f77c31c0000-7f77c3ff8000 ---p 00000000 00:00 0 
7f77c3ff8000-7f77c4000000 rw-p 00000000 00:00 0 
7f77c4000000-7f77c4021000 rw-p 00000000 00:00 0 
7f77c4021000-7f77c8000000 ---p 00000000 00:00 0 
7f77c80ee000-7f77c80f2000 ---p 00000000 00:00 0 
7f77c80f2000-7f77c81ef000 rw-p 00000000 00:00 0 
7f77c81ef000-7f77c81f3000 ---p 00000000 00:00 0 
7f77c81f3000-7f77c82f0000 rw-p 00000000 00:00 0 
7f77c82f0000-7f77c82f4000 ---p 00000000 00:00 0 
7f77c82f4000-7f77c83f1000 rw-p 00000000 00:00 0 
7f77c83f1000-7f77c83f5000 ---p 00000000 00:00 0 
7f77c83f5000-7f77c84f2000 rw-p 00000000 00:00 0 
7f77c84f2000-7f77c84f6000 ---p 00000000 00:00 0 
7f77c84f6000-7f77c85f3000 rw-p 00000000 00:00 0 
7f77c85f3000-7f77c85f7000 ---p 00000000 00:00 0 
7f77c85f7000-7f77c86f4000 rw-p 00000000 00:00 0 
7f77c86f4000-7f77c86f8000 ---p 00000000 00:00 0 
7f77c86f8000-7f77c87f5000 rw-p 00000000 00:00 0 
7f77c87f5000-7f77c8a65000 rwxp 00000000 00:00 0 
7f77c8a65000-7f77c8d84000 ---p 00000000 00:00 0 
7f77c8d84000-7f77c8ff4000 rwxp 00000000 00:00 0 
7f77c8ff4000-7f77d02bc000 ---p 00000000 00:00 0 
7f77d02bc000-7f77d052c000 rwxp 00000000 00:00 0 
7f77d052c000-7f77d77f5000 ---p 00000000 00:00 0 
7f77d77f5000-7f77e0000000 r--s 00000000 08:05 922125                     /usr/lib/jvm/java-11-openjdk-amd64/lib/modules
7f77e0000000-7f77e03a6000 rw-p 00000000 00:00 0 
7f77e03a6000-7f77e4000000 ---p 00000000 00:00 0 
7f77e405d000-7f77e4064000 r--s 00000000 08:05 1447316                    /usr/lib/x86_64-linux-gnu/gconv/gconv-modules.cache
7f77e4064000-7f77e4065000 r--p 00000000 08:05 1461984                    /home/qutx/.javacpp/cache/llvm-13.0.1-1.5.7-linux-x86_64.jar/org/bytedeco/llvm/linux-x86_64/libRemarks.so.13
7f77e4065000-7f77e4066000 r-xp 00001000 08:05 1461984                    /home/qutx/.javacpp/cache/llvm-13.0.1-1.5.7-linux-x86_64.jar/org/bytedeco/llvm/linux-x86_64/libRemarks.so.13
7f77e4066000-7f77e4067000 r--p 00002000 08:05 1461984                    /home/qutx/.javacpp/cache/llvm-13.0.1-1.5.7-linux-x86_64.jar/org/bytedeco/llvm/linux-x86_64/libRemarks.so.13
7f77e4067000-7f77e4068000 r--p 00002000 08:05 1461984                    /home/qutx/.javacpp/cache/llvm-13.0.1-1.5.7-linux-x86_64.jar/org/bytedeco/llvm/linux-x86_64/libRemarks.so.13
7f77e4068000-7f77e4069000 rw-p 00003000 08:05 1461984                    /home/qutx/.javacpp/cache/llvm-13.0.1-1.5.7-linux-x86_64.jar/org/bytedeco/llvm/linux-x86_64/libRemarks.so.13
7f77e4069000-7f77e4070000 r--p 00000000 08:05 1461982                    /home/qutx/.javacpp/cache/llvm-13.0.1-1.5.7-linux-x86_64.jar/org/bytedeco/llvm/linux-x86_64/libLTO.so.13
7f77e4070000-7f77e4078000 r-xp 00007000 08:05 1461982                    /home/qutx/.javacpp/cache/llvm-13.0.1-1.5.7-linux-x86_64.jar/org/bytedeco/llvm/linux-x86_64/libLTO.so.13
7f77e4078000-7f77e407a000 r--p 0000f000 08:05 1461982                    /home/qutx/.javacpp/cache/llvm-13.0.1-1.5.7-linux-x86_64.jar/org/bytedeco/llvm/linux-x86_64/libLTO.so.13
7f77e407a000-7f77e407b000 r--p 00010000 08:05 1461982                    /home/qutx/.javacpp/cache/llvm-13.0.1-1.5.7-linux-x86_64.jar/org/bytedeco/llvm/linux-x86_64/libLTO.so.13
7f77e407b000-7f77e407c000 rw-p 00011000 08:05 1461982                    /home/qutx/.javacpp/cache/llvm-13.0.1-1.5.7-linux-x86_64.jar/org/bytedeco/llvm/linux-x86_64/libLTO.so.13
7f77e407c000-7f77e4080000 r--p 00000000 08:05 1461975                    /home/qutx/.javacpp/cache/javacpp-1.5.7-linux-x86_64.jar/org/bytedeco/javacpp/linux-x86_64/libjnijavacpp.so
7f77e4080000-7f77e4087000 r-xp 00004000 08:05 1461975                    /home/qutx/.javacpp/cache/javacpp-1.5.7-linux-x86_64.jar/org/bytedeco/javacpp/linux-x86_64/libjnijavacpp.so
7f77e4087000-7f77e408b000 r--p 0000b000 08:05 1461975                    /home/qutx/.javacpp/cache/javacpp-1.5.7-linux-x86_64.jar/org/bytedeco/javacpp/linux-x86_64/libjnijavacpp.so
7f77e408b000-7f77e408c000 r--p 0000e000 08:05 1461975                    /home/qutx/.javacpp/cache/javacpp-1.5.7-linux-x86_64.jar/org/bytedeco/javacpp/linux-x86_64/libjnijavacpp.so
7f77e408c000-7f77e408d000 rw-p 0000f000 08:05 1461975                    /home/qutx/.javacpp/cache/javacpp-1.5.7-linux-x86_64.jar/org/bytedeco/javacpp/linux-x86_64/libjnijavacpp.so
7f77e408d000-7f77e408e000 r--p 00000000 08:05 922097                     /usr/lib/jvm/java-11-openjdk-amd64/lib/libextnet.so
7f77e408e000-7f77e408f000 r-xp 00001000 08:05 922097                     /usr/lib/jvm/java-11-openjdk-amd64/lib/libextnet.so
7f77e408f000-7f77e4090000 r--p 00002000 08:05 922097                     /usr/lib/jvm/java-11-openjdk-amd64/lib/libextnet.so
7f77e4090000-7f77e4091000 r--p 00002000 08:05 922097                     /usr/lib/jvm/java-11-openjdk-amd64/lib/libextnet.so
7f77e4091000-7f77e4092000 rw-p 00003000 08:05 922097                     /usr/lib/jvm/java-11-openjdk-amd64/lib/libextnet.so
7f77e4092000-7f77e4096000 r--p 00000000 08:05 922115                     /usr/lib/jvm/java-11-openjdk-amd64/lib/libnet.so
7f77e4096000-7f77e40a4000 r-xp 00004000 08:05 922115                     /usr/lib/jvm/java-11-openjdk-amd64/lib/libnet.so
7f77e40a4000-7f77e40a8000 r--p 00012000 08:05 922115                     /usr/lib/jvm/java-11-openjdk-amd64/lib/libnet.so
7f77e40a8000-7f77e40a9000 r--p 00015000 08:05 922115                     /usr/lib/jvm/java-11-openjdk-amd64/lib/libnet.so
7f77e40a9000-7f77e40aa000 rw-p 00016000 08:05 922115                     /usr/lib/jvm/java-11-openjdk-amd64/lib/libnet.so
7f77e40aa000-7f77e40b1000 r--p 00000000 08:05 922116                     /usr/lib/jvm/java-11-openjdk-amd64/lib/libnio.so
7f77e40b1000-7f77e40b9000 r-xp 00007000 08:05 922116                     /usr/lib/jvm/java-11-openjdk-amd64/lib/libnio.so
7f77e40b9000-7f77e40bc000 r--p 0000f000 08:05 922116                     /usr/lib/jvm/java-11-openjdk-amd64/lib/libnio.so
7f77e40bc000-7f77e40bd000 r--p 00011000 08:05 922116                     /usr/lib/jvm/java-11-openjdk-amd64/lib/libnio.so
7f77e40bd000-7f77e40be000 rw-p 00012000 08:05 922116                     /usr/lib/jvm/java-11-openjdk-amd64/lib/libnio.so
7f77e40be000-7f77e40c2000 ---p 00000000 00:00 0 
7f77e40c2000-7f77e41bf000 rw-p 00000000 00:00 0 
7f77e41bf000-7f77e41c0000 ---p 00000000 00:00 0 
7f77e41c0000-7f77e439d000 rw-p 00000000 00:00 0 
7f77e439d000-7f77e439e000 ---p 00000000 00:00 0 
7f77e439e000-7f77e449f000 rw-p 00000000 00:00 0 
7f77e449f000-7f77e44a0000 ---p 00000000 00:00 0 
7f77e44a0000-7f77e47a3000 rw-p 00000000 00:00 0 
7f77e47a3000-7f77e47a4000 ---p 00000000 00:00 0 
7f77e47a4000-7f77e48a5000 rw-p 00000000 00:00 0 
7f77e48a5000-7f77e48a6000 ---p 00000000 00:00 0 
7f77e48a6000-7f77e49e7000 rw-p 00000000 00:00 0 
7f77e49e7000-7f77e4bae000 ---p 00000000 00:00 0 
7f77e4bae000-7f77e4bce000 rw-p 00000000 00:00 0 
7f77e4bce000-7f77e4d95000 ---p 00000000 00:00 0 
7f77e4d95000-7f77e4db5000 rw-p 00000000 00:00 0 
7f77e4db5000-7f77e4f7c000 ---p 00000000 00:00 0 
7f77e4f7c000-7f77e517f000 rw-p 00000000 00:00 0 
7f77e517f000-7f77e5180000 ---p 00000000 00:00 0 
7f77e5180000-7f77e5286000 rw-p 00000000 00:00 0 
7f77e5286000-7f77e536c000 ---p 00000000 00:00 0 
7f77e536c000-7f77e5371000 rw-p 00000000 00:00 0 
7f77e5371000-7f77e5457000 ---p 00000000 00:00 0 
7f77e5457000-7f77e545c000 rw-p 00000000 00:00 0 
7f77e545c000-7f77e5463000 ---p 00000000 00:00 0 
7f77e5463000-7f77e5466000 r--p 00000000 08:05 924341                     /usr/lib/x86_64-linux-gnu/libnss_files-2.31.so
7f77e5466000-7f77e546d000 r-xp 00003000 08:05 924341                     /usr/lib/x86_64-linux-gnu/libnss_files-2.31.so
7f77e546d000-7f77e546f000 r--p 0000a000 08:05 924341                     /usr/lib/x86_64-linux-gnu/libnss_files-2.31.so
7f77e546f000-7f77e5470000 r--p 0000b000 08:05 924341                     /usr/lib/x86_64-linux-gnu/libnss_files-2.31.so
7f77e5470000-7f77e5471000 rw-p 0000c000 08:05 924341                     /usr/lib/x86_64-linux-gnu/libnss_files-2.31.so
7f77e5471000-7f77e5477000 rw-p 00000000 00:00 0 
7f77e5477000-7f77e5479000 r--p 00000000 08:05 922124                     /usr/lib/jvm/java-11-openjdk-amd64/lib/libzip.so
7f77e5479000-7f77e547e000 r-xp 00002000 08:05 922124                     /usr/lib/jvm/java-11-openjdk-amd64/lib/libzip.so
7f77e547e000-7f77e5480000 r--p 00007000 08:05 922124                     /usr/lib/jvm/java-11-openjdk-amd64/lib/libzip.so
7f77e5480000-7f77e5481000 r--p 00008000 08:05 922124                     /usr/lib/jvm/java-11-openjdk-amd64/lib/libzip.so
7f77e5481000-7f77e5482000 rw-p 00009000 08:05 922124                     /usr/lib/jvm/java-11-openjdk-amd64/lib/libzip.so
7f77e5482000-7f77e548a000 rw-s 00000000 08:05 2362819                    /tmp/hsperfdata_qutx/19879
7f77e548a000-7f77e548c000 r--p 00000000 08:05 922099                     /usr/lib/jvm/java-11-openjdk-amd64/lib/libinstrument.so
7f77e548c000-7f77e5492000 r-xp 00002000 08:05 922099                     /usr/lib/jvm/java-11-openjdk-amd64/lib/libinstrument.so
7f77e5492000-7f77e5495000 r--p 00008000 08:05 922099                     /usr/lib/jvm/java-11-openjdk-amd64/lib/libinstrument.so
7f77e5495000-7f77e5496000 r--p 0000a000 08:05 922099                     /usr/lib/jvm/java-11-openjdk-amd64/lib/libinstrument.so
7f77e5496000-7f77e5497000 rw-p 0000b000 08:05 922099                     /usr/lib/jvm/java-11-openjdk-amd64/lib/libinstrument.so
7f77e5497000-7f77e5498000 ---p 00000000 00:00 0 
7f77e5498000-7f77e5499000 r--p 00000000 00:00 0 
7f77e5499000-7f77e549b000 r--p 00000000 08:05 922107                     /usr/lib/jvm/java-11-openjdk-amd64/lib/libjimage.so
7f77e549b000-7f77e549e000 r-xp 00002000 08:05 922107                     /usr/lib/jvm/java-11-openjdk-amd64/lib/libjimage.so
7f77e549e000-7f77e549f000 r--p 00005000 08:05 922107                     /usr/lib/jvm/java-11-openjdk-amd64/lib/libjimage.so
7f77e549f000-7f77e54a0000 ---p 00006000 08:05 922107                     /usr/lib/jvm/java-11-openjdk-amd64/lib/libjimage.so
7f77e54a0000-7f77e54a1000 r--p 00006000 08:05 922107                     /usr/lib/jvm/java-11-openjdk-amd64/lib/libjimage.so
7f77e54a1000-7f77e54a2000 rw-p 00007000 08:05 922107                     /usr/lib/jvm/java-11-openjdk-amd64/lib/libjimage.so
7f77e54a2000-7f77e54b0000 r--p 00000000 08:05 922104                     /usr/lib/jvm/java-11-openjdk-amd64/lib/libjava.so
7f77e54b0000-7f77e54c6000 r-xp 0000e000 08:05 922104                     /usr/lib/jvm/java-11-openjdk-amd64/lib/libjava.so
7f77e54c6000-7f77e54cd000 r--p 00024000 08:05 922104                     /usr/lib/jvm/java-11-openjdk-amd64/lib/libjava.so
7f77e54cd000-7f77e54ce000 r--p 0002a000 08:05 922104                     /usr/lib/jvm/java-11-openjdk-amd64/lib/libjava.so
7f77e54ce000-7f77e54cf000 rw-p 0002b000 08:05 922104                     /usr/lib/jvm/java-11-openjdk-amd64/lib/libjava.so
7f77e54cf000-7f77e54d0000 rw-p 00000000 00:00 0 
7f77e54d0000-7f77e54d2000 r--p 00000000 08:05 924550                     /usr/lib/x86_64-linux-gnu/librt-2.31.so
7f77e54d2000-7f77e54d6000 r-xp 00002000 08:05 924550                     /usr/lib/x86_64-linux-gnu/librt-2.31.so
7f77e54d6000-7f77e54d8000 r--p 00006000 08:05 924550                     /usr/lib/x86_64-linux-gnu/librt-2.31.so
7f77e54d8000-7f77e54d9000 r--p 00007000 08:05 924550                     /usr/lib/x86_64-linux-gnu/librt-2.31.so
7f77e54d9000-7f77e54da000 rw-p 00008000 08:05 924550                     /usr/lib/x86_64-linux-gnu/librt-2.31.so
7f77e54da000-7f77e54de000 ---p 00000000 00:00 0 
7f77e54de000-7f77e55db000 rw-p 00000000 00:00 0 
7f77e55db000-7f77e55de000 r--p 00000000 08:05 923854                     /usr/lib/x86_64-linux-gnu/libgcc_s.so.1
7f77e55de000-7f77e55f0000 r-xp 00003000 08:05 923854                     /usr/lib/x86_64-linux-gnu/libgcc_s.so.1
7f77e55f0000-7f77e55f4000 r--p 00015000 08:05 923854                     /usr/lib/x86_64-linux-gnu/libgcc_s.so.1
7f77e55f4000-7f77e55f5000 r--p 00018000 08:05 923854                     /usr/lib/x86_64-linux-gnu/libgcc_s.so.1
7f77e55f5000-7f77e55f6000 rw-p 00019000 08:05 923854                     /usr/lib/x86_64-linux-gnu/libgcc_s.so.1
7f77e55f6000-7f77e5603000 r--p 00000000 08:05 924215                     /usr/lib/x86_64-linux-gnu/libm-2.31.so
7f77e5603000-7f77e56aa000 r-xp 0000d000 08:05 924215                     /usr/lib/x86_64-linux-gnu/libm-2.31.so
7f77e56aa000-7f77e5743000 r--p 000b4000 08:05 924215                     /usr/lib/x86_64-linux-gnu/libm-2.31.so
7f77e5743000-7f77e5744000 r--p 0014c000 08:05 924215                     /usr/lib/x86_64-linux-gnu/libm-2.31.so
7f77e5744000-7f77e5745000 rw-p 0014d000 08:05 924215                     /usr/lib/x86_64-linux-gnu/libm-2.31.so
7f77e5745000-7f77e57db000 r--p 00000000 08:05 924659                     /usr/lib/x86_64-linux-gnu/libstdc++.so.6.0.28
7f77e57db000-7f77e58cc000 r-xp 00096000 08:05 924659                     /usr/lib/x86_64-linux-gnu/libstdc++.so.6.0.28
7f77e58cc000-7f77e5915000 r--p 00187000 08:05 924659                     /usr/lib/x86_64-linux-gnu/libstdc++.so.6.0.28
7f77e5915000-7f77e5916000 ---p 001d0000 08:05 924659                     /usr/lib/x86_64-linux-gnu/libstdc++.so.6.0.28
7f77e5916000-7f77e5921000 r--p 001d0000 08:05 924659                     /usr/lib/x86_64-linux-gnu/libstdc++.so.6.0.28
7f77e5921000-7f77e5924000 rw-p 001db000 08:05 924659                     /usr/lib/x86_64-linux-gnu/libstdc++.so.6.0.28
7f77e5924000-7f77e5927000 rw-p 00000000 00:00 0 
7f77e5927000-7f77e5ba9000 r--p 00000000 08:05 922128                     /usr/lib/jvm/java-11-openjdk-amd64/lib/server/libjvm.so
7f77e5ba9000-7f77e683a000 r-xp 00282000 08:05 922128                     /usr/lib/jvm/java-11-openjdk-amd64/lib/server/libjvm.so
7f77e683a000-7f77e6a99000 r--p 00f13000 08:05 922128                     /usr/lib/jvm/java-11-openjdk-amd64/lib/server/libjvm.so
7f77e6a99000-7f77e6b5d000 r--p 01171000 08:05 922128                     /usr/lib/jvm/java-11-openjdk-amd64/lib/server/libjvm.so
7f77e6b5d000-7f77e6b98000 rw-p 01235000 08:05 922128                     /usr/lib/jvm/java-11-openjdk-amd64/lib/server/libjvm.so
7f77e6b98000-7f77e6bf1000 rw-p 00000000 00:00 0 
7f77e6bf1000-7f77e6bf7000 r--p 00000000 08:05 924485                     /usr/lib/x86_64-linux-gnu/libpthread-2.31.so
7f77e6bf7000-7f77e6c08000 r-xp 00006000 08:05 924485                     /usr/lib/x86_64-linux-gnu/libpthread-2.31.so
7f77e6c08000-7f77e6c0e000 r--p 00017000 08:05 924485                     /usr/lib/x86_64-linux-gnu/libpthread-2.31.so
7f77e6c0e000-7f77e6c0f000 r--p 0001c000 08:05 924485                     /usr/lib/x86_64-linux-gnu/libpthread-2.31.so
7f77e6c0f000-7f77e6c10000 rw-p 0001d000 08:05 924485                     /usr/lib/x86_64-linux-gnu/libpthread-2.31.so
7f77e6c10000-7f77e6c14000 rw-p 00000000 00:00 0 
7f77e6c14000-7f77e6c15000 r--p 00000000 08:05 923700                     /usr/lib/x86_64-linux-gnu/libdl-2.31.so
7f77e6c15000-7f77e6c17000 r-xp 00001000 08:05 923700                     /usr/lib/x86_64-linux-gnu/libdl-2.31.so
7f77e6c17000-7f77e6c18000 r--p 00003000 08:05 923700                     /usr/lib/x86_64-linux-gnu/libdl-2.31.so
7f77e6c18000-7f77e6c19000 r--p 00003000 08:05 923700                     /usr/lib/x86_64-linux-gnu/libdl-2.31.so
7f77e6c19000-7f77e6c1a000 rw-p 00004000 08:05 923700                     /usr/lib/x86_64-linux-gnu/libdl-2.31.so
7f77e6c1a000-7f77e6c1c000 r--p 00000000 08:05 923674                     /usr/lib/x86_64-linux-gnu/libz.so.1.2.11
7f77e6c1c000-7f77e6c2d000 r-xp 00002000 08:05 923674                     /usr/lib/x86_64-linux-gnu/libz.so.1.2.11
7f77e6c2d000-7f77e6c33000 r--p 00013000 08:05 923674                     /usr/lib/x86_64-linux-gnu/libz.so.1.2.11
7f77e6c33000-7f77e6c34000 ---p 00019000 08:05 923674                     /usr/lib/x86_64-linux-gnu/libz.so.1.2.11
7f77e6c34000-7f77e6c35000 r--p 00019000 08:05 923674                     /usr/lib/x86_64-linux-gnu/libz.so.1.2.11
7f77e6c35000-7f77e6c36000 rw-p 0001a000 08:05 923674                     /usr/lib/x86_64-linux-gnu/libz.so.1.2.11
7f77e6c36000-7f77e6c58000 r--p 00000000 08:05 923557                     /usr/lib/x86_64-linux-gnu/libc-2.31.so
7f77e6c58000-7f77e6dd0000 r-xp 00022000 08:05 923557                     /usr/lib/x86_64-linux-gnu/libc-2.31.so
7f77e6dd0000-7f77e6e1e000 r--p 0019a000 08:05 923557                     /usr/lib/x86_64-linux-gnu/libc-2.31.so
7f77e6e1e000-7f77e6e22000 r--p 001e7000 08:05 923557                     /usr/lib/x86_64-linux-gnu/libc-2.31.so
7f77e6e22000-7f77e6e24000 rw-p 001eb000 08:05 923557                     /usr/lib/x86_64-linux-gnu/libc-2.31.so
7f77e6e24000-7f77e6e28000 rw-p 00000000 00:00 0 
7f77e6e29000-7f77e6e2e000 r--p 00000000 08:05 922123                     /usr/lib/jvm/java-11-openjdk-amd64/lib/libverify.so
7f77e6e2e000-7f77e6e35000 r-xp 00005000 08:05 922123                     /usr/lib/jvm/java-11-openjdk-amd64/lib/libverify.so
7f77e6e35000-7f77e6e37000 r--p 0000c000 08:05 922123                     /usr/lib/jvm/java-11-openjdk-amd64/lib/libverify.so
7f77e6e37000-7f77e6e38000 ---p 0000e000 08:05 922123                     /usr/lib/jvm/java-11-openjdk-amd64/lib/libverify.so
7f77e6e38000-7f77e6e3a000 r--p 0000e000 08:05 922123                     /usr/lib/jvm/java-11-openjdk-amd64/lib/libverify.so
7f77e6e3a000-7f77e6e3b000 rw-p 00010000 08:05 922123                     /usr/lib/jvm/java-11-openjdk-amd64/lib/libverify.so
7f77e6e3b000-7f77e6e3e000 r--p 00000000 08:05 922089                     /usr/lib/jvm/java-11-openjdk-amd64/lib/jli/libjli.so
7f77e6e3e000-7f77e6e48000 r-xp 00003000 08:05 922089                     /usr/lib/jvm/java-11-openjdk-amd64/lib/jli/libjli.so
7f77e6e48000-7f77e6e4b000 r--p 0000d000 08:05 922089                     /usr/lib/jvm/java-11-openjdk-amd64/lib/jli/libjli.so
7f77e6e4b000-7f77e6e4c000 ---p 00010000 08:05 922089                     /usr/lib/jvm/java-11-openjdk-amd64/lib/jli/libjli.so
7f77e6e4c000-7f77e6e4d000 r--p 00010000 08:05 922089                     /usr/lib/jvm/java-11-openjdk-amd64/lib/jli/libjli.so
7f77e6e4d000-7f77e6e4e000 rw-p 00011000 08:05 922089                     /usr/lib/jvm/java-11-openjdk-amd64/lib/jli/libjli.so
7f77e6e4e000-7f77e6e50000 rw-p 00000000 00:00 0 
7f77e6e50000-7f77e6e51000 r--p 00000000 08:05 923337                     /usr/lib/x86_64-linux-gnu/ld-2.31.so
7f77e6e51000-7f77e6e74000 r-xp 00001000 08:05 923337                     /usr/lib/x86_64-linux-gnu/ld-2.31.so
7f77e6e74000-7f77e6e7c000 r--p 00024000 08:05 923337                     /usr/lib/x86_64-linux-gnu/ld-2.31.so
7f77e6e7d000-7f77e6e7e000 r--p 0002c000 08:05 923337                     /usr/lib/x86_64-linux-gnu/ld-2.31.so
7f77e6e7e000-7f77e6e7f000 rw-p 0002d000 08:05 923337                     /usr/lib/x86_64-linux-gnu/ld-2.31.so
7f77e6e7f000-7f77e6e80000 rw-p 00000000 00:00 0 
7ffda2e10000-7ffda2e31000 rw-p 00000000 00:00 0                          [stack]
7ffda2f1f000-7ffda2f23000 r--p 00000000 00:00 0                          [vvar]
7ffda2f23000-7ffda2f25000 r-xp 00000000 00:00 0                          [vdso]
ffffffffff600000-ffffffffff601000 --xp 00000000 00:00 0                  [vsyscall]


VM Arguments:
jvm_args: -javaagent:/opt/idea-IC-223.8617.56/lib/idea_rt.jar=37761:/opt/idea-IC-223.8617.56/bin -Dfile.encoding=UTF-8 
java_command: Main tests/test1.sysy
java_class_path (initial): /home/qutx/Desktop/study/compile/Lab/out/production/Lab:/usr/local/lib/antlr-4.9.1-complete.jar:/usr/local/lib/javacpp-1.5.7-linux-x86_64.jar:/usr/local/lib/javacpp-1.5.7.jar:/usr/local/lib/llvm-13.0.1-1.5.7-linux-x86_64.jar:/usr/local/lib/llvm-13.0.1-1.5.7.jar:/usr/local/lib/llvm-platform-13.0.1-1.5.7.jar:/home/qutx/Desktop/study/compile/Lab
Launcher Type: SUN_STANDARD

[Global flags]
     intx CICompilerCount                          = 2                                         {product} {ergonomic}
     uint ConcGCThreads                            = 1                                         {product} {ergonomic}
     uint G1ConcRefinementThreads                  = 2                                         {product} {ergonomic}
   size_t G1HeapRegionSize                         = 1048576                                   {product} {ergonomic}
    uintx GCDrainStackTargetSize                   = 64                                        {product} {ergonomic}
   size_t InitialHeapSize                          = 65011712                                  {product} {ergonomic}
   size_t MarkStackSize                            = 4194304                                   {product} {ergonomic}
   size_t MaxHeapSize                              = 1021313024                                {product} {ergonomic}
   size_t MaxNewSize                               = 612368384                                 {product} {ergonomic}
   size_t MinHeapDeltaBytes                        = 1048576                                   {product} {ergonomic}
    uintx NonNMethodCodeHeapSize                   = 5825164                                {pd product} {ergonomic}
    uintx NonProfiledCodeHeapSize                  = 122916538                              {pd product} {ergonomic}
    uintx ProfiledCodeHeapSize                     = 122916538                              {pd product} {ergonomic}
    uintx ReservedCodeCacheSize                    = 251658240                              {pd product} {ergonomic}
     bool SegmentedCodeCache                       = true                                      {product} {ergonomic}
     bool UseCompressedClassPointers               = true                                 {lp64_product} {ergonomic}
     bool UseCompressedOops                        = true                                 {lp64_product} {ergonomic}
     bool UseG1GC                                  = true                                      {product} {ergonomic}

Logging:
Log output configuration:
 #0: stdout all=warning uptime,level,tags
 #1: stderr all=off uptime,level,tags

Environment Variables:
JAVA_HOME=/opt/jdk-19.0.2
PATH=/opt/idea-IC-223.8617.56/bin:/opt/jdk-19.0.2/bin:/usr/local/sbin:/usr/local/bin:/usr/sbin:/usr/bin:/sbin:/bin:/usr/games:/usr/local/games:/snap/bin
USERNAME=qutx
SHELL=/bin/bash
DISPLAY=:0
LANG=en_US.UTF-8
LC_NUMERIC=zh_CN.UTF-8
LC_TIME=zh_CN.UTF-8
TERM=xterm-256color

Signal Handlers:
SIGSEGV: [libjvm.so+0xe9f840], sa_mask[0]=11111111011111111101111111111110, sa_flags=SA_RESTART|SA_SIGINFO
SIGBUS: [libjvm.so+0xe9f840], sa_mask[0]=11111111011111111101111111111110, sa_flags=SA_RESTART|SA_SIGINFO
SIGFPE: [libjvm.so+0xe9f840], sa_mask[0]=11111111011111111101111111111110, sa_flags=SA_RESTART|SA_SIGINFO
SIGPIPE: [libjvm.so+0xbe53b0], sa_mask[0]=11111111011111111101111111111110, sa_flags=SA_RESTART|SA_SIGINFO
SIGXFSZ: [libjvm.so+0xbe53b0], sa_mask[0]=11111111011111111101111111111110, sa_flags=SA_RESTART|SA_SIGINFO
SIGILL: [libjvm.so+0xe9f840], sa_mask[0]=11111111011111111101111111111110, sa_flags=SA_RESTART|SA_SIGINFO
SIGUSR2: [libjvm.so+0xbe5250], sa_mask[0]=00100000000000000000000000000000, sa_flags=SA_RESTART|SA_SIGINFO
SIGHUP: [libjvm.so+0xbe5900], sa_mask[0]=11111111011111111101111111111110, sa_flags=SA_RESTART|SA_SIGINFO
SIGINT: [libjvm.so+0xbe5900], sa_mask[0]=11111111011111111101111111111110, sa_flags=SA_RESTART|SA_SIGINFO
SIGTERM: [libjvm.so+0xbe5900], sa_mask[0]=11111111011111111101111111111110, sa_flags=SA_RESTART|SA_SIGINFO
SIGQUIT: [libjvm.so+0xbe5900], sa_mask[0]=11111111011111111101111111111110, sa_flags=SA_RESTART|SA_SIGINFO


---------------  S Y S T E M  ---------------

OS:DISTRIB_ID=Ubuntu
DISTRIB_RELEASE=20.04
DISTRIB_CODENAME=focal
DISTRIB_DESCRIPTION="Ubuntu 20.04.6 LTS"
uname:Linux 5.15.0-71-generic #78~20.04.1-Ubuntu SMP Wed Apr 19 11:26:48 UTC 2023 x86_64
OS uptime: 0 days 1:07 hours
libc:glibc 2.31 NPTL 2.31 
rlimit (soft/hard): STACK 8192k/infinity , CORE 0k/infinity , NPROC 15242/15242 , NOFILE 1048576/1048576 , AS infinity/infinity , CPU infinity/infinity , DATA infinity/infinity , FSIZE infinity/infinity , MEMLOCK 65536k/65536k
load average:7.02 2.48 1.15

/proc/meminfo:
MemTotal:        3983204 kB
MemFree:          192400 kB
MemAvailable:     733120 kB
Buffers:           41640 kB
Cached:           652984 kB
SwapCached:        25376 kB
Active:          1082876 kB
Inactive:        2167496 kB
Active(anon):     724724 kB
Inactive(anon):  1832452 kB
Active(file):     358152 kB
Inactive(file):   335044 kB
Unevictable:           0 kB
Mlocked:               0 kB
SwapTotal:       2097148 kB
SwapFree:        1341864 kB
Dirty:             21064 kB
Writeback:             0 kB
AnonPages:       2539560 kB
Mapped:           176740 kB
Shmem:              2080 kB
KReclaimable:     103648 kB
Slab:             201716 kB
SReclaimable:     103648 kB
SUnreclaim:        98068 kB
KernelStack:       13088 kB
PageTables:        23124 kB
NFS_Unstable:          0 kB
Bounce:                0 kB
WritebackTmp:          0 kB
CommitLimit:     4088748 kB
Committed_AS:    6431376 kB
VmallocTotal:   34359738367 kB
VmallocUsed:       72528 kB
VmallocChunk:          0 kB
Percpu:           104448 kB
HardwareCorrupted:     0 kB
AnonHugePages:         0 kB
ShmemHugePages:        0 kB
ShmemPmdMapped:        0 kB
FileHugePages:         0 kB
FilePmdMapped:         0 kB
HugePages_Total:       0
HugePages_Free:        0
HugePages_Rsvd:        0
HugePages_Surp:        0
Hugepagesize:       2048 kB
Hugetlb:               0 kB
DirectMap4k:      321344 kB
DirectMap2M:     3872768 kB
DirectMap1G:     2097152 kB

/sys/kernel/mm/transparent_hugepage/enabled:
always [madvise] never
/sys/kernel/mm/transparent_hugepage/defrag (defrag/compaction efforts parameter):
always defer defer+madvise [madvise] never

Process Memory:
Virtual Size: 3680692K (peak: 12380444K)
Resident Set Size: 94588K (peak: 94588K) (anon: 37192K, file: 57396K, shmem: 0K)
Swapped out: 0K
C-Heap outstanding allocations: 15460K, retained: 2487K
glibc malloc tunables: (default)

/proc/sys/kernel/threads-max (system-wide limit on the number of threads):
30485
/proc/sys/vm/max_map_count (maximum number of memory map areas a process may have):
65530
/proc/sys/kernel/pid_max (system-wide limit on number of process identifiers):
4194304

container (cgroup) information:
container_type: cgroupv1
cpu_cpuset_cpus: 0-1
cpu_memory_nodes: 0
active_processor_count: 2
cpu_quota: no quota
cpu_period: 100000
cpu_shares: no shares
memory_limit_in_bytes: unlimited
memory_and_swap_limit_in_bytes: unlimited
memory_soft_limit_in_bytes: unlimited
memory_usage_in_bytes: 2608344 k
memory_max_usage_in_bytes: 2705292 k
kernel_memory_usage_in_bytes: 56332 k
kernel_memory_max_usage_in_bytes: unlimited
kernel_memory_limit_in_bytes: 56368 k
maximum number of tasks: unlimited
current number of tasks: 368

VMWare virtualization detected
Steal ticks since vm start: 0
Steal ticks percentage since vm start:  0.000

CPU:total 2 (initial active 2) (1 cores per cpu, 1 threads per core) family 6 model 165 stepping 2 microcode 0xffffffff, cmov, cx8, fxsr, mmx, sse, sse2, sse3, ssse3, sse4.1, sse4.2, popcnt, avx, avx2, aes, clmul, erms, 3dnowpref, lzcnt, tsc, tscinvbit, bmi1, bmi2, adx, fma
CPU Model and flags from /proc/cpuinfo:
model name	: Intel(R) Core(TM) i7-10750H CPU @ 2.60GHz
flags		: fpu vme de pse tsc msr pae mce cx8 apic sep mtrr pge mca cmov pat pse36 clflush mmx fxsr sse sse2 ss syscall nx pdpe1gb rdtscp lm constant_tsc arch_perfmon nopl xtopology tsc_reliable nonstop_tsc cpuid tsc_known_freq pni pclmulqdq ssse3 fma cx16 pcid sse4_1 sse4_2 x2apic movbe popcnt aes xsave avx f16c rdrand hypervisor lahf_lm abm 3dnowprefetch invpcid_single pti ssbd ibrs ibpb stibp fsgsbase tsc_adjust bmi1 avx2 smep bmi2 invpcid rdseed adx smap clflushopt xsaveopt xsavec xgetbv1 xsaves arat flush_l1d arch_capabilities
Online cpus:
0-1
Offline cpus:
2-127
BIOS frequency limitation:
<Not Available>
Frequency switch latency (ns):
<Not Available>
Available cpu frequencies:
<Not Available>
Current governor:
<Not Available>
Core performance/turbo boost:
<Not Available>

Memory: 4k page, physical 3983204k(192400k free), swap 2097148k(1341864k free)

vm_info: OpenJDK 64-Bit Server VM (11.0.19+7-post-Ubuntu-0ubuntu120.04.1) for linux-amd64 JRE (11.0.19+7-post-Ubuntu-0ubuntu120.04.1), built on May 10 2023 00:55:26 by "unknown" with gcc 9.4.0

END.
