#
# A fatal error has been detected by the Java Runtime Environment:
#
#  SIGSEGV (0xb) at pc=0x00007f406a1553ac, pid=21096, tid=21097
#
# JRE version: OpenJDK Runtime Environment (11.0.19+7) (build 11.0.19+7-post-Ubuntu-0ubuntu120.04.1)
# Java VM: OpenJDK 64-Bit Server VM (11.0.19+7-post-Ubuntu-0ubuntu120.04.1, mixed mode, sharing, tiered, compressed oops, g1 gc, linux-amd64)
# Problematic frame:
# C  [libLLVM-13.so+0xc293ac]  LLVMBuildAdd+0xfc
#
# Core dump will be written. Default location: Core dumps may be processed with "/usr/share/apport/apport -p%p -s%s -c%c -d%d -P%P -u%u -g%g -- %E" (or dumping to /home/qutx/Desktop/study/compile/Lab/core.21096)
#
# If you would like to submit a bug report, please visit:
#   https://bugs.launchpad.net/ubuntu/+source/openjdk-lts
# The crash happened outside the Java Virtual Machine in native code.
# See problematic frame for where to report the bug.
#

---------------  S U M M A R Y ------------

Command Line: -agentlib:jdwp=transport=dt_socket,address=127.0.0.1:49631,suspend=y,server=n -javaagent:/opt/idea-IC-223.8617.56/plugins/java/lib/rt/debugger-agent.jar -Dfile.encoding=UTF-8 Main tests/test1.sysy

Host: Intel(R) Core(TM) i7-10750H CPU @ 2.60GHz, 2 cores, 3G, Ubuntu 20.04.6 LTS
Time: Thu May 18 11:58:01 2023 CST elapsed time: 22.221437 seconds (0d 0h 0m 22s)

---------------  T H R E A D  ---------------

Current thread (0x00007f40c801a000):  JavaThread "main" [_thread_in_native, id=21097, stack(0x00007f40cdc82000,0x00007f40cdd83000)]

Stack: [0x00007f40cdc82000,0x00007f40cdd83000],  sp=0x00007f40cdd80ba0,  free space=1018k
Native frames: (J=compiled Java code, A=aot compiled Java code, j=interpreted, Vv=VM code, C=native code)
C  [libLLVM-13.so+0xc293ac]  LLVMBuildAdd+0xfc

Java frames: (J=compiled Java code, j=interpreted, Vv=VM code)
j  org.bytedeco.llvm.global.LLVM.LLVMBuildAdd(Lorg/bytedeco/llvm/LLVM/LLVMBuilderRef;Lorg/bytedeco/llvm/LLVM/LLVMValueRef;Lorg/bytedeco/llvm/LLVM/LLVMValueRef;Ljava/lang/String;)Lorg/bytedeco/llvm/LLVM/LLVMValueRef;+0
j  LlvmVisitor.visitPlusExp(LSysYParser$PlusExpContext;)Lorg/bytedeco/llvm/LLVM/LLVMValueRef;+49
j  LlvmVisitor.visitPlusExp(LSysYParser$PlusExpContext;)Ljava/lang/Object;+2
j  SysYParser$PlusExpContext.accept(Lorg/antlr/v4/runtime/tree/ParseTreeVisitor;)Ljava/lang/Object;+12
j  LlvmVisitor.visitReturnStmt(LSysYParser$ReturnStmtContext;)Lorg/bytedeco/llvm/LLVM/LLVMValueRef;+5
j  LlvmVisitor.visitReturnStmt(LSysYParser$ReturnStmtContext;)Ljava/lang/Object;+2
j  SysYParser$ReturnStmtContext.accept(Lorg/antlr/v4/runtime/tree/ParseTreeVisitor;)Ljava/lang/Object;+12
j  org.antlr.v4.runtime.tree.AbstractParseTreeVisitor.visitChildren(Lorg/antlr/v4/runtime/tree/RuleNode;)Ljava/lang/Object;+46
j  SysYParserBaseVisitor.visitBlockItem(LSysYParser$BlockItemContext;)Ljava/lang/Object;+2
j  SysYParser$BlockItemContext.accept(Lorg/antlr/v4/runtime/tree/ParseTreeVisitor;)Ljava/lang/Object;+12
j  org.antlr.v4.runtime.tree.AbstractParseTreeVisitor.visitChildren(Lorg/antlr/v4/runtime/tree/RuleNode;)Ljava/lang/Object;+46
j  SysYParserBaseVisitor.visitBlock(LSysYParser$BlockContext;)Ljava/lang/Object;+2
j  LlvmVisitor.visitBlock(LSysYParser$BlockContext;)Lorg/bytedeco/llvm/LLVM/LLVMValueRef;+43
j  LlvmVisitor.visitBlock(LSysYParser$BlockContext;)Ljava/lang/Object;+2
j  SysYParser$BlockContext.accept(Lorg/antlr/v4/runtime/tree/ParseTreeVisitor;)Ljava/lang/Object;+12
j  org.antlr.v4.runtime.tree.AbstractParseTreeVisitor.visitChildren(Lorg/antlr/v4/runtime/tree/RuleNode;)Ljava/lang/Object;+46
j  SysYParserBaseVisitor.visitFuncDef(LSysYParser$FuncDefContext;)Ljava/lang/Object;+2
j  LlvmVisitor.visitFuncDef(LSysYParser$FuncDefContext;)Lorg/bytedeco/llvm/LLVM/LLVMValueRef;+81
j  LlvmVisitor.visitFuncDef(LSysYParser$FuncDefContext;)Ljava/lang/Object;+2
j  SysYParser$FuncDefContext.accept(Lorg/antlr/v4/runtime/tree/ParseTreeVisitor;)Ljava/lang/Object;+12
j  org.antlr.v4.runtime.tree.AbstractParseTreeVisitor.visitChildren(Lorg/antlr/v4/runtime/tree/RuleNode;)Ljava/lang/Object;+46
j  SysYParserBaseVisitor.visitCompUnit(LSysYParser$CompUnitContext;)Ljava/lang/Object;+2
j  SysYParser$CompUnitContext.accept(Lorg/antlr/v4/runtime/tree/ParseTreeVisitor;)Ljava/lang/Object;+12
j  org.antlr.v4.runtime.tree.AbstractParseTreeVisitor.visitChildren(Lorg/antlr/v4/runtime/tree/RuleNode;)Ljava/lang/Object;+46
j  SysYParserBaseVisitor.visitProgram(LSysYParser$ProgramContext;)Ljava/lang/Object;+2
j  LlvmVisitor.visitProgram(LSysYParser$ProgramContext;)Lorg/bytedeco/llvm/LLVM/LLVMValueRef;+22
j  LlvmVisitor.visitProgram(LSysYParser$ProgramContext;)Ljava/lang/Object;+2
j  SysYParser$ProgramContext.accept(Lorg/antlr/v4/runtime/tree/ParseTreeVisitor;)Ljava/lang/Object;+12
j  org.antlr.v4.runtime.tree.AbstractParseTreeVisitor.visit(Lorg/antlr/v4/runtime/tree/ParseTree;)Ljava/lang/Object;+2
j  Main.main([Ljava/lang/String;)V+55
v  ~StubRoutines::call_stub

siginfo: si_signo: 11 (SIGSEGV), si_code: 1 (SEGV_MAPERR), si_addr: 0x0000000200000027

Register to memory mapping:

RAX=0x00007f40c83a7220 points into unknown readable memory: 0x00007f40c840a948 | 48 a9 40 c8 40 7f 00 00
RBX=0x00007f40c83a71e0 points into unknown readable memory: 0x00007f40c83d2d60 | 60 2d 3d c8 40 7f 00 00
RCX=0x00007f40c83d2df8 points into unknown readable memory: 0x00007f40c83a7200 | 00 72 3a c8 40 7f 00 00
RDX=0x00007f40cdd80ba0 is pointing into the stack for thread: 0x00007f40c801a000
RSP=0x00007f40cdd80ba0 is pointing into the stack for thread: 0x00007f40c801a000
RBP=0x00007f40c801a348 points into unknown readable memory: 0x00007f40cf30bb40 | 40 bb 30 cf 40 7f 00 00
RSI=0x00007f40cdd80bd0 is pointing into the stack for thread: 0x00007f40c801a000
RDI=0x0000000200000027 is an unknown value
R8 =0x00007f40c83a7220 points into unknown readable memory: 0x00007f40c840a948 | 48 a9 40 c8 40 7f 00 00
R9 =0x0 is NULL
R10=0x00007f40c840a948 points into unknown readable memory: 0x00007f40c840a1c0 | c0 a1 40 c8 40 7f 00 00
R11=0x00007f406a1552b0: LLVMBuildAdd+0x0000000000000000 in /home/qutx/.javacpp/cache/llvm-13.0.1-1.5.7-linux-x86_64.jar/org/bytedeco/llvm/linux-x86_64/libLLVM-13.so at 0x00007f406952c000
R12=0x00007f40c83a7220 points into unknown readable memory: 0x00007f40c840a948 | 48 a9 40 c8 40 7f 00 00
R13=0x00007f40c83d2d60 points into unknown readable memory: 0x00007f40c840a948 | 48 a9 40 c8 40 7f 00 00
R14=0x00007f40c83d2df0 points into unknown readable memory: 0x00007f40c840a948 | 48 a9 40 c8 40 7f 00 00
R15=0x00007f40c83a71e0 points into unknown readable memory: 0x00007f40c83d2d60 | 60 2d 3d c8 40 7f 00 00


Registers:
RAX=0x00007f40c83a7220, RBX=0x00007f40c83a71e0, RCX=0x00007f40c83d2df8, RDX=0x00007f40cdd80ba0
RSP=0x00007f40cdd80ba0, RBP=0x00007f40c801a348, RSI=0x00007f40cdd80bd0, RDI=0x0000000200000027
R8 =0x00007f40c83a7220, R9 =0x0000000000000000, R10=0x00007f40c840a948, R11=0x00007f406a1552b0
R12=0x00007f40c83a7220, R13=0x00007f40c83d2d60, R14=0x00007f40c83d2df0, R15=0x00007f40c83a71e0
RIP=0x00007f406a1553ac, EFLAGS=0x0000000000010202, CSGSFS=0x002b000000000033, ERR=0x0000000000000004
  TRAPNO=0x000000000000000e

Top of Stack: (sp=0x00007f40cdd80ba0)
0x00007f40cdd80ba0:   00007f40c83d2fa0 00007f40cf478299
0x00007f40cdd80bb0:   0000000000000005 0000000000000004
0x00007f40cdd80bc0:   00007f40c83d0103 00007f40c81212c0
0x00007f40cdd80bd0:   00007f40c83d2df0 00007f40c83a71e0 

Instructions: (pc=0x00007f406a1553ac)
0x00007f406a1552ac:   0f 1f 40 00 41 54 55 53 48 89 fb 48 89 f7 48 89
0x00007f406a1552bc:   d6 ba 01 01 00 00 48 83 ec 60 80 39 00 66 89 54
0x00007f406a1552cc:   24 20 74 09 48 89 0c 24 c6 44 24 20 03 80 7f 10
0x00007f406a1552dc:   12 0f 87 95 00 00 00 80 7e 10 12 0f 87 8b 00 00
0x00007f406a1552ec:   00 4c 8b 4b 48 48 8d 15 18 19 fa ff 49 8b 01 48
0x00007f406a1552fc:   8b 40 10 48 39 d0 0f 85 f0 00 00 00 31 c9 31 d2
0x00007f406a15530c:   e8 7f 13 ff ff 49 89 c4 41 80 7c 24 10 19 76 4b
0x00007f406a15531c:   48 8b 7b 50 48 8b 4b 30 48 89 e2 4c 89 e6 4c 8b
0x00007f406a15532c:   43 38 48 8b 07 ff 50 10 8b 6b 08 48 8b 03 48 c1
0x00007f406a15533c:   e5 04 48 01 c5 48 39 e8 74 21 48 89 c3 0f 1f 80
0x00007f406a15534c:   00 00 00 00 48 8b 53 08 8b 33 4c 89 e7 48 83 c3
0x00007f406a15535c:   10 e8 de 4a 0e 00 48 39 dd 75 e9 48 83 c4 60 4c
0x00007f406a15536c:   89 e0 5b 5d 41 5c c3 0f 1f 44 00 00 48 89 f2 b8
0x00007f406a15537c:   01 01 00 00 48 89 fe 45 31 c0 48 8d 4c 24 30 bf
0x00007f406a15538c:   0d 00 00 00 66 89 44 24 50 e8 76 cf 09 00 48 8b
0x00007f406a15539c:   7b 50 48 89 e2 48 8b 4b 30 49 89 c4 4c 8b 43 38
0x00007f406a1553ac:   48 8b 07 4c 89 e6 ff 50 10 8b 6b 08 48 8b 13 48
0x00007f406a1553bc:   c1 e5 04 48 01 d5 48 39 ea 74 a0 48 89 d3 66 0f
0x00007f406a1553cc:   1f 44 00 00 48 8b 53 08 8b 33 4c 89 e7 48 83 c3
0x00007f406a1553dc:   10 e8 5e 4a 0e 00 48 39 dd 75 e9 48 83 c4 60 4c
0x00007f406a1553ec:   89 e0 5b 5d 41 5c c3 0f 1f 44 00 00 48 89 f2 45
0x00007f406a1553fc:   31 c0 48 89 fe 31 c9 4c 89 cf ff d0 49 89 c4 e9
0x00007f406a15540c:   04 ff ff ff 41 54 55 53 48 89 fb 48 89 f7 48 89
0x00007f406a15541c:   d6 ba 01 01 00 00 48 83 ec 60 80 39 00 66 89 54
0x00007f406a15542c:   24 20 74 09 48 89 0c 24 c6 44 24 20 03 80 7f 10
0x00007f406a15543c:   12 0f 87 95 00 00 00 80 7e 10 12 0f 87 8b 00 00
0x00007f406a15544c:   00 4c 8b 4b 48 48 8d 15 b8 17 fa ff 49 8b 01 48
0x00007f406a15545c:   8b 40 10 48 39 d0 0f 85 f8 00 00 00 b9 01 00 00
0x00007f406a15546c:   00 31 d2 e8 1c 12 ff ff 49 89 c4 41 80 7c 24 10
0x00007f406a15547c:   19 76 48 48 8b 7b 50 48 8b 4b 30 48 89 e2 4c 89
0x00007f406a15548c:   e6 4c 8b 43 38 48 8b 07 ff 50 10 8b 6b 08 48 8b
0x00007f406a15549c:   03 48 c1 e5 04 48 01 c5 48 39 e8 74 1e 48 89 c3 


Stack slot to memory mapping:
stack at sp + 0 slots: 0x00007f40c83d2fa0 points into unknown readable memory: 0x00007f005f706d74 | 74 6d 70 5f 00 7f 00 00
stack at sp + 1 slots: 0x00007f40cf478299: __libc_malloc+0x00000000000001b9 in /lib/x86_64-linux-gnu/libc.so.6 at 0x00007f40cf3de000
stack at sp + 2 slots: 0x0000000000000005 is an unknown value
stack at sp + 3 slots: 0x0000000000000004 is an unknown value
stack at sp + 4 slots: 0x00007f40c83d0103 points into unknown readable memory: 00 00 00 00 00
stack at sp + 5 slots: 0x00007f40c81212c0 points into unknown readable memory: 0x00000000c6767b40 | 40 7b 76 c6 00 00 00 00
stack at sp + 6 slots: 0x00007f40c83d2df0 points into unknown readable memory: 0x00007f40c840a948 | 48 a9 40 c8 40 7f 00 00
stack at sp + 7 slots: 0x00007f40c83a71e0 points into unknown readable memory: 0x00007f40c83d2d60 | 60 2d 3d c8 40 7f 00 00


---------------  P R O C E S S  ---------------

Threads class SMR info:
_java_thread_list=0x00007f40c82c3a80, length=13, elements={
0x00007f40c801a000, 0x00007f40c8122800, 0x00007f40c8125000, 0x00007f40c8129800,
0x00007f40c812b800, 0x00007f40c812d800, 0x00007f40c812f800, 0x00007f40c8131800,
0x00007f40c814f800, 0x00007f40c8198800, 0x00007f40c819d000, 0x0000564baeb28800,
0x00007f40c82c2800
}

Java Threads: ( => current thread )
=>0x00007f40c801a000 JavaThread "main" [_thread_in_native, id=21097, stack(0x00007f40cdc82000,0x00007f40cdd83000)]
  0x00007f40c8122800 JavaThread "Reference Handler" daemon [_thread_blocked, id=21105, stack(0x00007f40b0211000,0x00007f40b0312000)]
  0x00007f40c8125000 JavaThread "Finalizer" daemon [_thread_blocked, id=21106, stack(0x00007f40b0110000,0x00007f40b0211000)]
  0x00007f40c8129800 JavaThread "Signal Dispatcher" daemon [_thread_blocked, id=21107, stack(0x00007f40b000f000,0x00007f40b0110000)]
  0x00007f40c812b800 JavaThread "Service Thread" daemon [_thread_blocked, id=21108, stack(0x00007f40a808f000,0x00007f40a8190000)]
  0x00007f40c812d800 JavaThread "C2 CompilerThread0" daemon [_thread_blocked, id=21109, stack(0x00007f409b6ff000,0x00007f409b800000)]
  0x00007f40c812f800 JavaThread "C1 CompilerThread0" daemon [_thread_blocked, id=21110, stack(0x00007f409b5fe000,0x00007f409b6ff000)]
  0x00007f40c8131800 JavaThread "Sweeper thread" daemon [_thread_blocked, id=21111, stack(0x00007f409b4fd000,0x00007f409b5fe000)]
  0x00007f40c814f800 JavaThread "Common-Cleaner" daemon [_thread_blocked, id=21112, stack(0x00007f409b3fc000,0x00007f409b4fd000)]
  0x00007f40c8198800 JavaThread "JDWP Transport Listener: dt_socket" daemon [_thread_blocked, id=21113, stack(0x00007f409b2fb000,0x00007f409b3fc000)]
  0x00007f40c819d000 JavaThread "JDWP Event Helper Thread" daemon [_thread_blocked, id=21115, stack(0x00007f409b1fa000,0x00007f409b2fb000)]
  0x0000564baeb28800 JavaThread "JDWP Command Reader" daemon [_thread_in_native, id=21118, stack(0x00007f409b0f9000,0x00007f409b1fa000)]
  0x00007f40c82c2800 JavaThread "JavaCPP Deallocator" daemon [_thread_blocked, id=21136, stack(0x00007f409adf4000,0x00007f409aef5000)]

Other Threads:
  0x00007f40c8120000 VMThread "VM Thread" [stack: 0x00007f40b0314000,0x00007f40b0414000] [id=21104]
  0x00007f40c81ae800 WatcherThread [stack: 0x00007f409aff9000,0x00007f409b0f9000] [id=21124]
  0x00007f40c8032800 GCTaskThread "GC Thread#0" [stack: 0x00007f40ccb07000,0x00007f40ccc07000] [id=21098]
  0x00007f4090001000 GCTaskThread "GC Thread#1" [stack: 0x00007f409aef7000,0x00007f409aff7000] [id=21135]
  0x00007f40c804d800 ConcurrentGCThread "G1 Main Marker" [stack: 0x00007f40cc22d000,0x00007f40cc32d000] [id=21099]
  0x00007f40c804f800 ConcurrentGCThread "G1 Conc#0" [stack: 0x00007f40cc12b000,0x00007f40cc22b000] [id=21100]
  0x00007f40c808a800 ConcurrentGCThread "G1 Refine#0" [stack: 0x00007f40b05f4000,0x00007f40b06f4000] [id=21101]
  0x00007f40c808c800 ConcurrentGCThread "G1 Young RemSet Sampling" [stack: 0x00007f40b04f2000,0x00007f40b05f2000] [id=21103]

Threads with active compile tasks:

VM state:not at safepoint (normal execution)

VM Mutex/Monitor currently owned by a thread: None

Heap address: 0x00000000c3200000, size: 974 MB, Compressed Oops mode: 32-bit
Narrow klass base: 0x0000000800000000, Narrow klass shift: 3
Compressed class space size: 1073741824 Address: 0x0000000840000000

Heap:
 garbage-first heap   total 65536K, used 9438K [0x00000000c3200000, 0x0000000100000000)
  region size 1024K, 9 young (9216K), 1 survivors (1024K)
 Metaspace       used 3784K, capacity 6632K, committed 6912K, reserved 1056768K
  class space    used 441K, capacity 700K, committed 768K, reserved 1048576K
Heap Regions: E=young(eden), S=young(survivor), O=old, HS=humongous(starts), HC=humongous(continues), CS=collection set, F=free, A=archive, TAMS=top-at-mark-start (previous, next)
|   0|0x00000000c3200000, 0x00000000c3285800, 0x00000000c3300000| 52%| O|  |TAMS 0x00000000c3200000, 0x00000000c3200000| Untracked 
|   1|0x00000000c3300000, 0x00000000c3300000, 0x00000000c3400000|  0%| F|  |TAMS 0x00000000c3300000, 0x00000000c3300000| Untracked 
|   2|0x00000000c3400000, 0x00000000c3400000, 0x00000000c3500000|  0%| F|  |TAMS 0x00000000c3400000, 0x00000000c3400000| Untracked 
|   3|0x00000000c3500000, 0x00000000c3500000, 0x00000000c3600000|  0%| F|  |TAMS 0x00000000c3500000, 0x00000000c3500000| Untracked 
|   4|0x00000000c3600000, 0x00000000c3600000, 0x00000000c3700000|  0%| F|  |TAMS 0x00000000c3600000, 0x00000000c3600000| Untracked 
|   5|0x00000000c3700000, 0x00000000c3700000, 0x00000000c3800000|  0%| F|  |TAMS 0x00000000c3700000, 0x00000000c3700000| Untracked 
|   6|0x00000000c3800000, 0x00000000c3800000, 0x00000000c3900000|  0%| F|  |TAMS 0x00000000c3800000, 0x00000000c3800000| Untracked 
|   7|0x00000000c3900000, 0x00000000c3900000, 0x00000000c3a00000|  0%| F|  |TAMS 0x00000000c3900000, 0x00000000c3900000| Untracked 
|   8|0x00000000c3a00000, 0x00000000c3a00000, 0x00000000c3b00000|  0%| F|  |TAMS 0x00000000c3a00000, 0x00000000c3a00000| Untracked 
|   9|0x00000000c3b00000, 0x00000000c3b00000, 0x00000000c3c00000|  0%| F|  |TAMS 0x00000000c3b00000, 0x00000000c3b00000| Untracked 
|  10|0x00000000c3c00000, 0x00000000c3c00000, 0x00000000c3d00000|  0%| F|  |TAMS 0x00000000c3c00000, 0x00000000c3c00000| Untracked 
|  11|0x00000000c3d00000, 0x00000000c3d00000, 0x00000000c3e00000|  0%| F|  |TAMS 0x00000000c3d00000, 0x00000000c3d00000| Untracked 
|  12|0x00000000c3e00000, 0x00000000c3e00000, 0x00000000c3f00000|  0%| F|  |TAMS 0x00000000c3e00000, 0x00000000c3e00000| Untracked 
|  13|0x00000000c3f00000, 0x00000000c3f00000, 0x00000000c4000000|  0%| F|  |TAMS 0x00000000c3f00000, 0x00000000c3f00000| Untracked 
|  14|0x00000000c4000000, 0x00000000c4000000, 0x00000000c4100000|  0%| F|  |TAMS 0x00000000c4000000, 0x00000000c4000000| Untracked 
|  15|0x00000000c4100000, 0x00000000c4100000, 0x00000000c4200000|  0%| F|  |TAMS 0x00000000c4100000, 0x00000000c4100000| Untracked 
|  16|0x00000000c4200000, 0x00000000c4200000, 0x00000000c4300000|  0%| F|  |TAMS 0x00000000c4200000, 0x00000000c4200000| Untracked 
|  17|0x00000000c4300000, 0x00000000c4300000, 0x00000000c4400000|  0%| F|  |TAMS 0x00000000c4300000, 0x00000000c4300000| Untracked 
|  18|0x00000000c4400000, 0x00000000c4400000, 0x00000000c4500000|  0%| F|  |TAMS 0x00000000c4400000, 0x00000000c4400000| Untracked 
|  19|0x00000000c4500000, 0x00000000c4500000, 0x00000000c4600000|  0%| F|  |TAMS 0x00000000c4500000, 0x00000000c4500000| Untracked 
|  20|0x00000000c4600000, 0x00000000c4600000, 0x00000000c4700000|  0%| F|  |TAMS 0x00000000c4600000, 0x00000000c4600000| Untracked 
|  21|0x00000000c4700000, 0x00000000c4700000, 0x00000000c4800000|  0%| F|  |TAMS 0x00000000c4700000, 0x00000000c4700000| Untracked 
|  22|0x00000000c4800000, 0x00000000c4800000, 0x00000000c4900000|  0%| F|  |TAMS 0x00000000c4800000, 0x00000000c4800000| Untracked 
|  23|0x00000000c4900000, 0x00000000c4900000, 0x00000000c4a00000|  0%| F|  |TAMS 0x00000000c4900000, 0x00000000c4900000| Untracked 
|  24|0x00000000c4a00000, 0x00000000c4a00000, 0x00000000c4b00000|  0%| F|  |TAMS 0x00000000c4a00000, 0x00000000c4a00000| Untracked 
|  25|0x00000000c4b00000, 0x00000000c4b00000, 0x00000000c4c00000|  0%| F|  |TAMS 0x00000000c4b00000, 0x00000000c4b00000| Untracked 
|  26|0x00000000c4c00000, 0x00000000c4c00000, 0x00000000c4d00000|  0%| F|  |TAMS 0x00000000c4c00000, 0x00000000c4c00000| Untracked 
|  27|0x00000000c4d00000, 0x00000000c4d00000, 0x00000000c4e00000|  0%| F|  |TAMS 0x00000000c4d00000, 0x00000000c4d00000| Untracked 
|  28|0x00000000c4e00000, 0x00000000c4e00000, 0x00000000c4f00000|  0%| F|  |TAMS 0x00000000c4e00000, 0x00000000c4e00000| Untracked 
|  29|0x00000000c4f00000, 0x00000000c4f00000, 0x00000000c5000000|  0%| F|  |TAMS 0x00000000c4f00000, 0x00000000c4f00000| Untracked 
|  30|0x00000000c5000000, 0x00000000c5000000, 0x00000000c5100000|  0%| F|  |TAMS 0x00000000c5000000, 0x00000000c5000000| Untracked 
|  31|0x00000000c5100000, 0x00000000c5100000, 0x00000000c5200000|  0%| F|  |TAMS 0x00000000c5100000, 0x00000000c5100000| Untracked 
|  32|0x00000000c5200000, 0x00000000c5200000, 0x00000000c5300000|  0%| F|  |TAMS 0x00000000c5200000, 0x00000000c5200000| Untracked 
|  33|0x00000000c5300000, 0x00000000c5300000, 0x00000000c5400000|  0%| F|  |TAMS 0x00000000c5300000, 0x00000000c5300000| Untracked 
|  34|0x00000000c5400000, 0x00000000c5400000, 0x00000000c5500000|  0%| F|  |TAMS 0x00000000c5400000, 0x00000000c5400000| Untracked 
|  35|0x00000000c5500000, 0x00000000c5500000, 0x00000000c5600000|  0%| F|  |TAMS 0x00000000c5500000, 0x00000000c5500000| Untracked 
|  36|0x00000000c5600000, 0x00000000c5600000, 0x00000000c5700000|  0%| F|  |TAMS 0x00000000c5600000, 0x00000000c5600000| Untracked 
|  37|0x00000000c5700000, 0x00000000c5700000, 0x00000000c5800000|  0%| F|  |TAMS 0x00000000c5700000, 0x00000000c5700000| Untracked 
|  38|0x00000000c5800000, 0x00000000c5800000, 0x00000000c5900000|  0%| F|  |TAMS 0x00000000c5800000, 0x00000000c5800000| Untracked 
|  39|0x00000000c5900000, 0x00000000c5900000, 0x00000000c5a00000|  0%| F|  |TAMS 0x00000000c5900000, 0x00000000c5900000| Untracked 
|  40|0x00000000c5a00000, 0x00000000c5a00000, 0x00000000c5b00000|  0%| F|  |TAMS 0x00000000c5a00000, 0x00000000c5a00000| Untracked 
|  41|0x00000000c5b00000, 0x00000000c5b00000, 0x00000000c5c00000|  0%| F|  |TAMS 0x00000000c5b00000, 0x00000000c5b00000| Untracked 
|  42|0x00000000c5c00000, 0x00000000c5c00000, 0x00000000c5d00000|  0%| F|  |TAMS 0x00000000c5c00000, 0x00000000c5c00000| Untracked 
|  43|0x00000000c5d00000, 0x00000000c5d00000, 0x00000000c5e00000|  0%| F|  |TAMS 0x00000000c5d00000, 0x00000000c5d00000| Untracked 
|  44|0x00000000c5e00000, 0x00000000c5e00000, 0x00000000c5f00000|  0%| F|  |TAMS 0x00000000c5e00000, 0x00000000c5e00000| Untracked 
|  45|0x00000000c5f00000, 0x00000000c5f00000, 0x00000000c6000000|  0%| F|  |TAMS 0x00000000c5f00000, 0x00000000c5f00000| Untracked 
|  46|0x00000000c6000000, 0x00000000c6000000, 0x00000000c6100000|  0%| F|  |TAMS 0x00000000c6000000, 0x00000000c6000000| Untracked 
|  47|0x00000000c6100000, 0x00000000c6100000, 0x00000000c6200000|  0%| F|  |TAMS 0x00000000c6100000, 0x00000000c6100000| Untracked 
|  48|0x00000000c6200000, 0x00000000c6200000, 0x00000000c6300000|  0%| F|  |TAMS 0x00000000c6200000, 0x00000000c6200000| Untracked 
|  49|0x00000000c6300000, 0x00000000c6300000, 0x00000000c6400000|  0%| F|  |TAMS 0x00000000c6300000, 0x00000000c6300000| Untracked 
|  50|0x00000000c6400000, 0x00000000c6400000, 0x00000000c6500000|  0%| F|  |TAMS 0x00000000c6400000, 0x00000000c6400000| Untracked 
|  51|0x00000000c6500000, 0x00000000c6500000, 0x00000000c6600000|  0%| F|  |TAMS 0x00000000c6500000, 0x00000000c6500000| Untracked 
|  52|0x00000000c6600000, 0x00000000c6600000, 0x00000000c6700000|  0%| F|  |TAMS 0x00000000c6600000, 0x00000000c6600000| Untracked 
|  53|0x00000000c6700000, 0x00000000c6780800, 0x00000000c6800000| 50%| E|  |TAMS 0x00000000c6700000, 0x00000000c6700000| Complete 
|  54|0x00000000c6800000, 0x00000000c6900000, 0x00000000c6900000|100%| S|CS|TAMS 0x00000000c6800000, 0x00000000c6800000| Complete 
|  55|0x00000000c6900000, 0x00000000c6a00000, 0x00000000c6a00000|100%| E|CS|TAMS 0x00000000c6900000, 0x00000000c6900000| Complete 
|  56|0x00000000c6a00000, 0x00000000c6b00000, 0x00000000c6b00000|100%| E|CS|TAMS 0x00000000c6a00000, 0x00000000c6a00000| Complete 
|  57|0x00000000c6b00000, 0x00000000c6c00000, 0x00000000c6c00000|100%| E|CS|TAMS 0x00000000c6b00000, 0x00000000c6b00000| Complete 
|  58|0x00000000c6c00000, 0x00000000c6d00000, 0x00000000c6d00000|100%| E|CS|TAMS 0x00000000c6c00000, 0x00000000c6c00000| Complete 
|  59|0x00000000c6d00000, 0x00000000c6e00000, 0x00000000c6e00000|100%| E|CS|TAMS 0x00000000c6d00000, 0x00000000c6d00000| Complete 
|  60|0x00000000c6e00000, 0x00000000c6f00000, 0x00000000c6f00000|100%| E|CS|TAMS 0x00000000c6e00000, 0x00000000c6e00000| Complete 
|  61|0x00000000c6f00000, 0x00000000c7000000, 0x00000000c7000000|100%| E|CS|TAMS 0x00000000c6f00000, 0x00000000c6f00000| Complete 
| 972|0x00000000ffe00000, 0x00000000ffe47000, 0x00000000fff00000| 27%|OA|  |TAMS 0x00000000ffe00000, 0x00000000ffe00000| Untracked 
| 973|0x00000000fff00000, 0x00000000fff6b000, 0x0000000100000000| 41%|CA|  |TAMS 0x00000000fff00000, 0x00000000fff00000| Untracked 

Card table byte_map: [0x00007f40cc535000,0x00007f40cc71c000] _byte_map_base: 0x00007f40cbf1c000

Marking Bits (Prev, Next): (CMBitMap*) 0x00007f40c8048cf8, (CMBitMap*) 0x00007f40c8048d30
 Prev Bits: [0x00007f40ab0c8000, 0x00007f40ac000000)
 Next Bits: [0x00007f40aa190000, 0x00007f40ab0c8000)

Polling page: 0x00007f40cdc3f000

Metaspace:

Usage:
  Non-class:      5.79 MB capacity,     3.26 MB ( 56%) used,     2.52 MB ( 44%) free+waste,     7.75 KB ( <1%) overhead. 
      Class:    700.00 KB capacity,   441.24 KB ( 63%) used,   254.70 KB ( 36%) free+waste,     4.06 KB ( <1%) overhead. 
       Both:      6.48 MB capacity,     3.70 MB ( 57%) used,     2.77 MB ( 43%) free+waste,    11.81 KB ( <1%) overhead. 

Virtual space:
  Non-class space:        8.00 MB reserved,       6.00 MB ( 75%) committed 
      Class space:        1.00 GB reserved,     768.00 KB ( <1%) committed 
             Both:        1.01 GB reserved,       6.75 MB ( <1%) committed 

Chunk freelists:
   Non-Class:  20.00 KB
       Class:  4.00 KB
        Both:  24.00 KB

MaxMetaspaceSize: unlimited
CompressedClassSpaceSize: 1.00 GB
Initial GC threshold: 20.80 MB
Current GC threshold: 20.80 MB
CDS: on

CodeHeap 'non-profiled nmethods': size=120036Kb used=220Kb max_used=220Kb free=119815Kb
 bounds [0x00007f40b82bc000, 0x00007f40b852c000, 0x00007f40bf7f5000]
CodeHeap 'profiled nmethods': size=120032Kb used=1085Kb max_used=1085Kb free=118946Kb
 bounds [0x00007f40b0d84000, 0x00007f40b0ff4000, 0x00007f40b82bc000]
CodeHeap 'non-nmethods': size=5692Kb used=1205Kb max_used=1215Kb free=4486Kb
 bounds [0x00007f40b07f5000, 0x00007f40b0a65000, 0x00007f40b0d84000]
 total_blobs=1069 nmethods=670 adapters=321
 compilation: enabled
              stopped_count=0, restarted_count=0
 full_count=0

Compilation events (20 events):
Event: 1.442 Thread 0x00007f40c812f800 nmethod 612 0x00007f40b0e8e510 code [0x00007f40b0e8e6e0, 0x00007f40b0e8e970]
Event: 1.443 Thread 0x00007f40c812f800  606       3       jdk.internal.loader.BuiltinClassLoader::hasClassPath (13 bytes)
Event: 1.443 Thread 0x00007f40c812f800 nmethod 606 0x00007f40b0e8ea90 code [0x00007f40b0e8ec40, 0x00007f40b0e8edb0]
Event: 1.443 Thread 0x00007f40c812f800  625       3       java.util.ArrayDeque::elementAt (4 bytes)
Event: 1.443 Thread 0x00007f40c812f800 nmethod 625 0x00007f40b0e8ee10 code [0x00007f40b0e8efc0, 0x00007f40b0e8f0b0]
Event: 1.443 Thread 0x00007f40c812f800  629       3       java.lang.String::concat (115 bytes)
Event: 1.451 Thread 0x00007f40c812f800 nmethod 629 0x00007f40b0e8f190 code [0x00007f40b0e8f420, 0x00007f40b0e90100]
Event: 1.451 Thread 0x00007f40c812f800  630       3       java.util.zip.ZipUtils::get16 (21 bytes)
Event: 1.451 Thread 0x00007f40c812f800 nmethod 630 0x00007f40b0e90610 code [0x00007f40b0e907c0, 0x00007f40b0e908f0]
Event: 1.451 Thread 0x00007f40c812f800  616   !   3       java.util.jar.JarFile::checkForSpecialAttributes (163 bytes)
Event: 1.454 Thread 0x00007f40c812f800 nmethod 616 0x00007f40b0e90a10 code [0x00007f40b0e90d40, 0x00007f40b0e920f0]
Event: 1.468 Thread 0x00007f40c812f800  618       3       java.io.UnixFileSystem::prefixLength (25 bytes)
Event: 1.470 Thread 0x00007f40c812f800 nmethod 618 0x00007f40b0e92910 code [0x00007f40b0e92b40, 0x00007f40b0e93210]
Event: 1.470 Thread 0x00007f40c812f800  627       1       java.util.zip.ZipEntry::getName (5 bytes)
Event: 1.470 Thread 0x00007f40c812f800 nmethod 627 0x00007f40b82e9810 code [0x00007f40b82e99c0, 0x00007f40b82e9a90]
Event: 1.470 Thread 0x00007f40c812f800  610       1       java.util.Collections$EmptyIterator::hasNext (2 bytes)
Event: 1.470 Thread 0x00007f40c812f800 nmethod 610 0x00007f40b82e9b10 code [0x00007f40b82e9cc0, 0x00007f40b82e9d90]
Event: 1.508 Thread 0x00007f40c812d800 nmethod 628 0x00007f40b82e9e10 code [0x00007f40b82e9fe0, 0x00007f40b82eab98]
Event: 1.508 Thread 0x00007f40c812d800  621       4       java.nio.Buffer::position (52 bytes)
Event: 1.510 Thread 0x00007f40c812d800 nmethod 621 0x00007f40b82eb290 code [0x00007f40b82eb420, 0x00007f40b82eb4f8]

GC Heap History (2 events):
Event: 0.944 GC heap before
{Heap before GC invocations=0 (full 0):
 garbage-first heap   total 65536K, used 6856K [0x00000000c3200000, 0x0000000100000000)
  region size 1024K, 7 young (7168K), 0 survivors (0K)
 Metaspace       used 2056K, capacity 5536K, committed 5760K, reserved 1056768K
  class space    used 242K, capacity 566K, committed 640K, reserved 1048576K
}
Event: 0.972 GC heap after
{Heap after GC invocations=1 (full 0):
 garbage-first heap   total 65536K, used 2270K [0x00000000c3200000, 0x0000000100000000)
  region size 1024K, 1 young (1024K), 1 survivors (1024K)
 Metaspace       used 2056K, capacity 5536K, committed 5760K, reserved 1056768K
  class space    used 242K, capacity 566K, committed 640K, reserved 1048576K
}

Deoptimization events (20 events):
Event: 1.100 Thread 0x00007f40c801a000 DEOPT PACKING pc=0x00007f40b82d6638 sp=0x00007f40cdd802f0
Event: 1.100 Thread 0x00007f40c801a000 DEOPT UNPACKING pc=0x00007f40b083eea5 sp=0x00007f40cdd802a8 mode 2
Event: 1.164 Thread 0x00007f40c801a000 Uncommon trap: trap_request=0xffffff4d fr.pc=0x00007f40b82dd2cc relative=0x000000000000026c
Event: 1.164 Thread 0x00007f40c801a000 Uncommon trap: reason=unstable_if action=reinterpret pc=0x00007f40b82dd2cc method=java.util.HashMap.getNode(ILjava/lang/Object;)Ljava/util/HashMap$Node; @ 62 c2
Event: 1.164 Thread 0x00007f40c801a000 DEOPT PACKING pc=0x00007f40b82dd2cc sp=0x00007f40cdd7e030
Event: 1.164 Thread 0x00007f40c801a000 DEOPT UNPACKING pc=0x00007f40b083eea5 sp=0x00007f40cdd7dff0 mode 2
Event: 1.215 Thread 0x00007f40c801a000 DEOPT PACKING pc=0x00007f40b0e0e27e sp=0x00007f40cdd7dae0
Event: 1.215 Thread 0x00007f40c801a000 DEOPT UNPACKING pc=0x00007f40b083f64a sp=0x00007f40cdd7cf80 mode 0
Event: 1.235 Thread 0x00007f40c801a000 DEOPT PACKING pc=0x00007f40b0e04af4 sp=0x00007f40cdd809c0
Event: 1.235 Thread 0x00007f40c801a000 DEOPT UNPACKING pc=0x00007f40b083f64a sp=0x00007f40cdd7ff28 mode 1
Event: 1.236 Thread 0x00007f40c801a000 DEOPT PACKING pc=0x00007f40b0e04af4 sp=0x00007f40cdd809c0
Event: 1.236 Thread 0x00007f40c801a000 DEOPT UNPACKING pc=0x00007f40b083f64a sp=0x00007f40cdd7ff28 mode 1
Event: 1.329 Thread 0x00007f40c801a000 DEOPT PACKING pc=0x00007f40b0e2618a sp=0x00007f40cdd80780
Event: 1.329 Thread 0x00007f40c801a000 DEOPT UNPACKING pc=0x00007f40b083f64a sp=0x00007f40cdd7fc28 mode 0
Event: 1.330 Thread 0x00007f40c801a000 DEOPT PACKING pc=0x00007f40b0ddda4f sp=0x00007f40cdd80660
Event: 1.330 Thread 0x00007f40c801a000 DEOPT UNPACKING pc=0x00007f40b083f64a sp=0x00007f40cdd7fb20 mode 0
Event: 1.331 Thread 0x00007f40c801a000 DEOPT PACKING pc=0x00007f40b0ddda4f sp=0x00007f40cdd80660
Event: 1.331 Thread 0x00007f40c801a000 DEOPT UNPACKING pc=0x00007f40b083f64a sp=0x00007f40cdd7fb20 mode 0
Event: 1.332 Thread 0x00007f40c801a000 DEOPT PACKING pc=0x00007f40b0ddda4f sp=0x00007f40cdd80760
Event: 1.332 Thread 0x00007f40c801a000 DEOPT UNPACKING pc=0x00007f40b083f64a sp=0x00007f40cdd7fc20 mode 0

Classes redefined (0 events):
No events

Internal exceptions (20 events):
Event: 1.236 Thread 0x00007f40c801a000 Exception <a 'java/security/PrivilegedActionException'{0x00000000c6c1d9f0}> (0x00000000c6c1d9f0) thrown at [src/hotspot/share/prims/jvm.cpp, line 1304]
Event: 1.237 Thread 0x00007f40c801a000 Exception <a 'java/security/PrivilegedActionException'{0x00000000c6c1dcc0}> (0x00000000c6c1dcc0) thrown at [src/hotspot/share/prims/jvm.cpp, line 1304]
Event: 1.237 Thread 0x00007f40c801a000 Exception <a 'java/security/PrivilegedActionException'{0x00000000c6c1e630}> (0x00000000c6c1e630) thrown at [src/hotspot/share/prims/jvm.cpp, line 1304]
Event: 1.237 Thread 0x00007f40c801a000 Exception <a 'java/security/PrivilegedActionException'{0x00000000c6c1e900}> (0x00000000c6c1e900) thrown at [src/hotspot/share/prims/jvm.cpp, line 1304]
Event: 1.237 Thread 0x00007f40c801a000 Exception <a 'java/security/PrivilegedActionException'{0x00000000c6c1f270}> (0x00000000c6c1f270) thrown at [src/hotspot/share/prims/jvm.cpp, line 1304]
Event: 1.237 Thread 0x00007f40c801a000 Exception <a 'java/security/PrivilegedActionException'{0x00000000c6c1f540}> (0x00000000c6c1f540) thrown at [src/hotspot/share/prims/jvm.cpp, line 1304]
Event: 1.237 Thread 0x00007f40c801a000 Exception <a 'java/security/PrivilegedActionException'{0x00000000c6c1fec8}> (0x00000000c6c1fec8) thrown at [src/hotspot/share/prims/jvm.cpp, line 1304]
Event: 1.237 Thread 0x00007f40c801a000 Exception <a 'java/security/PrivilegedActionException'{0x00000000c6c20198}> (0x00000000c6c20198) thrown at [src/hotspot/share/prims/jvm.cpp, line 1304]
Event: 1.237 Thread 0x00007f40c801a000 Exception <a 'java/security/PrivilegedActionException'{0x00000000c6c20b20}> (0x00000000c6c20b20) thrown at [src/hotspot/share/prims/jvm.cpp, line 1304]
Event: 1.237 Thread 0x00007f40c801a000 Exception <a 'java/security/PrivilegedActionException'{0x00000000c6c20df0}> (0x00000000c6c20df0) thrown at [src/hotspot/share/prims/jvm.cpp, line 1304]
Event: 1.237 Thread 0x00007f40c801a000 Exception <a 'java/security/PrivilegedActionException'{0x00000000c6c21778}> (0x00000000c6c21778) thrown at [src/hotspot/share/prims/jvm.cpp, line 1304]
Event: 1.237 Thread 0x00007f40c801a000 Exception <a 'java/security/PrivilegedActionException'{0x00000000c6c21a48}> (0x00000000c6c21a48) thrown at [src/hotspot/share/prims/jvm.cpp, line 1304]
Event: 1.237 Thread 0x00007f40c801a000 Exception <a 'java/security/PrivilegedActionException'{0x00000000c6c223b8}> (0x00000000c6c223b8) thrown at [src/hotspot/share/prims/jvm.cpp, line 1304]
Event: 1.237 Thread 0x00007f40c801a000 Exception <a 'java/security/PrivilegedActionException'{0x00000000c6c22688}> (0x00000000c6c22688) thrown at [src/hotspot/share/prims/jvm.cpp, line 1304]
Event: 1.237 Thread 0x00007f40c801a000 Exception <a 'java/security/PrivilegedActionException'{0x00000000c6c23010}> (0x00000000c6c23010) thrown at [src/hotspot/share/prims/jvm.cpp, line 1304]
Event: 1.237 Thread 0x00007f40c801a000 Exception <a 'java/security/PrivilegedActionException'{0x00000000c6c232e0}> (0x00000000c6c232e0) thrown at [src/hotspot/share/prims/jvm.cpp, line 1304]
Event: 22.143 Thread 0x00007f40c801a000 Exception <a 'java/lang/NoSuchMethodError'{0x00000000c67178e8}: 'java.lang.Object java.lang.invoke.DirectMethodHandle$Holder.invokeStatic(java.lang.Object, java.lang.Object, java.lang.Object, java.lang.Object, java.lang.Object, java.lang.Object, java.lang.Object, java.lang.Object, java.lang.Object, java.lang.Object, java.lang.Object, int)'> (0x00000000c67178e8) thrown at [src/hotspot/share/interpreter/linkResolver.cpp, line 772]
Event: 22.171 Thread 0x00007f40c801a000 Exception <a 'java/lang/NoSuchMethodError'{0x00000000c6738278}: 'java.lang.Object java.lang.invoke.DirectMethodHandle$Holder.invokeStatic(java.lang.Object, java.lang.Object, java.lang.Object, java.lang.Object, java.lang.Object, java.lang.Object, java.lang.Object, java.lang.Object, java.lang.Object, java.lang.Object, java.lang.Object, int, int)'> (0x00000000c6738278) thrown at [src/hotspot/share/interpreter/linkResolver.cpp, line 772]
Event: 22.201 Thread 0x00007f40c801a000 Exception <a 'java/lang/NoSuchMethodError'{0x00000000c67587c8}: 'java.lang.Object java.lang.invoke.DirectMethodHandle$Holder.invokeStatic(java.lang.Object, java.lang.Object, java.lang.Object, java.lang.Object, java.lang.Object, java.lang.Object, java.lang.Object, java.lang.Object, java.lang.Object, java.lang.Object, java.lang.Object, int, int, java.lang.Object)'> (0x00000000c67587c8) thrown at [src/hotspot/share/interpreter/linkResolver.cpp, line 772]
Event: 22.214 Thread 0x00007f40c801a000 Exception <a 'java/lang/NoSuchMethodError'{0x00000000c6764a20}: 'java.lang.Object java.lang.invoke.Invokers$Holder.linkToTargetMethod(java.lang.Object, int, java.lang.Object)'> (0x00000000c6764a20) thrown at [src/hotspot/share/interpreter/linkResolver.cpp, line 772]

Events (20 events):
Event: 22.085 loading class java/lang/invoke/BoundMethodHandle$Species_LL
Event: 22.085 loading class java/lang/invoke/BoundMethodHandle$Species_LL done
Event: 22.089 loading class java/lang/invoke/BoundMethodHandle$Species_LLL
Event: 22.089 loading class java/lang/invoke/BoundMethodHandle$Species_LLL done
Event: 22.092 loading class java/lang/invoke/BoundMethodHandle$Species_LLLL
Event: 22.092 loading class java/lang/invoke/BoundMethodHandle$Species_LLLL done
Event: 22.099 loading class java/lang/invoke/BoundMethodHandle$Species_LLLLL
Event: 22.099 loading class java/lang/invoke/BoundMethodHandle$Species_LLLLL done
Event: 22.106 loading class java/lang/invoke/BoundMethodHandle$Species_LLLLLL
Event: 22.106 loading class java/lang/invoke/BoundMethodHandle$Species_LLLLLL done
Event: 22.114 loading class java/lang/invoke/BoundMethodHandle$Species_LLLLLLL
Event: 22.114 loading class java/lang/invoke/BoundMethodHandle$Species_LLLLLLL done
Event: 22.123 loading class java/lang/invoke/BoundMethodHandle$Species_LLLLLLLL
Event: 22.123 loading class java/lang/invoke/BoundMethodHandle$Species_LLLLLLLL done
Event: 22.129 loading class java/lang/invoke/BoundMethodHandle$Species_LLLLLLLLI
Event: 22.129 loading class java/lang/invoke/BoundMethodHandle$Species_LLLLLLLLI done
Event: 22.154 loading class java/lang/invoke/BoundMethodHandle$Species_LLLLLLLLII
Event: 22.154 loading class java/lang/invoke/BoundMethodHandle$Species_LLLLLLLLII done
Event: 22.179 loading class java/lang/invoke/BoundMethodHandle$Species_LLLLLLLLIIL
Event: 22.179 loading class java/lang/invoke/BoundMethodHandle$Species_LLLLLLLLIIL done


Dynamic libraries:
c3200000-c7000000 rw-p 00000000 00:00 0 
c7000000-ffe00000 ---p 00000000 00:00 0 
ffe00000-ffe47000 rw-p 00b0a000 08:05 922150                             /usr/lib/jvm/java-11-openjdk-amd64/lib/server/classes.jsa
ffe47000-fff00000 rw-p 00000000 00:00 0 
fff00000-fff6b000 rw-p 00a9f000 08:05 922150                             /usr/lib/jvm/java-11-openjdk-amd64/lib/server/classes.jsa
fff6b000-100000000 rw-p 00000000 00:00 0 
800000000-800002000 rwxp 00001000 08:05 922150                           /usr/lib/jvm/java-11-openjdk-amd64/lib/server/classes.jsa
800002000-800a9e000 rw-p 00003000 08:05 922150                           /usr/lib/jvm/java-11-openjdk-amd64/lib/server/classes.jsa
840000000-8400c0000 rw-p 00000000 00:00 0 
8400c0000-880000000 ---p 00000000 00:00 0 
564badfbb000-564badfbc000 r--p 00000000 08:05 922046                     /usr/lib/jvm/java-11-openjdk-amd64/bin/java
564badfbc000-564badfbd000 r-xp 00001000 08:05 922046                     /usr/lib/jvm/java-11-openjdk-amd64/bin/java
564badfbd000-564badfbe000 r--p 00002000 08:05 922046                     /usr/lib/jvm/java-11-openjdk-amd64/bin/java
564badfbe000-564badfbf000 r--p 00002000 08:05 922046                     /usr/lib/jvm/java-11-openjdk-amd64/bin/java
564badfbf000-564badfc0000 rw-p 00003000 08:05 922046                     /usr/lib/jvm/java-11-openjdk-amd64/bin/java
564baeb0f000-564baeb52000 rw-p 00000000 00:00 0                          [heap]
7f406952c000-7f4069e52000 r--p 00000000 08:05 1461981                    /home/qutx/.javacpp/cache/llvm-13.0.1-1.5.7-linux-x86_64.jar/org/bytedeco/llvm/linux-x86_64/libLLVM-13.so
7f4069e52000-7f406d815000 r-xp 00926000 08:05 1461981                    /home/qutx/.javacpp/cache/llvm-13.0.1-1.5.7-linux-x86_64.jar/org/bytedeco/llvm/linux-x86_64/libLLVM-13.so
7f406d815000-7f406fa6a000 r--p 042e9000 08:05 1461981                    /home/qutx/.javacpp/cache/llvm-13.0.1-1.5.7-linux-x86_64.jar/org/bytedeco/llvm/linux-x86_64/libLLVM-13.so
7f406fa6a000-7f406ff7f000 r--p 0653d000 08:05 1461981                    /home/qutx/.javacpp/cache/llvm-13.0.1-1.5.7-linux-x86_64.jar/org/bytedeco/llvm/linux-x86_64/libLLVM-13.so
7f406ff7f000-7f406ff8a000 rw-p 06a52000 08:05 1461981                    /home/qutx/.javacpp/cache/llvm-13.0.1-1.5.7-linux-x86_64.jar/org/bytedeco/llvm/linux-x86_64/libLLVM-13.so
7f406ff8a000-7f4070000000 rw-p 00000000 00:00 0 
7f4070000000-7f4070021000 rw-p 00000000 00:00 0 
7f4070021000-7f4074000000 ---p 00000000 00:00 0 
7f4074000000-7f4074021000 rw-p 00000000 00:00 0 
7f4074021000-7f4078000000 ---p 00000000 00:00 0 
7f4078000000-7f4078362000 rw-p 00000000 00:00 0 
7f4078362000-7f407c000000 ---p 00000000 00:00 0 
7f407c000000-7f407c396000 rw-p 00000000 00:00 0 
7f407c396000-7f4080000000 ---p 00000000 00:00 0 
7f4080000000-7f4080021000 rw-p 00000000 00:00 0 
7f4080021000-7f4084000000 ---p 00000000 00:00 0 
7f4084000000-7f4084021000 rw-p 00000000 00:00 0 
7f4084021000-7f4088000000 ---p 00000000 00:00 0 
7f4088000000-7f4088021000 rw-p 00000000 00:00 0 
7f4088021000-7f408c000000 ---p 00000000 00:00 0 
7f408c000000-7f408c021000 rw-p 00000000 00:00 0 
7f408c021000-7f4090000000 ---p 00000000 00:00 0 
7f4090000000-7f4090021000 rw-p 00000000 00:00 0 
7f4090021000-7f4094000000 ---p 00000000 00:00 0 
7f4094000000-7f4094021000 rw-p 00000000 00:00 0 
7f4094021000-7f4098000000 ---p 00000000 00:00 0 
7f409acee000-7f409ad53000 r--p 00000000 08:05 1461986                    /home/qutx/.javacpp/cache/llvm-13.0.1-1.5.7-linux-x86_64.jar/org/bytedeco/llvm/linux-x86_64/libjniLLVM.so
7f409ad53000-7f409adc1000 r-xp 00065000 08:05 1461986                    /home/qutx/.javacpp/cache/llvm-13.0.1-1.5.7-linux-x86_64.jar/org/bytedeco/llvm/linux-x86_64/libjniLLVM.so
7f409adc1000-7f409adec000 r--p 000d3000 08:05 1461986                    /home/qutx/.javacpp/cache/llvm-13.0.1-1.5.7-linux-x86_64.jar/org/bytedeco/llvm/linux-x86_64/libjniLLVM.so
7f409adec000-7f409adef000 r--p 000fd000 08:05 1461986                    /home/qutx/.javacpp/cache/llvm-13.0.1-1.5.7-linux-x86_64.jar/org/bytedeco/llvm/linux-x86_64/libjniLLVM.so
7f409adef000-7f409adf2000 rw-p 00100000 08:05 1461986                    /home/qutx/.javacpp/cache/llvm-13.0.1-1.5.7-linux-x86_64.jar/org/bytedeco/llvm/linux-x86_64/libjniLLVM.so
7f409adf2000-7f409adf4000 rw-p 00000000 00:00 0 
7f409adf4000-7f409adf8000 ---p 00000000 00:00 0 
7f409adf8000-7f409aef5000 rw-p 00000000 00:00 0 
7f409aef5000-7f409aef6000 ---p 00000000 00:00 0 
7f409aef6000-7f409aff7000 rw-p 00000000 00:00 0 
7f409aff7000-7f409aff8000 ---p 00000000 00:00 0 
7f409aff8000-7f409b0f9000 rw-p 00000000 00:00 0 
7f409b0f9000-7f409b0fd000 ---p 00000000 00:00 0 
7f409b0fd000-7f409b1fa000 rw-p 00000000 00:00 0 
7f409b1fa000-7f409b1fe000 ---p 00000000 00:00 0 
7f409b1fe000-7f409b2fb000 rw-p 00000000 00:00 0 
7f409b2fb000-7f409b2ff000 ---p 00000000 00:00 0 
7f409b2ff000-7f409b3fc000 rw-p 00000000 00:00 0 
7f409b3fc000-7f409b400000 ---p 00000000 00:00 0 
7f409b400000-7f409b4fd000 rw-p 00000000 00:00 0 
7f409b4fd000-7f409b501000 ---p 00000000 00:00 0 
7f409b501000-7f409b5fe000 rw-p 00000000 00:00 0 
7f409b5fe000-7f409b602000 ---p 00000000 00:00 0 
7f409b602000-7f409b6ff000 rw-p 00000000 00:00 0 
7f409b6ff000-7f409b703000 ---p 00000000 00:00 0 
7f409b703000-7f409be00000 rw-p 00000000 00:00 0 
7f409be00000-7f409c000000 ---p 00000000 00:00 0 
7f409c000000-7f409c021000 rw-p 00000000 00:00 0 
7f409c021000-7f40a0000000 ---p 00000000 00:00 0 
7f40a0000000-7f40a0021000 rw-p 00000000 00:00 0 
7f40a0021000-7f40a4000000 ---p 00000000 00:00 0 
7f40a4000000-7f40a4021000 rw-p 00000000 00:00 0 
7f40a4021000-7f40a8000000 ---p 00000000 00:00 0 
7f40a8053000-7f40a805a000 r--p 00000000 08:05 1461982                    /home/qutx/.javacpp/cache/llvm-13.0.1-1.5.7-linux-x86_64.jar/org/bytedeco/llvm/linux-x86_64/libLTO.so.13
7f40a805a000-7f40a8062000 r-xp 00007000 08:05 1461982                    /home/qutx/.javacpp/cache/llvm-13.0.1-1.5.7-linux-x86_64.jar/org/bytedeco/llvm/linux-x86_64/libLTO.so.13
7f40a8062000-7f40a8064000 r--p 0000f000 08:05 1461982                    /home/qutx/.javacpp/cache/llvm-13.0.1-1.5.7-linux-x86_64.jar/org/bytedeco/llvm/linux-x86_64/libLTO.so.13
7f40a8064000-7f40a8065000 r--p 00010000 08:05 1461982                    /home/qutx/.javacpp/cache/llvm-13.0.1-1.5.7-linux-x86_64.jar/org/bytedeco/llvm/linux-x86_64/libLTO.so.13
7f40a8065000-7f40a8066000 rw-p 00011000 08:05 1461982                    /home/qutx/.javacpp/cache/llvm-13.0.1-1.5.7-linux-x86_64.jar/org/bytedeco/llvm/linux-x86_64/libLTO.so.13
7f40a8066000-7f40a806a000 r--p 00000000 08:05 1461975                    /home/qutx/.javacpp/cache/javacpp-1.5.7-linux-x86_64.jar/org/bytedeco/javacpp/linux-x86_64/libjnijavacpp.so
7f40a806a000-7f40a8071000 r-xp 00004000 08:05 1461975                    /home/qutx/.javacpp/cache/javacpp-1.5.7-linux-x86_64.jar/org/bytedeco/javacpp/linux-x86_64/libjnijavacpp.so
7f40a8071000-7f40a8075000 r--p 0000b000 08:05 1461975                    /home/qutx/.javacpp/cache/javacpp-1.5.7-linux-x86_64.jar/org/bytedeco/javacpp/linux-x86_64/libjnijavacpp.so
7f40a8075000-7f40a8076000 r--p 0000e000 08:05 1461975                    /home/qutx/.javacpp/cache/javacpp-1.5.7-linux-x86_64.jar/org/bytedeco/javacpp/linux-x86_64/libjnijavacpp.so
7f40a8076000-7f40a8077000 rw-p 0000f000 08:05 1461975                    /home/qutx/.javacpp/cache/javacpp-1.5.7-linux-x86_64.jar/org/bytedeco/javacpp/linux-x86_64/libjnijavacpp.so
7f40a8077000-7f40a807b000 r--p 00000000 08:05 922115                     /usr/lib/jvm/java-11-openjdk-amd64/lib/libnet.so
7f40a807b000-7f40a8089000 r-xp 00004000 08:05 922115                     /usr/lib/jvm/java-11-openjdk-amd64/lib/libnet.so
7f40a8089000-7f40a808d000 r--p 00012000 08:05 922115                     /usr/lib/jvm/java-11-openjdk-amd64/lib/libnet.so
7f40a808d000-7f40a808e000 r--p 00015000 08:05 922115                     /usr/lib/jvm/java-11-openjdk-amd64/lib/libnet.so
7f40a808e000-7f40a808f000 rw-p 00016000 08:05 922115                     /usr/lib/jvm/java-11-openjdk-amd64/lib/libnet.so
7f40a808f000-7f40a8093000 ---p 00000000 00:00 0 
7f40a8093000-7f40aa288000 rw-p 00000000 00:00 0 
7f40aa288000-7f40ab0c0000 ---p 00000000 00:00 0 
7f40ab0c0000-7f40ab1c0000 rw-p 00000000 00:00 0 
7f40ab1c0000-7f40abff8000 ---p 00000000 00:00 0 
7f40abff8000-7f40ac000000 rw-p 00000000 00:00 0 
7f40ac000000-7f40ac021000 rw-p 00000000 00:00 0 
7f40ac021000-7f40b0000000 ---p 00000000 00:00 0 
7f40b000a000-7f40b000b000 r--p 00000000 08:05 1461984                    /home/qutx/.javacpp/cache/llvm-13.0.1-1.5.7-linux-x86_64.jar/org/bytedeco/llvm/linux-x86_64/libRemarks.so.13
7f40b000b000-7f40b000c000 r-xp 00001000 08:05 1461984                    /home/qutx/.javacpp/cache/llvm-13.0.1-1.5.7-linux-x86_64.jar/org/bytedeco/llvm/linux-x86_64/libRemarks.so.13
7f40b000c000-7f40b000d000 r--p 00002000 08:05 1461984                    /home/qutx/.javacpp/cache/llvm-13.0.1-1.5.7-linux-x86_64.jar/org/bytedeco/llvm/linux-x86_64/libRemarks.so.13
7f40b000d000-7f40b000e000 r--p 00002000 08:05 1461984                    /home/qutx/.javacpp/cache/llvm-13.0.1-1.5.7-linux-x86_64.jar/org/bytedeco/llvm/linux-x86_64/libRemarks.so.13
7f40b000e000-7f40b000f000 rw-p 00003000 08:05 1461984                    /home/qutx/.javacpp/cache/llvm-13.0.1-1.5.7-linux-x86_64.jar/org/bytedeco/llvm/linux-x86_64/libRemarks.so.13
7f40b000f000-7f40b0013000 ---p 00000000 00:00 0 
7f40b0013000-7f40b0110000 rw-p 00000000 00:00 0 
7f40b0110000-7f40b0114000 ---p 00000000 00:00 0 
7f40b0114000-7f40b0211000 rw-p 00000000 00:00 0 
7f40b0211000-7f40b0215000 ---p 00000000 00:00 0 
7f40b0215000-7f40b0312000 rw-p 00000000 00:00 0 
7f40b0312000-7f40b0313000 ---p 00000000 00:00 0 
7f40b0313000-7f40b04f0000 rw-p 00000000 00:00 0 
7f40b04f0000-7f40b04f1000 ---p 00000000 00:00 0 
7f40b04f1000-7f40b05f2000 rw-p 00000000 00:00 0 
7f40b05f2000-7f40b05f3000 ---p 00000000 00:00 0 
7f40b05f3000-7f40b07f5000 rw-p 00000000 00:00 0 
7f40b07f5000-7f40b0a65000 rwxp 00000000 00:00 0 
7f40b0a65000-7f40b0d84000 ---p 00000000 00:00 0 
7f40b0d84000-7f40b0ff4000 rwxp 00000000 00:00 0 
7f40b0ff4000-7f40b82bc000 ---p 00000000 00:00 0 
7f40b82bc000-7f40b852c000 rwxp 00000000 00:00 0 
7f40b852c000-7f40bf7f5000 ---p 00000000 00:00 0 
7f40bf7f5000-7f40c8000000 r--s 00000000 08:05 922125                     /usr/lib/jvm/java-11-openjdk-amd64/lib/modules
7f40c8000000-7f40c8410000 rw-p 00000000 00:00 0 
7f40c8410000-7f40cc000000 ---p 00000000 00:00 0 
7f40cc004000-7f40cc00b000 r--p 00000000 08:05 922116                     /usr/lib/jvm/java-11-openjdk-amd64/lib/libnio.so
7f40cc00b000-7f40cc013000 r-xp 00007000 08:05 922116                     /usr/lib/jvm/java-11-openjdk-amd64/lib/libnio.so
7f40cc013000-7f40cc016000 r--p 0000f000 08:05 922116                     /usr/lib/jvm/java-11-openjdk-amd64/lib/libnio.so
7f40cc016000-7f40cc017000 r--p 00011000 08:05 922116                     /usr/lib/jvm/java-11-openjdk-amd64/lib/libnio.so
7f40cc017000-7f40cc018000 rw-p 00012000 08:05 922116                     /usr/lib/jvm/java-11-openjdk-amd64/lib/libnio.so
7f40cc018000-7f40cc01a000 r--p 00000000 08:05 922096                     /usr/lib/jvm/java-11-openjdk-amd64/lib/libdt_socket.so
7f40cc01a000-7f40cc01d000 r-xp 00002000 08:05 922096                     /usr/lib/jvm/java-11-openjdk-amd64/lib/libdt_socket.so
7f40cc01d000-7f40cc01e000 r--p 00005000 08:05 922096                     /usr/lib/jvm/java-11-openjdk-amd64/lib/libdt_socket.so
7f40cc01e000-7f40cc01f000 ---p 00006000 08:05 922096                     /usr/lib/jvm/java-11-openjdk-amd64/lib/libdt_socket.so
7f40cc01f000-7f40cc020000 r--p 00006000 08:05 922096                     /usr/lib/jvm/java-11-openjdk-amd64/lib/libdt_socket.so
7f40cc020000-7f40cc021000 rw-p 00007000 08:05 922096                     /usr/lib/jvm/java-11-openjdk-amd64/lib/libdt_socket.so
7f40cc021000-7f40cc028000 r--s 00000000 08:05 1447316                    /usr/lib/x86_64-linux-gnu/gconv/gconv-modules.cache
7f40cc028000-7f40cc129000 rw-p 00000000 00:00 0 
7f40cc129000-7f40cc12a000 ---p 00000000 00:00 0 
7f40cc12a000-7f40cc22b000 rw-p 00000000 00:00 0 
7f40cc22b000-7f40cc22c000 ---p 00000000 00:00 0 
7f40cc22c000-7f40cc36d000 rw-p 00000000 00:00 0 
7f40cc36d000-7f40cc534000 ---p 00000000 00:00 0 
7f40cc534000-7f40cc554000 rw-p 00000000 00:00 0 
7f40cc554000-7f40cc71b000 ---p 00000000 00:00 0 
7f40cc71b000-7f40cc73b000 rw-p 00000000 00:00 0 
7f40cc73b000-7f40cc902000 ---p 00000000 00:00 0 
7f40cc902000-7f40ccb05000 rw-p 00000000 00:00 0 
7f40ccb05000-7f40ccb06000 ---p 00000000 00:00 0 
7f40ccb06000-7f40ccc0c000 rw-p 00000000 00:00 0 
7f40ccc0c000-7f40cccf2000 ---p 00000000 00:00 0 
7f40cccf2000-7f40cccf7000 rw-p 00000000 00:00 0 
7f40cccf7000-7f40ccddd000 ---p 00000000 00:00 0 
7f40ccddd000-7f40ccde2000 rw-p 00000000 00:00 0 
7f40ccde2000-7f40ccde9000 ---p 00000000 00:00 0 
7f40ccde9000-7f40ccdef000 r--s 00067000 08:05 1843477                    /opt/idea-IC-223.8617.56/plugins/java/lib/rt/debugger-agent.jar
7f40ccdef000-7f40ccdf2000 r--p 00000000 08:05 924341                     /usr/lib/x86_64-linux-gnu/libnss_files-2.31.so
7f40ccdf2000-7f40ccdf9000 r-xp 00003000 08:05 924341                     /usr/lib/x86_64-linux-gnu/libnss_files-2.31.so
7f40ccdf9000-7f40ccdfb000 r--p 0000a000 08:05 924341                     /usr/lib/x86_64-linux-gnu/libnss_files-2.31.so
7f40ccdfb000-7f40ccdfc000 r--p 0000b000 08:05 924341                     /usr/lib/x86_64-linux-gnu/libnss_files-2.31.so
7f40ccdfc000-7f40ccdfd000 rw-p 0000c000 08:05 924341                     /usr/lib/x86_64-linux-gnu/libnss_files-2.31.so
7f40ccdfd000-7f40cce03000 rw-p 00000000 00:00 0 
7f40cce03000-7f40cce05000 r--p 00000000 08:05 922124                     /usr/lib/jvm/java-11-openjdk-amd64/lib/libzip.so
7f40cce05000-7f40cce0a000 r-xp 00002000 08:05 922124                     /usr/lib/jvm/java-11-openjdk-amd64/lib/libzip.so
7f40cce0a000-7f40cce0c000 r--p 00007000 08:05 922124                     /usr/lib/jvm/java-11-openjdk-amd64/lib/libzip.so
7f40cce0c000-7f40cce0d000 r--p 00008000 08:05 922124                     /usr/lib/jvm/java-11-openjdk-amd64/lib/libzip.so
7f40cce0d000-7f40cce0e000 rw-p 00009000 08:05 922124                     /usr/lib/jvm/java-11-openjdk-amd64/lib/libzip.so
7f40cce0e000-7f40cce16000 rw-s 00000000 08:05 2361554                    /tmp/hsperfdata_qutx/21096
7f40cce16000-7f40cdbf4000 r--p 00000000 08:05 922866                     /usr/lib/locale/locale-archive
7f40cdbf4000-7f40cdbf6000 r--p 00000000 08:05 922099                     /usr/lib/jvm/java-11-openjdk-amd64/lib/libinstrument.so
7f40cdbf6000-7f40cdbfc000 r-xp 00002000 08:05 922099                     /usr/lib/jvm/java-11-openjdk-amd64/lib/libinstrument.so
7f40cdbfc000-7f40cdbff000 r--p 00008000 08:05 922099                     /usr/lib/jvm/java-11-openjdk-amd64/lib/libinstrument.so
7f40cdbff000-7f40cdc00000 r--p 0000a000 08:05 922099                     /usr/lib/jvm/java-11-openjdk-amd64/lib/libinstrument.so
7f40cdc00000-7f40cdc01000 rw-p 0000b000 08:05 922099                     /usr/lib/jvm/java-11-openjdk-amd64/lib/libinstrument.so
7f40cdc01000-7f40cdc03000 r--p 00000000 08:05 922106                     /usr/lib/jvm/java-11-openjdk-amd64/lib/libjdwp.so
7f40cdc03000-7f40cdc2f000 r-xp 00002000 08:05 922106                     /usr/lib/jvm/java-11-openjdk-amd64/lib/libjdwp.so
7f40cdc2f000-7f40cdc3d000 r--p 0002e000 08:05 922106                     /usr/lib/jvm/java-11-openjdk-amd64/lib/libjdwp.so
7f40cdc3d000-7f40cdc3e000 r--p 0003b000 08:05 922106                     /usr/lib/jvm/java-11-openjdk-amd64/lib/libjdwp.so
7f40cdc3e000-7f40cdc3f000 rw-p 0003c000 08:05 922106                     /usr/lib/jvm/java-11-openjdk-amd64/lib/libjdwp.so
7f40cdc3f000-7f40cdc40000 ---p 00000000 00:00 0 
7f40cdc40000-7f40cdc41000 r--p 00000000 00:00 0 
7f40cdc41000-7f40cdc43000 r--p 00000000 08:05 922107                     /usr/lib/jvm/java-11-openjdk-amd64/lib/libjimage.so
7f40cdc43000-7f40cdc46000 r-xp 00002000 08:05 922107                     /usr/lib/jvm/java-11-openjdk-amd64/lib/libjimage.so
7f40cdc46000-7f40cdc47000 r--p 00005000 08:05 922107                     /usr/lib/jvm/java-11-openjdk-amd64/lib/libjimage.so
7f40cdc47000-7f40cdc48000 ---p 00006000 08:05 922107                     /usr/lib/jvm/java-11-openjdk-amd64/lib/libjimage.so
7f40cdc48000-7f40cdc49000 r--p 00006000 08:05 922107                     /usr/lib/jvm/java-11-openjdk-amd64/lib/libjimage.so
7f40cdc49000-7f40cdc4a000 rw-p 00007000 08:05 922107                     /usr/lib/jvm/java-11-openjdk-amd64/lib/libjimage.so
7f40cdc4a000-7f40cdc58000 r--p 00000000 08:05 922104                     /usr/lib/jvm/java-11-openjdk-amd64/lib/libjava.so
7f40cdc58000-7f40cdc6e000 r-xp 0000e000 08:05 922104                     /usr/lib/jvm/java-11-openjdk-amd64/lib/libjava.so
7f40cdc6e000-7f40cdc75000 r--p 00024000 08:05 922104                     /usr/lib/jvm/java-11-openjdk-amd64/lib/libjava.so
7f40cdc75000-7f40cdc76000 r--p 0002a000 08:05 922104                     /usr/lib/jvm/java-11-openjdk-amd64/lib/libjava.so
7f40cdc76000-7f40cdc77000 rw-p 0002b000 08:05 922104                     /usr/lib/jvm/java-11-openjdk-amd64/lib/libjava.so
7f40cdc77000-7f40cdc78000 rw-p 00000000 00:00 0 
7f40cdc78000-7f40cdc7a000 r--p 00000000 08:05 924550                     /usr/lib/x86_64-linux-gnu/librt-2.31.so
7f40cdc7a000-7f40cdc7e000 r-xp 00002000 08:05 924550                     /usr/lib/x86_64-linux-gnu/librt-2.31.so
7f40cdc7e000-7f40cdc80000 r--p 00006000 08:05 924550                     /usr/lib/x86_64-linux-gnu/librt-2.31.so
7f40cdc80000-7f40cdc81000 r--p 00007000 08:05 924550                     /usr/lib/x86_64-linux-gnu/librt-2.31.so
7f40cdc81000-7f40cdc82000 rw-p 00008000 08:05 924550                     /usr/lib/x86_64-linux-gnu/librt-2.31.so
7f40cdc82000-7f40cdc86000 ---p 00000000 00:00 0 
7f40cdc86000-7f40cdd83000 rw-p 00000000 00:00 0 
7f40cdd83000-7f40cdd86000 r--p 00000000 08:05 923854                     /usr/lib/x86_64-linux-gnu/libgcc_s.so.1
7f40cdd86000-7f40cdd98000 r-xp 00003000 08:05 923854                     /usr/lib/x86_64-linux-gnu/libgcc_s.so.1
7f40cdd98000-7f40cdd9c000 r--p 00015000 08:05 923854                     /usr/lib/x86_64-linux-gnu/libgcc_s.so.1
7f40cdd9c000-7f40cdd9d000 r--p 00018000 08:05 923854                     /usr/lib/x86_64-linux-gnu/libgcc_s.so.1
7f40cdd9d000-7f40cdd9e000 rw-p 00019000 08:05 923854                     /usr/lib/x86_64-linux-gnu/libgcc_s.so.1
7f40cdd9e000-7f40cddab000 r--p 00000000 08:05 924215                     /usr/lib/x86_64-linux-gnu/libm-2.31.so
7f40cddab000-7f40cde52000 r-xp 0000d000 08:05 924215                     /usr/lib/x86_64-linux-gnu/libm-2.31.so
7f40cde52000-7f40cdeeb000 r--p 000b4000 08:05 924215                     /usr/lib/x86_64-linux-gnu/libm-2.31.so
7f40cdeeb000-7f40cdeec000 r--p 0014c000 08:05 924215                     /usr/lib/x86_64-linux-gnu/libm-2.31.so
7f40cdeec000-7f40cdeed000 rw-p 0014d000 08:05 924215                     /usr/lib/x86_64-linux-gnu/libm-2.31.so
7f40cdeed000-7f40cdf83000 r--p 00000000 08:05 924659                     /usr/lib/x86_64-linux-gnu/libstdc++.so.6.0.28
7f40cdf83000-7f40ce074000 r-xp 00096000 08:05 924659                     /usr/lib/x86_64-linux-gnu/libstdc++.so.6.0.28
7f40ce074000-7f40ce0bd000 r--p 00187000 08:05 924659                     /usr/lib/x86_64-linux-gnu/libstdc++.so.6.0.28
7f40ce0bd000-7f40ce0be000 ---p 001d0000 08:05 924659                     /usr/lib/x86_64-linux-gnu/libstdc++.so.6.0.28
7f40ce0be000-7f40ce0c9000 r--p 001d0000 08:05 924659                     /usr/lib/x86_64-linux-gnu/libstdc++.so.6.0.28
7f40ce0c9000-7f40ce0cc000 rw-p 001db000 08:05 924659                     /usr/lib/x86_64-linux-gnu/libstdc++.so.6.0.28
7f40ce0cc000-7f40ce0cf000 rw-p 00000000 00:00 0 
7f40ce0cf000-7f40ce351000 r--p 00000000 08:05 922128                     /usr/lib/jvm/java-11-openjdk-amd64/lib/server/libjvm.so
7f40ce351000-7f40cefe2000 r-xp 00282000 08:05 922128                     /usr/lib/jvm/java-11-openjdk-amd64/lib/server/libjvm.so
7f40cefe2000-7f40cf241000 r--p 00f13000 08:05 922128                     /usr/lib/jvm/java-11-openjdk-amd64/lib/server/libjvm.so
7f40cf241000-7f40cf305000 r--p 01171000 08:05 922128                     /usr/lib/jvm/java-11-openjdk-amd64/lib/server/libjvm.so
7f40cf305000-7f40cf340000 rw-p 01235000 08:05 922128                     /usr/lib/jvm/java-11-openjdk-amd64/lib/server/libjvm.so
7f40cf340000-7f40cf399000 rw-p 00000000 00:00 0 
7f40cf399000-7f40cf39f000 r--p 00000000 08:05 924485                     /usr/lib/x86_64-linux-gnu/libpthread-2.31.so
7f40cf39f000-7f40cf3b0000 r-xp 00006000 08:05 924485                     /usr/lib/x86_64-linux-gnu/libpthread-2.31.so
7f40cf3b0000-7f40cf3b6000 r--p 00017000 08:05 924485                     /usr/lib/x86_64-linux-gnu/libpthread-2.31.so
7f40cf3b6000-7f40cf3b7000 r--p 0001c000 08:05 924485                     /usr/lib/x86_64-linux-gnu/libpthread-2.31.so
7f40cf3b7000-7f40cf3b8000 rw-p 0001d000 08:05 924485                     /usr/lib/x86_64-linux-gnu/libpthread-2.31.so
7f40cf3b8000-7f40cf3bc000 rw-p 00000000 00:00 0 
7f40cf3bc000-7f40cf3bd000 r--p 00000000 08:05 923700                     /usr/lib/x86_64-linux-gnu/libdl-2.31.so
7f40cf3bd000-7f40cf3bf000 r-xp 00001000 08:05 923700                     /usr/lib/x86_64-linux-gnu/libdl-2.31.so
7f40cf3bf000-7f40cf3c0000 r--p 00003000 08:05 923700                     /usr/lib/x86_64-linux-gnu/libdl-2.31.so
7f40cf3c0000-7f40cf3c1000 r--p 00003000 08:05 923700                     /usr/lib/x86_64-linux-gnu/libdl-2.31.so
7f40cf3c1000-7f40cf3c2000 rw-p 00004000 08:05 923700                     /usr/lib/x86_64-linux-gnu/libdl-2.31.so
7f40cf3c2000-7f40cf3c4000 r--p 00000000 08:05 923674                     /usr/lib/x86_64-linux-gnu/libz.so.1.2.11
7f40cf3c4000-7f40cf3d5000 r-xp 00002000 08:05 923674                     /usr/lib/x86_64-linux-gnu/libz.so.1.2.11
7f40cf3d5000-7f40cf3db000 r--p 00013000 08:05 923674                     /usr/lib/x86_64-linux-gnu/libz.so.1.2.11
7f40cf3db000-7f40cf3dc000 ---p 00019000 08:05 923674                     /usr/lib/x86_64-linux-gnu/libz.so.1.2.11
7f40cf3dc000-7f40cf3dd000 r--p 00019000 08:05 923674                     /usr/lib/x86_64-linux-gnu/libz.so.1.2.11
7f40cf3dd000-7f40cf3de000 rw-p 0001a000 08:05 923674                     /usr/lib/x86_64-linux-gnu/libz.so.1.2.11
7f40cf3de000-7f40cf400000 r--p 00000000 08:05 923557                     /usr/lib/x86_64-linux-gnu/libc-2.31.so
7f40cf400000-7f40cf578000 r-xp 00022000 08:05 923557                     /usr/lib/x86_64-linux-gnu/libc-2.31.so
7f40cf578000-7f40cf5c6000 r--p 0019a000 08:05 923557                     /usr/lib/x86_64-linux-gnu/libc-2.31.so
7f40cf5c6000-7f40cf5ca000 r--p 001e7000 08:05 923557                     /usr/lib/x86_64-linux-gnu/libc-2.31.so
7f40cf5ca000-7f40cf5cc000 rw-p 001eb000 08:05 923557                     /usr/lib/x86_64-linux-gnu/libc-2.31.so
7f40cf5cc000-7f40cf5d0000 rw-p 00000000 00:00 0 
7f40cf5d1000-7f40cf5d6000 r--p 00000000 08:05 922123                     /usr/lib/jvm/java-11-openjdk-amd64/lib/libverify.so
7f40cf5d6000-7f40cf5dd000 r-xp 00005000 08:05 922123                     /usr/lib/jvm/java-11-openjdk-amd64/lib/libverify.so
7f40cf5dd000-7f40cf5df000 r--p 0000c000 08:05 922123                     /usr/lib/jvm/java-11-openjdk-amd64/lib/libverify.so
7f40cf5df000-7f40cf5e0000 ---p 0000e000 08:05 922123                     /usr/lib/jvm/java-11-openjdk-amd64/lib/libverify.so
7f40cf5e0000-7f40cf5e2000 r--p 0000e000 08:05 922123                     /usr/lib/jvm/java-11-openjdk-amd64/lib/libverify.so
7f40cf5e2000-7f40cf5e3000 rw-p 00010000 08:05 922123                     /usr/lib/jvm/java-11-openjdk-amd64/lib/libverify.so
7f40cf5e3000-7f40cf5e6000 r--p 00000000 08:05 922089                     /usr/lib/jvm/java-11-openjdk-amd64/lib/jli/libjli.so
7f40cf5e6000-7f40cf5f0000 r-xp 00003000 08:05 922089                     /usr/lib/jvm/java-11-openjdk-amd64/lib/jli/libjli.so
7f40cf5f0000-7f40cf5f3000 r--p 0000d000 08:05 922089                     /usr/lib/jvm/java-11-openjdk-amd64/lib/jli/libjli.so
7f40cf5f3000-7f40cf5f4000 ---p 00010000 08:05 922089                     /usr/lib/jvm/java-11-openjdk-amd64/lib/jli/libjli.so
7f40cf5f4000-7f40cf5f5000 r--p 00010000 08:05 922089                     /usr/lib/jvm/java-11-openjdk-amd64/lib/jli/libjli.so
7f40cf5f5000-7f40cf5f6000 rw-p 00011000 08:05 922089                     /usr/lib/jvm/java-11-openjdk-amd64/lib/jli/libjli.so
7f40cf5f6000-7f40cf5f8000 rw-p 00000000 00:00 0 
7f40cf5f8000-7f40cf5f9000 r--p 00000000 08:05 923337                     /usr/lib/x86_64-linux-gnu/ld-2.31.so
7f40cf5f9000-7f40cf61c000 r-xp 00001000 08:05 923337                     /usr/lib/x86_64-linux-gnu/ld-2.31.so
7f40cf61c000-7f40cf624000 r--p 00024000 08:05 923337                     /usr/lib/x86_64-linux-gnu/ld-2.31.so
7f40cf625000-7f40cf626000 r--p 0002c000 08:05 923337                     /usr/lib/x86_64-linux-gnu/ld-2.31.so
7f40cf626000-7f40cf627000 rw-p 0002d000 08:05 923337                     /usr/lib/x86_64-linux-gnu/ld-2.31.so
7f40cf627000-7f40cf628000 rw-p 00000000 00:00 0 
7ffea691b000-7ffea693c000 rw-p 00000000 00:00 0                          [stack]
7ffea6945000-7ffea6949000 r--p 00000000 00:00 0                          [vvar]
7ffea6949000-7ffea694b000 r-xp 00000000 00:00 0                          [vdso]
ffffffffff600000-ffffffffff601000 --xp 00000000 00:00 0                  [vsyscall]


VM Arguments:
jvm_args: -agentlib:jdwp=transport=dt_socket,address=127.0.0.1:49631,suspend=y,server=n -javaagent:/opt/idea-IC-223.8617.56/plugins/java/lib/rt/debugger-agent.jar -Dfile.encoding=UTF-8 
java_command: Main tests/test1.sysy
java_class_path (initial): /home/qutx/Desktop/study/compile/Lab/out/production/Lab:/usr/local/lib/antlr-4.9.1-complete.jar:/usr/local/lib/javacpp-1.5.7-linux-x86_64.jar:/usr/local/lib/javacpp-1.5.7.jar:/usr/local/lib/llvm-13.0.1-1.5.7-linux-x86_64.jar:/usr/local/lib/llvm-13.0.1-1.5.7.jar:/usr/local/lib/llvm-platform-13.0.1-1.5.7.jar:/home/qutx/Desktop/study/compile/Lab:/opt/idea-IC-223.8617.56/lib/idea_rt.jar
Launcher Type: SUN_STANDARD

[Global flags]
     intx CICompilerCount                          = 2                                         {product} {ergonomic}
     uint ConcGCThreads                            = 1                                         {product} {ergonomic}
     uint G1ConcRefinementThreads                  = 2                                         {product} {ergonomic}
   size_t G1HeapRegionSize                         = 1048576                                   {product} {ergonomic}
    uintx GCDrainStackTargetSize                   = 64                                        {product} {ergonomic}
   size_t InitialHeapSize                          = 65011712                                  {product} {ergonomic}
   size_t MarkStackSize                            = 4194304                                   {product} {ergonomic}
   size_t MaxHeapSize                              = 1021313024                                {product} {ergonomic}
   size_t MaxNewSize                               = 612368384                                 {product} {ergonomic}
   size_t MinHeapDeltaBytes                        = 1048576                                   {product} {ergonomic}
    uintx NonNMethodCodeHeapSize                   = 5825164                                {pd product} {ergonomic}
    uintx NonProfiledCodeHeapSize                  = 122916538                              {pd product} {ergonomic}
    uintx ProfiledCodeHeapSize                     = 122916538                              {pd product} {ergonomic}
    uintx ReservedCodeCacheSize                    = 251658240                              {pd product} {ergonomic}
     bool SegmentedCodeCache                       = true                                      {product} {ergonomic}
     bool UseCompressedClassPointers               = true                                 {lp64_product} {ergonomic}
     bool UseCompressedOops                        = true                                 {lp64_product} {ergonomic}
     bool UseG1GC                                  = true                                      {product} {ergonomic}

Logging:
Log output configuration:
 #0: stdout all=warning uptime,level,tags
 #1: stderr all=off uptime,level,tags

Environment Variables:
JAVA_HOME=/opt/jdk-19.0.2
PATH=/opt/idea-IC-223.8617.56/bin:/opt/jdk-19.0.2/bin:/usr/local/sbin:/usr/local/bin:/usr/sbin:/usr/bin:/sbin:/bin:/usr/games:/usr/local/games:/snap/bin
USERNAME=qutx
SHELL=/bin/bash
DISPLAY=:0
LANG=en_US.UTF-8
LC_NUMERIC=zh_CN.UTF-8
LC_TIME=zh_CN.UTF-8
TERM=xterm-256color

Signal Handlers:
SIGSEGV: [libjvm.so+0xe9f840], sa_mask[0]=11111111011111111101111111111110, sa_flags=SA_RESTART|SA_SIGINFO
SIGBUS: [libjvm.so+0xe9f840], sa_mask[0]=11111111011111111101111111111110, sa_flags=SA_RESTART|SA_SIGINFO
SIGFPE: [libjvm.so+0xe9f840], sa_mask[0]=11111111011111111101111111111110, sa_flags=SA_RESTART|SA_SIGINFO
SIGPIPE: [libjvm.so+0xbe53b0], sa_mask[0]=11111111011111111101111111111110, sa_flags=SA_RESTART|SA_SIGINFO
SIGXFSZ: [libjvm.so+0xbe53b0], sa_mask[0]=11111111011111111101111111111110, sa_flags=SA_RESTART|SA_SIGINFO
SIGILL: [libjvm.so+0xe9f840], sa_mask[0]=11111111011111111101111111111110, sa_flags=SA_RESTART|SA_SIGINFO
SIGUSR2: [libjvm.so+0xbe5250], sa_mask[0]=00100000000000000000000000000000, sa_flags=SA_RESTART|SA_SIGINFO
SIGHUP: [libjvm.so+0xbe5900], sa_mask[0]=11111111011111111101111111111110, sa_flags=SA_RESTART|SA_SIGINFO
SIGINT: [libjvm.so+0xbe5900], sa_mask[0]=11111111011111111101111111111110, sa_flags=SA_RESTART|SA_SIGINFO
SIGTERM: [libjvm.so+0xbe5900], sa_mask[0]=11111111011111111101111111111110, sa_flags=SA_RESTART|SA_SIGINFO
SIGQUIT: [libjvm.so+0xbe5900], sa_mask[0]=11111111011111111101111111111110, sa_flags=SA_RESTART|SA_SIGINFO


---------------  S Y S T E M  ---------------

OS:DISTRIB_ID=Ubuntu
DISTRIB_RELEASE=20.04
DISTRIB_CODENAME=focal
DISTRIB_DESCRIPTION="Ubuntu 20.04.6 LTS"
uname:Linux 5.15.0-71-generic #78~20.04.1-Ubuntu SMP Wed Apr 19 11:26:48 UTC 2023 x86_64
OS uptime: 0 days 1:15 hours
libc:glibc 2.31 NPTL 2.31 
rlimit (soft/hard): STACK 8192k/infinity , CORE 0k/infinity , NPROC 15242/15242 , NOFILE 1048576/1048576 , AS infinity/infinity , CPU infinity/infinity , DATA infinity/infinity , FSIZE infinity/infinity , MEMLOCK 65536k/65536k
load average:3.22 2.79 1.78

/proc/meminfo:
MemTotal:        3983204 kB
MemFree:          101164 kB
MemAvailable:     749828 kB
Buffers:           23260 kB
Cached:           781320 kB
SwapCached:         9724 kB
Active:           540372 kB
Inactive:        2787260 kB
Active(anon):     137536 kB
Inactive(anon):  2386900 kB
Active(file):     402836 kB
Inactive(file):   400360 kB
Unevictable:           0 kB
Mlocked:               0 kB
SwapTotal:       2097148 kB
SwapFree:        1549608 kB
Dirty:              6756 kB
Writeback:             0 kB
AnonPages:       2518472 kB
Mapped:           527248 kB
Shmem:              2036 kB
KReclaimable:      99536 kB
Slab:             197344 kB
SReclaimable:      99536 kB
SUnreclaim:        97808 kB
KernelStack:       12992 kB
PageTables:        22500 kB
NFS_Unstable:          0 kB
Bounce:                0 kB
WritebackTmp:          0 kB
CommitLimit:     4088748 kB
Committed_AS:    6186808 kB
VmallocTotal:   34359738367 kB
VmallocUsed:       72456 kB
VmallocChunk:          0 kB
Percpu:           104448 kB
HardwareCorrupted:     0 kB
AnonHugePages:         0 kB
ShmemHugePages:        0 kB
ShmemPmdMapped:        0 kB
FileHugePages:         0 kB
FilePmdMapped:         0 kB
HugePages_Total:       0
HugePages_Free:        0
HugePages_Rsvd:        0
HugePages_Surp:        0
Hugepagesize:       2048 kB
Hugetlb:               0 kB
DirectMap4k:      321344 kB
DirectMap2M:     3872768 kB
DirectMap1G:     2097152 kB

/sys/kernel/mm/transparent_hugepage/enabled:
always [madvise] never
/sys/kernel/mm/transparent_hugepage/defrag (defrag/compaction efforts parameter):
always defer defer+madvise [madvise] never

Process Memory:
Virtual Size: 3683040K (peak: 12394916K)
Resident Set Size: 94100K (peak: 94100K) (anon: 36412K, file: 57688K, shmem: 0K)
Swapped out: 0K
C-Heap outstanding allocations: 9618K, retained: 7441K
glibc malloc tunables: (default)

/proc/sys/kernel/threads-max (system-wide limit on the number of threads):
30485
/proc/sys/vm/max_map_count (maximum number of memory map areas a process may have):
65530
/proc/sys/kernel/pid_max (system-wide limit on number of process identifiers):
4194304

container (cgroup) information:
container_type: cgroupv1
cpu_cpuset_cpus: 0-1
cpu_memory_nodes: 0
active_processor_count: 2
cpu_quota: no quota
cpu_period: 100000
cpu_shares: no shares
memory_limit_in_bytes: unlimited
memory_and_swap_limit_in_bytes: unlimited
memory_soft_limit_in_bytes: unlimited
memory_usage_in_bytes: 2868352 k
memory_max_usage_in_bytes: 2868352 k
kernel_memory_usage_in_bytes: 55700 k
kernel_memory_max_usage_in_bytes: unlimited
kernel_memory_limit_in_bytes: 56744 k
maximum number of tasks: unlimited
current number of tasks: 364

VMWare virtualization detected
Steal ticks since vm start: 0
Steal ticks percentage since vm start:  0.000

CPU:total 2 (initial active 2) (1 cores per cpu, 1 threads per core) family 6 model 165 stepping 2 microcode 0xffffffff, cmov, cx8, fxsr, mmx, sse, sse2, sse3, ssse3, sse4.1, sse4.2, popcnt, avx, avx2, aes, clmul, erms, 3dnowpref, lzcnt, tsc, tscinvbit, bmi1, bmi2, adx, fma
CPU Model and flags from /proc/cpuinfo:
model name	: Intel(R) Core(TM) i7-10750H CPU @ 2.60GHz
flags		: fpu vme de pse tsc msr pae mce cx8 apic sep mtrr pge mca cmov pat pse36 clflush mmx fxsr sse sse2 ss syscall nx pdpe1gb rdtscp lm constant_tsc arch_perfmon nopl xtopology tsc_reliable nonstop_tsc cpuid tsc_known_freq pni pclmulqdq ssse3 fma cx16 pcid sse4_1 sse4_2 x2apic movbe popcnt aes xsave avx f16c rdrand hypervisor lahf_lm abm 3dnowprefetch invpcid_single pti ssbd ibrs ibpb stibp fsgsbase tsc_adjust bmi1 avx2 smep bmi2 invpcid rdseed adx smap clflushopt xsaveopt xsavec xgetbv1 xsaves arat flush_l1d arch_capabilities
Online cpus:
0-1
Offline cpus:
2-127
BIOS frequency limitation:
<Not Available>
Frequency switch latency (ns):
<Not Available>
Available cpu frequencies:
<Not Available>
Current governor:
<Not Available>
Core performance/turbo boost:
<Not Available>

Memory: 4k page, physical 3983204k(101164k free), swap 2097148k(1549608k free)

vm_info: OpenJDK 64-Bit Server VM (11.0.19+7-post-Ubuntu-0ubuntu120.04.1) for linux-amd64 JRE (11.0.19+7-post-Ubuntu-0ubuntu120.04.1), built on May 10 2023 00:55:26 by "unknown" with gcc 9.4.0

END.
