#
# A fatal error has been detected by the Java Runtime Environment:
#
#  SIGSEGV (0xb) at pc=0x00007f9a9e1553ac, pid=22865, tid=22869
#
# JRE version: OpenJDK Runtime Environment (11.0.19+7) (build 11.0.19+7-post-Ubuntu-0ubuntu120.04.1)
# Java VM: OpenJDK 64-Bit Server VM (11.0.19+7-post-Ubuntu-0ubuntu120.04.1, mixed mode, sharing, tiered, compressed oops, g1 gc, linux-amd64)
# Problematic frame:
# C  [libLLVM-13.so+0xc293ac]  LLVMBuildAdd+0xfc
#
# Core dump will be written. Default location: Core dumps may be processed with "/usr/share/apport/apport -p%p -s%s -c%c -d%d -P%P -u%u -g%g -- %E" (or dumping to /home/qutx/Desktop/study/compile/Lab/core.22865)
#
# If you would like to submit a bug report, please visit:
#   https://bugs.launchpad.net/ubuntu/+source/openjdk-lts
# The crash happened outside the Java Virtual Machine in native code.
# See problematic frame for where to report the bug.
#

---------------  S U M M A R Y ------------

Command Line: -javaagent:/opt/idea-IC-223.8617.56/lib/idea_rt.jar=40513:/opt/idea-IC-223.8617.56/bin -Dfile.encoding=UTF-8 Main tests/test1.sysy

Host: Intel(R) Core(TM) i7-10750H CPU @ 2.60GHz, 2 cores, 3G, Ubuntu 20.04.6 LTS
Time: Thu May 18 14:19:51 2023 CST elapsed time: 0.455976 seconds (0d 0h 0m 0s)

---------------  T H R E A D  ---------------

Current thread (0x00007f9af8017000):  JavaThread "main" [_thread_in_native, id=22869, stack(0x00007f9aff05d000,0x00007f9aff15e000)]

Stack: [0x00007f9aff05d000,0x00007f9aff15e000],  sp=0x00007f9aff15bba0,  free space=1018k
Native frames: (J=compiled Java code, A=aot compiled Java code, j=interpreted, Vv=VM code, C=native code)
C  [libLLVM-13.so+0xc293ac]  LLVMBuildAdd+0xfc

Java frames: (J=compiled Java code, j=interpreted, Vv=VM code)
j  org.bytedeco.llvm.global.LLVM.LLVMBuildAdd(Lorg/bytedeco/llvm/LLVM/LLVMBuilderRef;Lorg/bytedeco/llvm/LLVM/LLVMValueRef;Lorg/bytedeco/llvm/LLVM/LLVMValueRef;Ljava/lang/String;)Lorg/bytedeco/llvm/LLVM/LLVMValueRef;+0
j  LlvmVisitor.visitPlusExp(LSysYParser$PlusExpContext;)Lorg/bytedeco/llvm/LLVM/LLVMValueRef;+49
j  LlvmVisitor.visitPlusExp(LSysYParser$PlusExpContext;)Ljava/lang/Object;+2
j  SysYParser$PlusExpContext.accept(Lorg/antlr/v4/runtime/tree/ParseTreeVisitor;)Ljava/lang/Object;+12
j  LlvmVisitor.visitReturnStmt(LSysYParser$ReturnStmtContext;)Lorg/bytedeco/llvm/LLVM/LLVMValueRef;+5
j  LlvmVisitor.visitReturnStmt(LSysYParser$ReturnStmtContext;)Ljava/lang/Object;+2
j  SysYParser$ReturnStmtContext.accept(Lorg/antlr/v4/runtime/tree/ParseTreeVisitor;)Ljava/lang/Object;+12
j  org.antlr.v4.runtime.tree.AbstractParseTreeVisitor.visitChildren(Lorg/antlr/v4/runtime/tree/RuleNode;)Ljava/lang/Object;+46
j  SysYParserBaseVisitor.visitBlockItem(LSysYParser$BlockItemContext;)Ljava/lang/Object;+2
j  SysYParser$BlockItemContext.accept(Lorg/antlr/v4/runtime/tree/ParseTreeVisitor;)Ljava/lang/Object;+12
j  org.antlr.v4.runtime.tree.AbstractParseTreeVisitor.visitChildren(Lorg/antlr/v4/runtime/tree/RuleNode;)Ljava/lang/Object;+46
j  SysYParserBaseVisitor.visitBlock(LSysYParser$BlockContext;)Ljava/lang/Object;+2
j  LlvmVisitor.visitBlock(LSysYParser$BlockContext;)Lorg/bytedeco/llvm/LLVM/LLVMValueRef;+43
j  LlvmVisitor.visitBlock(LSysYParser$BlockContext;)Ljava/lang/Object;+2
j  SysYParser$BlockContext.accept(Lorg/antlr/v4/runtime/tree/ParseTreeVisitor;)Ljava/lang/Object;+12
j  org.antlr.v4.runtime.tree.AbstractParseTreeVisitor.visitChildren(Lorg/antlr/v4/runtime/tree/RuleNode;)Ljava/lang/Object;+46
j  SysYParserBaseVisitor.visitFuncDef(LSysYParser$FuncDefContext;)Ljava/lang/Object;+2
j  LlvmVisitor.visitFuncDef(LSysYParser$FuncDefContext;)Lorg/bytedeco/llvm/LLVM/LLVMValueRef;+81
j  LlvmVisitor.visitFuncDef(LSysYParser$FuncDefContext;)Ljava/lang/Object;+2
j  SysYParser$FuncDefContext.accept(Lorg/antlr/v4/runtime/tree/ParseTreeVisitor;)Ljava/lang/Object;+12
j  org.antlr.v4.runtime.tree.AbstractParseTreeVisitor.visitChildren(Lorg/antlr/v4/runtime/tree/RuleNode;)Ljava/lang/Object;+46
j  SysYParserBaseVisitor.visitCompUnit(LSysYParser$CompUnitContext;)Ljava/lang/Object;+2
j  SysYParser$CompUnitContext.accept(Lorg/antlr/v4/runtime/tree/ParseTreeVisitor;)Ljava/lang/Object;+12
j  org.antlr.v4.runtime.tree.AbstractParseTreeVisitor.visitChildren(Lorg/antlr/v4/runtime/tree/RuleNode;)Ljava/lang/Object;+46
j  SysYParserBaseVisitor.visitProgram(LSysYParser$ProgramContext;)Ljava/lang/Object;+2
j  LlvmVisitor.visitProgram(LSysYParser$ProgramContext;)Lorg/bytedeco/llvm/LLVM/LLVMValueRef;+22
j  LlvmVisitor.visitProgram(LSysYParser$ProgramContext;)Ljava/lang/Object;+2
j  SysYParser$ProgramContext.accept(Lorg/antlr/v4/runtime/tree/ParseTreeVisitor;)Ljava/lang/Object;+12
j  org.antlr.v4.runtime.tree.AbstractParseTreeVisitor.visit(Lorg/antlr/v4/runtime/tree/ParseTree;)Ljava/lang/Object;+2
j  Main.main([Ljava/lang/String;)V+55
v  ~StubRoutines::call_stub

siginfo: si_signo: 11 (SIGSEGV), si_code: 1 (SEGV_MAPERR), si_addr: 0x0000000200000027

Register to memory mapping:

RAX=0x00007f9af833ed00 points into unknown readable memory: 0x00007f9af8360ee8 | e8 0e 36 f8 9a 7f 00 00
RBX=0x00007f9af833ecc0 points into unknown readable memory: 0x00007f9af8370010 | 10 00 37 f8 9a 7f 00 00
RCX=0x00007f9af8370088 points into unknown readable memory: 0x00007f9af833ece0 | e0 ec 33 f8 9a 7f 00 00
RDX=0x00007f9aff15bba0 is pointing into the stack for thread: 0x00007f9af8017000
RSP=0x00007f9aff15bba0 is pointing into the stack for thread: 0x00007f9af8017000
RBP=0x00007f9af8017348 points into unknown readable memory: 0x00007f9b006e6b40 | 40 6b 6e 00 9b 7f 00 00
RSI=0x00007f9aff15bbd0 is pointing into the stack for thread: 0x00007f9af8017000
RDI=0x0000000200000027 is an unknown value
R8 =0x00007f9af833ed00 points into unknown readable memory: 0x00007f9af8360ee8 | e8 0e 36 f8 9a 7f 00 00
R9 =0x0 is NULL
R10=0x00007f9af8360ee8 points into unknown readable memory: 0x00007f9af8360760 | 60 07 36 f8 9a 7f 00 00
R11=0x00007f9a9e1552b0: LLVMBuildAdd+0x0000000000000000 in /home/qutx/.javacpp/cache/llvm-13.0.1-1.5.7-linux-x86_64.jar/org/bytedeco/llvm/linux-x86_64/libLLVM-13.so at 0x00007f9a9d52c000
R12=0x00007f9af833ed00 points into unknown readable memory: 0x00007f9af8360ee8 | e8 0e 36 f8 9a 7f 00 00
R13=0x00007f9af8370010 points into unknown readable memory: 0x00007f9af8360ee8 | e8 0e 36 f8 9a 7f 00 00
R14=0x00007f9af8370080 points into unknown readable memory: 0x00007f9af8360ee8 | e8 0e 36 f8 9a 7f 00 00
R15=0x00007f9af833ecc0 points into unknown readable memory: 0x00007f9af8370010 | 10 00 37 f8 9a 7f 00 00


Registers:
RAX=0x00007f9af833ed00, RBX=0x00007f9af833ecc0, RCX=0x00007f9af8370088, RDX=0x00007f9aff15bba0
RSP=0x00007f9aff15bba0, RBP=0x00007f9af8017348, RSI=0x00007f9aff15bbd0, RDI=0x0000000200000027
R8 =0x00007f9af833ed00, R9 =0x0000000000000000, R10=0x00007f9af8360ee8, R11=0x00007f9a9e1552b0
R12=0x00007f9af833ed00, R13=0x00007f9af8370010, R14=0x00007f9af8370080, R15=0x00007f9af833ecc0
RIP=0x00007f9a9e1553ac, EFLAGS=0x0000000000010202, CSGSFS=0x002b000000000033, ERR=0x0000000000000004
  TRAPNO=0x000000000000000e

Top of Stack: (sp=0x00007f9aff15bba0)
0x00007f9aff15bba0:   00007f9af83701f0 00007f9b00853299
0x00007f9aff15bbb0:   0000000000000005 0000000000000004
0x00007f9aff15bbc0:   00007f9af8370103 00007f9af811d190
0x00007f9aff15bbd0:   00007f9af8370080 00007f9af833ecc0 

Instructions: (pc=0x00007f9a9e1553ac)
0x00007f9a9e1552ac:   0f 1f 40 00 41 54 55 53 48 89 fb 48 89 f7 48 89
0x00007f9a9e1552bc:   d6 ba 01 01 00 00 48 83 ec 60 80 39 00 66 89 54
0x00007f9a9e1552cc:   24 20 74 09 48 89 0c 24 c6 44 24 20 03 80 7f 10
0x00007f9a9e1552dc:   12 0f 87 95 00 00 00 80 7e 10 12 0f 87 8b 00 00
0x00007f9a9e1552ec:   00 4c 8b 4b 48 48 8d 15 18 19 fa ff 49 8b 01 48
0x00007f9a9e1552fc:   8b 40 10 48 39 d0 0f 85 f0 00 00 00 31 c9 31 d2
0x00007f9a9e15530c:   e8 7f 13 ff ff 49 89 c4 41 80 7c 24 10 19 76 4b
0x00007f9a9e15531c:   48 8b 7b 50 48 8b 4b 30 48 89 e2 4c 89 e6 4c 8b
0x00007f9a9e15532c:   43 38 48 8b 07 ff 50 10 8b 6b 08 48 8b 03 48 c1
0x00007f9a9e15533c:   e5 04 48 01 c5 48 39 e8 74 21 48 89 c3 0f 1f 80
0x00007f9a9e15534c:   00 00 00 00 48 8b 53 08 8b 33 4c 89 e7 48 83 c3
0x00007f9a9e15535c:   10 e8 de 4a 0e 00 48 39 dd 75 e9 48 83 c4 60 4c
0x00007f9a9e15536c:   89 e0 5b 5d 41 5c c3 0f 1f 44 00 00 48 89 f2 b8
0x00007f9a9e15537c:   01 01 00 00 48 89 fe 45 31 c0 48 8d 4c 24 30 bf
0x00007f9a9e15538c:   0d 00 00 00 66 89 44 24 50 e8 76 cf 09 00 48 8b
0x00007f9a9e15539c:   7b 50 48 89 e2 48 8b 4b 30 49 89 c4 4c 8b 43 38
0x00007f9a9e1553ac:   48 8b 07 4c 89 e6 ff 50 10 8b 6b 08 48 8b 13 48
0x00007f9a9e1553bc:   c1 e5 04 48 01 d5 48 39 ea 74 a0 48 89 d3 66 0f
0x00007f9a9e1553cc:   1f 44 00 00 48 8b 53 08 8b 33 4c 89 e7 48 83 c3
0x00007f9a9e1553dc:   10 e8 5e 4a 0e 00 48 39 dd 75 e9 48 83 c4 60 4c
0x00007f9a9e1553ec:   89 e0 5b 5d 41 5c c3 0f 1f 44 00 00 48 89 f2 45
0x00007f9a9e1553fc:   31 c0 48 89 fe 31 c9 4c 89 cf ff d0 49 89 c4 e9
0x00007f9a9e15540c:   04 ff ff ff 41 54 55 53 48 89 fb 48 89 f7 48 89
0x00007f9a9e15541c:   d6 ba 01 01 00 00 48 83 ec 60 80 39 00 66 89 54
0x00007f9a9e15542c:   24 20 74 09 48 89 0c 24 c6 44 24 20 03 80 7f 10
0x00007f9a9e15543c:   12 0f 87 95 00 00 00 80 7e 10 12 0f 87 8b 00 00
0x00007f9a9e15544c:   00 4c 8b 4b 48 48 8d 15 b8 17 fa ff 49 8b 01 48
0x00007f9a9e15545c:   8b 40 10 48 39 d0 0f 85 f8 00 00 00 b9 01 00 00
0x00007f9a9e15546c:   00 31 d2 e8 1c 12 ff ff 49 89 c4 41 80 7c 24 10
0x00007f9a9e15547c:   19 76 48 48 8b 7b 50 48 8b 4b 30 48 89 e2 4c 89
0x00007f9a9e15548c:   e6 4c 8b 43 38 48 8b 07 ff 50 10 8b 6b 08 48 8b
0x00007f9a9e15549c:   03 48 c1 e5 04 48 01 c5 48 39 e8 74 1e 48 89 c3 


Stack slot to memory mapping:
stack at sp + 0 slots: 0x00007f9af83701f0 points into unknown readable memory: 0x000000005f706d74 | 74 6d 70 5f 00 00 00 00
stack at sp + 1 slots: 0x00007f9b00853299: __libc_malloc+0x00000000000001b9 in /lib/x86_64-linux-gnu/libc.so.6 at 0x00007f9b007b9000
stack at sp + 2 slots: 0x0000000000000005 is an unknown value
stack at sp + 3 slots: 0x0000000000000004 is an unknown value
stack at sp + 4 slots: 0x00007f9af8370103 points into unknown readable memory: 76 6d 5f 4c 4c
stack at sp + 5 slots: 0x00007f9af811d190 points into unknown readable memory: 0x00000000c6b55ba0 | a0 5b b5 c6 00 00 00 00
stack at sp + 6 slots: 0x00007f9af8370080 points into unknown readable memory: 0x00007f9af8360ee8 | e8 0e 36 f8 9a 7f 00 00
stack at sp + 7 slots: 0x00007f9af833ecc0 points into unknown readable memory: 0x00007f9af8370010 | 10 00 37 f8 9a 7f 00 00


---------------  P R O C E S S  ---------------

Threads class SMR info:
_java_thread_list=0x00007f9af82d9350, length=11, elements={
0x00007f9af8017000, 0x00007f9af811e800, 0x00007f9af8120800, 0x00007f9af8127000,
0x00007f9af8129000, 0x00007f9af812b800, 0x00007f9af812d800, 0x00007f9af812f800,
0x00007f9af813d800, 0x00007f9af81e3800, 0x00007f9af82d8800
}

Java Threads: ( => current thread )
=>0x00007f9af8017000 JavaThread "main" [_thread_in_native, id=22869, stack(0x00007f9aff05d000,0x00007f9aff15e000)]
  0x00007f9af811e800 JavaThread "Reference Handler" daemon [_thread_blocked, id=22876, stack(0x00007f9ae0571000,0x00007f9ae0672000)]
  0x00007f9af8120800 JavaThread "Finalizer" daemon [_thread_blocked, id=22878, stack(0x00007f9ae0470000,0x00007f9ae0571000)]
  0x00007f9af8127000 JavaThread "Signal Dispatcher" daemon [_thread_blocked, id=22884, stack(0x00007f9ae036f000,0x00007f9ae0470000)]
  0x00007f9af8129000 JavaThread "Service Thread" daemon [_thread_blocked, id=22885, stack(0x00007f9ae026e000,0x00007f9ae036f000)]
  0x00007f9af812b800 JavaThread "C2 CompilerThread0" daemon [_thread_in_native, id=22886, stack(0x00007f9ae016d000,0x00007f9ae026e000)]
  0x00007f9af812d800 JavaThread "C1 CompilerThread0" daemon [_thread_blocked, id=22887, stack(0x00007f9ae006c000,0x00007f9ae016d000)]
  0x00007f9af812f800 JavaThread "Sweeper thread" daemon [_thread_blocked, id=22888, stack(0x00007f9ad0921000,0x00007f9ad0a22000)]
  0x00007f9af813d800 JavaThread "Common-Cleaner" daemon [_thread_blocked, id=22890, stack(0x00007f9ad0820000,0x00007f9ad0921000)]
  0x00007f9af81e3800 JavaThread "Monitor Ctrl-Break" daemon [_thread_in_native, id=22894, stack(0x00007f9ad071f000,0x00007f9ad0820000)]
  0x00007f9af82d8800 JavaThread "JavaCPP Deallocator" daemon [_thread_blocked, id=22897, stack(0x00007f9ad041a000,0x00007f9ad051b000)]

Other Threads:
  0x00007f9af811b800 VMThread "VM Thread" [stack: 0x00007f9ae0674000,0x00007f9ae0774000] [id=22875]
  0x00007f9af81e5000 WatcherThread [stack: 0x00007f9ad061f000,0x00007f9ad071f000] [id=22895]
  0x00007f9af802e800 GCTaskThread "GC Thread#0" [stack: 0x00007f9afed04000,0x00007f9afee04000] [id=22870]
  0x00007f9ac8001000 GCTaskThread "GC Thread#1" [stack: 0x00007f9ad051d000,0x00007f9ad061d000] [id=22896]
  0x00007f9af8049800 ConcurrentGCThread "G1 Main Marker" [stack: 0x00007f9afc5ba000,0x00007f9afc6ba000] [id=22871]
  0x00007f9af804b800 ConcurrentGCThread "G1 Conc#0" [stack: 0x00007f9afc4b8000,0x00007f9afc5b8000] [id=22872]
  0x00007f9af8086800 ConcurrentGCThread "G1 Refine#0" [stack: 0x00007f9afc1b4000,0x00007f9afc2b4000] [id=22873]
  0x00007f9af8088800 ConcurrentGCThread "G1 Young RemSet Sampling" [stack: 0x00007f9afc0b2000,0x00007f9afc1b2000] [id=22874]

Threads with active compile tasks:
C2 CompilerThread0      459  642       4       java.util.zip.ZipFile$Source::getEntryPos (206 bytes)

VM state:not at safepoint (normal execution)

VM Mutex/Monitor currently owned by a thread: None

Heap address: 0x00000000c3200000, size: 974 MB, Compressed Oops mode: 32-bit
Narrow klass base: 0x0000000800000000, Narrow klass shift: 3
Compressed class space size: 1073741824 Address: 0x0000000840000000

Heap:
 garbage-first heap   total 65536K, used 6713K [0x00000000c3200000, 0x0000000100000000)
  region size 1024K, 6 young (6144K), 1 survivors (1024K)
 Metaspace       used 3982K, capacity 6566K, committed 6656K, reserved 1056768K
  class space    used 459K, capacity 701K, committed 768K, reserved 1048576K
Heap Regions: E=young(eden), S=young(survivor), O=old, HS=humongous(starts), HC=humongous(continues), CS=collection set, F=free, A=archive, TAMS=top-at-mark-start (previous, next)
|   0|0x00000000c3200000, 0x00000000c32dc600, 0x00000000c3300000| 86%| O|  |TAMS 0x00000000c3200000, 0x00000000c3200000| Untracked 
|   1|0x00000000c3300000, 0x00000000c3300000, 0x00000000c3400000|  0%| F|  |TAMS 0x00000000c3300000, 0x00000000c3300000| Untracked 
|   2|0x00000000c3400000, 0x00000000c3400000, 0x00000000c3500000|  0%| F|  |TAMS 0x00000000c3400000, 0x00000000c3400000| Untracked 
|   3|0x00000000c3500000, 0x00000000c3500000, 0x00000000c3600000|  0%| F|  |TAMS 0x00000000c3500000, 0x00000000c3500000| Untracked 
|   4|0x00000000c3600000, 0x00000000c3600000, 0x00000000c3700000|  0%| F|  |TAMS 0x00000000c3600000, 0x00000000c3600000| Untracked 
|   5|0x00000000c3700000, 0x00000000c3700000, 0x00000000c3800000|  0%| F|  |TAMS 0x00000000c3700000, 0x00000000c3700000| Untracked 
|   6|0x00000000c3800000, 0x00000000c3800000, 0x00000000c3900000|  0%| F|  |TAMS 0x00000000c3800000, 0x00000000c3800000| Untracked 
|   7|0x00000000c3900000, 0x00000000c3900000, 0x00000000c3a00000|  0%| F|  |TAMS 0x00000000c3900000, 0x00000000c3900000| Untracked 
|   8|0x00000000c3a00000, 0x00000000c3a00000, 0x00000000c3b00000|  0%| F|  |TAMS 0x00000000c3a00000, 0x00000000c3a00000| Untracked 
|   9|0x00000000c3b00000, 0x00000000c3b00000, 0x00000000c3c00000|  0%| F|  |TAMS 0x00000000c3b00000, 0x00000000c3b00000| Untracked 
|  10|0x00000000c3c00000, 0x00000000c3c00000, 0x00000000c3d00000|  0%| F|  |TAMS 0x00000000c3c00000, 0x00000000c3c00000| Untracked 
|  11|0x00000000c3d00000, 0x00000000c3d00000, 0x00000000c3e00000|  0%| F|  |TAMS 0x00000000c3d00000, 0x00000000c3d00000| Untracked 
|  12|0x00000000c3e00000, 0x00000000c3e00000, 0x00000000c3f00000|  0%| F|  |TAMS 0x00000000c3e00000, 0x00000000c3e00000| Untracked 
|  13|0x00000000c3f00000, 0x00000000c3f00000, 0x00000000c4000000|  0%| F|  |TAMS 0x00000000c3f00000, 0x00000000c3f00000| Untracked 
|  14|0x00000000c4000000, 0x00000000c4000000, 0x00000000c4100000|  0%| F|  |TAMS 0x00000000c4000000, 0x00000000c4000000| Untracked 
|  15|0x00000000c4100000, 0x00000000c4100000, 0x00000000c4200000|  0%| F|  |TAMS 0x00000000c4100000, 0x00000000c4100000| Untracked 
|  16|0x00000000c4200000, 0x00000000c4200000, 0x00000000c4300000|  0%| F|  |TAMS 0x00000000c4200000, 0x00000000c4200000| Untracked 
|  17|0x00000000c4300000, 0x00000000c4300000, 0x00000000c4400000|  0%| F|  |TAMS 0x00000000c4300000, 0x00000000c4300000| Untracked 
|  18|0x00000000c4400000, 0x00000000c4400000, 0x00000000c4500000|  0%| F|  |TAMS 0x00000000c4400000, 0x00000000c4400000| Untracked 
|  19|0x00000000c4500000, 0x00000000c4500000, 0x00000000c4600000|  0%| F|  |TAMS 0x00000000c4500000, 0x00000000c4500000| Untracked 
|  20|0x00000000c4600000, 0x00000000c4600000, 0x00000000c4700000|  0%| F|  |TAMS 0x00000000c4600000, 0x00000000c4600000| Untracked 
|  21|0x00000000c4700000, 0x00000000c4700000, 0x00000000c4800000|  0%| F|  |TAMS 0x00000000c4700000, 0x00000000c4700000| Untracked 
|  22|0x00000000c4800000, 0x00000000c4800000, 0x00000000c4900000|  0%| F|  |TAMS 0x00000000c4800000, 0x00000000c4800000| Untracked 
|  23|0x00000000c4900000, 0x00000000c4900000, 0x00000000c4a00000|  0%| F|  |TAMS 0x00000000c4900000, 0x00000000c4900000| Untracked 
|  24|0x00000000c4a00000, 0x00000000c4a00000, 0x00000000c4b00000|  0%| F|  |TAMS 0x00000000c4a00000, 0x00000000c4a00000| Untracked 
|  25|0x00000000c4b00000, 0x00000000c4b00000, 0x00000000c4c00000|  0%| F|  |TAMS 0x00000000c4b00000, 0x00000000c4b00000| Untracked 
|  26|0x00000000c4c00000, 0x00000000c4c00000, 0x00000000c4d00000|  0%| F|  |TAMS 0x00000000c4c00000, 0x00000000c4c00000| Untracked 
|  27|0x00000000c4d00000, 0x00000000c4d00000, 0x00000000c4e00000|  0%| F|  |TAMS 0x00000000c4d00000, 0x00000000c4d00000| Untracked 
|  28|0x00000000c4e00000, 0x00000000c4e00000, 0x00000000c4f00000|  0%| F|  |TAMS 0x00000000c4e00000, 0x00000000c4e00000| Untracked 
|  29|0x00000000c4f00000, 0x00000000c4f00000, 0x00000000c5000000|  0%| F|  |TAMS 0x00000000c4f00000, 0x00000000c4f00000| Untracked 
|  30|0x00000000c5000000, 0x00000000c5000000, 0x00000000c5100000|  0%| F|  |TAMS 0x00000000c5000000, 0x00000000c5000000| Untracked 
|  31|0x00000000c5100000, 0x00000000c5100000, 0x00000000c5200000|  0%| F|  |TAMS 0x00000000c5100000, 0x00000000c5100000| Untracked 
|  32|0x00000000c5200000, 0x00000000c5200000, 0x00000000c5300000|  0%| F|  |TAMS 0x00000000c5200000, 0x00000000c5200000| Untracked 
|  33|0x00000000c5300000, 0x00000000c5300000, 0x00000000c5400000|  0%| F|  |TAMS 0x00000000c5300000, 0x00000000c5300000| Untracked 
|  34|0x00000000c5400000, 0x00000000c5400000, 0x00000000c5500000|  0%| F|  |TAMS 0x00000000c5400000, 0x00000000c5400000| Untracked 
|  35|0x00000000c5500000, 0x00000000c5500000, 0x00000000c5600000|  0%| F|  |TAMS 0x00000000c5500000, 0x00000000c5500000| Untracked 
|  36|0x00000000c5600000, 0x00000000c5600000, 0x00000000c5700000|  0%| F|  |TAMS 0x00000000c5600000, 0x00000000c5600000| Untracked 
|  37|0x00000000c5700000, 0x00000000c5700000, 0x00000000c5800000|  0%| F|  |TAMS 0x00000000c5700000, 0x00000000c5700000| Untracked 
|  38|0x00000000c5800000, 0x00000000c5800000, 0x00000000c5900000|  0%| F|  |TAMS 0x00000000c5800000, 0x00000000c5800000| Untracked 
|  39|0x00000000c5900000, 0x00000000c5900000, 0x00000000c5a00000|  0%| F|  |TAMS 0x00000000c5900000, 0x00000000c5900000| Untracked 
|  40|0x00000000c5a00000, 0x00000000c5a00000, 0x00000000c5b00000|  0%| F|  |TAMS 0x00000000c5a00000, 0x00000000c5a00000| Untracked 
|  41|0x00000000c5b00000, 0x00000000c5b00000, 0x00000000c5c00000|  0%| F|  |TAMS 0x00000000c5b00000, 0x00000000c5b00000| Untracked 
|  42|0x00000000c5c00000, 0x00000000c5c00000, 0x00000000c5d00000|  0%| F|  |TAMS 0x00000000c5c00000, 0x00000000c5c00000| Untracked 
|  43|0x00000000c5d00000, 0x00000000c5d00000, 0x00000000c5e00000|  0%| F|  |TAMS 0x00000000c5d00000, 0x00000000c5d00000| Untracked 
|  44|0x00000000c5e00000, 0x00000000c5e00000, 0x00000000c5f00000|  0%| F|  |TAMS 0x00000000c5e00000, 0x00000000c5e00000| Untracked 
|  45|0x00000000c5f00000, 0x00000000c5f00000, 0x00000000c6000000|  0%| F|  |TAMS 0x00000000c5f00000, 0x00000000c5f00000| Untracked 
|  46|0x00000000c6000000, 0x00000000c6000000, 0x00000000c6100000|  0%| F|  |TAMS 0x00000000c6000000, 0x00000000c6000000| Untracked 
|  47|0x00000000c6100000, 0x00000000c6100000, 0x00000000c6200000|  0%| F|  |TAMS 0x00000000c6100000, 0x00000000c6100000| Untracked 
|  48|0x00000000c6200000, 0x00000000c6200000, 0x00000000c6300000|  0%| F|  |TAMS 0x00000000c6200000, 0x00000000c6200000| Untracked 
|  49|0x00000000c6300000, 0x00000000c6300000, 0x00000000c6400000|  0%| F|  |TAMS 0x00000000c6300000, 0x00000000c6300000| Untracked 
|  50|0x00000000c6400000, 0x00000000c6400000, 0x00000000c6500000|  0%| F|  |TAMS 0x00000000c6400000, 0x00000000c6400000| Untracked 
|  51|0x00000000c6500000, 0x00000000c6500000, 0x00000000c6600000|  0%| F|  |TAMS 0x00000000c6500000, 0x00000000c6500000| Untracked 
|  52|0x00000000c6600000, 0x00000000c6600000, 0x00000000c6700000|  0%| F|  |TAMS 0x00000000c6600000, 0x00000000c6600000| Untracked 
|  53|0x00000000c6700000, 0x00000000c6700000, 0x00000000c6800000|  0%| F|  |TAMS 0x00000000c6700000, 0x00000000c6700000| Untracked 
|  54|0x00000000c6800000, 0x00000000c6900000, 0x00000000c6900000|100%| S|CS|TAMS 0x00000000c6800000, 0x00000000c6800000| Complete 
|  55|0x00000000c6900000, 0x00000000c6900000, 0x00000000c6a00000|  0%| F|  |TAMS 0x00000000c6900000, 0x00000000c6900000| Untracked 
|  56|0x00000000c6a00000, 0x00000000c6a00000, 0x00000000c6b00000|  0%| F|  |TAMS 0x00000000c6a00000, 0x00000000c6a00000| Untracked 
|  57|0x00000000c6b00000, 0x00000000c6b81010, 0x00000000c6c00000| 50%| E|  |TAMS 0x00000000c6b00000, 0x00000000c6b00000| Complete 
|  58|0x00000000c6c00000, 0x00000000c6d00000, 0x00000000c6d00000|100%| E|CS|TAMS 0x00000000c6c00000, 0x00000000c6c00000| Complete 
|  59|0x00000000c6d00000, 0x00000000c6e00000, 0x00000000c6e00000|100%| E|CS|TAMS 0x00000000c6d00000, 0x00000000c6d00000| Complete 
|  60|0x00000000c6e00000, 0x00000000c6f00000, 0x00000000c6f00000|100%| E|CS|TAMS 0x00000000c6e00000, 0x00000000c6e00000| Complete 
|  61|0x00000000c6f00000, 0x00000000c7000000, 0x00000000c7000000|100%| E|CS|TAMS 0x00000000c6f00000, 0x00000000c6f00000| Complete 
| 972|0x00000000ffe00000, 0x00000000ffe47000, 0x00000000fff00000| 27%|OA|  |TAMS 0x00000000ffe00000, 0x00000000ffe00000| Untracked 
| 973|0x00000000fff00000, 0x00000000fff6b000, 0x0000000100000000| 41%|CA|  |TAMS 0x00000000fff00000, 0x00000000fff00000| Untracked 

Card table byte_map: [0x00007f9afe732000,0x00007f9afe919000] _byte_map_base: 0x00007f9afe119000

Marking Bits (Prev, Next): (CMBitMap*) 0x00007f9af8044c38, (CMBitMap*) 0x00007f9af8044c70
 Prev Bits: [0x00007f9afd613000, 0x00007f9afe54b000)
 Next Bits: [0x00007f9afc6db000, 0x00007f9afd613000)

Polling page: 0x00007f9aff01a000

Metaspace:

Usage:
  Non-class:      5.73 MB capacity,     3.44 MB ( 60%) used,     2.28 MB ( 40%) free+waste,     7.50 KB ( <1%) overhead. 
      Class:    701.00 KB capacity,   459.53 KB ( 66%) used,   237.34 KB ( 34%) free+waste,     4.12 KB ( <1%) overhead. 
       Both:      6.41 MB capacity,     3.89 MB ( 61%) used,     2.51 MB ( 39%) free+waste,    11.62 KB ( <1%) overhead. 

Virtual space:
  Non-class space:        8.00 MB reserved,       5.75 MB ( 72%) committed 
      Class space:        1.00 GB reserved,     768.00 KB ( <1%) committed 
             Both:        1.01 GB reserved,       6.50 MB ( <1%) committed 

Chunk freelists:
   Non-Class:  23.00 KB
       Class:  3.00 KB
        Both:  26.00 KB

MaxMetaspaceSize: unlimited
CompressedClassSpaceSize: 1.00 GB
Initial GC threshold: 20.80 MB
Current GC threshold: 20.80 MB
CDS: on

CodeHeap 'non-profiled nmethods': size=120036Kb used=221Kb max_used=221Kb free=119814Kb
 bounds [0x00007f9ae82bc000, 0x00007f9ae852c000, 0x00007f9aef7f5000]
CodeHeap 'profiled nmethods': size=120032Kb used=1266Kb max_used=1266Kb free=118765Kb
 bounds [0x00007f9ae0d84000, 0x00007f9ae0ff4000, 0x00007f9ae82bc000]
CodeHeap 'non-nmethods': size=5692Kb used=1148Kb max_used=1156Kb free=4543Kb
 bounds [0x00007f9ae07f5000, 0x00007f9ae0a65000, 0x00007f9ae0d84000]
 total_blobs=1150 nmethods=740 adapters=324
 compilation: enabled
              stopped_count=0, restarted_count=0
 full_count=0

Compilation events (20 events):
Event: 0.443 Thread 0x00007f9af812d800 nmethod 708 0x00007f9ae0eaa510 code [0x00007f9ae0eaa700, 0x00007f9ae0eaaaa0]
Event: 0.443 Thread 0x00007f9af812d800  705       3       java.lang.invoke.MemberName::isConstructor (7 bytes)
Event: 0.443 Thread 0x00007f9af812d800 nmethod 705 0x00007f9ae0eaac90 code [0x00007f9ae0eaae40, 0x00007f9ae0eab090]
Event: 0.443 Thread 0x00007f9af812d800  711       3       sun.invoke.util.Wrapper::hashPrim (30 bytes)
Event: 0.444 Thread 0x00007f9af812d800 nmethod 711 0x00007f9ae0eab190 code [0x00007f9ae0eab440, 0x00007f9ae0eac000]
Event: 0.444 Thread 0x00007f9af812d800  710       1       java.lang.invoke.LambdaForm$Name::type (5 bytes)
Event: 0.444 Thread 0x00007f9af812d800 nmethod 710 0x00007f9ae82f0d90 code [0x00007f9ae82f0f40, 0x00007f9ae82f1010]
Event: 0.444 Thread 0x00007f9af812d800  709       3       java.lang.invoke.LambdaForm$Name::<init> (54 bytes)
Event: 0.444 Thread 0x00007f9af812d800 nmethod 709 0x00007f9ae0eac490 code [0x00007f9ae0eac660, 0x00007f9ae0eac930]
Event: 0.444 Thread 0x00007f9af812d800  719       3       java.lang.invoke.LambdaForm$Name::useCount (42 bytes)
Event: 0.444 Thread 0x00007f9af812d800 nmethod 719 0x00007f9ae0eaca10 code [0x00007f9ae0eacbe0, 0x00007f9ae0eacef0]
Event: 0.444 Thread 0x00007f9af812d800  713       3       java.lang.invoke.MemberName::getReferenceKind (12 bytes)
Event: 0.444 Thread 0x00007f9af812d800 nmethod 713 0x00007f9ae0ead010 code [0x00007f9ae0ead1c0, 0x00007f9ae0ead2f0]
Event: 0.444 Thread 0x00007f9af812d800  715       3       sun.invoke.util.Wrapper::findPrimitiveType (25 bytes)
Event: 0.445 Thread 0x00007f9af812d800 nmethod 715 0x00007f9ae0ead390 code [0x00007f9ae0ead620, 0x00007f9ae0eae0e0]
Event: 0.445 Thread 0x00007f9af812d800  718       3       jdk.internal.org.objectweb.asm.MethodWriter::visitVarInsn (300 bytes)
Event: 0.447 Thread 0x00007f9af812d800 nmethod 718 0x00007f9ae0eae590 code [0x00007f9ae0eae800, 0x00007f9ae0eaf1e0]
Event: 0.447 Thread 0x00007f9af812d800  724       3       java.lang.Number::<init> (5 bytes)
Event: 0.447 Thread 0x00007f9af812d800 nmethod 724 0x00007f9ae0eaf510 code [0x00007f9ae0eaf6c0, 0x00007f9ae0eaf830]
Event: 0.447 Thread 0x00007f9af812d800  723       3       jdk.internal.org.objectweb.asm.Frame::execute (2264 bytes)

GC Heap History (2 events):
Event: 0.376 GC heap before
{Heap before GC invocations=0 (full 0):
 garbage-first heap   total 65536K, used 7880K [0x00000000c3200000, 0x0000000100000000)
  region size 1024K, 7 young (7168K), 0 survivors (0K)
 Metaspace       used 3457K, capacity 6324K, committed 6528K, reserved 1056768K
  class space    used 349K, capacity 618K, committed 640K, reserved 1048576K
}
Event: 0.386 GC heap after
{Heap after GC invocations=1 (full 0):
 garbage-first heap   total 65536K, used 2617K [0x00000000c3200000, 0x0000000100000000)
  region size 1024K, 1 young (1024K), 1 survivors (1024K)
 Metaspace       used 3457K, capacity 6324K, committed 6528K, reserved 1056768K
  class space    used 349K, capacity 618K, committed 640K, reserved 1048576K
}

Deoptimization events (20 events):
Event: 0.415 Thread 0x00007f9af8017000 DEOPT PACKING pc=0x00007f9ae0dbcccf sp=0x00007f9aff15b780
Event: 0.415 Thread 0x00007f9af8017000 DEOPT UNPACKING pc=0x00007f9ae083f64a sp=0x00007f9aff15ac28 mode 0
Event: 0.415 Thread 0x00007f9af8017000 DEOPT PACKING pc=0x00007f9ae0dbcccf sp=0x00007f9aff15b680
Event: 0.415 Thread 0x00007f9af8017000 DEOPT UNPACKING pc=0x00007f9ae083f64a sp=0x00007f9aff15ab28 mode 0
Event: 0.438 Thread 0x00007f9af8017000 Uncommon trap: trap_request=0xffffffc6 fr.pc=0x00007f9ae82c5fa4 relative=0x0000000000000084
Event: 0.438 Thread 0x00007f9af8017000 Uncommon trap: reason=bimorphic_or_optimized_type_check action=maybe_recompile pc=0x00007f9ae82c5fa4 method=java.util.AbstractCollection.isEmpty()Z @ 1 c2
Event: 0.438 Thread 0x00007f9af8017000 DEOPT PACKING pc=0x00007f9ae82c5fa4 sp=0x00007f9aff15b000
Event: 0.438 Thread 0x00007f9af8017000 DEOPT UNPACKING pc=0x00007f9ae083eea5 sp=0x00007f9aff15afb0 mode 2
Event: 0.438 Thread 0x00007f9af8017000 Uncommon trap: trap_request=0xffffffc6 fr.pc=0x00007f9ae82c5fa4 relative=0x0000000000000084
Event: 0.438 Thread 0x00007f9af8017000 Uncommon trap: reason=bimorphic_or_optimized_type_check action=maybe_recompile pc=0x00007f9ae82c5fa4 method=java.util.AbstractCollection.isEmpty()Z @ 1 c2
Event: 0.438 Thread 0x00007f9af8017000 DEOPT PACKING pc=0x00007f9ae82c5fa4 sp=0x00007f9aff15b1d0
Event: 0.438 Thread 0x00007f9af8017000 DEOPT UNPACKING pc=0x00007f9ae083eea5 sp=0x00007f9aff15b180 mode 2
Event: 0.440 Thread 0x00007f9af8017000 Uncommon trap: trap_request=0xffffffc6 fr.pc=0x00007f9ae82c5fa4 relative=0x0000000000000084
Event: 0.440 Thread 0x00007f9af8017000 Uncommon trap: reason=bimorphic_or_optimized_type_check action=maybe_recompile pc=0x00007f9ae82c5fa4 method=java.util.AbstractCollection.isEmpty()Z @ 1 c2
Event: 0.440 Thread 0x00007f9af8017000 DEOPT PACKING pc=0x00007f9ae82c5fa4 sp=0x00007f9aff15b000
Event: 0.440 Thread 0x00007f9af8017000 DEOPT UNPACKING pc=0x00007f9ae083eea5 sp=0x00007f9aff15afb0 mode 2
Event: 0.440 Thread 0x00007f9af8017000 Uncommon trap: trap_request=0xffffffc6 fr.pc=0x00007f9ae82c5fa4 relative=0x0000000000000084
Event: 0.440 Thread 0x00007f9af8017000 Uncommon trap: reason=bimorphic_or_optimized_type_check action=maybe_recompile pc=0x00007f9ae82c5fa4 method=java.util.AbstractCollection.isEmpty()Z @ 1 c2
Event: 0.440 Thread 0x00007f9af8017000 DEOPT PACKING pc=0x00007f9ae82c5fa4 sp=0x00007f9aff15b1d0
Event: 0.440 Thread 0x00007f9af8017000 DEOPT UNPACKING pc=0x00007f9ae083eea5 sp=0x00007f9aff15b180 mode 2

Classes redefined (0 events):
No events

Internal exceptions (20 events):
Event: 0.146 Thread 0x00007f9af8017000 Exception <a 'java/security/PrivilegedActionException'{0x00000000c6ee2f30}> (0x00000000c6ee2f30) thrown at [src/hotspot/share/prims/jvm.cpp, line 1304]
Event: 0.146 Thread 0x00007f9af8017000 Exception <a 'java/security/PrivilegedActionException'{0x00000000c6ee3200}> (0x00000000c6ee3200) thrown at [src/hotspot/share/prims/jvm.cpp, line 1304]
Event: 0.146 Thread 0x00007f9af8017000 Exception <a 'java/security/PrivilegedActionException'{0x00000000c6ee3b88}> (0x00000000c6ee3b88) thrown at [src/hotspot/share/prims/jvm.cpp, line 1304]
Event: 0.146 Thread 0x00007f9af8017000 Exception <a 'java/security/PrivilegedActionException'{0x00000000c6ee3e58}> (0x00000000c6ee3e58) thrown at [src/hotspot/share/prims/jvm.cpp, line 1304]
Event: 0.146 Thread 0x00007f9af8017000 Exception <a 'java/security/PrivilegedActionException'{0x00000000c6ee47e0}> (0x00000000c6ee47e0) thrown at [src/hotspot/share/prims/jvm.cpp, line 1304]
Event: 0.146 Thread 0x00007f9af8017000 Exception <a 'java/security/PrivilegedActionException'{0x00000000c6ee4ab0}> (0x00000000c6ee4ab0) thrown at [src/hotspot/share/prims/jvm.cpp, line 1304]
Event: 0.147 Thread 0x00007f9af8017000 Exception <a 'java/security/PrivilegedActionException'{0x00000000c6ee5438}> (0x00000000c6ee5438) thrown at [src/hotspot/share/prims/jvm.cpp, line 1304]
Event: 0.147 Thread 0x00007f9af8017000 Exception <a 'java/security/PrivilegedActionException'{0x00000000c6ee5708}> (0x00000000c6ee5708) thrown at [src/hotspot/share/prims/jvm.cpp, line 1304]
Event: 0.147 Thread 0x00007f9af8017000 Exception <a 'java/security/PrivilegedActionException'{0x00000000c6ee6078}> (0x00000000c6ee6078) thrown at [src/hotspot/share/prims/jvm.cpp, line 1304]
Event: 0.147 Thread 0x00007f9af8017000 Exception <a 'java/security/PrivilegedActionException'{0x00000000c6ee6348}> (0x00000000c6ee6348) thrown at [src/hotspot/share/prims/jvm.cpp, line 1304]
Event: 0.147 Thread 0x00007f9af8017000 Exception <a 'java/security/PrivilegedActionException'{0x00000000c6ee6cd0}> (0x00000000c6ee6cd0) thrown at [src/hotspot/share/prims/jvm.cpp, line 1304]
Event: 0.147 Thread 0x00007f9af8017000 Exception <a 'java/security/PrivilegedActionException'{0x00000000c6ee6fa0}> (0x00000000c6ee6fa0) thrown at [src/hotspot/share/prims/jvm.cpp, line 1304]
Event: 0.313 Thread 0x00007f9af8017000 Exception <a 'java/lang/NoSuchMethodError'{0x00000000c6ad7508}: 'int java.lang.invoke.DirectMethodHandle$Holder.invokeStaticInit(java.lang.Object, java.lang.Object, java.lang.Object, java.lang.Object)'> (0x00000000c6ad7508) thrown at [src/hotspot/share/interpreter/linkResolver.cpp, line 772]
Event: 0.314 Thread 0x00007f9af8017000 Exception <a 'java/lang/IncompatibleClassChangeError'{0x00000000c6ae1288}: Found class java.lang.Object, but interface was expected> (0x00000000c6ae1288) thrown at [src/hotspot/share/interpreter/linkResolver.cpp, line 839]
Event: 0.315 Thread 0x00007f9af8017000 Exception <a 'java/lang/NoSuchMethodError'{0x00000000c6ae4438}: 'void java.lang.invoke.DirectMethodHandle$Holder.invokeStaticInit(java.lang.Object, java.lang.Object)'> (0x00000000c6ae4438) thrown at [src/hotspot/share/interpreter/linkResolver.cpp, line 772]
Event: 0.315 Thread 0x00007f9af8017000 Exception <a 'java/lang/NoSuchMethodError'{0x00000000c6ae9908}: 'int java.lang.invoke.DirectMethodHandle$Holder.invokeStaticInit(java.lang.Object, java.lang.Object)'> (0x00000000c6ae9908) thrown at [src/hotspot/share/interpreter/linkResolver.cpp, line 772]
Event: 0.448 Thread 0x00007f9af8017000 Exception <a 'java/lang/NoSuchMethodError'{0x00000000c6b07d78}: 'java.lang.Object java.lang.invoke.DirectMethodHandle$Holder.invokeStatic(java.lang.Object, java.lang.Object, java.lang.Object, java.lang.Object, java.lang.Object, java.lang.Object, java.lang.Object, java.lang.Object, java.lang.Object, java.lang.Object, java.lang.Object, int)'> (0x00000000c6b07d78) thrown at [src/hotspot/share/interpreter/linkResolver.cpp, line 772]
Event: 0.450 Thread 0x00007f9af8017000 Exception <a 'java/lang/NoSuchMethodError'{0x00000000c6b27148}: 'java.lang.Object java.lang.invoke.DirectMethodHandle$Holder.invokeStatic(java.lang.Object, java.lang.Object, java.lang.Object, java.lang.Object, java.lang.Object, java.lang.Object, java.lang.Object, java.lang.Object, java.lang.Object, java.lang.Object, java.lang.Object, int, int)'> (0x00000000c6b27148) thrown at [src/hotspot/share/interpreter/linkResolver.cpp, line 772]
Event: 0.452 Thread 0x00007f9af8017000 Exception <a 'java/lang/NoSuchMethodError'{0x00000000c6b46500}: 'java.lang.Object java.lang.invoke.DirectMethodHandle$Holder.invokeStatic(java.lang.Object, java.lang.Object, java.lang.Object, java.lang.Object, java.lang.Object, java.lang.Object, java.lang.Object, java.lang.Object, java.lang.Object, java.lang.Object, java.lang.Object, int, int, java.lang.Object)'> (0x00000000c6b46500) thrown at [src/hotspot/share/interpreter/linkResolver.cpp, line 772]
Event: 0.453 Thread 0x00007f9af8017000 Exception <a 'java/lang/NoSuchMethodError'{0x00000000c6b52758}: 'java.lang.Object java.lang.invoke.Invokers$Holder.linkToTargetMethod(java.lang.Object, int, java.lang.Object)'> (0x00000000c6b52758) thrown at [src/hotspot/share/interpreter/linkResolver.cpp, line 772]

Events (20 events):
Event: 0.438 loading class java/lang/invoke/BoundMethodHandle$Species_LL
Event: 0.438 loading class java/lang/invoke/BoundMethodHandle$Species_LL done
Event: 0.439 loading class java/lang/invoke/BoundMethodHandle$Species_LLL
Event: 0.439 loading class java/lang/invoke/BoundMethodHandle$Species_LLL done
Event: 0.440 loading class java/lang/invoke/BoundMethodHandle$Species_LLLL
Event: 0.440 loading class java/lang/invoke/BoundMethodHandle$Species_LLLL done
Event: 0.441 loading class java/lang/invoke/BoundMethodHandle$Species_LLLLL
Event: 0.441 loading class java/lang/invoke/BoundMethodHandle$Species_LLLLL done
Event: 0.442 loading class java/lang/invoke/BoundMethodHandle$Species_LLLLLL
Event: 0.442 loading class java/lang/invoke/BoundMethodHandle$Species_LLLLLL done
Event: 0.443 loading class java/lang/invoke/BoundMethodHandle$Species_LLLLLLL
Event: 0.443 loading class java/lang/invoke/BoundMethodHandle$Species_LLLLLLL done
Event: 0.444 loading class java/lang/invoke/BoundMethodHandle$Species_LLLLLLLL
Event: 0.444 loading class java/lang/invoke/BoundMethodHandle$Species_LLLLLLLL done
Event: 0.445 loading class java/lang/invoke/BoundMethodHandle$Species_LLLLLLLLI
Event: 0.445 loading class java/lang/invoke/BoundMethodHandle$Species_LLLLLLLLI done
Event: 0.449 loading class java/lang/invoke/BoundMethodHandle$Species_LLLLLLLLII
Event: 0.449 loading class java/lang/invoke/BoundMethodHandle$Species_LLLLLLLLII done
Event: 0.450 loading class java/lang/invoke/BoundMethodHandle$Species_LLLLLLLLIIL
Event: 0.450 loading class java/lang/invoke/BoundMethodHandle$Species_LLLLLLLLIIL done


Dynamic libraries:
c3200000-c7000000 rw-p 00000000 00:00 0 
c7000000-ffe00000 ---p 00000000 00:00 0 
ffe00000-ffe47000 rw-p 00b0a000 08:05 922150                             /usr/lib/jvm/java-11-openjdk-amd64/lib/server/classes.jsa
ffe47000-fff00000 rw-p 00000000 00:00 0 
fff00000-fff6b000 rw-p 00a9f000 08:05 922150                             /usr/lib/jvm/java-11-openjdk-amd64/lib/server/classes.jsa
fff6b000-100000000 rw-p 00000000 00:00 0 
800000000-800002000 rwxp 00001000 08:05 922150                           /usr/lib/jvm/java-11-openjdk-amd64/lib/server/classes.jsa
800002000-8003cc000 rw-p 00003000 08:05 922150                           /usr/lib/jvm/java-11-openjdk-amd64/lib/server/classes.jsa
8003cc000-800a9d000 r--p 003cd000 08:05 922150                           /usr/lib/jvm/java-11-openjdk-amd64/lib/server/classes.jsa
800a9d000-800a9e000 rw-p 00a9e000 08:05 922150                           /usr/lib/jvm/java-11-openjdk-amd64/lib/server/classes.jsa
840000000-8400c0000 rw-p 00000000 00:00 0 
8400c0000-880000000 ---p 00000000 00:00 0 
55da6f050000-55da6f051000 r--p 00000000 08:05 922046                     /usr/lib/jvm/java-11-openjdk-amd64/bin/java
55da6f051000-55da6f052000 r-xp 00001000 08:05 922046                     /usr/lib/jvm/java-11-openjdk-amd64/bin/java
55da6f052000-55da6f053000 r--p 00002000 08:05 922046                     /usr/lib/jvm/java-11-openjdk-amd64/bin/java
55da6f053000-55da6f054000 r--p 00002000 08:05 922046                     /usr/lib/jvm/java-11-openjdk-amd64/bin/java
55da6f054000-55da6f055000 rw-p 00003000 08:05 922046                     /usr/lib/jvm/java-11-openjdk-amd64/bin/java
55da7087d000-55da708bf000 rw-p 00000000 00:00 0                          [heap]
7f9a9d52c000-7f9a9de52000 r--p 00000000 08:05 1461981                    /home/qutx/.javacpp/cache/llvm-13.0.1-1.5.7-linux-x86_64.jar/org/bytedeco/llvm/linux-x86_64/libLLVM-13.so
7f9a9de52000-7f9aa1815000 r-xp 00926000 08:05 1461981                    /home/qutx/.javacpp/cache/llvm-13.0.1-1.5.7-linux-x86_64.jar/org/bytedeco/llvm/linux-x86_64/libLLVM-13.so
7f9aa1815000-7f9aa3a6a000 r--p 042e9000 08:05 1461981                    /home/qutx/.javacpp/cache/llvm-13.0.1-1.5.7-linux-x86_64.jar/org/bytedeco/llvm/linux-x86_64/libLLVM-13.so
7f9aa3a6a000-7f9aa3f7f000 r--p 0653d000 08:05 1461981                    /home/qutx/.javacpp/cache/llvm-13.0.1-1.5.7-linux-x86_64.jar/org/bytedeco/llvm/linux-x86_64/libLLVM-13.so
7f9aa3f7f000-7f9aa3f8a000 rw-p 06a52000 08:05 1461981                    /home/qutx/.javacpp/cache/llvm-13.0.1-1.5.7-linux-x86_64.jar/org/bytedeco/llvm/linux-x86_64/libLLVM-13.so
7f9aa3f8a000-7f9aa4000000 rw-p 00000000 00:00 0 
7f9aa4000000-7f9aa4021000 rw-p 00000000 00:00 0 
7f9aa4021000-7f9aa8000000 ---p 00000000 00:00 0 
7f9aa8000000-7f9aa8021000 rw-p 00000000 00:00 0 
7f9aa8021000-7f9aac000000 ---p 00000000 00:00 0 
7f9aac000000-7f9aac1f5000 rw-p 00000000 00:00 0 
7f9aac1f5000-7f9ab0000000 ---p 00000000 00:00 0 
7f9ab0000000-7f9ab04e7000 rw-p 00000000 00:00 0 
7f9ab04e7000-7f9ab4000000 ---p 00000000 00:00 0 
7f9ab4000000-7f9ab4021000 rw-p 00000000 00:00 0 
7f9ab4021000-7f9ab8000000 ---p 00000000 00:00 0 
7f9ab8000000-7f9ab8021000 rw-p 00000000 00:00 0 
7f9ab8021000-7f9abc000000 ---p 00000000 00:00 0 
7f9abc000000-7f9abc021000 rw-p 00000000 00:00 0 
7f9abc021000-7f9ac0000000 ---p 00000000 00:00 0 
7f9ac0000000-7f9ac0021000 rw-p 00000000 00:00 0 
7f9ac0021000-7f9ac4000000 ---p 00000000 00:00 0 
7f9ac4000000-7f9ac4021000 rw-p 00000000 00:00 0 
7f9ac4021000-7f9ac8000000 ---p 00000000 00:00 0 
7f9ac8000000-7f9ac8021000 rw-p 00000000 00:00 0 
7f9ac8021000-7f9acc000000 ---p 00000000 00:00 0 
7f9acc000000-7f9acc021000 rw-p 00000000 00:00 0 
7f9acc021000-7f9ad0000000 ---p 00000000 00:00 0 
7f9ad0314000-7f9ad0379000 r--p 00000000 08:05 1461986                    /home/qutx/.javacpp/cache/llvm-13.0.1-1.5.7-linux-x86_64.jar/org/bytedeco/llvm/linux-x86_64/libjniLLVM.so
7f9ad0379000-7f9ad03e7000 r-xp 00065000 08:05 1461986                    /home/qutx/.javacpp/cache/llvm-13.0.1-1.5.7-linux-x86_64.jar/org/bytedeco/llvm/linux-x86_64/libjniLLVM.so
7f9ad03e7000-7f9ad0412000 r--p 000d3000 08:05 1461986                    /home/qutx/.javacpp/cache/llvm-13.0.1-1.5.7-linux-x86_64.jar/org/bytedeco/llvm/linux-x86_64/libjniLLVM.so
7f9ad0412000-7f9ad0415000 r--p 000fd000 08:05 1461986                    /home/qutx/.javacpp/cache/llvm-13.0.1-1.5.7-linux-x86_64.jar/org/bytedeco/llvm/linux-x86_64/libjniLLVM.so
7f9ad0415000-7f9ad0418000 rw-p 00100000 08:05 1461986                    /home/qutx/.javacpp/cache/llvm-13.0.1-1.5.7-linux-x86_64.jar/org/bytedeco/llvm/linux-x86_64/libjniLLVM.so
7f9ad0418000-7f9ad041a000 rw-p 00000000 00:00 0 
7f9ad041a000-7f9ad041e000 ---p 00000000 00:00 0 
7f9ad041e000-7f9ad051b000 rw-p 00000000 00:00 0 
7f9ad051b000-7f9ad051c000 ---p 00000000 00:00 0 
7f9ad051c000-7f9ad061d000 rw-p 00000000 00:00 0 
7f9ad061d000-7f9ad061e000 ---p 00000000 00:00 0 
7f9ad061e000-7f9ad071f000 rw-p 00000000 00:00 0 
7f9ad071f000-7f9ad0723000 ---p 00000000 00:00 0 
7f9ad0723000-7f9ad0820000 rw-p 00000000 00:00 0 
7f9ad0820000-7f9ad0824000 ---p 00000000 00:00 0 
7f9ad0824000-7f9ad0921000 rw-p 00000000 00:00 0 
7f9ad0921000-7f9ad0925000 ---p 00000000 00:00 0 
7f9ad0925000-7f9ad0a22000 rw-p 00000000 00:00 0 
7f9ad0a22000-7f9ad1800000 r--p 00000000 08:05 922866                     /usr/lib/locale/locale-archive
7f9ad1800000-7f9ad1dc0000 rw-p 00000000 00:00 0 
7f9ad1dc0000-7f9ad2000000 ---p 00000000 00:00 0 
7f9ad2000000-7f9ad4000000 rw-p 00000000 00:00 0 
7f9ad4000000-7f9ad4021000 rw-p 00000000 00:00 0 
7f9ad4021000-7f9ad8000000 ---p 00000000 00:00 0 
7f9ad8000000-7f9ad8021000 rw-p 00000000 00:00 0 
7f9ad8021000-7f9adc000000 ---p 00000000 00:00 0 
7f9adc000000-7f9adc021000 rw-p 00000000 00:00 0 
7f9adc021000-7f9ae0000000 ---p 00000000 00:00 0 
7f9ae0060000-7f9ae0067000 r--s 00000000 08:05 1447316                    /usr/lib/x86_64-linux-gnu/gconv/gconv-modules.cache
7f9ae0067000-7f9ae0068000 r--p 00000000 08:05 1461984                    /home/qutx/.javacpp/cache/llvm-13.0.1-1.5.7-linux-x86_64.jar/org/bytedeco/llvm/linux-x86_64/libRemarks.so.13
7f9ae0068000-7f9ae0069000 r-xp 00001000 08:05 1461984                    /home/qutx/.javacpp/cache/llvm-13.0.1-1.5.7-linux-x86_64.jar/org/bytedeco/llvm/linux-x86_64/libRemarks.so.13
7f9ae0069000-7f9ae006a000 r--p 00002000 08:05 1461984                    /home/qutx/.javacpp/cache/llvm-13.0.1-1.5.7-linux-x86_64.jar/org/bytedeco/llvm/linux-x86_64/libRemarks.so.13
7f9ae006a000-7f9ae006b000 r--p 00002000 08:05 1461984                    /home/qutx/.javacpp/cache/llvm-13.0.1-1.5.7-linux-x86_64.jar/org/bytedeco/llvm/linux-x86_64/libRemarks.so.13
7f9ae006b000-7f9ae006c000 rw-p 00003000 08:05 1461984                    /home/qutx/.javacpp/cache/llvm-13.0.1-1.5.7-linux-x86_64.jar/org/bytedeco/llvm/linux-x86_64/libRemarks.so.13
7f9ae006c000-7f9ae0070000 ---p 00000000 00:00 0 
7f9ae0070000-7f9ae016d000 rw-p 00000000 00:00 0 
7f9ae016d000-7f9ae0171000 ---p 00000000 00:00 0 
7f9ae0171000-7f9ae026e000 rw-p 00000000 00:00 0 
7f9ae026e000-7f9ae0272000 ---p 00000000 00:00 0 
7f9ae0272000-7f9ae036f000 rw-p 00000000 00:00 0 
7f9ae036f000-7f9ae0373000 ---p 00000000 00:00 0 
7f9ae0373000-7f9ae0470000 rw-p 00000000 00:00 0 
7f9ae0470000-7f9ae0474000 ---p 00000000 00:00 0 
7f9ae0474000-7f9ae0571000 rw-p 00000000 00:00 0 
7f9ae0571000-7f9ae0575000 ---p 00000000 00:00 0 
7f9ae0575000-7f9ae0672000 rw-p 00000000 00:00 0 
7f9ae0672000-7f9ae0673000 ---p 00000000 00:00 0 
7f9ae0673000-7f9ae07f5000 rw-p 00000000 00:00 0 
7f9ae07f5000-7f9ae0a65000 rwxp 00000000 00:00 0 
7f9ae0a65000-7f9ae0d84000 ---p 00000000 00:00 0 
7f9ae0d84000-7f9ae0ff4000 rwxp 00000000 00:00 0 
7f9ae0ff4000-7f9ae82bc000 ---p 00000000 00:00 0 
7f9ae82bc000-7f9ae852c000 rwxp 00000000 00:00 0 
7f9ae852c000-7f9aef7f5000 ---p 00000000 00:00 0 
7f9aef7f5000-7f9af8000000 r--s 00000000 08:05 922125                     /usr/lib/jvm/java-11-openjdk-amd64/lib/modules
7f9af8000000-7f9af8372000 rw-p 00000000 00:00 0 
7f9af8372000-7f9afc000000 ---p 00000000 00:00 0 
7f9afc000000-7f9afc007000 r--p 00000000 08:05 1461982                    /home/qutx/.javacpp/cache/llvm-13.0.1-1.5.7-linux-x86_64.jar/org/bytedeco/llvm/linux-x86_64/libLTO.so.13
7f9afc007000-7f9afc00f000 r-xp 00007000 08:05 1461982                    /home/qutx/.javacpp/cache/llvm-13.0.1-1.5.7-linux-x86_64.jar/org/bytedeco/llvm/linux-x86_64/libLTO.so.13
7f9afc00f000-7f9afc011000 r--p 0000f000 08:05 1461982                    /home/qutx/.javacpp/cache/llvm-13.0.1-1.5.7-linux-x86_64.jar/org/bytedeco/llvm/linux-x86_64/libLTO.so.13
7f9afc011000-7f9afc012000 r--p 00010000 08:05 1461982                    /home/qutx/.javacpp/cache/llvm-13.0.1-1.5.7-linux-x86_64.jar/org/bytedeco/llvm/linux-x86_64/libLTO.so.13
7f9afc012000-7f9afc013000 rw-p 00011000 08:05 1461982                    /home/qutx/.javacpp/cache/llvm-13.0.1-1.5.7-linux-x86_64.jar/org/bytedeco/llvm/linux-x86_64/libLTO.so.13
7f9afc013000-7f9afc017000 r--p 00000000 08:05 1461975                    /home/qutx/.javacpp/cache/javacpp-1.5.7-linux-x86_64.jar/org/bytedeco/javacpp/linux-x86_64/libjnijavacpp.so
7f9afc017000-7f9afc01e000 r-xp 00004000 08:05 1461975                    /home/qutx/.javacpp/cache/javacpp-1.5.7-linux-x86_64.jar/org/bytedeco/javacpp/linux-x86_64/libjnijavacpp.so
7f9afc01e000-7f9afc022000 r--p 0000b000 08:05 1461975                    /home/qutx/.javacpp/cache/javacpp-1.5.7-linux-x86_64.jar/org/bytedeco/javacpp/linux-x86_64/libjnijavacpp.so
7f9afc022000-7f9afc023000 r--p 0000e000 08:05 1461975                    /home/qutx/.javacpp/cache/javacpp-1.5.7-linux-x86_64.jar/org/bytedeco/javacpp/linux-x86_64/libjnijavacpp.so
7f9afc023000-7f9afc024000 rw-p 0000f000 08:05 1461975                    /home/qutx/.javacpp/cache/javacpp-1.5.7-linux-x86_64.jar/org/bytedeco/javacpp/linux-x86_64/libjnijavacpp.so
7f9afc024000-7f9afc025000 r--p 00000000 08:05 922097                     /usr/lib/jvm/java-11-openjdk-amd64/lib/libextnet.so
7f9afc025000-7f9afc026000 r-xp 00001000 08:05 922097                     /usr/lib/jvm/java-11-openjdk-amd64/lib/libextnet.so
7f9afc026000-7f9afc027000 r--p 00002000 08:05 922097                     /usr/lib/jvm/java-11-openjdk-amd64/lib/libextnet.so
7f9afc027000-7f9afc028000 r--p 00002000 08:05 922097                     /usr/lib/jvm/java-11-openjdk-amd64/lib/libextnet.so
7f9afc028000-7f9afc029000 rw-p 00003000 08:05 922097                     /usr/lib/jvm/java-11-openjdk-amd64/lib/libextnet.so
7f9afc029000-7f9afc02d000 r--p 00000000 08:05 922115                     /usr/lib/jvm/java-11-openjdk-amd64/lib/libnet.so
7f9afc02d000-7f9afc03b000 r-xp 00004000 08:05 922115                     /usr/lib/jvm/java-11-openjdk-amd64/lib/libnet.so
7f9afc03b000-7f9afc03f000 r--p 00012000 08:05 922115                     /usr/lib/jvm/java-11-openjdk-amd64/lib/libnet.so
7f9afc03f000-7f9afc040000 r--p 00015000 08:05 922115                     /usr/lib/jvm/java-11-openjdk-amd64/lib/libnet.so
7f9afc040000-7f9afc041000 rw-p 00016000 08:05 922115                     /usr/lib/jvm/java-11-openjdk-amd64/lib/libnet.so
7f9afc041000-7f9afc048000 r--p 00000000 08:05 922116                     /usr/lib/jvm/java-11-openjdk-amd64/lib/libnio.so
7f9afc048000-7f9afc050000 r-xp 00007000 08:05 922116                     /usr/lib/jvm/java-11-openjdk-amd64/lib/libnio.so
7f9afc050000-7f9afc053000 r--p 0000f000 08:05 922116                     /usr/lib/jvm/java-11-openjdk-amd64/lib/libnio.so
7f9afc053000-7f9afc054000 r--p 00011000 08:05 922116                     /usr/lib/jvm/java-11-openjdk-amd64/lib/libnio.so
7f9afc054000-7f9afc055000 rw-p 00012000 08:05 922116                     /usr/lib/jvm/java-11-openjdk-amd64/lib/libnio.so
7f9afc055000-7f9afc0b0000 rw-p 00000000 00:00 0 
7f9afc0b0000-7f9afc0b1000 ---p 00000000 00:00 0 
7f9afc0b1000-7f9afc1b2000 rw-p 00000000 00:00 0 
7f9afc1b2000-7f9afc1b3000 ---p 00000000 00:00 0 
7f9afc1b3000-7f9afc4b6000 rw-p 00000000 00:00 0 
7f9afc4b6000-7f9afc4b7000 ---p 00000000 00:00 0 
7f9afc4b7000-7f9afc5b8000 rw-p 00000000 00:00 0 
7f9afc5b8000-7f9afc5b9000 ---p 00000000 00:00 0 
7f9afc5b9000-7f9afc7d3000 rw-p 00000000 00:00 0 
7f9afc7d3000-7f9afd60b000 ---p 00000000 00:00 0 
7f9afd60b000-7f9afd70b000 rw-p 00000000 00:00 0 
7f9afd70b000-7f9afe543000 ---p 00000000 00:00 0 
7f9afe543000-7f9afe56a000 rw-p 00000000 00:00 0 
7f9afe56a000-7f9afe731000 ---p 00000000 00:00 0 
7f9afe731000-7f9afe751000 rw-p 00000000 00:00 0 
7f9afe751000-7f9afe918000 ---p 00000000 00:00 0 
7f9afe918000-7f9afe938000 rw-p 00000000 00:00 0 
7f9afe938000-7f9afeaff000 ---p 00000000 00:00 0 
7f9afeaff000-7f9afed02000 rw-p 00000000 00:00 0 
7f9afed02000-7f9afed03000 ---p 00000000 00:00 0 
7f9afed03000-7f9afee09000 rw-p 00000000 00:00 0 
7f9afee09000-7f9afeeef000 ---p 00000000 00:00 0 
7f9afeeef000-7f9afeef4000 rw-p 00000000 00:00 0 
7f9afeef4000-7f9afefda000 ---p 00000000 00:00 0 
7f9afefda000-7f9afefdf000 rw-p 00000000 00:00 0 
7f9afefdf000-7f9afefe6000 ---p 00000000 00:00 0 
7f9afefe6000-7f9afefe9000 r--p 00000000 08:05 924341                     /usr/lib/x86_64-linux-gnu/libnss_files-2.31.so
7f9afefe9000-7f9afeff0000 r-xp 00003000 08:05 924341                     /usr/lib/x86_64-linux-gnu/libnss_files-2.31.so
7f9afeff0000-7f9afeff2000 r--p 0000a000 08:05 924341                     /usr/lib/x86_64-linux-gnu/libnss_files-2.31.so
7f9afeff2000-7f9afeff3000 r--p 0000b000 08:05 924341                     /usr/lib/x86_64-linux-gnu/libnss_files-2.31.so
7f9afeff3000-7f9afeff4000 rw-p 0000c000 08:05 924341                     /usr/lib/x86_64-linux-gnu/libnss_files-2.31.so
7f9afeff4000-7f9afeffa000 rw-p 00000000 00:00 0 
7f9afeffa000-7f9afeffc000 r--p 00000000 08:05 922124                     /usr/lib/jvm/java-11-openjdk-amd64/lib/libzip.so
7f9afeffc000-7f9aff001000 r-xp 00002000 08:05 922124                     /usr/lib/jvm/java-11-openjdk-amd64/lib/libzip.so
7f9aff001000-7f9aff003000 r--p 00007000 08:05 922124                     /usr/lib/jvm/java-11-openjdk-amd64/lib/libzip.so
7f9aff003000-7f9aff004000 r--p 00008000 08:05 922124                     /usr/lib/jvm/java-11-openjdk-amd64/lib/libzip.so
7f9aff004000-7f9aff005000 rw-p 00009000 08:05 922124                     /usr/lib/jvm/java-11-openjdk-amd64/lib/libzip.so
7f9aff005000-7f9aff00d000 rw-s 00000000 08:05 2362813                    /tmp/hsperfdata_qutx/22865
7f9aff00d000-7f9aff00f000 r--p 00000000 08:05 922099                     /usr/lib/jvm/java-11-openjdk-amd64/lib/libinstrument.so
7f9aff00f000-7f9aff015000 r-xp 00002000 08:05 922099                     /usr/lib/jvm/java-11-openjdk-amd64/lib/libinstrument.so
7f9aff015000-7f9aff018000 r--p 00008000 08:05 922099                     /usr/lib/jvm/java-11-openjdk-amd64/lib/libinstrument.so
7f9aff018000-7f9aff019000 r--p 0000a000 08:05 922099                     /usr/lib/jvm/java-11-openjdk-amd64/lib/libinstrument.so
7f9aff019000-7f9aff01a000 rw-p 0000b000 08:05 922099                     /usr/lib/jvm/java-11-openjdk-amd64/lib/libinstrument.so
7f9aff01a000-7f9aff01b000 ---p 00000000 00:00 0 
7f9aff01b000-7f9aff01c000 r--p 00000000 00:00 0 
7f9aff01c000-7f9aff01e000 r--p 00000000 08:05 922107                     /usr/lib/jvm/java-11-openjdk-amd64/lib/libjimage.so
7f9aff01e000-7f9aff021000 r-xp 00002000 08:05 922107                     /usr/lib/jvm/java-11-openjdk-amd64/lib/libjimage.so
7f9aff021000-7f9aff022000 r--p 00005000 08:05 922107                     /usr/lib/jvm/java-11-openjdk-amd64/lib/libjimage.so
7f9aff022000-7f9aff023000 ---p 00006000 08:05 922107                     /usr/lib/jvm/java-11-openjdk-amd64/lib/libjimage.so
7f9aff023000-7f9aff024000 r--p 00006000 08:05 922107                     /usr/lib/jvm/java-11-openjdk-amd64/lib/libjimage.so
7f9aff024000-7f9aff025000 rw-p 00007000 08:05 922107                     /usr/lib/jvm/java-11-openjdk-amd64/lib/libjimage.so
7f9aff025000-7f9aff033000 r--p 00000000 08:05 922104                     /usr/lib/jvm/java-11-openjdk-amd64/lib/libjava.so
7f9aff033000-7f9aff049000 r-xp 0000e000 08:05 922104                     /usr/lib/jvm/java-11-openjdk-amd64/lib/libjava.so
7f9aff049000-7f9aff050000 r--p 00024000 08:05 922104                     /usr/lib/jvm/java-11-openjdk-amd64/lib/libjava.so
7f9aff050000-7f9aff051000 r--p 0002a000 08:05 922104                     /usr/lib/jvm/java-11-openjdk-amd64/lib/libjava.so
7f9aff051000-7f9aff052000 rw-p 0002b000 08:05 922104                     /usr/lib/jvm/java-11-openjdk-amd64/lib/libjava.so
7f9aff052000-7f9aff053000 rw-p 00000000 00:00 0 
7f9aff053000-7f9aff055000 r--p 00000000 08:05 924550                     /usr/lib/x86_64-linux-gnu/librt-2.31.so
7f9aff055000-7f9aff059000 r-xp 00002000 08:05 924550                     /usr/lib/x86_64-linux-gnu/librt-2.31.so
7f9aff059000-7f9aff05b000 r--p 00006000 08:05 924550                     /usr/lib/x86_64-linux-gnu/librt-2.31.so
7f9aff05b000-7f9aff05c000 r--p 00007000 08:05 924550                     /usr/lib/x86_64-linux-gnu/librt-2.31.so
7f9aff05c000-7f9aff05d000 rw-p 00008000 08:05 924550                     /usr/lib/x86_64-linux-gnu/librt-2.31.so
7f9aff05d000-7f9aff061000 ---p 00000000 00:00 0 
7f9aff061000-7f9aff15e000 rw-p 00000000 00:00 0 
7f9aff15e000-7f9aff161000 r--p 00000000 08:05 923854                     /usr/lib/x86_64-linux-gnu/libgcc_s.so.1
7f9aff161000-7f9aff173000 r-xp 00003000 08:05 923854                     /usr/lib/x86_64-linux-gnu/libgcc_s.so.1
7f9aff173000-7f9aff177000 r--p 00015000 08:05 923854                     /usr/lib/x86_64-linux-gnu/libgcc_s.so.1
7f9aff177000-7f9aff178000 r--p 00018000 08:05 923854                     /usr/lib/x86_64-linux-gnu/libgcc_s.so.1
7f9aff178000-7f9aff179000 rw-p 00019000 08:05 923854                     /usr/lib/x86_64-linux-gnu/libgcc_s.so.1
7f9aff179000-7f9aff186000 r--p 00000000 08:05 924215                     /usr/lib/x86_64-linux-gnu/libm-2.31.so
7f9aff186000-7f9aff22d000 r-xp 0000d000 08:05 924215                     /usr/lib/x86_64-linux-gnu/libm-2.31.so
7f9aff22d000-7f9aff2c6000 r--p 000b4000 08:05 924215                     /usr/lib/x86_64-linux-gnu/libm-2.31.so
7f9aff2c6000-7f9aff2c7000 r--p 0014c000 08:05 924215                     /usr/lib/x86_64-linux-gnu/libm-2.31.so
7f9aff2c7000-7f9aff2c8000 rw-p 0014d000 08:05 924215                     /usr/lib/x86_64-linux-gnu/libm-2.31.so
7f9aff2c8000-7f9aff35e000 r--p 00000000 08:05 924659                     /usr/lib/x86_64-linux-gnu/libstdc++.so.6.0.28
7f9aff35e000-7f9aff44f000 r-xp 00096000 08:05 924659                     /usr/lib/x86_64-linux-gnu/libstdc++.so.6.0.28
7f9aff44f000-7f9aff498000 r--p 00187000 08:05 924659                     /usr/lib/x86_64-linux-gnu/libstdc++.so.6.0.28
7f9aff498000-7f9aff499000 ---p 001d0000 08:05 924659                     /usr/lib/x86_64-linux-gnu/libstdc++.so.6.0.28
7f9aff499000-7f9aff4a4000 r--p 001d0000 08:05 924659                     /usr/lib/x86_64-linux-gnu/libstdc++.so.6.0.28
7f9aff4a4000-7f9aff4a7000 rw-p 001db000 08:05 924659                     /usr/lib/x86_64-linux-gnu/libstdc++.so.6.0.28
7f9aff4a7000-7f9aff4aa000 rw-p 00000000 00:00 0 
7f9aff4aa000-7f9aff72c000 r--p 00000000 08:05 922128                     /usr/lib/jvm/java-11-openjdk-amd64/lib/server/libjvm.so
7f9aff72c000-7f9b003bd000 r-xp 00282000 08:05 922128                     /usr/lib/jvm/java-11-openjdk-amd64/lib/server/libjvm.so
7f9b003bd000-7f9b0061c000 r--p 00f13000 08:05 922128                     /usr/lib/jvm/java-11-openjdk-amd64/lib/server/libjvm.so
7f9b0061c000-7f9b006e0000 r--p 01171000 08:05 922128                     /usr/lib/jvm/java-11-openjdk-amd64/lib/server/libjvm.so
7f9b006e0000-7f9b0071b000 rw-p 01235000 08:05 922128                     /usr/lib/jvm/java-11-openjdk-amd64/lib/server/libjvm.so
7f9b0071b000-7f9b00774000 rw-p 00000000 00:00 0 
7f9b00774000-7f9b0077a000 r--p 00000000 08:05 924485                     /usr/lib/x86_64-linux-gnu/libpthread-2.31.so
7f9b0077a000-7f9b0078b000 r-xp 00006000 08:05 924485                     /usr/lib/x86_64-linux-gnu/libpthread-2.31.so
7f9b0078b000-7f9b00791000 r--p 00017000 08:05 924485                     /usr/lib/x86_64-linux-gnu/libpthread-2.31.so
7f9b00791000-7f9b00792000 r--p 0001c000 08:05 924485                     /usr/lib/x86_64-linux-gnu/libpthread-2.31.so
7f9b00792000-7f9b00793000 rw-p 0001d000 08:05 924485                     /usr/lib/x86_64-linux-gnu/libpthread-2.31.so
7f9b00793000-7f9b00797000 rw-p 00000000 00:00 0 
7f9b00797000-7f9b00798000 r--p 00000000 08:05 923700                     /usr/lib/x86_64-linux-gnu/libdl-2.31.so
7f9b00798000-7f9b0079a000 r-xp 00001000 08:05 923700                     /usr/lib/x86_64-linux-gnu/libdl-2.31.so
7f9b0079a000-7f9b0079b000 r--p 00003000 08:05 923700                     /usr/lib/x86_64-linux-gnu/libdl-2.31.so
7f9b0079b000-7f9b0079c000 r--p 00003000 08:05 923700                     /usr/lib/x86_64-linux-gnu/libdl-2.31.so
7f9b0079c000-7f9b0079d000 rw-p 00004000 08:05 923700                     /usr/lib/x86_64-linux-gnu/libdl-2.31.so
7f9b0079d000-7f9b0079f000 r--p 00000000 08:05 923674                     /usr/lib/x86_64-linux-gnu/libz.so.1.2.11
7f9b0079f000-7f9b007b0000 r-xp 00002000 08:05 923674                     /usr/lib/x86_64-linux-gnu/libz.so.1.2.11
7f9b007b0000-7f9b007b6000 r--p 00013000 08:05 923674                     /usr/lib/x86_64-linux-gnu/libz.so.1.2.11
7f9b007b6000-7f9b007b7000 ---p 00019000 08:05 923674                     /usr/lib/x86_64-linux-gnu/libz.so.1.2.11
7f9b007b7000-7f9b007b8000 r--p 00019000 08:05 923674                     /usr/lib/x86_64-linux-gnu/libz.so.1.2.11
7f9b007b8000-7f9b007b9000 rw-p 0001a000 08:05 923674                     /usr/lib/x86_64-linux-gnu/libz.so.1.2.11
7f9b007b9000-7f9b007db000 r--p 00000000 08:05 923557                     /usr/lib/x86_64-linux-gnu/libc-2.31.so
7f9b007db000-7f9b00953000 r-xp 00022000 08:05 923557                     /usr/lib/x86_64-linux-gnu/libc-2.31.so
7f9b00953000-7f9b009a1000 r--p 0019a000 08:05 923557                     /usr/lib/x86_64-linux-gnu/libc-2.31.so
7f9b009a1000-7f9b009a5000 r--p 001e7000 08:05 923557                     /usr/lib/x86_64-linux-gnu/libc-2.31.so
7f9b009a5000-7f9b009a7000 rw-p 001eb000 08:05 923557                     /usr/lib/x86_64-linux-gnu/libc-2.31.so
7f9b009a7000-7f9b009ab000 rw-p 00000000 00:00 0 
7f9b009ac000-7f9b009b1000 r--p 00000000 08:05 922123                     /usr/lib/jvm/java-11-openjdk-amd64/lib/libverify.so
7f9b009b1000-7f9b009b8000 r-xp 00005000 08:05 922123                     /usr/lib/jvm/java-11-openjdk-amd64/lib/libverify.so
7f9b009b8000-7f9b009ba000 r--p 0000c000 08:05 922123                     /usr/lib/jvm/java-11-openjdk-amd64/lib/libverify.so
7f9b009ba000-7f9b009bb000 ---p 0000e000 08:05 922123                     /usr/lib/jvm/java-11-openjdk-amd64/lib/libverify.so
7f9b009bb000-7f9b009bd000 r--p 0000e000 08:05 922123                     /usr/lib/jvm/java-11-openjdk-amd64/lib/libverify.so
7f9b009bd000-7f9b009be000 rw-p 00010000 08:05 922123                     /usr/lib/jvm/java-11-openjdk-amd64/lib/libverify.so
7f9b009be000-7f9b009c1000 r--p 00000000 08:05 922089                     /usr/lib/jvm/java-11-openjdk-amd64/lib/jli/libjli.so
7f9b009c1000-7f9b009cb000 r-xp 00003000 08:05 922089                     /usr/lib/jvm/java-11-openjdk-amd64/lib/jli/libjli.so
7f9b009cb000-7f9b009ce000 r--p 0000d000 08:05 922089                     /usr/lib/jvm/java-11-openjdk-amd64/lib/jli/libjli.so
7f9b009ce000-7f9b009cf000 ---p 00010000 08:05 922089                     /usr/lib/jvm/java-11-openjdk-amd64/lib/jli/libjli.so
7f9b009cf000-7f9b009d0000 r--p 00010000 08:05 922089                     /usr/lib/jvm/java-11-openjdk-amd64/lib/jli/libjli.so
7f9b009d0000-7f9b009d1000 rw-p 00011000 08:05 922089                     /usr/lib/jvm/java-11-openjdk-amd64/lib/jli/libjli.so
7f9b009d1000-7f9b009d3000 rw-p 00000000 00:00 0 
7f9b009d3000-7f9b009d4000 r--p 00000000 08:05 923337                     /usr/lib/x86_64-linux-gnu/ld-2.31.so
7f9b009d4000-7f9b009f7000 r-xp 00001000 08:05 923337                     /usr/lib/x86_64-linux-gnu/ld-2.31.so
7f9b009f7000-7f9b009ff000 r--p 00024000 08:05 923337                     /usr/lib/x86_64-linux-gnu/ld-2.31.so
7f9b00a00000-7f9b00a01000 r--p 0002c000 08:05 923337                     /usr/lib/x86_64-linux-gnu/ld-2.31.so
7f9b00a01000-7f9b00a02000 rw-p 0002d000 08:05 923337                     /usr/lib/x86_64-linux-gnu/ld-2.31.so
7f9b00a02000-7f9b00a03000 rw-p 00000000 00:00 0 
7ffeb522c000-7ffeb524d000 rw-p 00000000 00:00 0                          [stack]
7ffeb52fa000-7ffeb52fe000 r--p 00000000 00:00 0                          [vvar]
7ffeb52fe000-7ffeb5300000 r-xp 00000000 00:00 0                          [vdso]
ffffffffff600000-ffffffffff601000 --xp 00000000 00:00 0                  [vsyscall]


VM Arguments:
jvm_args: -javaagent:/opt/idea-IC-223.8617.56/lib/idea_rt.jar=40513:/opt/idea-IC-223.8617.56/bin -Dfile.encoding=UTF-8 
java_command: Main tests/test1.sysy
java_class_path (initial): /home/qutx/Desktop/study/compile/Lab/out/production/Lab:/usr/local/lib/antlr-4.9.1-complete.jar:/usr/local/lib/javacpp-1.5.7-linux-x86_64.jar:/usr/local/lib/javacpp-1.5.7.jar:/usr/local/lib/llvm-13.0.1-1.5.7-linux-x86_64.jar:/usr/local/lib/llvm-13.0.1-1.5.7.jar:/usr/local/lib/llvm-platform-13.0.1-1.5.7.jar:/home/qutx/Desktop/study/compile/Lab
Launcher Type: SUN_STANDARD

[Global flags]
     intx CICompilerCount                          = 2                                         {product} {ergonomic}
     uint ConcGCThreads                            = 1                                         {product} {ergonomic}
     uint G1ConcRefinementThreads                  = 2                                         {product} {ergonomic}
   size_t G1HeapRegionSize                         = 1048576                                   {product} {ergonomic}
    uintx GCDrainStackTargetSize                   = 64                                        {product} {ergonomic}
   size_t InitialHeapSize                          = 65011712                                  {product} {ergonomic}
   size_t MarkStackSize                            = 4194304                                   {product} {ergonomic}
   size_t MaxHeapSize                              = 1021313024                                {product} {ergonomic}
   size_t MaxNewSize                               = 612368384                                 {product} {ergonomic}
   size_t MinHeapDeltaBytes                        = 1048576                                   {product} {ergonomic}
    uintx NonNMethodCodeHeapSize                   = 5825164                                {pd product} {ergonomic}
    uintx NonProfiledCodeHeapSize                  = 122916538                              {pd product} {ergonomic}
    uintx ProfiledCodeHeapSize                     = 122916538                              {pd product} {ergonomic}
    uintx ReservedCodeCacheSize                    = 251658240                              {pd product} {ergonomic}
     bool SegmentedCodeCache                       = true                                      {product} {ergonomic}
     bool UseCompressedClassPointers               = true                                 {lp64_product} {ergonomic}
     bool UseCompressedOops                        = true                                 {lp64_product} {ergonomic}
     bool UseG1GC                                  = true                                      {product} {ergonomic}

Logging:
Log output configuration:
 #0: stdout all=warning uptime,level,tags
 #1: stderr all=off uptime,level,tags

Environment Variables:
JAVA_HOME=/opt/jdk-19.0.2
PATH=/opt/idea-IC-223.8617.56/bin:/opt/jdk-19.0.2/bin:/usr/local/sbin:/usr/local/bin:/usr/sbin:/usr/bin:/sbin:/bin:/usr/games:/usr/local/games:/snap/bin
USERNAME=qutx
SHELL=/bin/bash
DISPLAY=:0
LANG=en_US.UTF-8
LC_NUMERIC=zh_CN.UTF-8
LC_TIME=zh_CN.UTF-8
TERM=xterm-256color

Signal Handlers:
SIGSEGV: [libjvm.so+0xe9f840], sa_mask[0]=11111111011111111101111111111110, sa_flags=SA_RESTART|SA_SIGINFO
SIGBUS: [libjvm.so+0xe9f840], sa_mask[0]=11111111011111111101111111111110, sa_flags=SA_RESTART|SA_SIGINFO
SIGFPE: [libjvm.so+0xe9f840], sa_mask[0]=11111111011111111101111111111110, sa_flags=SA_RESTART|SA_SIGINFO
SIGPIPE: [libjvm.so+0xbe53b0], sa_mask[0]=11111111011111111101111111111110, sa_flags=SA_RESTART|SA_SIGINFO
SIGXFSZ: [libjvm.so+0xbe53b0], sa_mask[0]=11111111011111111101111111111110, sa_flags=SA_RESTART|SA_SIGINFO
SIGILL: [libjvm.so+0xe9f840], sa_mask[0]=11111111011111111101111111111110, sa_flags=SA_RESTART|SA_SIGINFO
SIGUSR2: [libjvm.so+0xbe5250], sa_mask[0]=00100000000000000000000000000000, sa_flags=SA_RESTART|SA_SIGINFO
SIGHUP: [libjvm.so+0xbe5900], sa_mask[0]=11111111011111111101111111111110, sa_flags=SA_RESTART|SA_SIGINFO
SIGINT: [libjvm.so+0xbe5900], sa_mask[0]=11111111011111111101111111111110, sa_flags=SA_RESTART|SA_SIGINFO
SIGTERM: [libjvm.so+0xbe5900], sa_mask[0]=11111111011111111101111111111110, sa_flags=SA_RESTART|SA_SIGINFO
SIGQUIT: [libjvm.so+0xbe5900], sa_mask[0]=11111111011111111101111111111110, sa_flags=SA_RESTART|SA_SIGINFO


---------------  S Y S T E M  ---------------

OS:DISTRIB_ID=Ubuntu
DISTRIB_RELEASE=20.04
DISTRIB_CODENAME=focal
DISTRIB_DESCRIPTION="Ubuntu 20.04.6 LTS"
uname:Linux 5.15.0-71-generic #78~20.04.1-Ubuntu SMP Wed Apr 19 11:26:48 UTC 2023 x86_64
OS uptime: 0 days 1:40 hours
libc:glibc 2.31 NPTL 2.31 
rlimit (soft/hard): STACK 8192k/infinity , CORE 0k/infinity , NPROC 15242/15242 , NOFILE 1048576/1048576 , AS infinity/infinity , CPU infinity/infinity , DATA infinity/infinity , FSIZE infinity/infinity , MEMLOCK 65536k/65536k
load average:0.85 0.84 0.90

/proc/meminfo:
MemTotal:        3983204 kB
MemFree:          192888 kB
MemAvailable:     453812 kB
Buffers:           11668 kB
Cached:           457908 kB
SwapCached:        55236 kB
Active:          1391308 kB
Inactive:        1774468 kB
Active(anon):    1111660 kB
Inactive(anon):  1632520 kB
Active(file):     279648 kB
Inactive(file):   141948 kB
Unevictable:           0 kB
Mlocked:               0 kB
SwapTotal:       2097148 kB
SwapFree:        1000888 kB
Dirty:               264 kB
Writeback:             0 kB
AnonPages:       2666140 kB
Mapped:           293280 kB
Shmem:             48084 kB
KReclaimable:      87252 kB
Slab:             192372 kB
SReclaimable:      87252 kB
SUnreclaim:       105120 kB
KernelStack:       16004 kB
PageTables:        30796 kB
NFS_Unstable:          0 kB
Bounce:                0 kB
WritebackTmp:          0 kB
CommitLimit:     4088748 kB
Committed_AS:    7501612 kB
VmallocTotal:   34359738367 kB
VmallocUsed:       75616 kB
VmallocChunk:          0 kB
Percpu:           105984 kB
HardwareCorrupted:     0 kB
AnonHugePages:         0 kB
ShmemHugePages:        0 kB
ShmemPmdMapped:        0 kB
FileHugePages:         0 kB
FilePmdMapped:         0 kB
HugePages_Total:       0
HugePages_Free:        0
HugePages_Rsvd:        0
HugePages_Surp:        0
Hugepagesize:       2048 kB
Hugetlb:               0 kB
DirectMap4k:      333632 kB
DirectMap2M:     3860480 kB
DirectMap1G:     2097152 kB

/sys/kernel/mm/transparent_hugepage/enabled:
always [madvise] never
/sys/kernel/mm/transparent_hugepage/defrag (defrag/compaction efforts parameter):
always defer defer+madvise [madvise] never

Process Memory:
Virtual Size: 3680692K (peak: 12380444K)
Resident Set Size: 92692K (peak: 92692K) (anon: 36548K, file: 56144K, shmem: 0K)
Swapped out: 0K
C-Heap outstanding allocations: 14645K, retained: 2762K
glibc malloc tunables: (default)

/proc/sys/kernel/threads-max (system-wide limit on the number of threads):
30485
/proc/sys/vm/max_map_count (maximum number of memory map areas a process may have):
65530
/proc/sys/kernel/pid_max (system-wide limit on number of process identifiers):
4194304

container (cgroup) information:
container_type: cgroupv1
cpu_cpuset_cpus: 0-1
cpu_memory_nodes: 0
active_processor_count: 2
cpu_quota: no quota
cpu_period: 100000
cpu_shares: no shares
memory_limit_in_bytes: unlimited
memory_and_swap_limit_in_bytes: unlimited
memory_soft_limit_in_bytes: unlimited
memory_usage_in_bytes: 2970540 k
memory_max_usage_in_bytes: 3054088 k
kernel_memory_usage_in_bytes: 71760 k
kernel_memory_max_usage_in_bytes: unlimited
kernel_memory_limit_in_bytes: 122040 k
maximum number of tasks: unlimited
current number of tasks: 554

VMWare virtualization detected
Steal ticks since vm start: 0
Steal ticks percentage since vm start:  0.000

CPU:total 2 (initial active 2) (1 cores per cpu, 1 threads per core) family 6 model 165 stepping 2 microcode 0xffffffff, cmov, cx8, fxsr, mmx, sse, sse2, sse3, ssse3, sse4.1, sse4.2, popcnt, avx, avx2, aes, clmul, erms, 3dnowpref, lzcnt, tsc, tscinvbit, bmi1, bmi2, adx, fma
CPU Model and flags from /proc/cpuinfo:
model name	: Intel(R) Core(TM) i7-10750H CPU @ 2.60GHz
flags		: fpu vme de pse tsc msr pae mce cx8 apic sep mtrr pge mca cmov pat pse36 clflush mmx fxsr sse sse2 ss syscall nx pdpe1gb rdtscp lm constant_tsc arch_perfmon nopl xtopology tsc_reliable nonstop_tsc cpuid tsc_known_freq pni pclmulqdq ssse3 fma cx16 pcid sse4_1 sse4_2 x2apic movbe popcnt aes xsave avx f16c rdrand hypervisor lahf_lm abm 3dnowprefetch invpcid_single pti ssbd ibrs ibpb stibp fsgsbase tsc_adjust bmi1 avx2 smep bmi2 invpcid rdseed adx smap clflushopt xsaveopt xsavec xgetbv1 xsaves arat flush_l1d arch_capabilities
Online cpus:
0-1
Offline cpus:
2-127
BIOS frequency limitation:
<Not Available>
Frequency switch latency (ns):
<Not Available>
Available cpu frequencies:
<Not Available>
Current governor:
<Not Available>
Core performance/turbo boost:
<Not Available>

Memory: 4k page, physical 3983204k(192888k free), swap 2097148k(1000888k free)

vm_info: OpenJDK 64-Bit Server VM (11.0.19+7-post-Ubuntu-0ubuntu120.04.1) for linux-amd64 JRE (11.0.19+7-post-Ubuntu-0ubuntu120.04.1), built on May 10 2023 00:55:26 by "unknown" with gcc 9.4.0

END.
