#
# A fatal error has been detected by the Java Runtime Environment:
#
#  SIGSEGV (0xb) at pc=0x00007f3b361553ac, pid=20009, tid=20011
#
# JRE version: OpenJDK Runtime Environment (11.0.19+7) (build 11.0.19+7-post-Ubuntu-0ubuntu120.04.1)
# Java VM: OpenJDK 64-Bit Server VM (11.0.19+7-post-Ubuntu-0ubuntu120.04.1, mixed mode, sharing, tiered, compressed oops, g1 gc, linux-amd64)
# Problematic frame:
# C  [libLLVM-13.so+0xc293ac]  LLVMBuildAdd+0xfc
#
# Core dump will be written. Default location: Core dumps may be processed with "/usr/share/apport/apport -p%p -s%s -c%c -d%d -P%P -u%u -g%g -- %E" (or dumping to /home/qutx/Desktop/study/compile/Lab/core.20009)
#
# If you would like to submit a bug report, please visit:
#   https://bugs.launchpad.net/ubuntu/+source/openjdk-lts
# The crash happened outside the Java Virtual Machine in native code.
# See problematic frame for where to report the bug.
#

---------------  S U M M A R Y ------------

Command Line: -javaagent:/opt/idea-IC-223.8617.56/lib/idea_rt.jar=36923:/opt/idea-IC-223.8617.56/bin -Dfile.encoding=UTF-8 Main tests/test1.sysy

Host: Intel(R) Core(TM) i7-10750H CPU @ 2.60GHz, 2 cores, 3G, Ubuntu 20.04.6 LTS
Time: Thu May 18 11:51:28 2023 CST elapsed time: 0.613995 seconds (0d 0h 0m 0s)

---------------  T H R E A D  ---------------

Current thread (0x00007f3b90017000):  JavaThread "main" [_thread_in_native, id=20011, stack(0x00007f3b97e1c000,0x00007f3b97f1d000)]

Stack: [0x00007f3b97e1c000,0x00007f3b97f1d000],  sp=0x00007f3b97f1aba0,  free space=1018k
Native frames: (J=compiled Java code, A=aot compiled Java code, j=interpreted, Vv=VM code, C=native code)
C  [libLLVM-13.so+0xc293ac]  LLVMBuildAdd+0xfc

Java frames: (J=compiled Java code, j=interpreted, Vv=VM code)
j  org.bytedeco.llvm.global.LLVM.LLVMBuildAdd(Lorg/bytedeco/llvm/LLVM/LLVMBuilderRef;Lorg/bytedeco/llvm/LLVM/LLVMValueRef;Lorg/bytedeco/llvm/LLVM/LLVMValueRef;Ljava/lang/String;)Lorg/bytedeco/llvm/LLVM/LLVMValueRef;+0
j  LlvmVisitor.visitPlusExp(LSysYParser$PlusExpContext;)Lorg/bytedeco/llvm/LLVM/LLVMValueRef;+49
j  LlvmVisitor.visitPlusExp(LSysYParser$PlusExpContext;)Ljava/lang/Object;+2
j  SysYParser$PlusExpContext.accept(Lorg/antlr/v4/runtime/tree/ParseTreeVisitor;)Ljava/lang/Object;+12
j  LlvmVisitor.visitReturnStmt(LSysYParser$ReturnStmtContext;)Lorg/bytedeco/llvm/LLVM/LLVMValueRef;+5
j  LlvmVisitor.visitReturnStmt(LSysYParser$ReturnStmtContext;)Ljava/lang/Object;+2
j  SysYParser$ReturnStmtContext.accept(Lorg/antlr/v4/runtime/tree/ParseTreeVisitor;)Ljava/lang/Object;+12
j  org.antlr.v4.runtime.tree.AbstractParseTreeVisitor.visitChildren(Lorg/antlr/v4/runtime/tree/RuleNode;)Ljava/lang/Object;+46
j  SysYParserBaseVisitor.visitBlockItem(LSysYParser$BlockItemContext;)Ljava/lang/Object;+2
j  SysYParser$BlockItemContext.accept(Lorg/antlr/v4/runtime/tree/ParseTreeVisitor;)Ljava/lang/Object;+12
j  org.antlr.v4.runtime.tree.AbstractParseTreeVisitor.visitChildren(Lorg/antlr/v4/runtime/tree/RuleNode;)Ljava/lang/Object;+46
j  SysYParserBaseVisitor.visitBlock(LSysYParser$BlockContext;)Ljava/lang/Object;+2
j  LlvmVisitor.visitBlock(LSysYParser$BlockContext;)Lorg/bytedeco/llvm/LLVM/LLVMValueRef;+43
j  LlvmVisitor.visitBlock(LSysYParser$BlockContext;)Ljava/lang/Object;+2
j  SysYParser$BlockContext.accept(Lorg/antlr/v4/runtime/tree/ParseTreeVisitor;)Ljava/lang/Object;+12
j  org.antlr.v4.runtime.tree.AbstractParseTreeVisitor.visitChildren(Lorg/antlr/v4/runtime/tree/RuleNode;)Ljava/lang/Object;+46
j  SysYParserBaseVisitor.visitFuncDef(LSysYParser$FuncDefContext;)Ljava/lang/Object;+2
j  LlvmVisitor.visitFuncDef(LSysYParser$FuncDefContext;)Lorg/bytedeco/llvm/LLVM/LLVMValueRef;+81
j  LlvmVisitor.visitFuncDef(LSysYParser$FuncDefContext;)Ljava/lang/Object;+2
j  SysYParser$FuncDefContext.accept(Lorg/antlr/v4/runtime/tree/ParseTreeVisitor;)Ljava/lang/Object;+12
j  org.antlr.v4.runtime.tree.AbstractParseTreeVisitor.visitChildren(Lorg/antlr/v4/runtime/tree/RuleNode;)Ljava/lang/Object;+46
j  SysYParserBaseVisitor.visitCompUnit(LSysYParser$CompUnitContext;)Ljava/lang/Object;+2
j  SysYParser$CompUnitContext.accept(Lorg/antlr/v4/runtime/tree/ParseTreeVisitor;)Ljava/lang/Object;+12
j  org.antlr.v4.runtime.tree.AbstractParseTreeVisitor.visitChildren(Lorg/antlr/v4/runtime/tree/RuleNode;)Ljava/lang/Object;+46
j  SysYParserBaseVisitor.visitProgram(LSysYParser$ProgramContext;)Ljava/lang/Object;+2
j  LlvmVisitor.visitProgram(LSysYParser$ProgramContext;)Lorg/bytedeco/llvm/LLVM/LLVMValueRef;+22
j  LlvmVisitor.visitProgram(LSysYParser$ProgramContext;)Ljava/lang/Object;+2
j  SysYParser$ProgramContext.accept(Lorg/antlr/v4/runtime/tree/ParseTreeVisitor;)Ljava/lang/Object;+12
j  org.antlr.v4.runtime.tree.AbstractParseTreeVisitor.visit(Lorg/antlr/v4/runtime/tree/ParseTree;)Ljava/lang/Object;+2
j  Main.main([Ljava/lang/String;)V+55
v  ~StubRoutines::call_stub

siginfo: si_signo: 11 (SIGSEGV), si_code: 1 (SEGV_MAPERR), si_addr: 0x0000000200000027

Register to memory mapping:

RAX=0x00007f3b903a5eb0 points into unknown readable memory: 0x00007f3b903c8668 | 68 86 3c 90 3b 7f 00 00
RBX=0x00007f3b903a5e70 points into unknown readable memory: 0x00007f3b903d7360 | 60 73 3d 90 3b 7f 00 00
RCX=0x00007f3b903d73f8 points into unknown readable memory: 0x00007f3b903a5e90 | 90 5e 3a 90 3b 7f 00 00
RDX=0x00007f3b97f1aba0 is pointing into the stack for thread: 0x00007f3b90017000
RSP=0x00007f3b97f1aba0 is pointing into the stack for thread: 0x00007f3b90017000
RBP=0x00007f3b90017348 points into unknown readable memory: 0x00007f3b994a5b40 | 40 5b 4a 99 3b 7f 00 00
RSI=0x00007f3b97f1abd0 is pointing into the stack for thread: 0x00007f3b90017000
RDI=0x0000000200000027 is an unknown value
R8 =0x00007f3b903a5eb0 points into unknown readable memory: 0x00007f3b903c8668 | 68 86 3c 90 3b 7f 00 00
R9 =0x0 is NULL
R10=0x00007f3b903c8668 points into unknown readable memory: 0x00007f3b903c7ee0 | e0 7e 3c 90 3b 7f 00 00
R11=0x00007f3b361552b0: LLVMBuildAdd+0x0000000000000000 in /home/qutx/.javacpp/cache/llvm-13.0.1-1.5.7-linux-x86_64.jar/org/bytedeco/llvm/linux-x86_64/libLLVM-13.so at 0x00007f3b3552c000
R12=0x00007f3b903a5eb0 points into unknown readable memory: 0x00007f3b903c8668 | 68 86 3c 90 3b 7f 00 00
R13=0x00007f3b903d7360 points into unknown readable memory: 0x00007f3b903c8668 | 68 86 3c 90 3b 7f 00 00
R14=0x00007f3b903d73f0 points into unknown readable memory: 0x00007f3b903c8668 | 68 86 3c 90 3b 7f 00 00
R15=0x00007f3b903a5e70 points into unknown readable memory: 0x00007f3b903d7360 | 60 73 3d 90 3b 7f 00 00


Registers:
RAX=0x00007f3b903a5eb0, RBX=0x00007f3b903a5e70, RCX=0x00007f3b903d73f8, RDX=0x00007f3b97f1aba0
RSP=0x00007f3b97f1aba0, RBP=0x00007f3b90017348, RSI=0x00007f3b97f1abd0, RDI=0x0000000200000027
R8 =0x00007f3b903a5eb0, R9 =0x0000000000000000, R10=0x00007f3b903c8668, R11=0x00007f3b361552b0
R12=0x00007f3b903a5eb0, R13=0x00007f3b903d7360, R14=0x00007f3b903d73f0, R15=0x00007f3b903a5e70
RIP=0x00007f3b361553ac, EFLAGS=0x0000000000010202, CSGSFS=0x002b000000000033, ERR=0x0000000000000004
  TRAPNO=0x000000000000000e

Top of Stack: (sp=0x00007f3b97f1aba0)
0x00007f3b97f1aba0:   00007f3b903d7890 00007f3b99612299
0x00007f3b97f1abb0:   0000000000000005 0000000000000004
0x00007f3b97f1abc0:   00007f3b903d0103 00007f3b9011d190
0x00007f3b97f1abd0:   00007f3b903d73f0 00007f3b903a5e70 

Instructions: (pc=0x00007f3b361553ac)
0x00007f3b361552ac:   0f 1f 40 00 41 54 55 53 48 89 fb 48 89 f7 48 89
0x00007f3b361552bc:   d6 ba 01 01 00 00 48 83 ec 60 80 39 00 66 89 54
0x00007f3b361552cc:   24 20 74 09 48 89 0c 24 c6 44 24 20 03 80 7f 10
0x00007f3b361552dc:   12 0f 87 95 00 00 00 80 7e 10 12 0f 87 8b 00 00
0x00007f3b361552ec:   00 4c 8b 4b 48 48 8d 15 18 19 fa ff 49 8b 01 48
0x00007f3b361552fc:   8b 40 10 48 39 d0 0f 85 f0 00 00 00 31 c9 31 d2
0x00007f3b3615530c:   e8 7f 13 ff ff 49 89 c4 41 80 7c 24 10 19 76 4b
0x00007f3b3615531c:   48 8b 7b 50 48 8b 4b 30 48 89 e2 4c 89 e6 4c 8b
0x00007f3b3615532c:   43 38 48 8b 07 ff 50 10 8b 6b 08 48 8b 03 48 c1
0x00007f3b3615533c:   e5 04 48 01 c5 48 39 e8 74 21 48 89 c3 0f 1f 80
0x00007f3b3615534c:   00 00 00 00 48 8b 53 08 8b 33 4c 89 e7 48 83 c3
0x00007f3b3615535c:   10 e8 de 4a 0e 00 48 39 dd 75 e9 48 83 c4 60 4c
0x00007f3b3615536c:   89 e0 5b 5d 41 5c c3 0f 1f 44 00 00 48 89 f2 b8
0x00007f3b3615537c:   01 01 00 00 48 89 fe 45 31 c0 48 8d 4c 24 30 bf
0x00007f3b3615538c:   0d 00 00 00 66 89 44 24 50 e8 76 cf 09 00 48 8b
0x00007f3b3615539c:   7b 50 48 89 e2 48 8b 4b 30 49 89 c4 4c 8b 43 38
0x00007f3b361553ac:   48 8b 07 4c 89 e6 ff 50 10 8b 6b 08 48 8b 13 48
0x00007f3b361553bc:   c1 e5 04 48 01 d5 48 39 ea 74 a0 48 89 d3 66 0f
0x00007f3b361553cc:   1f 44 00 00 48 8b 53 08 8b 33 4c 89 e7 48 83 c3
0x00007f3b361553dc:   10 e8 5e 4a 0e 00 48 39 dd 75 e9 48 83 c4 60 4c
0x00007f3b361553ec:   89 e0 5b 5d 41 5c c3 0f 1f 44 00 00 48 89 f2 45
0x00007f3b361553fc:   31 c0 48 89 fe 31 c9 4c 89 cf ff d0 49 89 c4 e9
0x00007f3b3615540c:   04 ff ff ff 41 54 55 53 48 89 fb 48 89 f7 48 89
0x00007f3b3615541c:   d6 ba 01 01 00 00 48 83 ec 60 80 39 00 66 89 54
0x00007f3b3615542c:   24 20 74 09 48 89 0c 24 c6 44 24 20 03 80 7f 10
0x00007f3b3615543c:   12 0f 87 95 00 00 00 80 7e 10 12 0f 87 8b 00 00
0x00007f3b3615544c:   00 4c 8b 4b 48 48 8d 15 b8 17 fa ff 49 8b 01 48
0x00007f3b3615545c:   8b 40 10 48 39 d0 0f 85 f8 00 00 00 b9 01 00 00
0x00007f3b3615546c:   00 31 d2 e8 1c 12 ff ff 49 89 c4 41 80 7c 24 10
0x00007f3b3615547c:   19 76 48 48 8b 7b 50 48 8b 4b 30 48 89 e2 4c 89
0x00007f3b3615548c:   e6 4c 8b 43 38 48 8b 07 ff 50 10 8b 6b 08 48 8b
0x00007f3b3615549c:   03 48 c1 e5 04 48 01 c5 48 39 e8 74 1e 48 89 c3 


Stack slot to memory mapping:
stack at sp + 0 slots: 0x00007f3b903d7890 points into unknown readable memory: 0x000000005f706d74 | 74 6d 70 5f 00 00 00 00
stack at sp + 1 slots: 0x00007f3b99612299: __libc_malloc+0x00000000000001b9 in /lib/x86_64-linux-gnu/libc.so.6 at 0x00007f3b99578000
stack at sp + 2 slots: 0x0000000000000005 is an unknown value
stack at sp + 3 slots: 0x0000000000000004 is an unknown value
stack at sp + 4 slots: 0x00007f3b903d0103 points into unknown readable memory: 00 00 00 00 00
stack at sp + 5 slots: 0x00007f3b9011d190 points into unknown readable memory: 0x00000000c6cfdf40 | 40 df cf c6 00 00 00 00
stack at sp + 6 slots: 0x00007f3b903d73f0 points into unknown readable memory: 0x00007f3b903c8668 | 68 86 3c 90 3b 7f 00 00
stack at sp + 7 slots: 0x00007f3b903a5e70 points into unknown readable memory: 0x00007f3b903d7360 | 60 73 3d 90 3b 7f 00 00


---------------  P R O C E S S  ---------------

Threads class SMR info:
_java_thread_list=0x00007f3b90340660, length=11, elements={
0x00007f3b90017000, 0x00007f3b9011e800, 0x00007f3b90120800, 0x00007f3b90127000,
0x00007f3b90129000, 0x00007f3b9012b800, 0x00007f3b9012d800, 0x00007f3b9012f800,
0x00007f3b9013e000, 0x00007f3b901e3800, 0x00007f3b9033f800
}

Java Threads: ( => current thread )
=>0x00007f3b90017000 JavaThread "main" [_thread_in_native, id=20011, stack(0x00007f3b97e1c000,0x00007f3b97f1d000)]
  0x00007f3b9011e800 JavaThread "Reference Handler" daemon [_thread_blocked, id=20031, stack(0x00007f3b94390000,0x00007f3b94491000)]
  0x00007f3b90120800 JavaThread "Finalizer" daemon [_thread_blocked, id=20032, stack(0x00007f3b9428f000,0x00007f3b94390000)]
  0x00007f3b90127000 JavaThread "Signal Dispatcher" daemon [_thread_blocked, id=20033, stack(0x00007f3b9418e000,0x00007f3b9428f000)]
  0x00007f3b90129000 JavaThread "Service Thread" daemon [_thread_blocked, id=20034, stack(0x00007f3b9408d000,0x00007f3b9418e000)]
  0x00007f3b9012b800 JavaThread "C2 CompilerThread0" daemon [_thread_in_native, id=20035, stack(0x00007f3b786f4000,0x00007f3b787f5000)]
  0x00007f3b9012d800 JavaThread "C1 CompilerThread0" daemon [_thread_blocked, id=20036, stack(0x00007f3b785f3000,0x00007f3b786f4000)]
  0x00007f3b9012f800 JavaThread "Sweeper thread" daemon [_thread_blocked, id=20038, stack(0x00007f3b784f2000,0x00007f3b785f3000)]
  0x00007f3b9013e000 JavaThread "Common-Cleaner" daemon [_thread_blocked, id=20040, stack(0x00007f3b783f1000,0x00007f3b784f2000)]
  0x00007f3b901e3800 JavaThread "Monitor Ctrl-Break" daemon [_thread_in_native, id=20041, stack(0x00007f3b782f0000,0x00007f3b783f1000)]
  0x00007f3b9033f800 JavaThread "JavaCPP Deallocator" daemon [_thread_blocked, id=20044, stack(0x00007f3b69121000,0x00007f3b69222000)]

Other Threads:
  0x00007f3b9011b800 VMThread "VM Thread" [stack: 0x00007f3b94493000,0x00007f3b94593000] [id=20030]
  0x00007f3b901e5000 WatcherThread [stack: 0x00007f3b781f0000,0x00007f3b782f0000] [id=20042]
  0x00007f3b9002e800 GCTaskThread "GC Thread#0" [stack: 0x00007f3b97ac3000,0x00007f3b97bc3000] [id=20023]
  0x00007f3b60001000 GCTaskThread "GC Thread#1" [stack: 0x00007f3b780ee000,0x00007f3b781ee000] [id=20043]
  0x00007f3b90049800 ConcurrentGCThread "G1 Main Marker" [stack: 0x00007f3b95379000,0x00007f3b95479000] [id=20025]
  0x00007f3b9004b800 ConcurrentGCThread "G1 Conc#0" [stack: 0x00007f3b95277000,0x00007f3b95377000] [id=20026]
  0x00007f3b90086800 ConcurrentGCThread "G1 Refine#0" [stack: 0x00007f3b94f73000,0x00007f3b95073000] [id=20028]
  0x00007f3b90088800 ConcurrentGCThread "G1 Young RemSet Sampling" [stack: 0x00007f3b94e71000,0x00007f3b94f71000] [id=20029]

Threads with active compile tasks:
C2 CompilerThread0      619  646       4       java.util.zip.ZipFile$Source::getEntryPos (206 bytes)

VM state:not at safepoint (normal execution)

VM Mutex/Monitor currently owned by a thread: None

Heap address: 0x00000000c3200000, size: 974 MB, Compressed Oops mode: 32-bit
Narrow klass base: 0x0000000800000000, Narrow klass shift: 3
Compressed class space size: 1073741824 Address: 0x0000000840000000

Heap:
 garbage-first heap   total 65536K, used 5338K [0x00000000c3200000, 0x0000000100000000)
  region size 1024K, 5 young (5120K), 1 survivors (1024K)
 Metaspace       used 3991K, capacity 6566K, committed 6912K, reserved 1056768K
  class space    used 459K, capacity 701K, committed 768K, reserved 1048576K
Heap Regions: E=young(eden), S=young(survivor), O=old, HS=humongous(starts), HC=humongous(continues), CS=collection set, F=free, A=archive, TAMS=top-at-mark-start (previous, next)
|   0|0x00000000c3200000, 0x00000000c3284a00, 0x00000000c3300000| 51%| O|  |TAMS 0x00000000c3200000, 0x00000000c3200000| Untracked 
|   1|0x00000000c3300000, 0x00000000c3300000, 0x00000000c3400000|  0%| F|  |TAMS 0x00000000c3300000, 0x00000000c3300000| Untracked 
|   2|0x00000000c3400000, 0x00000000c3400000, 0x00000000c3500000|  0%| F|  |TAMS 0x00000000c3400000, 0x00000000c3400000| Untracked 
|   3|0x00000000c3500000, 0x00000000c3500000, 0x00000000c3600000|  0%| F|  |TAMS 0x00000000c3500000, 0x00000000c3500000| Untracked 
|   4|0x00000000c3600000, 0x00000000c3600000, 0x00000000c3700000|  0%| F|  |TAMS 0x00000000c3600000, 0x00000000c3600000| Untracked 
|   5|0x00000000c3700000, 0x00000000c3700000, 0x00000000c3800000|  0%| F|  |TAMS 0x00000000c3700000, 0x00000000c3700000| Untracked 
|   6|0x00000000c3800000, 0x00000000c3800000, 0x00000000c3900000|  0%| F|  |TAMS 0x00000000c3800000, 0x00000000c3800000| Untracked 
|   7|0x00000000c3900000, 0x00000000c3900000, 0x00000000c3a00000|  0%| F|  |TAMS 0x00000000c3900000, 0x00000000c3900000| Untracked 
|   8|0x00000000c3a00000, 0x00000000c3a00000, 0x00000000c3b00000|  0%| F|  |TAMS 0x00000000c3a00000, 0x00000000c3a00000| Untracked 
|   9|0x00000000c3b00000, 0x00000000c3b00000, 0x00000000c3c00000|  0%| F|  |TAMS 0x00000000c3b00000, 0x00000000c3b00000| Untracked 
|  10|0x00000000c3c00000, 0x00000000c3c00000, 0x00000000c3d00000|  0%| F|  |TAMS 0x00000000c3c00000, 0x00000000c3c00000| Untracked 
|  11|0x00000000c3d00000, 0x00000000c3d00000, 0x00000000c3e00000|  0%| F|  |TAMS 0x00000000c3d00000, 0x00000000c3d00000| Untracked 
|  12|0x00000000c3e00000, 0x00000000c3e00000, 0x00000000c3f00000|  0%| F|  |TAMS 0x00000000c3e00000, 0x00000000c3e00000| Untracked 
|  13|0x00000000c3f00000, 0x00000000c3f00000, 0x00000000c4000000|  0%| F|  |TAMS 0x00000000c3f00000, 0x00000000c3f00000| Untracked 
|  14|0x00000000c4000000, 0x00000000c4000000, 0x00000000c4100000|  0%| F|  |TAMS 0x00000000c4000000, 0x00000000c4000000| Untracked 
|  15|0x00000000c4100000, 0x00000000c4100000, 0x00000000c4200000|  0%| F|  |TAMS 0x00000000c4100000, 0x00000000c4100000| Untracked 
|  16|0x00000000c4200000, 0x00000000c4200000, 0x00000000c4300000|  0%| F|  |TAMS 0x00000000c4200000, 0x00000000c4200000| Untracked 
|  17|0x00000000c4300000, 0x00000000c4300000, 0x00000000c4400000|  0%| F|  |TAMS 0x00000000c4300000, 0x00000000c4300000| Untracked 
|  18|0x00000000c4400000, 0x00000000c4400000, 0x00000000c4500000|  0%| F|  |TAMS 0x00000000c4400000, 0x00000000c4400000| Untracked 
|  19|0x00000000c4500000, 0x00000000c4500000, 0x00000000c4600000|  0%| F|  |TAMS 0x00000000c4500000, 0x00000000c4500000| Untracked 
|  20|0x00000000c4600000, 0x00000000c4600000, 0x00000000c4700000|  0%| F|  |TAMS 0x00000000c4600000, 0x00000000c4600000| Untracked 
|  21|0x00000000c4700000, 0x00000000c4700000, 0x00000000c4800000|  0%| F|  |TAMS 0x00000000c4700000, 0x00000000c4700000| Untracked 
|  22|0x00000000c4800000, 0x00000000c4800000, 0x00000000c4900000|  0%| F|  |TAMS 0x00000000c4800000, 0x00000000c4800000| Untracked 
|  23|0x00000000c4900000, 0x00000000c4900000, 0x00000000c4a00000|  0%| F|  |TAMS 0x00000000c4900000, 0x00000000c4900000| Untracked 
|  24|0x00000000c4a00000, 0x00000000c4a00000, 0x00000000c4b00000|  0%| F|  |TAMS 0x00000000c4a00000, 0x00000000c4a00000| Untracked 
|  25|0x00000000c4b00000, 0x00000000c4b00000, 0x00000000c4c00000|  0%| F|  |TAMS 0x00000000c4b00000, 0x00000000c4b00000| Untracked 
|  26|0x00000000c4c00000, 0x00000000c4c00000, 0x00000000c4d00000|  0%| F|  |TAMS 0x00000000c4c00000, 0x00000000c4c00000| Untracked 
|  27|0x00000000c4d00000, 0x00000000c4d00000, 0x00000000c4e00000|  0%| F|  |TAMS 0x00000000c4d00000, 0x00000000c4d00000| Untracked 
|  28|0x00000000c4e00000, 0x00000000c4e00000, 0x00000000c4f00000|  0%| F|  |TAMS 0x00000000c4e00000, 0x00000000c4e00000| Untracked 
|  29|0x00000000c4f00000, 0x00000000c4f00000, 0x00000000c5000000|  0%| F|  |TAMS 0x00000000c4f00000, 0x00000000c4f00000| Untracked 
|  30|0x00000000c5000000, 0x00000000c5000000, 0x00000000c5100000|  0%| F|  |TAMS 0x00000000c5000000, 0x00000000c5000000| Untracked 
|  31|0x00000000c5100000, 0x00000000c5100000, 0x00000000c5200000|  0%| F|  |TAMS 0x00000000c5100000, 0x00000000c5100000| Untracked 
|  32|0x00000000c5200000, 0x00000000c5200000, 0x00000000c5300000|  0%| F|  |TAMS 0x00000000c5200000, 0x00000000c5200000| Untracked 
|  33|0x00000000c5300000, 0x00000000c5300000, 0x00000000c5400000|  0%| F|  |TAMS 0x00000000c5300000, 0x00000000c5300000| Untracked 
|  34|0x00000000c5400000, 0x00000000c5400000, 0x00000000c5500000|  0%| F|  |TAMS 0x00000000c5400000, 0x00000000c5400000| Untracked 
|  35|0x00000000c5500000, 0x00000000c5500000, 0x00000000c5600000|  0%| F|  |TAMS 0x00000000c5500000, 0x00000000c5500000| Untracked 
|  36|0x00000000c5600000, 0x00000000c5600000, 0x00000000c5700000|  0%| F|  |TAMS 0x00000000c5600000, 0x00000000c5600000| Untracked 
|  37|0x00000000c5700000, 0x00000000c5700000, 0x00000000c5800000|  0%| F|  |TAMS 0x00000000c5700000, 0x00000000c5700000| Untracked 
|  38|0x00000000c5800000, 0x00000000c5800000, 0x00000000c5900000|  0%| F|  |TAMS 0x00000000c5800000, 0x00000000c5800000| Untracked 
|  39|0x00000000c5900000, 0x00000000c5900000, 0x00000000c5a00000|  0%| F|  |TAMS 0x00000000c5900000, 0x00000000c5900000| Untracked 
|  40|0x00000000c5a00000, 0x00000000c5a00000, 0x00000000c5b00000|  0%| F|  |TAMS 0x00000000c5a00000, 0x00000000c5a00000| Untracked 
|  41|0x00000000c5b00000, 0x00000000c5b00000, 0x00000000c5c00000|  0%| F|  |TAMS 0x00000000c5b00000, 0x00000000c5b00000| Untracked 
|  42|0x00000000c5c00000, 0x00000000c5c00000, 0x00000000c5d00000|  0%| F|  |TAMS 0x00000000c5c00000, 0x00000000c5c00000| Untracked 
|  43|0x00000000c5d00000, 0x00000000c5d00000, 0x00000000c5e00000|  0%| F|  |TAMS 0x00000000c5d00000, 0x00000000c5d00000| Untracked 
|  44|0x00000000c5e00000, 0x00000000c5e00000, 0x00000000c5f00000|  0%| F|  |TAMS 0x00000000c5e00000, 0x00000000c5e00000| Untracked 
|  45|0x00000000c5f00000, 0x00000000c5f00000, 0x00000000c6000000|  0%| F|  |TAMS 0x00000000c5f00000, 0x00000000c5f00000| Untracked 
|  46|0x00000000c6000000, 0x00000000c6000000, 0x00000000c6100000|  0%| F|  |TAMS 0x00000000c6000000, 0x00000000c6000000| Untracked 
|  47|0x00000000c6100000, 0x00000000c6100000, 0x00000000c6200000|  0%| F|  |TAMS 0x00000000c6100000, 0x00000000c6100000| Untracked 
|  48|0x00000000c6200000, 0x00000000c6200000, 0x00000000c6300000|  0%| F|  |TAMS 0x00000000c6200000, 0x00000000c6200000| Untracked 
|  49|0x00000000c6300000, 0x00000000c6300000, 0x00000000c6400000|  0%| F|  |TAMS 0x00000000c6300000, 0x00000000c6300000| Untracked 
|  50|0x00000000c6400000, 0x00000000c6400000, 0x00000000c6500000|  0%| F|  |TAMS 0x00000000c6400000, 0x00000000c6400000| Untracked 
|  51|0x00000000c6500000, 0x00000000c6500000, 0x00000000c6600000|  0%| F|  |TAMS 0x00000000c6500000, 0x00000000c6500000| Untracked 
|  52|0x00000000c6600000, 0x00000000c6600000, 0x00000000c6700000|  0%| F|  |TAMS 0x00000000c6600000, 0x00000000c6600000| Untracked 
|  53|0x00000000c6700000, 0x00000000c6700000, 0x00000000c6800000|  0%| F|  |TAMS 0x00000000c6700000, 0x00000000c6700000| Untracked 
|  54|0x00000000c6800000, 0x00000000c6900000, 0x00000000c6900000|100%| S|CS|TAMS 0x00000000c6800000, 0x00000000c6800000| Complete 
|  55|0x00000000c6900000, 0x00000000c6900000, 0x00000000c6a00000|  0%| F|  |TAMS 0x00000000c6900000, 0x00000000c6900000| Untracked 
|  56|0x00000000c6a00000, 0x00000000c6a00000, 0x00000000c6b00000|  0%| F|  |TAMS 0x00000000c6a00000, 0x00000000c6a00000| Untracked 
|  57|0x00000000c6b00000, 0x00000000c6b00000, 0x00000000c6c00000|  0%| F|  |TAMS 0x00000000c6b00000, 0x00000000c6b00000| Untracked 
|  58|0x00000000c6c00000, 0x00000000c6d00000, 0x00000000c6d00000|100%| E|  |TAMS 0x00000000c6c00000, 0x00000000c6c00000| Complete 
|  59|0x00000000c6d00000, 0x00000000c6e00000, 0x00000000c6e00000|100%| E|CS|TAMS 0x00000000c6d00000, 0x00000000c6d00000| Complete 
|  60|0x00000000c6e00000, 0x00000000c6f00000, 0x00000000c6f00000|100%| E|CS|TAMS 0x00000000c6e00000, 0x00000000c6e00000| Complete 
|  61|0x00000000c6f00000, 0x00000000c7000000, 0x00000000c7000000|100%| E|CS|TAMS 0x00000000c6f00000, 0x00000000c6f00000| Complete 
| 972|0x00000000ffe00000, 0x00000000ffe47000, 0x00000000fff00000| 27%|OA|  |TAMS 0x00000000ffe00000, 0x00000000ffe00000| Untracked 
| 973|0x00000000fff00000, 0x00000000fff6b000, 0x0000000100000000| 41%|CA|  |TAMS 0x00000000fff00000, 0x00000000fff00000| Untracked 

Card table byte_map: [0x00007f3b974f1000,0x00007f3b976d8000] _byte_map_base: 0x00007f3b96ed8000

Marking Bits (Prev, Next): (CMBitMap*) 0x00007f3b90044c38, (CMBitMap*) 0x00007f3b90044c70
 Prev Bits: [0x00007f3b963d2000, 0x00007f3b9730a000)
 Next Bits: [0x00007f3b9549a000, 0x00007f3b963d2000)

Polling page: 0x00007f3b97dd9000

Metaspace:

Usage:
  Non-class:      5.73 MB capacity,     3.45 MB ( 60%) used,     2.27 MB ( 40%) free+waste,     7.50 KB ( <1%) overhead. 
      Class:    701.00 KB capacity,   459.53 KB ( 66%) used,   237.34 KB ( 34%) free+waste,     4.12 KB ( <1%) overhead. 
       Both:      6.41 MB capacity,     3.90 MB ( 61%) used,     2.50 MB ( 39%) free+waste,    11.62 KB ( <1%) overhead. 

Virtual space:
  Non-class space:        8.00 MB reserved,       6.00 MB ( 75%) committed 
      Class space:        1.00 GB reserved,     768.00 KB ( <1%) committed 
             Both:        1.01 GB reserved,       6.75 MB ( <1%) committed 

Chunk freelists:
   Non-Class:  27.00 KB
       Class:  3.00 KB
        Both:  30.00 KB

MaxMetaspaceSize: unlimited
CompressedClassSpaceSize: 1.00 GB
Initial GC threshold: 20.80 MB
Current GC threshold: 20.80 MB
CDS: on

CodeHeap 'non-profiled nmethods': size=120036Kb used=218Kb max_used=218Kb free=119817Kb
 bounds [0x00007f3b802bc000, 0x00007f3b8052c000, 0x00007f3b877f5000]
CodeHeap 'profiled nmethods': size=120032Kb used=1230Kb max_used=1230Kb free=118801Kb
 bounds [0x00007f3b78d84000, 0x00007f3b78ff4000, 0x00007f3b802bc000]
CodeHeap 'non-nmethods': size=5692Kb used=1149Kb max_used=1158Kb free=4542Kb
 bounds [0x00007f3b787f5000, 0x00007f3b78a65000, 0x00007f3b78d84000]
 total_blobs=1153 nmethods=743 adapters=324
 compilation: enabled
              stopped_count=0, restarted_count=0
 full_count=0

Compilation events (20 events):
Event: 0.603 Thread 0x00007f3b9012d800 nmethod 698 0x00007f3b802f0a90 code [0x00007f3b802f0c40, 0x00007f3b802f0d10]
Event: 0.603 Thread 0x00007f3b9012d800  721       3       java.lang.Number::<init> (5 bytes)
Event: 0.603 Thread 0x00007f3b9012d800 nmethod 721 0x00007f3b78eae910 code [0x00007f3b78eaeac0, 0x00007f3b78eaec30]
Event: 0.603 Thread 0x00007f3b9012d800  712       3       java.util.Arrays::copyOf (10 bytes)
Event: 0.603 Thread 0x00007f3b9012d800 nmethod 712 0x00007f3b78eaed10 code [0x00007f3b78eaeec0, 0x00007f3b78eaf000]
Event: 0.603 Thread 0x00007f3b9012d800  713       3       java.lang.invoke.LambdaForm::internArgument (84 bytes)
Event: 0.603 Thread 0x00007f3b9012d800 nmethod 713 0x00007f3b78eaf110 code [0x00007f3b78eaf300, 0x00007f3b78eaf6a0]
Event: 0.603 Thread 0x00007f3b9012d800  714       1       java.lang.invoke.LambdaForm$Name::type (5 bytes)
Event: 0.603 Thread 0x00007f3b9012d800 nmethod 714 0x00007f3b802f0d90 code [0x00007f3b802f0f40, 0x00007f3b802f1010]
Event: 0.604 Thread 0x00007f3b9012d800  727       1       java.lang.invoke.LambdaForm$BasicType::basicTypeChar (5 bytes)
Event: 0.604 Thread 0x00007f3b9012d800 nmethod 727 0x00007f3b802f1090 code [0x00007f3b802f1240, 0x00007f3b802f1310]
Event: 0.604 Thread 0x00007f3b9012d800  710       1       java.lang.invoke.MethodTypeForm::basicType (5 bytes)
Event: 0.604 Thread 0x00007f3b9012d800 nmethod 710 0x00007f3b802f1390 code [0x00007f3b802f1540, 0x00007f3b802f1610]
Event: 0.608 Thread 0x00007f3b9012d800  730       3       java.lang.AbstractStringBuilder::appendChars (130 bytes)
Event: 0.609 Thread 0x00007f3b9012d800 nmethod 730 0x00007f3b78eaf890 code [0x00007f3b78eafb00, 0x00007f3b78eb0600]
Event: 0.609 Thread 0x00007f3b9012d800  741       3       sun.invoke.util.Wrapper::forBasicType (16 bytes)
Event: 0.609 Thread 0x00007f3b9012d800 nmethod 741 0x00007f3b78eb0b90 code [0x00007f3b78eb0d60, 0x00007f3b78eb0ee0]
Event: 0.609 Thread 0x00007f3b9012d800  737       3       jdk.internal.org.objectweb.asm.Frame::get (46 bytes)
Event: 0.609 Thread 0x00007f3b9012d800 nmethod 737 0x00007f3b78eb0f90 code [0x00007f3b78eb1140, 0x00007f3b78eb1350]
Event: 0.609 Thread 0x00007f3b9012d800  735       3       sun.invoke.util.Wrapper::hashPrim (30 bytes)

GC Heap History (2 events):
Event: 0.491 GC heap before
{Heap before GC invocations=0 (full 0):
 garbage-first heap   total 65536K, used 7880K [0x00000000c3200000, 0x0000000100000000)
  region size 1024K, 7 young (7168K), 0 survivors (0K)
 Metaspace       used 3433K, capacity 6260K, committed 6528K, reserved 1056768K
  class space    used 348K, capacity 618K, committed 640K, reserved 1048576K
}
Event: 0.504 GC heap after
{Heap after GC invocations=1 (full 0):
 garbage-first heap   total 65536K, used 2266K [0x00000000c3200000, 0x0000000100000000)
  region size 1024K, 1 young (1024K), 1 survivors (1024K)
 Metaspace       used 3433K, capacity 6260K, committed 6528K, reserved 1056768K
  class space    used 348K, capacity 618K, committed 640K, reserved 1048576K
}

Deoptimization events (20 events):
Event: 0.550 Thread 0x00007f3b90017000 DEOPT PACKING pc=0x00007f3b78dbe4cf sp=0x00007f3b97f1a680
Event: 0.550 Thread 0x00007f3b90017000 DEOPT UNPACKING pc=0x00007f3b7883f64a sp=0x00007f3b97f19b28 mode 0
Event: 0.551 Thread 0x00007f3b90017000 DEOPT PACKING pc=0x00007f3b78dbe4cf sp=0x00007f3b97f1a680
Event: 0.551 Thread 0x00007f3b90017000 DEOPT UNPACKING pc=0x00007f3b7883f64a sp=0x00007f3b97f19b28 mode 0
Event: 0.589 Thread 0x00007f3b90017000 Uncommon trap: trap_request=0xffffffc6 fr.pc=0x00007f3b802c5424 relative=0x0000000000000084
Event: 0.589 Thread 0x00007f3b90017000 Uncommon trap: reason=bimorphic_or_optimized_type_check action=maybe_recompile pc=0x00007f3b802c5424 method=java.util.AbstractCollection.isEmpty()Z @ 1 c2
Event: 0.589 Thread 0x00007f3b90017000 DEOPT PACKING pc=0x00007f3b802c5424 sp=0x00007f3b97f1a000
Event: 0.589 Thread 0x00007f3b90017000 DEOPT UNPACKING pc=0x00007f3b7883eea5 sp=0x00007f3b97f19fb0 mode 2
Event: 0.589 Thread 0x00007f3b90017000 Uncommon trap: trap_request=0xffffffc6 fr.pc=0x00007f3b802c5424 relative=0x0000000000000084
Event: 0.589 Thread 0x00007f3b90017000 Uncommon trap: reason=bimorphic_or_optimized_type_check action=maybe_recompile pc=0x00007f3b802c5424 method=java.util.AbstractCollection.isEmpty()Z @ 1 c2
Event: 0.589 Thread 0x00007f3b90017000 DEOPT PACKING pc=0x00007f3b802c5424 sp=0x00007f3b97f1a1d0
Event: 0.589 Thread 0x00007f3b90017000 DEOPT UNPACKING pc=0x00007f3b7883eea5 sp=0x00007f3b97f1a180 mode 2
Event: 0.590 Thread 0x00007f3b90017000 Uncommon trap: trap_request=0xffffffc6 fr.pc=0x00007f3b802c5424 relative=0x0000000000000084
Event: 0.590 Thread 0x00007f3b90017000 Uncommon trap: reason=bimorphic_or_optimized_type_check action=maybe_recompile pc=0x00007f3b802c5424 method=java.util.AbstractCollection.isEmpty()Z @ 1 c2
Event: 0.590 Thread 0x00007f3b90017000 DEOPT PACKING pc=0x00007f3b802c5424 sp=0x00007f3b97f1a000
Event: 0.590 Thread 0x00007f3b90017000 DEOPT UNPACKING pc=0x00007f3b7883eea5 sp=0x00007f3b97f19fb0 mode 2
Event: 0.590 Thread 0x00007f3b90017000 Uncommon trap: trap_request=0xffffffc6 fr.pc=0x00007f3b802c5424 relative=0x0000000000000084
Event: 0.590 Thread 0x00007f3b90017000 Uncommon trap: reason=bimorphic_or_optimized_type_check action=maybe_recompile pc=0x00007f3b802c5424 method=java.util.AbstractCollection.isEmpty()Z @ 1 c2
Event: 0.590 Thread 0x00007f3b90017000 DEOPT PACKING pc=0x00007f3b802c5424 sp=0x00007f3b97f1a1d0
Event: 0.590 Thread 0x00007f3b90017000 DEOPT UNPACKING pc=0x00007f3b7883eea5 sp=0x00007f3b97f1a180 mode 2

Classes redefined (0 events):
No events

Internal exceptions (20 events):
Event: 0.220 Thread 0x00007f3b90017000 Exception <a 'java/security/PrivilegedActionException'{0x00000000c6ee83a8}> (0x00000000c6ee83a8) thrown at [src/hotspot/share/prims/jvm.cpp, line 1304]
Event: 0.220 Thread 0x00007f3b90017000 Exception <a 'java/security/PrivilegedActionException'{0x00000000c6ee8678}> (0x00000000c6ee8678) thrown at [src/hotspot/share/prims/jvm.cpp, line 1304]
Event: 0.220 Thread 0x00007f3b90017000 Exception <a 'java/security/PrivilegedActionException'{0x00000000c6ee9000}> (0x00000000c6ee9000) thrown at [src/hotspot/share/prims/jvm.cpp, line 1304]
Event: 0.220 Thread 0x00007f3b90017000 Exception <a 'java/security/PrivilegedActionException'{0x00000000c6ee92d0}> (0x00000000c6ee92d0) thrown at [src/hotspot/share/prims/jvm.cpp, line 1304]
Event: 0.220 Thread 0x00007f3b90017000 Exception <a 'java/security/PrivilegedActionException'{0x00000000c6ee9c58}> (0x00000000c6ee9c58) thrown at [src/hotspot/share/prims/jvm.cpp, line 1304]
Event: 0.220 Thread 0x00007f3b90017000 Exception <a 'java/security/PrivilegedActionException'{0x00000000c6ee9f28}> (0x00000000c6ee9f28) thrown at [src/hotspot/share/prims/jvm.cpp, line 1304]
Event: 0.222 Thread 0x00007f3b90017000 Exception <a 'java/security/PrivilegedActionException'{0x00000000c6eea8b0}> (0x00000000c6eea8b0) thrown at [src/hotspot/share/prims/jvm.cpp, line 1304]
Event: 0.222 Thread 0x00007f3b90017000 Exception <a 'java/security/PrivilegedActionException'{0x00000000c6eeab80}> (0x00000000c6eeab80) thrown at [src/hotspot/share/prims/jvm.cpp, line 1304]
Event: 0.222 Thread 0x00007f3b90017000 Exception <a 'java/security/PrivilegedActionException'{0x00000000c6eeb4f0}> (0x00000000c6eeb4f0) thrown at [src/hotspot/share/prims/jvm.cpp, line 1304]
Event: 0.222 Thread 0x00007f3b90017000 Exception <a 'java/security/PrivilegedActionException'{0x00000000c6eeb7c0}> (0x00000000c6eeb7c0) thrown at [src/hotspot/share/prims/jvm.cpp, line 1304]
Event: 0.222 Thread 0x00007f3b90017000 Exception <a 'java/security/PrivilegedActionException'{0x00000000c6eec148}> (0x00000000c6eec148) thrown at [src/hotspot/share/prims/jvm.cpp, line 1304]
Event: 0.222 Thread 0x00007f3b90017000 Exception <a 'java/security/PrivilegedActionException'{0x00000000c6eec418}> (0x00000000c6eec418) thrown at [src/hotspot/share/prims/jvm.cpp, line 1304]
Event: 0.390 Thread 0x00007f3b90017000 Exception <a 'java/lang/NoSuchMethodError'{0x00000000c6adc378}: 'int java.lang.invoke.DirectMethodHandle$Holder.invokeStaticInit(java.lang.Object, java.lang.Object, java.lang.Object, java.lang.Object)'> (0x00000000c6adc378) thrown at [src/hotspot/share/interpreter/linkResolver.cpp, line 772]
Event: 0.411 Thread 0x00007f3b90017000 Exception <a 'java/lang/IncompatibleClassChangeError'{0x00000000c6ae60f8}: Found class java.lang.Object, but interface was expected> (0x00000000c6ae60f8) thrown at [src/hotspot/share/interpreter/linkResolver.cpp, line 839]
Event: 0.414 Thread 0x00007f3b90017000 Exception <a 'java/lang/NoSuchMethodError'{0x00000000c6ae92a8}: 'void java.lang.invoke.DirectMethodHandle$Holder.invokeStaticInit(java.lang.Object, java.lang.Object)'> (0x00000000c6ae92a8) thrown at [src/hotspot/share/interpreter/linkResolver.cpp, line 772]
Event: 0.416 Thread 0x00007f3b90017000 Exception <a 'java/lang/NoSuchMethodError'{0x00000000c6aee978}: 'int java.lang.invoke.DirectMethodHandle$Holder.invokeStaticInit(java.lang.Object, java.lang.Object)'> (0x00000000c6aee978) thrown at [src/hotspot/share/interpreter/linkResolver.cpp, line 772]
Event: 0.598 Thread 0x00007f3b90017000 Exception <a 'java/lang/NoSuchMethodError'{0x00000000c6cb0440}: 'java.lang.Object java.lang.invoke.DirectMethodHandle$Holder.invokeStatic(java.lang.Object, java.lang.Object, java.lang.Object, java.lang.Object, java.lang.Object, java.lang.Object, java.lang.Object, java.lang.Object, java.lang.Object, java.lang.Object, java.lang.Object, int)'> (0x00000000c6cb0440) thrown at [src/hotspot/share/interpreter/linkResolver.cpp, line 772]
Event: 0.605 Thread 0x00007f3b90017000 Exception <a 'java/lang/NoSuchMethodError'{0x00000000c6ccf810}: 'java.lang.Object java.lang.invoke.DirectMethodHandle$Holder.invokeStatic(java.lang.Object, java.lang.Object, java.lang.Object, java.lang.Object, java.lang.Object, java.lang.Object, java.lang.Object, java.lang.Object, java.lang.Object, java.lang.Object, java.lang.Object, int, int)'> (0x00000000c6ccf810) thrown at [src/hotspot/share/interpreter/linkResolver.cpp, line 772]
Event: 0.607 Thread 0x00007f3b90017000 Exception <a 'java/lang/NoSuchMethodError'{0x00000000c6ceebc8}: 'java.lang.Object java.lang.invoke.DirectMethodHandle$Holder.invokeStatic(java.lang.Object, java.lang.Object, java.lang.Object, java.lang.Object, java.lang.Object, java.lang.Object, java.lang.Object, java.lang.Object, java.lang.Object, java.lang.Object, java.lang.Object, int, int, java.lang.Object)'> (0x00000000c6ceebc8) thrown at [src/hotspot/share/interpreter/linkResolver.cpp, line 772]
Event: 0.609 Thread 0x00007f3b90017000 Exception <a 'java/lang/NoSuchMethodError'{0x00000000c6cfae20}: 'java.lang.Object java.lang.invoke.Invokers$Holder.linkToTargetMethod(java.lang.Object, int, java.lang.Object)'> (0x00000000c6cfae20) thrown at [src/hotspot/share/interpreter/linkResolver.cpp, line 772]

Events (20 events):
Event: 0.589 loading class java/lang/invoke/BoundMethodHandle$Species_LL
Event: 0.589 loading class java/lang/invoke/BoundMethodHandle$Species_LL done
Event: 0.590 loading class java/lang/invoke/BoundMethodHandle$Species_LLL
Event: 0.590 loading class java/lang/invoke/BoundMethodHandle$Species_LLL done
Event: 0.591 loading class java/lang/invoke/BoundMethodHandle$Species_LLLL
Event: 0.591 loading class java/lang/invoke/BoundMethodHandle$Species_LLLL done
Event: 0.592 loading class java/lang/invoke/BoundMethodHandle$Species_LLLLL
Event: 0.592 loading class java/lang/invoke/BoundMethodHandle$Species_LLLLL done
Event: 0.593 loading class java/lang/invoke/BoundMethodHandle$Species_LLLLLL
Event: 0.593 loading class java/lang/invoke/BoundMethodHandle$Species_LLLLLL done
Event: 0.594 loading class java/lang/invoke/BoundMethodHandle$Species_LLLLLLL
Event: 0.594 loading class java/lang/invoke/BoundMethodHandle$Species_LLLLLLL done
Event: 0.595 loading class java/lang/invoke/BoundMethodHandle$Species_LLLLLLLL
Event: 0.595 loading class java/lang/invoke/BoundMethodHandle$Species_LLLLLLLL done
Event: 0.597 loading class java/lang/invoke/BoundMethodHandle$Species_LLLLLLLLI
Event: 0.597 loading class java/lang/invoke/BoundMethodHandle$Species_LLLLLLLLI done
Event: 0.599 loading class java/lang/invoke/BoundMethodHandle$Species_LLLLLLLLII
Event: 0.599 loading class java/lang/invoke/BoundMethodHandle$Species_LLLLLLLLII done
Event: 0.606 loading class java/lang/invoke/BoundMethodHandle$Species_LLLLLLLLIIL
Event: 0.606 loading class java/lang/invoke/BoundMethodHandle$Species_LLLLLLLLIIL done


Dynamic libraries:
c3200000-c7000000 rw-p 00000000 00:00 0 
c7000000-ffe00000 ---p 00000000 00:00 0 
ffe00000-ffe47000 rw-p 00b0a000 08:05 922150                             /usr/lib/jvm/java-11-openjdk-amd64/lib/server/classes.jsa
ffe47000-fff00000 rw-p 00000000 00:00 0 
fff00000-fff6b000 rw-p 00a9f000 08:05 922150                             /usr/lib/jvm/java-11-openjdk-amd64/lib/server/classes.jsa
fff6b000-100000000 rw-p 00000000 00:00 0 
800000000-800002000 rwxp 00001000 08:05 922150                           /usr/lib/jvm/java-11-openjdk-amd64/lib/server/classes.jsa
800002000-8003cc000 rw-p 00003000 08:05 922150                           /usr/lib/jvm/java-11-openjdk-amd64/lib/server/classes.jsa
8003cc000-800a9d000 r--p 003cd000 08:05 922150                           /usr/lib/jvm/java-11-openjdk-amd64/lib/server/classes.jsa
800a9d000-800a9e000 rw-p 00a9e000 08:05 922150                           /usr/lib/jvm/java-11-openjdk-amd64/lib/server/classes.jsa
840000000-8400c0000 rw-p 00000000 00:00 0 
8400c0000-880000000 ---p 00000000 00:00 0 
5575f999b000-5575f999c000 r--p 00000000 08:05 922046                     /usr/lib/jvm/java-11-openjdk-amd64/bin/java
5575f999c000-5575f999d000 r-xp 00001000 08:05 922046                     /usr/lib/jvm/java-11-openjdk-amd64/bin/java
5575f999d000-5575f999e000 r--p 00002000 08:05 922046                     /usr/lib/jvm/java-11-openjdk-amd64/bin/java
5575f999e000-5575f999f000 r--p 00002000 08:05 922046                     /usr/lib/jvm/java-11-openjdk-amd64/bin/java
5575f999f000-5575f99a0000 rw-p 00003000 08:05 922046                     /usr/lib/jvm/java-11-openjdk-amd64/bin/java
5575fb084000-5575fb0c6000 rw-p 00000000 00:00 0                          [heap]
7f3b3552c000-7f3b35e52000 r--p 00000000 08:05 1461981                    /home/qutx/.javacpp/cache/llvm-13.0.1-1.5.7-linux-x86_64.jar/org/bytedeco/llvm/linux-x86_64/libLLVM-13.so
7f3b35e52000-7f3b39815000 r-xp 00926000 08:05 1461981                    /home/qutx/.javacpp/cache/llvm-13.0.1-1.5.7-linux-x86_64.jar/org/bytedeco/llvm/linux-x86_64/libLLVM-13.so
7f3b39815000-7f3b3ba6a000 r--p 042e9000 08:05 1461981                    /home/qutx/.javacpp/cache/llvm-13.0.1-1.5.7-linux-x86_64.jar/org/bytedeco/llvm/linux-x86_64/libLLVM-13.so
7f3b3ba6a000-7f3b3bf7f000 r--p 0653d000 08:05 1461981                    /home/qutx/.javacpp/cache/llvm-13.0.1-1.5.7-linux-x86_64.jar/org/bytedeco/llvm/linux-x86_64/libLLVM-13.so
7f3b3bf7f000-7f3b3bf8a000 rw-p 06a52000 08:05 1461981                    /home/qutx/.javacpp/cache/llvm-13.0.1-1.5.7-linux-x86_64.jar/org/bytedeco/llvm/linux-x86_64/libLLVM-13.so
7f3b3bf8a000-7f3b3c000000 rw-p 00000000 00:00 0 
7f3b3c000000-7f3b3c021000 rw-p 00000000 00:00 0 
7f3b3c021000-7f3b40000000 ---p 00000000 00:00 0 
7f3b40000000-7f3b40021000 rw-p 00000000 00:00 0 
7f3b40021000-7f3b44000000 ---p 00000000 00:00 0 
7f3b44000000-7f3b44239000 rw-p 00000000 00:00 0 
7f3b44239000-7f3b48000000 ---p 00000000 00:00 0 
7f3b48000000-7f3b483ee000 rw-p 00000000 00:00 0 
7f3b483ee000-7f3b4c000000 ---p 00000000 00:00 0 
7f3b4c000000-7f3b4c021000 rw-p 00000000 00:00 0 
7f3b4c021000-7f3b50000000 ---p 00000000 00:00 0 
7f3b50000000-7f3b50021000 rw-p 00000000 00:00 0 
7f3b50021000-7f3b54000000 ---p 00000000 00:00 0 
7f3b54000000-7f3b54021000 rw-p 00000000 00:00 0 
7f3b54021000-7f3b58000000 ---p 00000000 00:00 0 
7f3b58000000-7f3b58021000 rw-p 00000000 00:00 0 
7f3b58021000-7f3b5c000000 ---p 00000000 00:00 0 
7f3b5c000000-7f3b5c021000 rw-p 00000000 00:00 0 
7f3b5c021000-7f3b60000000 ---p 00000000 00:00 0 
7f3b60000000-7f3b60021000 rw-p 00000000 00:00 0 
7f3b60021000-7f3b64000000 ---p 00000000 00:00 0 
7f3b64000000-7f3b64021000 rw-p 00000000 00:00 0 
7f3b64021000-7f3b68000000 ---p 00000000 00:00 0 
7f3b6901b000-7f3b69080000 r--p 00000000 08:05 1461986                    /home/qutx/.javacpp/cache/llvm-13.0.1-1.5.7-linux-x86_64.jar/org/bytedeco/llvm/linux-x86_64/libjniLLVM.so
7f3b69080000-7f3b690ee000 r-xp 00065000 08:05 1461986                    /home/qutx/.javacpp/cache/llvm-13.0.1-1.5.7-linux-x86_64.jar/org/bytedeco/llvm/linux-x86_64/libjniLLVM.so
7f3b690ee000-7f3b69119000 r--p 000d3000 08:05 1461986                    /home/qutx/.javacpp/cache/llvm-13.0.1-1.5.7-linux-x86_64.jar/org/bytedeco/llvm/linux-x86_64/libjniLLVM.so
7f3b69119000-7f3b6911c000 r--p 000fd000 08:05 1461986                    /home/qutx/.javacpp/cache/llvm-13.0.1-1.5.7-linux-x86_64.jar/org/bytedeco/llvm/linux-x86_64/libjniLLVM.so
7f3b6911c000-7f3b6911f000 rw-p 00100000 08:05 1461986                    /home/qutx/.javacpp/cache/llvm-13.0.1-1.5.7-linux-x86_64.jar/org/bytedeco/llvm/linux-x86_64/libjniLLVM.so
7f3b6911f000-7f3b69121000 rw-p 00000000 00:00 0 
7f3b69121000-7f3b69125000 ---p 00000000 00:00 0 
7f3b69125000-7f3b69222000 rw-p 00000000 00:00 0 
7f3b69222000-7f3b6a000000 r--p 00000000 08:05 922866                     /usr/lib/locale/locale-archive
7f3b6a000000-7f3b6c000000 rw-p 00000000 00:00 0 
7f3b6c000000-7f3b6c021000 rw-p 00000000 00:00 0 
7f3b6c021000-7f3b70000000 ---p 00000000 00:00 0 
7f3b70000000-7f3b70021000 rw-p 00000000 00:00 0 
7f3b70021000-7f3b74000000 ---p 00000000 00:00 0 
7f3b74000000-7f3b74021000 rw-p 00000000 00:00 0 
7f3b74021000-7f3b78000000 ---p 00000000 00:00 0 
7f3b780ec000-7f3b780ed000 ---p 00000000 00:00 0 
7f3b780ed000-7f3b781ee000 rw-p 00000000 00:00 0 
7f3b781ee000-7f3b781ef000 ---p 00000000 00:00 0 
7f3b781ef000-7f3b782f0000 rw-p 00000000 00:00 0 
7f3b782f0000-7f3b782f4000 ---p 00000000 00:00 0 
7f3b782f4000-7f3b783f1000 rw-p 00000000 00:00 0 
7f3b783f1000-7f3b783f5000 ---p 00000000 00:00 0 
7f3b783f5000-7f3b784f2000 rw-p 00000000 00:00 0 
7f3b784f2000-7f3b784f6000 ---p 00000000 00:00 0 
7f3b784f6000-7f3b785f3000 rw-p 00000000 00:00 0 
7f3b785f3000-7f3b785f7000 ---p 00000000 00:00 0 
7f3b785f7000-7f3b786f4000 rw-p 00000000 00:00 0 
7f3b786f4000-7f3b786f8000 ---p 00000000 00:00 0 
7f3b786f8000-7f3b787f5000 rw-p 00000000 00:00 0 
7f3b787f5000-7f3b78a65000 rwxp 00000000 00:00 0 
7f3b78a65000-7f3b78d84000 ---p 00000000 00:00 0 
7f3b78d84000-7f3b78ff4000 rwxp 00000000 00:00 0 
7f3b78ff4000-7f3b802bc000 ---p 00000000 00:00 0 
7f3b802bc000-7f3b8052c000 rwxp 00000000 00:00 0 
7f3b8052c000-7f3b877f5000 ---p 00000000 00:00 0 
7f3b877f5000-7f3b90000000 r--s 00000000 08:05 922125                     /usr/lib/jvm/java-11-openjdk-amd64/lib/modules
7f3b90000000-7f3b903d9000 rw-p 00000000 00:00 0 
7f3b903d9000-7f3b94000000 ---p 00000000 00:00 0 
7f3b9402c000-7f3b94033000 r--s 00000000 08:05 1447316                    /usr/lib/x86_64-linux-gnu/gconv/gconv-modules.cache
7f3b94033000-7f3b94034000 r--p 00000000 08:05 1461984                    /home/qutx/.javacpp/cache/llvm-13.0.1-1.5.7-linux-x86_64.jar/org/bytedeco/llvm/linux-x86_64/libRemarks.so.13
7f3b94034000-7f3b94035000 r-xp 00001000 08:05 1461984                    /home/qutx/.javacpp/cache/llvm-13.0.1-1.5.7-linux-x86_64.jar/org/bytedeco/llvm/linux-x86_64/libRemarks.so.13
7f3b94035000-7f3b94036000 r--p 00002000 08:05 1461984                    /home/qutx/.javacpp/cache/llvm-13.0.1-1.5.7-linux-x86_64.jar/org/bytedeco/llvm/linux-x86_64/libRemarks.so.13
7f3b94036000-7f3b94037000 r--p 00002000 08:05 1461984                    /home/qutx/.javacpp/cache/llvm-13.0.1-1.5.7-linux-x86_64.jar/org/bytedeco/llvm/linux-x86_64/libRemarks.so.13
7f3b94037000-7f3b94038000 rw-p 00003000 08:05 1461984                    /home/qutx/.javacpp/cache/llvm-13.0.1-1.5.7-linux-x86_64.jar/org/bytedeco/llvm/linux-x86_64/libRemarks.so.13
7f3b94038000-7f3b9403f000 r--p 00000000 08:05 1461982                    /home/qutx/.javacpp/cache/llvm-13.0.1-1.5.7-linux-x86_64.jar/org/bytedeco/llvm/linux-x86_64/libLTO.so.13
7f3b9403f000-7f3b94047000 r-xp 00007000 08:05 1461982                    /home/qutx/.javacpp/cache/llvm-13.0.1-1.5.7-linux-x86_64.jar/org/bytedeco/llvm/linux-x86_64/libLTO.so.13
7f3b94047000-7f3b94049000 r--p 0000f000 08:05 1461982                    /home/qutx/.javacpp/cache/llvm-13.0.1-1.5.7-linux-x86_64.jar/org/bytedeco/llvm/linux-x86_64/libLTO.so.13
7f3b94049000-7f3b9404a000 r--p 00010000 08:05 1461982                    /home/qutx/.javacpp/cache/llvm-13.0.1-1.5.7-linux-x86_64.jar/org/bytedeco/llvm/linux-x86_64/libLTO.so.13
7f3b9404a000-7f3b9404b000 rw-p 00011000 08:05 1461982                    /home/qutx/.javacpp/cache/llvm-13.0.1-1.5.7-linux-x86_64.jar/org/bytedeco/llvm/linux-x86_64/libLTO.so.13
7f3b9404b000-7f3b9404f000 r--p 00000000 08:05 1461975                    /home/qutx/.javacpp/cache/javacpp-1.5.7-linux-x86_64.jar/org/bytedeco/javacpp/linux-x86_64/libjnijavacpp.so
7f3b9404f000-7f3b94056000 r-xp 00004000 08:05 1461975                    /home/qutx/.javacpp/cache/javacpp-1.5.7-linux-x86_64.jar/org/bytedeco/javacpp/linux-x86_64/libjnijavacpp.so
7f3b94056000-7f3b9405a000 r--p 0000b000 08:05 1461975                    /home/qutx/.javacpp/cache/javacpp-1.5.7-linux-x86_64.jar/org/bytedeco/javacpp/linux-x86_64/libjnijavacpp.so
7f3b9405a000-7f3b9405b000 r--p 0000e000 08:05 1461975                    /home/qutx/.javacpp/cache/javacpp-1.5.7-linux-x86_64.jar/org/bytedeco/javacpp/linux-x86_64/libjnijavacpp.so
7f3b9405b000-7f3b9405c000 rw-p 0000f000 08:05 1461975                    /home/qutx/.javacpp/cache/javacpp-1.5.7-linux-x86_64.jar/org/bytedeco/javacpp/linux-x86_64/libjnijavacpp.so
7f3b9405c000-7f3b9405d000 r--p 00000000 08:05 922097                     /usr/lib/jvm/java-11-openjdk-amd64/lib/libextnet.so
7f3b9405d000-7f3b9405e000 r-xp 00001000 08:05 922097                     /usr/lib/jvm/java-11-openjdk-amd64/lib/libextnet.so
7f3b9405e000-7f3b9405f000 r--p 00002000 08:05 922097                     /usr/lib/jvm/java-11-openjdk-amd64/lib/libextnet.so
7f3b9405f000-7f3b94060000 r--p 00002000 08:05 922097                     /usr/lib/jvm/java-11-openjdk-amd64/lib/libextnet.so
7f3b94060000-7f3b94061000 rw-p 00003000 08:05 922097                     /usr/lib/jvm/java-11-openjdk-amd64/lib/libextnet.so
7f3b94061000-7f3b94065000 r--p 00000000 08:05 922115                     /usr/lib/jvm/java-11-openjdk-amd64/lib/libnet.so
7f3b94065000-7f3b94073000 r-xp 00004000 08:05 922115                     /usr/lib/jvm/java-11-openjdk-amd64/lib/libnet.so
7f3b94073000-7f3b94077000 r--p 00012000 08:05 922115                     /usr/lib/jvm/java-11-openjdk-amd64/lib/libnet.so
7f3b94077000-7f3b94078000 r--p 00015000 08:05 922115                     /usr/lib/jvm/java-11-openjdk-amd64/lib/libnet.so
7f3b94078000-7f3b94079000 rw-p 00016000 08:05 922115                     /usr/lib/jvm/java-11-openjdk-amd64/lib/libnet.so
7f3b94079000-7f3b94080000 r--p 00000000 08:05 922116                     /usr/lib/jvm/java-11-openjdk-amd64/lib/libnio.so
7f3b94080000-7f3b94088000 r-xp 00007000 08:05 922116                     /usr/lib/jvm/java-11-openjdk-amd64/lib/libnio.so
7f3b94088000-7f3b9408b000 r--p 0000f000 08:05 922116                     /usr/lib/jvm/java-11-openjdk-amd64/lib/libnio.so
7f3b9408b000-7f3b9408c000 r--p 00011000 08:05 922116                     /usr/lib/jvm/java-11-openjdk-amd64/lib/libnio.so
7f3b9408c000-7f3b9408d000 rw-p 00012000 08:05 922116                     /usr/lib/jvm/java-11-openjdk-amd64/lib/libnio.so
7f3b9408d000-7f3b94091000 ---p 00000000 00:00 0 
7f3b94091000-7f3b9418e000 rw-p 00000000 00:00 0 
7f3b9418e000-7f3b94192000 ---p 00000000 00:00 0 
7f3b94192000-7f3b9428f000 rw-p 00000000 00:00 0 
7f3b9428f000-7f3b94293000 ---p 00000000 00:00 0 
7f3b94293000-7f3b94390000 rw-p 00000000 00:00 0 
7f3b94390000-7f3b94394000 ---p 00000000 00:00 0 
7f3b94394000-7f3b94491000 rw-p 00000000 00:00 0 
7f3b94491000-7f3b94492000 ---p 00000000 00:00 0 
7f3b94492000-7f3b94c6f000 rw-p 00000000 00:00 0 
7f3b94c6f000-7f3b94e6f000 ---p 00000000 00:00 0 
7f3b94e6f000-7f3b94e70000 ---p 00000000 00:00 0 
7f3b94e70000-7f3b94f71000 rw-p 00000000 00:00 0 
7f3b94f71000-7f3b94f72000 ---p 00000000 00:00 0 
7f3b94f72000-7f3b95275000 rw-p 00000000 00:00 0 
7f3b95275000-7f3b95276000 ---p 00000000 00:00 0 
7f3b95276000-7f3b95377000 rw-p 00000000 00:00 0 
7f3b95377000-7f3b95378000 ---p 00000000 00:00 0 
7f3b95378000-7f3b95592000 rw-p 00000000 00:00 0 
7f3b95592000-7f3b963ca000 ---p 00000000 00:00 0 
7f3b963ca000-7f3b964ca000 rw-p 00000000 00:00 0 
7f3b964ca000-7f3b97302000 ---p 00000000 00:00 0 
7f3b97302000-7f3b97329000 rw-p 00000000 00:00 0 
7f3b97329000-7f3b974f0000 ---p 00000000 00:00 0 
7f3b974f0000-7f3b97510000 rw-p 00000000 00:00 0 
7f3b97510000-7f3b976d7000 ---p 00000000 00:00 0 
7f3b976d7000-7f3b976f7000 rw-p 00000000 00:00 0 
7f3b976f7000-7f3b978be000 ---p 00000000 00:00 0 
7f3b978be000-7f3b97ac1000 rw-p 00000000 00:00 0 
7f3b97ac1000-7f3b97ac2000 ---p 00000000 00:00 0 
7f3b97ac2000-7f3b97bc8000 rw-p 00000000 00:00 0 
7f3b97bc8000-7f3b97cae000 ---p 00000000 00:00 0 
7f3b97cae000-7f3b97cb3000 rw-p 00000000 00:00 0 
7f3b97cb3000-7f3b97d99000 ---p 00000000 00:00 0 
7f3b97d99000-7f3b97d9e000 rw-p 00000000 00:00 0 
7f3b97d9e000-7f3b97da5000 ---p 00000000 00:00 0 
7f3b97da5000-7f3b97da8000 r--p 00000000 08:05 924341                     /usr/lib/x86_64-linux-gnu/libnss_files-2.31.so
7f3b97da8000-7f3b97daf000 r-xp 00003000 08:05 924341                     /usr/lib/x86_64-linux-gnu/libnss_files-2.31.so
7f3b97daf000-7f3b97db1000 r--p 0000a000 08:05 924341                     /usr/lib/x86_64-linux-gnu/libnss_files-2.31.so
7f3b97db1000-7f3b97db2000 r--p 0000b000 08:05 924341                     /usr/lib/x86_64-linux-gnu/libnss_files-2.31.so
7f3b97db2000-7f3b97db3000 rw-p 0000c000 08:05 924341                     /usr/lib/x86_64-linux-gnu/libnss_files-2.31.so
7f3b97db3000-7f3b97db9000 rw-p 00000000 00:00 0 
7f3b97db9000-7f3b97dbb000 r--p 00000000 08:05 922124                     /usr/lib/jvm/java-11-openjdk-amd64/lib/libzip.so
7f3b97dbb000-7f3b97dc0000 r-xp 00002000 08:05 922124                     /usr/lib/jvm/java-11-openjdk-amd64/lib/libzip.so
7f3b97dc0000-7f3b97dc2000 r--p 00007000 08:05 922124                     /usr/lib/jvm/java-11-openjdk-amd64/lib/libzip.so
7f3b97dc2000-7f3b97dc3000 r--p 00008000 08:05 922124                     /usr/lib/jvm/java-11-openjdk-amd64/lib/libzip.so
7f3b97dc3000-7f3b97dc4000 rw-p 00009000 08:05 922124                     /usr/lib/jvm/java-11-openjdk-amd64/lib/libzip.so
7f3b97dc4000-7f3b97dcc000 rw-s 00000000 08:05 2362819                    /tmp/hsperfdata_qutx/20009
7f3b97dcc000-7f3b97dce000 r--p 00000000 08:05 922099                     /usr/lib/jvm/java-11-openjdk-amd64/lib/libinstrument.so
7f3b97dce000-7f3b97dd4000 r-xp 00002000 08:05 922099                     /usr/lib/jvm/java-11-openjdk-amd64/lib/libinstrument.so
7f3b97dd4000-7f3b97dd7000 r--p 00008000 08:05 922099                     /usr/lib/jvm/java-11-openjdk-amd64/lib/libinstrument.so
7f3b97dd7000-7f3b97dd8000 r--p 0000a000 08:05 922099                     /usr/lib/jvm/java-11-openjdk-amd64/lib/libinstrument.so
7f3b97dd8000-7f3b97dd9000 rw-p 0000b000 08:05 922099                     /usr/lib/jvm/java-11-openjdk-amd64/lib/libinstrument.so
7f3b97dd9000-7f3b97dda000 ---p 00000000 00:00 0 
7f3b97dda000-7f3b97ddb000 r--p 00000000 00:00 0 
7f3b97ddb000-7f3b97ddd000 r--p 00000000 08:05 922107                     /usr/lib/jvm/java-11-openjdk-amd64/lib/libjimage.so
7f3b97ddd000-7f3b97de0000 r-xp 00002000 08:05 922107                     /usr/lib/jvm/java-11-openjdk-amd64/lib/libjimage.so
7f3b97de0000-7f3b97de1000 r--p 00005000 08:05 922107                     /usr/lib/jvm/java-11-openjdk-amd64/lib/libjimage.so
7f3b97de1000-7f3b97de2000 ---p 00006000 08:05 922107                     /usr/lib/jvm/java-11-openjdk-amd64/lib/libjimage.so
7f3b97de2000-7f3b97de3000 r--p 00006000 08:05 922107                     /usr/lib/jvm/java-11-openjdk-amd64/lib/libjimage.so
7f3b97de3000-7f3b97de4000 rw-p 00007000 08:05 922107                     /usr/lib/jvm/java-11-openjdk-amd64/lib/libjimage.so
7f3b97de4000-7f3b97df2000 r--p 00000000 08:05 922104                     /usr/lib/jvm/java-11-openjdk-amd64/lib/libjava.so
7f3b97df2000-7f3b97e08000 r-xp 0000e000 08:05 922104                     /usr/lib/jvm/java-11-openjdk-amd64/lib/libjava.so
7f3b97e08000-7f3b97e0f000 r--p 00024000 08:05 922104                     /usr/lib/jvm/java-11-openjdk-amd64/lib/libjava.so
7f3b97e0f000-7f3b97e10000 r--p 0002a000 08:05 922104                     /usr/lib/jvm/java-11-openjdk-amd64/lib/libjava.so
7f3b97e10000-7f3b97e11000 rw-p 0002b000 08:05 922104                     /usr/lib/jvm/java-11-openjdk-amd64/lib/libjava.so
7f3b97e11000-7f3b97e12000 rw-p 00000000 00:00 0 
7f3b97e12000-7f3b97e14000 r--p 00000000 08:05 924550                     /usr/lib/x86_64-linux-gnu/librt-2.31.so
7f3b97e14000-7f3b97e18000 r-xp 00002000 08:05 924550                     /usr/lib/x86_64-linux-gnu/librt-2.31.so
7f3b97e18000-7f3b97e1a000 r--p 00006000 08:05 924550                     /usr/lib/x86_64-linux-gnu/librt-2.31.so
7f3b97e1a000-7f3b97e1b000 r--p 00007000 08:05 924550                     /usr/lib/x86_64-linux-gnu/librt-2.31.so
7f3b97e1b000-7f3b97e1c000 rw-p 00008000 08:05 924550                     /usr/lib/x86_64-linux-gnu/librt-2.31.so
7f3b97e1c000-7f3b97e20000 ---p 00000000 00:00 0 
7f3b97e20000-7f3b97f1d000 rw-p 00000000 00:00 0 
7f3b97f1d000-7f3b97f20000 r--p 00000000 08:05 923854                     /usr/lib/x86_64-linux-gnu/libgcc_s.so.1
7f3b97f20000-7f3b97f32000 r-xp 00003000 08:05 923854                     /usr/lib/x86_64-linux-gnu/libgcc_s.so.1
7f3b97f32000-7f3b97f36000 r--p 00015000 08:05 923854                     /usr/lib/x86_64-linux-gnu/libgcc_s.so.1
7f3b97f36000-7f3b97f37000 r--p 00018000 08:05 923854                     /usr/lib/x86_64-linux-gnu/libgcc_s.so.1
7f3b97f37000-7f3b97f38000 rw-p 00019000 08:05 923854                     /usr/lib/x86_64-linux-gnu/libgcc_s.so.1
7f3b97f38000-7f3b97f45000 r--p 00000000 08:05 924215                     /usr/lib/x86_64-linux-gnu/libm-2.31.so
7f3b97f45000-7f3b97fec000 r-xp 0000d000 08:05 924215                     /usr/lib/x86_64-linux-gnu/libm-2.31.so
7f3b97fec000-7f3b98085000 r--p 000b4000 08:05 924215                     /usr/lib/x86_64-linux-gnu/libm-2.31.so
7f3b98085000-7f3b98086000 r--p 0014c000 08:05 924215                     /usr/lib/x86_64-linux-gnu/libm-2.31.so
7f3b98086000-7f3b98087000 rw-p 0014d000 08:05 924215                     /usr/lib/x86_64-linux-gnu/libm-2.31.so
7f3b98087000-7f3b9811d000 r--p 00000000 08:05 924659                     /usr/lib/x86_64-linux-gnu/libstdc++.so.6.0.28
7f3b9811d000-7f3b9820e000 r-xp 00096000 08:05 924659                     /usr/lib/x86_64-linux-gnu/libstdc++.so.6.0.28
7f3b9820e000-7f3b98257000 r--p 00187000 08:05 924659                     /usr/lib/x86_64-linux-gnu/libstdc++.so.6.0.28
7f3b98257000-7f3b98258000 ---p 001d0000 08:05 924659                     /usr/lib/x86_64-linux-gnu/libstdc++.so.6.0.28
7f3b98258000-7f3b98263000 r--p 001d0000 08:05 924659                     /usr/lib/x86_64-linux-gnu/libstdc++.so.6.0.28
7f3b98263000-7f3b98266000 rw-p 001db000 08:05 924659                     /usr/lib/x86_64-linux-gnu/libstdc++.so.6.0.28
7f3b98266000-7f3b98269000 rw-p 00000000 00:00 0 
7f3b98269000-7f3b984eb000 r--p 00000000 08:05 922128                     /usr/lib/jvm/java-11-openjdk-amd64/lib/server/libjvm.so
7f3b984eb000-7f3b9917c000 r-xp 00282000 08:05 922128                     /usr/lib/jvm/java-11-openjdk-amd64/lib/server/libjvm.so
7f3b9917c000-7f3b993db000 r--p 00f13000 08:05 922128                     /usr/lib/jvm/java-11-openjdk-amd64/lib/server/libjvm.so
7f3b993db000-7f3b9949f000 r--p 01171000 08:05 922128                     /usr/lib/jvm/java-11-openjdk-amd64/lib/server/libjvm.so
7f3b9949f000-7f3b994da000 rw-p 01235000 08:05 922128                     /usr/lib/jvm/java-11-openjdk-amd64/lib/server/libjvm.so
7f3b994da000-7f3b99533000 rw-p 00000000 00:00 0 
7f3b99533000-7f3b99539000 r--p 00000000 08:05 924485                     /usr/lib/x86_64-linux-gnu/libpthread-2.31.so
7f3b99539000-7f3b9954a000 r-xp 00006000 08:05 924485                     /usr/lib/x86_64-linux-gnu/libpthread-2.31.so
7f3b9954a000-7f3b99550000 r--p 00017000 08:05 924485                     /usr/lib/x86_64-linux-gnu/libpthread-2.31.so
7f3b99550000-7f3b99551000 r--p 0001c000 08:05 924485                     /usr/lib/x86_64-linux-gnu/libpthread-2.31.so
7f3b99551000-7f3b99552000 rw-p 0001d000 08:05 924485                     /usr/lib/x86_64-linux-gnu/libpthread-2.31.so
7f3b99552000-7f3b99556000 rw-p 00000000 00:00 0 
7f3b99556000-7f3b99557000 r--p 00000000 08:05 923700                     /usr/lib/x86_64-linux-gnu/libdl-2.31.so
7f3b99557000-7f3b99559000 r-xp 00001000 08:05 923700                     /usr/lib/x86_64-linux-gnu/libdl-2.31.so
7f3b99559000-7f3b9955a000 r--p 00003000 08:05 923700                     /usr/lib/x86_64-linux-gnu/libdl-2.31.so
7f3b9955a000-7f3b9955b000 r--p 00003000 08:05 923700                     /usr/lib/x86_64-linux-gnu/libdl-2.31.so
7f3b9955b000-7f3b9955c000 rw-p 00004000 08:05 923700                     /usr/lib/x86_64-linux-gnu/libdl-2.31.so
7f3b9955c000-7f3b9955e000 r--p 00000000 08:05 923674                     /usr/lib/x86_64-linux-gnu/libz.so.1.2.11
7f3b9955e000-7f3b9956f000 r-xp 00002000 08:05 923674                     /usr/lib/x86_64-linux-gnu/libz.so.1.2.11
7f3b9956f000-7f3b99575000 r--p 00013000 08:05 923674                     /usr/lib/x86_64-linux-gnu/libz.so.1.2.11
7f3b99575000-7f3b99576000 ---p 00019000 08:05 923674                     /usr/lib/x86_64-linux-gnu/libz.so.1.2.11
7f3b99576000-7f3b99577000 r--p 00019000 08:05 923674                     /usr/lib/x86_64-linux-gnu/libz.so.1.2.11
7f3b99577000-7f3b99578000 rw-p 0001a000 08:05 923674                     /usr/lib/x86_64-linux-gnu/libz.so.1.2.11
7f3b99578000-7f3b9959a000 r--p 00000000 08:05 923557                     /usr/lib/x86_64-linux-gnu/libc-2.31.so
7f3b9959a000-7f3b99712000 r-xp 00022000 08:05 923557                     /usr/lib/x86_64-linux-gnu/libc-2.31.so
7f3b99712000-7f3b99760000 r--p 0019a000 08:05 923557                     /usr/lib/x86_64-linux-gnu/libc-2.31.so
7f3b99760000-7f3b99764000 r--p 001e7000 08:05 923557                     /usr/lib/x86_64-linux-gnu/libc-2.31.so
7f3b99764000-7f3b99766000 rw-p 001eb000 08:05 923557                     /usr/lib/x86_64-linux-gnu/libc-2.31.so
7f3b99766000-7f3b9976a000 rw-p 00000000 00:00 0 
7f3b9976b000-7f3b99770000 r--p 00000000 08:05 922123                     /usr/lib/jvm/java-11-openjdk-amd64/lib/libverify.so
7f3b99770000-7f3b99777000 r-xp 00005000 08:05 922123                     /usr/lib/jvm/java-11-openjdk-amd64/lib/libverify.so
7f3b99777000-7f3b99779000 r--p 0000c000 08:05 922123                     /usr/lib/jvm/java-11-openjdk-amd64/lib/libverify.so
7f3b99779000-7f3b9977a000 ---p 0000e000 08:05 922123                     /usr/lib/jvm/java-11-openjdk-amd64/lib/libverify.so
7f3b9977a000-7f3b9977c000 r--p 0000e000 08:05 922123                     /usr/lib/jvm/java-11-openjdk-amd64/lib/libverify.so
7f3b9977c000-7f3b9977d000 rw-p 00010000 08:05 922123                     /usr/lib/jvm/java-11-openjdk-amd64/lib/libverify.so
7f3b9977d000-7f3b99780000 r--p 00000000 08:05 922089                     /usr/lib/jvm/java-11-openjdk-amd64/lib/jli/libjli.so
7f3b99780000-7f3b9978a000 r-xp 00003000 08:05 922089                     /usr/lib/jvm/java-11-openjdk-amd64/lib/jli/libjli.so
7f3b9978a000-7f3b9978d000 r--p 0000d000 08:05 922089                     /usr/lib/jvm/java-11-openjdk-amd64/lib/jli/libjli.so
7f3b9978d000-7f3b9978e000 ---p 00010000 08:05 922089                     /usr/lib/jvm/java-11-openjdk-amd64/lib/jli/libjli.so
7f3b9978e000-7f3b9978f000 r--p 00010000 08:05 922089                     /usr/lib/jvm/java-11-openjdk-amd64/lib/jli/libjli.so
7f3b9978f000-7f3b99790000 rw-p 00011000 08:05 922089                     /usr/lib/jvm/java-11-openjdk-amd64/lib/jli/libjli.so
7f3b99790000-7f3b99792000 rw-p 00000000 00:00 0 
7f3b99792000-7f3b99793000 r--p 00000000 08:05 923337                     /usr/lib/x86_64-linux-gnu/ld-2.31.so
7f3b99793000-7f3b997b6000 r-xp 00001000 08:05 923337                     /usr/lib/x86_64-linux-gnu/ld-2.31.so
7f3b997b6000-7f3b997be000 r--p 00024000 08:05 923337                     /usr/lib/x86_64-linux-gnu/ld-2.31.so
7f3b997bf000-7f3b997c0000 r--p 0002c000 08:05 923337                     /usr/lib/x86_64-linux-gnu/ld-2.31.so
7f3b997c0000-7f3b997c1000 rw-p 0002d000 08:05 923337                     /usr/lib/x86_64-linux-gnu/ld-2.31.so
7f3b997c1000-7f3b997c2000 rw-p 00000000 00:00 0 
7ffc1ae5f000-7ffc1ae80000 rw-p 00000000 00:00 0                          [stack]
7ffc1afb7000-7ffc1afbb000 r--p 00000000 00:00 0                          [vvar]
7ffc1afbb000-7ffc1afbd000 r-xp 00000000 00:00 0                          [vdso]
ffffffffff600000-ffffffffff601000 --xp 00000000 00:00 0                  [vsyscall]


VM Arguments:
jvm_args: -javaagent:/opt/idea-IC-223.8617.56/lib/idea_rt.jar=36923:/opt/idea-IC-223.8617.56/bin -Dfile.encoding=UTF-8 
java_command: Main tests/test1.sysy
java_class_path (initial): /home/qutx/Desktop/study/compile/Lab/out/production/Lab:/usr/local/lib/antlr-4.9.1-complete.jar:/usr/local/lib/javacpp-1.5.7-linux-x86_64.jar:/usr/local/lib/javacpp-1.5.7.jar:/usr/local/lib/llvm-13.0.1-1.5.7-linux-x86_64.jar:/usr/local/lib/llvm-13.0.1-1.5.7.jar:/usr/local/lib/llvm-platform-13.0.1-1.5.7.jar:/home/qutx/Desktop/study/compile/Lab
Launcher Type: SUN_STANDARD

[Global flags]
     intx CICompilerCount                          = 2                                         {product} {ergonomic}
     uint ConcGCThreads                            = 1                                         {product} {ergonomic}
     uint G1ConcRefinementThreads                  = 2                                         {product} {ergonomic}
   size_t G1HeapRegionSize                         = 1048576                                   {product} {ergonomic}
    uintx GCDrainStackTargetSize                   = 64                                        {product} {ergonomic}
   size_t InitialHeapSize                          = 65011712                                  {product} {ergonomic}
   size_t MarkStackSize                            = 4194304                                   {product} {ergonomic}
   size_t MaxHeapSize                              = 1021313024                                {product} {ergonomic}
   size_t MaxNewSize                               = 612368384                                 {product} {ergonomic}
   size_t MinHeapDeltaBytes                        = 1048576                                   {product} {ergonomic}
    uintx NonNMethodCodeHeapSize                   = 5825164                                {pd product} {ergonomic}
    uintx NonProfiledCodeHeapSize                  = 122916538                              {pd product} {ergonomic}
    uintx ProfiledCodeHeapSize                     = 122916538                              {pd product} {ergonomic}
    uintx ReservedCodeCacheSize                    = 251658240                              {pd product} {ergonomic}
     bool SegmentedCodeCache                       = true                                      {product} {ergonomic}
     bool UseCompressedClassPointers               = true                                 {lp64_product} {ergonomic}
     bool UseCompressedOops                        = true                                 {lp64_product} {ergonomic}
     bool UseG1GC                                  = true                                      {product} {ergonomic}

Logging:
Log output configuration:
 #0: stdout all=warning uptime,level,tags
 #1: stderr all=off uptime,level,tags

Environment Variables:
JAVA_HOME=/opt/jdk-19.0.2
PATH=/opt/idea-IC-223.8617.56/bin:/opt/jdk-19.0.2/bin:/usr/local/sbin:/usr/local/bin:/usr/sbin:/usr/bin:/sbin:/bin:/usr/games:/usr/local/games:/snap/bin
USERNAME=qutx
SHELL=/bin/bash
DISPLAY=:0
LANG=en_US.UTF-8
LC_NUMERIC=zh_CN.UTF-8
LC_TIME=zh_CN.UTF-8
TERM=xterm-256color

Signal Handlers:
SIGSEGV: [libjvm.so+0xe9f840], sa_mask[0]=11111111011111111101111111111110, sa_flags=SA_RESTART|SA_SIGINFO
SIGBUS: [libjvm.so+0xe9f840], sa_mask[0]=11111111011111111101111111111110, sa_flags=SA_RESTART|SA_SIGINFO
SIGFPE: [libjvm.so+0xe9f840], sa_mask[0]=11111111011111111101111111111110, sa_flags=SA_RESTART|SA_SIGINFO
SIGPIPE: [libjvm.so+0xbe53b0], sa_mask[0]=11111111011111111101111111111110, sa_flags=SA_RESTART|SA_SIGINFO
SIGXFSZ: [libjvm.so+0xbe53b0], sa_mask[0]=11111111011111111101111111111110, sa_flags=SA_RESTART|SA_SIGINFO
SIGILL: [libjvm.so+0xe9f840], sa_mask[0]=11111111011111111101111111111110, sa_flags=SA_RESTART|SA_SIGINFO
SIGUSR2: [libjvm.so+0xbe5250], sa_mask[0]=00100000000000000000000000000000, sa_flags=SA_RESTART|SA_SIGINFO
SIGHUP: [libjvm.so+0xbe5900], sa_mask[0]=11111111011111111101111111111110, sa_flags=SA_RESTART|SA_SIGINFO
SIGINT: [libjvm.so+0xbe5900], sa_mask[0]=11111111011111111101111111111110, sa_flags=SA_RESTART|SA_SIGINFO
SIGTERM: [libjvm.so+0xbe5900], sa_mask[0]=11111111011111111101111111111110, sa_flags=SA_RESTART|SA_SIGINFO
SIGQUIT: [libjvm.so+0xbe5900], sa_mask[0]=11111111011111111101111111111110, sa_flags=SA_RESTART|SA_SIGINFO


---------------  S Y S T E M  ---------------

OS:DISTRIB_ID=Ubuntu
DISTRIB_RELEASE=20.04
DISTRIB_CODENAME=focal
DISTRIB_DESCRIPTION="Ubuntu 20.04.6 LTS"
uname:Linux 5.15.0-71-generic #78~20.04.1-Ubuntu SMP Wed Apr 19 11:26:48 UTC 2023 x86_64
OS uptime: 0 days 1:09 hours
libc:glibc 2.31 NPTL 2.31 
rlimit (soft/hard): STACK 8192k/infinity , CORE 0k/infinity , NPROC 15242/15242 , NOFILE 1048576/1048576 , AS infinity/infinity , CPU infinity/infinity , DATA infinity/infinity , FSIZE infinity/infinity , MEMLOCK 65536k/65536k
load average:2.77 2.14 1.15

/proc/meminfo:
MemTotal:        3983204 kB
MemFree:          202748 kB
MemAvailable:     744136 kB
Buffers:           38856 kB
Cached:           656544 kB
SwapCached:        26420 kB
Active:          1077280 kB
Inactive:        2164084 kB
Active(anon):     729472 kB
Inactive(anon):  1818008 kB
Active(file):     347808 kB
Inactive(file):   346076 kB
Unevictable:           0 kB
Mlocked:               0 kB
SwapTotal:       2097148 kB
SwapFree:        1317704 kB
Dirty:             13424 kB
Writeback:             0 kB
AnonPages:       2528948 kB
Mapped:           198564 kB
Shmem:              2068 kB
KReclaimable:     103608 kB
Slab:             201664 kB
SReclaimable:     103608 kB
SUnreclaim:        98056 kB
KernelStack:       12880 kB
PageTables:        23200 kB
NFS_Unstable:          0 kB
Bounce:                0 kB
WritebackTmp:          0 kB
CommitLimit:     4088748 kB
Committed_AS:    6446472 kB
VmallocTotal:   34359738367 kB
VmallocUsed:       72352 kB
VmallocChunk:          0 kB
Percpu:           104448 kB
HardwareCorrupted:     0 kB
AnonHugePages:         0 kB
ShmemHugePages:        0 kB
ShmemPmdMapped:        0 kB
FileHugePages:         0 kB
FilePmdMapped:         0 kB
HugePages_Total:       0
HugePages_Free:        0
HugePages_Rsvd:        0
HugePages_Surp:        0
Hugepagesize:       2048 kB
Hugetlb:               0 kB
DirectMap4k:      321344 kB
DirectMap2M:     3872768 kB
DirectMap1G:     2097152 kB

/sys/kernel/mm/transparent_hugepage/enabled:
always [madvise] never
/sys/kernel/mm/transparent_hugepage/defrag (defrag/compaction efforts parameter):
always defer defer+madvise [madvise] never

Process Memory:
Virtual Size: 3680692K (peak: 12380444K)
Resident Set Size: 93108K (peak: 93448K) (anon: 35860K, file: 57248K, shmem: 0K)
Swapped out: 0K
C-Heap outstanding allocations: 14674K, retained: 2049K
glibc malloc tunables: (default)

/proc/sys/kernel/threads-max (system-wide limit on the number of threads):
30485
/proc/sys/vm/max_map_count (maximum number of memory map areas a process may have):
65530
/proc/sys/kernel/pid_max (system-wide limit on number of process identifiers):
4194304

container (cgroup) information:
container_type: cgroupv1
cpu_cpuset_cpus: 0-1
cpu_memory_nodes: 0
active_processor_count: 2
cpu_quota: no quota
cpu_period: 100000
cpu_shares: no shares
memory_limit_in_bytes: unlimited
memory_and_swap_limit_in_bytes: unlimited
memory_soft_limit_in_bytes: unlimited
memory_usage_in_bytes: 2622272 k
memory_max_usage_in_bytes: 2715708 k
kernel_memory_usage_in_bytes: 56288 k
kernel_memory_max_usage_in_bytes: unlimited
kernel_memory_limit_in_bytes: 56744 k
maximum number of tasks: unlimited
current number of tasks: 359

VMWare virtualization detected
Steal ticks since vm start: 0
Steal ticks percentage since vm start:  0.000

CPU:total 2 (initial active 2) (1 cores per cpu, 1 threads per core) family 6 model 165 stepping 2 microcode 0xffffffff, cmov, cx8, fxsr, mmx, sse, sse2, sse3, ssse3, sse4.1, sse4.2, popcnt, avx, avx2, aes, clmul, erms, 3dnowpref, lzcnt, tsc, tscinvbit, bmi1, bmi2, adx, fma
CPU Model and flags from /proc/cpuinfo:
model name	: Intel(R) Core(TM) i7-10750H CPU @ 2.60GHz
flags		: fpu vme de pse tsc msr pae mce cx8 apic sep mtrr pge mca cmov pat pse36 clflush mmx fxsr sse sse2 ss syscall nx pdpe1gb rdtscp lm constant_tsc arch_perfmon nopl xtopology tsc_reliable nonstop_tsc cpuid tsc_known_freq pni pclmulqdq ssse3 fma cx16 pcid sse4_1 sse4_2 x2apic movbe popcnt aes xsave avx f16c rdrand hypervisor lahf_lm abm 3dnowprefetch invpcid_single pti ssbd ibrs ibpb stibp fsgsbase tsc_adjust bmi1 avx2 smep bmi2 invpcid rdseed adx smap clflushopt xsaveopt xsavec xgetbv1 xsaves arat flush_l1d arch_capabilities
Online cpus:
0-1
Offline cpus:
2-127
BIOS frequency limitation:
<Not Available>
Frequency switch latency (ns):
<Not Available>
Available cpu frequencies:
<Not Available>
Current governor:
<Not Available>
Core performance/turbo boost:
<Not Available>

Memory: 4k page, physical 3983204k(202748k free), swap 2097148k(1317704k free)

vm_info: OpenJDK 64-Bit Server VM (11.0.19+7-post-Ubuntu-0ubuntu120.04.1) for linux-amd64 JRE (11.0.19+7-post-Ubuntu-0ubuntu120.04.1), built on May 10 2023 00:55:26 by "unknown" with gcc 9.4.0

END.
