#
# A fatal error has been detected by the Java Runtime Environment:
#
#  SIGSEGV (0xb) at pc=0x00007fc68e1553ac, pid=19791, tid=19792
#
# JRE version: OpenJDK Runtime Environment (11.0.19+7) (build 11.0.19+7-post-Ubuntu-0ubuntu120.04.1)
# Java VM: OpenJDK 64-Bit Server VM (11.0.19+7-post-Ubuntu-0ubuntu120.04.1, mixed mode, sharing, tiered, compressed oops, g1 gc, linux-amd64)
# Problematic frame:
# C  [libLLVM-13.so+0xc293ac]  LLVMBuildAdd+0xfc
#
# Core dump will be written. Default location: Core dumps may be processed with "/usr/share/apport/apport -p%p -s%s -c%c -d%d -P%P -u%u -g%g -- %E" (or dumping to /home/qutx/Desktop/study/compile/Lab/core.19791)
#
# If you would like to submit a bug report, please visit:
#   https://bugs.launchpad.net/ubuntu/+source/openjdk-lts
# The crash happened outside the Java Virtual Machine in native code.
# See problematic frame for where to report the bug.
#

---------------  S U M M A R Y ------------

Command Line: -javaagent:/opt/idea-IC-223.8617.56/lib/idea_rt.jar=45505:/opt/idea-IC-223.8617.56/bin -Dfile.encoding=UTF-8 Main tests/test1.sysy

Host: Intel(R) Core(TM) i7-10750H CPU @ 2.60GHz, 2 cores, 3G, Ubuntu 20.04.6 LTS
Time: Thu May 18 11:49:48 2023 CST elapsed time: 2.203180 seconds (0d 0h 0m 2s)

---------------  T H R E A D  ---------------

Current thread (0x00007fc6e8017000):  JavaThread "main" [_thread_in_native, id=19792, stack(0x00007fc6ef07c000,0x00007fc6ef17d000)]

Stack: [0x00007fc6ef07c000,0x00007fc6ef17d000],  sp=0x00007fc6ef17aba0,  free space=1018k
Native frames: (J=compiled Java code, A=aot compiled Java code, j=interpreted, Vv=VM code, C=native code)
C  [libLLVM-13.so+0xc293ac]  LLVMBuildAdd+0xfc

Java frames: (J=compiled Java code, j=interpreted, Vv=VM code)
j  org.bytedeco.llvm.global.LLVM.LLVMBuildAdd(Lorg/bytedeco/llvm/LLVM/LLVMBuilderRef;Lorg/bytedeco/llvm/LLVM/LLVMValueRef;Lorg/bytedeco/llvm/LLVM/LLVMValueRef;Ljava/lang/String;)Lorg/bytedeco/llvm/LLVM/LLVMValueRef;+0
j  LlvmVisitor.visitPlusExp(LSysYParser$PlusExpContext;)Lorg/bytedeco/llvm/LLVM/LLVMValueRef;+49
j  LlvmVisitor.visitPlusExp(LSysYParser$PlusExpContext;)Ljava/lang/Object;+2
j  SysYParser$PlusExpContext.accept(Lorg/antlr/v4/runtime/tree/ParseTreeVisitor;)Ljava/lang/Object;+12
j  LlvmVisitor.visitReturnStmt(LSysYParser$ReturnStmtContext;)Lorg/bytedeco/llvm/LLVM/LLVMValueRef;+5
j  LlvmVisitor.visitReturnStmt(LSysYParser$ReturnStmtContext;)Ljava/lang/Object;+2
j  SysYParser$ReturnStmtContext.accept(Lorg/antlr/v4/runtime/tree/ParseTreeVisitor;)Ljava/lang/Object;+12
j  org.antlr.v4.runtime.tree.AbstractParseTreeVisitor.visitChildren(Lorg/antlr/v4/runtime/tree/RuleNode;)Ljava/lang/Object;+46
j  SysYParserBaseVisitor.visitBlockItem(LSysYParser$BlockItemContext;)Ljava/lang/Object;+2
j  SysYParser$BlockItemContext.accept(Lorg/antlr/v4/runtime/tree/ParseTreeVisitor;)Ljava/lang/Object;+12
j  org.antlr.v4.runtime.tree.AbstractParseTreeVisitor.visitChildren(Lorg/antlr/v4/runtime/tree/RuleNode;)Ljava/lang/Object;+46
j  SysYParserBaseVisitor.visitBlock(LSysYParser$BlockContext;)Ljava/lang/Object;+2
j  LlvmVisitor.visitBlock(LSysYParser$BlockContext;)Lorg/bytedeco/llvm/LLVM/LLVMValueRef;+43
j  LlvmVisitor.visitBlock(LSysYParser$BlockContext;)Ljava/lang/Object;+2
j  SysYParser$BlockContext.accept(Lorg/antlr/v4/runtime/tree/ParseTreeVisitor;)Ljava/lang/Object;+12
j  org.antlr.v4.runtime.tree.AbstractParseTreeVisitor.visitChildren(Lorg/antlr/v4/runtime/tree/RuleNode;)Ljava/lang/Object;+46
j  SysYParserBaseVisitor.visitFuncDef(LSysYParser$FuncDefContext;)Ljava/lang/Object;+2
j  LlvmVisitor.visitFuncDef(LSysYParser$FuncDefContext;)Lorg/bytedeco/llvm/LLVM/LLVMValueRef;+81
j  LlvmVisitor.visitFuncDef(LSysYParser$FuncDefContext;)Ljava/lang/Object;+2
j  SysYParser$FuncDefContext.accept(Lorg/antlr/v4/runtime/tree/ParseTreeVisitor;)Ljava/lang/Object;+12
j  org.antlr.v4.runtime.tree.AbstractParseTreeVisitor.visitChildren(Lorg/antlr/v4/runtime/tree/RuleNode;)Ljava/lang/Object;+46
j  SysYParserBaseVisitor.visitCompUnit(LSysYParser$CompUnitContext;)Ljava/lang/Object;+2
j  SysYParser$CompUnitContext.accept(Lorg/antlr/v4/runtime/tree/ParseTreeVisitor;)Ljava/lang/Object;+12
j  org.antlr.v4.runtime.tree.AbstractParseTreeVisitor.visitChildren(Lorg/antlr/v4/runtime/tree/RuleNode;)Ljava/lang/Object;+46
j  SysYParserBaseVisitor.visitProgram(LSysYParser$ProgramContext;)Ljava/lang/Object;+2
j  LlvmVisitor.visitProgram(LSysYParser$ProgramContext;)Lorg/bytedeco/llvm/LLVM/LLVMValueRef;+22
j  LlvmVisitor.visitProgram(LSysYParser$ProgramContext;)Ljava/lang/Object;+2
j  SysYParser$ProgramContext.accept(Lorg/antlr/v4/runtime/tree/ParseTreeVisitor;)Ljava/lang/Object;+12
j  org.antlr.v4.runtime.tree.AbstractParseTreeVisitor.visit(Lorg/antlr/v4/runtime/tree/ParseTree;)Ljava/lang/Object;+2
j  Main.main([Ljava/lang/String;)V+55
v  ~StubRoutines::call_stub

siginfo: si_signo: 11 (SIGSEGV), si_code: 1 (SEGV_MAPERR), si_addr: 0x0000000200000027

Register to memory mapping:

RAX=0x00007fc6e833f790 points into unknown readable memory: 0x00007fc6e8361c78 | 78 1c 36 e8 c6 7f 00 00
RBX=0x00007fc6e833f750 points into unknown readable memory: 0x00007fc6e8370440 | 40 04 37 e8 c6 7f 00 00
RCX=0x00007fc6e83704d8 points into unknown readable memory: 0x00007fc6e833f770 | 70 f7 33 e8 c6 7f 00 00
RDX=0x00007fc6ef17aba0 is pointing into the stack for thread: 0x00007fc6e8017000
RSP=0x00007fc6ef17aba0 is pointing into the stack for thread: 0x00007fc6e8017000
RBP=0x00007fc6e8017348 points into unknown readable memory: 0x00007fc6f0705b40 | 40 5b 70 f0 c6 7f 00 00
RSI=0x00007fc6ef17abd0 is pointing into the stack for thread: 0x00007fc6e8017000
RDI=0x0000000200000027 is an unknown value
R8 =0x00007fc6e833f790 points into unknown readable memory: 0x00007fc6e8361c78 | 78 1c 36 e8 c6 7f 00 00
R9 =0x0 is NULL
R10=0x00007fc6e8361c78 points into unknown readable memory: 0x00007fc6e83614f0 | f0 14 36 e8 c6 7f 00 00
R11=0x00007fc68e1552b0: LLVMBuildAdd+0x0000000000000000 in /home/qutx/.javacpp/cache/llvm-13.0.1-1.5.7-linux-x86_64.jar/org/bytedeco/llvm/linux-x86_64/libLLVM-13.so at 0x00007fc68d52c000
R12=0x00007fc6e833f790 points into unknown readable memory: 0x00007fc6e8361c78 | 78 1c 36 e8 c6 7f 00 00
R13=0x00007fc6e8370440 points into unknown readable memory: 0x00007fc6e8361c78 | 78 1c 36 e8 c6 7f 00 00
R14=0x00007fc6e83704d0 points into unknown readable memory: 0x00007fc6e8361c78 | 78 1c 36 e8 c6 7f 00 00
R15=0x00007fc6e833f750 points into unknown readable memory: 0x00007fc6e8370440 | 40 04 37 e8 c6 7f 00 00


Registers:
RAX=0x00007fc6e833f790, RBX=0x00007fc6e833f750, RCX=0x00007fc6e83704d8, RDX=0x00007fc6ef17aba0
RSP=0x00007fc6ef17aba0, RBP=0x00007fc6e8017348, RSI=0x00007fc6ef17abd0, RDI=0x0000000200000027
R8 =0x00007fc6e833f790, R9 =0x0000000000000000, R10=0x00007fc6e8361c78, R11=0x00007fc68e1552b0
R12=0x00007fc6e833f790, R13=0x00007fc6e8370440, R14=0x00007fc6e83704d0, R15=0x00007fc6e833f750
RIP=0x00007fc68e1553ac, EFLAGS=0x0000000000010202, CSGSFS=0x002b000000000033, ERR=0x0000000000000004
  TRAPNO=0x000000000000000e

Top of Stack: (sp=0x00007fc6ef17aba0)
0x00007fc6ef17aba0:   00007fc6e8370680 00007fc6f0872299
0x00007fc6ef17abb0:   0000000000000005 0000000000000004
0x00007fc6ef17abc0:   00007fc6e8370103 00007fc6e811d190
0x00007fc6ef17abd0:   00007fc6e83704d0 00007fc6e833f750 

Instructions: (pc=0x00007fc68e1553ac)
0x00007fc68e1552ac:   0f 1f 40 00 41 54 55 53 48 89 fb 48 89 f7 48 89
0x00007fc68e1552bc:   d6 ba 01 01 00 00 48 83 ec 60 80 39 00 66 89 54
0x00007fc68e1552cc:   24 20 74 09 48 89 0c 24 c6 44 24 20 03 80 7f 10
0x00007fc68e1552dc:   12 0f 87 95 00 00 00 80 7e 10 12 0f 87 8b 00 00
0x00007fc68e1552ec:   00 4c 8b 4b 48 48 8d 15 18 19 fa ff 49 8b 01 48
0x00007fc68e1552fc:   8b 40 10 48 39 d0 0f 85 f0 00 00 00 31 c9 31 d2
0x00007fc68e15530c:   e8 7f 13 ff ff 49 89 c4 41 80 7c 24 10 19 76 4b
0x00007fc68e15531c:   48 8b 7b 50 48 8b 4b 30 48 89 e2 4c 89 e6 4c 8b
0x00007fc68e15532c:   43 38 48 8b 07 ff 50 10 8b 6b 08 48 8b 03 48 c1
0x00007fc68e15533c:   e5 04 48 01 c5 48 39 e8 74 21 48 89 c3 0f 1f 80
0x00007fc68e15534c:   00 00 00 00 48 8b 53 08 8b 33 4c 89 e7 48 83 c3
0x00007fc68e15535c:   10 e8 de 4a 0e 00 48 39 dd 75 e9 48 83 c4 60 4c
0x00007fc68e15536c:   89 e0 5b 5d 41 5c c3 0f 1f 44 00 00 48 89 f2 b8
0x00007fc68e15537c:   01 01 00 00 48 89 fe 45 31 c0 48 8d 4c 24 30 bf
0x00007fc68e15538c:   0d 00 00 00 66 89 44 24 50 e8 76 cf 09 00 48 8b
0x00007fc68e15539c:   7b 50 48 89 e2 48 8b 4b 30 49 89 c4 4c 8b 43 38
0x00007fc68e1553ac:   48 8b 07 4c 89 e6 ff 50 10 8b 6b 08 48 8b 13 48
0x00007fc68e1553bc:   c1 e5 04 48 01 d5 48 39 ea 74 a0 48 89 d3 66 0f
0x00007fc68e1553cc:   1f 44 00 00 48 8b 53 08 8b 33 4c 89 e7 48 83 c3
0x00007fc68e1553dc:   10 e8 5e 4a 0e 00 48 39 dd 75 e9 48 83 c4 60 4c
0x00007fc68e1553ec:   89 e0 5b 5d 41 5c c3 0f 1f 44 00 00 48 89 f2 45
0x00007fc68e1553fc:   31 c0 48 89 fe 31 c9 4c 89 cf ff d0 49 89 c4 e9
0x00007fc68e15540c:   04 ff ff ff 41 54 55 53 48 89 fb 48 89 f7 48 89
0x00007fc68e15541c:   d6 ba 01 01 00 00 48 83 ec 60 80 39 00 66 89 54
0x00007fc68e15542c:   24 20 74 09 48 89 0c 24 c6 44 24 20 03 80 7f 10
0x00007fc68e15543c:   12 0f 87 95 00 00 00 80 7e 10 12 0f 87 8b 00 00
0x00007fc68e15544c:   00 4c 8b 4b 48 48 8d 15 b8 17 fa ff 49 8b 01 48
0x00007fc68e15545c:   8b 40 10 48 39 d0 0f 85 f8 00 00 00 b9 01 00 00
0x00007fc68e15546c:   00 31 d2 e8 1c 12 ff ff 49 89 c4 41 80 7c 24 10
0x00007fc68e15547c:   19 76 48 48 8b 7b 50 48 8b 4b 30 48 89 e2 4c 89
0x00007fc68e15548c:   e6 4c 8b 43 38 48 8b 07 ff 50 10 8b 6b 08 48 8b
0x00007fc68e15549c:   03 48 c1 e5 04 48 01 c5 48 39 e8 74 1e 48 89 c3 


Stack slot to memory mapping:
stack at sp + 0 slots: 0x00007fc6e8370680 points into unknown readable memory: 0x000000005f706d74 | 74 6d 70 5f 00 00 00 00
stack at sp + 1 slots: 0x00007fc6f0872299: __libc_malloc+0x00000000000001b9 in /lib/x86_64-linux-gnu/libc.so.6 at 0x00007fc6f07d8000
stack at sp + 2 slots: 0x0000000000000005 is an unknown value
stack at sp + 3 slots: 0x0000000000000004 is an unknown value
stack at sp + 4 slots: 0x00007fc6e8370103 points into unknown readable memory: 00 00 00 00 00
stack at sp + 5 slots: 0x00007fc6e811d190 points into unknown readable memory: 0x00000000c6e261e0 | e0 61 e2 c6 00 00 00 00
stack at sp + 6 slots: 0x00007fc6e83704d0 points into unknown readable memory: 0x00007fc6e8361c78 | 78 1c 36 e8 c6 7f 00 00
stack at sp + 7 slots: 0x00007fc6e833f750 points into unknown readable memory: 0x00007fc6e8370440 | 40 04 37 e8 c6 7f 00 00


---------------  P R O C E S S  ---------------

Threads class SMR info:
_java_thread_list=0x00007fc6e82d77c0, length=12, elements={
0x00007fc6e8017000, 0x00007fc6e811e800, 0x00007fc6e8120800, 0x00007fc6e8127000,
0x00007fc6e8129000, 0x00007fc6e812b800, 0x00007fc6e812d800, 0x00007fc6e812f800,
0x00007fc6e813d800, 0x00007fc6e81e3800, 0x00007fc6a4001000, 0x00007fc6e82d8800
}

Java Threads: ( => current thread )
=>0x00007fc6e8017000 JavaThread "main" [_thread_in_native, id=19792, stack(0x00007fc6ef07c000,0x00007fc6ef17d000)]
  0x00007fc6e811e800 JavaThread "Reference Handler" daemon [_thread_blocked, id=19804, stack(0x00007fc6d0571000,0x00007fc6d0672000)]
  0x00007fc6e8120800 JavaThread "Finalizer" daemon [_thread_blocked, id=19805, stack(0x00007fc6d0470000,0x00007fc6d0571000)]
  0x00007fc6e8127000 JavaThread "Signal Dispatcher" daemon [_thread_blocked, id=19806, stack(0x00007fc6d036f000,0x00007fc6d0470000)]
  0x00007fc6e8129000 JavaThread "Service Thread" daemon [_thread_blocked, id=19807, stack(0x00007fc6d026e000,0x00007fc6d036f000)]
  0x00007fc6e812b800 JavaThread "C2 CompilerThread0" daemon [_thread_blocked, id=19809, stack(0x00007fc6d016d000,0x00007fc6d026e000)]
  0x00007fc6e812d800 JavaThread "C1 CompilerThread0" daemon [_thread_blocked, id=19810, stack(0x00007fc6d006c000,0x00007fc6d016d000)]
  0x00007fc6e812f800 JavaThread "Sweeper thread" daemon [_thread_blocked, id=19811, stack(0x00007fc6c0921000,0x00007fc6c0a22000)]
  0x00007fc6e813d800 JavaThread "Common-Cleaner" daemon [_thread_blocked, id=19818, stack(0x00007fc6c0820000,0x00007fc6c0921000)]
  0x00007fc6e81e3800 JavaThread "Monitor Ctrl-Break" daemon [_thread_in_native, id=19821, stack(0x00007fc6c071f000,0x00007fc6c0820000)]
  0x00007fc6a4001000 JavaThread "Attach Listener" daemon [_thread_blocked, id=19825, stack(0x00007fc6c051c000,0x00007fc6c061d000)]
  0x00007fc6e82d8800 JavaThread "JavaCPP Deallocator" daemon [_thread_blocked, id=19827, stack(0x00007fc6c0319000,0x00007fc6c041a000)]

Other Threads:
  0x00007fc6e811b800 VMThread "VM Thread" [stack: 0x00007fc6d0674000,0x00007fc6d0774000] [id=19803]
  0x00007fc6e81e5000 WatcherThread [stack: 0x00007fc6c061f000,0x00007fc6c071f000] [id=19822]
  0x00007fc6e802e800 GCTaskThread "GC Thread#0" [stack: 0x00007fc6eed23000,0x00007fc6eee23000] [id=19794]
  0x00007fc6b8001000 GCTaskThread "GC Thread#1" [stack: 0x00007fc6c041c000,0x00007fc6c051c000] [id=19826]
  0x00007fc6e8049800 ConcurrentGCThread "G1 Main Marker" [stack: 0x00007fc6ec5d9000,0x00007fc6ec6d9000] [id=19795]
  0x00007fc6e804b800 ConcurrentGCThread "G1 Conc#0" [stack: 0x00007fc6ec4d7000,0x00007fc6ec5d7000] [id=19796]
  0x00007fc6e8086800 ConcurrentGCThread "G1 Refine#0" [stack: 0x00007fc6ec1d3000,0x00007fc6ec2d3000] [id=19797]
  0x00007fc6e8088800 ConcurrentGCThread "G1 Young RemSet Sampling" [stack: 0x00007fc6ec0d1000,0x00007fc6ec1d1000] [id=19799]

Threads with active compile tasks:

VM state:not at safepoint (normal execution)

VM Mutex/Monitor currently owned by a thread: None

Heap address: 0x00000000c3200000, size: 974 MB, Compressed Oops mode: 32-bit
Narrow klass base: 0x0000000800000000, Narrow klass shift: 3
Compressed class space size: 1073741824 Address: 0x0000000840000000

Heap:
 garbage-first heap   total 65536K, used 3836K [0x00000000c3200000, 0x0000000100000000)
  region size 1024K, 3 young (3072K), 1 survivors (1024K)
 Metaspace       used 4309K, capacity 6589K, committed 6656K, reserved 1056768K
  class space    used 473K, capacity 707K, committed 768K, reserved 1048576K
Heap Regions: E=young(eden), S=young(survivor), O=old, HS=humongous(starts), HC=humongous(continues), CS=collection set, F=free, A=archive, TAMS=top-at-mark-start (previous, next)
|   0|0x00000000c3200000, 0x00000000c3300000, 0x00000000c3300000|100%| O|  |TAMS 0x00000000c3200000, 0x00000000c3200000| Untracked 
|   1|0x00000000c3300000, 0x00000000c33d3c00, 0x00000000c3400000| 82%| O|  |TAMS 0x00000000c3300000, 0x00000000c3300000| Untracked 
|   2|0x00000000c3400000, 0x00000000c3400000, 0x00000000c3500000|  0%| F|  |TAMS 0x00000000c3400000, 0x00000000c3400000| Untracked 
|   3|0x00000000c3500000, 0x00000000c3500000, 0x00000000c3600000|  0%| F|  |TAMS 0x00000000c3500000, 0x00000000c3500000| Untracked 
|   4|0x00000000c3600000, 0x00000000c3600000, 0x00000000c3700000|  0%| F|  |TAMS 0x00000000c3600000, 0x00000000c3600000| Untracked 
|   5|0x00000000c3700000, 0x00000000c3700000, 0x00000000c3800000|  0%| F|  |TAMS 0x00000000c3700000, 0x00000000c3700000| Untracked 
|   6|0x00000000c3800000, 0x00000000c3800000, 0x00000000c3900000|  0%| F|  |TAMS 0x00000000c3800000, 0x00000000c3800000| Untracked 
|   7|0x00000000c3900000, 0x00000000c3900000, 0x00000000c3a00000|  0%| F|  |TAMS 0x00000000c3900000, 0x00000000c3900000| Untracked 
|   8|0x00000000c3a00000, 0x00000000c3a00000, 0x00000000c3b00000|  0%| F|  |TAMS 0x00000000c3a00000, 0x00000000c3a00000| Untracked 
|   9|0x00000000c3b00000, 0x00000000c3b00000, 0x00000000c3c00000|  0%| F|  |TAMS 0x00000000c3b00000, 0x00000000c3b00000| Untracked 
|  10|0x00000000c3c00000, 0x00000000c3c00000, 0x00000000c3d00000|  0%| F|  |TAMS 0x00000000c3c00000, 0x00000000c3c00000| Untracked 
|  11|0x00000000c3d00000, 0x00000000c3d00000, 0x00000000c3e00000|  0%| F|  |TAMS 0x00000000c3d00000, 0x00000000c3d00000| Untracked 
|  12|0x00000000c3e00000, 0x00000000c3e00000, 0x00000000c3f00000|  0%| F|  |TAMS 0x00000000c3e00000, 0x00000000c3e00000| Untracked 
|  13|0x00000000c3f00000, 0x00000000c3f00000, 0x00000000c4000000|  0%| F|  |TAMS 0x00000000c3f00000, 0x00000000c3f00000| Untracked 
|  14|0x00000000c4000000, 0x00000000c4000000, 0x00000000c4100000|  0%| F|  |TAMS 0x00000000c4000000, 0x00000000c4000000| Untracked 
|  15|0x00000000c4100000, 0x00000000c4100000, 0x00000000c4200000|  0%| F|  |TAMS 0x00000000c4100000, 0x00000000c4100000| Untracked 
|  16|0x00000000c4200000, 0x00000000c4200000, 0x00000000c4300000|  0%| F|  |TAMS 0x00000000c4200000, 0x00000000c4200000| Untracked 
|  17|0x00000000c4300000, 0x00000000c4300000, 0x00000000c4400000|  0%| F|  |TAMS 0x00000000c4300000, 0x00000000c4300000| Untracked 
|  18|0x00000000c4400000, 0x00000000c4400000, 0x00000000c4500000|  0%| F|  |TAMS 0x00000000c4400000, 0x00000000c4400000| Untracked 
|  19|0x00000000c4500000, 0x00000000c4500000, 0x00000000c4600000|  0%| F|  |TAMS 0x00000000c4500000, 0x00000000c4500000| Untracked 
|  20|0x00000000c4600000, 0x00000000c4600000, 0x00000000c4700000|  0%| F|  |TAMS 0x00000000c4600000, 0x00000000c4600000| Untracked 
|  21|0x00000000c4700000, 0x00000000c4700000, 0x00000000c4800000|  0%| F|  |TAMS 0x00000000c4700000, 0x00000000c4700000| Untracked 
|  22|0x00000000c4800000, 0x00000000c4800000, 0x00000000c4900000|  0%| F|  |TAMS 0x00000000c4800000, 0x00000000c4800000| Untracked 
|  23|0x00000000c4900000, 0x00000000c4900000, 0x00000000c4a00000|  0%| F|  |TAMS 0x00000000c4900000, 0x00000000c4900000| Untracked 
|  24|0x00000000c4a00000, 0x00000000c4a00000, 0x00000000c4b00000|  0%| F|  |TAMS 0x00000000c4a00000, 0x00000000c4a00000| Untracked 
|  25|0x00000000c4b00000, 0x00000000c4b00000, 0x00000000c4c00000|  0%| F|  |TAMS 0x00000000c4b00000, 0x00000000c4b00000| Untracked 
|  26|0x00000000c4c00000, 0x00000000c4c00000, 0x00000000c4d00000|  0%| F|  |TAMS 0x00000000c4c00000, 0x00000000c4c00000| Untracked 
|  27|0x00000000c4d00000, 0x00000000c4d00000, 0x00000000c4e00000|  0%| F|  |TAMS 0x00000000c4d00000, 0x00000000c4d00000| Untracked 
|  28|0x00000000c4e00000, 0x00000000c4e00000, 0x00000000c4f00000|  0%| F|  |TAMS 0x00000000c4e00000, 0x00000000c4e00000| Untracked 
|  29|0x00000000c4f00000, 0x00000000c4f00000, 0x00000000c5000000|  0%| F|  |TAMS 0x00000000c4f00000, 0x00000000c4f00000| Untracked 
|  30|0x00000000c5000000, 0x00000000c5000000, 0x00000000c5100000|  0%| F|  |TAMS 0x00000000c5000000, 0x00000000c5000000| Untracked 
|  31|0x00000000c5100000, 0x00000000c5100000, 0x00000000c5200000|  0%| F|  |TAMS 0x00000000c5100000, 0x00000000c5100000| Untracked 
|  32|0x00000000c5200000, 0x00000000c5200000, 0x00000000c5300000|  0%| F|  |TAMS 0x00000000c5200000, 0x00000000c5200000| Untracked 
|  33|0x00000000c5300000, 0x00000000c5300000, 0x00000000c5400000|  0%| F|  |TAMS 0x00000000c5300000, 0x00000000c5300000| Untracked 
|  34|0x00000000c5400000, 0x00000000c5400000, 0x00000000c5500000|  0%| F|  |TAMS 0x00000000c5400000, 0x00000000c5400000| Untracked 
|  35|0x00000000c5500000, 0x00000000c5500000, 0x00000000c5600000|  0%| F|  |TAMS 0x00000000c5500000, 0x00000000c5500000| Untracked 
|  36|0x00000000c5600000, 0x00000000c5600000, 0x00000000c5700000|  0%| F|  |TAMS 0x00000000c5600000, 0x00000000c5600000| Untracked 
|  37|0x00000000c5700000, 0x00000000c5700000, 0x00000000c5800000|  0%| F|  |TAMS 0x00000000c5700000, 0x00000000c5700000| Untracked 
|  38|0x00000000c5800000, 0x00000000c5800000, 0x00000000c5900000|  0%| F|  |TAMS 0x00000000c5800000, 0x00000000c5800000| Untracked 
|  39|0x00000000c5900000, 0x00000000c5900000, 0x00000000c5a00000|  0%| F|  |TAMS 0x00000000c5900000, 0x00000000c5900000| Untracked 
|  40|0x00000000c5a00000, 0x00000000c5a00000, 0x00000000c5b00000|  0%| F|  |TAMS 0x00000000c5a00000, 0x00000000c5a00000| Untracked 
|  41|0x00000000c5b00000, 0x00000000c5b00000, 0x00000000c5c00000|  0%| F|  |TAMS 0x00000000c5b00000, 0x00000000c5b00000| Untracked 
|  42|0x00000000c5c00000, 0x00000000c5c00000, 0x00000000c5d00000|  0%| F|  |TAMS 0x00000000c5c00000, 0x00000000c5c00000| Untracked 
|  43|0x00000000c5d00000, 0x00000000c5d00000, 0x00000000c5e00000|  0%| F|  |TAMS 0x00000000c5d00000, 0x00000000c5d00000| Untracked 
|  44|0x00000000c5e00000, 0x00000000c5e00000, 0x00000000c5f00000|  0%| F|  |TAMS 0x00000000c5e00000, 0x00000000c5e00000| Untracked 
|  45|0x00000000c5f00000, 0x00000000c5f00000, 0x00000000c6000000|  0%| F|  |TAMS 0x00000000c5f00000, 0x00000000c5f00000| Untracked 
|  46|0x00000000c6000000, 0x00000000c6000000, 0x00000000c6100000|  0%| F|  |TAMS 0x00000000c6000000, 0x00000000c6000000| Untracked 
|  47|0x00000000c6100000, 0x00000000c6100000, 0x00000000c6200000|  0%| F|  |TAMS 0x00000000c6100000, 0x00000000c6100000| Untracked 
|  48|0x00000000c6200000, 0x00000000c6200000, 0x00000000c6300000|  0%| F|  |TAMS 0x00000000c6200000, 0x00000000c6200000| Untracked 
|  49|0x00000000c6300000, 0x00000000c6300000, 0x00000000c6400000|  0%| F|  |TAMS 0x00000000c6300000, 0x00000000c6300000| Untracked 
|  50|0x00000000c6400000, 0x00000000c6400000, 0x00000000c6500000|  0%| F|  |TAMS 0x00000000c6400000, 0x00000000c6400000| Untracked 
|  51|0x00000000c6500000, 0x00000000c6500000, 0x00000000c6600000|  0%| F|  |TAMS 0x00000000c6500000, 0x00000000c6500000| Untracked 
|  52|0x00000000c6600000, 0x00000000c6600000, 0x00000000c6700000|  0%| F|  |TAMS 0x00000000c6600000, 0x00000000c6600000| Untracked 
|  53|0x00000000c6700000, 0x00000000c6700000, 0x00000000c6800000|  0%| F|  |TAMS 0x00000000c6700000, 0x00000000c6700000| Untracked 
|  54|0x00000000c6800000, 0x00000000c6800000, 0x00000000c6900000|  0%| F|  |TAMS 0x00000000c6800000, 0x00000000c6800000| Untracked 
|  55|0x00000000c6900000, 0x00000000c6900000, 0x00000000c6a00000|  0%| F|  |TAMS 0x00000000c6900000, 0x00000000c6900000| Untracked 
|  56|0x00000000c6a00000, 0x00000000c6a00000, 0x00000000c6b00000|  0%| F|  |TAMS 0x00000000c6a00000, 0x00000000c6a00000| Untracked 
|  57|0x00000000c6b00000, 0x00000000c6b397a0, 0x00000000c6c00000| 22%| S|CS|TAMS 0x00000000c6b00000, 0x00000000c6b00000| Complete 
|  58|0x00000000c6c00000, 0x00000000c6c00000, 0x00000000c6d00000|  0%| F|  |TAMS 0x00000000c6c00000, 0x00000000c6c00000| Untracked 
|  59|0x00000000c6d00000, 0x00000000c6d00000, 0x00000000c6e00000|  0%| F|  |TAMS 0x00000000c6d00000, 0x00000000c6d00000| Untracked 
|  60|0x00000000c6e00000, 0x00000000c6e38620, 0x00000000c6f00000| 22%| E|  |TAMS 0x00000000c6e00000, 0x00000000c6e00000| Complete 
|  61|0x00000000c6f00000, 0x00000000c7000000, 0x00000000c7000000|100%| E|CS|TAMS 0x00000000c6f00000, 0x00000000c6f00000| Complete 
| 972|0x00000000ffe00000, 0x00000000ffe47000, 0x00000000fff00000| 27%|OA|  |TAMS 0x00000000ffe00000, 0x00000000ffe00000| Untracked 
| 973|0x00000000fff00000, 0x00000000fff6b000, 0x0000000100000000| 41%|CA|  |TAMS 0x00000000fff00000, 0x00000000fff00000| Untracked 

Card table byte_map: [0x00007fc6ee751000,0x00007fc6ee938000] _byte_map_base: 0x00007fc6ee138000

Marking Bits (Prev, Next): (CMBitMap*) 0x00007fc6e8044c38, (CMBitMap*) 0x00007fc6e8044c70
 Prev Bits: [0x00007fc6ed632000, 0x00007fc6ee56a000)
 Next Bits: [0x00007fc6ec6fa000, 0x00007fc6ed632000)

Polling page: 0x00007fc6ef039000

Metaspace:

Usage:
  Non-class:      5.74 MB capacity,     3.75 MB ( 65%) used,     1.99 MB ( 35%) free+waste,     8.19 KB ( <1%) overhead. 
      Class:    707.00 KB capacity,   473.73 KB ( 67%) used,   228.84 KB ( 32%) free+waste,     4.44 KB ( <1%) overhead. 
       Both:      6.43 MB capacity,     4.21 MB ( 65%) used,     2.21 MB ( 34%) free+waste,    12.62 KB ( <1%) overhead. 

Virtual space:
  Non-class space:        8.00 MB reserved,       5.75 MB ( 72%) committed 
      Class space:        1.00 GB reserved,     768.00 KB ( <1%) committed 
             Both:        1.01 GB reserved,       6.50 MB ( <1%) committed 

Chunk freelists:
   Non-Class:  6.00 KB
       Class:  0 bytes
        Both:  6.00 KB

MaxMetaspaceSize: unlimited
CompressedClassSpaceSize: 1.00 GB
Initial GC threshold: 20.80 MB
Current GC threshold: 20.80 MB
CDS: on

CodeHeap 'non-profiled nmethods': size=120036Kb used=249Kb max_used=249Kb free=119786Kb
 bounds [0x00007fc6d82bc000, 0x00007fc6d852c000, 0x00007fc6df7f5000]
CodeHeap 'profiled nmethods': size=120032Kb used=1567Kb max_used=1567Kb free=118464Kb
 bounds [0x00007fc6d0d84000, 0x00007fc6d0ff4000, 0x00007fc6d82bc000]
CodeHeap 'non-nmethods': size=5692Kb used=1153Kb max_used=1166Kb free=4539Kb
 bounds [0x00007fc6d07f5000, 0x00007fc6d0a65000, 0x00007fc6d0d84000]
 total_blobs=1270 nmethods=856 adapters=328
 compilation: enabled
              stopped_count=0, restarted_count=0
 full_count=0

Compilation events (20 events):
Event: 2.179 Thread 0x00007fc6e812d800 nmethod 843 0x00007fc6d0f01990 code [0x00007fc6d0f01b40, 0x00007fc6d0f01cb0]
Event: 2.179 Thread 0x00007fc6e812d800  844       3       jdk.internal.org.objectweb.asm.MethodWriter::visitFieldInsn (256 bytes)
Event: 2.180 Thread 0x00007fc6e812d800 nmethod 844 0x00007fc6d0f01d10 code [0x00007fc6d0f01f80, 0x00007fc6d0f02aa0]
Event: 2.181 Thread 0x00007fc6e812d800  847       3       java.util.Arrays::copyOf (10 bytes)
Event: 2.182 Thread 0x00007fc6e812d800 nmethod 847 0x00007fc6d0f02e90 code [0x00007fc6d0f03040, 0x00007fc6d0f03180]
Event: 2.182 Thread 0x00007fc6e812d800  846       3       jdk.internal.org.objectweb.asm.Frame::type (416 bytes)
Event: 2.184 Thread 0x00007fc6e812d800 nmethod 846 0x00007fc6d0f03290 code [0x00007fc6d0f036a0, 0x00007fc6d0f05670]
Event: 2.184 Thread 0x00007fc6e812d800  848       3       jdk.internal.org.objectweb.asm.ClassWriter::addType (39 bytes)
Event: 2.184 Thread 0x00007fc6e812d800 nmethod 848 0x00007fc6d0f06190 code [0x00007fc6d0f06360, 0x00007fc6d0f06580]
Event: 2.184 Thread 0x00007fc6e812d800  845       3       java.lang.invoke.ClassSpecializer$Factory$1Var::slotSize (8 bytes)
Event: 2.184 Thread 0x00007fc6e812d800 nmethod 845 0x00007fc6d0f06690 code [0x00007fc6d0f06840, 0x00007fc6d0f06a30]
Event: 2.186 Thread 0x00007fc6e812d800  851       3       jdk.internal.org.objectweb.asm.Type::getType (269 bytes)
Event: 2.186 Thread 0x00007fc6e812d800 nmethod 851 0x00007fc6d0f06b90 code [0x00007fc6d0f06de0, 0x00007fc6d0f07a10]
Event: 2.187 Thread 0x00007fc6e812d800  849       3       java.lang.AbstractStringBuilder::appendChars (130 bytes)
Event: 2.187 Thread 0x00007fc6e812d800 nmethod 849 0x00007fc6d0f07d10 code [0x00007fc6d0f07f80, 0x00007fc6d0f08a80]
Event: 2.187 Thread 0x00007fc6e812d800  853       3       java.lang.invoke.InvokerBytecodeGenerator::emitImplicitConversion (159 bytes)
Event: 2.188 Thread 0x00007fc6e812d800 nmethod 853 0x00007fc6d0f09010 code [0x00007fc6d0f09360, 0x00007fc6d0f0a410]
Event: 2.188 Thread 0x00007fc6e812d800  856       3       java.lang.invoke.InvokerBytecodeGenerator::emitPushArgument (120 bytes)
Event: 2.193 Thread 0x00007fc6e812b800 nmethod 820 0x00007fc6d82f9290 code [0x00007fc6d82f9440, 0x00007fc6d82f9858]
Event: 2.193 Thread 0x00007fc6e812b800  818       4       java.lang.AbstractStringBuilder::<init> (39 bytes)

GC Heap History (4 events):
Event: 1.415 GC heap before
{Heap before GC invocations=0 (full 0):
 garbage-first heap   total 65536K, used 7880K [0x00000000c3200000, 0x0000000100000000)
  region size 1024K, 7 young (7168K), 0 survivors (0K)
 Metaspace       used 3429K, capacity 6120K, committed 6272K, reserved 1056768K
  class space    used 343K, capacity 591K, committed 640K, reserved 1048576K
}
Event: 1.477 GC heap after
{Heap after GC invocations=1 (full 0):
 garbage-first heap   total 65536K, used 2646K [0x00000000c3200000, 0x0000000100000000)
  region size 1024K, 1 young (1024K), 1 survivors (1024K)
 Metaspace       used 3429K, capacity 6120K, committed 6272K, reserved 1056768K
  class space    used 343K, capacity 591K, committed 640K, reserved 1048576K
}
Event: 1.988 GC heap before
{Heap before GC invocations=1 (full 0):
 garbage-first heap   total 65536K, used 6742K [0x00000000c3200000, 0x0000000100000000)
  region size 1024K, 5 young (5120K), 1 survivors (1024K)
 Metaspace       used 4026K, capacity 6507K, committed 6656K, reserved 1056768K
  class space    used 422K, capacity 656K, committed 768K, reserved 1048576K
}
Event: 2.009 GC heap after
{Heap after GC invocations=2 (full 0):
 garbage-first heap   total 65536K, used 2812K [0x00000000c3200000, 0x0000000100000000)
  region size 1024K, 1 young (1024K), 1 survivors (1024K)
 Metaspace       used 4026K, capacity 6507K, committed 6656K, reserved 1056768K
  class space    used 422K, capacity 656K, committed 768K, reserved 1048576K
}

Deoptimization events (20 events):
Event: 1.878 Thread 0x00007fc6e8017000 DEOPT PACKING pc=0x00007fc6d0dc124f sp=0x00007fc6ef17a6e0
Event: 1.878 Thread 0x00007fc6e8017000 DEOPT UNPACKING pc=0x00007fc6d083f64a sp=0x00007fc6ef179b88 mode 0
Event: 1.879 Thread 0x00007fc6e8017000 DEOPT PACKING pc=0x00007fc6d0dc124f sp=0x00007fc6ef17a6e0
Event: 1.879 Thread 0x00007fc6e8017000 DEOPT UNPACKING pc=0x00007fc6d083f64a sp=0x00007fc6ef179b88 mode 0
Event: 2.064 Thread 0x00007fc6e8017000 Uncommon trap: trap_request=0xffffffc6 fr.pc=0x00007fc6d82c5fa4 relative=0x0000000000000084
Event: 2.064 Thread 0x00007fc6e8017000 Uncommon trap: reason=bimorphic_or_optimized_type_check action=maybe_recompile pc=0x00007fc6d82c5fa4 method=java.util.AbstractCollection.isEmpty()Z @ 1 c2
Event: 2.064 Thread 0x00007fc6e8017000 DEOPT PACKING pc=0x00007fc6d82c5fa4 sp=0x00007fc6ef17a000
Event: 2.064 Thread 0x00007fc6e8017000 DEOPT UNPACKING pc=0x00007fc6d083eea5 sp=0x00007fc6ef179fb0 mode 2
Event: 2.064 Thread 0x00007fc6e8017000 Uncommon trap: trap_request=0xffffffc6 fr.pc=0x00007fc6d82c5fa4 relative=0x0000000000000084
Event: 2.064 Thread 0x00007fc6e8017000 Uncommon trap: reason=bimorphic_or_optimized_type_check action=maybe_recompile pc=0x00007fc6d82c5fa4 method=java.util.AbstractCollection.isEmpty()Z @ 1 c2
Event: 2.064 Thread 0x00007fc6e8017000 DEOPT PACKING pc=0x00007fc6d82c5fa4 sp=0x00007fc6ef17a1d0
Event: 2.064 Thread 0x00007fc6e8017000 DEOPT UNPACKING pc=0x00007fc6d083eea5 sp=0x00007fc6ef17a180 mode 2
Event: 2.079 Thread 0x00007fc6e8017000 Uncommon trap: trap_request=0xffffffc6 fr.pc=0x00007fc6d82c5fa4 relative=0x0000000000000084
Event: 2.079 Thread 0x00007fc6e8017000 Uncommon trap: reason=bimorphic_or_optimized_type_check action=maybe_recompile pc=0x00007fc6d82c5fa4 method=java.util.AbstractCollection.isEmpty()Z @ 1 c2
Event: 2.079 Thread 0x00007fc6e8017000 DEOPT PACKING pc=0x00007fc6d82c5fa4 sp=0x00007fc6ef17a000
Event: 2.079 Thread 0x00007fc6e8017000 DEOPT UNPACKING pc=0x00007fc6d083eea5 sp=0x00007fc6ef179fb0 mode 2
Event: 2.079 Thread 0x00007fc6e8017000 Uncommon trap: trap_request=0xffffffc6 fr.pc=0x00007fc6d82c5fa4 relative=0x0000000000000084
Event: 2.079 Thread 0x00007fc6e8017000 Uncommon trap: reason=bimorphic_or_optimized_type_check action=maybe_recompile pc=0x00007fc6d82c5fa4 method=java.util.AbstractCollection.isEmpty()Z @ 1 c2
Event: 2.079 Thread 0x00007fc6e8017000 DEOPT PACKING pc=0x00007fc6d82c5fa4 sp=0x00007fc6ef17a1d0
Event: 2.079 Thread 0x00007fc6e8017000 DEOPT UNPACKING pc=0x00007fc6d083eea5 sp=0x00007fc6ef17a180 mode 2

Classes redefined (0 events):
No events

Internal exceptions (20 events):
Event: 0.566 Thread 0x00007fc6e8017000 Exception <a 'java/security/PrivilegedActionException'{0x00000000c6ee2ec0}> (0x00000000c6ee2ec0) thrown at [src/hotspot/share/prims/jvm.cpp, line 1304]
Event: 0.566 Thread 0x00007fc6e8017000 Exception <a 'java/security/PrivilegedActionException'{0x00000000c6ee3190}> (0x00000000c6ee3190) thrown at [src/hotspot/share/prims/jvm.cpp, line 1304]
Event: 0.566 Thread 0x00007fc6e8017000 Exception <a 'java/security/PrivilegedActionException'{0x00000000c6ee3b18}> (0x00000000c6ee3b18) thrown at [src/hotspot/share/prims/jvm.cpp, line 1304]
Event: 0.566 Thread 0x00007fc6e8017000 Exception <a 'java/security/PrivilegedActionException'{0x00000000c6ee3de8}> (0x00000000c6ee3de8) thrown at [src/hotspot/share/prims/jvm.cpp, line 1304]
Event: 0.566 Thread 0x00007fc6e8017000 Exception <a 'java/security/PrivilegedActionException'{0x00000000c6ee4770}> (0x00000000c6ee4770) thrown at [src/hotspot/share/prims/jvm.cpp, line 1304]
Event: 0.566 Thread 0x00007fc6e8017000 Exception <a 'java/security/PrivilegedActionException'{0x00000000c6ee4a40}> (0x00000000c6ee4a40) thrown at [src/hotspot/share/prims/jvm.cpp, line 1304]
Event: 0.569 Thread 0x00007fc6e8017000 Exception <a 'java/security/PrivilegedActionException'{0x00000000c6ee53c8}> (0x00000000c6ee53c8) thrown at [src/hotspot/share/prims/jvm.cpp, line 1304]
Event: 0.569 Thread 0x00007fc6e8017000 Exception <a 'java/security/PrivilegedActionException'{0x00000000c6ee5698}> (0x00000000c6ee5698) thrown at [src/hotspot/share/prims/jvm.cpp, line 1304]
Event: 0.569 Thread 0x00007fc6e8017000 Exception <a 'java/security/PrivilegedActionException'{0x00000000c6ee6008}> (0x00000000c6ee6008) thrown at [src/hotspot/share/prims/jvm.cpp, line 1304]
Event: 0.569 Thread 0x00007fc6e8017000 Exception <a 'java/security/PrivilegedActionException'{0x00000000c6ee62d8}> (0x00000000c6ee62d8) thrown at [src/hotspot/share/prims/jvm.cpp, line 1304]
Event: 0.571 Thread 0x00007fc6e8017000 Exception <a 'java/security/PrivilegedActionException'{0x00000000c6ee6c60}> (0x00000000c6ee6c60) thrown at [src/hotspot/share/prims/jvm.cpp, line 1304]
Event: 0.571 Thread 0x00007fc6e8017000 Exception <a 'java/security/PrivilegedActionException'{0x00000000c6ee6f30}> (0x00000000c6ee6f30) thrown at [src/hotspot/share/prims/jvm.cpp, line 1304]
Event: 1.206 Thread 0x00007fc6e8017000 Exception <a 'java/lang/NoSuchMethodError'{0x00000000c6ad6ae8}: 'int java.lang.invoke.DirectMethodHandle$Holder.invokeStaticInit(java.lang.Object, java.lang.Object, java.lang.Object, java.lang.Object)'> (0x00000000c6ad6ae8) thrown at [src/hotspot/share/interpreter/linkResolver.cpp, line 772]
Event: 1.219 Thread 0x00007fc6e8017000 Exception <a 'java/lang/IncompatibleClassChangeError'{0x00000000c6ae0868}: Found class java.lang.Object, but interface was expected> (0x00000000c6ae0868) thrown at [src/hotspot/share/interpreter/linkResolver.cpp, line 839]
Event: 1.224 Thread 0x00007fc6e8017000 Exception <a 'java/lang/NoSuchMethodError'{0x00000000c6ae3a18}: 'void java.lang.invoke.DirectMethodHandle$Holder.invokeStaticInit(java.lang.Object, java.lang.Object)'> (0x00000000c6ae3a18) thrown at [src/hotspot/share/interpreter/linkResolver.cpp, line 772]
Event: 1.227 Thread 0x00007fc6e8017000 Exception <a 'java/lang/NoSuchMethodError'{0x00000000c69037f8}: 'int java.lang.invoke.DirectMethodHandle$Holder.invokeStaticInit(java.lang.Object, java.lang.Object)'> (0x00000000c69037f8) thrown at [src/hotspot/share/interpreter/linkResolver.cpp, line 772]
Event: 2.159 Thread 0x00007fc6e8017000 Exception <a 'java/lang/NoSuchMethodError'{0x00000000c6fd7e20}: 'java.lang.Object java.lang.invoke.DirectMethodHandle$Holder.invokeStatic(java.lang.Object, java.lang.Object, java.lang.Object, java.lang.Object, java.lang.Object, java.lang.Object, java.lang.Object, java.lang.Object, java.lang.Object, java.lang.Object, java.lang.Object, int)'> (0x00000000c6fd7e20) thrown at [src/hotspot/share/interpreter/linkResolver.cpp, line 772]
Event: 2.169 Thread 0x00007fc6e8017000 Exception <a 'java/lang/NoSuchMethodError'{0x00000000c6ff74f0}: 'java.lang.Object java.lang.invoke.DirectMethodHandle$Holder.invokeStatic(java.lang.Object, java.lang.Object, java.lang.Object, java.lang.Object, java.lang.Object, java.lang.Object, java.lang.Object, java.lang.Object, java.lang.Object, java.lang.Object, java.lang.Object, int, int)'> (0x00000000c6ff74f0) thrown at [src/hotspot/share/interpreter/linkResolver.cpp, line 772]
Event: 2.185 Thread 0x00007fc6e8017000 Exception <a 'java/lang/NoSuchMethodError'{0x00000000c6e16e68}: 'java.lang.Object java.lang.invoke.DirectMethodHandle$Holder.invokeStatic(java.lang.Object, java.lang.Object, java.lang.Object, java.lang.Object, java.lang.Object, java.lang.Object, java.lang.Object, java.lang.Object, java.lang.Object, java.lang.Object, java.lang.Object, int, int, java.lang.Object)'> (0x00000000c6e16e68) thrown at [src/hotspot/share/interpreter/linkResolver.cpp, line 772]
Event: 2.186 Thread 0x00007fc6e8017000 Exception <a 'java/lang/NoSuchMethodError'{0x00000000c6e230c0}: 'java.lang.Object java.lang.invoke.Invokers$Holder.linkToTargetMethod(java.lang.Object, int, java.lang.Object)'> (0x00000000c6e230c0) thrown at [src/hotspot/share/interpreter/linkResolver.cpp, line 772]

Events (20 events):
Event: 2.064 loading class java/lang/invoke/BoundMethodHandle$Species_LL
Event: 2.064 loading class java/lang/invoke/BoundMethodHandle$Species_LL done
Event: 2.076 loading class java/lang/invoke/BoundMethodHandle$Species_LLL
Event: 2.076 loading class java/lang/invoke/BoundMethodHandle$Species_LLL done
Event: 2.086 loading class java/lang/invoke/BoundMethodHandle$Species_LLLL
Event: 2.086 loading class java/lang/invoke/BoundMethodHandle$Species_LLLL done
Event: 2.124 loading class java/lang/invoke/BoundMethodHandle$Species_LLLLL
Event: 2.124 loading class java/lang/invoke/BoundMethodHandle$Species_LLLLL done
Event: 2.125 loading class java/lang/invoke/BoundMethodHandle$Species_LLLLLL
Event: 2.125 loading class java/lang/invoke/BoundMethodHandle$Species_LLLLLL done
Event: 2.141 loading class java/lang/invoke/BoundMethodHandle$Species_LLLLLLL
Event: 2.141 loading class java/lang/invoke/BoundMethodHandle$Species_LLLLLLL done
Event: 2.143 loading class java/lang/invoke/BoundMethodHandle$Species_LLLLLLLL
Event: 2.143 loading class java/lang/invoke/BoundMethodHandle$Species_LLLLLLLL done
Event: 2.154 loading class java/lang/invoke/BoundMethodHandle$Species_LLLLLLLLI
Event: 2.154 loading class java/lang/invoke/BoundMethodHandle$Species_LLLLLLLLI done
Event: 2.168 loading class java/lang/invoke/BoundMethodHandle$Species_LLLLLLLLII
Event: 2.168 loading class java/lang/invoke/BoundMethodHandle$Species_LLLLLLLLII done
Event: 2.179 loading class java/lang/invoke/BoundMethodHandle$Species_LLLLLLLLIIL
Event: 2.179 loading class java/lang/invoke/BoundMethodHandle$Species_LLLLLLLLIIL done


Dynamic libraries:
c3200000-c7000000 rw-p 00000000 00:00 0 
c7000000-ffe00000 ---p 00000000 00:00 0 
ffe00000-ffe47000 rw-p 00b0a000 08:05 922150                             /usr/lib/jvm/java-11-openjdk-amd64/lib/server/classes.jsa
ffe47000-fff00000 rw-p 00000000 00:00 0 
fff00000-fff6b000 rw-p 00a9f000 08:05 922150                             /usr/lib/jvm/java-11-openjdk-amd64/lib/server/classes.jsa
fff6b000-100000000 rw-p 00000000 00:00 0 
800000000-800002000 rwxp 00001000 08:05 922150                           /usr/lib/jvm/java-11-openjdk-amd64/lib/server/classes.jsa
800002000-8003cc000 rw-p 00003000 08:05 922150                           /usr/lib/jvm/java-11-openjdk-amd64/lib/server/classes.jsa
8003cc000-800a9d000 r--p 003cd000 08:05 922150                           /usr/lib/jvm/java-11-openjdk-amd64/lib/server/classes.jsa
800a9d000-800a9e000 rw-p 00a9e000 08:05 922150                           /usr/lib/jvm/java-11-openjdk-amd64/lib/server/classes.jsa
840000000-8400c0000 rw-p 00000000 00:00 0 
8400c0000-880000000 ---p 00000000 00:00 0 
55babc2fd000-55babc2fe000 r--p 00000000 08:05 922046                     /usr/lib/jvm/java-11-openjdk-amd64/bin/java
55babc2fe000-55babc2ff000 r-xp 00001000 08:05 922046                     /usr/lib/jvm/java-11-openjdk-amd64/bin/java
55babc2ff000-55babc300000 r--p 00002000 08:05 922046                     /usr/lib/jvm/java-11-openjdk-amd64/bin/java
55babc300000-55babc301000 r--p 00002000 08:05 922046                     /usr/lib/jvm/java-11-openjdk-amd64/bin/java
55babc301000-55babc302000 rw-p 00003000 08:05 922046                     /usr/lib/jvm/java-11-openjdk-amd64/bin/java
55babd55b000-55babd59d000 rw-p 00000000 00:00 0                          [heap]
7fc68d52c000-7fc68de52000 r--p 00000000 08:05 1461981                    /home/qutx/.javacpp/cache/llvm-13.0.1-1.5.7-linux-x86_64.jar/org/bytedeco/llvm/linux-x86_64/libLLVM-13.so
7fc68de52000-7fc691815000 r-xp 00926000 08:05 1461981                    /home/qutx/.javacpp/cache/llvm-13.0.1-1.5.7-linux-x86_64.jar/org/bytedeco/llvm/linux-x86_64/libLLVM-13.so
7fc691815000-7fc693a6a000 r--p 042e9000 08:05 1461981                    /home/qutx/.javacpp/cache/llvm-13.0.1-1.5.7-linux-x86_64.jar/org/bytedeco/llvm/linux-x86_64/libLLVM-13.so
7fc693a6a000-7fc693f7f000 r--p 0653d000 08:05 1461981                    /home/qutx/.javacpp/cache/llvm-13.0.1-1.5.7-linux-x86_64.jar/org/bytedeco/llvm/linux-x86_64/libLLVM-13.so
7fc693f7f000-7fc693f8a000 rw-p 06a52000 08:05 1461981                    /home/qutx/.javacpp/cache/llvm-13.0.1-1.5.7-linux-x86_64.jar/org/bytedeco/llvm/linux-x86_64/libLLVM-13.so
7fc693f8a000-7fc694000000 rw-p 00000000 00:00 0 
7fc694000000-7fc694029000 rw-p 00000000 00:00 0 
7fc694029000-7fc698000000 ---p 00000000 00:00 0 
7fc698000000-7fc698021000 rw-p 00000000 00:00 0 
7fc698021000-7fc69c000000 ---p 00000000 00:00 0 
7fc69c000000-7fc69c187000 rw-p 00000000 00:00 0 
7fc69c187000-7fc6a0000000 ---p 00000000 00:00 0 
7fc6a0000000-7fc6a050f000 rw-p 00000000 00:00 0 
7fc6a050f000-7fc6a4000000 ---p 00000000 00:00 0 
7fc6a4000000-7fc6a4021000 rw-p 00000000 00:00 0 
7fc6a4021000-7fc6a8000000 ---p 00000000 00:00 0 
7fc6a8000000-7fc6a8021000 rw-p 00000000 00:00 0 
7fc6a8021000-7fc6ac000000 ---p 00000000 00:00 0 
7fc6ac000000-7fc6ac021000 rw-p 00000000 00:00 0 
7fc6ac021000-7fc6b0000000 ---p 00000000 00:00 0 
7fc6b0000000-7fc6b0021000 rw-p 00000000 00:00 0 
7fc6b0021000-7fc6b4000000 ---p 00000000 00:00 0 
7fc6b4000000-7fc6b4021000 rw-p 00000000 00:00 0 
7fc6b4021000-7fc6b8000000 ---p 00000000 00:00 0 
7fc6b8000000-7fc6b8021000 rw-p 00000000 00:00 0 
7fc6b8021000-7fc6bc000000 ---p 00000000 00:00 0 
7fc6bc000000-7fc6bc021000 rw-p 00000000 00:00 0 
7fc6bc021000-7fc6c0000000 ---p 00000000 00:00 0 
7fc6c0213000-7fc6c0278000 r--p 00000000 08:05 1461986                    /home/qutx/.javacpp/cache/llvm-13.0.1-1.5.7-linux-x86_64.jar/org/bytedeco/llvm/linux-x86_64/libjniLLVM.so
7fc6c0278000-7fc6c02e6000 r-xp 00065000 08:05 1461986                    /home/qutx/.javacpp/cache/llvm-13.0.1-1.5.7-linux-x86_64.jar/org/bytedeco/llvm/linux-x86_64/libjniLLVM.so
7fc6c02e6000-7fc6c0311000 r--p 000d3000 08:05 1461986                    /home/qutx/.javacpp/cache/llvm-13.0.1-1.5.7-linux-x86_64.jar/org/bytedeco/llvm/linux-x86_64/libjniLLVM.so
7fc6c0311000-7fc6c0314000 r--p 000fd000 08:05 1461986                    /home/qutx/.javacpp/cache/llvm-13.0.1-1.5.7-linux-x86_64.jar/org/bytedeco/llvm/linux-x86_64/libjniLLVM.so
7fc6c0314000-7fc6c0317000 rw-p 00100000 08:05 1461986                    /home/qutx/.javacpp/cache/llvm-13.0.1-1.5.7-linux-x86_64.jar/org/bytedeco/llvm/linux-x86_64/libjniLLVM.so
7fc6c0317000-7fc6c0319000 rw-p 00000000 00:00 0 
7fc6c0319000-7fc6c031d000 ---p 00000000 00:00 0 
7fc6c031d000-7fc6c041a000 rw-p 00000000 00:00 0 
7fc6c041a000-7fc6c041b000 ---p 00000000 00:00 0 
7fc6c041b000-7fc6c051c000 rw-p 00000000 00:00 0 
7fc6c051c000-7fc6c0520000 ---p 00000000 00:00 0 
7fc6c0520000-7fc6c061d000 rw-p 00000000 00:00 0 
7fc6c061d000-7fc6c061e000 ---p 00000000 00:00 0 
7fc6c061e000-7fc6c071f000 rw-p 00000000 00:00 0 
7fc6c071f000-7fc6c0723000 ---p 00000000 00:00 0 
7fc6c0723000-7fc6c0820000 rw-p 00000000 00:00 0 
7fc6c0820000-7fc6c0824000 ---p 00000000 00:00 0 
7fc6c0824000-7fc6c0921000 rw-p 00000000 00:00 0 
7fc6c0921000-7fc6c0925000 ---p 00000000 00:00 0 
7fc6c0925000-7fc6c0a22000 rw-p 00000000 00:00 0 
7fc6c0a22000-7fc6c1800000 r--p 00000000 08:05 922866                     /usr/lib/locale/locale-archive
7fc6c1800000-7fc6c1dc0000 rw-p 00000000 00:00 0 
7fc6c1dc0000-7fc6c2000000 ---p 00000000 00:00 0 
7fc6c2000000-7fc6c4000000 rw-p 00000000 00:00 0 
7fc6c4000000-7fc6c4021000 rw-p 00000000 00:00 0 
7fc6c4021000-7fc6c8000000 ---p 00000000 00:00 0 
7fc6c8000000-7fc6c8021000 rw-p 00000000 00:00 0 
7fc6c8021000-7fc6cc000000 ---p 00000000 00:00 0 
7fc6cc000000-7fc6cc021000 rw-p 00000000 00:00 0 
7fc6cc021000-7fc6d0000000 ---p 00000000 00:00 0 
7fc6d006c000-7fc6d0070000 ---p 00000000 00:00 0 
7fc6d0070000-7fc6d016d000 rw-p 00000000 00:00 0 
7fc6d016d000-7fc6d0171000 ---p 00000000 00:00 0 
7fc6d0171000-7fc6d026e000 rw-p 00000000 00:00 0 
7fc6d026e000-7fc6d0272000 ---p 00000000 00:00 0 
7fc6d0272000-7fc6d036f000 rw-p 00000000 00:00 0 
7fc6d036f000-7fc6d0373000 ---p 00000000 00:00 0 
7fc6d0373000-7fc6d0470000 rw-p 00000000 00:00 0 
7fc6d0470000-7fc6d0474000 ---p 00000000 00:00 0 
7fc6d0474000-7fc6d0571000 rw-p 00000000 00:00 0 
7fc6d0571000-7fc6d0575000 ---p 00000000 00:00 0 
7fc6d0575000-7fc6d0672000 rw-p 00000000 00:00 0 
7fc6d0672000-7fc6d0673000 ---p 00000000 00:00 0 
7fc6d0673000-7fc6d07f5000 rw-p 00000000 00:00 0 
7fc6d07f5000-7fc6d0a65000 rwxp 00000000 00:00 0 
7fc6d0a65000-7fc6d0d84000 ---p 00000000 00:00 0 
7fc6d0d84000-7fc6d0ff4000 rwxp 00000000 00:00 0 
7fc6d0ff4000-7fc6d82bc000 ---p 00000000 00:00 0 
7fc6d82bc000-7fc6d852c000 rwxp 00000000 00:00 0 
7fc6d852c000-7fc6df7f5000 ---p 00000000 00:00 0 
7fc6df7f5000-7fc6e8000000 r--s 00000000 08:05 922125                     /usr/lib/jvm/java-11-openjdk-amd64/lib/modules
7fc6e8000000-7fc6e8372000 rw-p 00000000 00:00 0 
7fc6e8372000-7fc6ec000000 ---p 00000000 00:00 0 
7fc6ec013000-7fc6ec01a000 r--s 00000000 08:05 1447316                    /usr/lib/x86_64-linux-gnu/gconv/gconv-modules.cache
7fc6ec01a000-7fc6ec01b000 r--p 00000000 08:05 1461984                    /home/qutx/.javacpp/cache/llvm-13.0.1-1.5.7-linux-x86_64.jar/org/bytedeco/llvm/linux-x86_64/libRemarks.so.13
7fc6ec01b000-7fc6ec01c000 r-xp 00001000 08:05 1461984                    /home/qutx/.javacpp/cache/llvm-13.0.1-1.5.7-linux-x86_64.jar/org/bytedeco/llvm/linux-x86_64/libRemarks.so.13
7fc6ec01c000-7fc6ec01d000 r--p 00002000 08:05 1461984                    /home/qutx/.javacpp/cache/llvm-13.0.1-1.5.7-linux-x86_64.jar/org/bytedeco/llvm/linux-x86_64/libRemarks.so.13
7fc6ec01d000-7fc6ec01e000 r--p 00002000 08:05 1461984                    /home/qutx/.javacpp/cache/llvm-13.0.1-1.5.7-linux-x86_64.jar/org/bytedeco/llvm/linux-x86_64/libRemarks.so.13
7fc6ec01e000-7fc6ec01f000 rw-p 00003000 08:05 1461984                    /home/qutx/.javacpp/cache/llvm-13.0.1-1.5.7-linux-x86_64.jar/org/bytedeco/llvm/linux-x86_64/libRemarks.so.13
7fc6ec01f000-7fc6ec026000 r--p 00000000 08:05 1461982                    /home/qutx/.javacpp/cache/llvm-13.0.1-1.5.7-linux-x86_64.jar/org/bytedeco/llvm/linux-x86_64/libLTO.so.13
7fc6ec026000-7fc6ec02e000 r-xp 00007000 08:05 1461982                    /home/qutx/.javacpp/cache/llvm-13.0.1-1.5.7-linux-x86_64.jar/org/bytedeco/llvm/linux-x86_64/libLTO.so.13
7fc6ec02e000-7fc6ec030000 r--p 0000f000 08:05 1461982                    /home/qutx/.javacpp/cache/llvm-13.0.1-1.5.7-linux-x86_64.jar/org/bytedeco/llvm/linux-x86_64/libLTO.so.13
7fc6ec030000-7fc6ec031000 r--p 00010000 08:05 1461982                    /home/qutx/.javacpp/cache/llvm-13.0.1-1.5.7-linux-x86_64.jar/org/bytedeco/llvm/linux-x86_64/libLTO.so.13
7fc6ec031000-7fc6ec032000 rw-p 00011000 08:05 1461982                    /home/qutx/.javacpp/cache/llvm-13.0.1-1.5.7-linux-x86_64.jar/org/bytedeco/llvm/linux-x86_64/libLTO.so.13
7fc6ec032000-7fc6ec036000 r--p 00000000 08:05 1461975                    /home/qutx/.javacpp/cache/javacpp-1.5.7-linux-x86_64.jar/org/bytedeco/javacpp/linux-x86_64/libjnijavacpp.so
7fc6ec036000-7fc6ec03d000 r-xp 00004000 08:05 1461975                    /home/qutx/.javacpp/cache/javacpp-1.5.7-linux-x86_64.jar/org/bytedeco/javacpp/linux-x86_64/libjnijavacpp.so
7fc6ec03d000-7fc6ec041000 r--p 0000b000 08:05 1461975                    /home/qutx/.javacpp/cache/javacpp-1.5.7-linux-x86_64.jar/org/bytedeco/javacpp/linux-x86_64/libjnijavacpp.so
7fc6ec041000-7fc6ec042000 r--p 0000e000 08:05 1461975                    /home/qutx/.javacpp/cache/javacpp-1.5.7-linux-x86_64.jar/org/bytedeco/javacpp/linux-x86_64/libjnijavacpp.so
7fc6ec042000-7fc6ec043000 rw-p 0000f000 08:05 1461975                    /home/qutx/.javacpp/cache/javacpp-1.5.7-linux-x86_64.jar/org/bytedeco/javacpp/linux-x86_64/libjnijavacpp.so
7fc6ec043000-7fc6ec044000 r--p 00000000 08:05 922097                     /usr/lib/jvm/java-11-openjdk-amd64/lib/libextnet.so
7fc6ec044000-7fc6ec045000 r-xp 00001000 08:05 922097                     /usr/lib/jvm/java-11-openjdk-amd64/lib/libextnet.so
7fc6ec045000-7fc6ec046000 r--p 00002000 08:05 922097                     /usr/lib/jvm/java-11-openjdk-amd64/lib/libextnet.so
7fc6ec046000-7fc6ec047000 r--p 00002000 08:05 922097                     /usr/lib/jvm/java-11-openjdk-amd64/lib/libextnet.so
7fc6ec047000-7fc6ec048000 rw-p 00003000 08:05 922097                     /usr/lib/jvm/java-11-openjdk-amd64/lib/libextnet.so
7fc6ec048000-7fc6ec04c000 r--p 00000000 08:05 922115                     /usr/lib/jvm/java-11-openjdk-amd64/lib/libnet.so
7fc6ec04c000-7fc6ec05a000 r-xp 00004000 08:05 922115                     /usr/lib/jvm/java-11-openjdk-amd64/lib/libnet.so
7fc6ec05a000-7fc6ec05e000 r--p 00012000 08:05 922115                     /usr/lib/jvm/java-11-openjdk-amd64/lib/libnet.so
7fc6ec05e000-7fc6ec05f000 r--p 00015000 08:05 922115                     /usr/lib/jvm/java-11-openjdk-amd64/lib/libnet.so
7fc6ec05f000-7fc6ec060000 rw-p 00016000 08:05 922115                     /usr/lib/jvm/java-11-openjdk-amd64/lib/libnet.so
7fc6ec060000-7fc6ec067000 r--p 00000000 08:05 922116                     /usr/lib/jvm/java-11-openjdk-amd64/lib/libnio.so
7fc6ec067000-7fc6ec06f000 r-xp 00007000 08:05 922116                     /usr/lib/jvm/java-11-openjdk-amd64/lib/libnio.so
7fc6ec06f000-7fc6ec072000 r--p 0000f000 08:05 922116                     /usr/lib/jvm/java-11-openjdk-amd64/lib/libnio.so
7fc6ec072000-7fc6ec073000 r--p 00011000 08:05 922116                     /usr/lib/jvm/java-11-openjdk-amd64/lib/libnio.so
7fc6ec073000-7fc6ec074000 rw-p 00012000 08:05 922116                     /usr/lib/jvm/java-11-openjdk-amd64/lib/libnio.so
7fc6ec074000-7fc6ec0cf000 rw-p 00000000 00:00 0 
7fc6ec0cf000-7fc6ec0d0000 ---p 00000000 00:00 0 
7fc6ec0d0000-7fc6ec1d1000 rw-p 00000000 00:00 0 
7fc6ec1d1000-7fc6ec1d2000 ---p 00000000 00:00 0 
7fc6ec1d2000-7fc6ec4d5000 rw-p 00000000 00:00 0 
7fc6ec4d5000-7fc6ec4d6000 ---p 00000000 00:00 0 
7fc6ec4d6000-7fc6ec5d7000 rw-p 00000000 00:00 0 
7fc6ec5d7000-7fc6ec5d8000 ---p 00000000 00:00 0 
7fc6ec5d8000-7fc6ec7f2000 rw-p 00000000 00:00 0 
7fc6ec7f2000-7fc6ed62a000 ---p 00000000 00:00 0 
7fc6ed62a000-7fc6ed72a000 rw-p 00000000 00:00 0 
7fc6ed72a000-7fc6ee562000 ---p 00000000 00:00 0 
7fc6ee562000-7fc6ee589000 rw-p 00000000 00:00 0 
7fc6ee589000-7fc6ee750000 ---p 00000000 00:00 0 
7fc6ee750000-7fc6ee770000 rw-p 00000000 00:00 0 
7fc6ee770000-7fc6ee937000 ---p 00000000 00:00 0 
7fc6ee937000-7fc6ee957000 rw-p 00000000 00:00 0 
7fc6ee957000-7fc6eeb1e000 ---p 00000000 00:00 0 
7fc6eeb1e000-7fc6eed21000 rw-p 00000000 00:00 0 
7fc6eed21000-7fc6eed22000 ---p 00000000 00:00 0 
7fc6eed22000-7fc6eee28000 rw-p 00000000 00:00 0 
7fc6eee28000-7fc6eef0e000 ---p 00000000 00:00 0 
7fc6eef0e000-7fc6eef13000 rw-p 00000000 00:00 0 
7fc6eef13000-7fc6eeff9000 ---p 00000000 00:00 0 
7fc6eeff9000-7fc6eeffe000 rw-p 00000000 00:00 0 
7fc6eeffe000-7fc6ef005000 ---p 00000000 00:00 0 
7fc6ef005000-7fc6ef008000 r--p 00000000 08:05 924341                     /usr/lib/x86_64-linux-gnu/libnss_files-2.31.so
7fc6ef008000-7fc6ef00f000 r-xp 00003000 08:05 924341                     /usr/lib/x86_64-linux-gnu/libnss_files-2.31.so
7fc6ef00f000-7fc6ef011000 r--p 0000a000 08:05 924341                     /usr/lib/x86_64-linux-gnu/libnss_files-2.31.so
7fc6ef011000-7fc6ef012000 r--p 0000b000 08:05 924341                     /usr/lib/x86_64-linux-gnu/libnss_files-2.31.so
7fc6ef012000-7fc6ef013000 rw-p 0000c000 08:05 924341                     /usr/lib/x86_64-linux-gnu/libnss_files-2.31.so
7fc6ef013000-7fc6ef019000 rw-p 00000000 00:00 0 
7fc6ef019000-7fc6ef01b000 r--p 00000000 08:05 922124                     /usr/lib/jvm/java-11-openjdk-amd64/lib/libzip.so
7fc6ef01b000-7fc6ef020000 r-xp 00002000 08:05 922124                     /usr/lib/jvm/java-11-openjdk-amd64/lib/libzip.so
7fc6ef020000-7fc6ef022000 r--p 00007000 08:05 922124                     /usr/lib/jvm/java-11-openjdk-amd64/lib/libzip.so
7fc6ef022000-7fc6ef023000 r--p 00008000 08:05 922124                     /usr/lib/jvm/java-11-openjdk-amd64/lib/libzip.so
7fc6ef023000-7fc6ef024000 rw-p 00009000 08:05 922124                     /usr/lib/jvm/java-11-openjdk-amd64/lib/libzip.so
7fc6ef024000-7fc6ef02c000 rw-s 00000000 08:05 2362813                    /tmp/hsperfdata_qutx/19791
7fc6ef02c000-7fc6ef02e000 r--p 00000000 08:05 922099                     /usr/lib/jvm/java-11-openjdk-amd64/lib/libinstrument.so
7fc6ef02e000-7fc6ef034000 r-xp 00002000 08:05 922099                     /usr/lib/jvm/java-11-openjdk-amd64/lib/libinstrument.so
7fc6ef034000-7fc6ef037000 r--p 00008000 08:05 922099                     /usr/lib/jvm/java-11-openjdk-amd64/lib/libinstrument.so
7fc6ef037000-7fc6ef038000 r--p 0000a000 08:05 922099                     /usr/lib/jvm/java-11-openjdk-amd64/lib/libinstrument.so
7fc6ef038000-7fc6ef039000 rw-p 0000b000 08:05 922099                     /usr/lib/jvm/java-11-openjdk-amd64/lib/libinstrument.so
7fc6ef039000-7fc6ef03a000 ---p 00000000 00:00 0 
7fc6ef03a000-7fc6ef03b000 r--p 00000000 00:00 0 
7fc6ef03b000-7fc6ef03d000 r--p 00000000 08:05 922107                     /usr/lib/jvm/java-11-openjdk-amd64/lib/libjimage.so
7fc6ef03d000-7fc6ef040000 r-xp 00002000 08:05 922107                     /usr/lib/jvm/java-11-openjdk-amd64/lib/libjimage.so
7fc6ef040000-7fc6ef041000 r--p 00005000 08:05 922107                     /usr/lib/jvm/java-11-openjdk-amd64/lib/libjimage.so
7fc6ef041000-7fc6ef042000 ---p 00006000 08:05 922107                     /usr/lib/jvm/java-11-openjdk-amd64/lib/libjimage.so
7fc6ef042000-7fc6ef043000 r--p 00006000 08:05 922107                     /usr/lib/jvm/java-11-openjdk-amd64/lib/libjimage.so
7fc6ef043000-7fc6ef044000 rw-p 00007000 08:05 922107                     /usr/lib/jvm/java-11-openjdk-amd64/lib/libjimage.so
7fc6ef044000-7fc6ef052000 r--p 00000000 08:05 922104                     /usr/lib/jvm/java-11-openjdk-amd64/lib/libjava.so
7fc6ef052000-7fc6ef068000 r-xp 0000e000 08:05 922104                     /usr/lib/jvm/java-11-openjdk-amd64/lib/libjava.so
7fc6ef068000-7fc6ef06f000 r--p 00024000 08:05 922104                     /usr/lib/jvm/java-11-openjdk-amd64/lib/libjava.so
7fc6ef06f000-7fc6ef070000 r--p 0002a000 08:05 922104                     /usr/lib/jvm/java-11-openjdk-amd64/lib/libjava.so
7fc6ef070000-7fc6ef071000 rw-p 0002b000 08:05 922104                     /usr/lib/jvm/java-11-openjdk-amd64/lib/libjava.so
7fc6ef071000-7fc6ef072000 rw-p 00000000 00:00 0 
7fc6ef072000-7fc6ef074000 r--p 00000000 08:05 924550                     /usr/lib/x86_64-linux-gnu/librt-2.31.so
7fc6ef074000-7fc6ef078000 r-xp 00002000 08:05 924550                     /usr/lib/x86_64-linux-gnu/librt-2.31.so
7fc6ef078000-7fc6ef07a000 r--p 00006000 08:05 924550                     /usr/lib/x86_64-linux-gnu/librt-2.31.so
7fc6ef07a000-7fc6ef07b000 r--p 00007000 08:05 924550                     /usr/lib/x86_64-linux-gnu/librt-2.31.so
7fc6ef07b000-7fc6ef07c000 rw-p 00008000 08:05 924550                     /usr/lib/x86_64-linux-gnu/librt-2.31.so
7fc6ef07c000-7fc6ef080000 ---p 00000000 00:00 0 
7fc6ef080000-7fc6ef17d000 rw-p 00000000 00:00 0 
7fc6ef17d000-7fc6ef180000 r--p 00000000 08:05 923854                     /usr/lib/x86_64-linux-gnu/libgcc_s.so.1
7fc6ef180000-7fc6ef192000 r-xp 00003000 08:05 923854                     /usr/lib/x86_64-linux-gnu/libgcc_s.so.1
7fc6ef192000-7fc6ef196000 r--p 00015000 08:05 923854                     /usr/lib/x86_64-linux-gnu/libgcc_s.so.1
7fc6ef196000-7fc6ef197000 r--p 00018000 08:05 923854                     /usr/lib/x86_64-linux-gnu/libgcc_s.so.1
7fc6ef197000-7fc6ef198000 rw-p 00019000 08:05 923854                     /usr/lib/x86_64-linux-gnu/libgcc_s.so.1
7fc6ef198000-7fc6ef1a5000 r--p 00000000 08:05 924215                     /usr/lib/x86_64-linux-gnu/libm-2.31.so
7fc6ef1a5000-7fc6ef24c000 r-xp 0000d000 08:05 924215                     /usr/lib/x86_64-linux-gnu/libm-2.31.so
7fc6ef24c000-7fc6ef2e5000 r--p 000b4000 08:05 924215                     /usr/lib/x86_64-linux-gnu/libm-2.31.so
7fc6ef2e5000-7fc6ef2e6000 r--p 0014c000 08:05 924215                     /usr/lib/x86_64-linux-gnu/libm-2.31.so
7fc6ef2e6000-7fc6ef2e7000 rw-p 0014d000 08:05 924215                     /usr/lib/x86_64-linux-gnu/libm-2.31.so
7fc6ef2e7000-7fc6ef37d000 r--p 00000000 08:05 924659                     /usr/lib/x86_64-linux-gnu/libstdc++.so.6.0.28
7fc6ef37d000-7fc6ef46e000 r-xp 00096000 08:05 924659                     /usr/lib/x86_64-linux-gnu/libstdc++.so.6.0.28
7fc6ef46e000-7fc6ef4b7000 r--p 00187000 08:05 924659                     /usr/lib/x86_64-linux-gnu/libstdc++.so.6.0.28
7fc6ef4b7000-7fc6ef4b8000 ---p 001d0000 08:05 924659                     /usr/lib/x86_64-linux-gnu/libstdc++.so.6.0.28
7fc6ef4b8000-7fc6ef4c3000 r--p 001d0000 08:05 924659                     /usr/lib/x86_64-linux-gnu/libstdc++.so.6.0.28
7fc6ef4c3000-7fc6ef4c6000 rw-p 001db000 08:05 924659                     /usr/lib/x86_64-linux-gnu/libstdc++.so.6.0.28
7fc6ef4c6000-7fc6ef4c9000 rw-p 00000000 00:00 0 
7fc6ef4c9000-7fc6ef74b000 r--p 00000000 08:05 922128                     /usr/lib/jvm/java-11-openjdk-amd64/lib/server/libjvm.so
7fc6ef74b000-7fc6f03dc000 r-xp 00282000 08:05 922128                     /usr/lib/jvm/java-11-openjdk-amd64/lib/server/libjvm.so
7fc6f03dc000-7fc6f063b000 r--p 00f13000 08:05 922128                     /usr/lib/jvm/java-11-openjdk-amd64/lib/server/libjvm.so
7fc6f063b000-7fc6f06ff000 r--p 01171000 08:05 922128                     /usr/lib/jvm/java-11-openjdk-amd64/lib/server/libjvm.so
7fc6f06ff000-7fc6f073a000 rw-p 01235000 08:05 922128                     /usr/lib/jvm/java-11-openjdk-amd64/lib/server/libjvm.so
7fc6f073a000-7fc6f0793000 rw-p 00000000 00:00 0 
7fc6f0793000-7fc6f0799000 r--p 00000000 08:05 924485                     /usr/lib/x86_64-linux-gnu/libpthread-2.31.so
7fc6f0799000-7fc6f07aa000 r-xp 00006000 08:05 924485                     /usr/lib/x86_64-linux-gnu/libpthread-2.31.so
7fc6f07aa000-7fc6f07b0000 r--p 00017000 08:05 924485                     /usr/lib/x86_64-linux-gnu/libpthread-2.31.so
7fc6f07b0000-7fc6f07b1000 r--p 0001c000 08:05 924485                     /usr/lib/x86_64-linux-gnu/libpthread-2.31.so
7fc6f07b1000-7fc6f07b2000 rw-p 0001d000 08:05 924485                     /usr/lib/x86_64-linux-gnu/libpthread-2.31.so
7fc6f07b2000-7fc6f07b6000 rw-p 00000000 00:00 0 
7fc6f07b6000-7fc6f07b7000 r--p 00000000 08:05 923700                     /usr/lib/x86_64-linux-gnu/libdl-2.31.so
7fc6f07b7000-7fc6f07b9000 r-xp 00001000 08:05 923700                     /usr/lib/x86_64-linux-gnu/libdl-2.31.so
7fc6f07b9000-7fc6f07ba000 r--p 00003000 08:05 923700                     /usr/lib/x86_64-linux-gnu/libdl-2.31.so
7fc6f07ba000-7fc6f07bb000 r--p 00003000 08:05 923700                     /usr/lib/x86_64-linux-gnu/libdl-2.31.so
7fc6f07bb000-7fc6f07bc000 rw-p 00004000 08:05 923700                     /usr/lib/x86_64-linux-gnu/libdl-2.31.so
7fc6f07bc000-7fc6f07be000 r--p 00000000 08:05 923674                     /usr/lib/x86_64-linux-gnu/libz.so.1.2.11
7fc6f07be000-7fc6f07cf000 r-xp 00002000 08:05 923674                     /usr/lib/x86_64-linux-gnu/libz.so.1.2.11
7fc6f07cf000-7fc6f07d5000 r--p 00013000 08:05 923674                     /usr/lib/x86_64-linux-gnu/libz.so.1.2.11
7fc6f07d5000-7fc6f07d6000 ---p 00019000 08:05 923674                     /usr/lib/x86_64-linux-gnu/libz.so.1.2.11
7fc6f07d6000-7fc6f07d7000 r--p 00019000 08:05 923674                     /usr/lib/x86_64-linux-gnu/libz.so.1.2.11
7fc6f07d7000-7fc6f07d8000 rw-p 0001a000 08:05 923674                     /usr/lib/x86_64-linux-gnu/libz.so.1.2.11
7fc6f07d8000-7fc6f07fa000 r--p 00000000 08:05 923557                     /usr/lib/x86_64-linux-gnu/libc-2.31.so
7fc6f07fa000-7fc6f0972000 r-xp 00022000 08:05 923557                     /usr/lib/x86_64-linux-gnu/libc-2.31.so
7fc6f0972000-7fc6f09c0000 r--p 0019a000 08:05 923557                     /usr/lib/x86_64-linux-gnu/libc-2.31.so
7fc6f09c0000-7fc6f09c4000 r--p 001e7000 08:05 923557                     /usr/lib/x86_64-linux-gnu/libc-2.31.so
7fc6f09c4000-7fc6f09c6000 rw-p 001eb000 08:05 923557                     /usr/lib/x86_64-linux-gnu/libc-2.31.so
7fc6f09c6000-7fc6f09ca000 rw-p 00000000 00:00 0 
7fc6f09cb000-7fc6f09d0000 r--p 00000000 08:05 922123                     /usr/lib/jvm/java-11-openjdk-amd64/lib/libverify.so
7fc6f09d0000-7fc6f09d7000 r-xp 00005000 08:05 922123                     /usr/lib/jvm/java-11-openjdk-amd64/lib/libverify.so
7fc6f09d7000-7fc6f09d9000 r--p 0000c000 08:05 922123                     /usr/lib/jvm/java-11-openjdk-amd64/lib/libverify.so
7fc6f09d9000-7fc6f09da000 ---p 0000e000 08:05 922123                     /usr/lib/jvm/java-11-openjdk-amd64/lib/libverify.so
7fc6f09da000-7fc6f09dc000 r--p 0000e000 08:05 922123                     /usr/lib/jvm/java-11-openjdk-amd64/lib/libverify.so
7fc6f09dc000-7fc6f09dd000 rw-p 00010000 08:05 922123                     /usr/lib/jvm/java-11-openjdk-amd64/lib/libverify.so
7fc6f09dd000-7fc6f09e0000 r--p 00000000 08:05 922089                     /usr/lib/jvm/java-11-openjdk-amd64/lib/jli/libjli.so
7fc6f09e0000-7fc6f09ea000 r-xp 00003000 08:05 922089                     /usr/lib/jvm/java-11-openjdk-amd64/lib/jli/libjli.so
7fc6f09ea000-7fc6f09ed000 r--p 0000d000 08:05 922089                     /usr/lib/jvm/java-11-openjdk-amd64/lib/jli/libjli.so
7fc6f09ed000-7fc6f09ee000 ---p 00010000 08:05 922089                     /usr/lib/jvm/java-11-openjdk-amd64/lib/jli/libjli.so
7fc6f09ee000-7fc6f09ef000 r--p 00010000 08:05 922089                     /usr/lib/jvm/java-11-openjdk-amd64/lib/jli/libjli.so
7fc6f09ef000-7fc6f09f0000 rw-p 00011000 08:05 922089                     /usr/lib/jvm/java-11-openjdk-amd64/lib/jli/libjli.so
7fc6f09f0000-7fc6f09f2000 rw-p 00000000 00:00 0 
7fc6f09f2000-7fc6f09f3000 r--p 00000000 08:05 923337                     /usr/lib/x86_64-linux-gnu/ld-2.31.so
7fc6f09f3000-7fc6f0a16000 r-xp 00001000 08:05 923337                     /usr/lib/x86_64-linux-gnu/ld-2.31.so
7fc6f0a16000-7fc6f0a1e000 r--p 00024000 08:05 923337                     /usr/lib/x86_64-linux-gnu/ld-2.31.so
7fc6f0a1f000-7fc6f0a20000 r--p 0002c000 08:05 923337                     /usr/lib/x86_64-linux-gnu/ld-2.31.so
7fc6f0a20000-7fc6f0a21000 rw-p 0002d000 08:05 923337                     /usr/lib/x86_64-linux-gnu/ld-2.31.so
7fc6f0a21000-7fc6f0a22000 rw-p 00000000 00:00 0 
7ffdb2c20000-7ffdb2c41000 rw-p 00000000 00:00 0                          [stack]
7ffdb2dba000-7ffdb2dbe000 r--p 00000000 00:00 0                          [vvar]
7ffdb2dbe000-7ffdb2dc0000 r-xp 00000000 00:00 0                          [vdso]
ffffffffff600000-ffffffffff601000 --xp 00000000 00:00 0                  [vsyscall]


VM Arguments:
jvm_args: -javaagent:/opt/idea-IC-223.8617.56/lib/idea_rt.jar=45505:/opt/idea-IC-223.8617.56/bin -Dfile.encoding=UTF-8 
java_command: Main tests/test1.sysy
java_class_path (initial): /home/qutx/Desktop/study/compile/Lab/out/production/Lab:/usr/local/lib/antlr-4.9.1-complete.jar:/usr/local/lib/javacpp-1.5.7-linux-x86_64.jar:/usr/local/lib/javacpp-1.5.7.jar:/usr/local/lib/llvm-13.0.1-1.5.7-linux-x86_64.jar:/usr/local/lib/llvm-13.0.1-1.5.7.jar:/usr/local/lib/llvm-platform-13.0.1-1.5.7.jar:/home/qutx/Desktop/study/compile/Lab
Launcher Type: SUN_STANDARD

[Global flags]
     intx CICompilerCount                          = 2                                         {product} {ergonomic}
     uint ConcGCThreads                            = 1                                         {product} {ergonomic}
     uint G1ConcRefinementThreads                  = 2                                         {product} {ergonomic}
   size_t G1HeapRegionSize                         = 1048576                                   {product} {ergonomic}
    uintx GCDrainStackTargetSize                   = 64                                        {product} {ergonomic}
   size_t InitialHeapSize                          = 65011712                                  {product} {ergonomic}
   size_t MarkStackSize                            = 4194304                                   {product} {ergonomic}
   size_t MaxHeapSize                              = 1021313024                                {product} {ergonomic}
   size_t MaxNewSize                               = 612368384                                 {product} {ergonomic}
   size_t MinHeapDeltaBytes                        = 1048576                                   {product} {ergonomic}
    uintx NonNMethodCodeHeapSize                   = 5825164                                {pd product} {ergonomic}
    uintx NonProfiledCodeHeapSize                  = 122916538                              {pd product} {ergonomic}
    uintx ProfiledCodeHeapSize                     = 122916538                              {pd product} {ergonomic}
    uintx ReservedCodeCacheSize                    = 251658240                              {pd product} {ergonomic}
     bool SegmentedCodeCache                       = true                                      {product} {ergonomic}
     bool UseCompressedClassPointers               = true                                 {lp64_product} {ergonomic}
     bool UseCompressedOops                        = true                                 {lp64_product} {ergonomic}
     bool UseG1GC                                  = true                                      {product} {ergonomic}

Logging:
Log output configuration:
 #0: stdout all=warning uptime,level,tags
 #1: stderr all=off uptime,level,tags

Environment Variables:
JAVA_HOME=/opt/jdk-19.0.2
PATH=/opt/idea-IC-223.8617.56/bin:/opt/jdk-19.0.2/bin:/usr/local/sbin:/usr/local/bin:/usr/sbin:/usr/bin:/sbin:/bin:/usr/games:/usr/local/games:/snap/bin
USERNAME=qutx
SHELL=/bin/bash
DISPLAY=:0
LANG=en_US.UTF-8
LC_NUMERIC=zh_CN.UTF-8
LC_TIME=zh_CN.UTF-8
TERM=xterm-256color

Signal Handlers:
SIGSEGV: [libjvm.so+0xe9f840], sa_mask[0]=11111111011111111101111111111110, sa_flags=SA_RESTART|SA_SIGINFO
SIGBUS: [libjvm.so+0xe9f840], sa_mask[0]=11111111011111111101111111111110, sa_flags=SA_RESTART|SA_SIGINFO
SIGFPE: [libjvm.so+0xe9f840], sa_mask[0]=11111111011111111101111111111110, sa_flags=SA_RESTART|SA_SIGINFO
SIGPIPE: [libjvm.so+0xbe53b0], sa_mask[0]=11111111011111111101111111111110, sa_flags=SA_RESTART|SA_SIGINFO
SIGXFSZ: [libjvm.so+0xbe53b0], sa_mask[0]=11111111011111111101111111111110, sa_flags=SA_RESTART|SA_SIGINFO
SIGILL: [libjvm.so+0xe9f840], sa_mask[0]=11111111011111111101111111111110, sa_flags=SA_RESTART|SA_SIGINFO
SIGUSR2: [libjvm.so+0xbe5250], sa_mask[0]=00100000000000000000000000000000, sa_flags=SA_RESTART|SA_SIGINFO
SIGHUP: [libjvm.so+0xbe5900], sa_mask[0]=11111111011111111101111111111110, sa_flags=SA_RESTART|SA_SIGINFO
SIGINT: [libjvm.so+0xbe5900], sa_mask[0]=11111111011111111101111111111110, sa_flags=SA_RESTART|SA_SIGINFO
SIGTERM: [libjvm.so+0xbe5900], sa_mask[0]=11111111011111111101111111111110, sa_flags=SA_RESTART|SA_SIGINFO
SIGQUIT: [libjvm.so+0xbe5900], sa_mask[0]=11111111011111111101111111111110, sa_flags=SA_RESTART|SA_SIGINFO


---------------  S Y S T E M  ---------------

OS:DISTRIB_ID=Ubuntu
DISTRIB_RELEASE=20.04
DISTRIB_CODENAME=focal
DISTRIB_DESCRIPTION="Ubuntu 20.04.6 LTS"
uname:Linux 5.15.0-71-generic #78~20.04.1-Ubuntu SMP Wed Apr 19 11:26:48 UTC 2023 x86_64
OS uptime: 0 days 1:07 hours
libc:glibc 2.31 NPTL 2.31 
rlimit (soft/hard): STACK 8192k/infinity , CORE 0k/infinity , NPROC 15242/15242 , NOFILE 1048576/1048576 , AS infinity/infinity , CPU infinity/infinity , DATA infinity/infinity , FSIZE infinity/infinity , MEMLOCK 65536k/65536k
load average:8.22 2.47 1.13

/proc/meminfo:
MemTotal:        3983204 kB
MemFree:          150088 kB
MemAvailable:     741840 kB
Buffers:           43608 kB
Cached:           701448 kB
SwapCached:        25416 kB
Active:           967348 kB
Inactive:        2315752 kB
Active(anon):     587256 kB
Inactive(anon):  1951684 kB
Active(file):     380092 kB
Inactive(file):   364068 kB
Unevictable:           0 kB
Mlocked:               0 kB
SwapTotal:       2097148 kB
SwapFree:        1368600 kB
Dirty:             12932 kB
Writeback:             0 kB
AnonPages:       2521504 kB
Mapped:           186356 kB
Shmem:              1548 kB
KReclaimable:     103780 kB
Slab:             201808 kB
SReclaimable:     103780 kB
SUnreclaim:        98028 kB
KernelStack:       13040 kB
PageTables:        22964 kB
NFS_Unstable:          0 kB
Bounce:                0 kB
WritebackTmp:          0 kB
CommitLimit:     4088748 kB
Committed_AS:    6405516 kB
VmallocTotal:   34359738367 kB
VmallocUsed:       72480 kB
VmallocChunk:          0 kB
Percpu:           104448 kB
HardwareCorrupted:     0 kB
AnonHugePages:         0 kB
ShmemHugePages:        0 kB
ShmemPmdMapped:        0 kB
FileHugePages:         0 kB
FilePmdMapped:         0 kB
HugePages_Total:       0
HugePages_Free:        0
HugePages_Rsvd:        0
HugePages_Surp:        0
Hugepagesize:       2048 kB
Hugetlb:               0 kB
DirectMap4k:      321344 kB
DirectMap2M:     3872768 kB
DirectMap1G:     2097152 kB

/sys/kernel/mm/transparent_hugepage/enabled:
always [madvise] never
/sys/kernel/mm/transparent_hugepage/defrag (defrag/compaction efforts parameter):
always defer defer+madvise [madvise] never

Process Memory:
Virtual Size: 3681720K (peak: 12380444K)
Resident Set Size: 95896K (peak: 95896K) (anon: 38200K, file: 57696K, shmem: 0K)
Swapped out: 0K
C-Heap outstanding allocations: 14818K, retained: 2257K
glibc malloc tunables: (default)

/proc/sys/kernel/threads-max (system-wide limit on the number of threads):
30485
/proc/sys/vm/max_map_count (maximum number of memory map areas a process may have):
65530
/proc/sys/kernel/pid_max (system-wide limit on number of process identifiers):
4194304

container (cgroup) information:
container_type: cgroupv1
cpu_cpuset_cpus: 0-1
cpu_memory_nodes: 0
active_processor_count: 2
cpu_quota: no quota
cpu_period: 100000
cpu_shares: no shares
memory_limit_in_bytes: unlimited
memory_and_swap_limit_in_bytes: unlimited
memory_soft_limit_in_bytes: unlimited
memory_usage_in_bytes: 2568080 k
memory_max_usage_in_bytes: 2622616 k
kernel_memory_usage_in_bytes: 55564 k
kernel_memory_max_usage_in_bytes: unlimited
kernel_memory_limit_in_bytes: 56116 k
maximum number of tasks: unlimited
current number of tasks: 367

VMWare virtualization detected
Steal ticks since vm start: 0
Steal ticks percentage since vm start:  0.000

CPU:total 2 (initial active 2) (1 cores per cpu, 1 threads per core) family 6 model 165 stepping 2 microcode 0xffffffff, cmov, cx8, fxsr, mmx, sse, sse2, sse3, ssse3, sse4.1, sse4.2, popcnt, avx, avx2, aes, clmul, erms, 3dnowpref, lzcnt, tsc, tscinvbit, bmi1, bmi2, adx, fma
CPU Model and flags from /proc/cpuinfo:
model name	: Intel(R) Core(TM) i7-10750H CPU @ 2.60GHz
flags		: fpu vme de pse tsc msr pae mce cx8 apic sep mtrr pge mca cmov pat pse36 clflush mmx fxsr sse sse2 ss syscall nx pdpe1gb rdtscp lm constant_tsc arch_perfmon nopl xtopology tsc_reliable nonstop_tsc cpuid tsc_known_freq pni pclmulqdq ssse3 fma cx16 pcid sse4_1 sse4_2 x2apic movbe popcnt aes xsave avx f16c rdrand hypervisor lahf_lm abm 3dnowprefetch invpcid_single pti ssbd ibrs ibpb stibp fsgsbase tsc_adjust bmi1 avx2 smep bmi2 invpcid rdseed adx smap clflushopt xsaveopt xsavec xgetbv1 xsaves arat flush_l1d arch_capabilities
Online cpus:
0-1
Offline cpus:
2-127
BIOS frequency limitation:
<Not Available>
Frequency switch latency (ns):
<Not Available>
Available cpu frequencies:
<Not Available>
Current governor:
<Not Available>
Core performance/turbo boost:
<Not Available>

Memory: 4k page, physical 3983204k(150088k free), swap 2097148k(1368600k free)

vm_info: OpenJDK 64-Bit Server VM (11.0.19+7-post-Ubuntu-0ubuntu120.04.1) for linux-amd64 JRE (11.0.19+7-post-Ubuntu-0ubuntu120.04.1), built on May 10 2023 00:55:26 by "unknown" with gcc 9.4.0

END.
