#
# A fatal error has been detected by the Java Runtime Environment:
#
#  SIGSEGV (0xb) at pc=0x00007f9a66280ae4, pid=6669, tid=6670
#
# JRE version: OpenJDK Runtime Environment (11.0.19+7) (build 11.0.19+7-post-Ubuntu-0ubuntu120.04.1)
# Java VM: OpenJDK 64-Bit Server VM (11.0.19+7-post-Ubuntu-0ubuntu120.04.1, mixed mode, sharing, tiered, compressed oops, g1 gc, linux-amd64)
# Problematic frame:
# C  [libLLVM-13.so+0xd54ae4]  llvm::PointerType::get(llvm::Type*, unsigned int)+0x14
#
# Core dump will be written. Default location: Core dumps may be processed with "/usr/share/apport/apport -p%p -s%s -c%c -d%d -P%P -u%u -g%g -- %E" (or dumping to /home/qutx/Desktop/study/compile/Lab/core.6669)
#
# If you would like to submit a bug report, please visit:
#   https://bugs.launchpad.net/ubuntu/+source/openjdk-lts
# The crash happened outside the Java Virtual Machine in native code.
# See problematic frame for where to report the bug.
#

---------------  S U M M A R Y ------------

Command Line: -javaagent:/opt/idea-IC-223.8617.56/lib/idea_rt.jar=43607:/opt/idea-IC-223.8617.56/bin -Dfile.encoding=UTF-8 Main tests/test1.sysy

Host: Intel(R) Core(TM) i7-10750H CPU @ 2.60GHz, 2 cores, 3G, Ubuntu 20.04.6 LTS
Time: Thu Jun 29 14:54:33 2023 CST elapsed time: 0.953009 seconds (0d 0h 0m 0s)

---------------  T H R E A D  ---------------

Current thread (0x00007f9ac0017000):  JavaThread "main" [_thread_in_native, id=6670, stack(0x00007f9ac7263000,0x00007f9ac7364000)]

Stack: [0x00007f9ac7263000,0x00007f9ac7364000],  sp=0x00007f9ac7361970,  free space=1018k
Native frames: (J=compiled Java code, A=aot compiled Java code, j=interpreted, Vv=VM code, C=native code)
C  [libLLVM-13.so+0xd54ae4]  llvm::PointerType::get(llvm::Type*, unsigned int)+0x14

Java frames: (J=compiled Java code, j=interpreted, Vv=VM code)
j  org.bytedeco.llvm.global.LLVM.LLVMBuildGEP(Lorg/bytedeco/llvm/LLVM/LLVMBuilderRef;Lorg/bytedeco/llvm/LLVM/LLVMValueRef;Lorg/bytedeco/javacpp/PointerPointer;ILjava/lang/String;)Lorg/bytedeco/llvm/LLVM/LLVMValueRef;+0
j  LLVMVisitor.visitLVal(LSysYParser$LValContext;)Lorg/bytedeco/llvm/LLVM/LLVMValueRef;+241
j  LLVMVisitor.visitLVal(LSysYParser$LValContext;)Ljava/lang/Object;+2
j  SysYParser$LValContext.accept(Lorg/antlr/v4/runtime/tree/ParseTreeVisitor;)Ljava/lang/Object;+12
j  LLVMVisitor.visitLvalExp(LSysYParser$LvalExpContext;)Lorg/bytedeco/llvm/LLVM/LLVMValueRef;+5
j  LLVMVisitor.visitLvalExp(LSysYParser$LvalExpContext;)Ljava/lang/Object;+2
j  SysYParser$LvalExpContext.accept(Lorg/antlr/v4/runtime/tree/ParseTreeVisitor;)Ljava/lang/Object;+12
j  LLVMVisitor.visitReturnStmt(LSysYParser$ReturnStmtContext;)Lorg/bytedeco/llvm/LLVM/LLVMValueRef;+16
j  LLVMVisitor.visitReturnStmt(LSysYParser$ReturnStmtContext;)Ljava/lang/Object;+2
j  SysYParser$ReturnStmtContext.accept(Lorg/antlr/v4/runtime/tree/ParseTreeVisitor;)Ljava/lang/Object;+12
j  org.antlr.v4.runtime.tree.AbstractParseTreeVisitor.visitChildren(Lorg/antlr/v4/runtime/tree/RuleNode;)Ljava/lang/Object;+46
j  SysYParserBaseVisitor.visitBlockItem(LSysYParser$BlockItemContext;)Ljava/lang/Object;+2
j  SysYParser$BlockItemContext.accept(Lorg/antlr/v4/runtime/tree/ParseTreeVisitor;)Ljava/lang/Object;+12
j  org.antlr.v4.runtime.tree.AbstractParseTreeVisitor.visitChildren(Lorg/antlr/v4/runtime/tree/RuleNode;)Ljava/lang/Object;+46
j  SysYParserBaseVisitor.visitBlock(LSysYParser$BlockContext;)Ljava/lang/Object;+2
j  LLVMVisitor.visitBlock(LSysYParser$BlockContext;)Lorg/bytedeco/llvm/LLVM/LLVMValueRef;+43
j  LLVMVisitor.visitBlock(LSysYParser$BlockContext;)Ljava/lang/Object;+2
j  SysYParser$BlockContext.accept(Lorg/antlr/v4/runtime/tree/ParseTreeVisitor;)Ljava/lang/Object;+12
j  org.antlr.v4.runtime.tree.AbstractParseTreeVisitor.visitChildren(Lorg/antlr/v4/runtime/tree/RuleNode;)Ljava/lang/Object;+46
j  SysYParserBaseVisitor.visitFuncDef(LSysYParser$FuncDefContext;)Ljava/lang/Object;+2
j  LLVMVisitor.visitFuncDef(LSysYParser$FuncDefContext;)Lorg/bytedeco/llvm/LLVM/LLVMValueRef;+434
j  LLVMVisitor.visitFuncDef(LSysYParser$FuncDefContext;)Ljava/lang/Object;+2
j  SysYParser$FuncDefContext.accept(Lorg/antlr/v4/runtime/tree/ParseTreeVisitor;)Ljava/lang/Object;+12
j  org.antlr.v4.runtime.tree.AbstractParseTreeVisitor.visitChildren(Lorg/antlr/v4/runtime/tree/RuleNode;)Ljava/lang/Object;+46
j  SysYParserBaseVisitor.visitCompUnit(LSysYParser$CompUnitContext;)Ljava/lang/Object;+2
j  SysYParser$CompUnitContext.accept(Lorg/antlr/v4/runtime/tree/ParseTreeVisitor;)Ljava/lang/Object;+12
j  org.antlr.v4.runtime.tree.AbstractParseTreeVisitor.visitChildren(Lorg/antlr/v4/runtime/tree/RuleNode;)Ljava/lang/Object;+46
j  SysYParserBaseVisitor.visitProgram(LSysYParser$ProgramContext;)Ljava/lang/Object;+2
j  LLVMVisitor.visitProgram(LSysYParser$ProgramContext;)Lorg/bytedeco/llvm/LLVM/LLVMValueRef;+19
j  LLVMVisitor.visitProgram(LSysYParser$ProgramContext;)Ljava/lang/Object;+2
j  SysYParser$ProgramContext.accept(Lorg/antlr/v4/runtime/tree/ParseTreeVisitor;)Ljava/lang/Object;+12
j  org.antlr.v4.runtime.tree.AbstractParseTreeVisitor.visit(Lorg/antlr/v4/runtime/tree/ParseTree;)Ljava/lang/Object;+2
j  Main.main([Ljava/lang/String;)V+55
v  ~StubRoutines::call_stub

siginfo: si_signo: 11 (SIGSEGV), si_code: 1 (SEGV_MAPERR), si_addr: 0x0000000000000000

Register to memory mapping:

RAX=0x0 is NULL
RBX=0x0 is NULL
RCX=0x00007f9ac0369910 points into unknown readable memory: 0x00007f9ac0363300 | 00 33 36 c0 9a 7f 00 00
RDX=0x000000000000000f is an unknown value
RSP=0x00007f9ac7361970 is pointing into the stack for thread: 0x00007f9ac0017000
RBP=0x00007f9ac028f200 points into unknown readable memory: 0x00007f9ac0369910 | 10 99 36 c0 9a 7f 00 00
RSI=0x0 is NULL
RDI=0x0 is NULL
R8 =0x0 is NULL
R9 =0x00007f9ac0017000 is a thread
R10=0x0 is NULL
R11=0x00000000000003d8 is an unknown value
R12=0x0 is NULL
R13=0x00007f9ac037f5a0 points into unknown readable memory: 0x00007f9ac0365870 | 70 58 36 c0 9a 7f 00 00
R14=0x0000000000000002 is an unknown value
R15=0x00007f9ac03698e0 points into unknown readable memory: 0x00007f9ac0363300 | 00 33 36 c0 9a 7f 00 00


Registers:
RAX=0x0000000000000000, RBX=0x0000000000000000, RCX=0x00007f9ac0369910, RDX=0x000000000000000f
RSP=0x00007f9ac7361970, RBP=0x00007f9ac028f200, RSI=0x0000000000000000, RDI=0x0000000000000000
R8 =0x0000000000000000, R9 =0x00007f9ac0017000, R10=0x0000000000000000, R11=0x00000000000003d8
R12=0x0000000000000000, R13=0x00007f9ac037f5a0, R14=0x0000000000000002, R15=0x00007f9ac03698e0
RIP=0x00007f9a66280ae4, EFLAGS=0x0000000000010202, CSGSFS=0x002b000000000033, ERR=0x0000000000000004
  TRAPNO=0x000000000000000e

Top of Stack: (sp=0x00007f9ac7361970)
0x00007f9ac7361970:   00007f9ac0017348 00007f9a984e1546
0x00007f9ac7361980:   00000000000000b0 0000000000000003
0x00007f9ac7361990:   00007f9ac7361b88 00007f9ac0339dd0
0x00007f9ac73619a0:   00007f9ac028f200 00007f9ac037ff10 

Instructions: (pc=0x00007f9a66280ae4)
0x00007f9a662809e4:   00 e0 ff ff 75 07 48 85 c9 49 0f 44 c8 45 01 d1
0x00007f9a662809f4:   45 8d 5a 01 41 21 f9 45 89 c8 49 c1 e0 04 49 01
0x00007f9a66280a04:   c0 49 8b 10 48 85 d2 0f 85 85 00 00 00 4c 89 c0
0x00007f9a66280a14:   e9 e7 f6 ff ff 8b 83 f8 08 00 00 8d 48 01 48 85
0x00007f9a66280a24:   ff 0f 84 fc f6 ff ff 48 8b 07 48 89 fa e9 57 f2
0x00007f9a66280a34:   ff ff 48 85 ff 75 0b 48 81 f9 00 e0 ff ff 49 0f
0x00007f9a66280a44:   44 f8 45 01 d1 45 8d 5a 01 41 21 d1 45 89 c8 49
0x00007f9a66280a54:   c1 e0 04 49 01 c0 49 8b 08 48 85 c9 74 af 45 89
0x00007f9a66280a64:   da e9 3f fc ff ff 48 81 ff 00 e0 ff ff 0f 85 a4
0x00007f9a66280a74:   f7 ff ff 83 7a 08 fe 0f 85 9a f7 ff ff 4d 85 c0
0x00007f9a66280a84:   4c 0f 44 c2 e9 8e f7 ff ff 89 54 24 08 e9 ee fd
0x00007f9a66280a94:   ff ff 45 89 da e9 42 fe ff ff 48 81 fe 00 e0 ff
0x00007f9a66280aa4:   ff 0f 85 51 fa ff ff 83 7a 08 fe 0f 85 47 fa ff
0x00007f9a66280ab4:   ff 48 85 ff 48 0f 44 fa e9 3b fa ff ff e9 c7 42
0x00007f9a66280ac4:   bd ff 66 2e 0f 1f 84 00 00 00 00 00 41 57 41 56
0x00007f9a66280ad4:   41 55 41 54 41 89 f4 55 53 48 89 fb 48 83 ec 28
0x00007f9a66280ae4:   48 8b 3f 48 8b 2f 80 bd d0 08 00 00 00 75 7d 80
0x00007f9a66280af4:   7b 08 0f 75 07 48 83 7b 18 00 74 70 45 85 e4 0f
0x00007f9a66280b04:   85 87 00 00 00 44 8b bd e8 08 00 00 4c 8b ad d8
0x00007f9a66280b14:   08 00 00 45 85 ff 0f 84 50 01 00 00 41 89 de 89
0x00007f9a66280b24:   d8 45 8d 47 ff c1 e8 09 41 c1 ee 04 41 31 c6 44
0x00007f9a66280b34:   89 f7 44 21 c7 89 f8 48 c1 e0 04 49 8d 54 05 00
0x00007f9a66280b44:   48 8b 32 48 39 de 0f 85 70 07 00 00 48 8b 42 08
0x00007f9a66280b54:   4c 8d 72 08 48 85 c0 0f 84 b4 02 00 00 48 83 c4
0x00007f9a66280b64:   28 5b 5d 41 5c 41 5d 41 5e 41 5f c3 48 83 c4 28
0x00007f9a66280b74:   44 89 e6 5b 5d 41 5c 41 5d 41 5e 41 5f e9 ba ef
0x00007f9a66280b84:   ff ff 66 2e 0f 1f 84 00 00 00 00 00 44 8b bd 00
0x00007f9a66280b94:   09 00 00 4c 8b ad f0 08 00 00 45 85 ff 0f 84 51
0x00007f9a66280ba4:   03 00 00 89 d8 89 da 41 8d 77 ff 41 b8 01 00 00
0x00007f9a66280bb4:   00 c1 ea 09 c1 e8 04 89 f7 31 d0 43 8d 14 e4 41
0x00007f9a66280bc4:   8d 14 94 48 c1 e0 20 48 09 d0 48 c1 e2 20 48 83
0x00007f9a66280bd4:   e8 01 48 29 d0 48 89 c2 48 c1 ea 16 48 31 d0 48 


Stack slot to memory mapping:
stack at sp + 0 slots: 0x00007f9ac0017348 points into unknown readable memory: 0x00007f9ac88ecb40 | 40 cb 8e c8 9a 7f 00 00
stack at sp + 1 slots: 0x00007f9a984e1546: _ZN7JNIEnv_16CallObjectMethodEP8_jobjectP10_jmethodIDz+0x0000000000000086 in /home/qutx/.javacpp/cache/llvm-13.0.1-1.5.7-linux-x86_64.jar/org/bytedeco/llvm/linux-x86_64/libjniLLVM.so at 0x00007f9a98415000
stack at sp + 2 slots: 0x00000000000000b0 is an unknown value
stack at sp + 3 slots: 0x0000000000000003 is an unknown value
stack at sp + 4 slots: 0x00007f9ac7361b88 is pointing into the stack for thread: 0x00007f9ac0017000
stack at sp + 5 slots: 0x00007f9ac0339dd0 points into unknown readable memory: 0x00007f9ac0339de0 | e0 9d 33 c0 9a 7f 00 00
stack at sp + 6 slots: 0x00007f9ac028f200 points into unknown readable memory: 0x00007f9ac0369910 | 10 99 36 c0 9a 7f 00 00
stack at sp + 7 slots: 0x00007f9ac037ff10 points into unknown readable memory: 0x2e352e312d707063 | 63 70 70 2d 31 2e 35 2e


---------------  P R O C E S S  ---------------

Threads class SMR info:
_java_thread_list=0x00007f9ac027bcc0, length=11, elements={
0x00007f9ac0017000, 0x00007f9ac011e800, 0x00007f9ac0120800, 0x00007f9ac0127000,
0x00007f9ac0129000, 0x00007f9ac012b000, 0x00007f9ac012d800, 0x00007f9ac012f000,
0x00007f9ac0144800, 0x00007f9ac01f3000, 0x00007f9ac0290000
}

Java Threads: ( => current thread )
=>0x00007f9ac0017000 JavaThread "main" [_thread_in_native, id=6670, stack(0x00007f9ac7263000,0x00007f9ac7364000)]
  0x00007f9ac011e800 JavaThread "Reference Handler" daemon [_thread_blocked, id=6685, stack(0x00007f9aa86f4000,0x00007f9aa87f5000)]
  0x00007f9ac0120800 JavaThread "Finalizer" daemon [_thread_blocked, id=6686, stack(0x00007f9aa85f3000,0x00007f9aa86f4000)]
  0x00007f9ac0127000 JavaThread "Signal Dispatcher" daemon [_thread_blocked, id=6687, stack(0x00007f9aa84f2000,0x00007f9aa85f3000)]
  0x00007f9ac0129000 JavaThread "Service Thread" daemon [_thread_blocked, id=6689, stack(0x00007f9aa83f1000,0x00007f9aa84f2000)]
  0x00007f9ac012b000 JavaThread "C2 CompilerThread0" daemon [_thread_blocked, id=6690, stack(0x00007f9aa82f0000,0x00007f9aa83f1000)]
  0x00007f9ac012d800 JavaThread "C1 CompilerThread0" daemon [_thread_blocked, id=6691, stack(0x00007f9aa81ef000,0x00007f9aa82f0000)]
  0x00007f9ac012f000 JavaThread "Sweeper thread" daemon [_thread_blocked, id=6692, stack(0x00007f9aa80ee000,0x00007f9aa81ef000)]
  0x00007f9ac0144800 JavaThread "Common-Cleaner" daemon [_thread_blocked, id=6694, stack(0x00007f9a98921000,0x00007f9a98a22000)]
  0x00007f9ac01f3000 JavaThread "Monitor Ctrl-Break" daemon [_thread_in_native, id=6695, stack(0x00007f9a98820000,0x00007f9a98921000)]
  0x00007f9ac0290000 JavaThread "JavaCPP Deallocator" daemon [_thread_blocked, id=6698, stack(0x00007f9a9851b000,0x00007f9a9861c000)]

Other Threads:
  0x00007f9ac011b800 VMThread "VM Thread" [stack: 0x00007f9ac4100000,0x00007f9ac4200000] [id=6684]
  0x00007f9ac01f4800 WatcherThread [stack: 0x00007f9a98720000,0x00007f9a98820000] [id=6696]
  0x00007f9ac002e800 GCTaskThread "GC Thread#0" [stack: 0x00007f9ac6f0a000,0x00007f9ac700a000] [id=6679]
  0x00007f9a90001000 GCTaskThread "GC Thread#1" [stack: 0x00007f9a9861e000,0x00007f9a9871e000] [id=6697]
  0x00007f9ac0049800 ConcurrentGCThread "G1 Main Marker" [stack: 0x00007f9ac47e6000,0x00007f9ac48e6000] [id=6680]
  0x00007f9ac004b000 ConcurrentGCThread "G1 Conc#0" [stack: 0x00007f9ac46e4000,0x00007f9ac47e4000] [id=6681]
  0x00007f9ac0086800 ConcurrentGCThread "G1 Refine#0" [stack: 0x00007f9ac43e0000,0x00007f9ac44e0000] [id=6682]
  0x00007f9ac0088800 ConcurrentGCThread "G1 Young RemSet Sampling" [stack: 0x00007f9ac42de000,0x00007f9ac43de000] [id=6683]

Threads with active compile tasks:

VM state:not at safepoint (normal execution)

VM Mutex/Monitor currently owned by a thread: None

Heap address: 0x00000000c3600000, size: 970 MB, Compressed Oops mode: 32-bit
Narrow klass base: 0x0000000800000000, Narrow klass shift: 3
Compressed class space size: 1073741824 Address: 0x0000000840000000

Heap:
 garbage-first heap   total 65536K, used 6437K [0x00000000c3600000, 0x0000000100000000)
  region size 1024K, 6 young (6144K), 1 survivors (1024K)
 Metaspace       used 4257K, capacity 6729K, committed 6912K, reserved 1056768K
  class space    used 475K, capacity 714K, committed 768K, reserved 1048576K
Heap Regions: E=young(eden), S=young(survivor), O=old, HS=humongous(starts), HC=humongous(continues), CS=collection set, F=free, A=archive, TAMS=top-at-mark-start (previous, next)
|   0|0x00000000c3600000, 0x00000000c3697600, 0x00000000c3700000| 59%| O|  |TAMS 0x00000000c3600000, 0x00000000c3600000| Untracked 
|   1|0x00000000c3700000, 0x00000000c3700000, 0x00000000c3800000|  0%| F|  |TAMS 0x00000000c3700000, 0x00000000c3700000| Untracked 
|   2|0x00000000c3800000, 0x00000000c3800000, 0x00000000c3900000|  0%| F|  |TAMS 0x00000000c3800000, 0x00000000c3800000| Untracked 
|   3|0x00000000c3900000, 0x00000000c3900000, 0x00000000c3a00000|  0%| F|  |TAMS 0x00000000c3900000, 0x00000000c3900000| Untracked 
|   4|0x00000000c3a00000, 0x00000000c3a00000, 0x00000000c3b00000|  0%| F|  |TAMS 0x00000000c3a00000, 0x00000000c3a00000| Untracked 
|   5|0x00000000c3b00000, 0x00000000c3b00000, 0x00000000c3c00000|  0%| F|  |TAMS 0x00000000c3b00000, 0x00000000c3b00000| Untracked 
|   6|0x00000000c3c00000, 0x00000000c3c00000, 0x00000000c3d00000|  0%| F|  |TAMS 0x00000000c3c00000, 0x00000000c3c00000| Untracked 
|   7|0x00000000c3d00000, 0x00000000c3d00000, 0x00000000c3e00000|  0%| F|  |TAMS 0x00000000c3d00000, 0x00000000c3d00000| Untracked 
|   8|0x00000000c3e00000, 0x00000000c3e00000, 0x00000000c3f00000|  0%| F|  |TAMS 0x00000000c3e00000, 0x00000000c3e00000| Untracked 
|   9|0x00000000c3f00000, 0x00000000c3f00000, 0x00000000c4000000|  0%| F|  |TAMS 0x00000000c3f00000, 0x00000000c3f00000| Untracked 
|  10|0x00000000c4000000, 0x00000000c4000000, 0x00000000c4100000|  0%| F|  |TAMS 0x00000000c4000000, 0x00000000c4000000| Untracked 
|  11|0x00000000c4100000, 0x00000000c4100000, 0x00000000c4200000|  0%| F|  |TAMS 0x00000000c4100000, 0x00000000c4100000| Untracked 
|  12|0x00000000c4200000, 0x00000000c4200000, 0x00000000c4300000|  0%| F|  |TAMS 0x00000000c4200000, 0x00000000c4200000| Untracked 
|  13|0x00000000c4300000, 0x00000000c4300000, 0x00000000c4400000|  0%| F|  |TAMS 0x00000000c4300000, 0x00000000c4300000| Untracked 
|  14|0x00000000c4400000, 0x00000000c4400000, 0x00000000c4500000|  0%| F|  |TAMS 0x00000000c4400000, 0x00000000c4400000| Untracked 
|  15|0x00000000c4500000, 0x00000000c4500000, 0x00000000c4600000|  0%| F|  |TAMS 0x00000000c4500000, 0x00000000c4500000| Untracked 
|  16|0x00000000c4600000, 0x00000000c4600000, 0x00000000c4700000|  0%| F|  |TAMS 0x00000000c4600000, 0x00000000c4600000| Untracked 
|  17|0x00000000c4700000, 0x00000000c4700000, 0x00000000c4800000|  0%| F|  |TAMS 0x00000000c4700000, 0x00000000c4700000| Untracked 
|  18|0x00000000c4800000, 0x00000000c4800000, 0x00000000c4900000|  0%| F|  |TAMS 0x00000000c4800000, 0x00000000c4800000| Untracked 
|  19|0x00000000c4900000, 0x00000000c4900000, 0x00000000c4a00000|  0%| F|  |TAMS 0x00000000c4900000, 0x00000000c4900000| Untracked 
|  20|0x00000000c4a00000, 0x00000000c4a00000, 0x00000000c4b00000|  0%| F|  |TAMS 0x00000000c4a00000, 0x00000000c4a00000| Untracked 
|  21|0x00000000c4b00000, 0x00000000c4b00000, 0x00000000c4c00000|  0%| F|  |TAMS 0x00000000c4b00000, 0x00000000c4b00000| Untracked 
|  22|0x00000000c4c00000, 0x00000000c4c00000, 0x00000000c4d00000|  0%| F|  |TAMS 0x00000000c4c00000, 0x00000000c4c00000| Untracked 
|  23|0x00000000c4d00000, 0x00000000c4d00000, 0x00000000c4e00000|  0%| F|  |TAMS 0x00000000c4d00000, 0x00000000c4d00000| Untracked 
|  24|0x00000000c4e00000, 0x00000000c4e00000, 0x00000000c4f00000|  0%| F|  |TAMS 0x00000000c4e00000, 0x00000000c4e00000| Untracked 
|  25|0x00000000c4f00000, 0x00000000c4f00000, 0x00000000c5000000|  0%| F|  |TAMS 0x00000000c4f00000, 0x00000000c4f00000| Untracked 
|  26|0x00000000c5000000, 0x00000000c5000000, 0x00000000c5100000|  0%| F|  |TAMS 0x00000000c5000000, 0x00000000c5000000| Untracked 
|  27|0x00000000c5100000, 0x00000000c5100000, 0x00000000c5200000|  0%| F|  |TAMS 0x00000000c5100000, 0x00000000c5100000| Untracked 
|  28|0x00000000c5200000, 0x00000000c5200000, 0x00000000c5300000|  0%| F|  |TAMS 0x00000000c5200000, 0x00000000c5200000| Untracked 
|  29|0x00000000c5300000, 0x00000000c5300000, 0x00000000c5400000|  0%| F|  |TAMS 0x00000000c5300000, 0x00000000c5300000| Untracked 
|  30|0x00000000c5400000, 0x00000000c5400000, 0x00000000c5500000|  0%| F|  |TAMS 0x00000000c5400000, 0x00000000c5400000| Untracked 
|  31|0x00000000c5500000, 0x00000000c5500000, 0x00000000c5600000|  0%| F|  |TAMS 0x00000000c5500000, 0x00000000c5500000| Untracked 
|  32|0x00000000c5600000, 0x00000000c5600000, 0x00000000c5700000|  0%| F|  |TAMS 0x00000000c5600000, 0x00000000c5600000| Untracked 
|  33|0x00000000c5700000, 0x00000000c5700000, 0x00000000c5800000|  0%| F|  |TAMS 0x00000000c5700000, 0x00000000c5700000| Untracked 
|  34|0x00000000c5800000, 0x00000000c5800000, 0x00000000c5900000|  0%| F|  |TAMS 0x00000000c5800000, 0x00000000c5800000| Untracked 
|  35|0x00000000c5900000, 0x00000000c5900000, 0x00000000c5a00000|  0%| F|  |TAMS 0x00000000c5900000, 0x00000000c5900000| Untracked 
|  36|0x00000000c5a00000, 0x00000000c5a00000, 0x00000000c5b00000|  0%| F|  |TAMS 0x00000000c5a00000, 0x00000000c5a00000| Untracked 
|  37|0x00000000c5b00000, 0x00000000c5b00000, 0x00000000c5c00000|  0%| F|  |TAMS 0x00000000c5b00000, 0x00000000c5b00000| Untracked 
|  38|0x00000000c5c00000, 0x00000000c5c00000, 0x00000000c5d00000|  0%| F|  |TAMS 0x00000000c5c00000, 0x00000000c5c00000| Untracked 
|  39|0x00000000c5d00000, 0x00000000c5d00000, 0x00000000c5e00000|  0%| F|  |TAMS 0x00000000c5d00000, 0x00000000c5d00000| Untracked 
|  40|0x00000000c5e00000, 0x00000000c5e00000, 0x00000000c5f00000|  0%| F|  |TAMS 0x00000000c5e00000, 0x00000000c5e00000| Untracked 
|  41|0x00000000c5f00000, 0x00000000c5f00000, 0x00000000c6000000|  0%| F|  |TAMS 0x00000000c5f00000, 0x00000000c5f00000| Untracked 
|  42|0x00000000c6000000, 0x00000000c6000000, 0x00000000c6100000|  0%| F|  |TAMS 0x00000000c6000000, 0x00000000c6000000| Untracked 
|  43|0x00000000c6100000, 0x00000000c6100000, 0x00000000c6200000|  0%| F|  |TAMS 0x00000000c6100000, 0x00000000c6100000| Untracked 
|  44|0x00000000c6200000, 0x00000000c6200000, 0x00000000c6300000|  0%| F|  |TAMS 0x00000000c6200000, 0x00000000c6200000| Untracked 
|  45|0x00000000c6300000, 0x00000000c6300000, 0x00000000c6400000|  0%| F|  |TAMS 0x00000000c6300000, 0x00000000c6300000| Untracked 
|  46|0x00000000c6400000, 0x00000000c6400000, 0x00000000c6500000|  0%| F|  |TAMS 0x00000000c6400000, 0x00000000c6400000| Untracked 
|  47|0x00000000c6500000, 0x00000000c6500000, 0x00000000c6600000|  0%| F|  |TAMS 0x00000000c6500000, 0x00000000c6500000| Untracked 
|  48|0x00000000c6600000, 0x00000000c6600000, 0x00000000c6700000|  0%| F|  |TAMS 0x00000000c6600000, 0x00000000c6600000| Untracked 
|  49|0x00000000c6700000, 0x00000000c6700000, 0x00000000c6800000|  0%| F|  |TAMS 0x00000000c6700000, 0x00000000c6700000| Untracked 
|  50|0x00000000c6800000, 0x00000000c6800000, 0x00000000c6900000|  0%| F|  |TAMS 0x00000000c6800000, 0x00000000c6800000| Untracked 
|  51|0x00000000c6900000, 0x00000000c6900000, 0x00000000c6a00000|  0%| F|  |TAMS 0x00000000c6900000, 0x00000000c6900000| Untracked 
|  52|0x00000000c6a00000, 0x00000000c6a00000, 0x00000000c6b00000|  0%| F|  |TAMS 0x00000000c6a00000, 0x00000000c6a00000| Untracked 
|  53|0x00000000c6b00000, 0x00000000c6b00000, 0x00000000c6c00000|  0%| F|  |TAMS 0x00000000c6b00000, 0x00000000c6b00000| Untracked 
|  54|0x00000000c6c00000, 0x00000000c6d00000, 0x00000000c6d00000|100%| S|CS|TAMS 0x00000000c6c00000, 0x00000000c6c00000| Complete 
|  55|0x00000000c6d00000, 0x00000000c6d00000, 0x00000000c6e00000|  0%| F|  |TAMS 0x00000000c6d00000, 0x00000000c6d00000| Untracked 
|  56|0x00000000c6e00000, 0x00000000c6e00000, 0x00000000c6f00000|  0%| F|  |TAMS 0x00000000c6e00000, 0x00000000c6e00000| Untracked 
|  57|0x00000000c6f00000, 0x00000000c7000000, 0x00000000c7000000|100%| E|  |TAMS 0x00000000c6f00000, 0x00000000c6f00000| Complete 
|  58|0x00000000c7000000, 0x00000000c7100000, 0x00000000c7100000|100%| E|CS|TAMS 0x00000000c7000000, 0x00000000c7000000| Complete 
|  59|0x00000000c7100000, 0x00000000c7200000, 0x00000000c7200000|100%| E|CS|TAMS 0x00000000c7100000, 0x00000000c7100000| Complete 
|  60|0x00000000c7200000, 0x00000000c7300000, 0x00000000c7300000|100%| E|CS|TAMS 0x00000000c7200000, 0x00000000c7200000| Complete 
|  61|0x00000000c7300000, 0x00000000c7400000, 0x00000000c7400000|100%| E|CS|TAMS 0x00000000c7300000, 0x00000000c7300000| Complete 
| 968|0x00000000ffe00000, 0x00000000ffe47000, 0x00000000fff00000| 27%|OA|  |TAMS 0x00000000ffe00000, 0x00000000ffe00000| Untracked 
| 969|0x00000000fff00000, 0x00000000fff6b000, 0x0000000100000000| 41%|CA|  |TAMS 0x00000000fff00000, 0x00000000fff00000| Untracked 

Card table byte_map: [0x00007f9ac693c000,0x00007f9ac6b21000] _byte_map_base: 0x00007f9ac6321000

Marking Bits (Prev, Next): (CMBitMap*) 0x00007f9ac0044b08, (CMBitMap*) 0x00007f9ac0044b40
 Prev Bits: [0x00007f9ac582f000, 0x00007f9ac6757000)
 Next Bits: [0x00007f9ac4907000, 0x00007f9ac582f000)

Polling page: 0x00007f9ac7220000

Metaspace:

Usage:
  Non-class:      5.87 MB capacity,     3.69 MB ( 63%) used,     2.17 MB ( 37%) free+waste,     9.00 KB ( <1%) overhead. 
      Class:    714.00 KB capacity,   475.09 KB ( 67%) used,   233.97 KB ( 33%) free+waste,     4.94 KB ( <1%) overhead. 
       Both:      6.57 MB capacity,     4.16 MB ( 63%) used,     2.40 MB ( 37%) free+waste,    13.94 KB ( <1%) overhead. 

Virtual space:
  Non-class space:        8.00 MB reserved,       6.00 MB ( 75%) committed 
      Class space:        1.00 GB reserved,     768.00 KB ( <1%) committed 
             Both:        1.01 GB reserved,       6.75 MB ( <1%) committed 

Chunk freelists:
   Non-Class:  1.00 KB
       Class:  0 bytes
        Both:  1.00 KB

MaxMetaspaceSize: unlimited
CompressedClassSpaceSize: 1.00 GB
Initial GC threshold: 20.80 MB
Current GC threshold: 20.80 MB
CDS: on

CodeHeap 'non-profiled nmethods': size=120036Kb used=271Kb max_used=271Kb free=119764Kb
 bounds [0x00007f9ab02bc000, 0x00007f9ab052c000, 0x00007f9ab77f5000]
CodeHeap 'profiled nmethods': size=120032Kb used=1621Kb max_used=1621Kb free=118410Kb
 bounds [0x00007f9aa8d84000, 0x00007f9aa8ff4000, 0x00007f9ab02bc000]
CodeHeap 'non-nmethods': size=5692Kb used=1152Kb max_used=1165Kb free=4539Kb
 bounds [0x00007f9aa87f5000, 0x00007f9aa8a65000, 0x00007f9aa8d84000]
 total_blobs=1329 nmethods=914 adapters=329
 compilation: enabled
              stopped_count=0, restarted_count=0
 full_count=0

Compilation events (20 events):
Event: 0.934 Thread 0x00007f9ac012d800  897       3       jdk.internal.org.objectweb.asm.ClassWriter::newFieldItem (77 bytes)
Event: 0.935 Thread 0x00007f9ac012d800 nmethod 897 0x00007f9aa8f12110 code [0x00007f9aa8f12360, 0x00007f9aa8f128b0]
Event: 0.936 Thread 0x00007f9ac012d800  901   !   3       java.lang.invoke.MemberName$Factory::resolve (157 bytes)
Event: 0.940 Thread 0x00007f9ac012d800 nmethod 901 0x00007f9aa8f12c10 code [0x00007f9aa8f12e40, 0x00007f9aa8f13500]
Event: 0.941 Thread 0x00007f9ac012d800  905       3       java.lang.String::<init> (55 bytes)
Event: 0.941 Thread 0x00007f9ac012d800 nmethod 905 0x00007f9aa8f13810 code [0x00007f9aa8f13a00, 0x00007f9aa8f13d80]
Event: 0.942 Thread 0x00007f9ac012d800  906   !   3       java.lang.StringCoding::decode (362 bytes)
Event: 0.943 Thread 0x00007f9ac012d800 nmethod 906 0x00007f9aa8f13f10 code [0x00007f9aa8f14400, 0x00007f9aa8f16f10]
Event: 0.944 Thread 0x00007f9ac012d800  908       3       java.lang.StringCoding$Result::with (12 bytes)
Event: 0.944 Thread 0x00007f9ac012d800 nmethod 908 0x00007f9aa8f17d10 code [0x00007f9aa8f17ec0, 0x00007f9aa8f18030]
Event: 0.944 Thread 0x00007f9ac012d800  909       3       org.antlr.v4.runtime.misc.Interval::of (54 bytes)
Event: 0.944 Thread 0x00007f9ac012d800 nmethod 909 0x00007f9aa8f18090 code [0x00007f9aa8f18280, 0x00007f9aa8f188b0]
Event: 0.945 Thread 0x00007f9ac012d800  910       3       org.antlr.v4.runtime.ParserRuleContext::getChildCount (21 bytes)
Event: 0.945 Thread 0x00007f9ac012d800 nmethod 910 0x00007f9aa8f18b10 code [0x00007f9aa8f18ce0, 0x00007f9aa8f18f20]
Event: 0.945 Thread 0x00007f9ac012d800  911       1       org.antlr.v4.runtime.CodePointCharStream::size (5 bytes)
Event: 0.946 Thread 0x00007f9ac012d800 nmethod 911 0x00007f9ab02ff490 code [0x00007f9ab02ff640, 0x00007f9ab02ff710]
Event: 0.946 Thread 0x00007f9ac012d800  912       1       org.antlr.v4.runtime.tree.AbstractParseTreeVisitor::shouldVisitNextChild (2 bytes)
Event: 0.946 Thread 0x00007f9ac012d800 nmethod 912 0x00007f9ab02ff790 code [0x00007f9ab02ff940, 0x00007f9ab02ffa10]
Event: 0.946 Thread 0x00007f9ac012d800  913       3       java.lang.Class::cast (27 bytes)
Event: 0.946 Thread 0x00007f9ac012d800 nmethod 913 0x00007f9aa8f19010 code [0x00007f9aa8f191e0, 0x00007f9aa8f194b0]

GC Heap History (2 events):
Event: 0.576 GC heap before
{Heap before GC invocations=0 (full 0):
 garbage-first heap   total 65536K, used 7880K [0x00000000c3600000, 0x0000000100000000)
  region size 1024K, 7 young (7168K), 0 survivors (0K)
 Metaspace       used 3405K, capacity 6229K, committed 6528K, reserved 1056768K
  class space    used 338K, capacity 586K, committed 640K, reserved 1048576K
}
Event: 0.592 GC heap after
{Heap after GC invocations=1 (full 0):
 garbage-first heap   total 65536K, used 2341K [0x00000000c3600000, 0x0000000100000000)
  region size 1024K, 1 young (1024K), 1 survivors (1024K)
 Metaspace       used 3405K, capacity 6229K, committed 6528K, reserved 1056768K
  class space    used 338K, capacity 586K, committed 640K, reserved 1048576K
}

Deoptimization events (20 events):
Event: 0.716 Thread 0x00007f9ac0017000 DEOPT PACKING pc=0x00007f9aa8dbc2cf sp=0x00007f9ac7361690
Event: 0.716 Thread 0x00007f9ac0017000 DEOPT UNPACKING pc=0x00007f9aa883f64a sp=0x00007f9ac7360b50 mode 0
Event: 0.716 Thread 0x00007f9ac0017000 DEOPT PACKING pc=0x00007f9aa8e763e6 sp=0x00007f9ac7361570
Event: 0.716 Thread 0x00007f9ac0017000 DEOPT UNPACKING pc=0x00007f9aa883f64a sp=0x00007f9ac73609e0 mode 0
Event: 0.846 Thread 0x00007f9ac0017000 Uncommon trap: trap_request=0xffffffc6 fr.pc=0x00007f9ab02c6524 relative=0x0000000000000084
Event: 0.846 Thread 0x00007f9ac0017000 Uncommon trap: reason=bimorphic_or_optimized_type_check action=maybe_recompile pc=0x00007f9ab02c6524 method=java.util.AbstractCollection.isEmpty()Z @ 1 c2
Event: 0.846 Thread 0x00007f9ac0017000 DEOPT PACKING pc=0x00007f9ab02c6524 sp=0x00007f9ac7361220
Event: 0.846 Thread 0x00007f9ac0017000 DEOPT UNPACKING pc=0x00007f9aa883eea5 sp=0x00007f9ac73611d0 mode 2
Event: 0.846 Thread 0x00007f9ac0017000 Uncommon trap: trap_request=0xffffffc6 fr.pc=0x00007f9ab02c6524 relative=0x0000000000000084
Event: 0.846 Thread 0x00007f9ac0017000 Uncommon trap: reason=bimorphic_or_optimized_type_check action=maybe_recompile pc=0x00007f9ab02c6524 method=java.util.AbstractCollection.isEmpty()Z @ 1 c2
Event: 0.846 Thread 0x00007f9ac0017000 DEOPT PACKING pc=0x00007f9ab02c6524 sp=0x00007f9ac73613f0
Event: 0.846 Thread 0x00007f9ac0017000 DEOPT UNPACKING pc=0x00007f9aa883eea5 sp=0x00007f9ac73613a0 mode 2
Event: 0.849 Thread 0x00007f9ac0017000 Uncommon trap: trap_request=0xffffffc6 fr.pc=0x00007f9ab02c6524 relative=0x0000000000000084
Event: 0.849 Thread 0x00007f9ac0017000 Uncommon trap: reason=bimorphic_or_optimized_type_check action=maybe_recompile pc=0x00007f9ab02c6524 method=java.util.AbstractCollection.isEmpty()Z @ 1 c2
Event: 0.849 Thread 0x00007f9ac0017000 DEOPT PACKING pc=0x00007f9ab02c6524 sp=0x00007f9ac7361410
Event: 0.849 Thread 0x00007f9ac0017000 DEOPT UNPACKING pc=0x00007f9aa883eea5 sp=0x00007f9ac73613c0 mode 2
Event: 0.849 Thread 0x00007f9ac0017000 Uncommon trap: trap_request=0xffffffc6 fr.pc=0x00007f9ab02c6524 relative=0x0000000000000084
Event: 0.849 Thread 0x00007f9ac0017000 Uncommon trap: reason=bimorphic_or_optimized_type_check action=maybe_recompile pc=0x00007f9ab02c6524 method=java.util.AbstractCollection.isEmpty()Z @ 1 c2
Event: 0.849 Thread 0x00007f9ac0017000 DEOPT PACKING pc=0x00007f9ab02c6524 sp=0x00007f9ac7361220
Event: 0.849 Thread 0x00007f9ac0017000 DEOPT UNPACKING pc=0x00007f9aa883eea5 sp=0x00007f9ac73611d0 mode 2

Classes redefined (0 events):
No events

Internal exceptions (20 events):
Event: 0.199 Thread 0x00007f9ac0017000 Exception <a 'java/security/PrivilegedActionException'{0x00000000c72e8370}> (0x00000000c72e8370) thrown at [src/hotspot/share/prims/jvm.cpp, line 1304]
Event: 0.199 Thread 0x00007f9ac0017000 Exception <a 'java/security/PrivilegedActionException'{0x00000000c72e8640}> (0x00000000c72e8640) thrown at [src/hotspot/share/prims/jvm.cpp, line 1304]
Event: 0.200 Thread 0x00007f9ac0017000 Exception <a 'java/security/PrivilegedActionException'{0x00000000c72e8fc8}> (0x00000000c72e8fc8) thrown at [src/hotspot/share/prims/jvm.cpp, line 1304]
Event: 0.200 Thread 0x00007f9ac0017000 Exception <a 'java/security/PrivilegedActionException'{0x00000000c72e9298}> (0x00000000c72e9298) thrown at [src/hotspot/share/prims/jvm.cpp, line 1304]
Event: 0.200 Thread 0x00007f9ac0017000 Exception <a 'java/security/PrivilegedActionException'{0x00000000c72e9c20}> (0x00000000c72e9c20) thrown at [src/hotspot/share/prims/jvm.cpp, line 1304]
Event: 0.200 Thread 0x00007f9ac0017000 Exception <a 'java/security/PrivilegedActionException'{0x00000000c72e9ef0}> (0x00000000c72e9ef0) thrown at [src/hotspot/share/prims/jvm.cpp, line 1304]
Event: 0.200 Thread 0x00007f9ac0017000 Exception <a 'java/security/PrivilegedActionException'{0x00000000c72ea878}> (0x00000000c72ea878) thrown at [src/hotspot/share/prims/jvm.cpp, line 1304]
Event: 0.200 Thread 0x00007f9ac0017000 Exception <a 'java/security/PrivilegedActionException'{0x00000000c72eab48}> (0x00000000c72eab48) thrown at [src/hotspot/share/prims/jvm.cpp, line 1304]
Event: 0.200 Thread 0x00007f9ac0017000 Exception <a 'java/security/PrivilegedActionException'{0x00000000c72eb4b8}> (0x00000000c72eb4b8) thrown at [src/hotspot/share/prims/jvm.cpp, line 1304]
Event: 0.200 Thread 0x00007f9ac0017000 Exception <a 'java/security/PrivilegedActionException'{0x00000000c72eb788}> (0x00000000c72eb788) thrown at [src/hotspot/share/prims/jvm.cpp, line 1304]
Event: 0.202 Thread 0x00007f9ac0017000 Exception <a 'java/security/PrivilegedActionException'{0x00000000c72ec110}> (0x00000000c72ec110) thrown at [src/hotspot/share/prims/jvm.cpp, line 1304]
Event: 0.202 Thread 0x00007f9ac0017000 Exception <a 'java/security/PrivilegedActionException'{0x00000000c72ec3e0}> (0x00000000c72ec3e0) thrown at [src/hotspot/share/prims/jvm.cpp, line 1304]
Event: 0.500 Thread 0x00007f9ac0017000 Exception <a 'java/lang/NoSuchMethodError'{0x00000000c6d3bf38}: 'int java.lang.invoke.DirectMethodHandle$Holder.invokeStaticInit(java.lang.Object, java.lang.Object, java.lang.Object, java.lang.Object)'> (0x00000000c6d3bf38) thrown at [src/hotspot/share/interpreter/linkResolver.cpp, line 772]
Event: 0.502 Thread 0x00007f9ac0017000 Exception <a 'java/lang/IncompatibleClassChangeError'{0x00000000c6d45cb8}: Found class java.lang.Object, but interface was expected> (0x00000000c6d45cb8) thrown at [src/hotspot/share/interpreter/linkResolver.cpp, line 839]
Event: 0.503 Thread 0x00007f9ac0017000 Exception <a 'java/lang/NoSuchMethodError'{0x00000000c6d48e68}: 'void java.lang.invoke.DirectMethodHandle$Holder.invokeStaticInit(java.lang.Object, java.lang.Object)'> (0x00000000c6d48e68) thrown at [src/hotspot/share/interpreter/linkResolver.cpp, line 772]
Event: 0.504 Thread 0x00007f9ac0017000 Exception <a 'java/lang/NoSuchMethodError'{0x00000000c6d4e2d8}: 'int java.lang.invoke.DirectMethodHandle$Holder.invokeStaticInit(java.lang.Object, java.lang.Object)'> (0x00000000c6d4e2d8) thrown at [src/hotspot/share/interpreter/linkResolver.cpp, line 772]
Event: 0.913 Thread 0x00007f9ac0017000 Exception <a 'java/lang/NoSuchMethodError'{0x00000000c6f45910}: 'java.lang.Object java.lang.invoke.DirectMethodHandle$Holder.invokeStatic(java.lang.Object, java.lang.Object, java.lang.Object, java.lang.Object, java.lang.Object, java.lang.Object, java.lang.Object, java.lang.Object, java.lang.Object, java.lang.Object, java.lang.Object, int)'> (0x00000000c6f45910) thrown at [src/hotspot/share/interpreter/linkResolver.cpp, line 772]
Event: 0.925 Thread 0x00007f9ac0017000 Exception <a 'java/lang/NoSuchMethodError'{0x00000000c6f63e38}: 'java.lang.Object java.lang.invoke.DirectMethodHandle$Holder.invokeStatic(java.lang.Object, java.lang.Object, java.lang.Object, java.lang.Object, java.lang.Object, java.lang.Object, java.lang.Object, java.lang.Object, java.lang.Object, java.lang.Object, java.lang.Object, int, int)'> (0x00000000c6f63e38) thrown at [src/hotspot/share/interpreter/linkResolver.cpp, line 772]
Event: 0.930 Thread 0x00007f9ac0017000 Exception <a 'java/lang/NoSuchMethodError'{0x00000000c6f83348}: 'java.lang.Object java.lang.invoke.DirectMethodHandle$Holder.invokeStatic(java.lang.Object, java.lang.Object, java.lang.Object, java.lang.Object, java.lang.Object, java.lang.Object, java.lang.Object, java.lang.Object, java.lang.Object, java.lang.Object, java.lang.Object, int, int, java.lang.Object)'> (0x00000000c6f83348) thrown at [src/hotspot/share/interpreter/linkResolver.cpp, line 772]
Event: 0.940 Thread 0x00007f9ac0017000 Exception <a 'java/lang/NoSuchMethodError'{0x00000000c6f8f4a0}: 'java.lang.Object java.lang.invoke.Invokers$Holder.linkToTargetMethod(java.lang.Object, int, java.lang.Object)'> (0x00000000c6f8f4a0) thrown at [src/hotspot/share/interpreter/linkResolver.cpp, line 772]

Events (20 events):
Event: 0.862 loading class java/lang/invoke/BoundMethodHandle$Species_LLLLLL
Event: 0.862 loading class java/lang/invoke/BoundMethodHandle$Species_LLLLLL done
Event: 0.864 loading class java/lang/invoke/BoundMethodHandle$Species_LLLLLLI
Event: 0.864 loading class java/lang/invoke/BoundMethodHandle$Species_LLLLLLI done
Event: 0.866 loading class java/lang/invoke/BoundMethodHandle$Species_LLLLLLII
Event: 0.866 loading class java/lang/invoke/BoundMethodHandle$Species_LLLLLLII done
Event: 0.867 loading class java/lang/invoke/BoundMethodHandle$Species_LLLLLLIIL
Event: 0.868 loading class java/lang/invoke/BoundMethodHandle$Species_LLLLLLIIL done
Event: 0.881 loading class LocalScope
Event: 0.881 loading class LocalScope done
Event: 0.898 loading class java/lang/invoke/BoundMethodHandle$Species_LLLLLLL
Event: 0.898 loading class java/lang/invoke/BoundMethodHandle$Species_LLLLLLL done
Event: 0.900 loading class java/lang/invoke/BoundMethodHandle$Species_LLLLLLLL
Event: 0.900 loading class java/lang/invoke/BoundMethodHandle$Species_LLLLLLLL done
Event: 0.902 loading class java/lang/invoke/BoundMethodHandle$Species_LLLLLLLLI
Event: 0.902 loading class java/lang/invoke/BoundMethodHandle$Species_LLLLLLLLI done
Event: 0.914 loading class java/lang/invoke/BoundMethodHandle$Species_LLLLLLLLII
Event: 0.914 loading class java/lang/invoke/BoundMethodHandle$Species_LLLLLLLLII done
Event: 0.926 loading class java/lang/invoke/BoundMethodHandle$Species_LLLLLLLLIIL
Event: 0.926 loading class java/lang/invoke/BoundMethodHandle$Species_LLLLLLLLIIL done


Dynamic libraries:
c3600000-c7400000 rw-p 00000000 00:00 0 
c7400000-ffe00000 ---p 00000000 00:00 0 
ffe00000-ffe47000 rw-p 00b0a000 08:05 922150                             /usr/lib/jvm/java-11-openjdk-amd64/lib/server/classes.jsa
ffe47000-fff00000 rw-p 00000000 00:00 0 
fff00000-fff6b000 rw-p 00a9f000 08:05 922150                             /usr/lib/jvm/java-11-openjdk-amd64/lib/server/classes.jsa
fff6b000-100000000 rw-p 00000000 00:00 0 
800000000-800002000 rwxp 00001000 08:05 922150                           /usr/lib/jvm/java-11-openjdk-amd64/lib/server/classes.jsa
800002000-8003cc000 rw-p 00003000 08:05 922150                           /usr/lib/jvm/java-11-openjdk-amd64/lib/server/classes.jsa
8003cc000-800a9d000 r--p 003cd000 08:05 922150                           /usr/lib/jvm/java-11-openjdk-amd64/lib/server/classes.jsa
800a9d000-800a9e000 rw-p 00a9e000 08:05 922150                           /usr/lib/jvm/java-11-openjdk-amd64/lib/server/classes.jsa
840000000-8400c0000 rw-p 00000000 00:00 0 
8400c0000-880000000 ---p 00000000 00:00 0 
56472d727000-56472d728000 r--p 00000000 08:05 922046                     /usr/lib/jvm/java-11-openjdk-amd64/bin/java
56472d728000-56472d729000 r-xp 00001000 08:05 922046                     /usr/lib/jvm/java-11-openjdk-amd64/bin/java
56472d729000-56472d72a000 r--p 00002000 08:05 922046                     /usr/lib/jvm/java-11-openjdk-amd64/bin/java
56472d72a000-56472d72b000 r--p 00002000 08:05 922046                     /usr/lib/jvm/java-11-openjdk-amd64/bin/java
56472d72b000-56472d72c000 rw-p 00003000 08:05 922046                     /usr/lib/jvm/java-11-openjdk-amd64/bin/java
56472e76a000-56472e7ac000 rw-p 00000000 00:00 0                          [heap]
7f9a6552c000-7f9a65e52000 r--p 00000000 08:05 1461981                    /home/qutx/.javacpp/cache/llvm-13.0.1-1.5.7-linux-x86_64.jar/org/bytedeco/llvm/linux-x86_64/libLLVM-13.so
7f9a65e52000-7f9a69815000 r-xp 00926000 08:05 1461981                    /home/qutx/.javacpp/cache/llvm-13.0.1-1.5.7-linux-x86_64.jar/org/bytedeco/llvm/linux-x86_64/libLLVM-13.so
7f9a69815000-7f9a6ba6a000 r--p 042e9000 08:05 1461981                    /home/qutx/.javacpp/cache/llvm-13.0.1-1.5.7-linux-x86_64.jar/org/bytedeco/llvm/linux-x86_64/libLLVM-13.so
7f9a6ba6a000-7f9a6bf7f000 r--p 0653d000 08:05 1461981                    /home/qutx/.javacpp/cache/llvm-13.0.1-1.5.7-linux-x86_64.jar/org/bytedeco/llvm/linux-x86_64/libLLVM-13.so
7f9a6bf7f000-7f9a6bf8a000 rw-p 06a52000 08:05 1461981                    /home/qutx/.javacpp/cache/llvm-13.0.1-1.5.7-linux-x86_64.jar/org/bytedeco/llvm/linux-x86_64/libLLVM-13.so
7f9a6bf8a000-7f9a6c000000 rw-p 00000000 00:00 0 
7f9a6c000000-7f9a6c021000 rw-p 00000000 00:00 0 
7f9a6c021000-7f9a70000000 ---p 00000000 00:00 0 
7f9a70000000-7f9a70021000 rw-p 00000000 00:00 0 
7f9a70021000-7f9a74000000 ---p 00000000 00:00 0 
7f9a74000000-7f9a74237000 rw-p 00000000 00:00 0 
7f9a74237000-7f9a78000000 ---p 00000000 00:00 0 
7f9a78000000-7f9a784dc000 rw-p 00000000 00:00 0 
7f9a784dc000-7f9a7c000000 ---p 00000000 00:00 0 
7f9a7c000000-7f9a7c021000 rw-p 00000000 00:00 0 
7f9a7c021000-7f9a80000000 ---p 00000000 00:00 0 
7f9a80000000-7f9a80021000 rw-p 00000000 00:00 0 
7f9a80021000-7f9a84000000 ---p 00000000 00:00 0 
7f9a84000000-7f9a84021000 rw-p 00000000 00:00 0 
7f9a84021000-7f9a88000000 ---p 00000000 00:00 0 
7f9a88000000-7f9a88021000 rw-p 00000000 00:00 0 
7f9a88021000-7f9a8c000000 ---p 00000000 00:00 0 
7f9a8c000000-7f9a8c021000 rw-p 00000000 00:00 0 
7f9a8c021000-7f9a90000000 ---p 00000000 00:00 0 
7f9a90000000-7f9a90021000 rw-p 00000000 00:00 0 
7f9a90021000-7f9a94000000 ---p 00000000 00:00 0 
7f9a94000000-7f9a94021000 rw-p 00000000 00:00 0 
7f9a94021000-7f9a98000000 ---p 00000000 00:00 0 
7f9a98415000-7f9a9847a000 r--p 00000000 08:05 1461986                    /home/qutx/.javacpp/cache/llvm-13.0.1-1.5.7-linux-x86_64.jar/org/bytedeco/llvm/linux-x86_64/libjniLLVM.so
7f9a9847a000-7f9a984e8000 r-xp 00065000 08:05 1461986                    /home/qutx/.javacpp/cache/llvm-13.0.1-1.5.7-linux-x86_64.jar/org/bytedeco/llvm/linux-x86_64/libjniLLVM.so
7f9a984e8000-7f9a98513000 r--p 000d3000 08:05 1461986                    /home/qutx/.javacpp/cache/llvm-13.0.1-1.5.7-linux-x86_64.jar/org/bytedeco/llvm/linux-x86_64/libjniLLVM.so
7f9a98513000-7f9a98516000 r--p 000fd000 08:05 1461986                    /home/qutx/.javacpp/cache/llvm-13.0.1-1.5.7-linux-x86_64.jar/org/bytedeco/llvm/linux-x86_64/libjniLLVM.so
7f9a98516000-7f9a98519000 rw-p 00100000 08:05 1461986                    /home/qutx/.javacpp/cache/llvm-13.0.1-1.5.7-linux-x86_64.jar/org/bytedeco/llvm/linux-x86_64/libjniLLVM.so
7f9a98519000-7f9a9851b000 rw-p 00000000 00:00 0 
7f9a9851b000-7f9a9851f000 ---p 00000000 00:00 0 
7f9a9851f000-7f9a9861c000 rw-p 00000000 00:00 0 
7f9a9861c000-7f9a9861d000 ---p 00000000 00:00 0 
7f9a9861d000-7f9a9871e000 rw-p 00000000 00:00 0 
7f9a9871e000-7f9a9871f000 ---p 00000000 00:00 0 
7f9a9871f000-7f9a98820000 rw-p 00000000 00:00 0 
7f9a98820000-7f9a98824000 ---p 00000000 00:00 0 
7f9a98824000-7f9a98921000 rw-p 00000000 00:00 0 
7f9a98921000-7f9a98925000 ---p 00000000 00:00 0 
7f9a98925000-7f9a98a22000 rw-p 00000000 00:00 0 
7f9a98a22000-7f9a99800000 r--p 00000000 08:05 922866                     /usr/lib/locale/locale-archive
7f9a99800000-7f9a99e00000 rw-p 00000000 00:00 0 
7f9a99e00000-7f9a9a000000 ---p 00000000 00:00 0 
7f9a9a000000-7f9a9c000000 rw-p 00000000 00:00 0 
7f9a9c000000-7f9a9c021000 rw-p 00000000 00:00 0 
7f9a9c021000-7f9aa0000000 ---p 00000000 00:00 0 
7f9aa0000000-7f9aa0021000 rw-p 00000000 00:00 0 
7f9aa0021000-7f9aa4000000 ---p 00000000 00:00 0 
7f9aa4000000-7f9aa4021000 rw-p 00000000 00:00 0 
7f9aa4021000-7f9aa8000000 ---p 00000000 00:00 0 
7f9aa80ee000-7f9aa80f2000 ---p 00000000 00:00 0 
7f9aa80f2000-7f9aa81ef000 rw-p 00000000 00:00 0 
7f9aa81ef000-7f9aa81f3000 ---p 00000000 00:00 0 
7f9aa81f3000-7f9aa82f0000 rw-p 00000000 00:00 0 
7f9aa82f0000-7f9aa82f4000 ---p 00000000 00:00 0 
7f9aa82f4000-7f9aa83f1000 rw-p 00000000 00:00 0 
7f9aa83f1000-7f9aa83f5000 ---p 00000000 00:00 0 
7f9aa83f5000-7f9aa84f2000 rw-p 00000000 00:00 0 
7f9aa84f2000-7f9aa84f6000 ---p 00000000 00:00 0 
7f9aa84f6000-7f9aa85f3000 rw-p 00000000 00:00 0 
7f9aa85f3000-7f9aa85f7000 ---p 00000000 00:00 0 
7f9aa85f7000-7f9aa86f4000 rw-p 00000000 00:00 0 
7f9aa86f4000-7f9aa86f8000 ---p 00000000 00:00 0 
7f9aa86f8000-7f9aa87f5000 rw-p 00000000 00:00 0 
7f9aa87f5000-7f9aa8a65000 rwxp 00000000 00:00 0 
7f9aa8a65000-7f9aa8d84000 ---p 00000000 00:00 0 
7f9aa8d84000-7f9aa8ff4000 rwxp 00000000 00:00 0 
7f9aa8ff4000-7f9ab02bc000 ---p 00000000 00:00 0 
7f9ab02bc000-7f9ab052c000 rwxp 00000000 00:00 0 
7f9ab052c000-7f9ab77f5000 ---p 00000000 00:00 0 
7f9ab77f5000-7f9ac0000000 r--s 00000000 08:05 922125                     /usr/lib/jvm/java-11-openjdk-amd64/lib/modules
7f9ac0000000-7f9ac0382000 rw-p 00000000 00:00 0 
7f9ac0382000-7f9ac4000000 ---p 00000000 00:00 0 
7f9ac409d000-7f9ac40a4000 r--s 00000000 08:05 1447316                    /usr/lib/x86_64-linux-gnu/gconv/gconv-modules.cache
7f9ac40a4000-7f9ac40a5000 r--p 00000000 08:05 1461984                    /home/qutx/.javacpp/cache/llvm-13.0.1-1.5.7-linux-x86_64.jar/org/bytedeco/llvm/linux-x86_64/libRemarks.so.13
7f9ac40a5000-7f9ac40a6000 r-xp 00001000 08:05 1461984                    /home/qutx/.javacpp/cache/llvm-13.0.1-1.5.7-linux-x86_64.jar/org/bytedeco/llvm/linux-x86_64/libRemarks.so.13
7f9ac40a6000-7f9ac40a7000 r--p 00002000 08:05 1461984                    /home/qutx/.javacpp/cache/llvm-13.0.1-1.5.7-linux-x86_64.jar/org/bytedeco/llvm/linux-x86_64/libRemarks.so.13
7f9ac40a7000-7f9ac40a8000 r--p 00002000 08:05 1461984                    /home/qutx/.javacpp/cache/llvm-13.0.1-1.5.7-linux-x86_64.jar/org/bytedeco/llvm/linux-x86_64/libRemarks.so.13
7f9ac40a8000-7f9ac40a9000 rw-p 00003000 08:05 1461984                    /home/qutx/.javacpp/cache/llvm-13.0.1-1.5.7-linux-x86_64.jar/org/bytedeco/llvm/linux-x86_64/libRemarks.so.13
7f9ac40a9000-7f9ac40b0000 r--p 00000000 08:05 1461982                    /home/qutx/.javacpp/cache/llvm-13.0.1-1.5.7-linux-x86_64.jar/org/bytedeco/llvm/linux-x86_64/libLTO.so.13
7f9ac40b0000-7f9ac40b8000 r-xp 00007000 08:05 1461982                    /home/qutx/.javacpp/cache/llvm-13.0.1-1.5.7-linux-x86_64.jar/org/bytedeco/llvm/linux-x86_64/libLTO.so.13
7f9ac40b8000-7f9ac40ba000 r--p 0000f000 08:05 1461982                    /home/qutx/.javacpp/cache/llvm-13.0.1-1.5.7-linux-x86_64.jar/org/bytedeco/llvm/linux-x86_64/libLTO.so.13
7f9ac40ba000-7f9ac40bb000 r--p 00010000 08:05 1461982                    /home/qutx/.javacpp/cache/llvm-13.0.1-1.5.7-linux-x86_64.jar/org/bytedeco/llvm/linux-x86_64/libLTO.so.13
7f9ac40bb000-7f9ac40bc000 rw-p 00011000 08:05 1461982                    /home/qutx/.javacpp/cache/llvm-13.0.1-1.5.7-linux-x86_64.jar/org/bytedeco/llvm/linux-x86_64/libLTO.so.13
7f9ac40bc000-7f9ac40c0000 r--p 00000000 08:05 1461975                    /home/qutx/.javacpp/cache/javacpp-1.5.7-linux-x86_64.jar/org/bytedeco/javacpp/linux-x86_64/libjnijavacpp.so
7f9ac40c0000-7f9ac40c7000 r-xp 00004000 08:05 1461975                    /home/qutx/.javacpp/cache/javacpp-1.5.7-linux-x86_64.jar/org/bytedeco/javacpp/linux-x86_64/libjnijavacpp.so
7f9ac40c7000-7f9ac40cb000 r--p 0000b000 08:05 1461975                    /home/qutx/.javacpp/cache/javacpp-1.5.7-linux-x86_64.jar/org/bytedeco/javacpp/linux-x86_64/libjnijavacpp.so
7f9ac40cb000-7f9ac40cc000 r--p 0000e000 08:05 1461975                    /home/qutx/.javacpp/cache/javacpp-1.5.7-linux-x86_64.jar/org/bytedeco/javacpp/linux-x86_64/libjnijavacpp.so
7f9ac40cc000-7f9ac40cd000 rw-p 0000f000 08:05 1461975                    /home/qutx/.javacpp/cache/javacpp-1.5.7-linux-x86_64.jar/org/bytedeco/javacpp/linux-x86_64/libjnijavacpp.so
7f9ac40cd000-7f9ac40ce000 r--p 00000000 08:05 922097                     /usr/lib/jvm/java-11-openjdk-amd64/lib/libextnet.so
7f9ac40ce000-7f9ac40cf000 r-xp 00001000 08:05 922097                     /usr/lib/jvm/java-11-openjdk-amd64/lib/libextnet.so
7f9ac40cf000-7f9ac40d0000 r--p 00002000 08:05 922097                     /usr/lib/jvm/java-11-openjdk-amd64/lib/libextnet.so
7f9ac40d0000-7f9ac40d1000 r--p 00002000 08:05 922097                     /usr/lib/jvm/java-11-openjdk-amd64/lib/libextnet.so
7f9ac40d1000-7f9ac40d2000 rw-p 00003000 08:05 922097                     /usr/lib/jvm/java-11-openjdk-amd64/lib/libextnet.so
7f9ac40d2000-7f9ac40d6000 r--p 00000000 08:05 922115                     /usr/lib/jvm/java-11-openjdk-amd64/lib/libnet.so
7f9ac40d6000-7f9ac40e4000 r-xp 00004000 08:05 922115                     /usr/lib/jvm/java-11-openjdk-amd64/lib/libnet.so
7f9ac40e4000-7f9ac40e8000 r--p 00012000 08:05 922115                     /usr/lib/jvm/java-11-openjdk-amd64/lib/libnet.so
7f9ac40e8000-7f9ac40e9000 r--p 00015000 08:05 922115                     /usr/lib/jvm/java-11-openjdk-amd64/lib/libnet.so
7f9ac40e9000-7f9ac40ea000 rw-p 00016000 08:05 922115                     /usr/lib/jvm/java-11-openjdk-amd64/lib/libnet.so
7f9ac40ea000-7f9ac40f1000 r--p 00000000 08:05 922116                     /usr/lib/jvm/java-11-openjdk-amd64/lib/libnio.so
7f9ac40f1000-7f9ac40f9000 r-xp 00007000 08:05 922116                     /usr/lib/jvm/java-11-openjdk-amd64/lib/libnio.so
7f9ac40f9000-7f9ac40fc000 r--p 0000f000 08:05 922116                     /usr/lib/jvm/java-11-openjdk-amd64/lib/libnio.so
7f9ac40fc000-7f9ac40fd000 r--p 00011000 08:05 922116                     /usr/lib/jvm/java-11-openjdk-amd64/lib/libnio.so
7f9ac40fd000-7f9ac40fe000 rw-p 00012000 08:05 922116                     /usr/lib/jvm/java-11-openjdk-amd64/lib/libnio.so
7f9ac40fe000-7f9ac40ff000 ---p 00000000 00:00 0 
7f9ac40ff000-7f9ac42dc000 rw-p 00000000 00:00 0 
7f9ac42dc000-7f9ac42dd000 ---p 00000000 00:00 0 
7f9ac42dd000-7f9ac43de000 rw-p 00000000 00:00 0 
7f9ac43de000-7f9ac43df000 ---p 00000000 00:00 0 
7f9ac43df000-7f9ac46e2000 rw-p 00000000 00:00 0 
7f9ac46e2000-7f9ac46e3000 ---p 00000000 00:00 0 
7f9ac46e3000-7f9ac47e4000 rw-p 00000000 00:00 0 
7f9ac47e4000-7f9ac47e5000 ---p 00000000 00:00 0 
7f9ac47e5000-7f9ac49ff000 rw-p 00000000 00:00 0 
7f9ac49ff000-7f9ac5827000 ---p 00000000 00:00 0 
7f9ac5827000-7f9ac5927000 rw-p 00000000 00:00 0 
7f9ac5927000-7f9ac674f000 ---p 00000000 00:00 0 
7f9ac674f000-7f9ac6776000 rw-p 00000000 00:00 0 
7f9ac6776000-7f9ac693b000 ---p 00000000 00:00 0 
7f9ac693b000-7f9ac695b000 rw-p 00000000 00:00 0 
7f9ac695b000-7f9ac6b20000 ---p 00000000 00:00 0 
7f9ac6b20000-7f9ac6b40000 rw-p 00000000 00:00 0 
7f9ac6b40000-7f9ac6d05000 ---p 00000000 00:00 0 
7f9ac6d05000-7f9ac6f08000 rw-p 00000000 00:00 0 
7f9ac6f08000-7f9ac6f09000 ---p 00000000 00:00 0 
7f9ac6f09000-7f9ac700f000 rw-p 00000000 00:00 0 
7f9ac700f000-7f9ac70f5000 ---p 00000000 00:00 0 
7f9ac70f5000-7f9ac70fa000 rw-p 00000000 00:00 0 
7f9ac70fa000-7f9ac71e0000 ---p 00000000 00:00 0 
7f9ac71e0000-7f9ac71e5000 rw-p 00000000 00:00 0 
7f9ac71e5000-7f9ac71ec000 ---p 00000000 00:00 0 
7f9ac71ec000-7f9ac71ef000 r--p 00000000 08:05 924341                     /usr/lib/x86_64-linux-gnu/libnss_files-2.31.so
7f9ac71ef000-7f9ac71f6000 r-xp 00003000 08:05 924341                     /usr/lib/x86_64-linux-gnu/libnss_files-2.31.so
7f9ac71f6000-7f9ac71f8000 r--p 0000a000 08:05 924341                     /usr/lib/x86_64-linux-gnu/libnss_files-2.31.so
7f9ac71f8000-7f9ac71f9000 r--p 0000b000 08:05 924341                     /usr/lib/x86_64-linux-gnu/libnss_files-2.31.so
7f9ac71f9000-7f9ac71fa000 rw-p 0000c000 08:05 924341                     /usr/lib/x86_64-linux-gnu/libnss_files-2.31.so
7f9ac71fa000-7f9ac7200000 rw-p 00000000 00:00 0 
7f9ac7200000-7f9ac7202000 r--p 00000000 08:05 922124                     /usr/lib/jvm/java-11-openjdk-amd64/lib/libzip.so
7f9ac7202000-7f9ac7207000 r-xp 00002000 08:05 922124                     /usr/lib/jvm/java-11-openjdk-amd64/lib/libzip.so
7f9ac7207000-7f9ac7209000 r--p 00007000 08:05 922124                     /usr/lib/jvm/java-11-openjdk-amd64/lib/libzip.so
7f9ac7209000-7f9ac720a000 r--p 00008000 08:05 922124                     /usr/lib/jvm/java-11-openjdk-amd64/lib/libzip.so
7f9ac720a000-7f9ac720b000 rw-p 00009000 08:05 922124                     /usr/lib/jvm/java-11-openjdk-amd64/lib/libzip.so
7f9ac720b000-7f9ac7213000 rw-s 00000000 08:05 2361591                    /tmp/hsperfdata_qutx/6669
7f9ac7213000-7f9ac7215000 r--p 00000000 08:05 922099                     /usr/lib/jvm/java-11-openjdk-amd64/lib/libinstrument.so
7f9ac7215000-7f9ac721b000 r-xp 00002000 08:05 922099                     /usr/lib/jvm/java-11-openjdk-amd64/lib/libinstrument.so
7f9ac721b000-7f9ac721e000 r--p 00008000 08:05 922099                     /usr/lib/jvm/java-11-openjdk-amd64/lib/libinstrument.so
7f9ac721e000-7f9ac721f000 r--p 0000a000 08:05 922099                     /usr/lib/jvm/java-11-openjdk-amd64/lib/libinstrument.so
7f9ac721f000-7f9ac7220000 rw-p 0000b000 08:05 922099                     /usr/lib/jvm/java-11-openjdk-amd64/lib/libinstrument.so
7f9ac7220000-7f9ac7221000 ---p 00000000 00:00 0 
7f9ac7221000-7f9ac7222000 r--p 00000000 00:00 0 
7f9ac7222000-7f9ac7224000 r--p 00000000 08:05 922107                     /usr/lib/jvm/java-11-openjdk-amd64/lib/libjimage.so
7f9ac7224000-7f9ac7227000 r-xp 00002000 08:05 922107                     /usr/lib/jvm/java-11-openjdk-amd64/lib/libjimage.so
7f9ac7227000-7f9ac7228000 r--p 00005000 08:05 922107                     /usr/lib/jvm/java-11-openjdk-amd64/lib/libjimage.so
7f9ac7228000-7f9ac7229000 ---p 00006000 08:05 922107                     /usr/lib/jvm/java-11-openjdk-amd64/lib/libjimage.so
7f9ac7229000-7f9ac722a000 r--p 00006000 08:05 922107                     /usr/lib/jvm/java-11-openjdk-amd64/lib/libjimage.so
7f9ac722a000-7f9ac722b000 rw-p 00007000 08:05 922107                     /usr/lib/jvm/java-11-openjdk-amd64/lib/libjimage.so
7f9ac722b000-7f9ac7239000 r--p 00000000 08:05 922104                     /usr/lib/jvm/java-11-openjdk-amd64/lib/libjava.so
7f9ac7239000-7f9ac724f000 r-xp 0000e000 08:05 922104                     /usr/lib/jvm/java-11-openjdk-amd64/lib/libjava.so
7f9ac724f000-7f9ac7256000 r--p 00024000 08:05 922104                     /usr/lib/jvm/java-11-openjdk-amd64/lib/libjava.so
7f9ac7256000-7f9ac7257000 r--p 0002a000 08:05 922104                     /usr/lib/jvm/java-11-openjdk-amd64/lib/libjava.so
7f9ac7257000-7f9ac7258000 rw-p 0002b000 08:05 922104                     /usr/lib/jvm/java-11-openjdk-amd64/lib/libjava.so
7f9ac7258000-7f9ac7259000 rw-p 00000000 00:00 0 
7f9ac7259000-7f9ac725b000 r--p 00000000 08:05 924550                     /usr/lib/x86_64-linux-gnu/librt-2.31.so
7f9ac725b000-7f9ac725f000 r-xp 00002000 08:05 924550                     /usr/lib/x86_64-linux-gnu/librt-2.31.so
7f9ac725f000-7f9ac7261000 r--p 00006000 08:05 924550                     /usr/lib/x86_64-linux-gnu/librt-2.31.so
7f9ac7261000-7f9ac7262000 r--p 00007000 08:05 924550                     /usr/lib/x86_64-linux-gnu/librt-2.31.so
7f9ac7262000-7f9ac7263000 rw-p 00008000 08:05 924550                     /usr/lib/x86_64-linux-gnu/librt-2.31.so
7f9ac7263000-7f9ac7267000 ---p 00000000 00:00 0 
7f9ac7267000-7f9ac7364000 rw-p 00000000 00:00 0 
7f9ac7364000-7f9ac7367000 r--p 00000000 08:05 923854                     /usr/lib/x86_64-linux-gnu/libgcc_s.so.1
7f9ac7367000-7f9ac7379000 r-xp 00003000 08:05 923854                     /usr/lib/x86_64-linux-gnu/libgcc_s.so.1
7f9ac7379000-7f9ac737d000 r--p 00015000 08:05 923854                     /usr/lib/x86_64-linux-gnu/libgcc_s.so.1
7f9ac737d000-7f9ac737e000 r--p 00018000 08:05 923854                     /usr/lib/x86_64-linux-gnu/libgcc_s.so.1
7f9ac737e000-7f9ac737f000 rw-p 00019000 08:05 923854                     /usr/lib/x86_64-linux-gnu/libgcc_s.so.1
7f9ac737f000-7f9ac738c000 r--p 00000000 08:05 924215                     /usr/lib/x86_64-linux-gnu/libm-2.31.so
7f9ac738c000-7f9ac7433000 r-xp 0000d000 08:05 924215                     /usr/lib/x86_64-linux-gnu/libm-2.31.so
7f9ac7433000-7f9ac74cc000 r--p 000b4000 08:05 924215                     /usr/lib/x86_64-linux-gnu/libm-2.31.so
7f9ac74cc000-7f9ac74cd000 r--p 0014c000 08:05 924215                     /usr/lib/x86_64-linux-gnu/libm-2.31.so
7f9ac74cd000-7f9ac74ce000 rw-p 0014d000 08:05 924215                     /usr/lib/x86_64-linux-gnu/libm-2.31.so
7f9ac74ce000-7f9ac7564000 r--p 00000000 08:05 924659                     /usr/lib/x86_64-linux-gnu/libstdc++.so.6.0.28
7f9ac7564000-7f9ac7655000 r-xp 00096000 08:05 924659                     /usr/lib/x86_64-linux-gnu/libstdc++.so.6.0.28
7f9ac7655000-7f9ac769e000 r--p 00187000 08:05 924659                     /usr/lib/x86_64-linux-gnu/libstdc++.so.6.0.28
7f9ac769e000-7f9ac769f000 ---p 001d0000 08:05 924659                     /usr/lib/x86_64-linux-gnu/libstdc++.so.6.0.28
7f9ac769f000-7f9ac76aa000 r--p 001d0000 08:05 924659                     /usr/lib/x86_64-linux-gnu/libstdc++.so.6.0.28
7f9ac76aa000-7f9ac76ad000 rw-p 001db000 08:05 924659                     /usr/lib/x86_64-linux-gnu/libstdc++.so.6.0.28
7f9ac76ad000-7f9ac76b0000 rw-p 00000000 00:00 0 
7f9ac76b0000-7f9ac7932000 r--p 00000000 08:05 922128                     /usr/lib/jvm/java-11-openjdk-amd64/lib/server/libjvm.so
7f9ac7932000-7f9ac85c3000 r-xp 00282000 08:05 922128                     /usr/lib/jvm/java-11-openjdk-amd64/lib/server/libjvm.so
7f9ac85c3000-7f9ac8822000 r--p 00f13000 08:05 922128                     /usr/lib/jvm/java-11-openjdk-amd64/lib/server/libjvm.so
7f9ac8822000-7f9ac88e6000 r--p 01171000 08:05 922128                     /usr/lib/jvm/java-11-openjdk-amd64/lib/server/libjvm.so
7f9ac88e6000-7f9ac8921000 rw-p 01235000 08:05 922128                     /usr/lib/jvm/java-11-openjdk-amd64/lib/server/libjvm.so
7f9ac8921000-7f9ac897a000 rw-p 00000000 00:00 0 
7f9ac897a000-7f9ac8980000 r--p 00000000 08:05 924485                     /usr/lib/x86_64-linux-gnu/libpthread-2.31.so
7f9ac8980000-7f9ac8991000 r-xp 00006000 08:05 924485                     /usr/lib/x86_64-linux-gnu/libpthread-2.31.so
7f9ac8991000-7f9ac8997000 r--p 00017000 08:05 924485                     /usr/lib/x86_64-linux-gnu/libpthread-2.31.so
7f9ac8997000-7f9ac8998000 r--p 0001c000 08:05 924485                     /usr/lib/x86_64-linux-gnu/libpthread-2.31.so
7f9ac8998000-7f9ac8999000 rw-p 0001d000 08:05 924485                     /usr/lib/x86_64-linux-gnu/libpthread-2.31.so
7f9ac8999000-7f9ac899d000 rw-p 00000000 00:00 0 
7f9ac899d000-7f9ac899e000 r--p 00000000 08:05 923700                     /usr/lib/x86_64-linux-gnu/libdl-2.31.so
7f9ac899e000-7f9ac89a0000 r-xp 00001000 08:05 923700                     /usr/lib/x86_64-linux-gnu/libdl-2.31.so
7f9ac89a0000-7f9ac89a1000 r--p 00003000 08:05 923700                     /usr/lib/x86_64-linux-gnu/libdl-2.31.so
7f9ac89a1000-7f9ac89a2000 r--p 00003000 08:05 923700                     /usr/lib/x86_64-linux-gnu/libdl-2.31.so
7f9ac89a2000-7f9ac89a3000 rw-p 00004000 08:05 923700                     /usr/lib/x86_64-linux-gnu/libdl-2.31.so
7f9ac89a3000-7f9ac89a5000 r--p 00000000 08:05 923674                     /usr/lib/x86_64-linux-gnu/libz.so.1.2.11
7f9ac89a5000-7f9ac89b6000 r-xp 00002000 08:05 923674                     /usr/lib/x86_64-linux-gnu/libz.so.1.2.11
7f9ac89b6000-7f9ac89bc000 r--p 00013000 08:05 923674                     /usr/lib/x86_64-linux-gnu/libz.so.1.2.11
7f9ac89bc000-7f9ac89bd000 ---p 00019000 08:05 923674                     /usr/lib/x86_64-linux-gnu/libz.so.1.2.11
7f9ac89bd000-7f9ac89be000 r--p 00019000 08:05 923674                     /usr/lib/x86_64-linux-gnu/libz.so.1.2.11
7f9ac89be000-7f9ac89bf000 rw-p 0001a000 08:05 923674                     /usr/lib/x86_64-linux-gnu/libz.so.1.2.11
7f9ac89bf000-7f9ac89e1000 r--p 00000000 08:05 923557                     /usr/lib/x86_64-linux-gnu/libc-2.31.so
7f9ac89e1000-7f9ac8b59000 r-xp 00022000 08:05 923557                     /usr/lib/x86_64-linux-gnu/libc-2.31.so
7f9ac8b59000-7f9ac8ba7000 r--p 0019a000 08:05 923557                     /usr/lib/x86_64-linux-gnu/libc-2.31.so
7f9ac8ba7000-7f9ac8bab000 r--p 001e7000 08:05 923557                     /usr/lib/x86_64-linux-gnu/libc-2.31.so
7f9ac8bab000-7f9ac8bad000 rw-p 001eb000 08:05 923557                     /usr/lib/x86_64-linux-gnu/libc-2.31.so
7f9ac8bad000-7f9ac8bb1000 rw-p 00000000 00:00 0 
7f9ac8bb2000-7f9ac8bb7000 r--p 00000000 08:05 922123                     /usr/lib/jvm/java-11-openjdk-amd64/lib/libverify.so
7f9ac8bb7000-7f9ac8bbe000 r-xp 00005000 08:05 922123                     /usr/lib/jvm/java-11-openjdk-amd64/lib/libverify.so
7f9ac8bbe000-7f9ac8bc0000 r--p 0000c000 08:05 922123                     /usr/lib/jvm/java-11-openjdk-amd64/lib/libverify.so
7f9ac8bc0000-7f9ac8bc1000 ---p 0000e000 08:05 922123                     /usr/lib/jvm/java-11-openjdk-amd64/lib/libverify.so
7f9ac8bc1000-7f9ac8bc3000 r--p 0000e000 08:05 922123                     /usr/lib/jvm/java-11-openjdk-amd64/lib/libverify.so
7f9ac8bc3000-7f9ac8bc4000 rw-p 00010000 08:05 922123                     /usr/lib/jvm/java-11-openjdk-amd64/lib/libverify.so
7f9ac8bc4000-7f9ac8bc7000 r--p 00000000 08:05 922089                     /usr/lib/jvm/java-11-openjdk-amd64/lib/jli/libjli.so
7f9ac8bc7000-7f9ac8bd1000 r-xp 00003000 08:05 922089                     /usr/lib/jvm/java-11-openjdk-amd64/lib/jli/libjli.so
7f9ac8bd1000-7f9ac8bd4000 r--p 0000d000 08:05 922089                     /usr/lib/jvm/java-11-openjdk-amd64/lib/jli/libjli.so
7f9ac8bd4000-7f9ac8bd5000 ---p 00010000 08:05 922089                     /usr/lib/jvm/java-11-openjdk-amd64/lib/jli/libjli.so
7f9ac8bd5000-7f9ac8bd6000 r--p 00010000 08:05 922089                     /usr/lib/jvm/java-11-openjdk-amd64/lib/jli/libjli.so
7f9ac8bd6000-7f9ac8bd7000 rw-p 00011000 08:05 922089                     /usr/lib/jvm/java-11-openjdk-amd64/lib/jli/libjli.so
7f9ac8bd7000-7f9ac8bd9000 rw-p 00000000 00:00 0 
7f9ac8bd9000-7f9ac8bda000 r--p 00000000 08:05 923337                     /usr/lib/x86_64-linux-gnu/ld-2.31.so
7f9ac8bda000-7f9ac8bfd000 r-xp 00001000 08:05 923337                     /usr/lib/x86_64-linux-gnu/ld-2.31.so
7f9ac8bfd000-7f9ac8c05000 r--p 00024000 08:05 923337                     /usr/lib/x86_64-linux-gnu/ld-2.31.so
7f9ac8c06000-7f9ac8c07000 r--p 0002c000 08:05 923337                     /usr/lib/x86_64-linux-gnu/ld-2.31.so
7f9ac8c07000-7f9ac8c08000 rw-p 0002d000 08:05 923337                     /usr/lib/x86_64-linux-gnu/ld-2.31.so
7f9ac8c08000-7f9ac8c09000 rw-p 00000000 00:00 0 
7ffe23273000-7ffe23294000 rw-p 00000000 00:00 0                          [stack]
7ffe2334c000-7ffe23350000 r--p 00000000 00:00 0                          [vvar]
7ffe23350000-7ffe23352000 r-xp 00000000 00:00 0                          [vdso]
ffffffffff600000-ffffffffff601000 --xp 00000000 00:00 0                  [vsyscall]


VM Arguments:
jvm_args: -javaagent:/opt/idea-IC-223.8617.56/lib/idea_rt.jar=43607:/opt/idea-IC-223.8617.56/bin -Dfile.encoding=UTF-8 
java_command: Main tests/test1.sysy
java_class_path (initial): /home/qutx/Desktop/study/compile/Lab/out/production/Lab:/usr/local/lib/antlr-4.9.1-complete.jar:/usr/local/lib/javacpp-1.5.7-linux-x86_64.jar:/usr/local/lib/javacpp-1.5.7.jar:/usr/local/lib/llvm-13.0.1-1.5.7-linux-x86_64.jar:/usr/local/lib/llvm-13.0.1-1.5.7.jar:/usr/local/lib/llvm-platform-13.0.1-1.5.7.jar:/home/qutx/Desktop/study/compile/Lab
Launcher Type: SUN_STANDARD

[Global flags]
     intx CICompilerCount                          = 2                                         {product} {ergonomic}
     uint ConcGCThreads                            = 1                                         {product} {ergonomic}
     uint G1ConcRefinementThreads                  = 2                                         {product} {ergonomic}
   size_t G1HeapRegionSize                         = 1048576                                   {product} {ergonomic}
    uintx GCDrainStackTargetSize                   = 64                                        {product} {ergonomic}
   size_t InitialHeapSize                          = 65011712                                  {product} {ergonomic}
   size_t MarkStackSize                            = 4194304                                   {product} {ergonomic}
   size_t MaxHeapSize                              = 1017118720                                {product} {ergonomic}
   size_t MaxNewSize                               = 610271232                                 {product} {ergonomic}
   size_t MinHeapDeltaBytes                        = 1048576                                   {product} {ergonomic}
    uintx NonNMethodCodeHeapSize                   = 5825164                                {pd product} {ergonomic}
    uintx NonProfiledCodeHeapSize                  = 122916538                              {pd product} {ergonomic}
    uintx ProfiledCodeHeapSize                     = 122916538                              {pd product} {ergonomic}
    uintx ReservedCodeCacheSize                    = 251658240                              {pd product} {ergonomic}
     bool SegmentedCodeCache                       = true                                      {product} {ergonomic}
     bool UseCompressedClassPointers               = true                                 {lp64_product} {ergonomic}
     bool UseCompressedOops                        = true                                 {lp64_product} {ergonomic}
     bool UseG1GC                                  = true                                      {product} {ergonomic}

Logging:
Log output configuration:
 #0: stdout all=warning uptime,level,tags
 #1: stderr all=off uptime,level,tags

Environment Variables:
JAVA_HOME=/opt/jdk-19.0.2
PATH=/opt/idea-IC-223.8617.56/bin:/opt/jdk-19.0.2/bin:/usr/local/sbin:/usr/local/bin:/usr/sbin:/usr/bin:/sbin:/bin:/usr/games:/usr/local/games:/snap/bin
USERNAME=qutx
SHELL=/bin/bash
DISPLAY=:0
LANG=en_US.UTF-8
LC_NUMERIC=zh_CN.UTF-8
LC_TIME=zh_CN.UTF-8
TERM=xterm-256color

Signal Handlers:
SIGSEGV: [libjvm.so+0xe9f840], sa_mask[0]=11111111011111111101111111111110, sa_flags=SA_RESTART|SA_SIGINFO
SIGBUS: [libjvm.so+0xe9f840], sa_mask[0]=11111111011111111101111111111110, sa_flags=SA_RESTART|SA_SIGINFO
SIGFPE: [libjvm.so+0xe9f840], sa_mask[0]=11111111011111111101111111111110, sa_flags=SA_RESTART|SA_SIGINFO
SIGPIPE: [libjvm.so+0xbe53b0], sa_mask[0]=11111111011111111101111111111110, sa_flags=SA_RESTART|SA_SIGINFO
SIGXFSZ: [libjvm.so+0xbe53b0], sa_mask[0]=11111111011111111101111111111110, sa_flags=SA_RESTART|SA_SIGINFO
SIGILL: [libjvm.so+0xe9f840], sa_mask[0]=11111111011111111101111111111110, sa_flags=SA_RESTART|SA_SIGINFO
SIGUSR2: [libjvm.so+0xbe5250], sa_mask[0]=00100000000000000000000000000000, sa_flags=SA_RESTART|SA_SIGINFO
SIGHUP: [libjvm.so+0xbe5900], sa_mask[0]=11111111011111111101111111111110, sa_flags=SA_RESTART|SA_SIGINFO
SIGINT: [libjvm.so+0xbe5900], sa_mask[0]=11111111011111111101111111111110, sa_flags=SA_RESTART|SA_SIGINFO
SIGTERM: [libjvm.so+0xbe5900], sa_mask[0]=11111111011111111101111111111110, sa_flags=SA_RESTART|SA_SIGINFO
SIGQUIT: [libjvm.so+0xbe5900], sa_mask[0]=11111111011111111101111111111110, sa_flags=SA_RESTART|SA_SIGINFO


---------------  S Y S T E M  ---------------

OS:DISTRIB_ID=Ubuntu
DISTRIB_RELEASE=20.04
DISTRIB_CODENAME=focal
DISTRIB_DESCRIPTION="Ubuntu 20.04.6 LTS"
uname:Linux 5.15.0-75-generic #82~20.04.1-Ubuntu SMP Wed Jun 7 19:37:37 UTC 2023 x86_64
OS uptime: 0 days 0:43 hours
libc:glibc 2.31 NPTL 2.31 
rlimit (soft/hard): STACK 8192k/infinity , CORE 0k/infinity , NPROC 15194/15194 , NOFILE 1048576/1048576 , AS infinity/infinity , CPU infinity/infinity , DATA infinity/infinity , FSIZE infinity/infinity , MEMLOCK 65536k/65536k
load average:5.97 2.08 1.17

/proc/meminfo:
MemTotal:        3970900 kB
MemFree:          216700 kB
MemAvailable:     771732 kB
Buffers:           11208 kB
Cached:           703372 kB
SwapCached:        33088 kB
Active:          1168704 kB
Inactive:        2108904 kB
Active(anon):     830188 kB
Inactive(anon):  1733884 kB
Active(file):     338516 kB
Inactive(file):   375020 kB
Unevictable:           0 kB
Mlocked:               0 kB
SwapTotal:       2097148 kB
SwapFree:        1386452 kB
Dirty:              2540 kB
Writeback:             0 kB
AnonPages:       2542180 kB
Mapped:           178792 kB
Shmem:              2084 kB
KReclaimable:      91940 kB
Slab:             179556 kB
SReclaimable:      91940 kB
SUnreclaim:        87616 kB
KernelStack:       12676 kB
PageTables:        22988 kB
NFS_Unstable:          0 kB
Bounce:                0 kB
WritebackTmp:          0 kB
CommitLimit:     4082596 kB
Committed_AS:    6377532 kB
VmallocTotal:   34359738367 kB
VmallocUsed:       62260 kB
VmallocChunk:          0 kB
Percpu:           101376 kB
HardwareCorrupted:     0 kB
AnonHugePages:         0 kB
ShmemHugePages:        0 kB
ShmemPmdMapped:        0 kB
FileHugePages:         0 kB
FilePmdMapped:         0 kB
HugePages_Total:       0
HugePages_Free:        0
HugePages_Rsvd:        0
HugePages_Surp:        0
Hugepagesize:       2048 kB
Hugetlb:               0 kB
DirectMap4k:      245568 kB
DirectMap2M:     3948544 kB
DirectMap1G:     2097152 kB

/sys/kernel/mm/transparent_hugepage/enabled:
always [madvise] never
/sys/kernel/mm/transparent_hugepage/defrag (defrag/compaction efforts parameter):
always defer defer+madvise [madvise] never

Process Memory:
Virtual Size: 3676444K (peak: 12376196K)
Resident Set Size: 94424K (peak: 94424K) (anon: 37532K, file: 56892K, shmem: 0K)
Swapped out: 0K
C-Heap outstanding allocations: 15280K, retained: 2411K
glibc malloc tunables: (default)

/proc/sys/kernel/threads-max (system-wide limit on the number of threads):
30389
/proc/sys/vm/max_map_count (maximum number of memory map areas a process may have):
65530
/proc/sys/kernel/pid_max (system-wide limit on number of process identifiers):
4194304

container (cgroup) information:
container_type: cgroupv1
cpu_cpuset_cpus: 0-1
cpu_memory_nodes: 0
active_processor_count: 2
cpu_quota: no quota
cpu_period: 100000
cpu_shares: no shares
memory_limit_in_bytes: unlimited
memory_and_swap_limit_in_bytes: unlimited
memory_soft_limit_in_bytes: unlimited
memory_usage_in_bytes: 2684544 k
memory_max_usage_in_bytes: 2824092 k
kernel_memory_usage_in_bytes: 58032 k
kernel_memory_max_usage_in_bytes: unlimited
kernel_memory_limit_in_bytes: 58032 k
maximum number of tasks: unlimited
current number of tasks: 352

VMWare virtualization detected
Steal ticks since vm start: 0
Steal ticks percentage since vm start:  0.000

CPU:total 2 (initial active 2) (1 cores per cpu, 1 threads per core) family 6 model 165 stepping 2 microcode 0xffffffff, cmov, cx8, fxsr, mmx, sse, sse2, sse3, ssse3, sse4.1, sse4.2, popcnt, avx, avx2, aes, clmul, erms, 3dnowpref, lzcnt, tsc, tscinvbit, bmi1, bmi2, adx, fma
CPU Model and flags from /proc/cpuinfo:
model name	: Intel(R) Core(TM) i7-10750H CPU @ 2.60GHz
flags		: fpu vme de pse tsc msr pae mce cx8 apic sep mtrr pge mca cmov pat pse36 clflush mmx fxsr sse sse2 ss syscall nx pdpe1gb rdtscp lm constant_tsc arch_perfmon nopl xtopology tsc_reliable nonstop_tsc cpuid tsc_known_freq pni pclmulqdq ssse3 fma cx16 pcid sse4_1 sse4_2 x2apic movbe popcnt aes xsave avx f16c rdrand hypervisor lahf_lm abm 3dnowprefetch invpcid_single pti ssbd ibrs ibpb stibp fsgsbase tsc_adjust bmi1 avx2 smep bmi2 invpcid rdseed adx smap clflushopt xsaveopt xsavec xgetbv1 xsaves arat flush_l1d arch_capabilities
Online cpus:
0-1
Offline cpus:
2-127
BIOS frequency limitation:
<Not Available>
Frequency switch latency (ns):
<Not Available>
Available cpu frequencies:
<Not Available>
Current governor:
<Not Available>
Core performance/turbo boost:
<Not Available>

Memory: 4k page, physical 3970900k(216700k free), swap 2097148k(1386452k free)

vm_info: OpenJDK 64-Bit Server VM (11.0.19+7-post-Ubuntu-0ubuntu120.04.1) for linux-amd64 JRE (11.0.19+7-post-Ubuntu-0ubuntu120.04.1), built on May 10 2023 00:55:26 by "unknown" with gcc 9.4.0

END.
