#
# A fatal error has been detected by the Java Runtime Environment:
#
#  SIGSEGV (0xb) at pc=0x00007f537a1553ac, pid=20780, tid=20782
#
# JRE version: OpenJDK Runtime Environment (11.0.19+7) (build 11.0.19+7-post-Ubuntu-0ubuntu120.04.1)
# Java VM: OpenJDK 64-Bit Server VM (11.0.19+7-post-Ubuntu-0ubuntu120.04.1, mixed mode, sharing, tiered, compressed oops, g1 gc, linux-amd64)
# Problematic frame:
# C  [libLLVM-13.so+0xc293ac]  LLVMBuildAdd+0xfc
#
# Core dump will be written. Default location: Core dumps may be processed with "/usr/share/apport/apport -p%p -s%s -c%c -d%d -P%P -u%u -g%g -- %E" (or dumping to /home/qutx/Desktop/study/compile/Lab/core.20780)
#
# If you would like to submit a bug report, please visit:
#   https://bugs.launchpad.net/ubuntu/+source/openjdk-lts
# The crash happened outside the Java Virtual Machine in native code.
# See problematic frame for where to report the bug.
#

---------------  S U M M A R Y ------------

Command Line: -agentlib:jdwp=transport=dt_socket,address=127.0.0.1:33515,suspend=y,server=n -javaagent:/opt/idea-IC-223.8617.56/plugins/java/lib/rt/debugger-agent.jar -Dfile.encoding=UTF-8 Main tests/test1.sysy

Host: Intel(R) Core(TM) i7-10750H CPU @ 2.60GHz, 2 cores, 3G, Ubuntu 20.04.6 LTS
Time: Thu May 18 11:56:28 2023 CST elapsed time: 4.561122 seconds (0d 0h 0m 4s)

---------------  T H R E A D  ---------------

Current thread (0x00007f53d801a000):  JavaThread "main" [_thread_in_native, id=20782, stack(0x00007f53dc528000,0x00007f53dc629000)]

Stack: [0x00007f53dc528000,0x00007f53dc629000],  sp=0x00007f53dc626ba0,  free space=1018k
Native frames: (J=compiled Java code, A=aot compiled Java code, j=interpreted, Vv=VM code, C=native code)
C  [libLLVM-13.so+0xc293ac]  LLVMBuildAdd+0xfc

Java frames: (J=compiled Java code, j=interpreted, Vv=VM code)
j  org.bytedeco.llvm.global.LLVM.LLVMBuildAdd(Lorg/bytedeco/llvm/LLVM/LLVMBuilderRef;Lorg/bytedeco/llvm/LLVM/LLVMValueRef;Lorg/bytedeco/llvm/LLVM/LLVMValueRef;Ljava/lang/String;)Lorg/bytedeco/llvm/LLVM/LLVMValueRef;+0
j  LlvmVisitor.visitPlusExp(LSysYParser$PlusExpContext;)Lorg/bytedeco/llvm/LLVM/LLVMValueRef;+49
j  LlvmVisitor.visitPlusExp(LSysYParser$PlusExpContext;)Ljava/lang/Object;+2
j  SysYParser$PlusExpContext.accept(Lorg/antlr/v4/runtime/tree/ParseTreeVisitor;)Ljava/lang/Object;+12
j  LlvmVisitor.visitReturnStmt(LSysYParser$ReturnStmtContext;)Lorg/bytedeco/llvm/LLVM/LLVMValueRef;+5
j  LlvmVisitor.visitReturnStmt(LSysYParser$ReturnStmtContext;)Ljava/lang/Object;+2
j  SysYParser$ReturnStmtContext.accept(Lorg/antlr/v4/runtime/tree/ParseTreeVisitor;)Ljava/lang/Object;+12
j  org.antlr.v4.runtime.tree.AbstractParseTreeVisitor.visitChildren(Lorg/antlr/v4/runtime/tree/RuleNode;)Ljava/lang/Object;+46
j  SysYParserBaseVisitor.visitBlockItem(LSysYParser$BlockItemContext;)Ljava/lang/Object;+2
j  SysYParser$BlockItemContext.accept(Lorg/antlr/v4/runtime/tree/ParseTreeVisitor;)Ljava/lang/Object;+12
j  org.antlr.v4.runtime.tree.AbstractParseTreeVisitor.visitChildren(Lorg/antlr/v4/runtime/tree/RuleNode;)Ljava/lang/Object;+46
j  SysYParserBaseVisitor.visitBlock(LSysYParser$BlockContext;)Ljava/lang/Object;+2
j  LlvmVisitor.visitBlock(LSysYParser$BlockContext;)Lorg/bytedeco/llvm/LLVM/LLVMValueRef;+43
j  LlvmVisitor.visitBlock(LSysYParser$BlockContext;)Ljava/lang/Object;+2
j  SysYParser$BlockContext.accept(Lorg/antlr/v4/runtime/tree/ParseTreeVisitor;)Ljava/lang/Object;+12
j  org.antlr.v4.runtime.tree.AbstractParseTreeVisitor.visitChildren(Lorg/antlr/v4/runtime/tree/RuleNode;)Ljava/lang/Object;+46
j  SysYParserBaseVisitor.visitFuncDef(LSysYParser$FuncDefContext;)Ljava/lang/Object;+2
j  LlvmVisitor.visitFuncDef(LSysYParser$FuncDefContext;)Lorg/bytedeco/llvm/LLVM/LLVMValueRef;+81
j  LlvmVisitor.visitFuncDef(LSysYParser$FuncDefContext;)Ljava/lang/Object;+2
j  SysYParser$FuncDefContext.accept(Lorg/antlr/v4/runtime/tree/ParseTreeVisitor;)Ljava/lang/Object;+12
j  org.antlr.v4.runtime.tree.AbstractParseTreeVisitor.visitChildren(Lorg/antlr/v4/runtime/tree/RuleNode;)Ljava/lang/Object;+46
j  SysYParserBaseVisitor.visitCompUnit(LSysYParser$CompUnitContext;)Ljava/lang/Object;+2
j  SysYParser$CompUnitContext.accept(Lorg/antlr/v4/runtime/tree/ParseTreeVisitor;)Ljava/lang/Object;+12
j  org.antlr.v4.runtime.tree.AbstractParseTreeVisitor.visitChildren(Lorg/antlr/v4/runtime/tree/RuleNode;)Ljava/lang/Object;+46
j  SysYParserBaseVisitor.visitProgram(LSysYParser$ProgramContext;)Ljava/lang/Object;+2
j  LlvmVisitor.visitProgram(LSysYParser$ProgramContext;)Lorg/bytedeco/llvm/LLVM/LLVMValueRef;+22
j  LlvmVisitor.visitProgram(LSysYParser$ProgramContext;)Ljava/lang/Object;+2
j  SysYParser$ProgramContext.accept(Lorg/antlr/v4/runtime/tree/ParseTreeVisitor;)Ljava/lang/Object;+12
j  org.antlr.v4.runtime.tree.AbstractParseTreeVisitor.visit(Lorg/antlr/v4/runtime/tree/ParseTree;)Ljava/lang/Object;+2
j  Main.main([Ljava/lang/String;)V+55
v  ~StubRoutines::call_stub

siginfo: si_signo: 11 (SIGSEGV), si_code: 1 (SEGV_MAPERR), si_addr: 0x0000000200000027

Register to memory mapping:

RAX=0x00007f53d83a69f0 points into unknown readable memory: 0x00007f53d83c8f88 | 88 8f 3c d8 53 7f 00 00
RBX=0x00007f53d83a69b0 points into unknown readable memory: 0x00007f53d83d8f50 | 50 8f 3d d8 53 7f 00 00
RCX=0x00007f53d83d8fe8 points into unknown readable memory: 0x00007f53d83a69d0 | d0 69 3a d8 53 7f 00 00
RDX=0x00007f53dc626ba0 is pointing into the stack for thread: 0x00007f53d801a000
RSP=0x00007f53dc626ba0 is pointing into the stack for thread: 0x00007f53d801a000
RBP=0x00007f53d801a348 points into unknown readable memory: 0x00007f53ddbb1b40 | 40 1b bb dd 53 7f 00 00
RSI=0x00007f53dc626bd0 is pointing into the stack for thread: 0x00007f53d801a000
RDI=0x0000000200000027 is an unknown value
R8 =0x00007f53d83a69f0 points into unknown readable memory: 0x00007f53d83c8f88 | 88 8f 3c d8 53 7f 00 00
R9 =0x0 is NULL
R10=0x00007f53d83c8f88 points into unknown readable memory: 0x00007f53d83c8800 | 00 88 3c d8 53 7f 00 00
R11=0x00007f537a1552b0: LLVMBuildAdd+0x0000000000000000 in /home/qutx/.javacpp/cache/llvm-13.0.1-1.5.7-linux-x86_64.jar/org/bytedeco/llvm/linux-x86_64/libLLVM-13.so at 0x00007f537952c000
R12=0x00007f53d83a69f0 points into unknown readable memory: 0x00007f53d83c8f88 | 88 8f 3c d8 53 7f 00 00
R13=0x00007f53d83d8f50 points into unknown readable memory: 0x00007f53d83c8f88 | 88 8f 3c d8 53 7f 00 00
R14=0x00007f53d83d8fe0 points into unknown readable memory: 0x00007f53d83c8f88 | 88 8f 3c d8 53 7f 00 00
R15=0x00007f53d83a69b0 points into unknown readable memory: 0x00007f53d83d8f50 | 50 8f 3d d8 53 7f 00 00


Registers:
RAX=0x00007f53d83a69f0, RBX=0x00007f53d83a69b0, RCX=0x00007f53d83d8fe8, RDX=0x00007f53dc626ba0
RSP=0x00007f53dc626ba0, RBP=0x00007f53d801a348, RSI=0x00007f53dc626bd0, RDI=0x0000000200000027
R8 =0x00007f53d83a69f0, R9 =0x0000000000000000, R10=0x00007f53d83c8f88, R11=0x00007f537a1552b0
R12=0x00007f53d83a69f0, R13=0x00007f53d83d8f50, R14=0x00007f53d83d8fe0, R15=0x00007f53d83a69b0
RIP=0x00007f537a1553ac, EFLAGS=0x0000000000010202, CSGSFS=0x002b000000000033, ERR=0x0000000000000004
  TRAPNO=0x000000000000000e

Top of Stack: (sp=0x00007f53dc626ba0)
0x00007f53dc626ba0:   00007f53d83d9190 00007f53ddd1e299
0x00007f53dc626bb0:   0000000000000005 0000000000000004
0x00007f53dc626bc0:   00007f53d83d0103 00007f53d81212c0
0x00007f53dc626bd0:   00007f53d83d8fe0 00007f53d83a69b0 

Instructions: (pc=0x00007f537a1553ac)
0x00007f537a1552ac:   0f 1f 40 00 41 54 55 53 48 89 fb 48 89 f7 48 89
0x00007f537a1552bc:   d6 ba 01 01 00 00 48 83 ec 60 80 39 00 66 89 54
0x00007f537a1552cc:   24 20 74 09 48 89 0c 24 c6 44 24 20 03 80 7f 10
0x00007f537a1552dc:   12 0f 87 95 00 00 00 80 7e 10 12 0f 87 8b 00 00
0x00007f537a1552ec:   00 4c 8b 4b 48 48 8d 15 18 19 fa ff 49 8b 01 48
0x00007f537a1552fc:   8b 40 10 48 39 d0 0f 85 f0 00 00 00 31 c9 31 d2
0x00007f537a15530c:   e8 7f 13 ff ff 49 89 c4 41 80 7c 24 10 19 76 4b
0x00007f537a15531c:   48 8b 7b 50 48 8b 4b 30 48 89 e2 4c 89 e6 4c 8b
0x00007f537a15532c:   43 38 48 8b 07 ff 50 10 8b 6b 08 48 8b 03 48 c1
0x00007f537a15533c:   e5 04 48 01 c5 48 39 e8 74 21 48 89 c3 0f 1f 80
0x00007f537a15534c:   00 00 00 00 48 8b 53 08 8b 33 4c 89 e7 48 83 c3
0x00007f537a15535c:   10 e8 de 4a 0e 00 48 39 dd 75 e9 48 83 c4 60 4c
0x00007f537a15536c:   89 e0 5b 5d 41 5c c3 0f 1f 44 00 00 48 89 f2 b8
0x00007f537a15537c:   01 01 00 00 48 89 fe 45 31 c0 48 8d 4c 24 30 bf
0x00007f537a15538c:   0d 00 00 00 66 89 44 24 50 e8 76 cf 09 00 48 8b
0x00007f537a15539c:   7b 50 48 89 e2 48 8b 4b 30 49 89 c4 4c 8b 43 38
0x00007f537a1553ac:   48 8b 07 4c 89 e6 ff 50 10 8b 6b 08 48 8b 13 48
0x00007f537a1553bc:   c1 e5 04 48 01 d5 48 39 ea 74 a0 48 89 d3 66 0f
0x00007f537a1553cc:   1f 44 00 00 48 8b 53 08 8b 33 4c 89 e7 48 83 c3
0x00007f537a1553dc:   10 e8 5e 4a 0e 00 48 39 dd 75 e9 48 83 c4 60 4c
0x00007f537a1553ec:   89 e0 5b 5d 41 5c c3 0f 1f 44 00 00 48 89 f2 45
0x00007f537a1553fc:   31 c0 48 89 fe 31 c9 4c 89 cf ff d0 49 89 c4 e9
0x00007f537a15540c:   04 ff ff ff 41 54 55 53 48 89 fb 48 89 f7 48 89
0x00007f537a15541c:   d6 ba 01 01 00 00 48 83 ec 60 80 39 00 66 89 54
0x00007f537a15542c:   24 20 74 09 48 89 0c 24 c6 44 24 20 03 80 7f 10
0x00007f537a15543c:   12 0f 87 95 00 00 00 80 7e 10 12 0f 87 8b 00 00
0x00007f537a15544c:   00 4c 8b 4b 48 48 8d 15 b8 17 fa ff 49 8b 01 48
0x00007f537a15545c:   8b 40 10 48 39 d0 0f 85 f8 00 00 00 b9 01 00 00
0x00007f537a15546c:   00 31 d2 e8 1c 12 ff ff 49 89 c4 41 80 7c 24 10
0x00007f537a15547c:   19 76 48 48 8b 7b 50 48 8b 4b 30 48 89 e2 4c 89
0x00007f537a15548c:   e6 4c 8b 43 38 48 8b 07 ff 50 10 8b 6b 08 48 8b
0x00007f537a15549c:   03 48 c1 e5 04 48 01 c5 48 39 e8 74 1e 48 89 c3 


Stack slot to memory mapping:
stack at sp + 0 slots: 0x00007f53d83d9190 points into unknown readable memory: 0x000000005f706d74 | 74 6d 70 5f 00 00 00 00
stack at sp + 1 slots: 0x00007f53ddd1e299: __libc_malloc+0x00000000000001b9 in /lib/x86_64-linux-gnu/libc.so.6 at 0x00007f53ddc84000
stack at sp + 2 slots: 0x0000000000000005 is an unknown value
stack at sp + 3 slots: 0x0000000000000004 is an unknown value
stack at sp + 4 slots: 0x00007f53d83d0103 points into unknown readable memory: 6c 76 6d 5f 67
stack at sp + 5 slots: 0x00007f53d81212c0 points into unknown readable memory: 0x00000000c675cf40 | 40 cf 75 c6 00 00 00 00
stack at sp + 6 slots: 0x00007f53d83d8fe0 points into unknown readable memory: 0x00007f53d83c8f88 | 88 8f 3c d8 53 7f 00 00
stack at sp + 7 slots: 0x00007f53d83a69b0 points into unknown readable memory: 0x00007f53d83d8f50 | 50 8f 3d d8 53 7f 00 00


---------------  P R O C E S S  ---------------

Threads class SMR info:
_java_thread_list=0x00007f53d8314180, length=13, elements={
0x00007f53d801a000, 0x00007f53d8122800, 0x00007f53d8125000, 0x00007f53d8129800,
0x00007f53d812b800, 0x00007f53d812d800, 0x00007f53d812f800, 0x00007f53d8131000,
0x00007f53d813f000, 0x00007f53d8198000, 0x00007f53d819c800, 0x000055f32bdea800,
0x00007f53d8313000
}

Java Threads: ( => current thread )
=>0x00007f53d801a000 JavaThread "main" [_thread_in_native, id=20782, stack(0x00007f53dc528000,0x00007f53dc629000)]
  0x00007f53d8122800 JavaThread "Reference Handler" daemon [_thread_blocked, id=20792, stack(0x00007f53bc463000,0x00007f53bc564000)]
  0x00007f53d8125000 JavaThread "Finalizer" daemon [_thread_blocked, id=20793, stack(0x00007f53bc362000,0x00007f53bc463000)]
  0x00007f53d8129800 JavaThread "Signal Dispatcher" daemon [_thread_blocked, id=20794, stack(0x00007f53bc261000,0x00007f53bc362000)]
  0x00007f53d812b800 JavaThread "Service Thread" daemon [_thread_blocked, id=20795, stack(0x00007f53bc160000,0x00007f53bc261000)]
  0x00007f53d812d800 JavaThread "C2 CompilerThread0" daemon [_thread_blocked, id=20796, stack(0x00007f53bc05f000,0x00007f53bc160000)]
  0x00007f53d812f800 JavaThread "C1 CompilerThread0" daemon [_thread_blocked, id=20799, stack(0x00007f53adeff000,0x00007f53ae000000)]
  0x00007f53d8131000 JavaThread "Sweeper thread" daemon [_thread_blocked, id=20801, stack(0x00007f53addfe000,0x00007f53adeff000)]
  0x00007f53d813f000 JavaThread "Common-Cleaner" daemon [_thread_blocked, id=20804, stack(0x00007f53adcfd000,0x00007f53addfe000)]
  0x00007f53d8198000 JavaThread "JDWP Transport Listener: dt_socket" daemon [_thread_blocked, id=20808, stack(0x00007f53adbfc000,0x00007f53adcfd000)]
  0x00007f53d819c800 JavaThread "JDWP Event Helper Thread" daemon [_thread_blocked, id=20810, stack(0x00007f53adafb000,0x00007f53adbfc000)]
  0x000055f32bdea800 JavaThread "JDWP Command Reader" daemon [_thread_in_native, id=20811, stack(0x00007f53ad9fa000,0x00007f53adafb000)]
  0x00007f53d8313000 JavaThread "JavaCPP Deallocator" daemon [_thread_blocked, id=20815, stack(0x00007f53ad6f5000,0x00007f53ad7f6000)]

Other Threads:
  0x00007f53d8120000 VMThread "VM Thread" [stack: 0x00007f53bc566000,0x00007f53bc666000] [id=20791]
  0x00007f53d81ad800 WatcherThread [stack: 0x00007f53ad8fa000,0x00007f53ad9fa000] [id=20813]
  0x00007f53d8032800 GCTaskThread "GC Thread#0" [stack: 0x00007f53dc18b000,0x00007f53dc28b000] [id=20783]
  0x00007f53a4001000 GCTaskThread "GC Thread#1" [stack: 0x00007f53ad7f8000,0x00007f53ad8f8000] [id=20814]
  0x00007f53d804d800 ConcurrentGCThread "G1 Main Marker" [stack: 0x00007f53bd3f1000,0x00007f53bd4f1000] [id=20784]
  0x00007f53d804f800 ConcurrentGCThread "G1 Conc#0" [stack: 0x00007f53bd2ef000,0x00007f53bd3ef000] [id=20785]
  0x00007f53d808a800 ConcurrentGCThread "G1 Refine#0" [stack: 0x00007f53bcfeb000,0x00007f53bd0eb000] [id=20786]
  0x00007f53d808c800 ConcurrentGCThread "G1 Young RemSet Sampling" [stack: 0x00007f53bcee9000,0x00007f53bcfe9000] [id=20787]

Threads with active compile tasks:

VM state:not at safepoint (normal execution)

VM Mutex/Monitor currently owned by a thread: None

Heap address: 0x00000000c3200000, size: 974 MB, Compressed Oops mode: 32-bit
Narrow klass base: 0x0000000800000000, Narrow klass shift: 3
Compressed class space size: 1073741824 Address: 0x0000000840000000

Heap:
 garbage-first heap   total 65536K, used 9401K [0x00000000c3200000, 0x0000000100000000)
  region size 1024K, 9 young (9216K), 1 survivors (1024K)
 Metaspace       used 3878K, capacity 6633K, committed 6912K, reserved 1056768K
  class space    used 441K, capacity 700K, committed 768K, reserved 1048576K
Heap Regions: E=young(eden), S=young(survivor), O=old, HS=humongous(starts), HC=humongous(continues), CS=collection set, F=free, A=archive, TAMS=top-at-mark-start (previous, next)
|   0|0x00000000c3200000, 0x00000000c327c400, 0x00000000c3300000| 48%| O|  |TAMS 0x00000000c3200000, 0x00000000c3200000| Untracked 
|   1|0x00000000c3300000, 0x00000000c3300000, 0x00000000c3400000|  0%| F|  |TAMS 0x00000000c3300000, 0x00000000c3300000| Untracked 
|   2|0x00000000c3400000, 0x00000000c3400000, 0x00000000c3500000|  0%| F|  |TAMS 0x00000000c3400000, 0x00000000c3400000| Untracked 
|   3|0x00000000c3500000, 0x00000000c3500000, 0x00000000c3600000|  0%| F|  |TAMS 0x00000000c3500000, 0x00000000c3500000| Untracked 
|   4|0x00000000c3600000, 0x00000000c3600000, 0x00000000c3700000|  0%| F|  |TAMS 0x00000000c3600000, 0x00000000c3600000| Untracked 
|   5|0x00000000c3700000, 0x00000000c3700000, 0x00000000c3800000|  0%| F|  |TAMS 0x00000000c3700000, 0x00000000c3700000| Untracked 
|   6|0x00000000c3800000, 0x00000000c3800000, 0x00000000c3900000|  0%| F|  |TAMS 0x00000000c3800000, 0x00000000c3800000| Untracked 
|   7|0x00000000c3900000, 0x00000000c3900000, 0x00000000c3a00000|  0%| F|  |TAMS 0x00000000c3900000, 0x00000000c3900000| Untracked 
|   8|0x00000000c3a00000, 0x00000000c3a00000, 0x00000000c3b00000|  0%| F|  |TAMS 0x00000000c3a00000, 0x00000000c3a00000| Untracked 
|   9|0x00000000c3b00000, 0x00000000c3b00000, 0x00000000c3c00000|  0%| F|  |TAMS 0x00000000c3b00000, 0x00000000c3b00000| Untracked 
|  10|0x00000000c3c00000, 0x00000000c3c00000, 0x00000000c3d00000|  0%| F|  |TAMS 0x00000000c3c00000, 0x00000000c3c00000| Untracked 
|  11|0x00000000c3d00000, 0x00000000c3d00000, 0x00000000c3e00000|  0%| F|  |TAMS 0x00000000c3d00000, 0x00000000c3d00000| Untracked 
|  12|0x00000000c3e00000, 0x00000000c3e00000, 0x00000000c3f00000|  0%| F|  |TAMS 0x00000000c3e00000, 0x00000000c3e00000| Untracked 
|  13|0x00000000c3f00000, 0x00000000c3f00000, 0x00000000c4000000|  0%| F|  |TAMS 0x00000000c3f00000, 0x00000000c3f00000| Untracked 
|  14|0x00000000c4000000, 0x00000000c4000000, 0x00000000c4100000|  0%| F|  |TAMS 0x00000000c4000000, 0x00000000c4000000| Untracked 
|  15|0x00000000c4100000, 0x00000000c4100000, 0x00000000c4200000|  0%| F|  |TAMS 0x00000000c4100000, 0x00000000c4100000| Untracked 
|  16|0x00000000c4200000, 0x00000000c4200000, 0x00000000c4300000|  0%| F|  |TAMS 0x00000000c4200000, 0x00000000c4200000| Untracked 
|  17|0x00000000c4300000, 0x00000000c4300000, 0x00000000c4400000|  0%| F|  |TAMS 0x00000000c4300000, 0x00000000c4300000| Untracked 
|  18|0x00000000c4400000, 0x00000000c4400000, 0x00000000c4500000|  0%| F|  |TAMS 0x00000000c4400000, 0x00000000c4400000| Untracked 
|  19|0x00000000c4500000, 0x00000000c4500000, 0x00000000c4600000|  0%| F|  |TAMS 0x00000000c4500000, 0x00000000c4500000| Untracked 
|  20|0x00000000c4600000, 0x00000000c4600000, 0x00000000c4700000|  0%| F|  |TAMS 0x00000000c4600000, 0x00000000c4600000| Untracked 
|  21|0x00000000c4700000, 0x00000000c4700000, 0x00000000c4800000|  0%| F|  |TAMS 0x00000000c4700000, 0x00000000c4700000| Untracked 
|  22|0x00000000c4800000, 0x00000000c4800000, 0x00000000c4900000|  0%| F|  |TAMS 0x00000000c4800000, 0x00000000c4800000| Untracked 
|  23|0x00000000c4900000, 0x00000000c4900000, 0x00000000c4a00000|  0%| F|  |TAMS 0x00000000c4900000, 0x00000000c4900000| Untracked 
|  24|0x00000000c4a00000, 0x00000000c4a00000, 0x00000000c4b00000|  0%| F|  |TAMS 0x00000000c4a00000, 0x00000000c4a00000| Untracked 
|  25|0x00000000c4b00000, 0x00000000c4b00000, 0x00000000c4c00000|  0%| F|  |TAMS 0x00000000c4b00000, 0x00000000c4b00000| Untracked 
|  26|0x00000000c4c00000, 0x00000000c4c00000, 0x00000000c4d00000|  0%| F|  |TAMS 0x00000000c4c00000, 0x00000000c4c00000| Untracked 
|  27|0x00000000c4d00000, 0x00000000c4d00000, 0x00000000c4e00000|  0%| F|  |TAMS 0x00000000c4d00000, 0x00000000c4d00000| Untracked 
|  28|0x00000000c4e00000, 0x00000000c4e00000, 0x00000000c4f00000|  0%| F|  |TAMS 0x00000000c4e00000, 0x00000000c4e00000| Untracked 
|  29|0x00000000c4f00000, 0x00000000c4f00000, 0x00000000c5000000|  0%| F|  |TAMS 0x00000000c4f00000, 0x00000000c4f00000| Untracked 
|  30|0x00000000c5000000, 0x00000000c5000000, 0x00000000c5100000|  0%| F|  |TAMS 0x00000000c5000000, 0x00000000c5000000| Untracked 
|  31|0x00000000c5100000, 0x00000000c5100000, 0x00000000c5200000|  0%| F|  |TAMS 0x00000000c5100000, 0x00000000c5100000| Untracked 
|  32|0x00000000c5200000, 0x00000000c5200000, 0x00000000c5300000|  0%| F|  |TAMS 0x00000000c5200000, 0x00000000c5200000| Untracked 
|  33|0x00000000c5300000, 0x00000000c5300000, 0x00000000c5400000|  0%| F|  |TAMS 0x00000000c5300000, 0x00000000c5300000| Untracked 
|  34|0x00000000c5400000, 0x00000000c5400000, 0x00000000c5500000|  0%| F|  |TAMS 0x00000000c5400000, 0x00000000c5400000| Untracked 
|  35|0x00000000c5500000, 0x00000000c5500000, 0x00000000c5600000|  0%| F|  |TAMS 0x00000000c5500000, 0x00000000c5500000| Untracked 
|  36|0x00000000c5600000, 0x00000000c5600000, 0x00000000c5700000|  0%| F|  |TAMS 0x00000000c5600000, 0x00000000c5600000| Untracked 
|  37|0x00000000c5700000, 0x00000000c5700000, 0x00000000c5800000|  0%| F|  |TAMS 0x00000000c5700000, 0x00000000c5700000| Untracked 
|  38|0x00000000c5800000, 0x00000000c5800000, 0x00000000c5900000|  0%| F|  |TAMS 0x00000000c5800000, 0x00000000c5800000| Untracked 
|  39|0x00000000c5900000, 0x00000000c5900000, 0x00000000c5a00000|  0%| F|  |TAMS 0x00000000c5900000, 0x00000000c5900000| Untracked 
|  40|0x00000000c5a00000, 0x00000000c5a00000, 0x00000000c5b00000|  0%| F|  |TAMS 0x00000000c5a00000, 0x00000000c5a00000| Untracked 
|  41|0x00000000c5b00000, 0x00000000c5b00000, 0x00000000c5c00000|  0%| F|  |TAMS 0x00000000c5b00000, 0x00000000c5b00000| Untracked 
|  42|0x00000000c5c00000, 0x00000000c5c00000, 0x00000000c5d00000|  0%| F|  |TAMS 0x00000000c5c00000, 0x00000000c5c00000| Untracked 
|  43|0x00000000c5d00000, 0x00000000c5d00000, 0x00000000c5e00000|  0%| F|  |TAMS 0x00000000c5d00000, 0x00000000c5d00000| Untracked 
|  44|0x00000000c5e00000, 0x00000000c5e00000, 0x00000000c5f00000|  0%| F|  |TAMS 0x00000000c5e00000, 0x00000000c5e00000| Untracked 
|  45|0x00000000c5f00000, 0x00000000c5f00000, 0x00000000c6000000|  0%| F|  |TAMS 0x00000000c5f00000, 0x00000000c5f00000| Untracked 
|  46|0x00000000c6000000, 0x00000000c6000000, 0x00000000c6100000|  0%| F|  |TAMS 0x00000000c6000000, 0x00000000c6000000| Untracked 
|  47|0x00000000c6100000, 0x00000000c6100000, 0x00000000c6200000|  0%| F|  |TAMS 0x00000000c6100000, 0x00000000c6100000| Untracked 
|  48|0x00000000c6200000, 0x00000000c6200000, 0x00000000c6300000|  0%| F|  |TAMS 0x00000000c6200000, 0x00000000c6200000| Untracked 
|  49|0x00000000c6300000, 0x00000000c6300000, 0x00000000c6400000|  0%| F|  |TAMS 0x00000000c6300000, 0x00000000c6300000| Untracked 
|  50|0x00000000c6400000, 0x00000000c6400000, 0x00000000c6500000|  0%| F|  |TAMS 0x00000000c6400000, 0x00000000c6400000| Untracked 
|  51|0x00000000c6500000, 0x00000000c6500000, 0x00000000c6600000|  0%| F|  |TAMS 0x00000000c6500000, 0x00000000c6500000| Untracked 
|  52|0x00000000c6600000, 0x00000000c6600000, 0x00000000c6700000|  0%| F|  |TAMS 0x00000000c6600000, 0x00000000c6600000| Untracked 
|  53|0x00000000c6700000, 0x00000000c6780800, 0x00000000c6800000| 50%| E|  |TAMS 0x00000000c6700000, 0x00000000c6700000| Complete 
|  54|0x00000000c6800000, 0x00000000c6900000, 0x00000000c6900000|100%| S|CS|TAMS 0x00000000c6800000, 0x00000000c6800000| Complete 
|  55|0x00000000c6900000, 0x00000000c6a00000, 0x00000000c6a00000|100%| E|CS|TAMS 0x00000000c6900000, 0x00000000c6900000| Complete 
|  56|0x00000000c6a00000, 0x00000000c6b00000, 0x00000000c6b00000|100%| E|CS|TAMS 0x00000000c6a00000, 0x00000000c6a00000| Complete 
|  57|0x00000000c6b00000, 0x00000000c6c00000, 0x00000000c6c00000|100%| E|CS|TAMS 0x00000000c6b00000, 0x00000000c6b00000| Complete 
|  58|0x00000000c6c00000, 0x00000000c6d00000, 0x00000000c6d00000|100%| E|CS|TAMS 0x00000000c6c00000, 0x00000000c6c00000| Complete 
|  59|0x00000000c6d00000, 0x00000000c6e00000, 0x00000000c6e00000|100%| E|CS|TAMS 0x00000000c6d00000, 0x00000000c6d00000| Complete 
|  60|0x00000000c6e00000, 0x00000000c6f00000, 0x00000000c6f00000|100%| E|CS|TAMS 0x00000000c6e00000, 0x00000000c6e00000| Complete 
|  61|0x00000000c6f00000, 0x00000000c7000000, 0x00000000c7000000|100%| E|CS|TAMS 0x00000000c6f00000, 0x00000000c6f00000| Complete 
| 972|0x00000000ffe00000, 0x00000000ffe47000, 0x00000000fff00000| 27%|OA|  |TAMS 0x00000000ffe00000, 0x00000000ffe00000| Untracked 
| 973|0x00000000fff00000, 0x00000000fff6b000, 0x0000000100000000| 41%|CA|  |TAMS 0x00000000fff00000, 0x00000000fff00000| Untracked 

Card table byte_map: [0x00007f53bf548000,0x00007f53bf72f000] _byte_map_base: 0x00007f53bef2f000

Marking Bits (Prev, Next): (CMBitMap*) 0x00007f53d8048cf8, (CMBitMap*) 0x00007f53d8048d30
 Prev Bits: [0x00007f53be429000, 0x00007f53bf361000)
 Next Bits: [0x00007f53bd4f1000, 0x00007f53be429000)

Polling page: 0x00007f53dc4e5000

Metaspace:

Usage:
  Non-class:      5.79 MB capacity,     3.36 MB ( 58%) used,     2.43 MB ( 42%) free+waste,     7.81 KB ( <1%) overhead. 
      Class:    700.00 KB capacity,   441.24 KB ( 63%) used,   254.70 KB ( 36%) free+waste,     4.06 KB ( <1%) overhead. 
       Both:      6.48 MB capacity,     3.79 MB ( 58%) used,     2.68 MB ( 41%) free+waste,    11.88 KB ( <1%) overhead. 

Virtual space:
  Non-class space:        8.00 MB reserved,       6.00 MB ( 75%) committed 
      Class space:        1.00 GB reserved,     768.00 KB ( <1%) committed 
             Both:        1.01 GB reserved,       6.75 MB ( <1%) committed 

Chunk freelists:
   Non-Class:  0 bytes
       Class:  4.00 KB
        Both:  4.00 KB

MaxMetaspaceSize: unlimited
CompressedClassSpaceSize: 1.00 GB
Initial GC threshold: 20.80 MB
Current GC threshold: 20.80 MB
CDS: on

CodeHeap 'non-profiled nmethods': size=120036Kb used=233Kb max_used=233Kb free=119803Kb
 bounds [0x00007f53c74de000, 0x00007f53c774e000, 0x00007f53cea17000]
CodeHeap 'profiled nmethods': size=120032Kb used=1329Kb max_used=1329Kb free=118702Kb
 bounds [0x00007f53bffa6000, 0x00007f53c0216000, 0x00007f53c74de000]
CodeHeap 'non-nmethods': size=5692Kb used=1204Kb max_used=1212Kb free=4487Kb
 bounds [0x00007f53bfa17000, 0x00007f53bfc87000, 0x00007f53bffa6000]
 total_blobs=1141 nmethods=742 adapters=321
 compilation: enabled
              stopped_count=0, restarted_count=0
 full_count=0

Compilation events (20 events):
Event: 1.151 Thread 0x00007f53d812f800 nmethod 690 0x00007f53c00eb610 code [0x00007f53c00eb7e0, 0x00007f53c00eb9c0]
Event: 1.154 Thread 0x00007f53d812f800  695  s    3       java.util.jar.JarFile::getInputStream (72 bytes)
Event: 1.154 Thread 0x00007f53d812f800 nmethod 695 0x00007f53c00eba90 code [0x00007f53c00ebcc0, 0x00007f53c00ec310]
Event: 1.154 Thread 0x00007f53d812f800  696       3       jdk.internal.loader.URLClassPath$JarLoader$2::getCodeSourceURL (8 bytes)
Event: 1.155 Thread 0x00007f53d812f800 nmethod 696 0x00007f53c00ec490 code [0x00007f53c00ec640, 0x00007f53c00ec770]
Event: 1.155 Thread 0x00007f53d812f800  697       3       jdk.internal.loader.URLClassPath$JarLoader$2::getManifest (26 bytes)
Event: 1.155 Thread 0x00007f53d812f800 nmethod 697 0x00007f53c00ec810 code [0x00007f53c00eca20, 0x00007f53c00ecf20]
Event: 1.155 Thread 0x00007f53d812f800  698       3       java.util.jar.JavaUtilJarAccessImpl::getTrustedAttributes (6 bytes)
Event: 1.155 Thread 0x00007f53d812f800 nmethod 698 0x00007f53c00ed190 code [0x00007f53c00ed340, 0x00007f53c00ed4c0]
Event: 1.156 Thread 0x00007f53d812f800  699       3       java.util.zip.ZipFile::getZipEntry (325 bytes)
Event: 1.157 Thread 0x00007f53d812f800 nmethod 699 0x00007f53c00ed590 code [0x00007f53c00ed940, 0x00007f53c00ef860]
Event: 1.157 Thread 0x00007f53d812f800  700       3       java.lang.ClassLoader::definePackage (84 bytes)
Event: 1.160 Thread 0x00007f53d812f800 nmethod 700 0x00007f53c00f0510 code [0x00007f53c00f0820, 0x00007f53c00f19f0]
Event: 1.160 Thread 0x00007f53d812f800  701       3       java.lang.Package::isSealed (26 bytes)
Event: 1.160 Thread 0x00007f53d812f800 nmethod 701 0x00007f53c00f1f90 code [0x00007f53c00f2160, 0x00007f53c00f2490]
Event: 1.176 Thread 0x00007f53d812d800 nmethod 672 0x00007f53c750e890 code [0x00007f53c750ea60, 0x00007f53c750f618]
Event: 1.176 Thread 0x00007f53d812d800  674       4       jdk.internal.jimage.ImageLocation::decompress (153 bytes)
Event: 1.187 Thread 0x00007f53d812d800 nmethod 674 0x00007f53c750fd10 code [0x00007f53c750fec0, 0x00007f53c7510278]
Event: 1.187 Thread 0x00007f53d812d800  692       4       java.util.zip.ZipUtils::LG (22 bytes)
Event: 1.188 Thread 0x00007f53d812d800 nmethod 692 0x00007f53c7510590 code [0x00007f53c7510720, 0x00007f53c75107f8]

GC Heap History (2 events):
Event: 0.826 GC heap before
{Heap before GC invocations=0 (full 0):
 garbage-first heap   total 65536K, used 6856K [0x00000000c3200000, 0x0000000100000000)
  region size 1024K, 7 young (7168K), 0 survivors (0K)
 Metaspace       used 2130K, capacity 5600K, committed 5760K, reserved 1056768K
  class space    used 242K, capacity 566K, committed 640K, reserved 1048576K
}
Event: 0.844 GC heap after
{Heap after GC invocations=1 (full 0):
 garbage-first heap   total 65536K, used 2233K [0x00000000c3200000, 0x0000000100000000)
  region size 1024K, 1 young (1024K), 1 survivors (1024K)
 Metaspace       used 2130K, capacity 5600K, committed 5760K, reserved 1056768K
  class space    used 242K, capacity 566K, committed 640K, reserved 1048576K
}

Deoptimization events (20 events):
Event: 1.082 Thread 0x00007f53d801a000 DEOPT PACKING pc=0x00007f53c00ae3d4 sp=0x00007f53dc625240
Event: 1.082 Thread 0x00007f53d801a000 DEOPT UNPACKING pc=0x00007f53bfa6164a sp=0x00007f53dc624730 mode 1
Event: 1.082 Thread 0x00007f53d801a000 DEOPT PACKING pc=0x00007f53c00ae3d4 sp=0x00007f53dc625240
Event: 1.082 Thread 0x00007f53d801a000 DEOPT UNPACKING pc=0x00007f53bfa6164a sp=0x00007f53dc624730 mode 1
Event: 1.082 Thread 0x00007f53d801a000 DEOPT PACKING pc=0x00007f53c00ae3d4 sp=0x00007f53dc625240
Event: 1.082 Thread 0x00007f53d801a000 DEOPT UNPACKING pc=0x00007f53bfa6164a sp=0x00007f53dc624730 mode 1
Event: 1.082 Thread 0x00007f53d801a000 DEOPT PACKING pc=0x00007f53c00ae3d4 sp=0x00007f53dc625240
Event: 1.082 Thread 0x00007f53d801a000 DEOPT UNPACKING pc=0x00007f53bfa6164a sp=0x00007f53dc624730 mode 1
Event: 1.082 Thread 0x00007f53d801a000 DEOPT PACKING pc=0x00007f53c00ae3d4 sp=0x00007f53dc625240
Event: 1.082 Thread 0x00007f53d801a000 DEOPT UNPACKING pc=0x00007f53bfa6164a sp=0x00007f53dc624730 mode 1
Event: 1.082 Thread 0x00007f53d801a000 DEOPT PACKING pc=0x00007f53c00ae3d4 sp=0x00007f53dc625240
Event: 1.082 Thread 0x00007f53d801a000 DEOPT UNPACKING pc=0x00007f53bfa6164a sp=0x00007f53dc624730 mode 1
Event: 1.082 Thread 0x00007f53d801a000 DEOPT PACKING pc=0x00007f53c00ae3d4 sp=0x00007f53dc625240
Event: 1.082 Thread 0x00007f53d801a000 DEOPT UNPACKING pc=0x00007f53bfa6164a sp=0x00007f53dc624730 mode 1
Event: 1.082 Thread 0x00007f53d801a000 DEOPT PACKING pc=0x00007f53c00ae3d4 sp=0x00007f53dc625240
Event: 1.082 Thread 0x00007f53d801a000 DEOPT UNPACKING pc=0x00007f53bfa6164a sp=0x00007f53dc624730 mode 1
Event: 1.082 Thread 0x00007f53d801a000 DEOPT PACKING pc=0x00007f53c00ae3d4 sp=0x00007f53dc625240
Event: 1.082 Thread 0x00007f53d801a000 DEOPT UNPACKING pc=0x00007f53bfa6164a sp=0x00007f53dc624730 mode 1
Event: 1.109 Thread 0x00007f53d801a000 DEOPT PACKING pc=0x00007f53c008958a sp=0x00007f53dc626630
Event: 1.109 Thread 0x00007f53d801a000 DEOPT UNPACKING pc=0x00007f53bfa6164a sp=0x00007f53dc625ad8 mode 0

Classes redefined (0 events):
No events

Internal exceptions (20 events):
Event: 1.082 Thread 0x00007f53d801a000 Exception <a 'java/security/PrivilegedActionException'{0x00000000c6c1d9f0}> (0x00000000c6c1d9f0) thrown at [src/hotspot/share/prims/jvm.cpp, line 1304]
Event: 1.082 Thread 0x00007f53d801a000 Exception <a 'java/security/PrivilegedActionException'{0x00000000c6c1dcc0}> (0x00000000c6c1dcc0) thrown at [src/hotspot/share/prims/jvm.cpp, line 1304]
Event: 1.082 Thread 0x00007f53d801a000 Exception <a 'java/security/PrivilegedActionException'{0x00000000c6c1e630}> (0x00000000c6c1e630) thrown at [src/hotspot/share/prims/jvm.cpp, line 1304]
Event: 1.082 Thread 0x00007f53d801a000 Exception <a 'java/security/PrivilegedActionException'{0x00000000c6c1e900}> (0x00000000c6c1e900) thrown at [src/hotspot/share/prims/jvm.cpp, line 1304]
Event: 1.082 Thread 0x00007f53d801a000 Exception <a 'java/security/PrivilegedActionException'{0x00000000c6c1f270}> (0x00000000c6c1f270) thrown at [src/hotspot/share/prims/jvm.cpp, line 1304]
Event: 1.082 Thread 0x00007f53d801a000 Exception <a 'java/security/PrivilegedActionException'{0x00000000c6c1f540}> (0x00000000c6c1f540) thrown at [src/hotspot/share/prims/jvm.cpp, line 1304]
Event: 1.082 Thread 0x00007f53d801a000 Exception <a 'java/security/PrivilegedActionException'{0x00000000c6c1fec8}> (0x00000000c6c1fec8) thrown at [src/hotspot/share/prims/jvm.cpp, line 1304]
Event: 1.082 Thread 0x00007f53d801a000 Exception <a 'java/security/PrivilegedActionException'{0x00000000c6c20198}> (0x00000000c6c20198) thrown at [src/hotspot/share/prims/jvm.cpp, line 1304]
Event: 1.082 Thread 0x00007f53d801a000 Exception <a 'java/security/PrivilegedActionException'{0x00000000c6c20b20}> (0x00000000c6c20b20) thrown at [src/hotspot/share/prims/jvm.cpp, line 1304]
Event: 1.082 Thread 0x00007f53d801a000 Exception <a 'java/security/PrivilegedActionException'{0x00000000c6c20df0}> (0x00000000c6c20df0) thrown at [src/hotspot/share/prims/jvm.cpp, line 1304]
Event: 1.082 Thread 0x00007f53d801a000 Exception <a 'java/security/PrivilegedActionException'{0x00000000c6c21778}> (0x00000000c6c21778) thrown at [src/hotspot/share/prims/jvm.cpp, line 1304]
Event: 1.082 Thread 0x00007f53d801a000 Exception <a 'java/security/PrivilegedActionException'{0x00000000c6c21a48}> (0x00000000c6c21a48) thrown at [src/hotspot/share/prims/jvm.cpp, line 1304]
Event: 1.082 Thread 0x00007f53d801a000 Exception <a 'java/security/PrivilegedActionException'{0x00000000c6c223b8}> (0x00000000c6c223b8) thrown at [src/hotspot/share/prims/jvm.cpp, line 1304]
Event: 1.082 Thread 0x00007f53d801a000 Exception <a 'java/security/PrivilegedActionException'{0x00000000c6c22688}> (0x00000000c6c22688) thrown at [src/hotspot/share/prims/jvm.cpp, line 1304]
Event: 1.082 Thread 0x00007f53d801a000 Exception <a 'java/security/PrivilegedActionException'{0x00000000c6c23010}> (0x00000000c6c23010) thrown at [src/hotspot/share/prims/jvm.cpp, line 1304]
Event: 1.082 Thread 0x00007f53d801a000 Exception <a 'java/security/PrivilegedActionException'{0x00000000c6c232e0}> (0x00000000c6c232e0) thrown at [src/hotspot/share/prims/jvm.cpp, line 1304]
Event: 4.460 Thread 0x00007f53d801a000 Exception <a 'java/lang/NoSuchMethodError'{0x00000000c670cce8}: 'java.lang.Object java.lang.invoke.DirectMethodHandle$Holder.invokeStatic(java.lang.Object, java.lang.Object, java.lang.Object, java.lang.Object, java.lang.Object, java.lang.Object, java.lang.Object, java.lang.Object, java.lang.Object, java.lang.Object, java.lang.Object, int)'> (0x00000000c670cce8) thrown at [src/hotspot/share/interpreter/linkResolver.cpp, line 772]
Event: 4.513 Thread 0x00007f53d801a000 Exception <a 'java/lang/NoSuchMethodError'{0x00000000c672d678}: 'java.lang.Object java.lang.invoke.DirectMethodHandle$Holder.invokeStatic(java.lang.Object, java.lang.Object, java.lang.Object, java.lang.Object, java.lang.Object, java.lang.Object, java.lang.Object, java.lang.Object, java.lang.Object, java.lang.Object, java.lang.Object, int, int)'> (0x00000000c672d678) thrown at [src/hotspot/share/interpreter/linkResolver.cpp, line 772]
Event: 4.543 Thread 0x00007f53d801a000 Exception <a 'java/lang/NoSuchMethodError'{0x00000000c674dbc8}: 'java.lang.Object java.lang.invoke.DirectMethodHandle$Holder.invokeStatic(java.lang.Object, java.lang.Object, java.lang.Object, java.lang.Object, java.lang.Object, java.lang.Object, java.lang.Object, java.lang.Object, java.lang.Object, java.lang.Object, java.lang.Object, int, int, java.lang.Object)'> (0x00000000c674dbc8) thrown at [src/hotspot/share/interpreter/linkResolver.cpp, line 772]
Event: 4.557 Thread 0x00007f53d801a000 Exception <a 'java/lang/NoSuchMethodError'{0x00000000c6759e20}: 'java.lang.Object java.lang.invoke.Invokers$Holder.linkToTargetMethod(java.lang.Object, int, java.lang.Object)'> (0x00000000c6759e20) thrown at [src/hotspot/share/interpreter/linkResolver.cpp, line 772]

Events (20 events):
Event: 4.389 loading class java/lang/invoke/BoundMethodHandle$Species_LL
Event: 4.389 loading class java/lang/invoke/BoundMethodHandle$Species_LL done
Event: 4.394 loading class java/lang/invoke/BoundMethodHandle$Species_LLL
Event: 4.394 loading class java/lang/invoke/BoundMethodHandle$Species_LLL done
Event: 4.399 loading class java/lang/invoke/BoundMethodHandle$Species_LLLL
Event: 4.399 loading class java/lang/invoke/BoundMethodHandle$Species_LLLL done
Event: 4.408 loading class java/lang/invoke/BoundMethodHandle$Species_LLLLL
Event: 4.408 loading class java/lang/invoke/BoundMethodHandle$Species_LLLLL done
Event: 4.413 loading class java/lang/invoke/BoundMethodHandle$Species_LLLLLL
Event: 4.413 loading class java/lang/invoke/BoundMethodHandle$Species_LLLLLL done
Event: 4.424 loading class java/lang/invoke/BoundMethodHandle$Species_LLLLLLL
Event: 4.424 loading class java/lang/invoke/BoundMethodHandle$Species_LLLLLLL done
Event: 4.429 loading class java/lang/invoke/BoundMethodHandle$Species_LLLLLLLL
Event: 4.429 loading class java/lang/invoke/BoundMethodHandle$Species_LLLLLLLL done
Event: 4.439 loading class java/lang/invoke/BoundMethodHandle$Species_LLLLLLLLI
Event: 4.439 loading class java/lang/invoke/BoundMethodHandle$Species_LLLLLLLLI done
Event: 4.492 loading class java/lang/invoke/BoundMethodHandle$Species_LLLLLLLLII
Event: 4.492 loading class java/lang/invoke/BoundMethodHandle$Species_LLLLLLLLII done
Event: 4.524 loading class java/lang/invoke/BoundMethodHandle$Species_LLLLLLLLIIL
Event: 4.524 loading class java/lang/invoke/BoundMethodHandle$Species_LLLLLLLLIIL done


Dynamic libraries:
c3200000-c7000000 rw-p 00000000 00:00 0 
c7000000-ffe00000 ---p 00000000 00:00 0 
ffe00000-ffe47000 rw-p 00b0a000 08:05 922150                             /usr/lib/jvm/java-11-openjdk-amd64/lib/server/classes.jsa
ffe47000-fff00000 rw-p 00000000 00:00 0 
fff00000-fff6b000 rw-p 00a9f000 08:05 922150                             /usr/lib/jvm/java-11-openjdk-amd64/lib/server/classes.jsa
fff6b000-100000000 rw-p 00000000 00:00 0 
800000000-800002000 rwxp 00001000 08:05 922150                           /usr/lib/jvm/java-11-openjdk-amd64/lib/server/classes.jsa
800002000-800a9e000 rw-p 00003000 08:05 922150                           /usr/lib/jvm/java-11-openjdk-amd64/lib/server/classes.jsa
840000000-8400c0000 rw-p 00000000 00:00 0 
8400c0000-880000000 ---p 00000000 00:00 0 
55f32b8e1000-55f32b8e2000 r--p 00000000 08:05 922046                     /usr/lib/jvm/java-11-openjdk-amd64/bin/java
55f32b8e2000-55f32b8e3000 r-xp 00001000 08:05 922046                     /usr/lib/jvm/java-11-openjdk-amd64/bin/java
55f32b8e3000-55f32b8e4000 r--p 00002000 08:05 922046                     /usr/lib/jvm/java-11-openjdk-amd64/bin/java
55f32b8e4000-55f32b8e5000 r--p 00002000 08:05 922046                     /usr/lib/jvm/java-11-openjdk-amd64/bin/java
55f32b8e5000-55f32b8e6000 rw-p 00003000 08:05 922046                     /usr/lib/jvm/java-11-openjdk-amd64/bin/java
55f32bdd1000-55f32be13000 rw-p 00000000 00:00 0                          [heap]
7f537952c000-7f5379e52000 r--p 00000000 08:05 1461981                    /home/qutx/.javacpp/cache/llvm-13.0.1-1.5.7-linux-x86_64.jar/org/bytedeco/llvm/linux-x86_64/libLLVM-13.so
7f5379e52000-7f537d815000 r-xp 00926000 08:05 1461981                    /home/qutx/.javacpp/cache/llvm-13.0.1-1.5.7-linux-x86_64.jar/org/bytedeco/llvm/linux-x86_64/libLLVM-13.so
7f537d815000-7f537fa6a000 r--p 042e9000 08:05 1461981                    /home/qutx/.javacpp/cache/llvm-13.0.1-1.5.7-linux-x86_64.jar/org/bytedeco/llvm/linux-x86_64/libLLVM-13.so
7f537fa6a000-7f537ff7f000 r--p 0653d000 08:05 1461981                    /home/qutx/.javacpp/cache/llvm-13.0.1-1.5.7-linux-x86_64.jar/org/bytedeco/llvm/linux-x86_64/libLLVM-13.so
7f537ff7f000-7f537ff8a000 rw-p 06a52000 08:05 1461981                    /home/qutx/.javacpp/cache/llvm-13.0.1-1.5.7-linux-x86_64.jar/org/bytedeco/llvm/linux-x86_64/libLLVM-13.so
7f537ff8a000-7f5380000000 rw-p 00000000 00:00 0 
7f5380000000-7f5380021000 rw-p 00000000 00:00 0 
7f5380021000-7f5384000000 ---p 00000000 00:00 0 
7f5384000000-7f5384021000 rw-p 00000000 00:00 0 
7f5384021000-7f5388000000 ---p 00000000 00:00 0 
7f5388000000-7f538827b000 rw-p 00000000 00:00 0 
7f538827b000-7f538c000000 ---p 00000000 00:00 0 
7f538c000000-7f538c466000 rw-p 00000000 00:00 0 
7f538c466000-7f5390000000 ---p 00000000 00:00 0 
7f5390000000-7f5390021000 rw-p 00000000 00:00 0 
7f5390021000-7f5394000000 ---p 00000000 00:00 0 
7f5394000000-7f5394021000 rw-p 00000000 00:00 0 
7f5394021000-7f5398000000 ---p 00000000 00:00 0 
7f5398000000-7f5398021000 rw-p 00000000 00:00 0 
7f5398021000-7f539c000000 ---p 00000000 00:00 0 
7f539c000000-7f539c021000 rw-p 00000000 00:00 0 
7f539c021000-7f53a0000000 ---p 00000000 00:00 0 
7f53a0000000-7f53a0021000 rw-p 00000000 00:00 0 
7f53a0021000-7f53a4000000 ---p 00000000 00:00 0 
7f53a4000000-7f53a4021000 rw-p 00000000 00:00 0 
7f53a4021000-7f53a8000000 ---p 00000000 00:00 0 
7f53a8000000-7f53a8021000 rw-p 00000000 00:00 0 
7f53a8021000-7f53ac000000 ---p 00000000 00:00 0 
7f53ad5ef000-7f53ad654000 r--p 00000000 08:05 1461986                    /home/qutx/.javacpp/cache/llvm-13.0.1-1.5.7-linux-x86_64.jar/org/bytedeco/llvm/linux-x86_64/libjniLLVM.so
7f53ad654000-7f53ad6c2000 r-xp 00065000 08:05 1461986                    /home/qutx/.javacpp/cache/llvm-13.0.1-1.5.7-linux-x86_64.jar/org/bytedeco/llvm/linux-x86_64/libjniLLVM.so
7f53ad6c2000-7f53ad6ed000 r--p 000d3000 08:05 1461986                    /home/qutx/.javacpp/cache/llvm-13.0.1-1.5.7-linux-x86_64.jar/org/bytedeco/llvm/linux-x86_64/libjniLLVM.so
7f53ad6ed000-7f53ad6f0000 r--p 000fd000 08:05 1461986                    /home/qutx/.javacpp/cache/llvm-13.0.1-1.5.7-linux-x86_64.jar/org/bytedeco/llvm/linux-x86_64/libjniLLVM.so
7f53ad6f0000-7f53ad6f3000 rw-p 00100000 08:05 1461986                    /home/qutx/.javacpp/cache/llvm-13.0.1-1.5.7-linux-x86_64.jar/org/bytedeco/llvm/linux-x86_64/libjniLLVM.so
7f53ad6f3000-7f53ad6f5000 rw-p 00000000 00:00 0 
7f53ad6f5000-7f53ad6f9000 ---p 00000000 00:00 0 
7f53ad6f9000-7f53ad7f6000 rw-p 00000000 00:00 0 
7f53ad7f6000-7f53ad7f7000 ---p 00000000 00:00 0 
7f53ad7f7000-7f53ad8f8000 rw-p 00000000 00:00 0 
7f53ad8f8000-7f53ad8f9000 ---p 00000000 00:00 0 
7f53ad8f9000-7f53ad9fa000 rw-p 00000000 00:00 0 
7f53ad9fa000-7f53ad9fe000 ---p 00000000 00:00 0 
7f53ad9fe000-7f53adafb000 rw-p 00000000 00:00 0 
7f53adafb000-7f53adaff000 ---p 00000000 00:00 0 
7f53adaff000-7f53adbfc000 rw-p 00000000 00:00 0 
7f53adbfc000-7f53adc00000 ---p 00000000 00:00 0 
7f53adc00000-7f53adcfd000 rw-p 00000000 00:00 0 
7f53adcfd000-7f53add01000 ---p 00000000 00:00 0 
7f53add01000-7f53addfe000 rw-p 00000000 00:00 0 
7f53addfe000-7f53ade02000 ---p 00000000 00:00 0 
7f53ade02000-7f53adeff000 rw-p 00000000 00:00 0 
7f53adeff000-7f53adf03000 ---p 00000000 00:00 0 
7f53adf03000-7f53b0000000 rw-p 00000000 00:00 0 
7f53b0000000-7f53b0021000 rw-p 00000000 00:00 0 
7f53b0021000-7f53b4000000 ---p 00000000 00:00 0 
7f53b4000000-7f53b4021000 rw-p 00000000 00:00 0 
7f53b4021000-7f53b8000000 ---p 00000000 00:00 0 
7f53b8000000-7f53b8021000 rw-p 00000000 00:00 0 
7f53b8021000-7f53bc000000 ---p 00000000 00:00 0 
7f53bc006000-7f53bc00d000 r--p 00000000 08:05 1461982                    /home/qutx/.javacpp/cache/llvm-13.0.1-1.5.7-linux-x86_64.jar/org/bytedeco/llvm/linux-x86_64/libLTO.so.13
7f53bc00d000-7f53bc015000 r-xp 00007000 08:05 1461982                    /home/qutx/.javacpp/cache/llvm-13.0.1-1.5.7-linux-x86_64.jar/org/bytedeco/llvm/linux-x86_64/libLTO.so.13
7f53bc015000-7f53bc017000 r--p 0000f000 08:05 1461982                    /home/qutx/.javacpp/cache/llvm-13.0.1-1.5.7-linux-x86_64.jar/org/bytedeco/llvm/linux-x86_64/libLTO.so.13
7f53bc017000-7f53bc018000 r--p 00010000 08:05 1461982                    /home/qutx/.javacpp/cache/llvm-13.0.1-1.5.7-linux-x86_64.jar/org/bytedeco/llvm/linux-x86_64/libLTO.so.13
7f53bc018000-7f53bc019000 rw-p 00011000 08:05 1461982                    /home/qutx/.javacpp/cache/llvm-13.0.1-1.5.7-linux-x86_64.jar/org/bytedeco/llvm/linux-x86_64/libLTO.so.13
7f53bc019000-7f53bc01d000 r--p 00000000 08:05 1461975                    /home/qutx/.javacpp/cache/javacpp-1.5.7-linux-x86_64.jar/org/bytedeco/javacpp/linux-x86_64/libjnijavacpp.so
7f53bc01d000-7f53bc024000 r-xp 00004000 08:05 1461975                    /home/qutx/.javacpp/cache/javacpp-1.5.7-linux-x86_64.jar/org/bytedeco/javacpp/linux-x86_64/libjnijavacpp.so
7f53bc024000-7f53bc028000 r--p 0000b000 08:05 1461975                    /home/qutx/.javacpp/cache/javacpp-1.5.7-linux-x86_64.jar/org/bytedeco/javacpp/linux-x86_64/libjnijavacpp.so
7f53bc028000-7f53bc029000 r--p 0000e000 08:05 1461975                    /home/qutx/.javacpp/cache/javacpp-1.5.7-linux-x86_64.jar/org/bytedeco/javacpp/linux-x86_64/libjnijavacpp.so
7f53bc029000-7f53bc02a000 rw-p 0000f000 08:05 1461975                    /home/qutx/.javacpp/cache/javacpp-1.5.7-linux-x86_64.jar/org/bytedeco/javacpp/linux-x86_64/libjnijavacpp.so
7f53bc02a000-7f53bc02e000 r--p 00000000 08:05 922115                     /usr/lib/jvm/java-11-openjdk-amd64/lib/libnet.so
7f53bc02e000-7f53bc03c000 r-xp 00004000 08:05 922115                     /usr/lib/jvm/java-11-openjdk-amd64/lib/libnet.so
7f53bc03c000-7f53bc040000 r--p 00012000 08:05 922115                     /usr/lib/jvm/java-11-openjdk-amd64/lib/libnet.so
7f53bc040000-7f53bc041000 r--p 00015000 08:05 922115                     /usr/lib/jvm/java-11-openjdk-amd64/lib/libnet.so
7f53bc041000-7f53bc042000 rw-p 00016000 08:05 922115                     /usr/lib/jvm/java-11-openjdk-amd64/lib/libnet.so
7f53bc042000-7f53bc049000 r--p 00000000 08:05 922116                     /usr/lib/jvm/java-11-openjdk-amd64/lib/libnio.so
7f53bc049000-7f53bc051000 r-xp 00007000 08:05 922116                     /usr/lib/jvm/java-11-openjdk-amd64/lib/libnio.so
7f53bc051000-7f53bc054000 r--p 0000f000 08:05 922116                     /usr/lib/jvm/java-11-openjdk-amd64/lib/libnio.so
7f53bc054000-7f53bc055000 r--p 00011000 08:05 922116                     /usr/lib/jvm/java-11-openjdk-amd64/lib/libnio.so
7f53bc055000-7f53bc056000 rw-p 00012000 08:05 922116                     /usr/lib/jvm/java-11-openjdk-amd64/lib/libnio.so
7f53bc056000-7f53bc058000 r--p 00000000 08:05 922096                     /usr/lib/jvm/java-11-openjdk-amd64/lib/libdt_socket.so
7f53bc058000-7f53bc05b000 r-xp 00002000 08:05 922096                     /usr/lib/jvm/java-11-openjdk-amd64/lib/libdt_socket.so
7f53bc05b000-7f53bc05c000 r--p 00005000 08:05 922096                     /usr/lib/jvm/java-11-openjdk-amd64/lib/libdt_socket.so
7f53bc05c000-7f53bc05d000 ---p 00006000 08:05 922096                     /usr/lib/jvm/java-11-openjdk-amd64/lib/libdt_socket.so
7f53bc05d000-7f53bc05e000 r--p 00006000 08:05 922096                     /usr/lib/jvm/java-11-openjdk-amd64/lib/libdt_socket.so
7f53bc05e000-7f53bc05f000 rw-p 00007000 08:05 922096                     /usr/lib/jvm/java-11-openjdk-amd64/lib/libdt_socket.so
7f53bc05f000-7f53bc063000 ---p 00000000 00:00 0 
7f53bc063000-7f53bc160000 rw-p 00000000 00:00 0 
7f53bc160000-7f53bc164000 ---p 00000000 00:00 0 
7f53bc164000-7f53bc261000 rw-p 00000000 00:00 0 
7f53bc261000-7f53bc265000 ---p 00000000 00:00 0 
7f53bc265000-7f53bc362000 rw-p 00000000 00:00 0 
7f53bc362000-7f53bc366000 ---p 00000000 00:00 0 
7f53bc366000-7f53bc463000 rw-p 00000000 00:00 0 
7f53bc463000-7f53bc467000 ---p 00000000 00:00 0 
7f53bc467000-7f53bc564000 rw-p 00000000 00:00 0 
7f53bc564000-7f53bc565000 ---p 00000000 00:00 0 
7f53bc565000-7f53bcce7000 rw-p 00000000 00:00 0 
7f53bcce7000-7f53bcee7000 ---p 00000000 00:00 0 
7f53bcee7000-7f53bcee8000 ---p 00000000 00:00 0 
7f53bcee8000-7f53bcfe9000 rw-p 00000000 00:00 0 
7f53bcfe9000-7f53bcfea000 ---p 00000000 00:00 0 
7f53bcfea000-7f53bd2ed000 rw-p 00000000 00:00 0 
7f53bd2ed000-7f53bd2ee000 ---p 00000000 00:00 0 
7f53bd2ee000-7f53bd3ef000 rw-p 00000000 00:00 0 
7f53bd3ef000-7f53bd3f0000 ---p 00000000 00:00 0 
7f53bd3f0000-7f53bd5e9000 rw-p 00000000 00:00 0 
7f53bd5e9000-7f53be421000 ---p 00000000 00:00 0 
7f53be421000-7f53be521000 rw-p 00000000 00:00 0 
7f53be521000-7f53bf359000 ---p 00000000 00:00 0 
7f53bf359000-7f53bf380000 rw-p 00000000 00:00 0 
7f53bf380000-7f53bf547000 ---p 00000000 00:00 0 
7f53bf547000-7f53bf567000 rw-p 00000000 00:00 0 
7f53bf567000-7f53bf72e000 ---p 00000000 00:00 0 
7f53bf72e000-7f53bf74e000 rw-p 00000000 00:00 0 
7f53bf74e000-7f53bf915000 ---p 00000000 00:00 0 
7f53bf915000-7f53bfa17000 rw-p 00000000 00:00 0 
7f53bfa17000-7f53bfc87000 rwxp 00000000 00:00 0 
7f53bfc87000-7f53bffa6000 ---p 00000000 00:00 0 
7f53bffa6000-7f53c0216000 rwxp 00000000 00:00 0 
7f53c0216000-7f53c74de000 ---p 00000000 00:00 0 
7f53c74de000-7f53c774e000 rwxp 00000000 00:00 0 
7f53c774e000-7f53cea17000 ---p 00000000 00:00 0 
7f53cea17000-7f53d7222000 r--s 00000000 08:05 922125                     /usr/lib/jvm/java-11-openjdk-amd64/lib/modules
7f53d7222000-7f53d8000000 r--p 00000000 08:05 922866                     /usr/lib/locale/locale-archive
7f53d8000000-7f53d83db000 rw-p 00000000 00:00 0 
7f53d83db000-7f53dc000000 ---p 00000000 00:00 0 
7f53dc000000-7f53dc001000 r--p 00000000 08:05 1461984                    /home/qutx/.javacpp/cache/llvm-13.0.1-1.5.7-linux-x86_64.jar/org/bytedeco/llvm/linux-x86_64/libRemarks.so.13
7f53dc001000-7f53dc002000 r-xp 00001000 08:05 1461984                    /home/qutx/.javacpp/cache/llvm-13.0.1-1.5.7-linux-x86_64.jar/org/bytedeco/llvm/linux-x86_64/libRemarks.so.13
7f53dc002000-7f53dc003000 r--p 00002000 08:05 1461984                    /home/qutx/.javacpp/cache/llvm-13.0.1-1.5.7-linux-x86_64.jar/org/bytedeco/llvm/linux-x86_64/libRemarks.so.13
7f53dc003000-7f53dc004000 r--p 00002000 08:05 1461984                    /home/qutx/.javacpp/cache/llvm-13.0.1-1.5.7-linux-x86_64.jar/org/bytedeco/llvm/linux-x86_64/libRemarks.so.13
7f53dc004000-7f53dc005000 rw-p 00003000 08:05 1461984                    /home/qutx/.javacpp/cache/llvm-13.0.1-1.5.7-linux-x86_64.jar/org/bytedeco/llvm/linux-x86_64/libRemarks.so.13
7f53dc005000-7f53dc00c000 r--s 00000000 08:05 1447316                    /usr/lib/x86_64-linux-gnu/gconv/gconv-modules.cache
7f53dc00c000-7f53dc189000 rw-p 00000000 00:00 0 
7f53dc189000-7f53dc18a000 ---p 00000000 00:00 0 
7f53dc18a000-7f53dc290000 rw-p 00000000 00:00 0 
7f53dc290000-7f53dc376000 ---p 00000000 00:00 0 
7f53dc376000-7f53dc37b000 rw-p 00000000 00:00 0 
7f53dc37b000-7f53dc461000 ---p 00000000 00:00 0 
7f53dc461000-7f53dc466000 rw-p 00000000 00:00 0 
7f53dc466000-7f53dc46d000 ---p 00000000 00:00 0 
7f53dc46d000-7f53dc473000 r--s 00067000 08:05 1843477                    /opt/idea-IC-223.8617.56/plugins/java/lib/rt/debugger-agent.jar
7f53dc473000-7f53dc476000 r--p 00000000 08:05 924341                     /usr/lib/x86_64-linux-gnu/libnss_files-2.31.so
7f53dc476000-7f53dc47d000 r-xp 00003000 08:05 924341                     /usr/lib/x86_64-linux-gnu/libnss_files-2.31.so
7f53dc47d000-7f53dc47f000 r--p 0000a000 08:05 924341                     /usr/lib/x86_64-linux-gnu/libnss_files-2.31.so
7f53dc47f000-7f53dc480000 r--p 0000b000 08:05 924341                     /usr/lib/x86_64-linux-gnu/libnss_files-2.31.so
7f53dc480000-7f53dc481000 rw-p 0000c000 08:05 924341                     /usr/lib/x86_64-linux-gnu/libnss_files-2.31.so
7f53dc481000-7f53dc487000 rw-p 00000000 00:00 0 
7f53dc487000-7f53dc489000 r--p 00000000 08:05 922124                     /usr/lib/jvm/java-11-openjdk-amd64/lib/libzip.so
7f53dc489000-7f53dc48e000 r-xp 00002000 08:05 922124                     /usr/lib/jvm/java-11-openjdk-amd64/lib/libzip.so
7f53dc48e000-7f53dc490000 r--p 00007000 08:05 922124                     /usr/lib/jvm/java-11-openjdk-amd64/lib/libzip.so
7f53dc490000-7f53dc491000 r--p 00008000 08:05 922124                     /usr/lib/jvm/java-11-openjdk-amd64/lib/libzip.so
7f53dc491000-7f53dc492000 rw-p 00009000 08:05 922124                     /usr/lib/jvm/java-11-openjdk-amd64/lib/libzip.so
7f53dc492000-7f53dc49a000 rw-s 00000000 08:05 2362813                    /tmp/hsperfdata_qutx/20780
7f53dc49a000-7f53dc49c000 r--p 00000000 08:05 922099                     /usr/lib/jvm/java-11-openjdk-amd64/lib/libinstrument.so
7f53dc49c000-7f53dc4a2000 r-xp 00002000 08:05 922099                     /usr/lib/jvm/java-11-openjdk-amd64/lib/libinstrument.so
7f53dc4a2000-7f53dc4a5000 r--p 00008000 08:05 922099                     /usr/lib/jvm/java-11-openjdk-amd64/lib/libinstrument.so
7f53dc4a5000-7f53dc4a6000 r--p 0000a000 08:05 922099                     /usr/lib/jvm/java-11-openjdk-amd64/lib/libinstrument.so
7f53dc4a6000-7f53dc4a7000 rw-p 0000b000 08:05 922099                     /usr/lib/jvm/java-11-openjdk-amd64/lib/libinstrument.so
7f53dc4a7000-7f53dc4a9000 r--p 00000000 08:05 922106                     /usr/lib/jvm/java-11-openjdk-amd64/lib/libjdwp.so
7f53dc4a9000-7f53dc4d5000 r-xp 00002000 08:05 922106                     /usr/lib/jvm/java-11-openjdk-amd64/lib/libjdwp.so
7f53dc4d5000-7f53dc4e3000 r--p 0002e000 08:05 922106                     /usr/lib/jvm/java-11-openjdk-amd64/lib/libjdwp.so
7f53dc4e3000-7f53dc4e4000 r--p 0003b000 08:05 922106                     /usr/lib/jvm/java-11-openjdk-amd64/lib/libjdwp.so
7f53dc4e4000-7f53dc4e5000 rw-p 0003c000 08:05 922106                     /usr/lib/jvm/java-11-openjdk-amd64/lib/libjdwp.so
7f53dc4e5000-7f53dc4e6000 ---p 00000000 00:00 0 
7f53dc4e6000-7f53dc4e7000 r--p 00000000 00:00 0 
7f53dc4e7000-7f53dc4e9000 r--p 00000000 08:05 922107                     /usr/lib/jvm/java-11-openjdk-amd64/lib/libjimage.so
7f53dc4e9000-7f53dc4ec000 r-xp 00002000 08:05 922107                     /usr/lib/jvm/java-11-openjdk-amd64/lib/libjimage.so
7f53dc4ec000-7f53dc4ed000 r--p 00005000 08:05 922107                     /usr/lib/jvm/java-11-openjdk-amd64/lib/libjimage.so
7f53dc4ed000-7f53dc4ee000 ---p 00006000 08:05 922107                     /usr/lib/jvm/java-11-openjdk-amd64/lib/libjimage.so
7f53dc4ee000-7f53dc4ef000 r--p 00006000 08:05 922107                     /usr/lib/jvm/java-11-openjdk-amd64/lib/libjimage.so
7f53dc4ef000-7f53dc4f0000 rw-p 00007000 08:05 922107                     /usr/lib/jvm/java-11-openjdk-amd64/lib/libjimage.so
7f53dc4f0000-7f53dc4fe000 r--p 00000000 08:05 922104                     /usr/lib/jvm/java-11-openjdk-amd64/lib/libjava.so
7f53dc4fe000-7f53dc514000 r-xp 0000e000 08:05 922104                     /usr/lib/jvm/java-11-openjdk-amd64/lib/libjava.so
7f53dc514000-7f53dc51b000 r--p 00024000 08:05 922104                     /usr/lib/jvm/java-11-openjdk-amd64/lib/libjava.so
7f53dc51b000-7f53dc51c000 r--p 0002a000 08:05 922104                     /usr/lib/jvm/java-11-openjdk-amd64/lib/libjava.so
7f53dc51c000-7f53dc51d000 rw-p 0002b000 08:05 922104                     /usr/lib/jvm/java-11-openjdk-amd64/lib/libjava.so
7f53dc51d000-7f53dc51e000 rw-p 00000000 00:00 0 
7f53dc51e000-7f53dc520000 r--p 00000000 08:05 924550                     /usr/lib/x86_64-linux-gnu/librt-2.31.so
7f53dc520000-7f53dc524000 r-xp 00002000 08:05 924550                     /usr/lib/x86_64-linux-gnu/librt-2.31.so
7f53dc524000-7f53dc526000 r--p 00006000 08:05 924550                     /usr/lib/x86_64-linux-gnu/librt-2.31.so
7f53dc526000-7f53dc527000 r--p 00007000 08:05 924550                     /usr/lib/x86_64-linux-gnu/librt-2.31.so
7f53dc527000-7f53dc528000 rw-p 00008000 08:05 924550                     /usr/lib/x86_64-linux-gnu/librt-2.31.so
7f53dc528000-7f53dc52c000 ---p 00000000 00:00 0 
7f53dc52c000-7f53dc629000 rw-p 00000000 00:00 0 
7f53dc629000-7f53dc62c000 r--p 00000000 08:05 923854                     /usr/lib/x86_64-linux-gnu/libgcc_s.so.1
7f53dc62c000-7f53dc63e000 r-xp 00003000 08:05 923854                     /usr/lib/x86_64-linux-gnu/libgcc_s.so.1
7f53dc63e000-7f53dc642000 r--p 00015000 08:05 923854                     /usr/lib/x86_64-linux-gnu/libgcc_s.so.1
7f53dc642000-7f53dc643000 r--p 00018000 08:05 923854                     /usr/lib/x86_64-linux-gnu/libgcc_s.so.1
7f53dc643000-7f53dc644000 rw-p 00019000 08:05 923854                     /usr/lib/x86_64-linux-gnu/libgcc_s.so.1
7f53dc644000-7f53dc651000 r--p 00000000 08:05 924215                     /usr/lib/x86_64-linux-gnu/libm-2.31.so
7f53dc651000-7f53dc6f8000 r-xp 0000d000 08:05 924215                     /usr/lib/x86_64-linux-gnu/libm-2.31.so
7f53dc6f8000-7f53dc791000 r--p 000b4000 08:05 924215                     /usr/lib/x86_64-linux-gnu/libm-2.31.so
7f53dc791000-7f53dc792000 r--p 0014c000 08:05 924215                     /usr/lib/x86_64-linux-gnu/libm-2.31.so
7f53dc792000-7f53dc793000 rw-p 0014d000 08:05 924215                     /usr/lib/x86_64-linux-gnu/libm-2.31.so
7f53dc793000-7f53dc829000 r--p 00000000 08:05 924659                     /usr/lib/x86_64-linux-gnu/libstdc++.so.6.0.28
7f53dc829000-7f53dc91a000 r-xp 00096000 08:05 924659                     /usr/lib/x86_64-linux-gnu/libstdc++.so.6.0.28
7f53dc91a000-7f53dc963000 r--p 00187000 08:05 924659                     /usr/lib/x86_64-linux-gnu/libstdc++.so.6.0.28
7f53dc963000-7f53dc964000 ---p 001d0000 08:05 924659                     /usr/lib/x86_64-linux-gnu/libstdc++.so.6.0.28
7f53dc964000-7f53dc96f000 r--p 001d0000 08:05 924659                     /usr/lib/x86_64-linux-gnu/libstdc++.so.6.0.28
7f53dc96f000-7f53dc972000 rw-p 001db000 08:05 924659                     /usr/lib/x86_64-linux-gnu/libstdc++.so.6.0.28
7f53dc972000-7f53dc975000 rw-p 00000000 00:00 0 
7f53dc975000-7f53dcbf7000 r--p 00000000 08:05 922128                     /usr/lib/jvm/java-11-openjdk-amd64/lib/server/libjvm.so
7f53dcbf7000-7f53dd888000 r-xp 00282000 08:05 922128                     /usr/lib/jvm/java-11-openjdk-amd64/lib/server/libjvm.so
7f53dd888000-7f53ddae7000 r--p 00f13000 08:05 922128                     /usr/lib/jvm/java-11-openjdk-amd64/lib/server/libjvm.so
7f53ddae7000-7f53ddbab000 r--p 01171000 08:05 922128                     /usr/lib/jvm/java-11-openjdk-amd64/lib/server/libjvm.so
7f53ddbab000-7f53ddbe6000 rw-p 01235000 08:05 922128                     /usr/lib/jvm/java-11-openjdk-amd64/lib/server/libjvm.so
7f53ddbe6000-7f53ddc3f000 rw-p 00000000 00:00 0 
7f53ddc3f000-7f53ddc45000 r--p 00000000 08:05 924485                     /usr/lib/x86_64-linux-gnu/libpthread-2.31.so
7f53ddc45000-7f53ddc56000 r-xp 00006000 08:05 924485                     /usr/lib/x86_64-linux-gnu/libpthread-2.31.so
7f53ddc56000-7f53ddc5c000 r--p 00017000 08:05 924485                     /usr/lib/x86_64-linux-gnu/libpthread-2.31.so
7f53ddc5c000-7f53ddc5d000 r--p 0001c000 08:05 924485                     /usr/lib/x86_64-linux-gnu/libpthread-2.31.so
7f53ddc5d000-7f53ddc5e000 rw-p 0001d000 08:05 924485                     /usr/lib/x86_64-linux-gnu/libpthread-2.31.so
7f53ddc5e000-7f53ddc62000 rw-p 00000000 00:00 0 
7f53ddc62000-7f53ddc63000 r--p 00000000 08:05 923700                     /usr/lib/x86_64-linux-gnu/libdl-2.31.so
7f53ddc63000-7f53ddc65000 r-xp 00001000 08:05 923700                     /usr/lib/x86_64-linux-gnu/libdl-2.31.so
7f53ddc65000-7f53ddc66000 r--p 00003000 08:05 923700                     /usr/lib/x86_64-linux-gnu/libdl-2.31.so
7f53ddc66000-7f53ddc67000 r--p 00003000 08:05 923700                     /usr/lib/x86_64-linux-gnu/libdl-2.31.so
7f53ddc67000-7f53ddc68000 rw-p 00004000 08:05 923700                     /usr/lib/x86_64-linux-gnu/libdl-2.31.so
7f53ddc68000-7f53ddc6a000 r--p 00000000 08:05 923674                     /usr/lib/x86_64-linux-gnu/libz.so.1.2.11
7f53ddc6a000-7f53ddc7b000 r-xp 00002000 08:05 923674                     /usr/lib/x86_64-linux-gnu/libz.so.1.2.11
7f53ddc7b000-7f53ddc81000 r--p 00013000 08:05 923674                     /usr/lib/x86_64-linux-gnu/libz.so.1.2.11
7f53ddc81000-7f53ddc82000 ---p 00019000 08:05 923674                     /usr/lib/x86_64-linux-gnu/libz.so.1.2.11
7f53ddc82000-7f53ddc83000 r--p 00019000 08:05 923674                     /usr/lib/x86_64-linux-gnu/libz.so.1.2.11
7f53ddc83000-7f53ddc84000 rw-p 0001a000 08:05 923674                     /usr/lib/x86_64-linux-gnu/libz.so.1.2.11
7f53ddc84000-7f53ddca6000 r--p 00000000 08:05 923557                     /usr/lib/x86_64-linux-gnu/libc-2.31.so
7f53ddca6000-7f53dde1e000 r-xp 00022000 08:05 923557                     /usr/lib/x86_64-linux-gnu/libc-2.31.so
7f53dde1e000-7f53dde6c000 r--p 0019a000 08:05 923557                     /usr/lib/x86_64-linux-gnu/libc-2.31.so
7f53dde6c000-7f53dde70000 r--p 001e7000 08:05 923557                     /usr/lib/x86_64-linux-gnu/libc-2.31.so
7f53dde70000-7f53dde72000 rw-p 001eb000 08:05 923557                     /usr/lib/x86_64-linux-gnu/libc-2.31.so
7f53dde72000-7f53dde76000 rw-p 00000000 00:00 0 
7f53dde77000-7f53dde7c000 r--p 00000000 08:05 922123                     /usr/lib/jvm/java-11-openjdk-amd64/lib/libverify.so
7f53dde7c000-7f53dde83000 r-xp 00005000 08:05 922123                     /usr/lib/jvm/java-11-openjdk-amd64/lib/libverify.so
7f53dde83000-7f53dde85000 r--p 0000c000 08:05 922123                     /usr/lib/jvm/java-11-openjdk-amd64/lib/libverify.so
7f53dde85000-7f53dde86000 ---p 0000e000 08:05 922123                     /usr/lib/jvm/java-11-openjdk-amd64/lib/libverify.so
7f53dde86000-7f53dde88000 r--p 0000e000 08:05 922123                     /usr/lib/jvm/java-11-openjdk-amd64/lib/libverify.so
7f53dde88000-7f53dde89000 rw-p 00010000 08:05 922123                     /usr/lib/jvm/java-11-openjdk-amd64/lib/libverify.so
7f53dde89000-7f53dde8c000 r--p 00000000 08:05 922089                     /usr/lib/jvm/java-11-openjdk-amd64/lib/jli/libjli.so
7f53dde8c000-7f53dde96000 r-xp 00003000 08:05 922089                     /usr/lib/jvm/java-11-openjdk-amd64/lib/jli/libjli.so
7f53dde96000-7f53dde99000 r--p 0000d000 08:05 922089                     /usr/lib/jvm/java-11-openjdk-amd64/lib/jli/libjli.so
7f53dde99000-7f53dde9a000 ---p 00010000 08:05 922089                     /usr/lib/jvm/java-11-openjdk-amd64/lib/jli/libjli.so
7f53dde9a000-7f53dde9b000 r--p 00010000 08:05 922089                     /usr/lib/jvm/java-11-openjdk-amd64/lib/jli/libjli.so
7f53dde9b000-7f53dde9c000 rw-p 00011000 08:05 922089                     /usr/lib/jvm/java-11-openjdk-amd64/lib/jli/libjli.so
7f53dde9c000-7f53dde9e000 rw-p 00000000 00:00 0 
7f53dde9e000-7f53dde9f000 r--p 00000000 08:05 923337                     /usr/lib/x86_64-linux-gnu/ld-2.31.so
7f53dde9f000-7f53ddec2000 r-xp 00001000 08:05 923337                     /usr/lib/x86_64-linux-gnu/ld-2.31.so
7f53ddec2000-7f53ddeca000 r--p 00024000 08:05 923337                     /usr/lib/x86_64-linux-gnu/ld-2.31.so
7f53ddecb000-7f53ddecc000 r--p 0002c000 08:05 923337                     /usr/lib/x86_64-linux-gnu/ld-2.31.so
7f53ddecc000-7f53ddecd000 rw-p 0002d000 08:05 923337                     /usr/lib/x86_64-linux-gnu/ld-2.31.so
7f53ddecd000-7f53ddece000 rw-p 00000000 00:00 0 
7ffecfb49000-7ffecfb6a000 rw-p 00000000 00:00 0                          [stack]
7ffecfbc8000-7ffecfbcc000 r--p 00000000 00:00 0                          [vvar]
7ffecfbcc000-7ffecfbce000 r-xp 00000000 00:00 0                          [vdso]
ffffffffff600000-ffffffffff601000 --xp 00000000 00:00 0                  [vsyscall]


VM Arguments:
jvm_args: -agentlib:jdwp=transport=dt_socket,address=127.0.0.1:33515,suspend=y,server=n -javaagent:/opt/idea-IC-223.8617.56/plugins/java/lib/rt/debugger-agent.jar -Dfile.encoding=UTF-8 
java_command: Main tests/test1.sysy
java_class_path (initial): /home/qutx/Desktop/study/compile/Lab/out/production/Lab:/usr/local/lib/antlr-4.9.1-complete.jar:/usr/local/lib/javacpp-1.5.7-linux-x86_64.jar:/usr/local/lib/javacpp-1.5.7.jar:/usr/local/lib/llvm-13.0.1-1.5.7-linux-x86_64.jar:/usr/local/lib/llvm-13.0.1-1.5.7.jar:/usr/local/lib/llvm-platform-13.0.1-1.5.7.jar:/home/qutx/Desktop/study/compile/Lab:/opt/idea-IC-223.8617.56/lib/idea_rt.jar
Launcher Type: SUN_STANDARD

[Global flags]
     intx CICompilerCount                          = 2                                         {product} {ergonomic}
     uint ConcGCThreads                            = 1                                         {product} {ergonomic}
     uint G1ConcRefinementThreads                  = 2                                         {product} {ergonomic}
   size_t G1HeapRegionSize                         = 1048576                                   {product} {ergonomic}
    uintx GCDrainStackTargetSize                   = 64                                        {product} {ergonomic}
   size_t InitialHeapSize                          = 65011712                                  {product} {ergonomic}
   size_t MarkStackSize                            = 4194304                                   {product} {ergonomic}
   size_t MaxHeapSize                              = 1021313024                                {product} {ergonomic}
   size_t MaxNewSize                               = 612368384                                 {product} {ergonomic}
   size_t MinHeapDeltaBytes                        = 1048576                                   {product} {ergonomic}
    uintx NonNMethodCodeHeapSize                   = 5825164                                {pd product} {ergonomic}
    uintx NonProfiledCodeHeapSize                  = 122916538                              {pd product} {ergonomic}
    uintx ProfiledCodeHeapSize                     = 122916538                              {pd product} {ergonomic}
    uintx ReservedCodeCacheSize                    = 251658240                              {pd product} {ergonomic}
     bool SegmentedCodeCache                       = true                                      {product} {ergonomic}
     bool UseCompressedClassPointers               = true                                 {lp64_product} {ergonomic}
     bool UseCompressedOops                        = true                                 {lp64_product} {ergonomic}
     bool UseG1GC                                  = true                                      {product} {ergonomic}

Logging:
Log output configuration:
 #0: stdout all=warning uptime,level,tags
 #1: stderr all=off uptime,level,tags

Environment Variables:
JAVA_HOME=/opt/jdk-19.0.2
PATH=/opt/idea-IC-223.8617.56/bin:/opt/jdk-19.0.2/bin:/usr/local/sbin:/usr/local/bin:/usr/sbin:/usr/bin:/sbin:/bin:/usr/games:/usr/local/games:/snap/bin
USERNAME=qutx
SHELL=/bin/bash
DISPLAY=:0
LANG=en_US.UTF-8
LC_NUMERIC=zh_CN.UTF-8
LC_TIME=zh_CN.UTF-8
TERM=xterm-256color

Signal Handlers:
SIGSEGV: [libjvm.so+0xe9f840], sa_mask[0]=11111111011111111101111111111110, sa_flags=SA_RESTART|SA_SIGINFO
SIGBUS: [libjvm.so+0xe9f840], sa_mask[0]=11111111011111111101111111111110, sa_flags=SA_RESTART|SA_SIGINFO
SIGFPE: [libjvm.so+0xe9f840], sa_mask[0]=11111111011111111101111111111110, sa_flags=SA_RESTART|SA_SIGINFO
SIGPIPE: [libjvm.so+0xbe53b0], sa_mask[0]=11111111011111111101111111111110, sa_flags=SA_RESTART|SA_SIGINFO
SIGXFSZ: [libjvm.so+0xbe53b0], sa_mask[0]=11111111011111111101111111111110, sa_flags=SA_RESTART|SA_SIGINFO
SIGILL: [libjvm.so+0xe9f840], sa_mask[0]=11111111011111111101111111111110, sa_flags=SA_RESTART|SA_SIGINFO
SIGUSR2: [libjvm.so+0xbe5250], sa_mask[0]=00100000000000000000000000000000, sa_flags=SA_RESTART|SA_SIGINFO
SIGHUP: [libjvm.so+0xbe5900], sa_mask[0]=11111111011111111101111111111110, sa_flags=SA_RESTART|SA_SIGINFO
SIGINT: [libjvm.so+0xbe5900], sa_mask[0]=11111111011111111101111111111110, sa_flags=SA_RESTART|SA_SIGINFO
SIGTERM: [libjvm.so+0xbe5900], sa_mask[0]=11111111011111111101111111111110, sa_flags=SA_RESTART|SA_SIGINFO
SIGQUIT: [libjvm.so+0xbe5900], sa_mask[0]=11111111011111111101111111111110, sa_flags=SA_RESTART|SA_SIGINFO


---------------  S Y S T E M  ---------------

OS:DISTRIB_ID=Ubuntu
DISTRIB_RELEASE=20.04
DISTRIB_CODENAME=focal
DISTRIB_DESCRIPTION="Ubuntu 20.04.6 LTS"
uname:Linux 5.15.0-71-generic #78~20.04.1-Ubuntu SMP Wed Apr 19 11:26:48 UTC 2023 x86_64
OS uptime: 0 days 1:14 hours
libc:glibc 2.31 NPTL 2.31 
rlimit (soft/hard): STACK 8192k/infinity , CORE 0k/infinity , NPROC 15242/15242 , NOFILE 1048576/1048576 , AS infinity/infinity , CPU infinity/infinity , DATA infinity/infinity , FSIZE infinity/infinity , MEMLOCK 65536k/65536k
load average:3.68 2.69 1.64

/proc/meminfo:
MemTotal:        3983204 kB
MemFree:          113100 kB
MemAvailable:     831400 kB
Buffers:           24436 kB
Cached:           849676 kB
SwapCached:         9460 kB
Active:           584456 kB
Inactive:        2735308 kB
Active(anon):     137876 kB
Inactive(anon):  2309164 kB
Active(file):     446580 kB
Inactive(file):   426144 kB
Unevictable:           0 kB
Mlocked:               0 kB
SwapTotal:       2097148 kB
SwapFree:        1562476 kB
Dirty:              9252 kB
Writeback:             0 kB
AnonPages:       2441264 kB
Mapped:           586276 kB
Shmem:              2040 kB
KReclaimable:      99748 kB
Slab:             197500 kB
SReclaimable:      99748 kB
SUnreclaim:        97752 kB
KernelStack:       12852 kB
PageTables:        22308 kB
NFS_Unstable:          0 kB
Bounce:                0 kB
WritebackTmp:          0 kB
CommitLimit:     4088748 kB
Committed_AS:    6104748 kB
VmallocTotal:   34359738367 kB
VmallocUsed:       72296 kB
VmallocChunk:          0 kB
Percpu:           104448 kB
HardwareCorrupted:     0 kB
AnonHugePages:         0 kB
ShmemHugePages:        0 kB
ShmemPmdMapped:        0 kB
FileHugePages:         0 kB
FilePmdMapped:         0 kB
HugePages_Total:       0
HugePages_Free:        0
HugePages_Rsvd:        0
HugePages_Surp:        0
Hugepagesize:       2048 kB
Hugetlb:               0 kB
DirectMap4k:      321344 kB
DirectMap2M:     3872768 kB
DirectMap1G:     2097152 kB

/sys/kernel/mm/transparent_hugepage/enabled:
always [madvise] never
/sys/kernel/mm/transparent_hugepage/defrag (defrag/compaction efforts parameter):
always defer defer+madvise [madvise] never

Process Memory:
Virtual Size: 3683036K (peak: 12394916K)
Resident Set Size: 94712K (peak: 94712K) (anon: 37012K, file: 57700K, shmem: 0K)
Swapped out: 0K
C-Heap outstanding allocations: 15444K, retained: 2295K
glibc malloc tunables: (default)

/proc/sys/kernel/threads-max (system-wide limit on the number of threads):
30485
/proc/sys/vm/max_map_count (maximum number of memory map areas a process may have):
65530
/proc/sys/kernel/pid_max (system-wide limit on number of process identifiers):
4194304

container (cgroup) information:
container_type: cgroupv1
cpu_cpuset_cpus: 0-1
cpu_memory_nodes: 0
active_processor_count: 2
cpu_quota: no quota
cpu_period: 100000
cpu_shares: no shares
memory_limit_in_bytes: unlimited
memory_and_swap_limit_in_bytes: unlimited
memory_soft_limit_in_bytes: unlimited
memory_usage_in_bytes: 2839552 k
memory_max_usage_in_bytes: 2844804 k
kernel_memory_usage_in_bytes: 55164 k
kernel_memory_max_usage_in_bytes: unlimited
kernel_memory_limit_in_bytes: 56744 k
maximum number of tasks: unlimited
current number of tasks: 355

VMWare virtualization detected
Steal ticks since vm start: 0
Steal ticks percentage since vm start:  0.000

CPU:total 2 (initial active 2) (1 cores per cpu, 1 threads per core) family 6 model 165 stepping 2 microcode 0xffffffff, cmov, cx8, fxsr, mmx, sse, sse2, sse3, ssse3, sse4.1, sse4.2, popcnt, avx, avx2, aes, clmul, erms, 3dnowpref, lzcnt, tsc, tscinvbit, bmi1, bmi2, adx, fma
CPU Model and flags from /proc/cpuinfo:
model name	: Intel(R) Core(TM) i7-10750H CPU @ 2.60GHz
flags		: fpu vme de pse tsc msr pae mce cx8 apic sep mtrr pge mca cmov pat pse36 clflush mmx fxsr sse sse2 ss syscall nx pdpe1gb rdtscp lm constant_tsc arch_perfmon nopl xtopology tsc_reliable nonstop_tsc cpuid tsc_known_freq pni pclmulqdq ssse3 fma cx16 pcid sse4_1 sse4_2 x2apic movbe popcnt aes xsave avx f16c rdrand hypervisor lahf_lm abm 3dnowprefetch invpcid_single pti ssbd ibrs ibpb stibp fsgsbase tsc_adjust bmi1 avx2 smep bmi2 invpcid rdseed adx smap clflushopt xsaveopt xsavec xgetbv1 xsaves arat flush_l1d arch_capabilities
Online cpus:
0-1
Offline cpus:
2-127
BIOS frequency limitation:
<Not Available>
Frequency switch latency (ns):
<Not Available>
Available cpu frequencies:
<Not Available>
Current governor:
<Not Available>
Core performance/turbo boost:
<Not Available>

Memory: 4k page, physical 3983204k(113100k free), swap 2097148k(1562476k free)

vm_info: OpenJDK 64-Bit Server VM (11.0.19+7-post-Ubuntu-0ubuntu120.04.1) for linux-amd64 JRE (11.0.19+7-post-Ubuntu-0ubuntu120.04.1), built on May 10 2023 00:55:26 by "unknown" with gcc 9.4.0

END.
