#
# A fatal error has been detected by the Java Runtime Environment:
#
#  SIGSEGV (0xb) at pc=0x00007f71de1553ac, pid=20718, tid=20719
#
# JRE version: OpenJDK Runtime Environment (11.0.19+7) (build 11.0.19+7-post-Ubuntu-0ubuntu120.04.1)
# Java VM: OpenJDK 64-Bit Server VM (11.0.19+7-post-Ubuntu-0ubuntu120.04.1, mixed mode, sharing, tiered, compressed oops, g1 gc, linux-amd64)
# Problematic frame:
# C  [libLLVM-13.so+0xc293ac]  LLVMBuildAdd+0xfc
#
# Core dump will be written. Default location: Core dumps may be processed with "/usr/share/apport/apport -p%p -s%s -c%c -d%d -P%P -u%u -g%g -- %E" (or dumping to /home/qutx/Desktop/study/compile/Lab/core.20718)
#
# If you would like to submit a bug report, please visit:
#   https://bugs.launchpad.net/ubuntu/+source/openjdk-lts
# The crash happened outside the Java Virtual Machine in native code.
# See problematic frame for where to report the bug.
#

---------------  S U M M A R Y ------------

Command Line: -agentlib:jdwp=transport=dt_socket,address=127.0.0.1:36435,suspend=y,server=n -javaagent:/opt/idea-IC-223.8617.56/plugins/java/lib/rt/debugger-agent.jar -Dfile.encoding=UTF-8 Main tests/test1.sysy

Host: Intel(R) Core(TM) i7-10750H CPU @ 2.60GHz, 2 cores, 3G, Ubuntu 20.04.6 LTS
Time: Thu May 18 11:56:12 2023 CST elapsed time: 9.758148 seconds (0d 0h 0m 9s)

---------------  T H R E A D  ---------------

Current thread (0x00007f723801a000):  JavaThread "main" [_thread_in_native, id=20719, stack(0x00007f723ff38000,0x00007f7240039000)]

Stack: [0x00007f723ff38000,0x00007f7240039000],  sp=0x00007f7240036ba0,  free space=1018k
Native frames: (J=compiled Java code, A=aot compiled Java code, j=interpreted, Vv=VM code, C=native code)
C  [libLLVM-13.so+0xc293ac]  LLVMBuildAdd+0xfc

Java frames: (J=compiled Java code, j=interpreted, Vv=VM code)
j  org.bytedeco.llvm.global.LLVM.LLVMBuildAdd(Lorg/bytedeco/llvm/LLVM/LLVMBuilderRef;Lorg/bytedeco/llvm/LLVM/LLVMValueRef;Lorg/bytedeco/llvm/LLVM/LLVMValueRef;Ljava/lang/String;)Lorg/bytedeco/llvm/LLVM/LLVMValueRef;+0
j  LlvmVisitor.visitPlusExp(LSysYParser$PlusExpContext;)Lorg/bytedeco/llvm/LLVM/LLVMValueRef;+49
j  LlvmVisitor.visitPlusExp(LSysYParser$PlusExpContext;)Ljava/lang/Object;+2
j  SysYParser$PlusExpContext.accept(Lorg/antlr/v4/runtime/tree/ParseTreeVisitor;)Ljava/lang/Object;+12
j  LlvmVisitor.visitReturnStmt(LSysYParser$ReturnStmtContext;)Lorg/bytedeco/llvm/LLVM/LLVMValueRef;+5
j  LlvmVisitor.visitReturnStmt(LSysYParser$ReturnStmtContext;)Ljava/lang/Object;+2
j  SysYParser$ReturnStmtContext.accept(Lorg/antlr/v4/runtime/tree/ParseTreeVisitor;)Ljava/lang/Object;+12
j  org.antlr.v4.runtime.tree.AbstractParseTreeVisitor.visitChildren(Lorg/antlr/v4/runtime/tree/RuleNode;)Ljava/lang/Object;+46
j  SysYParserBaseVisitor.visitBlockItem(LSysYParser$BlockItemContext;)Ljava/lang/Object;+2
j  SysYParser$BlockItemContext.accept(Lorg/antlr/v4/runtime/tree/ParseTreeVisitor;)Ljava/lang/Object;+12
j  org.antlr.v4.runtime.tree.AbstractParseTreeVisitor.visitChildren(Lorg/antlr/v4/runtime/tree/RuleNode;)Ljava/lang/Object;+46
j  SysYParserBaseVisitor.visitBlock(LSysYParser$BlockContext;)Ljava/lang/Object;+2
j  LlvmVisitor.visitBlock(LSysYParser$BlockContext;)Lorg/bytedeco/llvm/LLVM/LLVMValueRef;+43
j  LlvmVisitor.visitBlock(LSysYParser$BlockContext;)Ljava/lang/Object;+2
j  SysYParser$BlockContext.accept(Lorg/antlr/v4/runtime/tree/ParseTreeVisitor;)Ljava/lang/Object;+12
j  org.antlr.v4.runtime.tree.AbstractParseTreeVisitor.visitChildren(Lorg/antlr/v4/runtime/tree/RuleNode;)Ljava/lang/Object;+46
j  SysYParserBaseVisitor.visitFuncDef(LSysYParser$FuncDefContext;)Ljava/lang/Object;+2
j  LlvmVisitor.visitFuncDef(LSysYParser$FuncDefContext;)Lorg/bytedeco/llvm/LLVM/LLVMValueRef;+81
j  LlvmVisitor.visitFuncDef(LSysYParser$FuncDefContext;)Ljava/lang/Object;+2
j  SysYParser$FuncDefContext.accept(Lorg/antlr/v4/runtime/tree/ParseTreeVisitor;)Ljava/lang/Object;+12
j  org.antlr.v4.runtime.tree.AbstractParseTreeVisitor.visitChildren(Lorg/antlr/v4/runtime/tree/RuleNode;)Ljava/lang/Object;+46
j  SysYParserBaseVisitor.visitCompUnit(LSysYParser$CompUnitContext;)Ljava/lang/Object;+2
j  SysYParser$CompUnitContext.accept(Lorg/antlr/v4/runtime/tree/ParseTreeVisitor;)Ljava/lang/Object;+12
j  org.antlr.v4.runtime.tree.AbstractParseTreeVisitor.visitChildren(Lorg/antlr/v4/runtime/tree/RuleNode;)Ljava/lang/Object;+46
j  SysYParserBaseVisitor.visitProgram(LSysYParser$ProgramContext;)Ljava/lang/Object;+2
j  LlvmVisitor.visitProgram(LSysYParser$ProgramContext;)Lorg/bytedeco/llvm/LLVM/LLVMValueRef;+22
j  LlvmVisitor.visitProgram(LSysYParser$ProgramContext;)Ljava/lang/Object;+2
j  SysYParser$ProgramContext.accept(Lorg/antlr/v4/runtime/tree/ParseTreeVisitor;)Ljava/lang/Object;+12
j  org.antlr.v4.runtime.tree.AbstractParseTreeVisitor.visit(Lorg/antlr/v4/runtime/tree/ParseTree;)Ljava/lang/Object;+2
j  Main.main([Ljava/lang/String;)V+55
v  ~StubRoutines::call_stub

siginfo: si_signo: 11 (SIGSEGV), si_code: 1 (SEGV_MAPERR), si_addr: 0x0000000200000027

Register to memory mapping:

RAX=0x00007f7238250ea0 points into unknown readable memory: 0x00007f72384897c8 | c8 97 48 38 72 7f 00 00
RBX=0x00007f7238250e60 points into unknown readable memory: 0x00007f7238250e10 | 10 0e 25 38 72 7f 00 00
RCX=0x00007f7238250f38 points into unknown readable memory: 0x00007f7238250e80 | 80 0e 25 38 72 7f 00 00
RDX=0x00007f7240036ba0 is pointing into the stack for thread: 0x00007f723801a000
RSP=0x00007f7240036ba0 is pointing into the stack for thread: 0x00007f723801a000
RBP=0x00007f723801a348 points into unknown readable memory: 0x00007f72415c1b40 | 40 1b 5c 41 72 7f 00 00
RSI=0x00007f7240036bd0 is pointing into the stack for thread: 0x00007f723801a000
RDI=0x0000000200000027 is an unknown value
R8 =0x00007f7238250ea0 points into unknown readable memory: 0x00007f72384897c8 | c8 97 48 38 72 7f 00 00
R9 =0x0 is NULL
R10=0x00007f72384897c8 points into unknown readable memory: 0x00007f7238489040 | 40 90 48 38 72 7f 00 00
R11=0x00007f71de1552b0: LLVMBuildAdd+0x0000000000000000 in /home/qutx/.javacpp/cache/llvm-13.0.1-1.5.7-linux-x86_64.jar/org/bytedeco/llvm/linux-x86_64/libLLVM-13.so at 0x00007f71dd52c000
R12=0x00007f7238250ea0 points into unknown readable memory: 0x00007f72384897c8 | c8 97 48 38 72 7f 00 00
R13=0x00007f7238250e10 points into unknown readable memory: 0x00007f72384897c8 | c8 97 48 38 72 7f 00 00
R14=0x00007f7238250f30 points into unknown readable memory: 0x00007f72384897c8 | c8 97 48 38 72 7f 00 00
R15=0x00007f7238250e60 points into unknown readable memory: 0x00007f7238250e10 | 10 0e 25 38 72 7f 00 00


Registers:
RAX=0x00007f7238250ea0, RBX=0x00007f7238250e60, RCX=0x00007f7238250f38, RDX=0x00007f7240036ba0
RSP=0x00007f7240036ba0, RBP=0x00007f723801a348, RSI=0x00007f7240036bd0, RDI=0x0000000200000027
R8 =0x00007f7238250ea0, R9 =0x0000000000000000, R10=0x00007f72384897c8, R11=0x00007f71de1552b0
R12=0x00007f7238250ea0, R13=0x00007f7238250e10, R14=0x00007f7238250f30, R15=0x00007f7238250e60
RIP=0x00007f71de1553ac, EFLAGS=0x0000000000010202, CSGSFS=0x002b000000000033, ERR=0x0000000000000004
  TRAPNO=0x000000000000000e

Top of Stack: (sp=0x00007f7240036ba0)
0x00007f7240036ba0:   00007f72382510e0 00007f724172e299
0x00007f7240036bb0:   0000000000000005 0000000000000004
0x00007f7240036bc0:   00007f7238250103 00007f72381212c0
0x00007f7240036bd0:   00007f7238250f30 00007f7238250e60 

Instructions: (pc=0x00007f71de1553ac)
0x00007f71de1552ac:   0f 1f 40 00 41 54 55 53 48 89 fb 48 89 f7 48 89
0x00007f71de1552bc:   d6 ba 01 01 00 00 48 83 ec 60 80 39 00 66 89 54
0x00007f71de1552cc:   24 20 74 09 48 89 0c 24 c6 44 24 20 03 80 7f 10
0x00007f71de1552dc:   12 0f 87 95 00 00 00 80 7e 10 12 0f 87 8b 00 00
0x00007f71de1552ec:   00 4c 8b 4b 48 48 8d 15 18 19 fa ff 49 8b 01 48
0x00007f71de1552fc:   8b 40 10 48 39 d0 0f 85 f0 00 00 00 31 c9 31 d2
0x00007f71de15530c:   e8 7f 13 ff ff 49 89 c4 41 80 7c 24 10 19 76 4b
0x00007f71de15531c:   48 8b 7b 50 48 8b 4b 30 48 89 e2 4c 89 e6 4c 8b
0x00007f71de15532c:   43 38 48 8b 07 ff 50 10 8b 6b 08 48 8b 03 48 c1
0x00007f71de15533c:   e5 04 48 01 c5 48 39 e8 74 21 48 89 c3 0f 1f 80
0x00007f71de15534c:   00 00 00 00 48 8b 53 08 8b 33 4c 89 e7 48 83 c3
0x00007f71de15535c:   10 e8 de 4a 0e 00 48 39 dd 75 e9 48 83 c4 60 4c
0x00007f71de15536c:   89 e0 5b 5d 41 5c c3 0f 1f 44 00 00 48 89 f2 b8
0x00007f71de15537c:   01 01 00 00 48 89 fe 45 31 c0 48 8d 4c 24 30 bf
0x00007f71de15538c:   0d 00 00 00 66 89 44 24 50 e8 76 cf 09 00 48 8b
0x00007f71de15539c:   7b 50 48 89 e2 48 8b 4b 30 49 89 c4 4c 8b 43 38
0x00007f71de1553ac:   48 8b 07 4c 89 e6 ff 50 10 8b 6b 08 48 8b 13 48
0x00007f71de1553bc:   c1 e5 04 48 01 d5 48 39 ea 74 a0 48 89 d3 66 0f
0x00007f71de1553cc:   1f 44 00 00 48 8b 53 08 8b 33 4c 89 e7 48 83 c3
0x00007f71de1553dc:   10 e8 5e 4a 0e 00 48 39 dd 75 e9 48 83 c4 60 4c
0x00007f71de1553ec:   89 e0 5b 5d 41 5c c3 0f 1f 44 00 00 48 89 f2 45
0x00007f71de1553fc:   31 c0 48 89 fe 31 c9 4c 89 cf ff d0 49 89 c4 e9
0x00007f71de15540c:   04 ff ff ff 41 54 55 53 48 89 fb 48 89 f7 48 89
0x00007f71de15541c:   d6 ba 01 01 00 00 48 83 ec 60 80 39 00 66 89 54
0x00007f71de15542c:   24 20 74 09 48 89 0c 24 c6 44 24 20 03 80 7f 10
0x00007f71de15543c:   12 0f 87 95 00 00 00 80 7e 10 12 0f 87 8b 00 00
0x00007f71de15544c:   00 4c 8b 4b 48 48 8d 15 b8 17 fa ff 49 8b 01 48
0x00007f71de15545c:   8b 40 10 48 39 d0 0f 85 f8 00 00 00 b9 01 00 00
0x00007f71de15546c:   00 31 d2 e8 1c 12 ff ff 49 89 c4 41 80 7c 24 10
0x00007f71de15547c:   19 76 48 48 8b 7b 50 48 8b 4b 30 48 89 e2 4c 89
0x00007f71de15548c:   e6 4c 8b 43 38 48 8b 07 ff 50 10 8b 6b 08 48 8b
0x00007f71de15549c:   03 48 c1 e5 04 48 01 c5 48 39 e8 74 1e 48 89 c3 


Stack slot to memory mapping:
stack at sp + 0 slots: 0x00007f72382510e0 points into unknown readable memory: 0x00007f005f706d74 | 74 6d 70 5f 00 7f 00 00
stack at sp + 1 slots: 0x00007f724172e299: __libc_malloc+0x00000000000001b9 in /lib/x86_64-linux-gnu/libc.so.6 at 0x00007f7241694000
stack at sp + 2 slots: 0x0000000000000005 is an unknown value
stack at sp + 3 slots: 0x0000000000000004 is an unknown value
stack at sp + 4 slots: 0x00007f7238250103 points into unknown readable memory: 40 08 00 00 00
stack at sp + 5 slots: 0x00007f72381212c0 points into unknown readable memory: 0x00000000c675e018 | 18 e0 75 c6 00 00 00 00
stack at sp + 6 slots: 0x00007f7238250f30 points into unknown readable memory: 0x00007f72384897c8 | c8 97 48 38 72 7f 00 00
stack at sp + 7 slots: 0x00007f7238250e60 points into unknown readable memory: 0x00007f7238250e10 | 10 0e 25 38 72 7f 00 00


---------------  P R O C E S S  ---------------

Threads class SMR info:
_java_thread_list=0x00007f72383ecfe0, length=13, elements={
0x00007f723801a000, 0x00007f7238122800, 0x00007f7238125000, 0x00007f7238129800,
0x00007f723812b800, 0x00007f723812d800, 0x00007f723812f800, 0x00007f7238131800,
0x00007f7238167000, 0x00007f72381b8000, 0x00007f72381bc800, 0x00005593a304b800,
0x00007f72383ec000
}

Java Threads: ( => current thread )
=>0x00007f723801a000 JavaThread "main" [_thread_in_native, id=20719, stack(0x00007f723ff38000,0x00007f7240039000)]
  0x00007f7238122800 JavaThread "Reference Handler" daemon [_thread_blocked, id=20726, stack(0x00007f72205f2000,0x00007f72206f3000)]
  0x00007f7238125000 JavaThread "Finalizer" daemon [_thread_blocked, id=20727, stack(0x00007f72204f1000,0x00007f72205f2000)]
  0x00007f7238129800 JavaThread "Signal Dispatcher" daemon [_thread_blocked, id=20728, stack(0x00007f72203f0000,0x00007f72204f1000)]
  0x00007f723812b800 JavaThread "Service Thread" daemon [_thread_blocked, id=20729, stack(0x00007f72202ef000,0x00007f72203f0000)]
  0x00007f723812d800 JavaThread "C2 CompilerThread0" daemon [_thread_blocked, id=20730, stack(0x00007f72201ee000,0x00007f72202ef000)]
  0x00007f723812f800 JavaThread "C1 CompilerThread0" daemon [_thread_blocked, id=20731, stack(0x00007f72200ed000,0x00007f72201ee000)]
  0x00007f7238131800 JavaThread "Sweeper thread" daemon [_thread_blocked, id=20732, stack(0x00007f72116ff000,0x00007f7211800000)]
  0x00007f7238167000 JavaThread "Common-Cleaner" daemon [_thread_blocked, id=20733, stack(0x00007f72115fe000,0x00007f72116ff000)]
  0x00007f72381b8000 JavaThread "JDWP Transport Listener: dt_socket" daemon [_thread_blocked, id=20734, stack(0x00007f72114fd000,0x00007f72115fe000)]
  0x00007f72381bc800 JavaThread "JDWP Event Helper Thread" daemon [_thread_blocked, id=20735, stack(0x00007f72113fc000,0x00007f72114fd000)]
  0x00005593a304b800 JavaThread "JDWP Command Reader" daemon [_thread_in_native, id=20736, stack(0x00007f72112fb000,0x00007f72113fc000)]
  0x00007f72383ec000 JavaThread "JavaCPP Deallocator" daemon [_thread_blocked, id=20742, stack(0x00007f7210ff6000,0x00007f72110f7000)]

Other Threads:
  0x00007f7238120000 VMThread "VM Thread" [stack: 0x00007f72206f5000,0x00007f72207f5000] [id=20725]
  0x00007f72381cd800 WatcherThread [stack: 0x00007f72111fb000,0x00007f72112fb000] [id=20740]
  0x00007f7238032800 GCTaskThread "GC Thread#0" [stack: 0x00007f723edbd000,0x00007f723eebd000] [id=20720]
  0x00007f7208001000 GCTaskThread "GC Thread#1" [stack: 0x00007f72110f9000,0x00007f72111f9000] [id=20741]
  0x00007f723804d800 ConcurrentGCThread "G1 Main Marker" [stack: 0x00007f723c673000,0x00007f723c773000] [id=20721]
  0x00007f723804f800 ConcurrentGCThread "G1 Conc#0" [stack: 0x00007f723c571000,0x00007f723c671000] [id=20722]
  0x00007f723808a800 ConcurrentGCThread "G1 Refine#0" [stack: 0x00007f723c26d000,0x00007f723c36d000] [id=20723]
  0x00007f723808c800 ConcurrentGCThread "G1 Young RemSet Sampling" [stack: 0x00007f723c16b000,0x00007f723c26b000] [id=20724]

Threads with active compile tasks:

VM state:not at safepoint (normal execution)

VM Mutex/Monitor currently owned by a thread: None

Heap address: 0x00000000c3200000, size: 974 MB, Compressed Oops mode: 32-bit
Narrow klass base: 0x0000000800000000, Narrow klass shift: 3
Compressed class space size: 1073741824 Address: 0x0000000840000000

Heap:
 garbage-first heap   total 65536K, used 9398K [0x00000000c3200000, 0x0000000100000000)
  region size 1024K, 9 young (9216K), 1 survivors (1024K)
 Metaspace       used 3769K, capacity 6632K, committed 6912K, reserved 1056768K
  class space    used 441K, capacity 700K, committed 768K, reserved 1048576K
Heap Regions: E=young(eden), S=young(survivor), O=old, HS=humongous(starts), HC=humongous(continues), CS=collection set, F=free, A=archive, TAMS=top-at-mark-start (previous, next)
|   0|0x00000000c3200000, 0x00000000c327b800, 0x00000000c3300000| 48%| O|  |TAMS 0x00000000c3200000, 0x00000000c3200000| Untracked 
|   1|0x00000000c3300000, 0x00000000c3300000, 0x00000000c3400000|  0%| F|  |TAMS 0x00000000c3300000, 0x00000000c3300000| Untracked 
|   2|0x00000000c3400000, 0x00000000c3400000, 0x00000000c3500000|  0%| F|  |TAMS 0x00000000c3400000, 0x00000000c3400000| Untracked 
|   3|0x00000000c3500000, 0x00000000c3500000, 0x00000000c3600000|  0%| F|  |TAMS 0x00000000c3500000, 0x00000000c3500000| Untracked 
|   4|0x00000000c3600000, 0x00000000c3600000, 0x00000000c3700000|  0%| F|  |TAMS 0x00000000c3600000, 0x00000000c3600000| Untracked 
|   5|0x00000000c3700000, 0x00000000c3700000, 0x00000000c3800000|  0%| F|  |TAMS 0x00000000c3700000, 0x00000000c3700000| Untracked 
|   6|0x00000000c3800000, 0x00000000c3800000, 0x00000000c3900000|  0%| F|  |TAMS 0x00000000c3800000, 0x00000000c3800000| Untracked 
|   7|0x00000000c3900000, 0x00000000c3900000, 0x00000000c3a00000|  0%| F|  |TAMS 0x00000000c3900000, 0x00000000c3900000| Untracked 
|   8|0x00000000c3a00000, 0x00000000c3a00000, 0x00000000c3b00000|  0%| F|  |TAMS 0x00000000c3a00000, 0x00000000c3a00000| Untracked 
|   9|0x00000000c3b00000, 0x00000000c3b00000, 0x00000000c3c00000|  0%| F|  |TAMS 0x00000000c3b00000, 0x00000000c3b00000| Untracked 
|  10|0x00000000c3c00000, 0x00000000c3c00000, 0x00000000c3d00000|  0%| F|  |TAMS 0x00000000c3c00000, 0x00000000c3c00000| Untracked 
|  11|0x00000000c3d00000, 0x00000000c3d00000, 0x00000000c3e00000|  0%| F|  |TAMS 0x00000000c3d00000, 0x00000000c3d00000| Untracked 
|  12|0x00000000c3e00000, 0x00000000c3e00000, 0x00000000c3f00000|  0%| F|  |TAMS 0x00000000c3e00000, 0x00000000c3e00000| Untracked 
|  13|0x00000000c3f00000, 0x00000000c3f00000, 0x00000000c4000000|  0%| F|  |TAMS 0x00000000c3f00000, 0x00000000c3f00000| Untracked 
|  14|0x00000000c4000000, 0x00000000c4000000, 0x00000000c4100000|  0%| F|  |TAMS 0x00000000c4000000, 0x00000000c4000000| Untracked 
|  15|0x00000000c4100000, 0x00000000c4100000, 0x00000000c4200000|  0%| F|  |TAMS 0x00000000c4100000, 0x00000000c4100000| Untracked 
|  16|0x00000000c4200000, 0x00000000c4200000, 0x00000000c4300000|  0%| F|  |TAMS 0x00000000c4200000, 0x00000000c4200000| Untracked 
|  17|0x00000000c4300000, 0x00000000c4300000, 0x00000000c4400000|  0%| F|  |TAMS 0x00000000c4300000, 0x00000000c4300000| Untracked 
|  18|0x00000000c4400000, 0x00000000c4400000, 0x00000000c4500000|  0%| F|  |TAMS 0x00000000c4400000, 0x00000000c4400000| Untracked 
|  19|0x00000000c4500000, 0x00000000c4500000, 0x00000000c4600000|  0%| F|  |TAMS 0x00000000c4500000, 0x00000000c4500000| Untracked 
|  20|0x00000000c4600000, 0x00000000c4600000, 0x00000000c4700000|  0%| F|  |TAMS 0x00000000c4600000, 0x00000000c4600000| Untracked 
|  21|0x00000000c4700000, 0x00000000c4700000, 0x00000000c4800000|  0%| F|  |TAMS 0x00000000c4700000, 0x00000000c4700000| Untracked 
|  22|0x00000000c4800000, 0x00000000c4800000, 0x00000000c4900000|  0%| F|  |TAMS 0x00000000c4800000, 0x00000000c4800000| Untracked 
|  23|0x00000000c4900000, 0x00000000c4900000, 0x00000000c4a00000|  0%| F|  |TAMS 0x00000000c4900000, 0x00000000c4900000| Untracked 
|  24|0x00000000c4a00000, 0x00000000c4a00000, 0x00000000c4b00000|  0%| F|  |TAMS 0x00000000c4a00000, 0x00000000c4a00000| Untracked 
|  25|0x00000000c4b00000, 0x00000000c4b00000, 0x00000000c4c00000|  0%| F|  |TAMS 0x00000000c4b00000, 0x00000000c4b00000| Untracked 
|  26|0x00000000c4c00000, 0x00000000c4c00000, 0x00000000c4d00000|  0%| F|  |TAMS 0x00000000c4c00000, 0x00000000c4c00000| Untracked 
|  27|0x00000000c4d00000, 0x00000000c4d00000, 0x00000000c4e00000|  0%| F|  |TAMS 0x00000000c4d00000, 0x00000000c4d00000| Untracked 
|  28|0x00000000c4e00000, 0x00000000c4e00000, 0x00000000c4f00000|  0%| F|  |TAMS 0x00000000c4e00000, 0x00000000c4e00000| Untracked 
|  29|0x00000000c4f00000, 0x00000000c4f00000, 0x00000000c5000000|  0%| F|  |TAMS 0x00000000c4f00000, 0x00000000c4f00000| Untracked 
|  30|0x00000000c5000000, 0x00000000c5000000, 0x00000000c5100000|  0%| F|  |TAMS 0x00000000c5000000, 0x00000000c5000000| Untracked 
|  31|0x00000000c5100000, 0x00000000c5100000, 0x00000000c5200000|  0%| F|  |TAMS 0x00000000c5100000, 0x00000000c5100000| Untracked 
|  32|0x00000000c5200000, 0x00000000c5200000, 0x00000000c5300000|  0%| F|  |TAMS 0x00000000c5200000, 0x00000000c5200000| Untracked 
|  33|0x00000000c5300000, 0x00000000c5300000, 0x00000000c5400000|  0%| F|  |TAMS 0x00000000c5300000, 0x00000000c5300000| Untracked 
|  34|0x00000000c5400000, 0x00000000c5400000, 0x00000000c5500000|  0%| F|  |TAMS 0x00000000c5400000, 0x00000000c5400000| Untracked 
|  35|0x00000000c5500000, 0x00000000c5500000, 0x00000000c5600000|  0%| F|  |TAMS 0x00000000c5500000, 0x00000000c5500000| Untracked 
|  36|0x00000000c5600000, 0x00000000c5600000, 0x00000000c5700000|  0%| F|  |TAMS 0x00000000c5600000, 0x00000000c5600000| Untracked 
|  37|0x00000000c5700000, 0x00000000c5700000, 0x00000000c5800000|  0%| F|  |TAMS 0x00000000c5700000, 0x00000000c5700000| Untracked 
|  38|0x00000000c5800000, 0x00000000c5800000, 0x00000000c5900000|  0%| F|  |TAMS 0x00000000c5800000, 0x00000000c5800000| Untracked 
|  39|0x00000000c5900000, 0x00000000c5900000, 0x00000000c5a00000|  0%| F|  |TAMS 0x00000000c5900000, 0x00000000c5900000| Untracked 
|  40|0x00000000c5a00000, 0x00000000c5a00000, 0x00000000c5b00000|  0%| F|  |TAMS 0x00000000c5a00000, 0x00000000c5a00000| Untracked 
|  41|0x00000000c5b00000, 0x00000000c5b00000, 0x00000000c5c00000|  0%| F|  |TAMS 0x00000000c5b00000, 0x00000000c5b00000| Untracked 
|  42|0x00000000c5c00000, 0x00000000c5c00000, 0x00000000c5d00000|  0%| F|  |TAMS 0x00000000c5c00000, 0x00000000c5c00000| Untracked 
|  43|0x00000000c5d00000, 0x00000000c5d00000, 0x00000000c5e00000|  0%| F|  |TAMS 0x00000000c5d00000, 0x00000000c5d00000| Untracked 
|  44|0x00000000c5e00000, 0x00000000c5e00000, 0x00000000c5f00000|  0%| F|  |TAMS 0x00000000c5e00000, 0x00000000c5e00000| Untracked 
|  45|0x00000000c5f00000, 0x00000000c5f00000, 0x00000000c6000000|  0%| F|  |TAMS 0x00000000c5f00000, 0x00000000c5f00000| Untracked 
|  46|0x00000000c6000000, 0x00000000c6000000, 0x00000000c6100000|  0%| F|  |TAMS 0x00000000c6000000, 0x00000000c6000000| Untracked 
|  47|0x00000000c6100000, 0x00000000c6100000, 0x00000000c6200000|  0%| F|  |TAMS 0x00000000c6100000, 0x00000000c6100000| Untracked 
|  48|0x00000000c6200000, 0x00000000c6200000, 0x00000000c6300000|  0%| F|  |TAMS 0x00000000c6200000, 0x00000000c6200000| Untracked 
|  49|0x00000000c6300000, 0x00000000c6300000, 0x00000000c6400000|  0%| F|  |TAMS 0x00000000c6300000, 0x00000000c6300000| Untracked 
|  50|0x00000000c6400000, 0x00000000c6400000, 0x00000000c6500000|  0%| F|  |TAMS 0x00000000c6400000, 0x00000000c6400000| Untracked 
|  51|0x00000000c6500000, 0x00000000c6500000, 0x00000000c6600000|  0%| F|  |TAMS 0x00000000c6500000, 0x00000000c6500000| Untracked 
|  52|0x00000000c6600000, 0x00000000c6600000, 0x00000000c6700000|  0%| F|  |TAMS 0x00000000c6600000, 0x00000000c6600000| Untracked 
|  53|0x00000000c6700000, 0x00000000c6780810, 0x00000000c6800000| 50%| E|  |TAMS 0x00000000c6700000, 0x00000000c6700000| Complete 
|  54|0x00000000c6800000, 0x00000000c6900000, 0x00000000c6900000|100%| S|CS|TAMS 0x00000000c6800000, 0x00000000c6800000| Complete 
|  55|0x00000000c6900000, 0x00000000c6a00000, 0x00000000c6a00000|100%| E|CS|TAMS 0x00000000c6900000, 0x00000000c6900000| Complete 
|  56|0x00000000c6a00000, 0x00000000c6b00000, 0x00000000c6b00000|100%| E|CS|TAMS 0x00000000c6a00000, 0x00000000c6a00000| Complete 
|  57|0x00000000c6b00000, 0x00000000c6c00000, 0x00000000c6c00000|100%| E|CS|TAMS 0x00000000c6b00000, 0x00000000c6b00000| Complete 
|  58|0x00000000c6c00000, 0x00000000c6d00000, 0x00000000c6d00000|100%| E|CS|TAMS 0x00000000c6c00000, 0x00000000c6c00000| Complete 
|  59|0x00000000c6d00000, 0x00000000c6e00000, 0x00000000c6e00000|100%| E|CS|TAMS 0x00000000c6d00000, 0x00000000c6d00000| Complete 
|  60|0x00000000c6e00000, 0x00000000c6f00000, 0x00000000c6f00000|100%| E|CS|TAMS 0x00000000c6e00000, 0x00000000c6e00000| Complete 
|  61|0x00000000c6f00000, 0x00000000c7000000, 0x00000000c7000000|100%| E|CS|TAMS 0x00000000c6f00000, 0x00000000c6f00000| Complete 
| 972|0x00000000ffe00000, 0x00000000ffe47000, 0x00000000fff00000| 27%|OA|  |TAMS 0x00000000ffe00000, 0x00000000ffe00000| Untracked 
| 973|0x00000000fff00000, 0x00000000fff6b000, 0x0000000100000000| 41%|CA|  |TAMS 0x00000000fff00000, 0x00000000fff00000| Untracked 

Card table byte_map: [0x00007f723e7eb000,0x00007f723e9d2000] _byte_map_base: 0x00007f723e1d2000

Marking Bits (Prev, Next): (CMBitMap*) 0x00007f7238048cf8, (CMBitMap*) 0x00007f7238048d30
 Prev Bits: [0x00007f723d6cc000, 0x00007f723e604000)
 Next Bits: [0x00007f723c794000, 0x00007f723d6cc000)

Polling page: 0x00007f723fef5000

Metaspace:

Usage:
  Non-class:      5.79 MB capacity,     3.25 MB ( 56%) used,     2.54 MB ( 44%) free+waste,     7.75 KB ( <1%) overhead. 
      Class:    700.00 KB capacity,   441.24 KB ( 63%) used,   254.70 KB ( 36%) free+waste,     4.06 KB ( <1%) overhead. 
       Both:      6.48 MB capacity,     3.68 MB ( 57%) used,     2.78 MB ( 43%) free+waste,    11.81 KB ( <1%) overhead. 

Virtual space:
  Non-class space:        8.00 MB reserved,       6.00 MB ( 75%) committed 
      Class space:        1.00 GB reserved,     768.00 KB ( <1%) committed 
             Both:        1.01 GB reserved,       6.75 MB ( <1%) committed 

Chunk freelists:
   Non-Class:  20.00 KB
       Class:  4.00 KB
        Both:  24.00 KB

MaxMetaspaceSize: unlimited
CompressedClassSpaceSize: 1.00 GB
Initial GC threshold: 20.80 MB
Current GC threshold: 20.80 MB
CDS: on

CodeHeap 'non-profiled nmethods': size=120036Kb used=220Kb max_used=220Kb free=119815Kb
 bounds [0x00007f72282bc000, 0x00007f722852c000, 0x00007f722f7f5000]
CodeHeap 'profiled nmethods': size=120032Kb used=1096Kb max_used=1096Kb free=118935Kb
 bounds [0x00007f7220d84000, 0x00007f7220ff4000, 0x00007f72282bc000]
CodeHeap 'non-nmethods': size=5692Kb used=1205Kb max_used=1213Kb free=4486Kb
 bounds [0x00007f72207f5000, 0x00007f7220a65000, 0x00007f7220d84000]
 total_blobs=1077 nmethods=678 adapters=321
 compilation: enabled
              stopped_count=0, restarted_count=0
 full_count=0

Compilation events (20 events):
Event: 1.889 Thread 0x00007f723812f800 nmethod 634 0x00007f7220e91390 code [0x00007f7220e91540, 0x00007f7220e916a0]
Event: 1.889 Thread 0x00007f723812f800  632       3       java.util.ArrayDeque::inc (12 bytes)
Event: 1.889 Thread 0x00007f723812f800 nmethod 632 0x00007f7220e91790 code [0x00007f7220e91940, 0x00007f7220e91a50]
Event: 1.889 Thread 0x00007f723812f800  628       3       java.io.UnixFileSystem::prefixLength (25 bytes)
Event: 1.889 Thread 0x00007f723812f800 nmethod 628 0x00007f7220e91b10 code [0x00007f7220e91d40, 0x00007f7220e92410]
Event: 1.889 Thread 0x00007f723812f800  636   !   3       jdk.internal.loader.BuiltinClassLoader::loadClassOrNull (143 bytes)
Event: 1.893 Thread 0x00007f723812f800 nmethod 636 0x00007f7220e92690 code [0x00007f7220e92a00, 0x00007f7220e94280]
Event: 1.893 Thread 0x00007f723812f800  637       3       java.io.RandomAccessFile::readFully (45 bytes)
Event: 1.893 Thread 0x00007f723812f800 nmethod 637 0x00007f7220e94d10 code [0x00007f7220e94f00, 0x00007f7220e95290]
Event: 1.893 Thread 0x00007f723812f800  621       3       java.io.UnixFileSystem::getBooleanAttributes (49 bytes)
Event: 1.893 Thread 0x00007f723812f800 nmethod 621 0x00007f7220e95490 code [0x00007f7220e956e0, 0x00007f7220e95e70]
Event: 1.893 Thread 0x00007f723812d800 nmethod 620 0x00007f72282e9410 code [0x00007f72282e95a0, 0x00007f72282e9838]
Event: 1.894 Thread 0x00007f723812d800  622       4       java.util.zip.ZipFile$Source::getEntryPos (206 bytes)
Event: 1.894 Thread 0x00007f723812f800  633       1       java.util.zip.ZipEntry::getName (5 bytes)
Event: 1.894 Thread 0x00007f723812f800 nmethod 633 0x00007f72282e9a10 code [0x00007f72282e9bc0, 0x00007f72282e9c90]
Event: 1.894 Thread 0x00007f723812f800  611       1       java.util.Collections$EmptyIterator::hasNext (2 bytes)
Event: 1.894 Thread 0x00007f723812f800 nmethod 611 0x00007f72282e9d10 code [0x00007f72282e9ec0, 0x00007f72282e9f90]
Event: 1.919 Thread 0x00007f723812d800 nmethod 622 0x00007f72282ea010 code [0x00007f72282ea1e0, 0x00007f72282ead98]
Event: 1.919 Thread 0x00007f723812d800  619       4       java.nio.ByteBuffer::position (8 bytes)
Event: 1.920 Thread 0x00007f723812d800 nmethod 619 0x00007f72282eb490 code [0x00007f72282eb620, 0x00007f72282eb6f8]

GC Heap History (2 events):
Event: 1.476 GC heap before
{Heap before GC invocations=0 (full 0):
 garbage-first heap   total 65536K, used 6856K [0x00000000c3200000, 0x0000000100000000)
  region size 1024K, 7 young (7168K), 0 survivors (0K)
 Metaspace       used 2074K, capacity 5600K, committed 5760K, reserved 1056768K
  class space    used 242K, capacity 566K, committed 640K, reserved 1048576K
}
Event: 1.502 GC heap after
{Heap after GC invocations=1 (full 0):
 garbage-first heap   total 65536K, used 2230K [0x00000000c3200000, 0x0000000100000000)
  region size 1024K, 1 young (1024K), 1 survivors (1024K)
 Metaspace       used 2074K, capacity 5600K, committed 5760K, reserved 1056768K
  class space    used 242K, capacity 566K, committed 640K, reserved 1048576K
}

Deoptimization events (20 events):
Event: 1.726 Thread 0x00007f723801a000 DEOPT PACKING pc=0x00007f7220e60154 sp=0x00007f7240035240
Event: 1.726 Thread 0x00007f723801a000 DEOPT UNPACKING pc=0x00007f722083f64a sp=0x00007f7240034730 mode 1
Event: 1.726 Thread 0x00007f723801a000 DEOPT PACKING pc=0x00007f7220e60154 sp=0x00007f7240035240
Event: 1.726 Thread 0x00007f723801a000 DEOPT UNPACKING pc=0x00007f722083f64a sp=0x00007f7240034730 mode 1
Event: 1.726 Thread 0x00007f723801a000 DEOPT PACKING pc=0x00007f7220e60154 sp=0x00007f7240035240
Event: 1.726 Thread 0x00007f723801a000 DEOPT UNPACKING pc=0x00007f722083f64a sp=0x00007f7240034730 mode 1
Event: 1.726 Thread 0x00007f723801a000 DEOPT PACKING pc=0x00007f7220e60154 sp=0x00007f7240035240
Event: 1.726 Thread 0x00007f723801a000 DEOPT UNPACKING pc=0x00007f722083f64a sp=0x00007f7240034730 mode 1
Event: 1.726 Thread 0x00007f723801a000 DEOPT PACKING pc=0x00007f7220e60154 sp=0x00007f7240035240
Event: 1.726 Thread 0x00007f723801a000 DEOPT UNPACKING pc=0x00007f722083f64a sp=0x00007f7240034730 mode 1
Event: 1.726 Thread 0x00007f723801a000 DEOPT PACKING pc=0x00007f7220e60154 sp=0x00007f7240035240
Event: 1.726 Thread 0x00007f723801a000 DEOPT UNPACKING pc=0x00007f722083f64a sp=0x00007f7240034730 mode 1
Event: 1.726 Thread 0x00007f723801a000 DEOPT PACKING pc=0x00007f7220e60154 sp=0x00007f7240035240
Event: 1.726 Thread 0x00007f723801a000 DEOPT UNPACKING pc=0x00007f722083f64a sp=0x00007f7240034730 mode 1
Event: 1.726 Thread 0x00007f723801a000 DEOPT PACKING pc=0x00007f7220e60154 sp=0x00007f7240035240
Event: 1.726 Thread 0x00007f723801a000 DEOPT UNPACKING pc=0x00007f722083f64a sp=0x00007f7240034730 mode 1
Event: 1.816 Thread 0x00007f723801a000 DEOPT PACKING pc=0x00007f7220e42a8a sp=0x00007f7240036690
Event: 1.816 Thread 0x00007f723801a000 DEOPT UNPACKING pc=0x00007f722083f64a sp=0x00007f7240035b38 mode 0
Event: 1.818 Thread 0x00007f723801a000 DEOPT PACKING pc=0x00007f7220ddb8cf sp=0x00007f7240036650
Event: 1.818 Thread 0x00007f723801a000 DEOPT UNPACKING pc=0x00007f722083f64a sp=0x00007f7240035af8 mode 0

Classes redefined (0 events):
No events

Internal exceptions (20 events):
Event: 1.726 Thread 0x00007f723801a000 Exception <a 'java/security/PrivilegedActionException'{0x00000000c6c1d9f0}> (0x00000000c6c1d9f0) thrown at [src/hotspot/share/prims/jvm.cpp, line 1304]
Event: 1.726 Thread 0x00007f723801a000 Exception <a 'java/security/PrivilegedActionException'{0x00000000c6c1dcc0}> (0x00000000c6c1dcc0) thrown at [src/hotspot/share/prims/jvm.cpp, line 1304]
Event: 1.726 Thread 0x00007f723801a000 Exception <a 'java/security/PrivilegedActionException'{0x00000000c6c1e630}> (0x00000000c6c1e630) thrown at [src/hotspot/share/prims/jvm.cpp, line 1304]
Event: 1.726 Thread 0x00007f723801a000 Exception <a 'java/security/PrivilegedActionException'{0x00000000c6c1e900}> (0x00000000c6c1e900) thrown at [src/hotspot/share/prims/jvm.cpp, line 1304]
Event: 1.726 Thread 0x00007f723801a000 Exception <a 'java/security/PrivilegedActionException'{0x00000000c6c1f270}> (0x00000000c6c1f270) thrown at [src/hotspot/share/prims/jvm.cpp, line 1304]
Event: 1.726 Thread 0x00007f723801a000 Exception <a 'java/security/PrivilegedActionException'{0x00000000c6c1f540}> (0x00000000c6c1f540) thrown at [src/hotspot/share/prims/jvm.cpp, line 1304]
Event: 1.726 Thread 0x00007f723801a000 Exception <a 'java/security/PrivilegedActionException'{0x00000000c6c1fec8}> (0x00000000c6c1fec8) thrown at [src/hotspot/share/prims/jvm.cpp, line 1304]
Event: 1.726 Thread 0x00007f723801a000 Exception <a 'java/security/PrivilegedActionException'{0x00000000c6c20198}> (0x00000000c6c20198) thrown at [src/hotspot/share/prims/jvm.cpp, line 1304]
Event: 1.726 Thread 0x00007f723801a000 Exception <a 'java/security/PrivilegedActionException'{0x00000000c6c20b20}> (0x00000000c6c20b20) thrown at [src/hotspot/share/prims/jvm.cpp, line 1304]
Event: 1.726 Thread 0x00007f723801a000 Exception <a 'java/security/PrivilegedActionException'{0x00000000c6c20df0}> (0x00000000c6c20df0) thrown at [src/hotspot/share/prims/jvm.cpp, line 1304]
Event: 1.726 Thread 0x00007f723801a000 Exception <a 'java/security/PrivilegedActionException'{0x00000000c6c21778}> (0x00000000c6c21778) thrown at [src/hotspot/share/prims/jvm.cpp, line 1304]
Event: 1.726 Thread 0x00007f723801a000 Exception <a 'java/security/PrivilegedActionException'{0x00000000c6c21a48}> (0x00000000c6c21a48) thrown at [src/hotspot/share/prims/jvm.cpp, line 1304]
Event: 1.726 Thread 0x00007f723801a000 Exception <a 'java/security/PrivilegedActionException'{0x00000000c6c223b8}> (0x00000000c6c223b8) thrown at [src/hotspot/share/prims/jvm.cpp, line 1304]
Event: 1.726 Thread 0x00007f723801a000 Exception <a 'java/security/PrivilegedActionException'{0x00000000c6c22688}> (0x00000000c6c22688) thrown at [src/hotspot/share/prims/jvm.cpp, line 1304]
Event: 1.726 Thread 0x00007f723801a000 Exception <a 'java/security/PrivilegedActionException'{0x00000000c6c23010}> (0x00000000c6c23010) thrown at [src/hotspot/share/prims/jvm.cpp, line 1304]
Event: 1.726 Thread 0x00007f723801a000 Exception <a 'java/security/PrivilegedActionException'{0x00000000c6c232e0}> (0x00000000c6c232e0) thrown at [src/hotspot/share/prims/jvm.cpp, line 1304]
Event: 9.666 Thread 0x00007f723801a000 Exception <a 'java/lang/NoSuchMethodError'{0x00000000c670ddc0}: 'java.lang.Object java.lang.invoke.DirectMethodHandle$Holder.invokeStatic(java.lang.Object, java.lang.Object, java.lang.Object, java.lang.Object, java.lang.Object, java.lang.Object, java.lang.Object, java.lang.Object, java.lang.Object, java.lang.Object, java.lang.Object, int)'> (0x00000000c670ddc0) thrown at [src/hotspot/share/interpreter/linkResolver.cpp, line 772]
Event: 9.713 Thread 0x00007f723801a000 Exception <a 'java/lang/NoSuchMethodError'{0x00000000c672e750}: 'java.lang.Object java.lang.invoke.DirectMethodHandle$Holder.invokeStatic(java.lang.Object, java.lang.Object, java.lang.Object, java.lang.Object, java.lang.Object, java.lang.Object, java.lang.Object, java.lang.Object, java.lang.Object, java.lang.Object, java.lang.Object, int, int)'> (0x00000000c672e750) thrown at [src/hotspot/share/interpreter/linkResolver.cpp, line 772]
Event: 9.743 Thread 0x00007f723801a000 Exception <a 'java/lang/NoSuchMethodError'{0x00000000c674eca0}: 'java.lang.Object java.lang.invoke.DirectMethodHandle$Holder.invokeStatic(java.lang.Object, java.lang.Object, java.lang.Object, java.lang.Object, java.lang.Object, java.lang.Object, java.lang.Object, java.lang.Object, java.lang.Object, java.lang.Object, java.lang.Object, int, int, java.lang.Object)'> (0x00000000c674eca0) thrown at [src/hotspot/share/interpreter/linkResolver.cpp, line 772]
Event: 9.753 Thread 0x00007f723801a000 Exception <a 'java/lang/NoSuchMethodError'{0x00000000c675aef8}: 'java.lang.Object java.lang.invoke.Invokers$Holder.linkToTargetMethod(java.lang.Object, int, java.lang.Object)'> (0x00000000c675aef8) thrown at [src/hotspot/share/interpreter/linkResolver.cpp, line 772]

Events (20 events):
Event: 9.599 loading class java/lang/invoke/BoundMethodHandle$Species_LL
Event: 9.599 loading class java/lang/invoke/BoundMethodHandle$Species_LL done
Event: 9.606 loading class java/lang/invoke/BoundMethodHandle$Species_LLL
Event: 9.606 loading class java/lang/invoke/BoundMethodHandle$Species_LLL done
Event: 9.612 loading class java/lang/invoke/BoundMethodHandle$Species_LLLL
Event: 9.612 loading class java/lang/invoke/BoundMethodHandle$Species_LLLL done
Event: 9.623 loading class java/lang/invoke/BoundMethodHandle$Species_LLLLL
Event: 9.623 loading class java/lang/invoke/BoundMethodHandle$Species_LLLLL done
Event: 9.630 loading class java/lang/invoke/BoundMethodHandle$Species_LLLLLL
Event: 9.630 loading class java/lang/invoke/BoundMethodHandle$Species_LLLLLL done
Event: 9.640 loading class java/lang/invoke/BoundMethodHandle$Species_LLLLLLL
Event: 9.640 loading class java/lang/invoke/BoundMethodHandle$Species_LLLLLLL done
Event: 9.648 loading class java/lang/invoke/BoundMethodHandle$Species_LLLLLLLL
Event: 9.648 loading class java/lang/invoke/BoundMethodHandle$Species_LLLLLLLL done
Event: 9.654 loading class java/lang/invoke/BoundMethodHandle$Species_LLLLLLLLI
Event: 9.654 loading class java/lang/invoke/BoundMethodHandle$Species_LLLLLLLLI done
Event: 9.677 loading class java/lang/invoke/BoundMethodHandle$Species_LLLLLLLLII
Event: 9.677 loading class java/lang/invoke/BoundMethodHandle$Species_LLLLLLLLII done
Event: 9.724 loading class java/lang/invoke/BoundMethodHandle$Species_LLLLLLLLIIL
Event: 9.724 loading class java/lang/invoke/BoundMethodHandle$Species_LLLLLLLLIIL done


Dynamic libraries:
c3200000-c7000000 rw-p 00000000 00:00 0 
c7000000-ffe00000 ---p 00000000 00:00 0 
ffe00000-ffe47000 rw-p 00b0a000 08:05 922150                             /usr/lib/jvm/java-11-openjdk-amd64/lib/server/classes.jsa
ffe47000-fff00000 rw-p 00000000 00:00 0 
fff00000-fff6b000 rw-p 00a9f000 08:05 922150                             /usr/lib/jvm/java-11-openjdk-amd64/lib/server/classes.jsa
fff6b000-100000000 rw-p 00000000 00:00 0 
800000000-800002000 rwxp 00001000 08:05 922150                           /usr/lib/jvm/java-11-openjdk-amd64/lib/server/classes.jsa
800002000-800a9e000 rw-p 00003000 08:05 922150                           /usr/lib/jvm/java-11-openjdk-amd64/lib/server/classes.jsa
840000000-8400c0000 rw-p 00000000 00:00 0 
8400c0000-880000000 ---p 00000000 00:00 0 
5593a2eb6000-5593a2eb7000 r--p 00000000 08:05 922046                     /usr/lib/jvm/java-11-openjdk-amd64/bin/java
5593a2eb7000-5593a2eb8000 r-xp 00001000 08:05 922046                     /usr/lib/jvm/java-11-openjdk-amd64/bin/java
5593a2eb8000-5593a2eb9000 r--p 00002000 08:05 922046                     /usr/lib/jvm/java-11-openjdk-amd64/bin/java
5593a2eb9000-5593a2eba000 r--p 00002000 08:05 922046                     /usr/lib/jvm/java-11-openjdk-amd64/bin/java
5593a2eba000-5593a2ebb000 rw-p 00003000 08:05 922046                     /usr/lib/jvm/java-11-openjdk-amd64/bin/java
5593a3032000-5593a3074000 rw-p 00000000 00:00 0                          [heap]
7f71dd52c000-7f71dde52000 r--p 00000000 08:05 1461981                    /home/qutx/.javacpp/cache/llvm-13.0.1-1.5.7-linux-x86_64.jar/org/bytedeco/llvm/linux-x86_64/libLLVM-13.so
7f71dde52000-7f71e1815000 r-xp 00926000 08:05 1461981                    /home/qutx/.javacpp/cache/llvm-13.0.1-1.5.7-linux-x86_64.jar/org/bytedeco/llvm/linux-x86_64/libLLVM-13.so
7f71e1815000-7f71e3a6a000 r--p 042e9000 08:05 1461981                    /home/qutx/.javacpp/cache/llvm-13.0.1-1.5.7-linux-x86_64.jar/org/bytedeco/llvm/linux-x86_64/libLLVM-13.so
7f71e3a6a000-7f71e3f7f000 r--p 0653d000 08:05 1461981                    /home/qutx/.javacpp/cache/llvm-13.0.1-1.5.7-linux-x86_64.jar/org/bytedeco/llvm/linux-x86_64/libLLVM-13.so
7f71e3f7f000-7f71e3f8a000 rw-p 06a52000 08:05 1461981                    /home/qutx/.javacpp/cache/llvm-13.0.1-1.5.7-linux-x86_64.jar/org/bytedeco/llvm/linux-x86_64/libLLVM-13.so
7f71e3f8a000-7f71e4000000 rw-p 00000000 00:00 0 
7f71e4000000-7f71e4021000 rw-p 00000000 00:00 0 
7f71e4021000-7f71e8000000 ---p 00000000 00:00 0 
7f71e8000000-7f71e8021000 rw-p 00000000 00:00 0 
7f71e8021000-7f71ec000000 ---p 00000000 00:00 0 
7f71ec000000-7f71ec34b000 rw-p 00000000 00:00 0 
7f71ec34b000-7f71f0000000 ---p 00000000 00:00 0 
7f71f0000000-7f71f02da000 rw-p 00000000 00:00 0 
7f71f02da000-7f71f4000000 ---p 00000000 00:00 0 
7f71f4000000-7f71f4021000 rw-p 00000000 00:00 0 
7f71f4021000-7f71f8000000 ---p 00000000 00:00 0 
7f71f8000000-7f71f8021000 rw-p 00000000 00:00 0 
7f71f8021000-7f71fc000000 ---p 00000000 00:00 0 
7f71fc000000-7f71fc021000 rw-p 00000000 00:00 0 
7f71fc021000-7f7200000000 ---p 00000000 00:00 0 
7f7200000000-7f7200021000 rw-p 00000000 00:00 0 
7f7200021000-7f7204000000 ---p 00000000 00:00 0 
7f7204000000-7f7204021000 rw-p 00000000 00:00 0 
7f7204021000-7f7208000000 ---p 00000000 00:00 0 
7f7208000000-7f7208023000 rw-p 00000000 00:00 0 
7f7208023000-7f720c000000 ---p 00000000 00:00 0 
7f720c000000-7f720c021000 rw-p 00000000 00:00 0 
7f720c021000-7f7210000000 ---p 00000000 00:00 0 
7f7210ef0000-7f7210f55000 r--p 00000000 08:05 1461986                    /home/qutx/.javacpp/cache/llvm-13.0.1-1.5.7-linux-x86_64.jar/org/bytedeco/llvm/linux-x86_64/libjniLLVM.so
7f7210f55000-7f7210fc3000 r-xp 00065000 08:05 1461986                    /home/qutx/.javacpp/cache/llvm-13.0.1-1.5.7-linux-x86_64.jar/org/bytedeco/llvm/linux-x86_64/libjniLLVM.so
7f7210fc3000-7f7210fee000 r--p 000d3000 08:05 1461986                    /home/qutx/.javacpp/cache/llvm-13.0.1-1.5.7-linux-x86_64.jar/org/bytedeco/llvm/linux-x86_64/libjniLLVM.so
7f7210fee000-7f7210ff1000 r--p 000fd000 08:05 1461986                    /home/qutx/.javacpp/cache/llvm-13.0.1-1.5.7-linux-x86_64.jar/org/bytedeco/llvm/linux-x86_64/libjniLLVM.so
7f7210ff1000-7f7210ff4000 rw-p 00100000 08:05 1461986                    /home/qutx/.javacpp/cache/llvm-13.0.1-1.5.7-linux-x86_64.jar/org/bytedeco/llvm/linux-x86_64/libjniLLVM.so
7f7210ff4000-7f7210ff6000 rw-p 00000000 00:00 0 
7f7210ff6000-7f7210ffa000 ---p 00000000 00:00 0 
7f7210ffa000-7f72110f7000 rw-p 00000000 00:00 0 
7f72110f7000-7f72110f8000 ---p 00000000 00:00 0 
7f72110f8000-7f72111f9000 rw-p 00000000 00:00 0 
7f72111f9000-7f72111fa000 ---p 00000000 00:00 0 
7f72111fa000-7f72112fb000 rw-p 00000000 00:00 0 
7f72112fb000-7f72112ff000 ---p 00000000 00:00 0 
7f72112ff000-7f72113fc000 rw-p 00000000 00:00 0 
7f72113fc000-7f7211400000 ---p 00000000 00:00 0 
7f7211400000-7f72114fd000 rw-p 00000000 00:00 0 
7f72114fd000-7f7211501000 ---p 00000000 00:00 0 
7f7211501000-7f72115fe000 rw-p 00000000 00:00 0 
7f72115fe000-7f7211602000 ---p 00000000 00:00 0 
7f7211602000-7f72116ff000 rw-p 00000000 00:00 0 
7f72116ff000-7f7211703000 ---p 00000000 00:00 0 
7f7211703000-7f7211e00000 rw-p 00000000 00:00 0 
7f7211e00000-7f7212000000 ---p 00000000 00:00 0 
7f7212000000-7f7214000000 rw-p 00000000 00:00 0 
7f7214000000-7f7214021000 rw-p 00000000 00:00 0 
7f7214021000-7f7218000000 ---p 00000000 00:00 0 
7f7218000000-7f7218021000 rw-p 00000000 00:00 0 
7f7218021000-7f721c000000 ---p 00000000 00:00 0 
7f721c000000-7f721c021000 rw-p 00000000 00:00 0 
7f721c021000-7f7220000000 ---p 00000000 00:00 0 
7f72200ed000-7f72200f1000 ---p 00000000 00:00 0 
7f72200f1000-7f72201ee000 rw-p 00000000 00:00 0 
7f72201ee000-7f72201f2000 ---p 00000000 00:00 0 
7f72201f2000-7f72202ef000 rw-p 00000000 00:00 0 
7f72202ef000-7f72202f3000 ---p 00000000 00:00 0 
7f72202f3000-7f72203f0000 rw-p 00000000 00:00 0 
7f72203f0000-7f72203f4000 ---p 00000000 00:00 0 
7f72203f4000-7f72204f1000 rw-p 00000000 00:00 0 
7f72204f1000-7f72204f5000 ---p 00000000 00:00 0 
7f72204f5000-7f72205f2000 rw-p 00000000 00:00 0 
7f72205f2000-7f72205f6000 ---p 00000000 00:00 0 
7f72205f6000-7f72206f3000 rw-p 00000000 00:00 0 
7f72206f3000-7f72206f4000 ---p 00000000 00:00 0 
7f72206f4000-7f72207f5000 rw-p 00000000 00:00 0 
7f72207f5000-7f7220a65000 rwxp 00000000 00:00 0 
7f7220a65000-7f7220d84000 ---p 00000000 00:00 0 
7f7220d84000-7f7220ff4000 rwxp 00000000 00:00 0 
7f7220ff4000-7f72282bc000 ---p 00000000 00:00 0 
7f72282bc000-7f722852c000 rwxp 00000000 00:00 0 
7f722852c000-7f722f7f5000 ---p 00000000 00:00 0 
7f722f7f5000-7f7238000000 r--s 00000000 08:05 922125                     /usr/lib/jvm/java-11-openjdk-amd64/lib/modules
7f7238000000-7f723848f000 rw-p 00000000 00:00 0 
7f723848f000-7f723c000000 ---p 00000000 00:00 0 
7f723c028000-7f723c029000 r--p 00000000 08:05 1461984                    /home/qutx/.javacpp/cache/llvm-13.0.1-1.5.7-linux-x86_64.jar/org/bytedeco/llvm/linux-x86_64/libRemarks.so.13
7f723c029000-7f723c02a000 r-xp 00001000 08:05 1461984                    /home/qutx/.javacpp/cache/llvm-13.0.1-1.5.7-linux-x86_64.jar/org/bytedeco/llvm/linux-x86_64/libRemarks.so.13
7f723c02a000-7f723c02b000 r--p 00002000 08:05 1461984                    /home/qutx/.javacpp/cache/llvm-13.0.1-1.5.7-linux-x86_64.jar/org/bytedeco/llvm/linux-x86_64/libRemarks.so.13
7f723c02b000-7f723c02c000 r--p 00002000 08:05 1461984                    /home/qutx/.javacpp/cache/llvm-13.0.1-1.5.7-linux-x86_64.jar/org/bytedeco/llvm/linux-x86_64/libRemarks.so.13
7f723c02c000-7f723c02d000 rw-p 00003000 08:05 1461984                    /home/qutx/.javacpp/cache/llvm-13.0.1-1.5.7-linux-x86_64.jar/org/bytedeco/llvm/linux-x86_64/libRemarks.so.13
7f723c02d000-7f723c034000 r--p 00000000 08:05 1461982                    /home/qutx/.javacpp/cache/llvm-13.0.1-1.5.7-linux-x86_64.jar/org/bytedeco/llvm/linux-x86_64/libLTO.so.13
7f723c034000-7f723c03c000 r-xp 00007000 08:05 1461982                    /home/qutx/.javacpp/cache/llvm-13.0.1-1.5.7-linux-x86_64.jar/org/bytedeco/llvm/linux-x86_64/libLTO.so.13
7f723c03c000-7f723c03e000 r--p 0000f000 08:05 1461982                    /home/qutx/.javacpp/cache/llvm-13.0.1-1.5.7-linux-x86_64.jar/org/bytedeco/llvm/linux-x86_64/libLTO.so.13
7f723c03e000-7f723c03f000 r--p 00010000 08:05 1461982                    /home/qutx/.javacpp/cache/llvm-13.0.1-1.5.7-linux-x86_64.jar/org/bytedeco/llvm/linux-x86_64/libLTO.so.13
7f723c03f000-7f723c040000 rw-p 00011000 08:05 1461982                    /home/qutx/.javacpp/cache/llvm-13.0.1-1.5.7-linux-x86_64.jar/org/bytedeco/llvm/linux-x86_64/libLTO.so.13
7f723c040000-7f723c044000 r--p 00000000 08:05 1461975                    /home/qutx/.javacpp/cache/javacpp-1.5.7-linux-x86_64.jar/org/bytedeco/javacpp/linux-x86_64/libjnijavacpp.so
7f723c044000-7f723c04b000 r-xp 00004000 08:05 1461975                    /home/qutx/.javacpp/cache/javacpp-1.5.7-linux-x86_64.jar/org/bytedeco/javacpp/linux-x86_64/libjnijavacpp.so
7f723c04b000-7f723c04f000 r--p 0000b000 08:05 1461975                    /home/qutx/.javacpp/cache/javacpp-1.5.7-linux-x86_64.jar/org/bytedeco/javacpp/linux-x86_64/libjnijavacpp.so
7f723c04f000-7f723c050000 r--p 0000e000 08:05 1461975                    /home/qutx/.javacpp/cache/javacpp-1.5.7-linux-x86_64.jar/org/bytedeco/javacpp/linux-x86_64/libjnijavacpp.so
7f723c050000-7f723c051000 rw-p 0000f000 08:05 1461975                    /home/qutx/.javacpp/cache/javacpp-1.5.7-linux-x86_64.jar/org/bytedeco/javacpp/linux-x86_64/libjnijavacpp.so
7f723c051000-7f723c055000 r--p 00000000 08:05 922115                     /usr/lib/jvm/java-11-openjdk-amd64/lib/libnet.so
7f723c055000-7f723c063000 r-xp 00004000 08:05 922115                     /usr/lib/jvm/java-11-openjdk-amd64/lib/libnet.so
7f723c063000-7f723c067000 r--p 00012000 08:05 922115                     /usr/lib/jvm/java-11-openjdk-amd64/lib/libnet.so
7f723c067000-7f723c068000 r--p 00015000 08:05 922115                     /usr/lib/jvm/java-11-openjdk-amd64/lib/libnet.so
7f723c068000-7f723c069000 rw-p 00016000 08:05 922115                     /usr/lib/jvm/java-11-openjdk-amd64/lib/libnet.so
7f723c069000-7f723c070000 r--p 00000000 08:05 922116                     /usr/lib/jvm/java-11-openjdk-amd64/lib/libnio.so
7f723c070000-7f723c078000 r-xp 00007000 08:05 922116                     /usr/lib/jvm/java-11-openjdk-amd64/lib/libnio.so
7f723c078000-7f723c07b000 r--p 0000f000 08:05 922116                     /usr/lib/jvm/java-11-openjdk-amd64/lib/libnio.so
7f723c07b000-7f723c07c000 r--p 00011000 08:05 922116                     /usr/lib/jvm/java-11-openjdk-amd64/lib/libnio.so
7f723c07c000-7f723c07d000 rw-p 00012000 08:05 922116                     /usr/lib/jvm/java-11-openjdk-amd64/lib/libnio.so
7f723c07d000-7f723c07f000 r--p 00000000 08:05 922096                     /usr/lib/jvm/java-11-openjdk-amd64/lib/libdt_socket.so
7f723c07f000-7f723c082000 r-xp 00002000 08:05 922096                     /usr/lib/jvm/java-11-openjdk-amd64/lib/libdt_socket.so
7f723c082000-7f723c083000 r--p 00005000 08:05 922096                     /usr/lib/jvm/java-11-openjdk-amd64/lib/libdt_socket.so
7f723c083000-7f723c084000 ---p 00006000 08:05 922096                     /usr/lib/jvm/java-11-openjdk-amd64/lib/libdt_socket.so
7f723c084000-7f723c085000 r--p 00006000 08:05 922096                     /usr/lib/jvm/java-11-openjdk-amd64/lib/libdt_socket.so
7f723c085000-7f723c086000 rw-p 00007000 08:05 922096                     /usr/lib/jvm/java-11-openjdk-amd64/lib/libdt_socket.so
7f723c086000-7f723c08d000 r--s 00000000 08:05 1447316                    /usr/lib/x86_64-linux-gnu/gconv/gconv-modules.cache
7f723c08d000-7f723c169000 rw-p 00000000 00:00 0 
7f723c169000-7f723c16a000 ---p 00000000 00:00 0 
7f723c16a000-7f723c26b000 rw-p 00000000 00:00 0 
7f723c26b000-7f723c26c000 ---p 00000000 00:00 0 
7f723c26c000-7f723c56f000 rw-p 00000000 00:00 0 
7f723c56f000-7f723c570000 ---p 00000000 00:00 0 
7f723c570000-7f723c671000 rw-p 00000000 00:00 0 
7f723c671000-7f723c672000 ---p 00000000 00:00 0 
7f723c672000-7f723c88c000 rw-p 00000000 00:00 0 
7f723c88c000-7f723d6c4000 ---p 00000000 00:00 0 
7f723d6c4000-7f723d7c4000 rw-p 00000000 00:00 0 
7f723d7c4000-7f723e5fc000 ---p 00000000 00:00 0 
7f723e5fc000-7f723e623000 rw-p 00000000 00:00 0 
7f723e623000-7f723e7ea000 ---p 00000000 00:00 0 
7f723e7ea000-7f723e80a000 rw-p 00000000 00:00 0 
7f723e80a000-7f723e9d1000 ---p 00000000 00:00 0 
7f723e9d1000-7f723e9f1000 rw-p 00000000 00:00 0 
7f723e9f1000-7f723ebb8000 ---p 00000000 00:00 0 
7f723ebb8000-7f723edbb000 rw-p 00000000 00:00 0 
7f723edbb000-7f723edbc000 ---p 00000000 00:00 0 
7f723edbc000-7f723eec2000 rw-p 00000000 00:00 0 
7f723eec2000-7f723efa8000 ---p 00000000 00:00 0 
7f723efa8000-7f723efad000 rw-p 00000000 00:00 0 
7f723efad000-7f723f093000 ---p 00000000 00:00 0 
7f723f093000-7f723f098000 rw-p 00000000 00:00 0 
7f723f098000-7f723f09f000 ---p 00000000 00:00 0 
7f723f09f000-7f723f0a5000 r--s 00067000 08:05 1843477                    /opt/idea-IC-223.8617.56/plugins/java/lib/rt/debugger-agent.jar
7f723f0a5000-7f723f0a8000 r--p 00000000 08:05 924341                     /usr/lib/x86_64-linux-gnu/libnss_files-2.31.so
7f723f0a8000-7f723f0af000 r-xp 00003000 08:05 924341                     /usr/lib/x86_64-linux-gnu/libnss_files-2.31.so
7f723f0af000-7f723f0b1000 r--p 0000a000 08:05 924341                     /usr/lib/x86_64-linux-gnu/libnss_files-2.31.so
7f723f0b1000-7f723f0b2000 r--p 0000b000 08:05 924341                     /usr/lib/x86_64-linux-gnu/libnss_files-2.31.so
7f723f0b2000-7f723f0b3000 rw-p 0000c000 08:05 924341                     /usr/lib/x86_64-linux-gnu/libnss_files-2.31.so
7f723f0b3000-7f723f0b9000 rw-p 00000000 00:00 0 
7f723f0b9000-7f723f0bb000 r--p 00000000 08:05 922124                     /usr/lib/jvm/java-11-openjdk-amd64/lib/libzip.so
7f723f0bb000-7f723f0c0000 r-xp 00002000 08:05 922124                     /usr/lib/jvm/java-11-openjdk-amd64/lib/libzip.so
7f723f0c0000-7f723f0c2000 r--p 00007000 08:05 922124                     /usr/lib/jvm/java-11-openjdk-amd64/lib/libzip.so
7f723f0c2000-7f723f0c3000 r--p 00008000 08:05 922124                     /usr/lib/jvm/java-11-openjdk-amd64/lib/libzip.so
7f723f0c3000-7f723f0c4000 rw-p 00009000 08:05 922124                     /usr/lib/jvm/java-11-openjdk-amd64/lib/libzip.so
7f723f0c4000-7f723f0cc000 rw-s 00000000 08:05 2362813                    /tmp/hsperfdata_qutx/20718
7f723f0cc000-7f723feaa000 r--p 00000000 08:05 922866                     /usr/lib/locale/locale-archive
7f723feaa000-7f723feac000 r--p 00000000 08:05 922099                     /usr/lib/jvm/java-11-openjdk-amd64/lib/libinstrument.so
7f723feac000-7f723feb2000 r-xp 00002000 08:05 922099                     /usr/lib/jvm/java-11-openjdk-amd64/lib/libinstrument.so
7f723feb2000-7f723feb5000 r--p 00008000 08:05 922099                     /usr/lib/jvm/java-11-openjdk-amd64/lib/libinstrument.so
7f723feb5000-7f723feb6000 r--p 0000a000 08:05 922099                     /usr/lib/jvm/java-11-openjdk-amd64/lib/libinstrument.so
7f723feb6000-7f723feb7000 rw-p 0000b000 08:05 922099                     /usr/lib/jvm/java-11-openjdk-amd64/lib/libinstrument.so
7f723feb7000-7f723feb9000 r--p 00000000 08:05 922106                     /usr/lib/jvm/java-11-openjdk-amd64/lib/libjdwp.so
7f723feb9000-7f723fee5000 r-xp 00002000 08:05 922106                     /usr/lib/jvm/java-11-openjdk-amd64/lib/libjdwp.so
7f723fee5000-7f723fef3000 r--p 0002e000 08:05 922106                     /usr/lib/jvm/java-11-openjdk-amd64/lib/libjdwp.so
7f723fef3000-7f723fef4000 r--p 0003b000 08:05 922106                     /usr/lib/jvm/java-11-openjdk-amd64/lib/libjdwp.so
7f723fef4000-7f723fef5000 rw-p 0003c000 08:05 922106                     /usr/lib/jvm/java-11-openjdk-amd64/lib/libjdwp.so
7f723fef5000-7f723fef6000 ---p 00000000 00:00 0 
7f723fef6000-7f723fef7000 r--p 00000000 00:00 0 
7f723fef7000-7f723fef9000 r--p 00000000 08:05 922107                     /usr/lib/jvm/java-11-openjdk-amd64/lib/libjimage.so
7f723fef9000-7f723fefc000 r-xp 00002000 08:05 922107                     /usr/lib/jvm/java-11-openjdk-amd64/lib/libjimage.so
7f723fefc000-7f723fefd000 r--p 00005000 08:05 922107                     /usr/lib/jvm/java-11-openjdk-amd64/lib/libjimage.so
7f723fefd000-7f723fefe000 ---p 00006000 08:05 922107                     /usr/lib/jvm/java-11-openjdk-amd64/lib/libjimage.so
7f723fefe000-7f723feff000 r--p 00006000 08:05 922107                     /usr/lib/jvm/java-11-openjdk-amd64/lib/libjimage.so
7f723feff000-7f723ff00000 rw-p 00007000 08:05 922107                     /usr/lib/jvm/java-11-openjdk-amd64/lib/libjimage.so
7f723ff00000-7f723ff0e000 r--p 00000000 08:05 922104                     /usr/lib/jvm/java-11-openjdk-amd64/lib/libjava.so
7f723ff0e000-7f723ff24000 r-xp 0000e000 08:05 922104                     /usr/lib/jvm/java-11-openjdk-amd64/lib/libjava.so
7f723ff24000-7f723ff2b000 r--p 00024000 08:05 922104                     /usr/lib/jvm/java-11-openjdk-amd64/lib/libjava.so
7f723ff2b000-7f723ff2c000 r--p 0002a000 08:05 922104                     /usr/lib/jvm/java-11-openjdk-amd64/lib/libjava.so
7f723ff2c000-7f723ff2d000 rw-p 0002b000 08:05 922104                     /usr/lib/jvm/java-11-openjdk-amd64/lib/libjava.so
7f723ff2d000-7f723ff2e000 rw-p 00000000 00:00 0 
7f723ff2e000-7f723ff30000 r--p 00000000 08:05 924550                     /usr/lib/x86_64-linux-gnu/librt-2.31.so
7f723ff30000-7f723ff34000 r-xp 00002000 08:05 924550                     /usr/lib/x86_64-linux-gnu/librt-2.31.so
7f723ff34000-7f723ff36000 r--p 00006000 08:05 924550                     /usr/lib/x86_64-linux-gnu/librt-2.31.so
7f723ff36000-7f723ff37000 r--p 00007000 08:05 924550                     /usr/lib/x86_64-linux-gnu/librt-2.31.so
7f723ff37000-7f723ff38000 rw-p 00008000 08:05 924550                     /usr/lib/x86_64-linux-gnu/librt-2.31.so
7f723ff38000-7f723ff3c000 ---p 00000000 00:00 0 
7f723ff3c000-7f7240039000 rw-p 00000000 00:00 0 
7f7240039000-7f724003c000 r--p 00000000 08:05 923854                     /usr/lib/x86_64-linux-gnu/libgcc_s.so.1
7f724003c000-7f724004e000 r-xp 00003000 08:05 923854                     /usr/lib/x86_64-linux-gnu/libgcc_s.so.1
7f724004e000-7f7240052000 r--p 00015000 08:05 923854                     /usr/lib/x86_64-linux-gnu/libgcc_s.so.1
7f7240052000-7f7240053000 r--p 00018000 08:05 923854                     /usr/lib/x86_64-linux-gnu/libgcc_s.so.1
7f7240053000-7f7240054000 rw-p 00019000 08:05 923854                     /usr/lib/x86_64-linux-gnu/libgcc_s.so.1
7f7240054000-7f7240061000 r--p 00000000 08:05 924215                     /usr/lib/x86_64-linux-gnu/libm-2.31.so
7f7240061000-7f7240108000 r-xp 0000d000 08:05 924215                     /usr/lib/x86_64-linux-gnu/libm-2.31.so
7f7240108000-7f72401a1000 r--p 000b4000 08:05 924215                     /usr/lib/x86_64-linux-gnu/libm-2.31.so
7f72401a1000-7f72401a2000 r--p 0014c000 08:05 924215                     /usr/lib/x86_64-linux-gnu/libm-2.31.so
7f72401a2000-7f72401a3000 rw-p 0014d000 08:05 924215                     /usr/lib/x86_64-linux-gnu/libm-2.31.so
7f72401a3000-7f7240239000 r--p 00000000 08:05 924659                     /usr/lib/x86_64-linux-gnu/libstdc++.so.6.0.28
7f7240239000-7f724032a000 r-xp 00096000 08:05 924659                     /usr/lib/x86_64-linux-gnu/libstdc++.so.6.0.28
7f724032a000-7f7240373000 r--p 00187000 08:05 924659                     /usr/lib/x86_64-linux-gnu/libstdc++.so.6.0.28
7f7240373000-7f7240374000 ---p 001d0000 08:05 924659                     /usr/lib/x86_64-linux-gnu/libstdc++.so.6.0.28
7f7240374000-7f724037f000 r--p 001d0000 08:05 924659                     /usr/lib/x86_64-linux-gnu/libstdc++.so.6.0.28
7f724037f000-7f7240382000 rw-p 001db000 08:05 924659                     /usr/lib/x86_64-linux-gnu/libstdc++.so.6.0.28
7f7240382000-7f7240385000 rw-p 00000000 00:00 0 
7f7240385000-7f7240607000 r--p 00000000 08:05 922128                     /usr/lib/jvm/java-11-openjdk-amd64/lib/server/libjvm.so
7f7240607000-7f7241298000 r-xp 00282000 08:05 922128                     /usr/lib/jvm/java-11-openjdk-amd64/lib/server/libjvm.so
7f7241298000-7f72414f7000 r--p 00f13000 08:05 922128                     /usr/lib/jvm/java-11-openjdk-amd64/lib/server/libjvm.so
7f72414f7000-7f72415bb000 r--p 01171000 08:05 922128                     /usr/lib/jvm/java-11-openjdk-amd64/lib/server/libjvm.so
7f72415bb000-7f72415f6000 rw-p 01235000 08:05 922128                     /usr/lib/jvm/java-11-openjdk-amd64/lib/server/libjvm.so
7f72415f6000-7f724164f000 rw-p 00000000 00:00 0 
7f724164f000-7f7241655000 r--p 00000000 08:05 924485                     /usr/lib/x86_64-linux-gnu/libpthread-2.31.so
7f7241655000-7f7241666000 r-xp 00006000 08:05 924485                     /usr/lib/x86_64-linux-gnu/libpthread-2.31.so
7f7241666000-7f724166c000 r--p 00017000 08:05 924485                     /usr/lib/x86_64-linux-gnu/libpthread-2.31.so
7f724166c000-7f724166d000 r--p 0001c000 08:05 924485                     /usr/lib/x86_64-linux-gnu/libpthread-2.31.so
7f724166d000-7f724166e000 rw-p 0001d000 08:05 924485                     /usr/lib/x86_64-linux-gnu/libpthread-2.31.so
7f724166e000-7f7241672000 rw-p 00000000 00:00 0 
7f7241672000-7f7241673000 r--p 00000000 08:05 923700                     /usr/lib/x86_64-linux-gnu/libdl-2.31.so
7f7241673000-7f7241675000 r-xp 00001000 08:05 923700                     /usr/lib/x86_64-linux-gnu/libdl-2.31.so
7f7241675000-7f7241676000 r--p 00003000 08:05 923700                     /usr/lib/x86_64-linux-gnu/libdl-2.31.so
7f7241676000-7f7241677000 r--p 00003000 08:05 923700                     /usr/lib/x86_64-linux-gnu/libdl-2.31.so
7f7241677000-7f7241678000 rw-p 00004000 08:05 923700                     /usr/lib/x86_64-linux-gnu/libdl-2.31.so
7f7241678000-7f724167a000 r--p 00000000 08:05 923674                     /usr/lib/x86_64-linux-gnu/libz.so.1.2.11
7f724167a000-7f724168b000 r-xp 00002000 08:05 923674                     /usr/lib/x86_64-linux-gnu/libz.so.1.2.11
7f724168b000-7f7241691000 r--p 00013000 08:05 923674                     /usr/lib/x86_64-linux-gnu/libz.so.1.2.11
7f7241691000-7f7241692000 ---p 00019000 08:05 923674                     /usr/lib/x86_64-linux-gnu/libz.so.1.2.11
7f7241692000-7f7241693000 r--p 00019000 08:05 923674                     /usr/lib/x86_64-linux-gnu/libz.so.1.2.11
7f7241693000-7f7241694000 rw-p 0001a000 08:05 923674                     /usr/lib/x86_64-linux-gnu/libz.so.1.2.11
7f7241694000-7f72416b6000 r--p 00000000 08:05 923557                     /usr/lib/x86_64-linux-gnu/libc-2.31.so
7f72416b6000-7f724182e000 r-xp 00022000 08:05 923557                     /usr/lib/x86_64-linux-gnu/libc-2.31.so
7f724182e000-7f724187c000 r--p 0019a000 08:05 923557                     /usr/lib/x86_64-linux-gnu/libc-2.31.so
7f724187c000-7f7241880000 r--p 001e7000 08:05 923557                     /usr/lib/x86_64-linux-gnu/libc-2.31.so
7f7241880000-7f7241882000 rw-p 001eb000 08:05 923557                     /usr/lib/x86_64-linux-gnu/libc-2.31.so
7f7241882000-7f7241886000 rw-p 00000000 00:00 0 
7f7241887000-7f724188c000 r--p 00000000 08:05 922123                     /usr/lib/jvm/java-11-openjdk-amd64/lib/libverify.so
7f724188c000-7f7241893000 r-xp 00005000 08:05 922123                     /usr/lib/jvm/java-11-openjdk-amd64/lib/libverify.so
7f7241893000-7f7241895000 r--p 0000c000 08:05 922123                     /usr/lib/jvm/java-11-openjdk-amd64/lib/libverify.so
7f7241895000-7f7241896000 ---p 0000e000 08:05 922123                     /usr/lib/jvm/java-11-openjdk-amd64/lib/libverify.so
7f7241896000-7f7241898000 r--p 0000e000 08:05 922123                     /usr/lib/jvm/java-11-openjdk-amd64/lib/libverify.so
7f7241898000-7f7241899000 rw-p 00010000 08:05 922123                     /usr/lib/jvm/java-11-openjdk-amd64/lib/libverify.so
7f7241899000-7f724189c000 r--p 00000000 08:05 922089                     /usr/lib/jvm/java-11-openjdk-amd64/lib/jli/libjli.so
7f724189c000-7f72418a6000 r-xp 00003000 08:05 922089                     /usr/lib/jvm/java-11-openjdk-amd64/lib/jli/libjli.so
7f72418a6000-7f72418a9000 r--p 0000d000 08:05 922089                     /usr/lib/jvm/java-11-openjdk-amd64/lib/jli/libjli.so
7f72418a9000-7f72418aa000 ---p 00010000 08:05 922089                     /usr/lib/jvm/java-11-openjdk-amd64/lib/jli/libjli.so
7f72418aa000-7f72418ab000 r--p 00010000 08:05 922089                     /usr/lib/jvm/java-11-openjdk-amd64/lib/jli/libjli.so
7f72418ab000-7f72418ac000 rw-p 00011000 08:05 922089                     /usr/lib/jvm/java-11-openjdk-amd64/lib/jli/libjli.so
7f72418ac000-7f72418ae000 rw-p 00000000 00:00 0 
7f72418ae000-7f72418af000 r--p 00000000 08:05 923337                     /usr/lib/x86_64-linux-gnu/ld-2.31.so
7f72418af000-7f72418d2000 r-xp 00001000 08:05 923337                     /usr/lib/x86_64-linux-gnu/ld-2.31.so
7f72418d2000-7f72418da000 r--p 00024000 08:05 923337                     /usr/lib/x86_64-linux-gnu/ld-2.31.so
7f72418db000-7f72418dc000 r--p 0002c000 08:05 923337                     /usr/lib/x86_64-linux-gnu/ld-2.31.so
7f72418dc000-7f72418dd000 rw-p 0002d000 08:05 923337                     /usr/lib/x86_64-linux-gnu/ld-2.31.so
7f72418dd000-7f72418de000 rw-p 00000000 00:00 0 
7ffcf2163000-7ffcf2184000 rw-p 00000000 00:00 0                          [stack]
7ffcf21ae000-7ffcf21b2000 r--p 00000000 00:00 0                          [vvar]
7ffcf21b2000-7ffcf21b4000 r-xp 00000000 00:00 0                          [vdso]
ffffffffff600000-ffffffffff601000 --xp 00000000 00:00 0                  [vsyscall]


VM Arguments:
jvm_args: -agentlib:jdwp=transport=dt_socket,address=127.0.0.1:36435,suspend=y,server=n -javaagent:/opt/idea-IC-223.8617.56/plugins/java/lib/rt/debugger-agent.jar -Dfile.encoding=UTF-8 
java_command: Main tests/test1.sysy
java_class_path (initial): /home/qutx/Desktop/study/compile/Lab/out/production/Lab:/usr/local/lib/antlr-4.9.1-complete.jar:/usr/local/lib/javacpp-1.5.7-linux-x86_64.jar:/usr/local/lib/javacpp-1.5.7.jar:/usr/local/lib/llvm-13.0.1-1.5.7-linux-x86_64.jar:/usr/local/lib/llvm-13.0.1-1.5.7.jar:/usr/local/lib/llvm-platform-13.0.1-1.5.7.jar:/home/qutx/Desktop/study/compile/Lab:/opt/idea-IC-223.8617.56/lib/idea_rt.jar
Launcher Type: SUN_STANDARD

[Global flags]
     intx CICompilerCount                          = 2                                         {product} {ergonomic}
     uint ConcGCThreads                            = 1                                         {product} {ergonomic}
     uint G1ConcRefinementThreads                  = 2                                         {product} {ergonomic}
   size_t G1HeapRegionSize                         = 1048576                                   {product} {ergonomic}
    uintx GCDrainStackTargetSize                   = 64                                        {product} {ergonomic}
   size_t InitialHeapSize                          = 65011712                                  {product} {ergonomic}
   size_t MarkStackSize                            = 4194304                                   {product} {ergonomic}
   size_t MaxHeapSize                              = 1021313024                                {product} {ergonomic}
   size_t MaxNewSize                               = 612368384                                 {product} {ergonomic}
   size_t MinHeapDeltaBytes                        = 1048576                                   {product} {ergonomic}
    uintx NonNMethodCodeHeapSize                   = 5825164                                {pd product} {ergonomic}
    uintx NonProfiledCodeHeapSize                  = 122916538                              {pd product} {ergonomic}
    uintx ProfiledCodeHeapSize                     = 122916538                              {pd product} {ergonomic}
    uintx ReservedCodeCacheSize                    = 251658240                              {pd product} {ergonomic}
     bool SegmentedCodeCache                       = true                                      {product} {ergonomic}
     bool UseCompressedClassPointers               = true                                 {lp64_product} {ergonomic}
     bool UseCompressedOops                        = true                                 {lp64_product} {ergonomic}
     bool UseG1GC                                  = true                                      {product} {ergonomic}

Logging:
Log output configuration:
 #0: stdout all=warning uptime,level,tags
 #1: stderr all=off uptime,level,tags

Environment Variables:
JAVA_HOME=/opt/jdk-19.0.2
PATH=/opt/idea-IC-223.8617.56/bin:/opt/jdk-19.0.2/bin:/usr/local/sbin:/usr/local/bin:/usr/sbin:/usr/bin:/sbin:/bin:/usr/games:/usr/local/games:/snap/bin
USERNAME=qutx
SHELL=/bin/bash
DISPLAY=:0
LANG=en_US.UTF-8
LC_NUMERIC=zh_CN.UTF-8
LC_TIME=zh_CN.UTF-8
TERM=xterm-256color

Signal Handlers:
SIGSEGV: [libjvm.so+0xe9f840], sa_mask[0]=11111111011111111101111111111110, sa_flags=SA_RESTART|SA_SIGINFO
SIGBUS: [libjvm.so+0xe9f840], sa_mask[0]=11111111011111111101111111111110, sa_flags=SA_RESTART|SA_SIGINFO
SIGFPE: [libjvm.so+0xe9f840], sa_mask[0]=11111111011111111101111111111110, sa_flags=SA_RESTART|SA_SIGINFO
SIGPIPE: [libjvm.so+0xbe53b0], sa_mask[0]=11111111011111111101111111111110, sa_flags=SA_RESTART|SA_SIGINFO
SIGXFSZ: [libjvm.so+0xbe53b0], sa_mask[0]=11111111011111111101111111111110, sa_flags=SA_RESTART|SA_SIGINFO
SIGILL: [libjvm.so+0xe9f840], sa_mask[0]=11111111011111111101111111111110, sa_flags=SA_RESTART|SA_SIGINFO
SIGUSR2: [libjvm.so+0xbe5250], sa_mask[0]=00100000000000000000000000000000, sa_flags=SA_RESTART|SA_SIGINFO
SIGHUP: [libjvm.so+0xbe5900], sa_mask[0]=11111111011111111101111111111110, sa_flags=SA_RESTART|SA_SIGINFO
SIGINT: [libjvm.so+0xbe5900], sa_mask[0]=11111111011111111101111111111110, sa_flags=SA_RESTART|SA_SIGINFO
SIGTERM: [libjvm.so+0xbe5900], sa_mask[0]=11111111011111111101111111111110, sa_flags=SA_RESTART|SA_SIGINFO
SIGQUIT: [libjvm.so+0xbe5900], sa_mask[0]=11111111011111111101111111111110, sa_flags=SA_RESTART|SA_SIGINFO


---------------  S Y S T E M  ---------------

OS:DISTRIB_ID=Ubuntu
DISTRIB_RELEASE=20.04
DISTRIB_CODENAME=focal
DISTRIB_DESCRIPTION="Ubuntu 20.04.6 LTS"
uname:Linux 5.15.0-71-generic #78~20.04.1-Ubuntu SMP Wed Apr 19 11:26:48 UTC 2023 x86_64
OS uptime: 0 days 1:13 hours
libc:glibc 2.31 NPTL 2.31 
rlimit (soft/hard): STACK 8192k/infinity , CORE 0k/infinity , NPROC 15242/15242 , NOFILE 1048576/1048576 , AS infinity/infinity , CPU infinity/infinity , DATA infinity/infinity , FSIZE infinity/infinity , MEMLOCK 65536k/65536k
load average:2.05 2.31 1.50

/proc/meminfo:
MemTotal:        3983204 kB
MemFree:          108268 kB
MemAvailable:     841140 kB
Buffers:           25032 kB
Cached:           863724 kB
SwapCached:         9700 kB
Active:           582804 kB
Inactive:        2740344 kB
Active(anon):     137908 kB
Inactive(anon):  2297972 kB
Active(file):     444896 kB
Inactive(file):   442372 kB
Unevictable:           0 kB
Mlocked:               0 kB
SwapTotal:       2097148 kB
SwapFree:        1564268 kB
Dirty:              7524 kB
Writeback:             0 kB
AnonPages:       2429892 kB
Mapped:           600468 kB
Shmem:              2040 kB
KReclaimable:      99804 kB
Slab:             197532 kB
SReclaimable:      99804 kB
SUnreclaim:        97728 kB
KernelStack:       12832 kB
PageTables:        22292 kB
NFS_Unstable:          0 kB
Bounce:                0 kB
WritebackTmp:          0 kB
CommitLimit:     4088748 kB
Committed_AS:    6109552 kB
VmallocTotal:   34359738367 kB
VmallocUsed:       72264 kB
VmallocChunk:          0 kB
Percpu:           104448 kB
HardwareCorrupted:     0 kB
AnonHugePages:         0 kB
ShmemHugePages:        0 kB
ShmemPmdMapped:        0 kB
FileHugePages:         0 kB
FilePmdMapped:         0 kB
HugePages_Total:       0
HugePages_Free:        0
HugePages_Rsvd:        0
HugePages_Surp:        0
Hugepagesize:       2048 kB
Hugetlb:               0 kB
DirectMap4k:      321344 kB
DirectMap2M:     3872768 kB
DirectMap1G:     2097152 kB

/sys/kernel/mm/transparent_hugepage/enabled:
always [madvise] never
/sys/kernel/mm/transparent_hugepage/defrag (defrag/compaction efforts parameter):
always defer defer+madvise [madvise] never

Process Memory:
Virtual Size: 3683036K (peak: 12394916K)
Resident Set Size: 94556K (peak: 94556K) (anon: 36872K, file: 57684K, shmem: 0K)
Swapped out: 0K
C-Heap outstanding allocations: 9600K, retained: 7827K
glibc malloc tunables: (default)

/proc/sys/kernel/threads-max (system-wide limit on the number of threads):
30485
/proc/sys/vm/max_map_count (maximum number of memory map areas a process may have):
65530
/proc/sys/kernel/pid_max (system-wide limit on number of process identifiers):
4194304

container (cgroup) information:
container_type: cgroupv1
cpu_cpuset_cpus: 0-1
cpu_memory_nodes: 0
active_processor_count: 2
cpu_quota: no quota
cpu_period: 100000
cpu_shares: no shares
memory_limit_in_bytes: unlimited
memory_and_swap_limit_in_bytes: unlimited
memory_soft_limit_in_bytes: unlimited
memory_usage_in_bytes: 2839968 k
memory_max_usage_in_bytes: 2844804 k
kernel_memory_usage_in_bytes: 55104 k
kernel_memory_max_usage_in_bytes: unlimited
kernel_memory_limit_in_bytes: 56744 k
maximum number of tasks: unlimited
current number of tasks: 354

VMWare virtualization detected
Steal ticks since vm start: 0
Steal ticks percentage since vm start:  0.000

CPU:total 2 (initial active 2) (1 cores per cpu, 1 threads per core) family 6 model 165 stepping 2 microcode 0xffffffff, cmov, cx8, fxsr, mmx, sse, sse2, sse3, ssse3, sse4.1, sse4.2, popcnt, avx, avx2, aes, clmul, erms, 3dnowpref, lzcnt, tsc, tscinvbit, bmi1, bmi2, adx, fma
CPU Model and flags from /proc/cpuinfo:
model name	: Intel(R) Core(TM) i7-10750H CPU @ 2.60GHz
flags		: fpu vme de pse tsc msr pae mce cx8 apic sep mtrr pge mca cmov pat pse36 clflush mmx fxsr sse sse2 ss syscall nx pdpe1gb rdtscp lm constant_tsc arch_perfmon nopl xtopology tsc_reliable nonstop_tsc cpuid tsc_known_freq pni pclmulqdq ssse3 fma cx16 pcid sse4_1 sse4_2 x2apic movbe popcnt aes xsave avx f16c rdrand hypervisor lahf_lm abm 3dnowprefetch invpcid_single pti ssbd ibrs ibpb stibp fsgsbase tsc_adjust bmi1 avx2 smep bmi2 invpcid rdseed adx smap clflushopt xsaveopt xsavec xgetbv1 xsaves arat flush_l1d arch_capabilities
Online cpus:
0-1
Offline cpus:
2-127
BIOS frequency limitation:
<Not Available>
Frequency switch latency (ns):
<Not Available>
Available cpu frequencies:
<Not Available>
Current governor:
<Not Available>
Core performance/turbo boost:
<Not Available>

Memory: 4k page, physical 3983204k(108268k free), swap 2097148k(1564268k free)

vm_info: OpenJDK 64-Bit Server VM (11.0.19+7-post-Ubuntu-0ubuntu120.04.1) for linux-amd64 JRE (11.0.19+7-post-Ubuntu-0ubuntu120.04.1), built on May 10 2023 00:55:26 by "unknown" with gcc 9.4.0

END.
