#
# A fatal error has been detected by the Java Runtime Environment:
#
#  SIGSEGV (0xb) at pc=0x00007fd5361553ac, pid=19706, tid=19707
#
# JRE version: OpenJDK Runtime Environment (11.0.19+7) (build 11.0.19+7-post-Ubuntu-0ubuntu120.04.1)
# Java VM: OpenJDK 64-Bit Server VM (11.0.19+7-post-Ubuntu-0ubuntu120.04.1, mixed mode, sharing, tiered, compressed oops, g1 gc, linux-amd64)
# Problematic frame:
# C  [libLLVM-13.so+0xc293ac]  LLVMBuildAdd+0xfc
#
# Core dump will be written. Default location: Core dumps may be processed with "/usr/share/apport/apport -p%p -s%s -c%c -d%d -P%P -u%u -g%g -- %E" (or dumping to /home/qutx/Desktop/study/compile/Lab/core.19706)
#
# If you would like to submit a bug report, please visit:
#   https://bugs.launchpad.net/ubuntu/+source/openjdk-lts
# The crash happened outside the Java Virtual Machine in native code.
# See problematic frame for where to report the bug.
#

---------------  S U M M A R Y ------------

Command Line: -javaagent:/opt/idea-IC-223.8617.56/lib/idea_rt.jar=40333:/opt/idea-IC-223.8617.56/bin -Dfile.encoding=UTF-8 Main tests/test1.sysy

Host: Intel(R) Core(TM) i7-10750H CPU @ 2.60GHz, 2 cores, 3G, Ubuntu 20.04.6 LTS
Time: Thu May 18 11:49:22 2023 CST elapsed time: 0.538155 seconds (0d 0h 0m 0s)

---------------  T H R E A D  ---------------

Current thread (0x00007fd590017000):  JavaThread "main" [_thread_in_native, id=19707, stack(0x00007fd597e80000,0x00007fd597f81000)]

Stack: [0x00007fd597e80000,0x00007fd597f81000],  sp=0x00007fd597f7eba0,  free space=1018k
Native frames: (J=compiled Java code, A=aot compiled Java code, j=interpreted, Vv=VM code, C=native code)
C  [libLLVM-13.so+0xc293ac]  LLVMBuildAdd+0xfc

Java frames: (J=compiled Java code, j=interpreted, Vv=VM code)
j  org.bytedeco.llvm.global.LLVM.LLVMBuildAdd(Lorg/bytedeco/llvm/LLVM/LLVMBuilderRef;Lorg/bytedeco/llvm/LLVM/LLVMValueRef;Lorg/bytedeco/llvm/LLVM/LLVMValueRef;Ljava/lang/String;)Lorg/bytedeco/llvm/LLVM/LLVMValueRef;+0
j  LlvmVisitor.visitPlusExp(LSysYParser$PlusExpContext;)Lorg/bytedeco/llvm/LLVM/LLVMValueRef;+49
j  LlvmVisitor.visitPlusExp(LSysYParser$PlusExpContext;)Ljava/lang/Object;+2
j  SysYParser$PlusExpContext.accept(Lorg/antlr/v4/runtime/tree/ParseTreeVisitor;)Ljava/lang/Object;+12
j  LlvmVisitor.visitReturnStmt(LSysYParser$ReturnStmtContext;)Lorg/bytedeco/llvm/LLVM/LLVMValueRef;+5
j  LlvmVisitor.visitReturnStmt(LSysYParser$ReturnStmtContext;)Ljava/lang/Object;+2
j  SysYParser$ReturnStmtContext.accept(Lorg/antlr/v4/runtime/tree/ParseTreeVisitor;)Ljava/lang/Object;+12
j  org.antlr.v4.runtime.tree.AbstractParseTreeVisitor.visitChildren(Lorg/antlr/v4/runtime/tree/RuleNode;)Ljava/lang/Object;+46
j  SysYParserBaseVisitor.visitBlockItem(LSysYParser$BlockItemContext;)Ljava/lang/Object;+2
j  SysYParser$BlockItemContext.accept(Lorg/antlr/v4/runtime/tree/ParseTreeVisitor;)Ljava/lang/Object;+12
j  org.antlr.v4.runtime.tree.AbstractParseTreeVisitor.visitChildren(Lorg/antlr/v4/runtime/tree/RuleNode;)Ljava/lang/Object;+46
j  SysYParserBaseVisitor.visitBlock(LSysYParser$BlockContext;)Ljava/lang/Object;+2
j  LlvmVisitor.visitBlock(LSysYParser$BlockContext;)Lorg/bytedeco/llvm/LLVM/LLVMValueRef;+43
j  LlvmVisitor.visitBlock(LSysYParser$BlockContext;)Ljava/lang/Object;+2
j  SysYParser$BlockContext.accept(Lorg/antlr/v4/runtime/tree/ParseTreeVisitor;)Ljava/lang/Object;+12
j  org.antlr.v4.runtime.tree.AbstractParseTreeVisitor.visitChildren(Lorg/antlr/v4/runtime/tree/RuleNode;)Ljava/lang/Object;+46
j  SysYParserBaseVisitor.visitFuncDef(LSysYParser$FuncDefContext;)Ljava/lang/Object;+2
j  LlvmVisitor.visitFuncDef(LSysYParser$FuncDefContext;)Lorg/bytedeco/llvm/LLVM/LLVMValueRef;+81
j  LlvmVisitor.visitFuncDef(LSysYParser$FuncDefContext;)Ljava/lang/Object;+2
j  SysYParser$FuncDefContext.accept(Lorg/antlr/v4/runtime/tree/ParseTreeVisitor;)Ljava/lang/Object;+12
j  org.antlr.v4.runtime.tree.AbstractParseTreeVisitor.visitChildren(Lorg/antlr/v4/runtime/tree/RuleNode;)Ljava/lang/Object;+46
j  SysYParserBaseVisitor.visitCompUnit(LSysYParser$CompUnitContext;)Ljava/lang/Object;+2
j  SysYParser$CompUnitContext.accept(Lorg/antlr/v4/runtime/tree/ParseTreeVisitor;)Ljava/lang/Object;+12
j  org.antlr.v4.runtime.tree.AbstractParseTreeVisitor.visitChildren(Lorg/antlr/v4/runtime/tree/RuleNode;)Ljava/lang/Object;+46
j  SysYParserBaseVisitor.visitProgram(LSysYParser$ProgramContext;)Ljava/lang/Object;+2
j  LlvmVisitor.visitProgram(LSysYParser$ProgramContext;)Lorg/bytedeco/llvm/LLVM/LLVMValueRef;+22
j  LlvmVisitor.visitProgram(LSysYParser$ProgramContext;)Ljava/lang/Object;+2
j  SysYParser$ProgramContext.accept(Lorg/antlr/v4/runtime/tree/ParseTreeVisitor;)Ljava/lang/Object;+12
j  org.antlr.v4.runtime.tree.AbstractParseTreeVisitor.visit(Lorg/antlr/v4/runtime/tree/ParseTree;)Ljava/lang/Object;+2
j  Main.main([Ljava/lang/String;)V+55
v  ~StubRoutines::call_stub

siginfo: si_signo: 11 (SIGSEGV), si_code: 1 (SEGV_MAPERR), si_addr: 0x0000000200000027

Register to memory mapping:

RAX=0x00007fd5903dc3b0 points into unknown readable memory: 0x00007fd5903fa488 | 88 a4 3f 90 d5 7f 00 00
RBX=0x00007fd5903dc370 points into unknown readable memory: 0x00007fd59040d600 | 00 d6 40 90 d5 7f 00 00
RCX=0x00007fd59040d698 points into unknown readable memory: 0x00007fd5903dc390 | 90 c3 3d 90 d5 7f 00 00
RDX=0x00007fd597f7eba0 is pointing into the stack for thread: 0x00007fd590017000
RSP=0x00007fd597f7eba0 is pointing into the stack for thread: 0x00007fd590017000
RBP=0x00007fd590017348 points into unknown readable memory: 0x00007fd599509b40 | 40 9b 50 99 d5 7f 00 00
RSI=0x00007fd597f7ebd0 is pointing into the stack for thread: 0x00007fd590017000
RDI=0x0000000200000027 is an unknown value
R8 =0x00007fd5903dc3b0 points into unknown readable memory: 0x00007fd5903fa488 | 88 a4 3f 90 d5 7f 00 00
R9 =0x0 is NULL
R10=0x00007fd5903fa488 points into unknown readable memory: 0x00007fd5903f9d00 | 00 9d 3f 90 d5 7f 00 00
R11=0x00007fd5361552b0: LLVMBuildAdd+0x0000000000000000 in /home/qutx/.javacpp/cache/llvm-13.0.1-1.5.7-linux-x86_64.jar/org/bytedeco/llvm/linux-x86_64/libLLVM-13.so at 0x00007fd53552c000
R12=0x00007fd5903dc3b0 points into unknown readable memory: 0x00007fd5903fa488 | 88 a4 3f 90 d5 7f 00 00
R13=0x00007fd59040d600 points into unknown readable memory: 0x00007fd5903fa488 | 88 a4 3f 90 d5 7f 00 00
R14=0x00007fd59040d690 points into unknown readable memory: 0x00007fd5903fa488 | 88 a4 3f 90 d5 7f 00 00
R15=0x00007fd5903dc370 points into unknown readable memory: 0x00007fd59040d600 | 00 d6 40 90 d5 7f 00 00


Registers:
RAX=0x00007fd5903dc3b0, RBX=0x00007fd5903dc370, RCX=0x00007fd59040d698, RDX=0x00007fd597f7eba0
RSP=0x00007fd597f7eba0, RBP=0x00007fd590017348, RSI=0x00007fd597f7ebd0, RDI=0x0000000200000027
R8 =0x00007fd5903dc3b0, R9 =0x0000000000000000, R10=0x00007fd5903fa488, R11=0x00007fd5361552b0
R12=0x00007fd5903dc3b0, R13=0x00007fd59040d600, R14=0x00007fd59040d690, R15=0x00007fd5903dc370
RIP=0x00007fd5361553ac, EFLAGS=0x0000000000010202, CSGSFS=0x002b000000000033, ERR=0x0000000000000004
  TRAPNO=0x000000000000000e

Top of Stack: (sp=0x00007fd597f7eba0)
0x00007fd597f7eba0:   00007fd59040d840 00007fd599676299
0x00007fd597f7ebb0:   0000000000000005 0000000000000004
0x00007fd597f7ebc0:   00007fd590400103 00007fd59011d190
0x00007fd597f7ebd0:   00007fd59040d690 00007fd5903dc370 

Instructions: (pc=0x00007fd5361553ac)
0x00007fd5361552ac:   0f 1f 40 00 41 54 55 53 48 89 fb 48 89 f7 48 89
0x00007fd5361552bc:   d6 ba 01 01 00 00 48 83 ec 60 80 39 00 66 89 54
0x00007fd5361552cc:   24 20 74 09 48 89 0c 24 c6 44 24 20 03 80 7f 10
0x00007fd5361552dc:   12 0f 87 95 00 00 00 80 7e 10 12 0f 87 8b 00 00
0x00007fd5361552ec:   00 4c 8b 4b 48 48 8d 15 18 19 fa ff 49 8b 01 48
0x00007fd5361552fc:   8b 40 10 48 39 d0 0f 85 f0 00 00 00 31 c9 31 d2
0x00007fd53615530c:   e8 7f 13 ff ff 49 89 c4 41 80 7c 24 10 19 76 4b
0x00007fd53615531c:   48 8b 7b 50 48 8b 4b 30 48 89 e2 4c 89 e6 4c 8b
0x00007fd53615532c:   43 38 48 8b 07 ff 50 10 8b 6b 08 48 8b 03 48 c1
0x00007fd53615533c:   e5 04 48 01 c5 48 39 e8 74 21 48 89 c3 0f 1f 80
0x00007fd53615534c:   00 00 00 00 48 8b 53 08 8b 33 4c 89 e7 48 83 c3
0x00007fd53615535c:   10 e8 de 4a 0e 00 48 39 dd 75 e9 48 83 c4 60 4c
0x00007fd53615536c:   89 e0 5b 5d 41 5c c3 0f 1f 44 00 00 48 89 f2 b8
0x00007fd53615537c:   01 01 00 00 48 89 fe 45 31 c0 48 8d 4c 24 30 bf
0x00007fd53615538c:   0d 00 00 00 66 89 44 24 50 e8 76 cf 09 00 48 8b
0x00007fd53615539c:   7b 50 48 89 e2 48 8b 4b 30 49 89 c4 4c 8b 43 38
0x00007fd5361553ac:   48 8b 07 4c 89 e6 ff 50 10 8b 6b 08 48 8b 13 48
0x00007fd5361553bc:   c1 e5 04 48 01 d5 48 39 ea 74 a0 48 89 d3 66 0f
0x00007fd5361553cc:   1f 44 00 00 48 8b 53 08 8b 33 4c 89 e7 48 83 c3
0x00007fd5361553dc:   10 e8 5e 4a 0e 00 48 39 dd 75 e9 48 83 c4 60 4c
0x00007fd5361553ec:   89 e0 5b 5d 41 5c c3 0f 1f 44 00 00 48 89 f2 45
0x00007fd5361553fc:   31 c0 48 89 fe 31 c9 4c 89 cf ff d0 49 89 c4 e9
0x00007fd53615540c:   04 ff ff ff 41 54 55 53 48 89 fb 48 89 f7 48 89
0x00007fd53615541c:   d6 ba 01 01 00 00 48 83 ec 60 80 39 00 66 89 54
0x00007fd53615542c:   24 20 74 09 48 89 0c 24 c6 44 24 20 03 80 7f 10
0x00007fd53615543c:   12 0f 87 95 00 00 00 80 7e 10 12 0f 87 8b 00 00
0x00007fd53615544c:   00 4c 8b 4b 48 48 8d 15 b8 17 fa ff 49 8b 01 48
0x00007fd53615545c:   8b 40 10 48 39 d0 0f 85 f8 00 00 00 b9 01 00 00
0x00007fd53615546c:   00 31 d2 e8 1c 12 ff ff 49 89 c4 41 80 7c 24 10
0x00007fd53615547c:   19 76 48 48 8b 7b 50 48 8b 4b 30 48 89 e2 4c 89
0x00007fd53615548c:   e6 4c 8b 43 38 48 8b 07 ff 50 10 8b 6b 08 48 8b
0x00007fd53615549c:   03 48 c1 e5 04 48 01 c5 48 39 e8 74 1e 48 89 c3 


Stack slot to memory mapping:
stack at sp + 0 slots: 0x00007fd59040d840 points into unknown readable memory: 0x000000005f706d74 | 74 6d 70 5f 00 00 00 00
stack at sp + 1 slots: 0x00007fd599676299: __libc_malloc+0x00000000000001b9 in /lib/x86_64-linux-gnu/libc.so.6 at 0x00007fd5995dc000
stack at sp + 2 slots: 0x0000000000000005 is an unknown value
stack at sp + 3 slots: 0x0000000000000004 is an unknown value
stack at sp + 4 slots: 0x00007fd590400103 points into unknown readable memory: ff ff ff ff ff
stack at sp + 5 slots: 0x00007fd59011d190 points into unknown readable memory: 0x00000000c6b1a4a8 | a8 a4 b1 c6 00 00 00 00
stack at sp + 6 slots: 0x00007fd59040d690 points into unknown readable memory: 0x00007fd5903fa488 | 88 a4 3f 90 d5 7f 00 00
stack at sp + 7 slots: 0x00007fd5903dc370 points into unknown readable memory: 0x00007fd59040d600 | 00 d6 40 90 d5 7f 00 00


---------------  P R O C E S S  ---------------

Threads class SMR info:
_java_thread_list=0x00007fd59036ff10, length=11, elements={
0x00007fd590017000, 0x00007fd59011e800, 0x00007fd590120800, 0x00007fd590127000,
0x00007fd590129000, 0x00007fd59012b800, 0x00007fd59012d800, 0x00007fd59012f800,
0x00007fd59013e000, 0x00007fd5901f4000, 0x00007fd59034a800
}

Java Threads: ( => current thread )
=>0x00007fd590017000 JavaThread "main" [_thread_in_native, id=19707, stack(0x00007fd597e80000,0x00007fd597f81000)]
  0x00007fd59011e800 JavaThread "Reference Handler" daemon [_thread_blocked, id=19722, stack(0x00007fd5943f4000,0x00007fd5944f5000)]
  0x00007fd590120800 JavaThread "Finalizer" daemon [_thread_blocked, id=19723, stack(0x00007fd5942f3000,0x00007fd5943f4000)]
  0x00007fd590127000 JavaThread "Signal Dispatcher" daemon [_thread_blocked, id=19724, stack(0x00007fd5941f2000,0x00007fd5942f3000)]
  0x00007fd590129000 JavaThread "Service Thread" daemon [_thread_blocked, id=19725, stack(0x00007fd5940f1000,0x00007fd5941f2000)]
  0x00007fd59012b800 JavaThread "C2 CompilerThread0" daemon [_thread_in_native, id=19726, stack(0x00007fd5786f4000,0x00007fd5787f5000)]
  0x00007fd59012d800 JavaThread "C1 CompilerThread0" daemon [_thread_blocked, id=19731, stack(0x00007fd5785f3000,0x00007fd5786f4000)]
  0x00007fd59012f800 JavaThread "Sweeper thread" daemon [_thread_blocked, id=19732, stack(0x00007fd5784f2000,0x00007fd5785f3000)]
  0x00007fd59013e000 JavaThread "Common-Cleaner" daemon [_thread_blocked, id=19735, stack(0x00007fd5783f1000,0x00007fd5784f2000)]
  0x00007fd5901f4000 JavaThread "Monitor Ctrl-Break" daemon [_thread_in_native, id=19737, stack(0x00007fd5782f0000,0x00007fd5783f1000)]
  0x00007fd59034a800 JavaThread "JavaCPP Deallocator" daemon [_thread_blocked, id=19740, stack(0x00007fd569121000,0x00007fd569222000)]

Other Threads:
  0x00007fd59011b800 VMThread "VM Thread" [stack: 0x00007fd5944f7000,0x00007fd5945f7000] [id=19718]
  0x00007fd5901f5800 WatcherThread [stack: 0x00007fd5781f0000,0x00007fd5782f0000] [id=19738]
  0x00007fd59002e800 GCTaskThread "GC Thread#0" [stack: 0x00007fd597b27000,0x00007fd597c27000] [id=19709]
  0x00007fd560001000 GCTaskThread "GC Thread#1" [stack: 0x00007fd5780ee000,0x00007fd5781ee000] [id=19739]
  0x00007fd590049800 ConcurrentGCThread "G1 Main Marker" [stack: 0x00007fd5953dd000,0x00007fd5954dd000] [id=19711]
  0x00007fd59004b800 ConcurrentGCThread "G1 Conc#0" [stack: 0x00007fd5952db000,0x00007fd5953db000] [id=19712]
  0x00007fd590086800 ConcurrentGCThread "G1 Refine#0" [stack: 0x00007fd594fd7000,0x00007fd5950d7000] [id=19713]
  0x00007fd590088800 ConcurrentGCThread "G1 Young RemSet Sampling" [stack: 0x00007fd594ed5000,0x00007fd594fd5000] [id=19715]

Threads with active compile tasks:
C2 CompilerThread0      543  674       4       java.lang.StringBuilder::toString (35 bytes)

VM state:not at safepoint (normal execution)

VM Mutex/Monitor currently owned by a thread: None

Heap address: 0x00000000c3200000, size: 974 MB, Compressed Oops mode: 32-bit
Narrow klass base: 0x0000000800000000, Narrow klass shift: 3
Compressed class space size: 1073741824 Address: 0x0000000840000000

Heap:
 garbage-first heap   total 65536K, used 6396K [0x00000000c3200000, 0x0000000100000000)
  region size 1024K, 6 young (6144K), 1 survivors (1024K)
 Metaspace       used 3962K, capacity 6566K, committed 6656K, reserved 1056768K
  class space    used 459K, capacity 701K, committed 768K, reserved 1048576K
Heap Regions: E=young(eden), S=young(survivor), O=old, HS=humongous(starts), HC=humongous(continues), CS=collection set, F=free, A=archive, TAMS=top-at-mark-start (previous, next)
|   0|0x00000000c3200000, 0x00000000c328d200, 0x00000000c3300000| 55%| O|  |TAMS 0x00000000c3200000, 0x00000000c3200000| Untracked 
|   1|0x00000000c3300000, 0x00000000c3300000, 0x00000000c3400000|  0%| F|  |TAMS 0x00000000c3300000, 0x00000000c3300000| Untracked 
|   2|0x00000000c3400000, 0x00000000c3400000, 0x00000000c3500000|  0%| F|  |TAMS 0x00000000c3400000, 0x00000000c3400000| Untracked 
|   3|0x00000000c3500000, 0x00000000c3500000, 0x00000000c3600000|  0%| F|  |TAMS 0x00000000c3500000, 0x00000000c3500000| Untracked 
|   4|0x00000000c3600000, 0x00000000c3600000, 0x00000000c3700000|  0%| F|  |TAMS 0x00000000c3600000, 0x00000000c3600000| Untracked 
|   5|0x00000000c3700000, 0x00000000c3700000, 0x00000000c3800000|  0%| F|  |TAMS 0x00000000c3700000, 0x00000000c3700000| Untracked 
|   6|0x00000000c3800000, 0x00000000c3800000, 0x00000000c3900000|  0%| F|  |TAMS 0x00000000c3800000, 0x00000000c3800000| Untracked 
|   7|0x00000000c3900000, 0x00000000c3900000, 0x00000000c3a00000|  0%| F|  |TAMS 0x00000000c3900000, 0x00000000c3900000| Untracked 
|   8|0x00000000c3a00000, 0x00000000c3a00000, 0x00000000c3b00000|  0%| F|  |TAMS 0x00000000c3a00000, 0x00000000c3a00000| Untracked 
|   9|0x00000000c3b00000, 0x00000000c3b00000, 0x00000000c3c00000|  0%| F|  |TAMS 0x00000000c3b00000, 0x00000000c3b00000| Untracked 
|  10|0x00000000c3c00000, 0x00000000c3c00000, 0x00000000c3d00000|  0%| F|  |TAMS 0x00000000c3c00000, 0x00000000c3c00000| Untracked 
|  11|0x00000000c3d00000, 0x00000000c3d00000, 0x00000000c3e00000|  0%| F|  |TAMS 0x00000000c3d00000, 0x00000000c3d00000| Untracked 
|  12|0x00000000c3e00000, 0x00000000c3e00000, 0x00000000c3f00000|  0%| F|  |TAMS 0x00000000c3e00000, 0x00000000c3e00000| Untracked 
|  13|0x00000000c3f00000, 0x00000000c3f00000, 0x00000000c4000000|  0%| F|  |TAMS 0x00000000c3f00000, 0x00000000c3f00000| Untracked 
|  14|0x00000000c4000000, 0x00000000c4000000, 0x00000000c4100000|  0%| F|  |TAMS 0x00000000c4000000, 0x00000000c4000000| Untracked 
|  15|0x00000000c4100000, 0x00000000c4100000, 0x00000000c4200000|  0%| F|  |TAMS 0x00000000c4100000, 0x00000000c4100000| Untracked 
|  16|0x00000000c4200000, 0x00000000c4200000, 0x00000000c4300000|  0%| F|  |TAMS 0x00000000c4200000, 0x00000000c4200000| Untracked 
|  17|0x00000000c4300000, 0x00000000c4300000, 0x00000000c4400000|  0%| F|  |TAMS 0x00000000c4300000, 0x00000000c4300000| Untracked 
|  18|0x00000000c4400000, 0x00000000c4400000, 0x00000000c4500000|  0%| F|  |TAMS 0x00000000c4400000, 0x00000000c4400000| Untracked 
|  19|0x00000000c4500000, 0x00000000c4500000, 0x00000000c4600000|  0%| F|  |TAMS 0x00000000c4500000, 0x00000000c4500000| Untracked 
|  20|0x00000000c4600000, 0x00000000c4600000, 0x00000000c4700000|  0%| F|  |TAMS 0x00000000c4600000, 0x00000000c4600000| Untracked 
|  21|0x00000000c4700000, 0x00000000c4700000, 0x00000000c4800000|  0%| F|  |TAMS 0x00000000c4700000, 0x00000000c4700000| Untracked 
|  22|0x00000000c4800000, 0x00000000c4800000, 0x00000000c4900000|  0%| F|  |TAMS 0x00000000c4800000, 0x00000000c4800000| Untracked 
|  23|0x00000000c4900000, 0x00000000c4900000, 0x00000000c4a00000|  0%| F|  |TAMS 0x00000000c4900000, 0x00000000c4900000| Untracked 
|  24|0x00000000c4a00000, 0x00000000c4a00000, 0x00000000c4b00000|  0%| F|  |TAMS 0x00000000c4a00000, 0x00000000c4a00000| Untracked 
|  25|0x00000000c4b00000, 0x00000000c4b00000, 0x00000000c4c00000|  0%| F|  |TAMS 0x00000000c4b00000, 0x00000000c4b00000| Untracked 
|  26|0x00000000c4c00000, 0x00000000c4c00000, 0x00000000c4d00000|  0%| F|  |TAMS 0x00000000c4c00000, 0x00000000c4c00000| Untracked 
|  27|0x00000000c4d00000, 0x00000000c4d00000, 0x00000000c4e00000|  0%| F|  |TAMS 0x00000000c4d00000, 0x00000000c4d00000| Untracked 
|  28|0x00000000c4e00000, 0x00000000c4e00000, 0x00000000c4f00000|  0%| F|  |TAMS 0x00000000c4e00000, 0x00000000c4e00000| Untracked 
|  29|0x00000000c4f00000, 0x00000000c4f00000, 0x00000000c5000000|  0%| F|  |TAMS 0x00000000c4f00000, 0x00000000c4f00000| Untracked 
|  30|0x00000000c5000000, 0x00000000c5000000, 0x00000000c5100000|  0%| F|  |TAMS 0x00000000c5000000, 0x00000000c5000000| Untracked 
|  31|0x00000000c5100000, 0x00000000c5100000, 0x00000000c5200000|  0%| F|  |TAMS 0x00000000c5100000, 0x00000000c5100000| Untracked 
|  32|0x00000000c5200000, 0x00000000c5200000, 0x00000000c5300000|  0%| F|  |TAMS 0x00000000c5200000, 0x00000000c5200000| Untracked 
|  33|0x00000000c5300000, 0x00000000c5300000, 0x00000000c5400000|  0%| F|  |TAMS 0x00000000c5300000, 0x00000000c5300000| Untracked 
|  34|0x00000000c5400000, 0x00000000c5400000, 0x00000000c5500000|  0%| F|  |TAMS 0x00000000c5400000, 0x00000000c5400000| Untracked 
|  35|0x00000000c5500000, 0x00000000c5500000, 0x00000000c5600000|  0%| F|  |TAMS 0x00000000c5500000, 0x00000000c5500000| Untracked 
|  36|0x00000000c5600000, 0x00000000c5600000, 0x00000000c5700000|  0%| F|  |TAMS 0x00000000c5600000, 0x00000000c5600000| Untracked 
|  37|0x00000000c5700000, 0x00000000c5700000, 0x00000000c5800000|  0%| F|  |TAMS 0x00000000c5700000, 0x00000000c5700000| Untracked 
|  38|0x00000000c5800000, 0x00000000c5800000, 0x00000000c5900000|  0%| F|  |TAMS 0x00000000c5800000, 0x00000000c5800000| Untracked 
|  39|0x00000000c5900000, 0x00000000c5900000, 0x00000000c5a00000|  0%| F|  |TAMS 0x00000000c5900000, 0x00000000c5900000| Untracked 
|  40|0x00000000c5a00000, 0x00000000c5a00000, 0x00000000c5b00000|  0%| F|  |TAMS 0x00000000c5a00000, 0x00000000c5a00000| Untracked 
|  41|0x00000000c5b00000, 0x00000000c5b00000, 0x00000000c5c00000|  0%| F|  |TAMS 0x00000000c5b00000, 0x00000000c5b00000| Untracked 
|  42|0x00000000c5c00000, 0x00000000c5c00000, 0x00000000c5d00000|  0%| F|  |TAMS 0x00000000c5c00000, 0x00000000c5c00000| Untracked 
|  43|0x00000000c5d00000, 0x00000000c5d00000, 0x00000000c5e00000|  0%| F|  |TAMS 0x00000000c5d00000, 0x00000000c5d00000| Untracked 
|  44|0x00000000c5e00000, 0x00000000c5e00000, 0x00000000c5f00000|  0%| F|  |TAMS 0x00000000c5e00000, 0x00000000c5e00000| Untracked 
|  45|0x00000000c5f00000, 0x00000000c5f00000, 0x00000000c6000000|  0%| F|  |TAMS 0x00000000c5f00000, 0x00000000c5f00000| Untracked 
|  46|0x00000000c6000000, 0x00000000c6000000, 0x00000000c6100000|  0%| F|  |TAMS 0x00000000c6000000, 0x00000000c6000000| Untracked 
|  47|0x00000000c6100000, 0x00000000c6100000, 0x00000000c6200000|  0%| F|  |TAMS 0x00000000c6100000, 0x00000000c6100000| Untracked 
|  48|0x00000000c6200000, 0x00000000c6200000, 0x00000000c6300000|  0%| F|  |TAMS 0x00000000c6200000, 0x00000000c6200000| Untracked 
|  49|0x00000000c6300000, 0x00000000c6300000, 0x00000000c6400000|  0%| F|  |TAMS 0x00000000c6300000, 0x00000000c6300000| Untracked 
|  50|0x00000000c6400000, 0x00000000c6400000, 0x00000000c6500000|  0%| F|  |TAMS 0x00000000c6400000, 0x00000000c6400000| Untracked 
|  51|0x00000000c6500000, 0x00000000c6500000, 0x00000000c6600000|  0%| F|  |TAMS 0x00000000c6500000, 0x00000000c6500000| Untracked 
|  52|0x00000000c6600000, 0x00000000c6600000, 0x00000000c6700000|  0%| F|  |TAMS 0x00000000c6600000, 0x00000000c6600000| Untracked 
|  53|0x00000000c6700000, 0x00000000c6700000, 0x00000000c6800000|  0%| F|  |TAMS 0x00000000c6700000, 0x00000000c6700000| Untracked 
|  54|0x00000000c6800000, 0x00000000c6900000, 0x00000000c6900000|100%| S|CS|TAMS 0x00000000c6800000, 0x00000000c6800000| Complete 
|  55|0x00000000c6900000, 0x00000000c6900000, 0x00000000c6a00000|  0%| F|  |TAMS 0x00000000c6900000, 0x00000000c6900000| Untracked 
|  56|0x00000000c6a00000, 0x00000000c6a00000, 0x00000000c6b00000|  0%| F|  |TAMS 0x00000000c6a00000, 0x00000000c6a00000| Untracked 
|  57|0x00000000c6b00000, 0x00000000c6b80800, 0x00000000c6c00000| 50%| E|  |TAMS 0x00000000c6b00000, 0x00000000c6b00000| Complete 
|  58|0x00000000c6c00000, 0x00000000c6d00000, 0x00000000c6d00000|100%| E|CS|TAMS 0x00000000c6c00000, 0x00000000c6c00000| Complete 
|  59|0x00000000c6d00000, 0x00000000c6e00000, 0x00000000c6e00000|100%| E|CS|TAMS 0x00000000c6d00000, 0x00000000c6d00000| Complete 
|  60|0x00000000c6e00000, 0x00000000c6f00000, 0x00000000c6f00000|100%| E|CS|TAMS 0x00000000c6e00000, 0x00000000c6e00000| Complete 
|  61|0x00000000c6f00000, 0x00000000c7000000, 0x00000000c7000000|100%| E|CS|TAMS 0x00000000c6f00000, 0x00000000c6f00000| Complete 
| 972|0x00000000ffe00000, 0x00000000ffe47000, 0x00000000fff00000| 27%|OA|  |TAMS 0x00000000ffe00000, 0x00000000ffe00000| Untracked 
| 973|0x00000000fff00000, 0x00000000fff6b000, 0x0000000100000000| 41%|CA|  |TAMS 0x00000000fff00000, 0x00000000fff00000| Untracked 

Card table byte_map: [0x00007fd597555000,0x00007fd59773c000] _byte_map_base: 0x00007fd596f3c000

Marking Bits (Prev, Next): (CMBitMap*) 0x00007fd590044c38, (CMBitMap*) 0x00007fd590044c70
 Prev Bits: [0x00007fd596436000, 0x00007fd59736e000)
 Next Bits: [0x00007fd5954fe000, 0x00007fd596436000)

Polling page: 0x00007fd597e3d000

Metaspace:

Usage:
  Non-class:      5.73 MB capacity,     3.42 MB ( 60%) used,     2.30 MB ( 40%) free+waste,     7.50 KB ( <1%) overhead. 
      Class:    701.00 KB capacity,   459.53 KB ( 66%) used,   237.34 KB ( 34%) free+waste,     4.12 KB ( <1%) overhead. 
       Both:      6.41 MB capacity,     3.87 MB ( 60%) used,     2.53 MB ( 39%) free+waste,    11.62 KB ( <1%) overhead. 

Virtual space:
  Non-class space:        8.00 MB reserved,       5.75 MB ( 72%) committed 
      Class space:        1.00 GB reserved,     768.00 KB ( <1%) committed 
             Both:        1.01 GB reserved,       6.50 MB ( <1%) committed 

Chunk freelists:
   Non-Class:  11.00 KB
       Class:  3.00 KB
        Both:  14.00 KB

MaxMetaspaceSize: unlimited
CompressedClassSpaceSize: 1.00 GB
Initial GC threshold: 20.80 MB
Current GC threshold: 20.80 MB
CDS: on

CodeHeap 'non-profiled nmethods': size=120036Kb used=225Kb max_used=225Kb free=119810Kb
 bounds [0x00007fd5802bc000, 0x00007fd58052c000, 0x00007fd5877f5000]
CodeHeap 'profiled nmethods': size=120032Kb used=1095Kb max_used=1095Kb free=118936Kb
 bounds [0x00007fd578d84000, 0x00007fd578ff4000, 0x00007fd5802bc000]
CodeHeap 'non-nmethods': size=5692Kb used=1148Kb max_used=1160Kb free=4543Kb
 bounds [0x00007fd5787f5000, 0x00007fd578a65000, 0x00007fd578d84000]
 total_blobs=1089 nmethods=679 adapters=324
 compilation: enabled
              stopped_count=0, restarted_count=0
 full_count=0

Compilation events (20 events):
Event: 0.519 Thread 0x00007fd59012d800 nmethod 591 0x00007fd578e81e10 code [0x00007fd578e82060, 0x00007fd578e82ac0]
Event: 0.519 Thread 0x00007fd59012d800  646       3       java.lang.invoke.MemberName::initResolved (53 bytes)
Event: 0.519 Thread 0x00007fd59012d800 nmethod 646 0x00007fd578e82f10 code [0x00007fd578e830c0, 0x00007fd578e83290]
Event: 0.519 Thread 0x00007fd59012d800  644       1       java.lang.invoke.LambdaForm$Name::type (5 bytes)
Event: 0.519 Thread 0x00007fd59012d800 nmethod 644 0x00007fd5802ef710 code [0x00007fd5802ef8c0, 0x00007fd5802ef990]
Event: 0.519 Thread 0x00007fd59012d800  651       3       sun.invoke.util.Wrapper::forPrimitiveType (49 bytes)
Event: 0.520 Thread 0x00007fd59012d800 nmethod 651 0x00007fd578e83310 code [0x00007fd578e836a0, 0x00007fd578e84c00]
Event: 0.520 Thread 0x00007fd59012d800  652       3       java.lang.invoke.LambdaForm$Name::useCount (42 bytes)
Event: 0.520 Thread 0x00007fd59012d800 nmethod 652 0x00007fd578e85410 code [0x00007fd578e855e0, 0x00007fd578e858f0]
Event: 0.520 Thread 0x00007fd59012d800  653       3       java.lang.invoke.MemberName::getReferenceKind (12 bytes)
Event: 0.520 Thread 0x00007fd59012d800 nmethod 653 0x00007fd578e85a10 code [0x00007fd578e85bc0, 0x00007fd578e85cf0]
Event: 0.520 Thread 0x00007fd59012d800  650       3       jdk.internal.org.objectweb.asm.MethodWriter::visitVarInsn (300 bytes)
Event: 0.521 Thread 0x00007fd59012b800 nmethod 581 0x00007fd5802f0410 code [0x00007fd5802f05c0, 0x00007fd5802f0ab8]
Event: 0.521 Thread 0x00007fd59012b800  596       4       java.lang.Math::min (11 bytes)
Event: 0.522 Thread 0x00007fd59012b800 nmethod 596 0x00007fd5802f0d10 code [0x00007fd5802f0ea0, 0x00007fd5802f0ef8]
Event: 0.522 Thread 0x00007fd59012b800  509       4       java.util.Arrays::copyOfRange (63 bytes)
Event: 0.523 Thread 0x00007fd59012b800 nmethod 509 0x00007fd5802f1610 code [0x00007fd5802f17a0, 0x00007fd5802f19f8]
Event: 0.523 Thread 0x00007fd59012b800  664       4       jdk.internal.org.objectweb.asm.ByteVector::putUTF8 (142 bytes)
Event: 0.525 Thread 0x00007fd59012d800 nmethod 650 0x00007fd578e85d90 code [0x00007fd578e86000, 0x00007fd578e86a00]
Event: 0.525 Thread 0x00007fd59012d800  663       3       jdk.internal.org.objectweb.asm.Frame::execute (2264 bytes)

GC Heap History (2 events):
Event: 0.416 GC heap before
{Heap before GC invocations=0 (full 0):
 garbage-first heap   total 65536K, used 7880K [0x00000000c3200000, 0x0000000100000000)
  region size 1024K, 7 young (7168K), 0 survivors (0K)
 Metaspace       used 3355K, capacity 6260K, committed 6528K, reserved 1056768K
  class space    used 345K, capacity 618K, committed 640K, reserved 1048576K
}
Event: 0.427 GC heap after
{Heap after GC invocations=1 (full 0):
 garbage-first heap   total 65536K, used 2300K [0x00000000c3200000, 0x0000000100000000)
  region size 1024K, 1 young (1024K), 1 survivors (1024K)
 Metaspace       used 3355K, capacity 6260K, committed 6528K, reserved 1056768K
  class space    used 345K, capacity 618K, committed 640K, reserved 1048576K
}

Deoptimization events (20 events):
Event: 0.497 Thread 0x00007fd590017000 DEOPT PACKING pc=0x00007fd578da98cf sp=0x00007fd597f7d5d0
Event: 0.497 Thread 0x00007fd590017000 DEOPT UNPACKING pc=0x00007fd57883f64a sp=0x00007fd597f7ca78 mode 0
Event: 0.499 Thread 0x00007fd590017000 DEOPT PACKING pc=0x00007fd578da98cf sp=0x00007fd597f7d5d0
Event: 0.499 Thread 0x00007fd590017000 DEOPT UNPACKING pc=0x00007fd57883f64a sp=0x00007fd597f7ca78 mode 0
Event: 0.509 Thread 0x00007fd590017000 Uncommon trap: trap_request=0xffffffc6 fr.pc=0x00007fd5802c4ea4 relative=0x0000000000000084
Event: 0.509 Thread 0x00007fd590017000 Uncommon trap: reason=bimorphic_or_optimized_type_check action=maybe_recompile pc=0x00007fd5802c4ea4 method=java.util.AbstractCollection.isEmpty()Z @ 1 c2
Event: 0.509 Thread 0x00007fd590017000 DEOPT PACKING pc=0x00007fd5802c4ea4 sp=0x00007fd597f7e000
Event: 0.509 Thread 0x00007fd590017000 DEOPT UNPACKING pc=0x00007fd57883eea5 sp=0x00007fd597f7dfb0 mode 2
Event: 0.509 Thread 0x00007fd590017000 Uncommon trap: trap_request=0xffffffc6 fr.pc=0x00007fd5802c4ea4 relative=0x0000000000000084
Event: 0.509 Thread 0x00007fd590017000 Uncommon trap: reason=bimorphic_or_optimized_type_check action=maybe_recompile pc=0x00007fd5802c4ea4 method=java.util.AbstractCollection.isEmpty()Z @ 1 c2
Event: 0.509 Thread 0x00007fd590017000 DEOPT PACKING pc=0x00007fd5802c4ea4 sp=0x00007fd597f7e1d0
Event: 0.509 Thread 0x00007fd590017000 DEOPT UNPACKING pc=0x00007fd57883eea5 sp=0x00007fd597f7e180 mode 2
Event: 0.510 Thread 0x00007fd590017000 Uncommon trap: trap_request=0xffffffc6 fr.pc=0x00007fd5802c4ea4 relative=0x0000000000000084
Event: 0.510 Thread 0x00007fd590017000 Uncommon trap: reason=bimorphic_or_optimized_type_check action=maybe_recompile pc=0x00007fd5802c4ea4 method=java.util.AbstractCollection.isEmpty()Z @ 1 c2
Event: 0.510 Thread 0x00007fd590017000 DEOPT PACKING pc=0x00007fd5802c4ea4 sp=0x00007fd597f7e000
Event: 0.510 Thread 0x00007fd590017000 DEOPT UNPACKING pc=0x00007fd57883eea5 sp=0x00007fd597f7dfb0 mode 2
Event: 0.510 Thread 0x00007fd590017000 Uncommon trap: trap_request=0xffffffc6 fr.pc=0x00007fd5802c4ea4 relative=0x0000000000000084
Event: 0.510 Thread 0x00007fd590017000 Uncommon trap: reason=bimorphic_or_optimized_type_check action=maybe_recompile pc=0x00007fd5802c4ea4 method=java.util.AbstractCollection.isEmpty()Z @ 1 c2
Event: 0.510 Thread 0x00007fd590017000 DEOPT PACKING pc=0x00007fd5802c4ea4 sp=0x00007fd597f7e1d0
Event: 0.510 Thread 0x00007fd590017000 DEOPT UNPACKING pc=0x00007fd57883eea5 sp=0x00007fd597f7e180 mode 2

Classes redefined (0 events):
No events

Internal exceptions (20 events):
Event: 0.147 Thread 0x00007fd590017000 Exception <a 'java/security/PrivilegedActionException'{0x00000000c6d06f20}> (0x00000000c6d06f20) thrown at [src/hotspot/share/prims/jvm.cpp, line 1304]
Event: 0.147 Thread 0x00007fd590017000 Exception <a 'java/security/PrivilegedActionException'{0x00000000c6d071f0}> (0x00000000c6d071f0) thrown at [src/hotspot/share/prims/jvm.cpp, line 1304]
Event: 0.147 Thread 0x00007fd590017000 Exception <a 'java/security/PrivilegedActionException'{0x00000000c6d07b78}> (0x00000000c6d07b78) thrown at [src/hotspot/share/prims/jvm.cpp, line 1304]
Event: 0.147 Thread 0x00007fd590017000 Exception <a 'java/security/PrivilegedActionException'{0x00000000c6d07e48}> (0x00000000c6d07e48) thrown at [src/hotspot/share/prims/jvm.cpp, line 1304]
Event: 0.147 Thread 0x00007fd590017000 Exception <a 'java/security/PrivilegedActionException'{0x00000000c6d087d0}> (0x00000000c6d087d0) thrown at [src/hotspot/share/prims/jvm.cpp, line 1304]
Event: 0.147 Thread 0x00007fd590017000 Exception <a 'java/security/PrivilegedActionException'{0x00000000c6d08aa0}> (0x00000000c6d08aa0) thrown at [src/hotspot/share/prims/jvm.cpp, line 1304]
Event: 0.147 Thread 0x00007fd590017000 Exception <a 'java/security/PrivilegedActionException'{0x00000000c6d09428}> (0x00000000c6d09428) thrown at [src/hotspot/share/prims/jvm.cpp, line 1304]
Event: 0.147 Thread 0x00007fd590017000 Exception <a 'java/security/PrivilegedActionException'{0x00000000c6d096f8}> (0x00000000c6d096f8) thrown at [src/hotspot/share/prims/jvm.cpp, line 1304]
Event: 0.147 Thread 0x00007fd590017000 Exception <a 'java/security/PrivilegedActionException'{0x00000000c6d0a068}> (0x00000000c6d0a068) thrown at [src/hotspot/share/prims/jvm.cpp, line 1304]
Event: 0.147 Thread 0x00007fd590017000 Exception <a 'java/security/PrivilegedActionException'{0x00000000c6d0a338}> (0x00000000c6d0a338) thrown at [src/hotspot/share/prims/jvm.cpp, line 1304]
Event: 0.147 Thread 0x00007fd590017000 Exception <a 'java/security/PrivilegedActionException'{0x00000000c6d0acc0}> (0x00000000c6d0acc0) thrown at [src/hotspot/share/prims/jvm.cpp, line 1304]
Event: 0.147 Thread 0x00007fd590017000 Exception <a 'java/security/PrivilegedActionException'{0x00000000c6d0af90}> (0x00000000c6d0af90) thrown at [src/hotspot/share/prims/jvm.cpp, line 1304]
Event: 0.349 Thread 0x00007fd590017000 Exception <a 'java/lang/NoSuchMethodError'{0x00000000c6af8f08}: 'int java.lang.invoke.DirectMethodHandle$Holder.invokeStaticInit(java.lang.Object, java.lang.Object, java.lang.Object, java.lang.Object)'> (0x00000000c6af8f08) thrown at [src/hotspot/share/interpreter/linkResolver.cpp, line 772]
Event: 0.351 Thread 0x00007fd590017000 Exception <a 'java/lang/IncompatibleClassChangeError'{0x00000000c6903138}: Found class java.lang.Object, but interface was expected> (0x00000000c6903138) thrown at [src/hotspot/share/interpreter/linkResolver.cpp, line 839]
Event: 0.351 Thread 0x00007fd590017000 Exception <a 'java/lang/NoSuchMethodError'{0x00000000c69062e8}: 'void java.lang.invoke.DirectMethodHandle$Holder.invokeStaticInit(java.lang.Object, java.lang.Object)'> (0x00000000c69062e8) thrown at [src/hotspot/share/interpreter/linkResolver.cpp, line 772]
Event: 0.353 Thread 0x00007fd590017000 Exception <a 'java/lang/NoSuchMethodError'{0x00000000c690b758}: 'int java.lang.invoke.DirectMethodHandle$Holder.invokeStaticInit(java.lang.Object, java.lang.Object)'> (0x00000000c690b758) thrown at [src/hotspot/share/interpreter/linkResolver.cpp, line 772]
Event: 0.522 Thread 0x00007fd590017000 Exception <a 'java/lang/NoSuchMethodError'{0x00000000c6ccc4f8}: 'java.lang.Object java.lang.invoke.DirectMethodHandle$Holder.invokeStatic(java.lang.Object, java.lang.Object, java.lang.Object, java.lang.Object, java.lang.Object, java.lang.Object, java.lang.Object, java.lang.Object, java.lang.Object, java.lang.Object, java.lang.Object, int)'> (0x00000000c6ccc4f8) thrown at [src/hotspot/share/interpreter/linkResolver.cpp, line 772]
Event: 0.526 Thread 0x00007fd590017000 Exception <a 'java/lang/NoSuchMethodError'{0x00000000c6ceb8c8}: 'java.lang.Object java.lang.invoke.DirectMethodHandle$Holder.invokeStatic(java.lang.Object, java.lang.Object, java.lang.Object, java.lang.Object, java.lang.Object, java.lang.Object, java.lang.Object, java.lang.Object, java.lang.Object, java.lang.Object, java.lang.Object, int, int)'> (0x00000000c6ceb8c8) thrown at [src/hotspot/share/interpreter/linkResolver.cpp, line 772]
Event: 0.532 Thread 0x00007fd590017000 Exception <a 'java/lang/NoSuchMethodError'{0x00000000c6b0b130}: 'java.lang.Object java.lang.invoke.DirectMethodHandle$Holder.invokeStatic(java.lang.Object, java.lang.Object, java.lang.Object, java.lang.Object, java.lang.Object, java.lang.Object, java.lang.Object, java.lang.Object, java.lang.Object, java.lang.Object, java.lang.Object, int, int, java.lang.Object)'> (0x00000000c6b0b130) thrown at [src/hotspot/share/interpreter/linkResolver.cpp, line 772]
Event: 0.534 Thread 0x00007fd590017000 Exception <a 'java/lang/NoSuchMethodError'{0x00000000c6b17388}: 'java.lang.Object java.lang.invoke.Invokers$Holder.linkToTargetMethod(java.lang.Object, int, java.lang.Object)'> (0x00000000c6b17388) thrown at [src/hotspot/share/interpreter/linkResolver.cpp, line 772]

Events (20 events):
Event: 0.508 loading class java/lang/invoke/BoundMethodHandle$Species_LL
Event: 0.508 loading class java/lang/invoke/BoundMethodHandle$Species_LL done
Event: 0.510 loading class java/lang/invoke/BoundMethodHandle$Species_LLL
Event: 0.510 loading class java/lang/invoke/BoundMethodHandle$Species_LLL done
Event: 0.511 loading class java/lang/invoke/BoundMethodHandle$Species_LLLL
Event: 0.511 loading class java/lang/invoke/BoundMethodHandle$Species_LLLL done
Event: 0.512 loading class java/lang/invoke/BoundMethodHandle$Species_LLLLL
Event: 0.512 loading class java/lang/invoke/BoundMethodHandle$Species_LLLLL done
Event: 0.516 loading class java/lang/invoke/BoundMethodHandle$Species_LLLLLL
Event: 0.516 loading class java/lang/invoke/BoundMethodHandle$Species_LLLLLL done
Event: 0.518 loading class java/lang/invoke/BoundMethodHandle$Species_LLLLLLL
Event: 0.518 loading class java/lang/invoke/BoundMethodHandle$Species_LLLLLLL done
Event: 0.519 loading class java/lang/invoke/BoundMethodHandle$Species_LLLLLLLL
Event: 0.519 loading class java/lang/invoke/BoundMethodHandle$Species_LLLLLLLL done
Event: 0.521 loading class java/lang/invoke/BoundMethodHandle$Species_LLLLLLLLI
Event: 0.521 loading class java/lang/invoke/BoundMethodHandle$Species_LLLLLLLLI done
Event: 0.523 loading class java/lang/invoke/BoundMethodHandle$Species_LLLLLLLLII
Event: 0.523 loading class java/lang/invoke/BoundMethodHandle$Species_LLLLLLLLII done
Event: 0.529 loading class java/lang/invoke/BoundMethodHandle$Species_LLLLLLLLIIL
Event: 0.529 loading class java/lang/invoke/BoundMethodHandle$Species_LLLLLLLLIIL done


Dynamic libraries:
c3200000-c7000000 rw-p 00000000 00:00 0 
c7000000-ffe00000 ---p 00000000 00:00 0 
ffe00000-ffe47000 rw-p 00b0a000 08:05 922150                             /usr/lib/jvm/java-11-openjdk-amd64/lib/server/classes.jsa
ffe47000-fff00000 rw-p 00000000 00:00 0 
fff00000-fff6b000 rw-p 00a9f000 08:05 922150                             /usr/lib/jvm/java-11-openjdk-amd64/lib/server/classes.jsa
fff6b000-100000000 rw-p 00000000 00:00 0 
800000000-800002000 rwxp 00001000 08:05 922150                           /usr/lib/jvm/java-11-openjdk-amd64/lib/server/classes.jsa
800002000-8003cc000 rw-p 00003000 08:05 922150                           /usr/lib/jvm/java-11-openjdk-amd64/lib/server/classes.jsa
8003cc000-800a9d000 r--p 003cd000 08:05 922150                           /usr/lib/jvm/java-11-openjdk-amd64/lib/server/classes.jsa
800a9d000-800a9e000 rw-p 00a9e000 08:05 922150                           /usr/lib/jvm/java-11-openjdk-amd64/lib/server/classes.jsa
840000000-8400c0000 rw-p 00000000 00:00 0 
8400c0000-880000000 ---p 00000000 00:00 0 
5560edd88000-5560edd89000 r--p 00000000 08:05 922046                     /usr/lib/jvm/java-11-openjdk-amd64/bin/java
5560edd89000-5560edd8a000 r-xp 00001000 08:05 922046                     /usr/lib/jvm/java-11-openjdk-amd64/bin/java
5560edd8a000-5560edd8b000 r--p 00002000 08:05 922046                     /usr/lib/jvm/java-11-openjdk-amd64/bin/java
5560edd8b000-5560edd8c000 r--p 00002000 08:05 922046                     /usr/lib/jvm/java-11-openjdk-amd64/bin/java
5560edd8c000-5560edd8d000 rw-p 00003000 08:05 922046                     /usr/lib/jvm/java-11-openjdk-amd64/bin/java
5560ef57c000-5560ef5be000 rw-p 00000000 00:00 0                          [heap]
7fd53552c000-7fd535e52000 r--p 00000000 08:05 1461981                    /home/qutx/.javacpp/cache/llvm-13.0.1-1.5.7-linux-x86_64.jar/org/bytedeco/llvm/linux-x86_64/libLLVM-13.so
7fd535e52000-7fd539815000 r-xp 00926000 08:05 1461981                    /home/qutx/.javacpp/cache/llvm-13.0.1-1.5.7-linux-x86_64.jar/org/bytedeco/llvm/linux-x86_64/libLLVM-13.so
7fd539815000-7fd53ba6a000 r--p 042e9000 08:05 1461981                    /home/qutx/.javacpp/cache/llvm-13.0.1-1.5.7-linux-x86_64.jar/org/bytedeco/llvm/linux-x86_64/libLLVM-13.so
7fd53ba6a000-7fd53bf7f000 r--p 0653d000 08:05 1461981                    /home/qutx/.javacpp/cache/llvm-13.0.1-1.5.7-linux-x86_64.jar/org/bytedeco/llvm/linux-x86_64/libLLVM-13.so
7fd53bf7f000-7fd53bf8a000 rw-p 06a52000 08:05 1461981                    /home/qutx/.javacpp/cache/llvm-13.0.1-1.5.7-linux-x86_64.jar/org/bytedeco/llvm/linux-x86_64/libLLVM-13.so
7fd53bf8a000-7fd53c000000 rw-p 00000000 00:00 0 
7fd53c000000-7fd53c021000 rw-p 00000000 00:00 0 
7fd53c021000-7fd540000000 ---p 00000000 00:00 0 
7fd540000000-7fd540021000 rw-p 00000000 00:00 0 
7fd540021000-7fd544000000 ---p 00000000 00:00 0 
7fd544000000-7fd5442f4000 rw-p 00000000 00:00 0 
7fd5442f4000-7fd548000000 ---p 00000000 00:00 0 
7fd548000000-7fd548344000 rw-p 00000000 00:00 0 
7fd548344000-7fd54c000000 ---p 00000000 00:00 0 
7fd54c000000-7fd54c021000 rw-p 00000000 00:00 0 
7fd54c021000-7fd550000000 ---p 00000000 00:00 0 
7fd550000000-7fd550021000 rw-p 00000000 00:00 0 
7fd550021000-7fd554000000 ---p 00000000 00:00 0 
7fd554000000-7fd554021000 rw-p 00000000 00:00 0 
7fd554021000-7fd558000000 ---p 00000000 00:00 0 
7fd558000000-7fd558021000 rw-p 00000000 00:00 0 
7fd558021000-7fd55c000000 ---p 00000000 00:00 0 
7fd55c000000-7fd55c021000 rw-p 00000000 00:00 0 
7fd55c021000-7fd560000000 ---p 00000000 00:00 0 
7fd560000000-7fd560021000 rw-p 00000000 00:00 0 
7fd560021000-7fd564000000 ---p 00000000 00:00 0 
7fd564000000-7fd564021000 rw-p 00000000 00:00 0 
7fd564021000-7fd568000000 ---p 00000000 00:00 0 
7fd56901b000-7fd569080000 r--p 00000000 08:05 1461986                    /home/qutx/.javacpp/cache/llvm-13.0.1-1.5.7-linux-x86_64.jar/org/bytedeco/llvm/linux-x86_64/libjniLLVM.so
7fd569080000-7fd5690ee000 r-xp 00065000 08:05 1461986                    /home/qutx/.javacpp/cache/llvm-13.0.1-1.5.7-linux-x86_64.jar/org/bytedeco/llvm/linux-x86_64/libjniLLVM.so
7fd5690ee000-7fd569119000 r--p 000d3000 08:05 1461986                    /home/qutx/.javacpp/cache/llvm-13.0.1-1.5.7-linux-x86_64.jar/org/bytedeco/llvm/linux-x86_64/libjniLLVM.so
7fd569119000-7fd56911c000 r--p 000fd000 08:05 1461986                    /home/qutx/.javacpp/cache/llvm-13.0.1-1.5.7-linux-x86_64.jar/org/bytedeco/llvm/linux-x86_64/libjniLLVM.so
7fd56911c000-7fd56911f000 rw-p 00100000 08:05 1461986                    /home/qutx/.javacpp/cache/llvm-13.0.1-1.5.7-linux-x86_64.jar/org/bytedeco/llvm/linux-x86_64/libjniLLVM.so
7fd56911f000-7fd569121000 rw-p 00000000 00:00 0 
7fd569121000-7fd569125000 ---p 00000000 00:00 0 
7fd569125000-7fd569222000 rw-p 00000000 00:00 0 
7fd569222000-7fd56a000000 r--p 00000000 08:05 922866                     /usr/lib/locale/locale-archive
7fd56a000000-7fd56c000000 rw-p 00000000 00:00 0 
7fd56c000000-7fd56c021000 rw-p 00000000 00:00 0 
7fd56c021000-7fd570000000 ---p 00000000 00:00 0 
7fd570000000-7fd570021000 rw-p 00000000 00:00 0 
7fd570021000-7fd574000000 ---p 00000000 00:00 0 
7fd574000000-7fd574021000 rw-p 00000000 00:00 0 
7fd574021000-7fd578000000 ---p 00000000 00:00 0 
7fd5780ec000-7fd5780ed000 ---p 00000000 00:00 0 
7fd5780ed000-7fd5781ee000 rw-p 00000000 00:00 0 
7fd5781ee000-7fd5781ef000 ---p 00000000 00:00 0 
7fd5781ef000-7fd5782f0000 rw-p 00000000 00:00 0 
7fd5782f0000-7fd5782f4000 ---p 00000000 00:00 0 
7fd5782f4000-7fd5783f1000 rw-p 00000000 00:00 0 
7fd5783f1000-7fd5783f5000 ---p 00000000 00:00 0 
7fd5783f5000-7fd5784f2000 rw-p 00000000 00:00 0 
7fd5784f2000-7fd5784f6000 ---p 00000000 00:00 0 
7fd5784f6000-7fd5785f3000 rw-p 00000000 00:00 0 
7fd5785f3000-7fd5785f7000 ---p 00000000 00:00 0 
7fd5785f7000-7fd5786f4000 rw-p 00000000 00:00 0 
7fd5786f4000-7fd5786f8000 ---p 00000000 00:00 0 
7fd5786f8000-7fd5787f5000 rw-p 00000000 00:00 0 
7fd5787f5000-7fd578a65000 rwxp 00000000 00:00 0 
7fd578a65000-7fd578d84000 ---p 00000000 00:00 0 
7fd578d84000-7fd578ff4000 rwxp 00000000 00:00 0 
7fd578ff4000-7fd5802bc000 ---p 00000000 00:00 0 
7fd5802bc000-7fd58052c000 rwxp 00000000 00:00 0 
7fd58052c000-7fd5877f5000 ---p 00000000 00:00 0 
7fd5877f5000-7fd590000000 r--s 00000000 08:05 922125                     /usr/lib/jvm/java-11-openjdk-amd64/lib/modules
7fd590000000-7fd59040f000 rw-p 00000000 00:00 0 
7fd59040f000-7fd594000000 ---p 00000000 00:00 0 
7fd594090000-7fd594097000 r--s 00000000 08:05 1447316                    /usr/lib/x86_64-linux-gnu/gconv/gconv-modules.cache
7fd594097000-7fd594098000 r--p 00000000 08:05 1461984                    /home/qutx/.javacpp/cache/llvm-13.0.1-1.5.7-linux-x86_64.jar/org/bytedeco/llvm/linux-x86_64/libRemarks.so.13
7fd594098000-7fd594099000 r-xp 00001000 08:05 1461984                    /home/qutx/.javacpp/cache/llvm-13.0.1-1.5.7-linux-x86_64.jar/org/bytedeco/llvm/linux-x86_64/libRemarks.so.13
7fd594099000-7fd59409a000 r--p 00002000 08:05 1461984                    /home/qutx/.javacpp/cache/llvm-13.0.1-1.5.7-linux-x86_64.jar/org/bytedeco/llvm/linux-x86_64/libRemarks.so.13
7fd59409a000-7fd59409b000 r--p 00002000 08:05 1461984                    /home/qutx/.javacpp/cache/llvm-13.0.1-1.5.7-linux-x86_64.jar/org/bytedeco/llvm/linux-x86_64/libRemarks.so.13
7fd59409b000-7fd59409c000 rw-p 00003000 08:05 1461984                    /home/qutx/.javacpp/cache/llvm-13.0.1-1.5.7-linux-x86_64.jar/org/bytedeco/llvm/linux-x86_64/libRemarks.so.13
7fd59409c000-7fd5940a3000 r--p 00000000 08:05 1461982                    /home/qutx/.javacpp/cache/llvm-13.0.1-1.5.7-linux-x86_64.jar/org/bytedeco/llvm/linux-x86_64/libLTO.so.13
7fd5940a3000-7fd5940ab000 r-xp 00007000 08:05 1461982                    /home/qutx/.javacpp/cache/llvm-13.0.1-1.5.7-linux-x86_64.jar/org/bytedeco/llvm/linux-x86_64/libLTO.so.13
7fd5940ab000-7fd5940ad000 r--p 0000f000 08:05 1461982                    /home/qutx/.javacpp/cache/llvm-13.0.1-1.5.7-linux-x86_64.jar/org/bytedeco/llvm/linux-x86_64/libLTO.so.13
7fd5940ad000-7fd5940ae000 r--p 00010000 08:05 1461982                    /home/qutx/.javacpp/cache/llvm-13.0.1-1.5.7-linux-x86_64.jar/org/bytedeco/llvm/linux-x86_64/libLTO.so.13
7fd5940ae000-7fd5940af000 rw-p 00011000 08:05 1461982                    /home/qutx/.javacpp/cache/llvm-13.0.1-1.5.7-linux-x86_64.jar/org/bytedeco/llvm/linux-x86_64/libLTO.so.13
7fd5940af000-7fd5940b3000 r--p 00000000 08:05 1461975                    /home/qutx/.javacpp/cache/javacpp-1.5.7-linux-x86_64.jar/org/bytedeco/javacpp/linux-x86_64/libjnijavacpp.so
7fd5940b3000-7fd5940ba000 r-xp 00004000 08:05 1461975                    /home/qutx/.javacpp/cache/javacpp-1.5.7-linux-x86_64.jar/org/bytedeco/javacpp/linux-x86_64/libjnijavacpp.so
7fd5940ba000-7fd5940be000 r--p 0000b000 08:05 1461975                    /home/qutx/.javacpp/cache/javacpp-1.5.7-linux-x86_64.jar/org/bytedeco/javacpp/linux-x86_64/libjnijavacpp.so
7fd5940be000-7fd5940bf000 r--p 0000e000 08:05 1461975                    /home/qutx/.javacpp/cache/javacpp-1.5.7-linux-x86_64.jar/org/bytedeco/javacpp/linux-x86_64/libjnijavacpp.so
7fd5940bf000-7fd5940c0000 rw-p 0000f000 08:05 1461975                    /home/qutx/.javacpp/cache/javacpp-1.5.7-linux-x86_64.jar/org/bytedeco/javacpp/linux-x86_64/libjnijavacpp.so
7fd5940c0000-7fd5940c1000 r--p 00000000 08:05 922097                     /usr/lib/jvm/java-11-openjdk-amd64/lib/libextnet.so
7fd5940c1000-7fd5940c2000 r-xp 00001000 08:05 922097                     /usr/lib/jvm/java-11-openjdk-amd64/lib/libextnet.so
7fd5940c2000-7fd5940c3000 r--p 00002000 08:05 922097                     /usr/lib/jvm/java-11-openjdk-amd64/lib/libextnet.so
7fd5940c3000-7fd5940c4000 r--p 00002000 08:05 922097                     /usr/lib/jvm/java-11-openjdk-amd64/lib/libextnet.so
7fd5940c4000-7fd5940c5000 rw-p 00003000 08:05 922097                     /usr/lib/jvm/java-11-openjdk-amd64/lib/libextnet.so
7fd5940c5000-7fd5940c9000 r--p 00000000 08:05 922115                     /usr/lib/jvm/java-11-openjdk-amd64/lib/libnet.so
7fd5940c9000-7fd5940d7000 r-xp 00004000 08:05 922115                     /usr/lib/jvm/java-11-openjdk-amd64/lib/libnet.so
7fd5940d7000-7fd5940db000 r--p 00012000 08:05 922115                     /usr/lib/jvm/java-11-openjdk-amd64/lib/libnet.so
7fd5940db000-7fd5940dc000 r--p 00015000 08:05 922115                     /usr/lib/jvm/java-11-openjdk-amd64/lib/libnet.so
7fd5940dc000-7fd5940dd000 rw-p 00016000 08:05 922115                     /usr/lib/jvm/java-11-openjdk-amd64/lib/libnet.so
7fd5940dd000-7fd5940e4000 r--p 00000000 08:05 922116                     /usr/lib/jvm/java-11-openjdk-amd64/lib/libnio.so
7fd5940e4000-7fd5940ec000 r-xp 00007000 08:05 922116                     /usr/lib/jvm/java-11-openjdk-amd64/lib/libnio.so
7fd5940ec000-7fd5940ef000 r--p 0000f000 08:05 922116                     /usr/lib/jvm/java-11-openjdk-amd64/lib/libnio.so
7fd5940ef000-7fd5940f0000 r--p 00011000 08:05 922116                     /usr/lib/jvm/java-11-openjdk-amd64/lib/libnio.so
7fd5940f0000-7fd5940f1000 rw-p 00012000 08:05 922116                     /usr/lib/jvm/java-11-openjdk-amd64/lib/libnio.so
7fd5940f1000-7fd5940f5000 ---p 00000000 00:00 0 
7fd5940f5000-7fd5941f2000 rw-p 00000000 00:00 0 
7fd5941f2000-7fd5941f6000 ---p 00000000 00:00 0 
7fd5941f6000-7fd5942f3000 rw-p 00000000 00:00 0 
7fd5942f3000-7fd5942f7000 ---p 00000000 00:00 0 
7fd5942f7000-7fd5943f4000 rw-p 00000000 00:00 0 
7fd5943f4000-7fd5943f8000 ---p 00000000 00:00 0 
7fd5943f8000-7fd5944f5000 rw-p 00000000 00:00 0 
7fd5944f5000-7fd5944f6000 ---p 00000000 00:00 0 
7fd5944f6000-7fd594c93000 rw-p 00000000 00:00 0 
7fd594c93000-7fd594ed3000 ---p 00000000 00:00 0 
7fd594ed3000-7fd594ed4000 ---p 00000000 00:00 0 
7fd594ed4000-7fd594fd5000 rw-p 00000000 00:00 0 
7fd594fd5000-7fd594fd6000 ---p 00000000 00:00 0 
7fd594fd6000-7fd5952d9000 rw-p 00000000 00:00 0 
7fd5952d9000-7fd5952da000 ---p 00000000 00:00 0 
7fd5952da000-7fd5953db000 rw-p 00000000 00:00 0 
7fd5953db000-7fd5953dc000 ---p 00000000 00:00 0 
7fd5953dc000-7fd5955f6000 rw-p 00000000 00:00 0 
7fd5955f6000-7fd59642e000 ---p 00000000 00:00 0 
7fd59642e000-7fd59652e000 rw-p 00000000 00:00 0 
7fd59652e000-7fd597366000 ---p 00000000 00:00 0 
7fd597366000-7fd59738d000 rw-p 00000000 00:00 0 
7fd59738d000-7fd597554000 ---p 00000000 00:00 0 
7fd597554000-7fd597574000 rw-p 00000000 00:00 0 
7fd597574000-7fd59773b000 ---p 00000000 00:00 0 
7fd59773b000-7fd59775b000 rw-p 00000000 00:00 0 
7fd59775b000-7fd597922000 ---p 00000000 00:00 0 
7fd597922000-7fd597b25000 rw-p 00000000 00:00 0 
7fd597b25000-7fd597b26000 ---p 00000000 00:00 0 
7fd597b26000-7fd597c2c000 rw-p 00000000 00:00 0 
7fd597c2c000-7fd597d12000 ---p 00000000 00:00 0 
7fd597d12000-7fd597d17000 rw-p 00000000 00:00 0 
7fd597d17000-7fd597dfd000 ---p 00000000 00:00 0 
7fd597dfd000-7fd597e02000 rw-p 00000000 00:00 0 
7fd597e02000-7fd597e09000 ---p 00000000 00:00 0 
7fd597e09000-7fd597e0c000 r--p 00000000 08:05 924341                     /usr/lib/x86_64-linux-gnu/libnss_files-2.31.so
7fd597e0c000-7fd597e13000 r-xp 00003000 08:05 924341                     /usr/lib/x86_64-linux-gnu/libnss_files-2.31.so
7fd597e13000-7fd597e15000 r--p 0000a000 08:05 924341                     /usr/lib/x86_64-linux-gnu/libnss_files-2.31.so
7fd597e15000-7fd597e16000 r--p 0000b000 08:05 924341                     /usr/lib/x86_64-linux-gnu/libnss_files-2.31.so
7fd597e16000-7fd597e17000 rw-p 0000c000 08:05 924341                     /usr/lib/x86_64-linux-gnu/libnss_files-2.31.so
7fd597e17000-7fd597e1d000 rw-p 00000000 00:00 0 
7fd597e1d000-7fd597e1f000 r--p 00000000 08:05 922124                     /usr/lib/jvm/java-11-openjdk-amd64/lib/libzip.so
7fd597e1f000-7fd597e24000 r-xp 00002000 08:05 922124                     /usr/lib/jvm/java-11-openjdk-amd64/lib/libzip.so
7fd597e24000-7fd597e26000 r--p 00007000 08:05 922124                     /usr/lib/jvm/java-11-openjdk-amd64/lib/libzip.so
7fd597e26000-7fd597e27000 r--p 00008000 08:05 922124                     /usr/lib/jvm/java-11-openjdk-amd64/lib/libzip.so
7fd597e27000-7fd597e28000 rw-p 00009000 08:05 922124                     /usr/lib/jvm/java-11-openjdk-amd64/lib/libzip.so
7fd597e28000-7fd597e30000 rw-s 00000000 08:05 2362815                    /tmp/hsperfdata_qutx/19706
7fd597e30000-7fd597e32000 r--p 00000000 08:05 922099                     /usr/lib/jvm/java-11-openjdk-amd64/lib/libinstrument.so
7fd597e32000-7fd597e38000 r-xp 00002000 08:05 922099                     /usr/lib/jvm/java-11-openjdk-amd64/lib/libinstrument.so
7fd597e38000-7fd597e3b000 r--p 00008000 08:05 922099                     /usr/lib/jvm/java-11-openjdk-amd64/lib/libinstrument.so
7fd597e3b000-7fd597e3c000 r--p 0000a000 08:05 922099                     /usr/lib/jvm/java-11-openjdk-amd64/lib/libinstrument.so
7fd597e3c000-7fd597e3d000 rw-p 0000b000 08:05 922099                     /usr/lib/jvm/java-11-openjdk-amd64/lib/libinstrument.so
7fd597e3d000-7fd597e3e000 ---p 00000000 00:00 0 
7fd597e3e000-7fd597e3f000 r--p 00000000 00:00 0 
7fd597e3f000-7fd597e41000 r--p 00000000 08:05 922107                     /usr/lib/jvm/java-11-openjdk-amd64/lib/libjimage.so
7fd597e41000-7fd597e44000 r-xp 00002000 08:05 922107                     /usr/lib/jvm/java-11-openjdk-amd64/lib/libjimage.so
7fd597e44000-7fd597e45000 r--p 00005000 08:05 922107                     /usr/lib/jvm/java-11-openjdk-amd64/lib/libjimage.so
7fd597e45000-7fd597e46000 ---p 00006000 08:05 922107                     /usr/lib/jvm/java-11-openjdk-amd64/lib/libjimage.so
7fd597e46000-7fd597e47000 r--p 00006000 08:05 922107                     /usr/lib/jvm/java-11-openjdk-amd64/lib/libjimage.so
7fd597e47000-7fd597e48000 rw-p 00007000 08:05 922107                     /usr/lib/jvm/java-11-openjdk-amd64/lib/libjimage.so
7fd597e48000-7fd597e56000 r--p 00000000 08:05 922104                     /usr/lib/jvm/java-11-openjdk-amd64/lib/libjava.so
7fd597e56000-7fd597e6c000 r-xp 0000e000 08:05 922104                     /usr/lib/jvm/java-11-openjdk-amd64/lib/libjava.so
7fd597e6c000-7fd597e73000 r--p 00024000 08:05 922104                     /usr/lib/jvm/java-11-openjdk-amd64/lib/libjava.so
7fd597e73000-7fd597e74000 r--p 0002a000 08:05 922104                     /usr/lib/jvm/java-11-openjdk-amd64/lib/libjava.so
7fd597e74000-7fd597e75000 rw-p 0002b000 08:05 922104                     /usr/lib/jvm/java-11-openjdk-amd64/lib/libjava.so
7fd597e75000-7fd597e76000 rw-p 00000000 00:00 0 
7fd597e76000-7fd597e78000 r--p 00000000 08:05 924550                     /usr/lib/x86_64-linux-gnu/librt-2.31.so
7fd597e78000-7fd597e7c000 r-xp 00002000 08:05 924550                     /usr/lib/x86_64-linux-gnu/librt-2.31.so
7fd597e7c000-7fd597e7e000 r--p 00006000 08:05 924550                     /usr/lib/x86_64-linux-gnu/librt-2.31.so
7fd597e7e000-7fd597e7f000 r--p 00007000 08:05 924550                     /usr/lib/x86_64-linux-gnu/librt-2.31.so
7fd597e7f000-7fd597e80000 rw-p 00008000 08:05 924550                     /usr/lib/x86_64-linux-gnu/librt-2.31.so
7fd597e80000-7fd597e84000 ---p 00000000 00:00 0 
7fd597e84000-7fd597f81000 rw-p 00000000 00:00 0 
7fd597f81000-7fd597f84000 r--p 00000000 08:05 923854                     /usr/lib/x86_64-linux-gnu/libgcc_s.so.1
7fd597f84000-7fd597f96000 r-xp 00003000 08:05 923854                     /usr/lib/x86_64-linux-gnu/libgcc_s.so.1
7fd597f96000-7fd597f9a000 r--p 00015000 08:05 923854                     /usr/lib/x86_64-linux-gnu/libgcc_s.so.1
7fd597f9a000-7fd597f9b000 r--p 00018000 08:05 923854                     /usr/lib/x86_64-linux-gnu/libgcc_s.so.1
7fd597f9b000-7fd597f9c000 rw-p 00019000 08:05 923854                     /usr/lib/x86_64-linux-gnu/libgcc_s.so.1
7fd597f9c000-7fd597fa9000 r--p 00000000 08:05 924215                     /usr/lib/x86_64-linux-gnu/libm-2.31.so
7fd597fa9000-7fd598050000 r-xp 0000d000 08:05 924215                     /usr/lib/x86_64-linux-gnu/libm-2.31.so
7fd598050000-7fd5980e9000 r--p 000b4000 08:05 924215                     /usr/lib/x86_64-linux-gnu/libm-2.31.so
7fd5980e9000-7fd5980ea000 r--p 0014c000 08:05 924215                     /usr/lib/x86_64-linux-gnu/libm-2.31.so
7fd5980ea000-7fd5980eb000 rw-p 0014d000 08:05 924215                     /usr/lib/x86_64-linux-gnu/libm-2.31.so
7fd5980eb000-7fd598181000 r--p 00000000 08:05 924659                     /usr/lib/x86_64-linux-gnu/libstdc++.so.6.0.28
7fd598181000-7fd598272000 r-xp 00096000 08:05 924659                     /usr/lib/x86_64-linux-gnu/libstdc++.so.6.0.28
7fd598272000-7fd5982bb000 r--p 00187000 08:05 924659                     /usr/lib/x86_64-linux-gnu/libstdc++.so.6.0.28
7fd5982bb000-7fd5982bc000 ---p 001d0000 08:05 924659                     /usr/lib/x86_64-linux-gnu/libstdc++.so.6.0.28
7fd5982bc000-7fd5982c7000 r--p 001d0000 08:05 924659                     /usr/lib/x86_64-linux-gnu/libstdc++.so.6.0.28
7fd5982c7000-7fd5982ca000 rw-p 001db000 08:05 924659                     /usr/lib/x86_64-linux-gnu/libstdc++.so.6.0.28
7fd5982ca000-7fd5982cd000 rw-p 00000000 00:00 0 
7fd5982cd000-7fd59854f000 r--p 00000000 08:05 922128                     /usr/lib/jvm/java-11-openjdk-amd64/lib/server/libjvm.so
7fd59854f000-7fd5991e0000 r-xp 00282000 08:05 922128                     /usr/lib/jvm/java-11-openjdk-amd64/lib/server/libjvm.so
7fd5991e0000-7fd59943f000 r--p 00f13000 08:05 922128                     /usr/lib/jvm/java-11-openjdk-amd64/lib/server/libjvm.so
7fd59943f000-7fd599503000 r--p 01171000 08:05 922128                     /usr/lib/jvm/java-11-openjdk-amd64/lib/server/libjvm.so
7fd599503000-7fd59953e000 rw-p 01235000 08:05 922128                     /usr/lib/jvm/java-11-openjdk-amd64/lib/server/libjvm.so
7fd59953e000-7fd599597000 rw-p 00000000 00:00 0 
7fd599597000-7fd59959d000 r--p 00000000 08:05 924485                     /usr/lib/x86_64-linux-gnu/libpthread-2.31.so
7fd59959d000-7fd5995ae000 r-xp 00006000 08:05 924485                     /usr/lib/x86_64-linux-gnu/libpthread-2.31.so
7fd5995ae000-7fd5995b4000 r--p 00017000 08:05 924485                     /usr/lib/x86_64-linux-gnu/libpthread-2.31.so
7fd5995b4000-7fd5995b5000 r--p 0001c000 08:05 924485                     /usr/lib/x86_64-linux-gnu/libpthread-2.31.so
7fd5995b5000-7fd5995b6000 rw-p 0001d000 08:05 924485                     /usr/lib/x86_64-linux-gnu/libpthread-2.31.so
7fd5995b6000-7fd5995ba000 rw-p 00000000 00:00 0 
7fd5995ba000-7fd5995bb000 r--p 00000000 08:05 923700                     /usr/lib/x86_64-linux-gnu/libdl-2.31.so
7fd5995bb000-7fd5995bd000 r-xp 00001000 08:05 923700                     /usr/lib/x86_64-linux-gnu/libdl-2.31.so
7fd5995bd000-7fd5995be000 r--p 00003000 08:05 923700                     /usr/lib/x86_64-linux-gnu/libdl-2.31.so
7fd5995be000-7fd5995bf000 r--p 00003000 08:05 923700                     /usr/lib/x86_64-linux-gnu/libdl-2.31.so
7fd5995bf000-7fd5995c0000 rw-p 00004000 08:05 923700                     /usr/lib/x86_64-linux-gnu/libdl-2.31.so
7fd5995c0000-7fd5995c2000 r--p 00000000 08:05 923674                     /usr/lib/x86_64-linux-gnu/libz.so.1.2.11
7fd5995c2000-7fd5995d3000 r-xp 00002000 08:05 923674                     /usr/lib/x86_64-linux-gnu/libz.so.1.2.11
7fd5995d3000-7fd5995d9000 r--p 00013000 08:05 923674                     /usr/lib/x86_64-linux-gnu/libz.so.1.2.11
7fd5995d9000-7fd5995da000 ---p 00019000 08:05 923674                     /usr/lib/x86_64-linux-gnu/libz.so.1.2.11
7fd5995da000-7fd5995db000 r--p 00019000 08:05 923674                     /usr/lib/x86_64-linux-gnu/libz.so.1.2.11
7fd5995db000-7fd5995dc000 rw-p 0001a000 08:05 923674                     /usr/lib/x86_64-linux-gnu/libz.so.1.2.11
7fd5995dc000-7fd5995fe000 r--p 00000000 08:05 923557                     /usr/lib/x86_64-linux-gnu/libc-2.31.so
7fd5995fe000-7fd599776000 r-xp 00022000 08:05 923557                     /usr/lib/x86_64-linux-gnu/libc-2.31.so
7fd599776000-7fd5997c4000 r--p 0019a000 08:05 923557                     /usr/lib/x86_64-linux-gnu/libc-2.31.so
7fd5997c4000-7fd5997c8000 r--p 001e7000 08:05 923557                     /usr/lib/x86_64-linux-gnu/libc-2.31.so
7fd5997c8000-7fd5997ca000 rw-p 001eb000 08:05 923557                     /usr/lib/x86_64-linux-gnu/libc-2.31.so
7fd5997ca000-7fd5997ce000 rw-p 00000000 00:00 0 
7fd5997cf000-7fd5997d4000 r--p 00000000 08:05 922123                     /usr/lib/jvm/java-11-openjdk-amd64/lib/libverify.so
7fd5997d4000-7fd5997db000 r-xp 00005000 08:05 922123                     /usr/lib/jvm/java-11-openjdk-amd64/lib/libverify.so
7fd5997db000-7fd5997dd000 r--p 0000c000 08:05 922123                     /usr/lib/jvm/java-11-openjdk-amd64/lib/libverify.so
7fd5997dd000-7fd5997de000 ---p 0000e000 08:05 922123                     /usr/lib/jvm/java-11-openjdk-amd64/lib/libverify.so
7fd5997de000-7fd5997e0000 r--p 0000e000 08:05 922123                     /usr/lib/jvm/java-11-openjdk-amd64/lib/libverify.so
7fd5997e0000-7fd5997e1000 rw-p 00010000 08:05 922123                     /usr/lib/jvm/java-11-openjdk-amd64/lib/libverify.so
7fd5997e1000-7fd5997e4000 r--p 00000000 08:05 922089                     /usr/lib/jvm/java-11-openjdk-amd64/lib/jli/libjli.so
7fd5997e4000-7fd5997ee000 r-xp 00003000 08:05 922089                     /usr/lib/jvm/java-11-openjdk-amd64/lib/jli/libjli.so
7fd5997ee000-7fd5997f1000 r--p 0000d000 08:05 922089                     /usr/lib/jvm/java-11-openjdk-amd64/lib/jli/libjli.so
7fd5997f1000-7fd5997f2000 ---p 00010000 08:05 922089                     /usr/lib/jvm/java-11-openjdk-amd64/lib/jli/libjli.so
7fd5997f2000-7fd5997f3000 r--p 00010000 08:05 922089                     /usr/lib/jvm/java-11-openjdk-amd64/lib/jli/libjli.so
7fd5997f3000-7fd5997f4000 rw-p 00011000 08:05 922089                     /usr/lib/jvm/java-11-openjdk-amd64/lib/jli/libjli.so
7fd5997f4000-7fd5997f6000 rw-p 00000000 00:00 0 
7fd5997f6000-7fd5997f7000 r--p 00000000 08:05 923337                     /usr/lib/x86_64-linux-gnu/ld-2.31.so
7fd5997f7000-7fd59981a000 r-xp 00001000 08:05 923337                     /usr/lib/x86_64-linux-gnu/ld-2.31.so
7fd59981a000-7fd599822000 r--p 00024000 08:05 923337                     /usr/lib/x86_64-linux-gnu/ld-2.31.so
7fd599823000-7fd599824000 r--p 0002c000 08:05 923337                     /usr/lib/x86_64-linux-gnu/ld-2.31.so
7fd599824000-7fd599825000 rw-p 0002d000 08:05 923337                     /usr/lib/x86_64-linux-gnu/ld-2.31.so
7fd599825000-7fd599826000 rw-p 00000000 00:00 0 
7ffc0b422000-7ffc0b443000 rw-p 00000000 00:00 0                          [stack]
7ffc0b595000-7ffc0b599000 r--p 00000000 00:00 0                          [vvar]
7ffc0b599000-7ffc0b59b000 r-xp 00000000 00:00 0                          [vdso]
ffffffffff600000-ffffffffff601000 --xp 00000000 00:00 0                  [vsyscall]


VM Arguments:
jvm_args: -javaagent:/opt/idea-IC-223.8617.56/lib/idea_rt.jar=40333:/opt/idea-IC-223.8617.56/bin -Dfile.encoding=UTF-8 
java_command: Main tests/test1.sysy
java_class_path (initial): /home/qutx/Desktop/study/compile/Lab/out/production/Lab:/usr/local/lib/antlr-4.9.1-complete.jar:/usr/local/lib/javacpp-1.5.7-linux-x86_64.jar:/usr/local/lib/javacpp-1.5.7.jar:/usr/local/lib/llvm-13.0.1-1.5.7-linux-x86_64.jar:/usr/local/lib/llvm-13.0.1-1.5.7.jar:/usr/local/lib/llvm-platform-13.0.1-1.5.7.jar:/home/qutx/Desktop/study/compile/Lab
Launcher Type: SUN_STANDARD

[Global flags]
     intx CICompilerCount                          = 2                                         {product} {ergonomic}
     uint ConcGCThreads                            = 1                                         {product} {ergonomic}
     uint G1ConcRefinementThreads                  = 2                                         {product} {ergonomic}
   size_t G1HeapRegionSize                         = 1048576                                   {product} {ergonomic}
    uintx GCDrainStackTargetSize                   = 64                                        {product} {ergonomic}
   size_t InitialHeapSize                          = 65011712                                  {product} {ergonomic}
   size_t MarkStackSize                            = 4194304                                   {product} {ergonomic}
   size_t MaxHeapSize                              = 1021313024                                {product} {ergonomic}
   size_t MaxNewSize                               = 612368384                                 {product} {ergonomic}
   size_t MinHeapDeltaBytes                        = 1048576                                   {product} {ergonomic}
    uintx NonNMethodCodeHeapSize                   = 5825164                                {pd product} {ergonomic}
    uintx NonProfiledCodeHeapSize                  = 122916538                              {pd product} {ergonomic}
    uintx ProfiledCodeHeapSize                     = 122916538                              {pd product} {ergonomic}
    uintx ReservedCodeCacheSize                    = 251658240                              {pd product} {ergonomic}
     bool SegmentedCodeCache                       = true                                      {product} {ergonomic}
     bool UseCompressedClassPointers               = true                                 {lp64_product} {ergonomic}
     bool UseCompressedOops                        = true                                 {lp64_product} {ergonomic}
     bool UseG1GC                                  = true                                      {product} {ergonomic}

Logging:
Log output configuration:
 #0: stdout all=warning uptime,level,tags
 #1: stderr all=off uptime,level,tags

Environment Variables:
JAVA_HOME=/opt/jdk-19.0.2
PATH=/opt/idea-IC-223.8617.56/bin:/opt/jdk-19.0.2/bin:/usr/local/sbin:/usr/local/bin:/usr/sbin:/usr/bin:/sbin:/bin:/usr/games:/usr/local/games:/snap/bin
USERNAME=qutx
SHELL=/bin/bash
DISPLAY=:0
LANG=en_US.UTF-8
LC_NUMERIC=zh_CN.UTF-8
LC_TIME=zh_CN.UTF-8
TERM=xterm-256color

Signal Handlers:
SIGSEGV: [libjvm.so+0xe9f840], sa_mask[0]=11111111011111111101111111111110, sa_flags=SA_RESTART|SA_SIGINFO
SIGBUS: [libjvm.so+0xe9f840], sa_mask[0]=11111111011111111101111111111110, sa_flags=SA_RESTART|SA_SIGINFO
SIGFPE: [libjvm.so+0xe9f840], sa_mask[0]=11111111011111111101111111111110, sa_flags=SA_RESTART|SA_SIGINFO
SIGPIPE: [libjvm.so+0xbe53b0], sa_mask[0]=11111111011111111101111111111110, sa_flags=SA_RESTART|SA_SIGINFO
SIGXFSZ: [libjvm.so+0xbe53b0], sa_mask[0]=11111111011111111101111111111110, sa_flags=SA_RESTART|SA_SIGINFO
SIGILL: [libjvm.so+0xe9f840], sa_mask[0]=11111111011111111101111111111110, sa_flags=SA_RESTART|SA_SIGINFO
SIGUSR2: [libjvm.so+0xbe5250], sa_mask[0]=00100000000000000000000000000000, sa_flags=SA_RESTART|SA_SIGINFO
SIGHUP: [libjvm.so+0xbe5900], sa_mask[0]=11111111011111111101111111111110, sa_flags=SA_RESTART|SA_SIGINFO
SIGINT: [libjvm.so+0xbe5900], sa_mask[0]=11111111011111111101111111111110, sa_flags=SA_RESTART|SA_SIGINFO
SIGTERM: [libjvm.so+0xbe5900], sa_mask[0]=11111111011111111101111111111110, sa_flags=SA_RESTART|SA_SIGINFO
SIGQUIT: [libjvm.so+0xbe5900], sa_mask[0]=11111111011111111101111111111110, sa_flags=SA_RESTART|SA_SIGINFO


---------------  S Y S T E M  ---------------

OS:DISTRIB_ID=Ubuntu
DISTRIB_RELEASE=20.04
DISTRIB_CODENAME=focal
DISTRIB_DESCRIPTION="Ubuntu 20.04.6 LTS"
uname:Linux 5.15.0-71-generic #78~20.04.1-Ubuntu SMP Wed Apr 19 11:26:48 UTC 2023 x86_64
OS uptime: 0 days 1:07 hours
libc:glibc 2.31 NPTL 2.31 
rlimit (soft/hard): STACK 8192k/infinity , CORE 0k/infinity , NPROC 15242/15242 , NOFILE 1048576/1048576 , AS infinity/infinity , CPU infinity/infinity , DATA infinity/infinity , FSIZE infinity/infinity , MEMLOCK 65536k/65536k
load average:0.57 0.59 0.50

/proc/meminfo:
MemTotal:        3983204 kB
MemFree:          238480 kB
MemAvailable:     798980 kB
Buffers:           43372 kB
Cached:           666716 kB
SwapCached:        29936 kB
Active:           869628 kB
Inactive:        2333680 kB
Active(anon):     497592 kB
Inactive(anon):  1996724 kB
Active(file):     372036 kB
Inactive(file):   336956 kB
Unevictable:           0 kB
Mlocked:               0 kB
SwapTotal:       2097148 kB
SwapFree:        1427968 kB
Dirty:              6880 kB
Writeback:            68 kB
AnonPages:       2472124 kB
Mapped:           220968 kB
Shmem:              1648 kB
KReclaimable:     111612 kB
Slab:             209808 kB
SReclaimable:     111612 kB
SUnreclaim:        98196 kB
KernelStack:       12776 kB
PageTables:        22516 kB
NFS_Unstable:          0 kB
Bounce:                0 kB
WritebackTmp:          0 kB
CommitLimit:     4088748 kB
Committed_AS:    6260612 kB
VmallocTotal:   34359738367 kB
VmallocUsed:       72240 kB
VmallocChunk:          0 kB
Percpu:           104448 kB
HardwareCorrupted:     0 kB
AnonHugePages:         0 kB
ShmemHugePages:        0 kB
ShmemPmdMapped:        0 kB
FileHugePages:         0 kB
FilePmdMapped:         0 kB
HugePages_Total:       0
HugePages_Free:        0
HugePages_Rsvd:        0
HugePages_Surp:        0
Hugepagesize:       2048 kB
Hugetlb:               0 kB
DirectMap4k:      321344 kB
DirectMap2M:     3872768 kB
DirectMap1G:     2097152 kB

/sys/kernel/mm/transparent_hugepage/enabled:
always [madvise] never
/sys/kernel/mm/transparent_hugepage/defrag (defrag/compaction efforts parameter):
always defer defer+madvise [madvise] never

Process Memory:
Virtual Size: 3680692K (peak: 12380444K)
Resident Set Size: 92424K (peak: 92424K) (anon: 35888K, file: 56536K, shmem: 0K)
Swapped out: 0K
C-Heap outstanding allocations: 14635K, retained: 2364K
glibc malloc tunables: (default)

/proc/sys/kernel/threads-max (system-wide limit on the number of threads):
30485
/proc/sys/vm/max_map_count (maximum number of memory map areas a process may have):
65530
/proc/sys/kernel/pid_max (system-wide limit on number of process identifiers):
4194304

container (cgroup) information:
container_type: cgroupv1
cpu_cpuset_cpus: 0-1
cpu_memory_nodes: 0
active_processor_count: 2
cpu_quota: no quota
cpu_period: 100000
cpu_shares: no shares
memory_limit_in_bytes: unlimited
memory_and_swap_limit_in_bytes: unlimited
memory_soft_limit_in_bytes: unlimited
memory_usage_in_bytes: 2345604 k
memory_max_usage_in_bytes: 2470660 k
kernel_memory_usage_in_bytes: 55104 k
kernel_memory_max_usage_in_bytes: unlimited
kernel_memory_limit_in_bytes: 55336 k
maximum number of tasks: unlimited
current number of tasks: 353

VMWare virtualization detected
Steal ticks since vm start: 0
Steal ticks percentage since vm start:  0.000

CPU:total 2 (initial active 2) (1 cores per cpu, 1 threads per core) family 6 model 165 stepping 2 microcode 0xffffffff, cmov, cx8, fxsr, mmx, sse, sse2, sse3, ssse3, sse4.1, sse4.2, popcnt, avx, avx2, aes, clmul, erms, 3dnowpref, lzcnt, tsc, tscinvbit, bmi1, bmi2, adx, fma
CPU Model and flags from /proc/cpuinfo:
model name	: Intel(R) Core(TM) i7-10750H CPU @ 2.60GHz
flags		: fpu vme de pse tsc msr pae mce cx8 apic sep mtrr pge mca cmov pat pse36 clflush mmx fxsr sse sse2 ss syscall nx pdpe1gb rdtscp lm constant_tsc arch_perfmon nopl xtopology tsc_reliable nonstop_tsc cpuid tsc_known_freq pni pclmulqdq ssse3 fma cx16 pcid sse4_1 sse4_2 x2apic movbe popcnt aes xsave avx f16c rdrand hypervisor lahf_lm abm 3dnowprefetch invpcid_single pti ssbd ibrs ibpb stibp fsgsbase tsc_adjust bmi1 avx2 smep bmi2 invpcid rdseed adx smap clflushopt xsaveopt xsavec xgetbv1 xsaves arat flush_l1d arch_capabilities
Online cpus:
0-1
Offline cpus:
2-127
BIOS frequency limitation:
<Not Available>
Frequency switch latency (ns):
<Not Available>
Available cpu frequencies:
<Not Available>
Current governor:
<Not Available>
Core performance/turbo boost:
<Not Available>

Memory: 4k page, physical 3983204k(238480k free), swap 2097148k(1427968k free)

vm_info: OpenJDK 64-Bit Server VM (11.0.19+7-post-Ubuntu-0ubuntu120.04.1) for linux-amd64 JRE (11.0.19+7-post-Ubuntu-0ubuntu120.04.1), built on May 10 2023 00:55:26 by "unknown" with gcc 9.4.0

END.
