#
# A fatal error has been detected by the Java Runtime Environment:
#
#  SIGSEGV (0xb) at pc=0x00007f7eca158882, pid=23246, tid=23247
#
# JRE version: OpenJDK Runtime Environment (11.0.19+7) (build 11.0.19+7-post-Ubuntu-0ubuntu120.04.1)
# Java VM: OpenJDK 64-Bit Server VM (11.0.19+7-post-Ubuntu-0ubuntu120.04.1, mixed mode, sharing, tiered, compressed oops, g1 gc, linux-amd64)
# Problematic frame:
# C  [libLLVM-13.so+0xc2c882]  LLVMBuildLoad+0x12
#
# Core dump will be written. Default location: Core dumps may be processed with "/usr/share/apport/apport -p%p -s%s -c%c -d%d -P%P -u%u -g%g -- %E" (or dumping to /home/qutx/Desktop/study/compile/Lab/core.23246)
#
# If you would like to submit a bug report, please visit:
#   https://bugs.launchpad.net/ubuntu/+source/openjdk-lts
# The crash happened outside the Java Virtual Machine in native code.
# See problematic frame for where to report the bug.
#

---------------  S U M M A R Y ------------

Command Line: -javaagent:/opt/idea-IC-223.8617.56/lib/idea_rt.jar=36707:/opt/idea-IC-223.8617.56/bin -Dfile.encoding=UTF-8 Main tests/test1.sysy

Host: Intel(R) Core(TM) i7-10750H CPU @ 2.60GHz, 2 cores, 3G, Ubuntu 20.04.6 LTS
Time: Thu May 18 14:29:45 2023 CST elapsed time: 0.652285 seconds (0d 0h 0m 0s)

---------------  T H R E A D  ---------------

Current thread (0x00007f7f2c017000):  JavaThread "main" [_thread_in_native, id=23247, stack(0x00007f7f326ad000,0x00007f7f327ae000)]

Stack: [0x00007f7f326ad000,0x00007f7f327ae000],  sp=0x00007f7f327aba40,  free space=1018k
Native frames: (J=compiled Java code, A=aot compiled Java code, j=interpreted, Vv=VM code, C=native code)
C  [libLLVM-13.so+0xc2c882]  LLVMBuildLoad+0x12

Java frames: (J=compiled Java code, j=interpreted, Vv=VM code)
j  org.bytedeco.llvm.global.LLVM.LLVMBuildLoad(Lorg/bytedeco/llvm/LLVM/LLVMBuilderRef;Lorg/bytedeco/llvm/LLVM/LLVMValueRef;Ljava/lang/String;)Lorg/bytedeco/llvm/LLVM/LLVMValueRef;+0
j  LlvmVisitor.visitLvalExp(LSysYParser$LvalExpContext;)Lorg/bytedeco/llvm/LLVM/LLVMValueRef;+24
j  LlvmVisitor.visitLvalExp(LSysYParser$LvalExpContext;)Ljava/lang/Object;+2
j  SysYParser$LvalExpContext.accept(Lorg/antlr/v4/runtime/tree/ParseTreeVisitor;)Ljava/lang/Object;+12
j  LlvmVisitor.visitVarDecl(LSysYParser$VarDeclContext;)Lorg/bytedeco/llvm/LLVM/LLVMValueRef;+114
j  LlvmVisitor.visitVarDecl(LSysYParser$VarDeclContext;)Ljava/lang/Object;+2
j  SysYParser$VarDeclContext.accept(Lorg/antlr/v4/runtime/tree/ParseTreeVisitor;)Ljava/lang/Object;+12
j  org.antlr.v4.runtime.tree.AbstractParseTreeVisitor.visitChildren(Lorg/antlr/v4/runtime/tree/RuleNode;)Ljava/lang/Object;+46
j  SysYParserBaseVisitor.visitDecl(LSysYParser$DeclContext;)Ljava/lang/Object;+2
j  SysYParser$DeclContext.accept(Lorg/antlr/v4/runtime/tree/ParseTreeVisitor;)Ljava/lang/Object;+12
j  org.antlr.v4.runtime.tree.AbstractParseTreeVisitor.visitChildren(Lorg/antlr/v4/runtime/tree/RuleNode;)Ljava/lang/Object;+46
j  SysYParserBaseVisitor.visitBlockItem(LSysYParser$BlockItemContext;)Ljava/lang/Object;+2
j  SysYParser$BlockItemContext.accept(Lorg/antlr/v4/runtime/tree/ParseTreeVisitor;)Ljava/lang/Object;+12
j  org.antlr.v4.runtime.tree.AbstractParseTreeVisitor.visitChildren(Lorg/antlr/v4/runtime/tree/RuleNode;)Ljava/lang/Object;+46
j  SysYParserBaseVisitor.visitBlock(LSysYParser$BlockContext;)Ljava/lang/Object;+2
j  LlvmVisitor.visitBlock(LSysYParser$BlockContext;)Lorg/bytedeco/llvm/LLVM/LLVMValueRef;+43
j  LlvmVisitor.visitBlock(LSysYParser$BlockContext;)Ljava/lang/Object;+2
j  SysYParser$BlockContext.accept(Lorg/antlr/v4/runtime/tree/ParseTreeVisitor;)Ljava/lang/Object;+12
j  org.antlr.v4.runtime.tree.AbstractParseTreeVisitor.visitChildren(Lorg/antlr/v4/runtime/tree/RuleNode;)Ljava/lang/Object;+46
j  SysYParserBaseVisitor.visitFuncDef(LSysYParser$FuncDefContext;)Ljava/lang/Object;+2
j  LlvmVisitor.visitFuncDef(LSysYParser$FuncDefContext;)Lorg/bytedeco/llvm/LLVM/LLVMValueRef;+81
j  LlvmVisitor.visitFuncDef(LSysYParser$FuncDefContext;)Ljava/lang/Object;+2
j  SysYParser$FuncDefContext.accept(Lorg/antlr/v4/runtime/tree/ParseTreeVisitor;)Ljava/lang/Object;+12
j  org.antlr.v4.runtime.tree.AbstractParseTreeVisitor.visitChildren(Lorg/antlr/v4/runtime/tree/RuleNode;)Ljava/lang/Object;+46
j  SysYParserBaseVisitor.visitCompUnit(LSysYParser$CompUnitContext;)Ljava/lang/Object;+2
j  SysYParser$CompUnitContext.accept(Lorg/antlr/v4/runtime/tree/ParseTreeVisitor;)Ljava/lang/Object;+12
j  org.antlr.v4.runtime.tree.AbstractParseTreeVisitor.visitChildren(Lorg/antlr/v4/runtime/tree/RuleNode;)Ljava/lang/Object;+46
j  SysYParserBaseVisitor.visitProgram(LSysYParser$ProgramContext;)Ljava/lang/Object;+2
j  LlvmVisitor.visitProgram(LSysYParser$ProgramContext;)Lorg/bytedeco/llvm/LLVM/LLVMValueRef;+22
j  LlvmVisitor.visitProgram(LSysYParser$ProgramContext;)Ljava/lang/Object;+2
j  SysYParser$ProgramContext.accept(Lorg/antlr/v4/runtime/tree/ParseTreeVisitor;)Ljava/lang/Object;+12
j  org.antlr.v4.runtime.tree.AbstractParseTreeVisitor.visit(Lorg/antlr/v4/runtime/tree/ParseTree;)Ljava/lang/Object;+2
j  Main.main([Ljava/lang/String;)V+55
v  ~StubRoutines::call_stub

siginfo: si_signo: 11 (SIGSEGV), si_code: 1 (SEGV_MAPERR), si_addr: 0x0000000000000000

Register to memory mapping:

RAX=0x00007f7f2c39d210 points into unknown readable memory: 0x67726f5f61760061 | 61 00 76 61 5f 6f 72 67
RBX=0x0 is NULL
RCX=0x0000000000000061 is an unknown value
RDX=0x00007f7f2c39d210 points into unknown readable memory: 0x67726f5f61760061 | 61 00 76 61 5f 6f 72 67
RSP=0x00007f7f327aba40 is pointing into the stack for thread: 0x00007f7f2c017000
RBP=0x00007f7f2c36ace0 points into unknown readable memory: 0x00007f7f2c36acf0 | f0 ac 36 2c 7f 7f 00 00
RSI=0x0 is NULL
RDI=0x00007f7f2c36ace0 points into unknown readable memory: 0x00007f7f2c36acf0 | f0 ac 36 2c 7f 7f 00 00
R8 =0x00000000c6b55400 points into unknown readable memory: 0x0000000000000061 | 61 00 00 00 00 00 00 00
R9 =0x00007f7f2c017000 is a thread
R10=0xfffffffffffff55a is an unknown value
R11=0x00007f7eca158870: LLVMBuildLoad+0x0000000000000000 in /home/qutx/.javacpp/cache/llvm-13.0.1-1.5.7-linux-x86_64.jar/org/bytedeco/llvm/linux-x86_64/libLLVM-13.so at 0x00007f7ec952c000
R12=0x0 is NULL
R13=0x0 is NULL
R14=0x00007f7f2c39d210 points into unknown readable memory: 0x67726f5f61760061 | 61 00 76 61 5f 6f 72 67
R15=0x00007f7f2c017000 is a thread


Registers:
RAX=0x00007f7f2c39d210, RBX=0x0000000000000000, RCX=0x0000000000000061, RDX=0x00007f7f2c39d210
RSP=0x00007f7f327aba40, RBP=0x00007f7f2c36ace0, RSI=0x0000000000000000, RDI=0x00007f7f2c36ace0
R8 =0x00000000c6b55400, R9 =0x00007f7f2c017000, R10=0xfffffffffffff55a, R11=0x00007f7eca158870
R12=0x0000000000000000, R13=0x0000000000000000, R14=0x00007f7f2c39d210, R15=0x00007f7f2c017000
RIP=0x00007f7eca158882, EFLAGS=0x0000000000010202, CSGSFS=0x002b000000000033, ERR=0x0000000000000004
  TRAPNO=0x000000000000000e

Top of Stack: (sp=0x00007f7f327aba40)
0x00007f7f327aba40:   00007f7f2c017000 0000000000000000
0x00007f7f327aba50:   00007f7f2c017000 00007f7f33ea3299
0x00007f7f327aba60:   0000000000000002 0000000000000001
0x00007f7f327aba70:   00007f7f2c39d210 00007f7f2c11d190 

Instructions: (pc=0x00007f7eca158882)
0x00007f7eca158782:   89 c4 4c 8d 4c 24 40 e8 92 57 09 00 48 8b 7d 50
0x00007f7eca158792:   48 8b 4d 30 4c 89 e6 48 8d 54 24 10 4c 8b 45 38
0x00007f7eca1587a2:   48 8b 07 ff 50 10 48 8b 5d 00 8b 6d 08 5a 59 48
0x00007f7eca1587b2:   c1 e5 04 48 01 dd 48 39 eb 74 1a 0f 1f 00 48 8b
0x00007f7eca1587c2:   53 08 8b 33 4c 89 e7 48 83 c3 10 e8 6e 16 0e 00
0x00007f7eca1587d2:   48 39 dd 75 e9 48 83 c4 68 4c 89 e0 5b 5d 41 5c
0x00007f7eca1587e2:   41 5d 41 5e 41 5f c3 0f 1f 80 00 00 00 00 41 54
0x00007f7eca1587f2:   b8 01 01 00 00 55 48 89 fd 48 89 f7 53 48 83 ec
0x00007f7eca158802:   30 48 8b 75 30 66 89 44 24 20 e8 ef 24 09 00 48
0x00007f7eca158812:   8b 7d 50 48 8b 4d 30 48 89 e2 49 89 c4 4c 8b 45
0x00007f7eca158822:   38 48 8b 07 4c 89 e6 ff 50 10 48 8b 5d 00 8b 6d
0x00007f7eca158832:   08 48 c1 e5 04 48 01 dd 48 39 eb 74 18 90 48 8b
0x00007f7eca158842:   53 08 8b 33 4c 89 e7 48 83 c3 10 e8 ee 15 0e 00
0x00007f7eca158852:   48 39 dd 75 e9 48 83 c4 30 4c 89 e0 5b 5d 41 5c
0x00007f7eca158862:   c3 66 2e 0f 1f 84 00 00 00 00 00 0f 1f 00 41 56
0x00007f7eca158872:   41 55 49 89 f5 41 54 55 48 89 fd 53 48 83 ec 60
0x00007f7eca158882:   48 8b 06 80 3a 00 be 01 01 00 00 4c 8b 70 18 66
0x00007f7eca158892:   89 74 24 20 74 09 48 89 14 24 c6 44 24 20 03 48
0x00007f7eca1588a2:   8b 7d 30 e8 d6 15 fc ff 48 89 c7 e8 4e 47 0e 00
0x00007f7eca1588b2:   4c 89 f6 48 89 c7 e8 b3 46 01 00 be 01 00 00 00
0x00007f7eca1588c2:   bf 40 00 00 00 89 c3 b8 01 01 00 00 66 89 44 24
0x00007f7eca1588d2:   50 e8 a8 0a 13 00 48 8d 4c 24 30 41 89 d9 45 31
0x00007f7eca1588e2:   c0 48 83 ec 08 48 89 c7 4c 89 ea 4c 89 f6 6a 00
0x00007f7eca1588f2:   49 89 c4 e8 26 5d 09 00 48 8b 7d 50 48 8b 4d 30
0x00007f7eca158902:   4c 89 e6 48 8d 54 24 10 4c 8b 45 38 48 8b 07 ff
0x00007f7eca158912:   50 10 48 8b 5d 00 8b 6d 08 5a 59 48 c1 e5 04 48
0x00007f7eca158922:   01 dd 48 39 eb 74 1e 0f 1f 80 00 00 00 00 48 8b
0x00007f7eca158932:   53 08 8b 33 4c 89 e7 48 83 c3 10 e8 fe 14 0e 00
0x00007f7eca158942:   48 39 dd 75 e9 48 83 c4 60 4c 89 e0 5b 5d 41 5c
0x00007f7eca158952:   41 5d 41 5e c3 66 0f 1f 84 00 00 00 00 00 41 56
0x00007f7eca158962:   49 89 d6 41 55 49 89 f5 be 01 01 00 00 41 54 55
0x00007f7eca158972:   48 89 fd 53 48 83 ec 60 80 39 00 66 89 74 24 20 


Stack slot to memory mapping:
stack at sp + 0 slots: 0x00007f7f2c017000 is a thread
stack at sp + 1 slots: 0x0 is NULL
stack at sp + 2 slots: 0x00007f7f2c017000 is a thread
stack at sp + 3 slots: 0x00007f7f33ea3299: __libc_malloc+0x00000000000001b9 in /lib/x86_64-linux-gnu/libc.so.6 at 0x00007f7f33e09000
stack at sp + 4 slots: 0x0000000000000002 is an unknown value
stack at sp + 5 slots: 0x0000000000000001 is an unknown value
stack at sp + 6 slots: 0x00007f7f2c39d210 points into unknown readable memory: 0x67726f5f61760061 | 61 00 76 61 5f 6f 72 67
stack at sp + 7 slots: 0x00007f7f2c11d190 points into unknown readable memory: 0x00000000c6b553f0 | f0 53 b5 c6 00 00 00 00


---------------  P R O C E S S  ---------------

Threads class SMR info:
_java_thread_list=0x00007f7f2c3069a0, length=11, elements={
0x00007f7f2c017000, 0x00007f7f2c11e800, 0x00007f7f2c120800, 0x00007f7f2c127000,
0x00007f7f2c129000, 0x00007f7f2c12b800, 0x00007f7f2c12d800, 0x00007f7f2c12f800,
0x00007f7f2c13d800, 0x00007f7f2c1e7000, 0x00007f7f2c305800
}

Java Threads: ( => current thread )
=>0x00007f7f2c017000 JavaThread "main" [_thread_in_native, id=23247, stack(0x00007f7f326ad000,0x00007f7f327ae000)]
  0x00007f7f2c11e800 JavaThread "Reference Handler" daemon [_thread_blocked, id=23255, stack(0x00007f7f30359000,0x00007f7f3045a000)]
  0x00007f7f2c120800 JavaThread "Finalizer" daemon [_thread_blocked, id=23256, stack(0x00007f7f30258000,0x00007f7f30359000)]
  0x00007f7f2c127000 JavaThread "Signal Dispatcher" daemon [_thread_blocked, id=23257, stack(0x00007f7f30157000,0x00007f7f30258000)]
  0x00007f7f2c129000 JavaThread "Service Thread" daemon [_thread_blocked, id=23258, stack(0x00007f7f30056000,0x00007f7f30157000)]
  0x00007f7f2c12b800 JavaThread "C2 CompilerThread0" daemon [_thread_blocked, id=23259, stack(0x00007f7f146f4000,0x00007f7f147f5000)]
  0x00007f7f2c12d800 JavaThread "C1 CompilerThread0" daemon [_thread_blocked, id=23260, stack(0x00007f7f145f3000,0x00007f7f146f4000)]
  0x00007f7f2c12f800 JavaThread "Sweeper thread" daemon [_thread_blocked, id=23261, stack(0x00007f7f144f2000,0x00007f7f145f3000)]
  0x00007f7f2c13d800 JavaThread "Common-Cleaner" daemon [_thread_blocked, id=23275, stack(0x00007f7f143f1000,0x00007f7f144f2000)]
  0x00007f7f2c1e7000 JavaThread "Monitor Ctrl-Break" daemon [_thread_in_native, id=23278, stack(0x00007f7f142f0000,0x00007f7f143f1000)]
  0x00007f7f2c305800 JavaThread "JavaCPP Deallocator" daemon [_thread_blocked, id=23281, stack(0x00007f7f0c7c7000,0x00007f7f0c8c8000)]

Other Threads:
  0x00007f7f2c11b800 VMThread "VM Thread" [stack: 0x00007f7f3045c000,0x00007f7f3055c000] [id=23254]
  0x00007f7f2c1e8800 WatcherThread [stack: 0x00007f7f141f0000,0x00007f7f142f0000] [id=23279]
  0x00007f7f2c02e800 GCTaskThread "GC Thread#0" [stack: 0x00007f7f32354000,0x00007f7f32454000] [id=23248]
  0x00007f7efc001000 GCTaskThread "GC Thread#1" [stack: 0x00007f7f140ee000,0x00007f7f141ee000] [id=23280]
  0x00007f7f2c049800 ConcurrentGCThread "G1 Main Marker" [stack: 0x00007f7f30b42000,0x00007f7f30c42000] [id=23249]
  0x00007f7f2c04b800 ConcurrentGCThread "G1 Conc#0" [stack: 0x00007f7f30a40000,0x00007f7f30b40000] [id=23250]
  0x00007f7f2c086800 ConcurrentGCThread "G1 Refine#0" [stack: 0x00007f7f3073c000,0x00007f7f3083c000] [id=23252]
  0x00007f7f2c088800 ConcurrentGCThread "G1 Young RemSet Sampling" [stack: 0x00007f7f3063a000,0x00007f7f3073a000] [id=23253]

Threads with active compile tasks:

VM state:not at safepoint (normal execution)

VM Mutex/Monitor currently owned by a thread: None

Heap address: 0x00000000c3200000, size: 974 MB, Compressed Oops mode: 32-bit
Narrow klass base: 0x0000000800000000, Narrow klass shift: 3
Compressed class space size: 1073741824 Address: 0x0000000840000000

Heap:
 garbage-first heap   total 65536K, used 6345K [0x00000000c3200000, 0x0000000100000000)
  region size 1024K, 6 young (6144K), 1 survivors (1024K)
 Metaspace       used 4125K, capacity 6631K, committed 6912K, reserved 1056768K
  class space    used 459K, capacity 701K, committed 768K, reserved 1048576K
Heap Regions: E=young(eden), S=young(survivor), O=old, HS=humongous(starts), HC=humongous(continues), CS=collection set, F=free, A=archive, TAMS=top-at-mark-start (previous, next)
|   0|0x00000000c3200000, 0x00000000c3280600, 0x00000000c3300000| 50%| O|  |TAMS 0x00000000c3200000, 0x00000000c3200000| Untracked 
|   1|0x00000000c3300000, 0x00000000c3300000, 0x00000000c3400000|  0%| F|  |TAMS 0x00000000c3300000, 0x00000000c3300000| Untracked 
|   2|0x00000000c3400000, 0x00000000c3400000, 0x00000000c3500000|  0%| F|  |TAMS 0x00000000c3400000, 0x00000000c3400000| Untracked 
|   3|0x00000000c3500000, 0x00000000c3500000, 0x00000000c3600000|  0%| F|  |TAMS 0x00000000c3500000, 0x00000000c3500000| Untracked 
|   4|0x00000000c3600000, 0x00000000c3600000, 0x00000000c3700000|  0%| F|  |TAMS 0x00000000c3600000, 0x00000000c3600000| Untracked 
|   5|0x00000000c3700000, 0x00000000c3700000, 0x00000000c3800000|  0%| F|  |TAMS 0x00000000c3700000, 0x00000000c3700000| Untracked 
|   6|0x00000000c3800000, 0x00000000c3800000, 0x00000000c3900000|  0%| F|  |TAMS 0x00000000c3800000, 0x00000000c3800000| Untracked 
|   7|0x00000000c3900000, 0x00000000c3900000, 0x00000000c3a00000|  0%| F|  |TAMS 0x00000000c3900000, 0x00000000c3900000| Untracked 
|   8|0x00000000c3a00000, 0x00000000c3a00000, 0x00000000c3b00000|  0%| F|  |TAMS 0x00000000c3a00000, 0x00000000c3a00000| Untracked 
|   9|0x00000000c3b00000, 0x00000000c3b00000, 0x00000000c3c00000|  0%| F|  |TAMS 0x00000000c3b00000, 0x00000000c3b00000| Untracked 
|  10|0x00000000c3c00000, 0x00000000c3c00000, 0x00000000c3d00000|  0%| F|  |TAMS 0x00000000c3c00000, 0x00000000c3c00000| Untracked 
|  11|0x00000000c3d00000, 0x00000000c3d00000, 0x00000000c3e00000|  0%| F|  |TAMS 0x00000000c3d00000, 0x00000000c3d00000| Untracked 
|  12|0x00000000c3e00000, 0x00000000c3e00000, 0x00000000c3f00000|  0%| F|  |TAMS 0x00000000c3e00000, 0x00000000c3e00000| Untracked 
|  13|0x00000000c3f00000, 0x00000000c3f00000, 0x00000000c4000000|  0%| F|  |TAMS 0x00000000c3f00000, 0x00000000c3f00000| Untracked 
|  14|0x00000000c4000000, 0x00000000c4000000, 0x00000000c4100000|  0%| F|  |TAMS 0x00000000c4000000, 0x00000000c4000000| Untracked 
|  15|0x00000000c4100000, 0x00000000c4100000, 0x00000000c4200000|  0%| F|  |TAMS 0x00000000c4100000, 0x00000000c4100000| Untracked 
|  16|0x00000000c4200000, 0x00000000c4200000, 0x00000000c4300000|  0%| F|  |TAMS 0x00000000c4200000, 0x00000000c4200000| Untracked 
|  17|0x00000000c4300000, 0x00000000c4300000, 0x00000000c4400000|  0%| F|  |TAMS 0x00000000c4300000, 0x00000000c4300000| Untracked 
|  18|0x00000000c4400000, 0x00000000c4400000, 0x00000000c4500000|  0%| F|  |TAMS 0x00000000c4400000, 0x00000000c4400000| Untracked 
|  19|0x00000000c4500000, 0x00000000c4500000, 0x00000000c4600000|  0%| F|  |TAMS 0x00000000c4500000, 0x00000000c4500000| Untracked 
|  20|0x00000000c4600000, 0x00000000c4600000, 0x00000000c4700000|  0%| F|  |TAMS 0x00000000c4600000, 0x00000000c4600000| Untracked 
|  21|0x00000000c4700000, 0x00000000c4700000, 0x00000000c4800000|  0%| F|  |TAMS 0x00000000c4700000, 0x00000000c4700000| Untracked 
|  22|0x00000000c4800000, 0x00000000c4800000, 0x00000000c4900000|  0%| F|  |TAMS 0x00000000c4800000, 0x00000000c4800000| Untracked 
|  23|0x00000000c4900000, 0x00000000c4900000, 0x00000000c4a00000|  0%| F|  |TAMS 0x00000000c4900000, 0x00000000c4900000| Untracked 
|  24|0x00000000c4a00000, 0x00000000c4a00000, 0x00000000c4b00000|  0%| F|  |TAMS 0x00000000c4a00000, 0x00000000c4a00000| Untracked 
|  25|0x00000000c4b00000, 0x00000000c4b00000, 0x00000000c4c00000|  0%| F|  |TAMS 0x00000000c4b00000, 0x00000000c4b00000| Untracked 
|  26|0x00000000c4c00000, 0x00000000c4c00000, 0x00000000c4d00000|  0%| F|  |TAMS 0x00000000c4c00000, 0x00000000c4c00000| Untracked 
|  27|0x00000000c4d00000, 0x00000000c4d00000, 0x00000000c4e00000|  0%| F|  |TAMS 0x00000000c4d00000, 0x00000000c4d00000| Untracked 
|  28|0x00000000c4e00000, 0x00000000c4e00000, 0x00000000c4f00000|  0%| F|  |TAMS 0x00000000c4e00000, 0x00000000c4e00000| Untracked 
|  29|0x00000000c4f00000, 0x00000000c4f00000, 0x00000000c5000000|  0%| F|  |TAMS 0x00000000c4f00000, 0x00000000c4f00000| Untracked 
|  30|0x00000000c5000000, 0x00000000c5000000, 0x00000000c5100000|  0%| F|  |TAMS 0x00000000c5000000, 0x00000000c5000000| Untracked 
|  31|0x00000000c5100000, 0x00000000c5100000, 0x00000000c5200000|  0%| F|  |TAMS 0x00000000c5100000, 0x00000000c5100000| Untracked 
|  32|0x00000000c5200000, 0x00000000c5200000, 0x00000000c5300000|  0%| F|  |TAMS 0x00000000c5200000, 0x00000000c5200000| Untracked 
|  33|0x00000000c5300000, 0x00000000c5300000, 0x00000000c5400000|  0%| F|  |TAMS 0x00000000c5300000, 0x00000000c5300000| Untracked 
|  34|0x00000000c5400000, 0x00000000c5400000, 0x00000000c5500000|  0%| F|  |TAMS 0x00000000c5400000, 0x00000000c5400000| Untracked 
|  35|0x00000000c5500000, 0x00000000c5500000, 0x00000000c5600000|  0%| F|  |TAMS 0x00000000c5500000, 0x00000000c5500000| Untracked 
|  36|0x00000000c5600000, 0x00000000c5600000, 0x00000000c5700000|  0%| F|  |TAMS 0x00000000c5600000, 0x00000000c5600000| Untracked 
|  37|0x00000000c5700000, 0x00000000c5700000, 0x00000000c5800000|  0%| F|  |TAMS 0x00000000c5700000, 0x00000000c5700000| Untracked 
|  38|0x00000000c5800000, 0x00000000c5800000, 0x00000000c5900000|  0%| F|  |TAMS 0x00000000c5800000, 0x00000000c5800000| Untracked 
|  39|0x00000000c5900000, 0x00000000c5900000, 0x00000000c5a00000|  0%| F|  |TAMS 0x00000000c5900000, 0x00000000c5900000| Untracked 
|  40|0x00000000c5a00000, 0x00000000c5a00000, 0x00000000c5b00000|  0%| F|  |TAMS 0x00000000c5a00000, 0x00000000c5a00000| Untracked 
|  41|0x00000000c5b00000, 0x00000000c5b00000, 0x00000000c5c00000|  0%| F|  |TAMS 0x00000000c5b00000, 0x00000000c5b00000| Untracked 
|  42|0x00000000c5c00000, 0x00000000c5c00000, 0x00000000c5d00000|  0%| F|  |TAMS 0x00000000c5c00000, 0x00000000c5c00000| Untracked 
|  43|0x00000000c5d00000, 0x00000000c5d00000, 0x00000000c5e00000|  0%| F|  |TAMS 0x00000000c5d00000, 0x00000000c5d00000| Untracked 
|  44|0x00000000c5e00000, 0x00000000c5e00000, 0x00000000c5f00000|  0%| F|  |TAMS 0x00000000c5e00000, 0x00000000c5e00000| Untracked 
|  45|0x00000000c5f00000, 0x00000000c5f00000, 0x00000000c6000000|  0%| F|  |TAMS 0x00000000c5f00000, 0x00000000c5f00000| Untracked 
|  46|0x00000000c6000000, 0x00000000c6000000, 0x00000000c6100000|  0%| F|  |TAMS 0x00000000c6000000, 0x00000000c6000000| Untracked 
|  47|0x00000000c6100000, 0x00000000c6100000, 0x00000000c6200000|  0%| F|  |TAMS 0x00000000c6100000, 0x00000000c6100000| Untracked 
|  48|0x00000000c6200000, 0x00000000c6200000, 0x00000000c6300000|  0%| F|  |TAMS 0x00000000c6200000, 0x00000000c6200000| Untracked 
|  49|0x00000000c6300000, 0x00000000c6300000, 0x00000000c6400000|  0%| F|  |TAMS 0x00000000c6300000, 0x00000000c6300000| Untracked 
|  50|0x00000000c6400000, 0x00000000c6400000, 0x00000000c6500000|  0%| F|  |TAMS 0x00000000c6400000, 0x00000000c6400000| Untracked 
|  51|0x00000000c6500000, 0x00000000c6500000, 0x00000000c6600000|  0%| F|  |TAMS 0x00000000c6500000, 0x00000000c6500000| Untracked 
|  52|0x00000000c6600000, 0x00000000c6600000, 0x00000000c6700000|  0%| F|  |TAMS 0x00000000c6600000, 0x00000000c6600000| Untracked 
|  53|0x00000000c6700000, 0x00000000c6700000, 0x00000000c6800000|  0%| F|  |TAMS 0x00000000c6700000, 0x00000000c6700000| Untracked 
|  54|0x00000000c6800000, 0x00000000c6900000, 0x00000000c6900000|100%| S|CS|TAMS 0x00000000c6800000, 0x00000000c6800000| Complete 
|  55|0x00000000c6900000, 0x00000000c6900000, 0x00000000c6a00000|  0%| F|  |TAMS 0x00000000c6900000, 0x00000000c6900000| Untracked 
|  56|0x00000000c6a00000, 0x00000000c6a00000, 0x00000000c6b00000|  0%| F|  |TAMS 0x00000000c6a00000, 0x00000000c6a00000| Untracked 
|  57|0x00000000c6b00000, 0x00000000c6b81010, 0x00000000c6c00000| 50%| E|  |TAMS 0x00000000c6b00000, 0x00000000c6b00000| Complete 
|  58|0x00000000c6c00000, 0x00000000c6d00000, 0x00000000c6d00000|100%| E|CS|TAMS 0x00000000c6c00000, 0x00000000c6c00000| Complete 
|  59|0x00000000c6d00000, 0x00000000c6e00000, 0x00000000c6e00000|100%| E|CS|TAMS 0x00000000c6d00000, 0x00000000c6d00000| Complete 
|  60|0x00000000c6e00000, 0x00000000c6f00000, 0x00000000c6f00000|100%| E|CS|TAMS 0x00000000c6e00000, 0x00000000c6e00000| Complete 
|  61|0x00000000c6f00000, 0x00000000c7000000, 0x00000000c7000000|100%| E|CS|TAMS 0x00000000c6f00000, 0x00000000c6f00000| Complete 
| 972|0x00000000ffe00000, 0x00000000ffe47000, 0x00000000fff00000| 27%|OA|  |TAMS 0x00000000ffe00000, 0x00000000ffe00000| Untracked 
| 973|0x00000000fff00000, 0x00000000fff6b000, 0x0000000100000000| 41%|CA|  |TAMS 0x00000000fff00000, 0x00000000fff00000| Untracked 

Card table byte_map: [0x00007f7f31d82000,0x00007f7f31f69000] _byte_map_base: 0x00007f7f31769000

Marking Bits (Prev, Next): (CMBitMap*) 0x00007f7f2c044c38, (CMBitMap*) 0x00007f7f2c044c70
 Prev Bits: [0x00007f7f30c63000, 0x00007f7f31b9b000)
 Next Bits: [0x00007f7f0f0c8000, 0x00007f7f10000000)

Polling page: 0x00007f7f3266a000

Metaspace:

Usage:
  Non-class:      5.79 MB capacity,     3.58 MB ( 62%) used,     2.20 MB ( 38%) free+waste,     7.62 KB ( <1%) overhead. 
      Class:    701.00 KB capacity,   459.53 KB ( 66%) used,   237.34 KB ( 34%) free+waste,     4.12 KB ( <1%) overhead. 
       Both:      6.48 MB capacity,     4.03 MB ( 62%) used,     2.44 MB ( 38%) free+waste,    11.75 KB ( <1%) overhead. 

Virtual space:
  Non-class space:        8.00 MB reserved,       6.00 MB ( 75%) committed 
      Class space:        1.00 GB reserved,     768.00 KB ( <1%) committed 
             Both:        1.01 GB reserved,       6.75 MB ( <1%) committed 

Chunk freelists:
   Non-Class:  0 bytes
       Class:  3.00 KB
        Both:  3.00 KB

MaxMetaspaceSize: unlimited
CompressedClassSpaceSize: 1.00 GB
Initial GC threshold: 20.80 MB
Current GC threshold: 20.80 MB
CDS: on

CodeHeap 'non-profiled nmethods': size=120036Kb used=244Kb max_used=244Kb free=119791Kb
 bounds [0x00007f7f1c2bc000, 0x00007f7f1c52c000, 0x00007f7f237f5000]
CodeHeap 'profiled nmethods': size=120032Kb used=1504Kb max_used=1504Kb free=118527Kb
 bounds [0x00007f7f14d84000, 0x00007f7f14ff4000, 0x00007f7f1c2bc000]
CodeHeap 'non-nmethods': size=5692Kb used=1150Kb max_used=1162Kb free=4542Kb
 bounds [0x00007f7f147f5000, 0x00007f7f14a65000, 0x00007f7f14d84000]
 total_blobs=1256 nmethods=846 adapters=324
 compilation: enabled
              stopped_count=0, restarted_count=0
 full_count=0

Compilation events (20 events):
Event: 0.644 Thread 0x00007f7f2c12d800 nmethod 831 0x00007f7f14ef2710 code [0x00007f7f14ef2980, 0x00007f7f14ef3480]
Event: 0.645 Thread 0x00007f7f2c12d800  833       3       jdk.internal.org.objectweb.asm.Type::getType (269 bytes)
Event: 0.645 Thread 0x00007f7f2c12d800 nmethod 833 0x00007f7f14ef3a10 code [0x00007f7f14ef3c60, 0x00007f7f14ef4890]
Event: 0.646 Thread 0x00007f7f2c12d800  836       3       java.lang.invoke.InvokerBytecodeGenerator::emitImplicitConversion (159 bytes)
Event: 0.647 Thread 0x00007f7f2c12b800 nmethod 822 0x00007f7f1c2f8110 code [0x00007f7f1c2f82c0, 0x00007f7f1c2f86d8]
Event: 0.647 Thread 0x00007f7f2c12b800  825       4       java.lang.invoke.MethodType::parameterType (7 bytes)
Event: 0.647 Thread 0x00007f7f2c12d800 nmethod 836 0x00007f7f14ef4b90 code [0x00007f7f14ef4ee0, 0x00007f7f14ef5f90]
Event: 0.647 Thread 0x00007f7f2c12d800  834       3       jdk.internal.org.objectweb.asm.ByteVector::putByteArray (49 bytes)
Event: 0.647 Thread 0x00007f7f2c12d800 nmethod 834 0x00007f7f14ef6510 code [0x00007f7f14ef66e0, 0x00007f7f14ef69b0]
Event: 0.648 Thread 0x00007f7f2c12b800 nmethod 825 0x00007f7f1c2f8e90 code [0x00007f7f1c2f9020, 0x00007f7f1c2f90b8]
Event: 0.648 Thread 0x00007f7f2c12d800  838       3       java.lang.invoke.InvokerBytecodeGenerator::emitPushArgument (120 bytes)
Event: 0.648 Thread 0x00007f7f2c12d800 nmethod 838 0x00007f7f14ef6a90 code [0x00007f7f14ef6d60, 0x00007f7f14ef7ba0]
Event: 0.648 Thread 0x00007f7f2c12d800  839       3       java.lang.invoke.InvokerBytecodeGenerator::emitLoadInsn (21 bytes)
Event: 0.648 Thread 0x00007f7f2c12d800 nmethod 839 0x00007f7f14ef8010 code [0x00007f7f14ef81e0, 0x00007f7f14ef8430]
Event: 0.648 Thread 0x00007f7f2c12d800  840       3       java.lang.invoke.InvokerBytecodeGenerator::loadInsnOpcode (86 bytes)
Event: 0.649 Thread 0x00007f7f2c12d800 nmethod 840 0x00007f7f14ef8590 code [0x00007f7f14ef8820, 0x00007f7f14ef93b0]
Event: 0.649 Thread 0x00007f7f2c12d800  841       3       jdk.internal.org.objectweb.asm.Frame::pop (43 bytes)
Event: 0.649 Thread 0x00007f7f2c12d800 nmethod 841 0x00007f7f14ef9790 code [0x00007f7f14ef9940, 0x00007f7f14ef9af0]
Event: 0.649 Thread 0x00007f7f2c12d800  842       3       java.lang.invoke.LambdaForm$BasicType::basicType (172 bytes)
Event: 0.649 Thread 0x00007f7f2c12d800 nmethod 842 0x00007f7f14ef9c10 code [0x00007f7f14ef9ea0, 0x00007f7f14efab00]

GC Heap History (2 events):
Event: 0.501 GC heap before
{Heap before GC invocations=0 (full 0):
 garbage-first heap   total 65536K, used 6856K [0x00000000c3200000, 0x0000000100000000)
  region size 1024K, 7 young (7168K), 0 survivors (0K)
 Metaspace       used 3507K, capacity 6325K, committed 6528K, reserved 1056768K
  class space    used 349K, capacity 618K, committed 640K, reserved 1048576K
}
Event: 0.507 GC heap after
{Heap after GC invocations=1 (full 0):
 garbage-first heap   total 65536K, used 2249K [0x00000000c3200000, 0x0000000100000000)
  region size 1024K, 1 young (1024K), 1 survivors (1024K)
 Metaspace       used 3507K, capacity 6325K, committed 6528K, reserved 1056768K
  class space    used 349K, capacity 618K, committed 640K, reserved 1048576K
}

Deoptimization events (20 events):
Event: 0.456 Thread 0x00007f7f2c017000 Uncommon trap: trap_request=0xffffffbe fr.pc=0x00007f7f1c2d8308 relative=0x00000000000003c8
Event: 0.456 Thread 0x00007f7f2c017000 Uncommon trap: reason=profile_predicate action=maybe_recompile pc=0x00007f7f1c2d8308 method=java.lang.StringLatin1.indexOf([BI[BII)I @ 18 c2
Event: 0.456 Thread 0x00007f7f2c017000 DEOPT PACKING pc=0x00007f7f1c2d8308 sp=0x00007f7f327ab320
Event: 0.456 Thread 0x00007f7f2c017000 DEOPT UNPACKING pc=0x00007f7f1483eea5 sp=0x00007f7f327ab2a0 mode 2
Event: 0.456 Thread 0x00007f7f2c017000 Uncommon trap: trap_request=0xffffffbe fr.pc=0x00007f7f1c2d8308 relative=0x00000000000003c8
Event: 0.456 Thread 0x00007f7f2c017000 Uncommon trap: reason=profile_predicate action=maybe_recompile pc=0x00007f7f1c2d8308 method=java.lang.StringLatin1.indexOf([BI[BII)I @ 18 c2
Event: 0.456 Thread 0x00007f7f2c017000 DEOPT PACKING pc=0x00007f7f1c2d8308 sp=0x00007f7f327ab320
Event: 0.456 Thread 0x00007f7f2c017000 DEOPT UNPACKING pc=0x00007f7f1483eea5 sp=0x00007f7f327ab2a0 mode 2
Event: 0.456 Thread 0x00007f7f2c017000 Uncommon trap: trap_request=0xffffffbe fr.pc=0x00007f7f1c2d8308 relative=0x00000000000003c8
Event: 0.456 Thread 0x00007f7f2c017000 Uncommon trap: reason=profile_predicate action=maybe_recompile pc=0x00007f7f1c2d8308 method=java.lang.StringLatin1.indexOf([BI[BII)I @ 18 c2
Event: 0.456 Thread 0x00007f7f2c017000 DEOPT PACKING pc=0x00007f7f1c2d8308 sp=0x00007f7f327ab320
Event: 0.456 Thread 0x00007f7f2c017000 DEOPT UNPACKING pc=0x00007f7f1483eea5 sp=0x00007f7f327ab2a0 mode 2
Event: 0.554 Thread 0x00007f7f2c017000 DEOPT PACKING pc=0x00007f7f14e3b1c2 sp=0x00007f7f327ab6a0
Event: 0.554 Thread 0x00007f7f2c017000 DEOPT UNPACKING pc=0x00007f7f1483f64a sp=0x00007f7f327aab28 mode 0
Event: 0.555 Thread 0x00007f7f2c017000 DEOPT PACKING pc=0x00007f7f14dbe84f sp=0x00007f7f327ab660
Event: 0.555 Thread 0x00007f7f2c017000 DEOPT UNPACKING pc=0x00007f7f1483f64a sp=0x00007f7f327aab20 mode 0
Event: 0.556 Thread 0x00007f7f2c017000 DEOPT PACKING pc=0x00007f7f14dbe84f sp=0x00007f7f327ab660
Event: 0.556 Thread 0x00007f7f2c017000 DEOPT UNPACKING pc=0x00007f7f1483f64a sp=0x00007f7f327aab20 mode 0
Event: 0.557 Thread 0x00007f7f2c017000 DEOPT PACKING pc=0x00007f7f14dbe84f sp=0x00007f7f327ab760
Event: 0.557 Thread 0x00007f7f2c017000 DEOPT UNPACKING pc=0x00007f7f1483f64a sp=0x00007f7f327aac20 mode 0

Classes redefined (0 events):
No events

Internal exceptions (20 events):
Event: 0.211 Thread 0x00007f7f2c017000 Exception <a 'java/security/PrivilegedActionException'{0x00000000c6ee2ec0}> (0x00000000c6ee2ec0) thrown at [src/hotspot/share/prims/jvm.cpp, line 1304]
Event: 0.211 Thread 0x00007f7f2c017000 Exception <a 'java/security/PrivilegedActionException'{0x00000000c6ee3190}> (0x00000000c6ee3190) thrown at [src/hotspot/share/prims/jvm.cpp, line 1304]
Event: 0.211 Thread 0x00007f7f2c017000 Exception <a 'java/security/PrivilegedActionException'{0x00000000c6ee3b18}> (0x00000000c6ee3b18) thrown at [src/hotspot/share/prims/jvm.cpp, line 1304]
Event: 0.211 Thread 0x00007f7f2c017000 Exception <a 'java/security/PrivilegedActionException'{0x00000000c6ee3de8}> (0x00000000c6ee3de8) thrown at [src/hotspot/share/prims/jvm.cpp, line 1304]
Event: 0.211 Thread 0x00007f7f2c017000 Exception <a 'java/security/PrivilegedActionException'{0x00000000c6ee4770}> (0x00000000c6ee4770) thrown at [src/hotspot/share/prims/jvm.cpp, line 1304]
Event: 0.211 Thread 0x00007f7f2c017000 Exception <a 'java/security/PrivilegedActionException'{0x00000000c6ee4a40}> (0x00000000c6ee4a40) thrown at [src/hotspot/share/prims/jvm.cpp, line 1304]
Event: 0.211 Thread 0x00007f7f2c017000 Exception <a 'java/security/PrivilegedActionException'{0x00000000c6ee53c8}> (0x00000000c6ee53c8) thrown at [src/hotspot/share/prims/jvm.cpp, line 1304]
Event: 0.211 Thread 0x00007f7f2c017000 Exception <a 'java/security/PrivilegedActionException'{0x00000000c6ee5698}> (0x00000000c6ee5698) thrown at [src/hotspot/share/prims/jvm.cpp, line 1304]
Event: 0.211 Thread 0x00007f7f2c017000 Exception <a 'java/security/PrivilegedActionException'{0x00000000c6ee6008}> (0x00000000c6ee6008) thrown at [src/hotspot/share/prims/jvm.cpp, line 1304]
Event: 0.211 Thread 0x00007f7f2c017000 Exception <a 'java/security/PrivilegedActionException'{0x00000000c6ee62d8}> (0x00000000c6ee62d8) thrown at [src/hotspot/share/prims/jvm.cpp, line 1304]
Event: 0.212 Thread 0x00007f7f2c017000 Exception <a 'java/security/PrivilegedActionException'{0x00000000c6ee6c60}> (0x00000000c6ee6c60) thrown at [src/hotspot/share/prims/jvm.cpp, line 1304]
Event: 0.212 Thread 0x00007f7f2c017000 Exception <a 'java/security/PrivilegedActionException'{0x00000000c6ee6f30}> (0x00000000c6ee6f30) thrown at [src/hotspot/share/prims/jvm.cpp, line 1304]
Event: 0.443 Thread 0x00007f7f2c017000 Exception <a 'java/lang/NoSuchMethodError'{0x00000000c6ad7520}: 'int java.lang.invoke.DirectMethodHandle$Holder.invokeStaticInit(java.lang.Object, java.lang.Object, java.lang.Object, java.lang.Object)'> (0x00000000c6ad7520) thrown at [src/hotspot/share/interpreter/linkResolver.cpp, line 772]
Event: 0.445 Thread 0x00007f7f2c017000 Exception <a 'java/lang/IncompatibleClassChangeError'{0x00000000c6ae12a0}: Found class java.lang.Object, but interface was expected> (0x00000000c6ae12a0) thrown at [src/hotspot/share/interpreter/linkResolver.cpp, line 839]
Event: 0.446 Thread 0x00007f7f2c017000 Exception <a 'java/lang/NoSuchMethodError'{0x00000000c6ae4450}: 'void java.lang.invoke.DirectMethodHandle$Holder.invokeStaticInit(java.lang.Object, java.lang.Object)'> (0x00000000c6ae4450) thrown at [src/hotspot/share/interpreter/linkResolver.cpp, line 772]
Event: 0.447 Thread 0x00007f7f2c017000 Exception <a 'java/lang/NoSuchMethodError'{0x00000000c6ae98e0}: 'int java.lang.invoke.DirectMethodHandle$Holder.invokeStaticInit(java.lang.Object, java.lang.Object)'> (0x00000000c6ae98e0) thrown at [src/hotspot/share/interpreter/linkResolver.cpp, line 772]
Event: 0.636 Thread 0x00007f7f2c017000 Exception <a 'java/lang/NoSuchMethodError'{0x00000000c6b07d78}: 'java.lang.Object java.lang.invoke.DirectMethodHandle$Holder.invokeStatic(java.lang.Object, java.lang.Object, java.lang.Object, java.lang.Object, java.lang.Object, java.lang.Object, java.lang.Object, java.lang.Object, java.lang.Object, java.lang.Object, java.lang.Object, int)'> (0x00000000c6b07d78) thrown at [src/hotspot/share/interpreter/linkResolver.cpp, line 772]
Event: 0.638 Thread 0x00007f7f2c017000 Exception <a 'java/lang/NoSuchMethodError'{0x00000000c6b27148}: 'java.lang.Object java.lang.invoke.DirectMethodHandle$Holder.invokeStatic(java.lang.Object, java.lang.Object, java.lang.Object, java.lang.Object, java.lang.Object, java.lang.Object, java.lang.Object, java.lang.Object, java.lang.Object, java.lang.Object, java.lang.Object, int, int)'> (0x00000000c6b27148) thrown at [src/hotspot/share/interpreter/linkResolver.cpp, line 772]
Event: 0.646 Thread 0x00007f7f2c017000 Exception <a 'java/lang/NoSuchMethodError'{0x00000000c6b46500}: 'java.lang.Object java.lang.invoke.DirectMethodHandle$Holder.invokeStatic(java.lang.Object, java.lang.Object, java.lang.Object, java.lang.Object, java.lang.Object, java.lang.Object, java.lang.Object, java.lang.Object, java.lang.Object, java.lang.Object, java.lang.Object, int, int, java.lang.Object)'> (0x00000000c6b46500) thrown at [src/hotspot/share/interpreter/linkResolver.cpp, line 772]
Event: 0.649 Thread 0x00007f7f2c017000 Exception <a 'java/lang/NoSuchMethodError'{0x00000000c6b52758}: 'java.lang.Object java.lang.invoke.Invokers$Holder.linkToTargetMethod(java.lang.Object, int, java.lang.Object)'> (0x00000000c6b52758) thrown at [src/hotspot/share/interpreter/linkResolver.cpp, line 772]

Events (20 events):
Event: 0.616 loading class java/lang/invoke/BoundMethodHandle$Species_LL
Event: 0.616 loading class java/lang/invoke/BoundMethodHandle$Species_LL done
Event: 0.617 loading class java/lang/invoke/BoundMethodHandle$Species_LLL
Event: 0.617 loading class java/lang/invoke/BoundMethodHandle$Species_LLL done
Event: 0.619 loading class java/lang/invoke/BoundMethodHandle$Species_LLLL
Event: 0.619 loading class java/lang/invoke/BoundMethodHandle$Species_LLLL done
Event: 0.620 loading class java/lang/invoke/BoundMethodHandle$Species_LLLLL
Event: 0.620 loading class java/lang/invoke/BoundMethodHandle$Species_LLLLL done
Event: 0.624 loading class java/lang/invoke/BoundMethodHandle$Species_LLLLLL
Event: 0.624 loading class java/lang/invoke/BoundMethodHandle$Species_LLLLLL done
Event: 0.632 loading class java/lang/invoke/BoundMethodHandle$Species_LLLLLLL
Event: 0.632 loading class java/lang/invoke/BoundMethodHandle$Species_LLLLLLL done
Event: 0.633 loading class java/lang/invoke/BoundMethodHandle$Species_LLLLLLLL
Event: 0.633 loading class java/lang/invoke/BoundMethodHandle$Species_LLLLLLLL done
Event: 0.634 loading class java/lang/invoke/BoundMethodHandle$Species_LLLLLLLLI
Event: 0.634 loading class java/lang/invoke/BoundMethodHandle$Species_LLLLLLLLI done
Event: 0.637 loading class java/lang/invoke/BoundMethodHandle$Species_LLLLLLLLII
Event: 0.637 loading class java/lang/invoke/BoundMethodHandle$Species_LLLLLLLLII done
Event: 0.638 loading class java/lang/invoke/BoundMethodHandle$Species_LLLLLLLLIIL
Event: 0.638 loading class java/lang/invoke/BoundMethodHandle$Species_LLLLLLLLIIL done


Dynamic libraries:
c3200000-c7000000 rw-p 00000000 00:00 0 
c7000000-ffe00000 ---p 00000000 00:00 0 
ffe00000-ffe47000 rw-p 00b0a000 08:05 922150                             /usr/lib/jvm/java-11-openjdk-amd64/lib/server/classes.jsa
ffe47000-fff00000 rw-p 00000000 00:00 0 
fff00000-fff6b000 rw-p 00a9f000 08:05 922150                             /usr/lib/jvm/java-11-openjdk-amd64/lib/server/classes.jsa
fff6b000-100000000 rw-p 00000000 00:00 0 
800000000-800002000 rwxp 00001000 08:05 922150                           /usr/lib/jvm/java-11-openjdk-amd64/lib/server/classes.jsa
800002000-8003cc000 rw-p 00003000 08:05 922150                           /usr/lib/jvm/java-11-openjdk-amd64/lib/server/classes.jsa
8003cc000-800a9d000 r--p 003cd000 08:05 922150                           /usr/lib/jvm/java-11-openjdk-amd64/lib/server/classes.jsa
800a9d000-800a9e000 rw-p 00a9e000 08:05 922150                           /usr/lib/jvm/java-11-openjdk-amd64/lib/server/classes.jsa
840000000-8400c0000 rw-p 00000000 00:00 0 
8400c0000-880000000 ---p 00000000 00:00 0 
559e7419f000-559e741a0000 r--p 00000000 08:05 922046                     /usr/lib/jvm/java-11-openjdk-amd64/bin/java
559e741a0000-559e741a1000 r-xp 00001000 08:05 922046                     /usr/lib/jvm/java-11-openjdk-amd64/bin/java
559e741a1000-559e741a2000 r--p 00002000 08:05 922046                     /usr/lib/jvm/java-11-openjdk-amd64/bin/java
559e741a2000-559e741a3000 r--p 00002000 08:05 922046                     /usr/lib/jvm/java-11-openjdk-amd64/bin/java
559e741a3000-559e741a4000 rw-p 00003000 08:05 922046                     /usr/lib/jvm/java-11-openjdk-amd64/bin/java
559e742b5000-559e742f7000 rw-p 00000000 00:00 0                          [heap]
7f7ec952c000-7f7ec9e52000 r--p 00000000 08:05 1461981                    /home/qutx/.javacpp/cache/llvm-13.0.1-1.5.7-linux-x86_64.jar/org/bytedeco/llvm/linux-x86_64/libLLVM-13.so
7f7ec9e52000-7f7ecd815000 r-xp 00926000 08:05 1461981                    /home/qutx/.javacpp/cache/llvm-13.0.1-1.5.7-linux-x86_64.jar/org/bytedeco/llvm/linux-x86_64/libLLVM-13.so
7f7ecd815000-7f7ecfa6a000 r--p 042e9000 08:05 1461981                    /home/qutx/.javacpp/cache/llvm-13.0.1-1.5.7-linux-x86_64.jar/org/bytedeco/llvm/linux-x86_64/libLLVM-13.so
7f7ecfa6a000-7f7ecff7f000 r--p 0653d000 08:05 1461981                    /home/qutx/.javacpp/cache/llvm-13.0.1-1.5.7-linux-x86_64.jar/org/bytedeco/llvm/linux-x86_64/libLLVM-13.so
7f7ecff7f000-7f7ecff8a000 rw-p 06a52000 08:05 1461981                    /home/qutx/.javacpp/cache/llvm-13.0.1-1.5.7-linux-x86_64.jar/org/bytedeco/llvm/linux-x86_64/libLLVM-13.so
7f7ecff8a000-7f7ed0000000 rw-p 00000000 00:00 0 
7f7ed0000000-7f7ed0021000 rw-p 00000000 00:00 0 
7f7ed0021000-7f7ed4000000 ---p 00000000 00:00 0 
7f7ed8000000-7f7ed8464000 rw-p 00000000 00:00 0 
7f7ed8464000-7f7edc000000 ---p 00000000 00:00 0 
7f7edc000000-7f7edc021000 rw-p 00000000 00:00 0 
7f7edc021000-7f7ee0000000 ---p 00000000 00:00 0 
7f7ee0000000-7f7ee0021000 rw-p 00000000 00:00 0 
7f7ee0021000-7f7ee4000000 ---p 00000000 00:00 0 
7f7ee4000000-7f7ee4314000 rw-p 00000000 00:00 0 
7f7ee4314000-7f7ee8000000 ---p 00000000 00:00 0 
7f7ee8000000-7f7ee8021000 rw-p 00000000 00:00 0 
7f7ee8021000-7f7eec000000 ---p 00000000 00:00 0 
7f7eef222000-7f7ef0000000 r--p 00000000 08:05 922866                     /usr/lib/locale/locale-archive
7f7ef0000000-7f7ef0021000 rw-p 00000000 00:00 0 
7f7ef0021000-7f7ef4000000 ---p 00000000 00:00 0 
7f7ef4000000-7f7ef4021000 rw-p 00000000 00:00 0 
7f7ef4021000-7f7ef8000000 ---p 00000000 00:00 0 
7f7ef8000000-7f7ef8021000 rw-p 00000000 00:00 0 
7f7ef8021000-7f7efc000000 ---p 00000000 00:00 0 
7f7efc000000-7f7efc021000 rw-p 00000000 00:00 0 
7f7efc021000-7f7f00000000 ---p 00000000 00:00 0 
7f7f00000000-7f7f00021000 rw-p 00000000 00:00 0 
7f7f00021000-7f7f04000000 ---p 00000000 00:00 0 
7f7f04000000-7f7f04021000 rw-p 00000000 00:00 0 
7f7f04021000-7f7f08000000 ---p 00000000 00:00 0 
7f7f08000000-7f7f08021000 rw-p 00000000 00:00 0 
7f7f08021000-7f7f0c000000 ---p 00000000 00:00 0 
7f7f0c6c1000-7f7f0c726000 r--p 00000000 08:05 1461986                    /home/qutx/.javacpp/cache/llvm-13.0.1-1.5.7-linux-x86_64.jar/org/bytedeco/llvm/linux-x86_64/libjniLLVM.so
7f7f0c726000-7f7f0c794000 r-xp 00065000 08:05 1461986                    /home/qutx/.javacpp/cache/llvm-13.0.1-1.5.7-linux-x86_64.jar/org/bytedeco/llvm/linux-x86_64/libjniLLVM.so
7f7f0c794000-7f7f0c7bf000 r--p 000d3000 08:05 1461986                    /home/qutx/.javacpp/cache/llvm-13.0.1-1.5.7-linux-x86_64.jar/org/bytedeco/llvm/linux-x86_64/libjniLLVM.so
7f7f0c7bf000-7f7f0c7c2000 r--p 000fd000 08:05 1461986                    /home/qutx/.javacpp/cache/llvm-13.0.1-1.5.7-linux-x86_64.jar/org/bytedeco/llvm/linux-x86_64/libjniLLVM.so
7f7f0c7c2000-7f7f0c7c5000 rw-p 00100000 08:05 1461986                    /home/qutx/.javacpp/cache/llvm-13.0.1-1.5.7-linux-x86_64.jar/org/bytedeco/llvm/linux-x86_64/libjniLLVM.so
7f7f0c7c5000-7f7f0c7c7000 rw-p 00000000 00:00 0 
7f7f0c7c7000-7f7f0c7cb000 ---p 00000000 00:00 0 
7f7f0c7cb000-7f7f0cec8000 rw-p 00000000 00:00 0 
7f7f0cec8000-7f7f0d0c8000 ---p 00000000 00:00 0 
7f7f0d0c8000-7f7f0f1c0000 rw-p 00000000 00:00 0 
7f7f0f1c0000-7f7f0fff8000 ---p 00000000 00:00 0 
7f7f0fff8000-7f7f10000000 rw-p 00000000 00:00 0 
7f7f10000000-7f7f10021000 rw-p 00000000 00:00 0 
7f7f10021000-7f7f14000000 ---p 00000000 00:00 0 
7f7f140e0000-7f7f140e7000 r--s 00000000 08:05 1447316                    /usr/lib/x86_64-linux-gnu/gconv/gconv-modules.cache
7f7f140e7000-7f7f140e8000 r--p 00000000 08:05 1461984                    /home/qutx/.javacpp/cache/llvm-13.0.1-1.5.7-linux-x86_64.jar/org/bytedeco/llvm/linux-x86_64/libRemarks.so.13
7f7f140e8000-7f7f140e9000 r-xp 00001000 08:05 1461984                    /home/qutx/.javacpp/cache/llvm-13.0.1-1.5.7-linux-x86_64.jar/org/bytedeco/llvm/linux-x86_64/libRemarks.so.13
7f7f140e9000-7f7f140ea000 r--p 00002000 08:05 1461984                    /home/qutx/.javacpp/cache/llvm-13.0.1-1.5.7-linux-x86_64.jar/org/bytedeco/llvm/linux-x86_64/libRemarks.so.13
7f7f140ea000-7f7f140eb000 r--p 00002000 08:05 1461984                    /home/qutx/.javacpp/cache/llvm-13.0.1-1.5.7-linux-x86_64.jar/org/bytedeco/llvm/linux-x86_64/libRemarks.so.13
7f7f140eb000-7f7f140ec000 rw-p 00003000 08:05 1461984                    /home/qutx/.javacpp/cache/llvm-13.0.1-1.5.7-linux-x86_64.jar/org/bytedeco/llvm/linux-x86_64/libRemarks.so.13
7f7f140ec000-7f7f140ed000 ---p 00000000 00:00 0 
7f7f140ed000-7f7f141ee000 rw-p 00000000 00:00 0 
7f7f141ee000-7f7f141ef000 ---p 00000000 00:00 0 
7f7f141ef000-7f7f142f0000 rw-p 00000000 00:00 0 
7f7f142f0000-7f7f142f4000 ---p 00000000 00:00 0 
7f7f142f4000-7f7f143f1000 rw-p 00000000 00:00 0 
7f7f143f1000-7f7f143f5000 ---p 00000000 00:00 0 
7f7f143f5000-7f7f144f2000 rw-p 00000000 00:00 0 
7f7f144f2000-7f7f144f6000 ---p 00000000 00:00 0 
7f7f144f6000-7f7f145f3000 rw-p 00000000 00:00 0 
7f7f145f3000-7f7f145f7000 ---p 00000000 00:00 0 
7f7f145f7000-7f7f146f4000 rw-p 00000000 00:00 0 
7f7f146f4000-7f7f146f8000 ---p 00000000 00:00 0 
7f7f146f8000-7f7f147f5000 rw-p 00000000 00:00 0 
7f7f147f5000-7f7f14a65000 rwxp 00000000 00:00 0 
7f7f14a65000-7f7f14d84000 ---p 00000000 00:00 0 
7f7f14d84000-7f7f14ff4000 rwxp 00000000 00:00 0 
7f7f14ff4000-7f7f1c2bc000 ---p 00000000 00:00 0 
7f7f1c2bc000-7f7f1c52c000 rwxp 00000000 00:00 0 
7f7f1c52c000-7f7f237f5000 ---p 00000000 00:00 0 
7f7f237f5000-7f7f2c000000 r--s 00000000 08:05 922125                     /usr/lib/jvm/java-11-openjdk-amd64/lib/modules
7f7f2c000000-7f7f2c39f000 rw-p 00000000 00:00 0 
7f7f2c39f000-7f7f30000000 ---p 00000000 00:00 0 
7f7f30001000-7f7f30008000 r--p 00000000 08:05 1461982                    /home/qutx/.javacpp/cache/llvm-13.0.1-1.5.7-linux-x86_64.jar/org/bytedeco/llvm/linux-x86_64/libLTO.so.13
7f7f30008000-7f7f30010000 r-xp 00007000 08:05 1461982                    /home/qutx/.javacpp/cache/llvm-13.0.1-1.5.7-linux-x86_64.jar/org/bytedeco/llvm/linux-x86_64/libLTO.so.13
7f7f30010000-7f7f30012000 r--p 0000f000 08:05 1461982                    /home/qutx/.javacpp/cache/llvm-13.0.1-1.5.7-linux-x86_64.jar/org/bytedeco/llvm/linux-x86_64/libLTO.so.13
7f7f30012000-7f7f30013000 r--p 00010000 08:05 1461982                    /home/qutx/.javacpp/cache/llvm-13.0.1-1.5.7-linux-x86_64.jar/org/bytedeco/llvm/linux-x86_64/libLTO.so.13
7f7f30013000-7f7f30014000 rw-p 00011000 08:05 1461982                    /home/qutx/.javacpp/cache/llvm-13.0.1-1.5.7-linux-x86_64.jar/org/bytedeco/llvm/linux-x86_64/libLTO.so.13
7f7f30014000-7f7f30018000 r--p 00000000 08:05 1461975                    /home/qutx/.javacpp/cache/javacpp-1.5.7-linux-x86_64.jar/org/bytedeco/javacpp/linux-x86_64/libjnijavacpp.so
7f7f30018000-7f7f3001f000 r-xp 00004000 08:05 1461975                    /home/qutx/.javacpp/cache/javacpp-1.5.7-linux-x86_64.jar/org/bytedeco/javacpp/linux-x86_64/libjnijavacpp.so
7f7f3001f000-7f7f30023000 r--p 0000b000 08:05 1461975                    /home/qutx/.javacpp/cache/javacpp-1.5.7-linux-x86_64.jar/org/bytedeco/javacpp/linux-x86_64/libjnijavacpp.so
7f7f30023000-7f7f30024000 r--p 0000e000 08:05 1461975                    /home/qutx/.javacpp/cache/javacpp-1.5.7-linux-x86_64.jar/org/bytedeco/javacpp/linux-x86_64/libjnijavacpp.so
7f7f30024000-7f7f30025000 rw-p 0000f000 08:05 1461975                    /home/qutx/.javacpp/cache/javacpp-1.5.7-linux-x86_64.jar/org/bytedeco/javacpp/linux-x86_64/libjnijavacpp.so
7f7f30025000-7f7f30026000 r--p 00000000 08:05 922097                     /usr/lib/jvm/java-11-openjdk-amd64/lib/libextnet.so
7f7f30026000-7f7f30027000 r-xp 00001000 08:05 922097                     /usr/lib/jvm/java-11-openjdk-amd64/lib/libextnet.so
7f7f30027000-7f7f30028000 r--p 00002000 08:05 922097                     /usr/lib/jvm/java-11-openjdk-amd64/lib/libextnet.so
7f7f30028000-7f7f30029000 r--p 00002000 08:05 922097                     /usr/lib/jvm/java-11-openjdk-amd64/lib/libextnet.so
7f7f30029000-7f7f3002a000 rw-p 00003000 08:05 922097                     /usr/lib/jvm/java-11-openjdk-amd64/lib/libextnet.so
7f7f3002a000-7f7f3002e000 r--p 00000000 08:05 922115                     /usr/lib/jvm/java-11-openjdk-amd64/lib/libnet.so
7f7f3002e000-7f7f3003c000 r-xp 00004000 08:05 922115                     /usr/lib/jvm/java-11-openjdk-amd64/lib/libnet.so
7f7f3003c000-7f7f30040000 r--p 00012000 08:05 922115                     /usr/lib/jvm/java-11-openjdk-amd64/lib/libnet.so
7f7f30040000-7f7f30041000 r--p 00015000 08:05 922115                     /usr/lib/jvm/java-11-openjdk-amd64/lib/libnet.so
7f7f30041000-7f7f30042000 rw-p 00016000 08:05 922115                     /usr/lib/jvm/java-11-openjdk-amd64/lib/libnet.so
7f7f30042000-7f7f30049000 r--p 00000000 08:05 922116                     /usr/lib/jvm/java-11-openjdk-amd64/lib/libnio.so
7f7f30049000-7f7f30051000 r-xp 00007000 08:05 922116                     /usr/lib/jvm/java-11-openjdk-amd64/lib/libnio.so
7f7f30051000-7f7f30054000 r--p 0000f000 08:05 922116                     /usr/lib/jvm/java-11-openjdk-amd64/lib/libnio.so
7f7f30054000-7f7f30055000 r--p 00011000 08:05 922116                     /usr/lib/jvm/java-11-openjdk-amd64/lib/libnio.so
7f7f30055000-7f7f30056000 rw-p 00012000 08:05 922116                     /usr/lib/jvm/java-11-openjdk-amd64/lib/libnio.so
7f7f30056000-7f7f3005a000 ---p 00000000 00:00 0 
7f7f3005a000-7f7f30157000 rw-p 00000000 00:00 0 
7f7f30157000-7f7f3015b000 ---p 00000000 00:00 0 
7f7f3015b000-7f7f30258000 rw-p 00000000 00:00 0 
7f7f30258000-7f7f3025c000 ---p 00000000 00:00 0 
7f7f3025c000-7f7f30359000 rw-p 00000000 00:00 0 
7f7f30359000-7f7f3035d000 ---p 00000000 00:00 0 
7f7f3035d000-7f7f3045a000 rw-p 00000000 00:00 0 
7f7f3045a000-7f7f3045b000 ---p 00000000 00:00 0 
7f7f3045b000-7f7f30638000 rw-p 00000000 00:00 0 
7f7f30638000-7f7f30639000 ---p 00000000 00:00 0 
7f7f30639000-7f7f3073a000 rw-p 00000000 00:00 0 
7f7f3073a000-7f7f3073b000 ---p 00000000 00:00 0 
7f7f3073b000-7f7f30a3e000 rw-p 00000000 00:00 0 
7f7f30a3e000-7f7f30a3f000 ---p 00000000 00:00 0 
7f7f30a3f000-7f7f30b40000 rw-p 00000000 00:00 0 
7f7f30b40000-7f7f30b41000 ---p 00000000 00:00 0 
7f7f30b41000-7f7f30d5b000 rw-p 00000000 00:00 0 
7f7f30d5b000-7f7f31b93000 ---p 00000000 00:00 0 
7f7f31b93000-7f7f31bba000 rw-p 00000000 00:00 0 
7f7f31bba000-7f7f31d81000 ---p 00000000 00:00 0 
7f7f31d81000-7f7f31da1000 rw-p 00000000 00:00 0 
7f7f31da1000-7f7f31f68000 ---p 00000000 00:00 0 
7f7f31f68000-7f7f31f88000 rw-p 00000000 00:00 0 
7f7f31f88000-7f7f3214f000 ---p 00000000 00:00 0 
7f7f3214f000-7f7f32352000 rw-p 00000000 00:00 0 
7f7f32352000-7f7f32353000 ---p 00000000 00:00 0 
7f7f32353000-7f7f32459000 rw-p 00000000 00:00 0 
7f7f32459000-7f7f3253f000 ---p 00000000 00:00 0 
7f7f3253f000-7f7f32544000 rw-p 00000000 00:00 0 
7f7f32544000-7f7f3262a000 ---p 00000000 00:00 0 
7f7f3262a000-7f7f3262f000 rw-p 00000000 00:00 0 
7f7f3262f000-7f7f32636000 ---p 00000000 00:00 0 
7f7f32636000-7f7f32639000 r--p 00000000 08:05 924341                     /usr/lib/x86_64-linux-gnu/libnss_files-2.31.so
7f7f32639000-7f7f32640000 r-xp 00003000 08:05 924341                     /usr/lib/x86_64-linux-gnu/libnss_files-2.31.so
7f7f32640000-7f7f32642000 r--p 0000a000 08:05 924341                     /usr/lib/x86_64-linux-gnu/libnss_files-2.31.so
7f7f32642000-7f7f32643000 r--p 0000b000 08:05 924341                     /usr/lib/x86_64-linux-gnu/libnss_files-2.31.so
7f7f32643000-7f7f32644000 rw-p 0000c000 08:05 924341                     /usr/lib/x86_64-linux-gnu/libnss_files-2.31.so
7f7f32644000-7f7f3264a000 rw-p 00000000 00:00 0 
7f7f3264a000-7f7f3264c000 r--p 00000000 08:05 922124                     /usr/lib/jvm/java-11-openjdk-amd64/lib/libzip.so
7f7f3264c000-7f7f32651000 r-xp 00002000 08:05 922124                     /usr/lib/jvm/java-11-openjdk-amd64/lib/libzip.so
7f7f32651000-7f7f32653000 r--p 00007000 08:05 922124                     /usr/lib/jvm/java-11-openjdk-amd64/lib/libzip.so
7f7f32653000-7f7f32654000 r--p 00008000 08:05 922124                     /usr/lib/jvm/java-11-openjdk-amd64/lib/libzip.so
7f7f32654000-7f7f32655000 rw-p 00009000 08:05 922124                     /usr/lib/jvm/java-11-openjdk-amd64/lib/libzip.so
7f7f32655000-7f7f3265d000 rw-s 00000000 08:05 2361554                    /tmp/hsperfdata_qutx/23246
7f7f3265d000-7f7f3265f000 r--p 00000000 08:05 922099                     /usr/lib/jvm/java-11-openjdk-amd64/lib/libinstrument.so
7f7f3265f000-7f7f32665000 r-xp 00002000 08:05 922099                     /usr/lib/jvm/java-11-openjdk-amd64/lib/libinstrument.so
7f7f32665000-7f7f32668000 r--p 00008000 08:05 922099                     /usr/lib/jvm/java-11-openjdk-amd64/lib/libinstrument.so
7f7f32668000-7f7f32669000 r--p 0000a000 08:05 922099                     /usr/lib/jvm/java-11-openjdk-amd64/lib/libinstrument.so
7f7f32669000-7f7f3266a000 rw-p 0000b000 08:05 922099                     /usr/lib/jvm/java-11-openjdk-amd64/lib/libinstrument.so
7f7f3266a000-7f7f3266b000 ---p 00000000 00:00 0 
7f7f3266b000-7f7f3266c000 r--p 00000000 00:00 0 
7f7f3266c000-7f7f3266e000 r--p 00000000 08:05 922107                     /usr/lib/jvm/java-11-openjdk-amd64/lib/libjimage.so
7f7f3266e000-7f7f32671000 r-xp 00002000 08:05 922107                     /usr/lib/jvm/java-11-openjdk-amd64/lib/libjimage.so
7f7f32671000-7f7f32672000 r--p 00005000 08:05 922107                     /usr/lib/jvm/java-11-openjdk-amd64/lib/libjimage.so
7f7f32672000-7f7f32673000 ---p 00006000 08:05 922107                     /usr/lib/jvm/java-11-openjdk-amd64/lib/libjimage.so
7f7f32673000-7f7f32674000 r--p 00006000 08:05 922107                     /usr/lib/jvm/java-11-openjdk-amd64/lib/libjimage.so
7f7f32674000-7f7f32675000 rw-p 00007000 08:05 922107                     /usr/lib/jvm/java-11-openjdk-amd64/lib/libjimage.so
7f7f32675000-7f7f32683000 r--p 00000000 08:05 922104                     /usr/lib/jvm/java-11-openjdk-amd64/lib/libjava.so
7f7f32683000-7f7f32699000 r-xp 0000e000 08:05 922104                     /usr/lib/jvm/java-11-openjdk-amd64/lib/libjava.so
7f7f32699000-7f7f326a0000 r--p 00024000 08:05 922104                     /usr/lib/jvm/java-11-openjdk-amd64/lib/libjava.so
7f7f326a0000-7f7f326a1000 r--p 0002a000 08:05 922104                     /usr/lib/jvm/java-11-openjdk-amd64/lib/libjava.so
7f7f326a1000-7f7f326a2000 rw-p 0002b000 08:05 922104                     /usr/lib/jvm/java-11-openjdk-amd64/lib/libjava.so
7f7f326a2000-7f7f326a3000 rw-p 00000000 00:00 0 
7f7f326a3000-7f7f326a5000 r--p 00000000 08:05 924550                     /usr/lib/x86_64-linux-gnu/librt-2.31.so
7f7f326a5000-7f7f326a9000 r-xp 00002000 08:05 924550                     /usr/lib/x86_64-linux-gnu/librt-2.31.so
7f7f326a9000-7f7f326ab000 r--p 00006000 08:05 924550                     /usr/lib/x86_64-linux-gnu/librt-2.31.so
7f7f326ab000-7f7f326ac000 r--p 00007000 08:05 924550                     /usr/lib/x86_64-linux-gnu/librt-2.31.so
7f7f326ac000-7f7f326ad000 rw-p 00008000 08:05 924550                     /usr/lib/x86_64-linux-gnu/librt-2.31.so
7f7f326ad000-7f7f326b1000 ---p 00000000 00:00 0 
7f7f326b1000-7f7f327ae000 rw-p 00000000 00:00 0 
7f7f327ae000-7f7f327b1000 r--p 00000000 08:05 923854                     /usr/lib/x86_64-linux-gnu/libgcc_s.so.1
7f7f327b1000-7f7f327c3000 r-xp 00003000 08:05 923854                     /usr/lib/x86_64-linux-gnu/libgcc_s.so.1
7f7f327c3000-7f7f327c7000 r--p 00015000 08:05 923854                     /usr/lib/x86_64-linux-gnu/libgcc_s.so.1
7f7f327c7000-7f7f327c8000 r--p 00018000 08:05 923854                     /usr/lib/x86_64-linux-gnu/libgcc_s.so.1
7f7f327c8000-7f7f327c9000 rw-p 00019000 08:05 923854                     /usr/lib/x86_64-linux-gnu/libgcc_s.so.1
7f7f327c9000-7f7f327d6000 r--p 00000000 08:05 924215                     /usr/lib/x86_64-linux-gnu/libm-2.31.so
7f7f327d6000-7f7f3287d000 r-xp 0000d000 08:05 924215                     /usr/lib/x86_64-linux-gnu/libm-2.31.so
7f7f3287d000-7f7f32916000 r--p 000b4000 08:05 924215                     /usr/lib/x86_64-linux-gnu/libm-2.31.so
7f7f32916000-7f7f32917000 r--p 0014c000 08:05 924215                     /usr/lib/x86_64-linux-gnu/libm-2.31.so
7f7f32917000-7f7f32918000 rw-p 0014d000 08:05 924215                     /usr/lib/x86_64-linux-gnu/libm-2.31.so
7f7f32918000-7f7f329ae000 r--p 00000000 08:05 924659                     /usr/lib/x86_64-linux-gnu/libstdc++.so.6.0.28
7f7f329ae000-7f7f32a9f000 r-xp 00096000 08:05 924659                     /usr/lib/x86_64-linux-gnu/libstdc++.so.6.0.28
7f7f32a9f000-7f7f32ae8000 r--p 00187000 08:05 924659                     /usr/lib/x86_64-linux-gnu/libstdc++.so.6.0.28
7f7f32ae8000-7f7f32ae9000 ---p 001d0000 08:05 924659                     /usr/lib/x86_64-linux-gnu/libstdc++.so.6.0.28
7f7f32ae9000-7f7f32af4000 r--p 001d0000 08:05 924659                     /usr/lib/x86_64-linux-gnu/libstdc++.so.6.0.28
7f7f32af4000-7f7f32af7000 rw-p 001db000 08:05 924659                     /usr/lib/x86_64-linux-gnu/libstdc++.so.6.0.28
7f7f32af7000-7f7f32afa000 rw-p 00000000 00:00 0 
7f7f32afa000-7f7f32d7c000 r--p 00000000 08:05 922128                     /usr/lib/jvm/java-11-openjdk-amd64/lib/server/libjvm.so
7f7f32d7c000-7f7f33a0d000 r-xp 00282000 08:05 922128                     /usr/lib/jvm/java-11-openjdk-amd64/lib/server/libjvm.so
7f7f33a0d000-7f7f33c6c000 r--p 00f13000 08:05 922128                     /usr/lib/jvm/java-11-openjdk-amd64/lib/server/libjvm.so
7f7f33c6c000-7f7f33d30000 r--p 01171000 08:05 922128                     /usr/lib/jvm/java-11-openjdk-amd64/lib/server/libjvm.so
7f7f33d30000-7f7f33d6b000 rw-p 01235000 08:05 922128                     /usr/lib/jvm/java-11-openjdk-amd64/lib/server/libjvm.so
7f7f33d6b000-7f7f33dc4000 rw-p 00000000 00:00 0 
7f7f33dc4000-7f7f33dca000 r--p 00000000 08:05 924485                     /usr/lib/x86_64-linux-gnu/libpthread-2.31.so
7f7f33dca000-7f7f33ddb000 r-xp 00006000 08:05 924485                     /usr/lib/x86_64-linux-gnu/libpthread-2.31.so
7f7f33ddb000-7f7f33de1000 r--p 00017000 08:05 924485                     /usr/lib/x86_64-linux-gnu/libpthread-2.31.so
7f7f33de1000-7f7f33de2000 r--p 0001c000 08:05 924485                     /usr/lib/x86_64-linux-gnu/libpthread-2.31.so
7f7f33de2000-7f7f33de3000 rw-p 0001d000 08:05 924485                     /usr/lib/x86_64-linux-gnu/libpthread-2.31.so
7f7f33de3000-7f7f33de7000 rw-p 00000000 00:00 0 
7f7f33de7000-7f7f33de8000 r--p 00000000 08:05 923700                     /usr/lib/x86_64-linux-gnu/libdl-2.31.so
7f7f33de8000-7f7f33dea000 r-xp 00001000 08:05 923700                     /usr/lib/x86_64-linux-gnu/libdl-2.31.so
7f7f33dea000-7f7f33deb000 r--p 00003000 08:05 923700                     /usr/lib/x86_64-linux-gnu/libdl-2.31.so
7f7f33deb000-7f7f33dec000 r--p 00003000 08:05 923700                     /usr/lib/x86_64-linux-gnu/libdl-2.31.so
7f7f33dec000-7f7f33ded000 rw-p 00004000 08:05 923700                     /usr/lib/x86_64-linux-gnu/libdl-2.31.so
7f7f33ded000-7f7f33def000 r--p 00000000 08:05 923674                     /usr/lib/x86_64-linux-gnu/libz.so.1.2.11
7f7f33def000-7f7f33e00000 r-xp 00002000 08:05 923674                     /usr/lib/x86_64-linux-gnu/libz.so.1.2.11
7f7f33e00000-7f7f33e06000 r--p 00013000 08:05 923674                     /usr/lib/x86_64-linux-gnu/libz.so.1.2.11
7f7f33e06000-7f7f33e07000 ---p 00019000 08:05 923674                     /usr/lib/x86_64-linux-gnu/libz.so.1.2.11
7f7f33e07000-7f7f33e08000 r--p 00019000 08:05 923674                     /usr/lib/x86_64-linux-gnu/libz.so.1.2.11
7f7f33e08000-7f7f33e09000 rw-p 0001a000 08:05 923674                     /usr/lib/x86_64-linux-gnu/libz.so.1.2.11
7f7f33e09000-7f7f33e2b000 r--p 00000000 08:05 923557                     /usr/lib/x86_64-linux-gnu/libc-2.31.so
7f7f33e2b000-7f7f33fa3000 r-xp 00022000 08:05 923557                     /usr/lib/x86_64-linux-gnu/libc-2.31.so
7f7f33fa3000-7f7f33ff1000 r--p 0019a000 08:05 923557                     /usr/lib/x86_64-linux-gnu/libc-2.31.so
7f7f33ff1000-7f7f33ff5000 r--p 001e7000 08:05 923557                     /usr/lib/x86_64-linux-gnu/libc-2.31.so
7f7f33ff5000-7f7f33ff7000 rw-p 001eb000 08:05 923557                     /usr/lib/x86_64-linux-gnu/libc-2.31.so
7f7f33ff7000-7f7f33ffb000 rw-p 00000000 00:00 0 
7f7f33ffc000-7f7f34001000 r--p 00000000 08:05 922123                     /usr/lib/jvm/java-11-openjdk-amd64/lib/libverify.so
7f7f34001000-7f7f34008000 r-xp 00005000 08:05 922123                     /usr/lib/jvm/java-11-openjdk-amd64/lib/libverify.so
7f7f34008000-7f7f3400a000 r--p 0000c000 08:05 922123                     /usr/lib/jvm/java-11-openjdk-amd64/lib/libverify.so
7f7f3400a000-7f7f3400b000 ---p 0000e000 08:05 922123                     /usr/lib/jvm/java-11-openjdk-amd64/lib/libverify.so
7f7f3400b000-7f7f3400d000 r--p 0000e000 08:05 922123                     /usr/lib/jvm/java-11-openjdk-amd64/lib/libverify.so
7f7f3400d000-7f7f3400e000 rw-p 00010000 08:05 922123                     /usr/lib/jvm/java-11-openjdk-amd64/lib/libverify.so
7f7f3400e000-7f7f34011000 r--p 00000000 08:05 922089                     /usr/lib/jvm/java-11-openjdk-amd64/lib/jli/libjli.so
7f7f34011000-7f7f3401b000 r-xp 00003000 08:05 922089                     /usr/lib/jvm/java-11-openjdk-amd64/lib/jli/libjli.so
7f7f3401b000-7f7f3401e000 r--p 0000d000 08:05 922089                     /usr/lib/jvm/java-11-openjdk-amd64/lib/jli/libjli.so
7f7f3401e000-7f7f3401f000 ---p 00010000 08:05 922089                     /usr/lib/jvm/java-11-openjdk-amd64/lib/jli/libjli.so
7f7f3401f000-7f7f34020000 r--p 00010000 08:05 922089                     /usr/lib/jvm/java-11-openjdk-amd64/lib/jli/libjli.so
7f7f34020000-7f7f34021000 rw-p 00011000 08:05 922089                     /usr/lib/jvm/java-11-openjdk-amd64/lib/jli/libjli.so
7f7f34021000-7f7f34023000 rw-p 00000000 00:00 0 
7f7f34023000-7f7f34024000 r--p 00000000 08:05 923337                     /usr/lib/x86_64-linux-gnu/ld-2.31.so
7f7f34024000-7f7f34047000 r-xp 00001000 08:05 923337                     /usr/lib/x86_64-linux-gnu/ld-2.31.so
7f7f34047000-7f7f3404f000 r--p 00024000 08:05 923337                     /usr/lib/x86_64-linux-gnu/ld-2.31.so
7f7f34050000-7f7f34051000 r--p 0002c000 08:05 923337                     /usr/lib/x86_64-linux-gnu/ld-2.31.so
7f7f34051000-7f7f34052000 rw-p 0002d000 08:05 923337                     /usr/lib/x86_64-linux-gnu/ld-2.31.so
7f7f34052000-7f7f34053000 rw-p 00000000 00:00 0 
7fff39b5a000-7fff39b7b000 rw-p 00000000 00:00 0                          [stack]
7fff39bce000-7fff39bd2000 r--p 00000000 00:00 0                          [vvar]
7fff39bd2000-7fff39bd4000 r-xp 00000000 00:00 0                          [vdso]
ffffffffff600000-ffffffffff601000 --xp 00000000 00:00 0                  [vsyscall]


VM Arguments:
jvm_args: -javaagent:/opt/idea-IC-223.8617.56/lib/idea_rt.jar=36707:/opt/idea-IC-223.8617.56/bin -Dfile.encoding=UTF-8 
java_command: Main tests/test1.sysy
java_class_path (initial): /home/qutx/Desktop/study/compile/Lab/out/production/Lab:/usr/local/lib/antlr-4.9.1-complete.jar:/usr/local/lib/javacpp-1.5.7-linux-x86_64.jar:/usr/local/lib/javacpp-1.5.7.jar:/usr/local/lib/llvm-13.0.1-1.5.7-linux-x86_64.jar:/usr/local/lib/llvm-13.0.1-1.5.7.jar:/usr/local/lib/llvm-platform-13.0.1-1.5.7.jar:/home/qutx/Desktop/study/compile/Lab
Launcher Type: SUN_STANDARD

[Global flags]
     intx CICompilerCount                          = 2                                         {product} {ergonomic}
     uint ConcGCThreads                            = 1                                         {product} {ergonomic}
     uint G1ConcRefinementThreads                  = 2                                         {product} {ergonomic}
   size_t G1HeapRegionSize                         = 1048576                                   {product} {ergonomic}
    uintx GCDrainStackTargetSize                   = 64                                        {product} {ergonomic}
   size_t InitialHeapSize                          = 65011712                                  {product} {ergonomic}
   size_t MarkStackSize                            = 4194304                                   {product} {ergonomic}
   size_t MaxHeapSize                              = 1021313024                                {product} {ergonomic}
   size_t MaxNewSize                               = 612368384                                 {product} {ergonomic}
   size_t MinHeapDeltaBytes                        = 1048576                                   {product} {ergonomic}
    uintx NonNMethodCodeHeapSize                   = 5825164                                {pd product} {ergonomic}
    uintx NonProfiledCodeHeapSize                  = 122916538                              {pd product} {ergonomic}
    uintx ProfiledCodeHeapSize                     = 122916538                              {pd product} {ergonomic}
    uintx ReservedCodeCacheSize                    = 251658240                              {pd product} {ergonomic}
     bool SegmentedCodeCache                       = true                                      {product} {ergonomic}
     bool UseCompressedClassPointers               = true                                 {lp64_product} {ergonomic}
     bool UseCompressedOops                        = true                                 {lp64_product} {ergonomic}
     bool UseG1GC                                  = true                                      {product} {ergonomic}

Logging:
Log output configuration:
 #0: stdout all=warning uptime,level,tags
 #1: stderr all=off uptime,level,tags

Environment Variables:
JAVA_HOME=/opt/jdk-19.0.2
PATH=/opt/idea-IC-223.8617.56/bin:/opt/jdk-19.0.2/bin:/usr/local/sbin:/usr/local/bin:/usr/sbin:/usr/bin:/sbin:/bin:/usr/games:/usr/local/games:/snap/bin
USERNAME=qutx
SHELL=/bin/bash
DISPLAY=:0
LANG=en_US.UTF-8
LC_NUMERIC=zh_CN.UTF-8
LC_TIME=zh_CN.UTF-8
TERM=xterm-256color

Signal Handlers:
SIGSEGV: [libjvm.so+0xe9f840], sa_mask[0]=11111111011111111101111111111110, sa_flags=SA_RESTART|SA_SIGINFO
SIGBUS: [libjvm.so+0xe9f840], sa_mask[0]=11111111011111111101111111111110, sa_flags=SA_RESTART|SA_SIGINFO
SIGFPE: [libjvm.so+0xe9f840], sa_mask[0]=11111111011111111101111111111110, sa_flags=SA_RESTART|SA_SIGINFO
SIGPIPE: [libjvm.so+0xbe53b0], sa_mask[0]=11111111011111111101111111111110, sa_flags=SA_RESTART|SA_SIGINFO
SIGXFSZ: [libjvm.so+0xbe53b0], sa_mask[0]=11111111011111111101111111111110, sa_flags=SA_RESTART|SA_SIGINFO
SIGILL: [libjvm.so+0xe9f840], sa_mask[0]=11111111011111111101111111111110, sa_flags=SA_RESTART|SA_SIGINFO
SIGUSR2: [libjvm.so+0xbe5250], sa_mask[0]=00100000000000000000000000000000, sa_flags=SA_RESTART|SA_SIGINFO
SIGHUP: [libjvm.so+0xbe5900], sa_mask[0]=11111111011111111101111111111110, sa_flags=SA_RESTART|SA_SIGINFO
SIGINT: [libjvm.so+0xbe5900], sa_mask[0]=11111111011111111101111111111110, sa_flags=SA_RESTART|SA_SIGINFO
SIGTERM: [libjvm.so+0xbe5900], sa_mask[0]=11111111011111111101111111111110, sa_flags=SA_RESTART|SA_SIGINFO
SIGQUIT: [libjvm.so+0xbe5900], sa_mask[0]=11111111011111111101111111111110, sa_flags=SA_RESTART|SA_SIGINFO


---------------  S Y S T E M  ---------------

OS:DISTRIB_ID=Ubuntu
DISTRIB_RELEASE=20.04
DISTRIB_CODENAME=focal
DISTRIB_DESCRIPTION="Ubuntu 20.04.6 LTS"
uname:Linux 5.15.0-71-generic #78~20.04.1-Ubuntu SMP Wed Apr 19 11:26:48 UTC 2023 x86_64
OS uptime: 0 days 1:50 hours
libc:glibc 2.31 NPTL 2.31 
rlimit (soft/hard): STACK 8192k/infinity , CORE 0k/infinity , NPROC 15242/15242 , NOFILE 1048576/1048576 , AS infinity/infinity , CPU infinity/infinity , DATA infinity/infinity , FSIZE infinity/infinity , MEMLOCK 65536k/65536k
load average:0.42 0.58 0.80

/proc/meminfo:
MemTotal:        3983204 kB
MemFree:          241308 kB
MemAvailable:     484864 kB
Buffers:           10556 kB
Cached:           439912 kB
SwapCached:        48108 kB
Active:          1397508 kB
Inactive:        1716968 kB
Active(anon):    1120976 kB
Inactive(anon):  1588672 kB
Active(file):     276532 kB
Inactive(file):   128296 kB
Unevictable:           0 kB
Mlocked:               0 kB
SwapTotal:       2097148 kB
SwapFree:         965888 kB
Dirty:               536 kB
Writeback:             0 kB
AnonPages:       2637908 kB
Mapped:           288300 kB
Shmem:             45744 kB
KReclaimable:      86056 kB
Slab:             191240 kB
SReclaimable:      86056 kB
SUnreclaim:       105184 kB
KernelStack:       15900 kB
PageTables:        30768 kB
NFS_Unstable:          0 kB
Bounce:                0 kB
WritebackTmp:          0 kB
CommitLimit:     4088748 kB
Committed_AS:    7513884 kB
VmallocTotal:   34359738367 kB
VmallocUsed:       75520 kB
VmallocChunk:          0 kB
Percpu:           105984 kB
HardwareCorrupted:     0 kB
AnonHugePages:         0 kB
ShmemHugePages:        0 kB
ShmemPmdMapped:        0 kB
FileHugePages:         0 kB
FilePmdMapped:         0 kB
HugePages_Total:       0
HugePages_Free:        0
HugePages_Rsvd:        0
HugePages_Surp:        0
Hugepagesize:       2048 kB
Hugetlb:               0 kB
DirectMap4k:      333632 kB
DirectMap2M:     3860480 kB
DirectMap1G:     2097152 kB

/sys/kernel/mm/transparent_hugepage/enabled:
always [madvise] never
/sys/kernel/mm/transparent_hugepage/defrag (defrag/compaction efforts parameter):
always defer defer+madvise [madvise] never

Process Memory:
Virtual Size: 3680692K (peak: 12380444K)
Resident Set Size: 93252K (peak: 93252K) (anon: 37064K, file: 56188K, shmem: 0K)
Swapped out: 0K
C-Heap outstanding allocations: 15564K, retained: 2043K
glibc malloc tunables: (default)

/proc/sys/kernel/threads-max (system-wide limit on the number of threads):
30485
/proc/sys/vm/max_map_count (maximum number of memory map areas a process may have):
65530
/proc/sys/kernel/pid_max (system-wide limit on number of process identifiers):
4194304

container (cgroup) information:
container_type: cgroupv1
cpu_cpuset_cpus: 0-1
cpu_memory_nodes: 0
active_processor_count: 2
cpu_quota: no quota
cpu_period: 100000
cpu_shares: no shares
memory_limit_in_bytes: unlimited
memory_and_swap_limit_in_bytes: unlimited
memory_soft_limit_in_bytes: unlimited
memory_usage_in_bytes: 2925736 k
memory_max_usage_in_bytes: 3057368 k
kernel_memory_usage_in_bytes: 71588 k
kernel_memory_max_usage_in_bytes: unlimited
kernel_memory_limit_in_bytes: 122040 k
maximum number of tasks: unlimited
current number of tasks: 549

VMWare virtualization detected
Steal ticks since vm start: 0
Steal ticks percentage since vm start:  0.000

CPU:total 2 (initial active 2) (1 cores per cpu, 1 threads per core) family 6 model 165 stepping 2 microcode 0xffffffff, cmov, cx8, fxsr, mmx, sse, sse2, sse3, ssse3, sse4.1, sse4.2, popcnt, avx, avx2, aes, clmul, erms, 3dnowpref, lzcnt, tsc, tscinvbit, bmi1, bmi2, adx, fma
CPU Model and flags from /proc/cpuinfo:
model name	: Intel(R) Core(TM) i7-10750H CPU @ 2.60GHz
flags		: fpu vme de pse tsc msr pae mce cx8 apic sep mtrr pge mca cmov pat pse36 clflush mmx fxsr sse sse2 ss syscall nx pdpe1gb rdtscp lm constant_tsc arch_perfmon nopl xtopology tsc_reliable nonstop_tsc cpuid tsc_known_freq pni pclmulqdq ssse3 fma cx16 pcid sse4_1 sse4_2 x2apic movbe popcnt aes xsave avx f16c rdrand hypervisor lahf_lm abm 3dnowprefetch invpcid_single pti ssbd ibrs ibpb stibp fsgsbase tsc_adjust bmi1 avx2 smep bmi2 invpcid rdseed adx smap clflushopt xsaveopt xsavec xgetbv1 xsaves arat flush_l1d arch_capabilities
Online cpus:
0-1
Offline cpus:
2-127
BIOS frequency limitation:
<Not Available>
Frequency switch latency (ns):
<Not Available>
Available cpu frequencies:
<Not Available>
Current governor:
<Not Available>
Core performance/turbo boost:
<Not Available>

Memory: 4k page, physical 3983204k(241308k free), swap 2097148k(965888k free)

vm_info: OpenJDK 64-Bit Server VM (11.0.19+7-post-Ubuntu-0ubuntu120.04.1) for linux-amd64 JRE (11.0.19+7-post-Ubuntu-0ubuntu120.04.1), built on May 10 2023 00:55:26 by "unknown" with gcc 9.4.0

END.
