#
# A fatal error has been detected by the Java Runtime Environment:
#
#  SIGSEGV (0xb) at pc=0x00007f5f8a155928, pid=16994, tid=17000
#
# JRE version: OpenJDK Runtime Environment (11.0.18+10) (build 11.0.18+10-post-Ubuntu-0ubuntu120.04.1)
# Java VM: OpenJDK 64-Bit Server VM (11.0.18+10-post-Ubuntu-0ubuntu120.04.1, mixed mode, sharing, tiered, compressed oops, g1 gc, linux-amd64)
# Problematic frame:
# C  [libLLVM-13.so+0xc29928]  LLVMBuildSub+0x48
#
# Core dump will be written. Default location: Core dumps may be processed with "/usr/share/apport/apport -p%p -s%s -c%c -d%d -P%P -u%u -g%g -- %E" (or dumping to /home/qutx/Desktop/study/compile/Lab/core.16994)
#
# If you would like to submit a bug report, please visit:
#   https://bugs.launchpad.net/ubuntu/+source/openjdk-lts
# The crash happened outside the Java Virtual Machine in native code.
# See problematic frame for where to report the bug.
#

---------------  S U M M A R Y ------------

Command Line: -javaagent:/opt/idea-IC-223.8617.56/lib/idea_rt.jar=36457:/opt/idea-IC-223.8617.56/bin -Dfile.encoding=UTF-8 Main tests/test1.sysy

Host: Intel(R) Core(TM) i7-10750H CPU @ 2.60GHz, 2 cores, 3G, Ubuntu 20.04.6 LTS
Time: Sun May 14 16:00:50 2023 CST elapsed time: 1.327035 seconds (0d 0h 0m 1s)

---------------  T H R E A D  ---------------

Current thread (0x00007f5fec017000):  JavaThread "main" [_thread_in_native, id=17000, stack(0x00007f5ff2593000,0x00007f5ff2694000)]

Stack: [0x00007f5ff2593000,0x00007f5ff2694000],  sp=0x00007f5ff2691d40,  free space=1019k
Native frames: (J=compiled Java code, A=aot compiled Java code, j=interpreted, Vv=VM code, C=native code)
C  [libLLVM-13.so+0xc29928]  LLVMBuildSub+0x48

Java frames: (J=compiled Java code, j=interpreted, Vv=VM code)
j  org.bytedeco.llvm.global.LLVM.LLVMBuildSub(Lorg/bytedeco/llvm/LLVM/LLVMBuilderRef;Lorg/bytedeco/llvm/LLVM/LLVMValueRef;Lorg/bytedeco/llvm/LLVM/LLVMValueRef;Ljava/lang/String;)Lorg/bytedeco/llvm/LLVM/LLVMValueRef;+0
j  LlvmVisitor.visitPlusExp(LSysYParser$PlusExpContext;)Lorg/bytedeco/llvm/LLVM/LLVMValueRef;+59
j  LlvmVisitor.visitPlusExp(LSysYParser$PlusExpContext;)Ljava/lang/Object;+2
j  SysYParser$PlusExpContext.accept(Lorg/antlr/v4/runtime/tree/ParseTreeVisitor;)Ljava/lang/Object;+12
j  LlvmVisitor.visitReturnStmt(LSysYParser$ReturnStmtContext;)Lorg/bytedeco/llvm/LLVM/LLVMValueRef;+5
j  LlvmVisitor.visitReturnStmt(LSysYParser$ReturnStmtContext;)Ljava/lang/Object;+2
j  SysYParser$ReturnStmtContext.accept(Lorg/antlr/v4/runtime/tree/ParseTreeVisitor;)Ljava/lang/Object;+12
j  org.antlr.v4.runtime.tree.AbstractParseTreeVisitor.visitChildren(Lorg/antlr/v4/runtime/tree/RuleNode;)Ljava/lang/Object;+46
j  SysYParserBaseVisitor.visitBlockItem(LSysYParser$BlockItemContext;)Ljava/lang/Object;+2
j  SysYParser$BlockItemContext.accept(Lorg/antlr/v4/runtime/tree/ParseTreeVisitor;)Ljava/lang/Object;+12
j  org.antlr.v4.runtime.tree.AbstractParseTreeVisitor.visitChildren(Lorg/antlr/v4/runtime/tree/RuleNode;)Ljava/lang/Object;+46
j  SysYParserBaseVisitor.visitBlock(LSysYParser$BlockContext;)Ljava/lang/Object;+2
j  SysYParser$BlockContext.accept(Lorg/antlr/v4/runtime/tree/ParseTreeVisitor;)Ljava/lang/Object;+12
j  org.antlr.v4.runtime.tree.AbstractParseTreeVisitor.visitChildren(Lorg/antlr/v4/runtime/tree/RuleNode;)Ljava/lang/Object;+46
j  SysYParserBaseVisitor.visitFuncDef(LSysYParser$FuncDefContext;)Ljava/lang/Object;+2
j  LlvmVisitor.visitFuncDef(LSysYParser$FuncDefContext;)Lorg/bytedeco/llvm/LLVM/LLVMValueRef;+54
j  LlvmVisitor.visitFuncDef(LSysYParser$FuncDefContext;)Ljava/lang/Object;+2
j  SysYParser$FuncDefContext.accept(Lorg/antlr/v4/runtime/tree/ParseTreeVisitor;)Ljava/lang/Object;+12
j  org.antlr.v4.runtime.tree.AbstractParseTreeVisitor.visitChildren(Lorg/antlr/v4/runtime/tree/RuleNode;)Ljava/lang/Object;+46
j  SysYParserBaseVisitor.visitCompUnit(LSysYParser$CompUnitContext;)Ljava/lang/Object;+2
j  SysYParser$CompUnitContext.accept(Lorg/antlr/v4/runtime/tree/ParseTreeVisitor;)Ljava/lang/Object;+12
j  org.antlr.v4.runtime.tree.AbstractParseTreeVisitor.visitChildren(Lorg/antlr/v4/runtime/tree/RuleNode;)Ljava/lang/Object;+46
j  SysYParserBaseVisitor.visitProgram(LSysYParser$ProgramContext;)Ljava/lang/Object;+2
j  SysYParser$ProgramContext.accept(Lorg/antlr/v4/runtime/tree/ParseTreeVisitor;)Ljava/lang/Object;+12
j  org.antlr.v4.runtime.tree.AbstractParseTreeVisitor.visit(Lorg/antlr/v4/runtime/tree/ParseTree;)Ljava/lang/Object;+2
j  Main.main([Ljava/lang/String;)V+55
v  ~StubRoutines::call_stub

siginfo: si_signo: 11 (SIGSEGV), si_code: 128 (SI_KERNEL), si_addr: 0x0000000000000000

Register to memory mapping:

RAX=0x00007f5fec3c7810 points into unknown readable memory: 0x00007f005f706d74 | 74 6d 70 5f 00 7f 00 00
RBX=0x00007f5fec39d170 points into unknown readable memory: 0x00007f5fec39e580 | 80 e5 39 ec 5f 7f 00 00
RCX=0x00007f5fec3c7810 points into unknown readable memory: 0x00007f005f706d74 | 74 6d 70 5f 00 7f 00 00
RDX=0x00007f5f8a0f6c30: <offset 0x0000000000bcac30> in /home/qutx/.javacpp/cache/llvm-13.0.1-1.5.7-linux-x86_64.jar/org/bytedeco/llvm/linux-x86_64/libLLVM-13.so at 0x00007f5f8952c000
RSP=0x00007f5ff2691d40 is pointing into the stack for thread: 0x00007f5fec017000
RBP=0x00007f5fec017348 points into unknown readable memory: 0x00007f5ff3c19b40 | 40 9b c1 f3 5f 7f 00 00
RSI=0x00007f5fec3c7330 points into unknown readable memory: 0x00007f5fec3c0958 | 58 09 3c ec 5f 7f 00 00
RDI=0x00007f5fec3c72e0 points into unknown readable memory: 0x00007f5fec3c0958 | 58 09 3c ec 5f 7f 00 00
R8 =0x00000000c6b14eb8 points into unknown readable memory: 0x000000005f706d74 | 74 6d 70 5f 00 00 00 00
R9 =0x6a2f6d766a2f6269 is an unknown value
R10=0xfffffffffffff55a is an unknown value
R11=0x00007f5f8a1558e0: LLVMBuildSub+0x0000000000000000 in /home/qutx/.javacpp/cache/llvm-13.0.1-1.5.7-linux-x86_64.jar/org/bytedeco/llvm/linux-x86_64/libLLVM-13.so at 0x00007f5f8952c000
R12=0x00007f5ff2691eb0 is pointing into the stack for thread: 0x00007f5fec017000
R13=0x00007f5fec3c72e0 points into unknown readable memory: 0x00007f5fec3c0958 | 58 09 3c ec 5f 7f 00 00
R14=0x00007f5fec3c7330 points into unknown readable memory: 0x00007f5fec3c0958 | 58 09 3c ec 5f 7f 00 00
R15=0x00007f5fec39d170 points into unknown readable memory: 0x00007f5fec39e580 | 80 e5 39 ec 5f 7f 00 00


Registers:
RAX=0x00007f5fec3c7810, RBX=0x00007f5fec39d170, RCX=0x00007f5fec3c7810, RDX=0x00007f5f8a0f6c30
RSP=0x00007f5ff2691d40, RBP=0x00007f5fec017348, RSI=0x00007f5fec3c7330, RDI=0x00007f5fec3c72e0
R8 =0x00000000c6b14eb8, R9 =0x6a2f6d766a2f6269, R10=0xfffffffffffff55a, R11=0x00007f5f8a1558e0
R12=0x00007f5ff2691eb0, R13=0x00007f5fec3c72e0, R14=0x00007f5fec3c7330, R15=0x00007f5fec39d170
RIP=0x00007f5f8a155928, EFLAGS=0x0000000000010283, CSGSFS=0x002b000000000033, ERR=0x0000000000000000
  TRAPNO=0x000000000000000d

Top of Stack: (sp=0x00007f5ff2691d40)
0x00007f5ff2691d40:   00007f5fec3c7810 00007f5ff3d86299
0x00007f5ff2691d50:   0000000000000005 0000000000000004
0x00007f5ff2691d60:   00007f5fec3c0103 00007f5fec11d6d0
0x00007f5ff2691d70:   00007f5fec3c7330 00007f5fec39d170 

Instructions: (pc=0x00007f5f8a155928)
0x00007f5f8a155828:   e4 ca 09 00 48 8b 55 58 44 8b 6d 60 49 89 c4 48
0x00007f5f8a155838:   85 d2 74 0d be 03 00 00 00 48 89 c7 e8 f7 45 0e
0x00007f5f8a155848:   00 44 89 ee 4c 89 e7 e8 3c f9 08 00 48 8b 7d 50
0x00007f5f8a155858:   48 8b 4d 30 48 89 e2 4c 8b 45 38 4c 89 e6 48 8b
0x00007f5f8a155868:   07 ff 50 10 8b 5d 08 48 8b 45 00 48 c1 e3 04 48
0x00007f5f8a155878:   01 c3 48 39 d8 0f 84 c4 fe ff ff 48 89 c5 66 2e
0x00007f5f8a155888:   0f 1f 84 00 00 00 00 00 48 8b 55 08 8b 75 00 4c
0x00007f5f8a155898:   89 e7 48 83 c5 10 e8 9d 45 0e 00 48 39 eb 75 e8
0x00007f5f8a1558a8:   48 83 c4 68 4c 89 e0 5b 5d 41 5c 41 5d c3 66 2e
0x00007f5f8a1558b8:   0f 1f 84 00 00 00 00 00 48 89 d1 48 89 f2 be 0e
0x00007f5f8a1558c8:   00 00 00 ff d0 49 89 c4 e9 c7 fe ff ff 66 2e 0f
0x00007f5f8a1558d8:   1f 84 00 00 00 00 00 90 41 54 55 53 48 89 fb 48
0x00007f5f8a1558e8:   89 f7 48 89 d6 ba 01 01 00 00 48 83 ec 60 80 39
0x00007f5f8a1558f8:   00 66 89 54 24 20 74 09 48 89 0c 24 c6 44 24 20
0x00007f5f8a155908:   03 80 7f 10 12 0f 87 95 00 00 00 80 7e 10 12 0f
0x00007f5f8a155918:   87 8b 00 00 00 4c 8b 4b 48 48 8d 15 08 13 fa ff
0x00007f5f8a155928:   49 8b 01 48 8b 40 20 48 39 d0 0f 85 f0 00 00 00
0x00007f5f8a155938:   31 c9 31 d2 e8 9f 0d ff ff 49 89 c4 41 80 7c 24
0x00007f5f8a155948:   10 19 76 4b 48 8b 7b 50 48 8b 4b 30 48 89 e2 4c
0x00007f5f8a155958:   89 e6 4c 8b 43 38 48 8b 07 ff 50 10 8b 6b 08 48
0x00007f5f8a155968:   8b 03 48 c1 e5 04 48 01 c5 48 39 e8 74 21 48 89
0x00007f5f8a155978:   c3 0f 1f 80 00 00 00 00 48 8b 53 08 8b 33 4c 89
0x00007f5f8a155988:   e7 48 83 c3 10 e8 ae 44 0e 00 48 39 dd 75 e9 48
0x00007f5f8a155998:   83 c4 60 4c 89 e0 5b 5d 41 5c c3 0f 1f 44 00 00
0x00007f5f8a1559a8:   48 89 f2 b8 01 01 00 00 48 89 fe 45 31 c0 48 8d
0x00007f5f8a1559b8:   4c 24 30 bf 0f 00 00 00 66 89 44 24 50 e8 46 c9
0x00007f5f8a1559c8:   09 00 48 8b 7b 50 48 89 e2 48 8b 4b 30 49 89 c4
0x00007f5f8a1559d8:   4c 8b 43 38 48 8b 07 4c 89 e6 ff 50 10 8b 6b 08
0x00007f5f8a1559e8:   48 8b 13 48 c1 e5 04 48 01 d5 48 39 ea 74 a0 48
0x00007f5f8a1559f8:   89 d3 66 0f 1f 44 00 00 48 8b 53 08 8b 33 4c 89
0x00007f5f8a155a08:   e7 48 83 c3 10 e8 2e 44 0e 00 48 39 dd 75 e9 48
0x00007f5f8a155a18:   83 c4 60 4c 89 e0 5b 5d 41 5c c3 0f 1f 44 00 00 


Stack slot to memory mapping:
stack at sp + 0 slots: 0x00007f5fec3c7810 points into unknown readable memory: 0x00007f005f706d74 | 74 6d 70 5f 00 7f 00 00
stack at sp + 1 slots: 0x00007f5ff3d86299: __libc_malloc+0x00000000000001b9 in /lib/x86_64-linux-gnu/libc.so.6 at 0x00007f5ff3cec000
stack at sp + 2 slots: 0x0000000000000005 is an unknown value
stack at sp + 3 slots: 0x0000000000000004 is an unknown value
stack at sp + 4 slots: 0x00007f5fec3c0103 points into unknown readable memory: 70 70 2f 63 61
stack at sp + 5 slots: 0x00007f5fec11d6d0 points into unknown readable memory: 0x00000000c6b14ea8 | a8 4e b1 c6 00 00 00 00
stack at sp + 6 slots: 0x00007f5fec3c7330 points into unknown readable memory: 0x00007f5fec3c0958 | 58 09 3c ec 5f 7f 00 00
stack at sp + 7 slots: 0x00007f5fec39d170 points into unknown readable memory: 0x00007f5fec39e580 | 80 e5 39 ec 5f 7f 00 00


---------------  P R O C E S S  ---------------

Threads class SMR info:
_java_thread_list=0x00007f5fa8002a30, length=12, elements={
0x00007f5fec017000, 0x00007f5fec11f000, 0x00007f5fec121000, 0x00007f5fec127800,
0x00007f5fec129800, 0x00007f5fec12b800, 0x00007f5fec12e000, 0x00007f5fec130000,
0x00007f5fec13d800, 0x00007f5fec1e7000, 0x00007f5fec337800, 0x00007f5fa8001000
}

Java Threads: ( => current thread )
=>0x00007f5fec017000 JavaThread "main" [_thread_in_native, id=17000, stack(0x00007f5ff2593000,0x00007f5ff2694000)]
  0x00007f5fec11f000 JavaThread "Reference Handler" daemon [_thread_blocked, id=17009, stack(0x00007f5ff023d000,0x00007f5ff033e000)]
  0x00007f5fec121000 JavaThread "Finalizer" daemon [_thread_blocked, id=17010, stack(0x00007f5ff013c000,0x00007f5ff023d000)]
  0x00007f5fec127800 JavaThread "Signal Dispatcher" daemon [_thread_blocked, id=17012, stack(0x00007f5ff003b000,0x00007f5ff013c000)]
  0x00007f5fec129800 JavaThread "Service Thread" daemon [_thread_blocked, id=17014, stack(0x00007f5fd46f7000,0x00007f5fd47f8000)]
  0x00007f5fec12b800 JavaThread "C2 CompilerThread0" daemon [_thread_blocked, id=17015, stack(0x00007f5fd45f6000,0x00007f5fd46f7000)]
  0x00007f5fec12e000 JavaThread "C1 CompilerThread0" daemon [_thread_blocked, id=17016, stack(0x00007f5fd44f5000,0x00007f5fd45f6000)]
  0x00007f5fec130000 JavaThread "Sweeper thread" daemon [_thread_blocked, id=17017, stack(0x00007f5fd43f4000,0x00007f5fd44f5000)]
  0x00007f5fec13d800 JavaThread "Common-Cleaner" daemon [_thread_blocked, id=17018, stack(0x00007f5fd42f3000,0x00007f5fd43f4000)]
  0x00007f5fec1e7000 JavaThread "Monitor Ctrl-Break" daemon [_thread_in_native, id=17021, stack(0x00007f5fd41f2000,0x00007f5fd42f3000)]
  0x00007f5fec337800 JavaThread "JavaCPP Deallocator" daemon [_thread_blocked, id=17025, stack(0x00007f5fcc6c5000,0x00007f5fcc7c6000)]
  0x00007f5fa8001000 JavaThread "Attach Listener" daemon [_thread_blocked, id=17026, stack(0x00007f5fcc5c4000,0x00007f5fcc6c5000)]

Other Threads:
  0x00007f5fec11c000 VMThread "VM Thread" [stack: 0x00007f5ff0340000,0x00007f5ff0440000] [id=17008]
  0x00007f5fec1e8800 WatcherThread [stack: 0x00007f5fd40f2000,0x00007f5fd41f2000] [id=17022]
  0x00007f5fec02f000 GCTaskThread "GC Thread#0" [stack: 0x00007f5ff2238000,0x00007f5ff2338000] [id=17002]
  0x00007f5fbc001000 GCTaskThread "GC Thread#1" [stack: 0x00007f5fcc7c8000,0x00007f5fcc8c8000] [id=17024]
  0x00007f5fec04a000 ConcurrentGCThread "G1 Main Marker" [stack: 0x00007f5ff0a26000,0x00007f5ff0b26000] [id=17003]
  0x00007f5fec04b800 ConcurrentGCThread "G1 Conc#0" [stack: 0x00007f5ff0924000,0x00007f5ff0a24000] [id=17005]
  0x00007f5fec087000 ConcurrentGCThread "G1 Refine#0" [stack: 0x00007f5ff0620000,0x00007f5ff0720000] [id=17006]
  0x00007f5fec089000 ConcurrentGCThread "G1 Young RemSet Sampling" [stack: 0x00007f5ff051e000,0x00007f5ff061e000] [id=17007]

Threads with active compile tasks:

VM state:not at safepoint (normal execution)

VM Mutex/Monitor currently owned by a thread: None

Heap address: 0x00000000c3200000, size: 974 MB, Compressed Oops mode: 32-bit
Narrow klass base: 0x0000000800000000, Narrow klass shift: 3
Compressed class space size: 1073741824 Address: 0x0000000840000000

Heap:
 garbage-first heap   total 65536K, used 6359K [0x00000000c3200000, 0x0000000100000000)
  region size 1024K, 6 young (6144K), 1 survivors (1024K)
 Metaspace       used 4067K, capacity 6539K, committed 6656K, reserved 1056768K
  class space    used 447K, capacity 688K, committed 768K, reserved 1048576K
Heap Regions: E=young(eden), S=young(survivor), O=old, HS=humongous(starts), HC=humongous(continues), CS=collection set, F=free, A=archive, TAMS=top-at-mark-start (previous, next)
|   0|0x00000000c3200000, 0x00000000c3282c00, 0x00000000c3300000| 51%| O|  |TAMS 0x00000000c3200000, 0x00000000c3200000| Untracked 
|   1|0x00000000c3300000, 0x00000000c3300000, 0x00000000c3400000|  0%| F|  |TAMS 0x00000000c3300000, 0x00000000c3300000| Untracked 
|   2|0x00000000c3400000, 0x00000000c3400000, 0x00000000c3500000|  0%| F|  |TAMS 0x00000000c3400000, 0x00000000c3400000| Untracked 
|   3|0x00000000c3500000, 0x00000000c3500000, 0x00000000c3600000|  0%| F|  |TAMS 0x00000000c3500000, 0x00000000c3500000| Untracked 
|   4|0x00000000c3600000, 0x00000000c3600000, 0x00000000c3700000|  0%| F|  |TAMS 0x00000000c3600000, 0x00000000c3600000| Untracked 
|   5|0x00000000c3700000, 0x00000000c3700000, 0x00000000c3800000|  0%| F|  |TAMS 0x00000000c3700000, 0x00000000c3700000| Untracked 
|   6|0x00000000c3800000, 0x00000000c3800000, 0x00000000c3900000|  0%| F|  |TAMS 0x00000000c3800000, 0x00000000c3800000| Untracked 
|   7|0x00000000c3900000, 0x00000000c3900000, 0x00000000c3a00000|  0%| F|  |TAMS 0x00000000c3900000, 0x00000000c3900000| Untracked 
|   8|0x00000000c3a00000, 0x00000000c3a00000, 0x00000000c3b00000|  0%| F|  |TAMS 0x00000000c3a00000, 0x00000000c3a00000| Untracked 
|   9|0x00000000c3b00000, 0x00000000c3b00000, 0x00000000c3c00000|  0%| F|  |TAMS 0x00000000c3b00000, 0x00000000c3b00000| Untracked 
|  10|0x00000000c3c00000, 0x00000000c3c00000, 0x00000000c3d00000|  0%| F|  |TAMS 0x00000000c3c00000, 0x00000000c3c00000| Untracked 
|  11|0x00000000c3d00000, 0x00000000c3d00000, 0x00000000c3e00000|  0%| F|  |TAMS 0x00000000c3d00000, 0x00000000c3d00000| Untracked 
|  12|0x00000000c3e00000, 0x00000000c3e00000, 0x00000000c3f00000|  0%| F|  |TAMS 0x00000000c3e00000, 0x00000000c3e00000| Untracked 
|  13|0x00000000c3f00000, 0x00000000c3f00000, 0x00000000c4000000|  0%| F|  |TAMS 0x00000000c3f00000, 0x00000000c3f00000| Untracked 
|  14|0x00000000c4000000, 0x00000000c4000000, 0x00000000c4100000|  0%| F|  |TAMS 0x00000000c4000000, 0x00000000c4000000| Untracked 
|  15|0x00000000c4100000, 0x00000000c4100000, 0x00000000c4200000|  0%| F|  |TAMS 0x00000000c4100000, 0x00000000c4100000| Untracked 
|  16|0x00000000c4200000, 0x00000000c4200000, 0x00000000c4300000|  0%| F|  |TAMS 0x00000000c4200000, 0x00000000c4200000| Untracked 
|  17|0x00000000c4300000, 0x00000000c4300000, 0x00000000c4400000|  0%| F|  |TAMS 0x00000000c4300000, 0x00000000c4300000| Untracked 
|  18|0x00000000c4400000, 0x00000000c4400000, 0x00000000c4500000|  0%| F|  |TAMS 0x00000000c4400000, 0x00000000c4400000| Untracked 
|  19|0x00000000c4500000, 0x00000000c4500000, 0x00000000c4600000|  0%| F|  |TAMS 0x00000000c4500000, 0x00000000c4500000| Untracked 
|  20|0x00000000c4600000, 0x00000000c4600000, 0x00000000c4700000|  0%| F|  |TAMS 0x00000000c4600000, 0x00000000c4600000| Untracked 
|  21|0x00000000c4700000, 0x00000000c4700000, 0x00000000c4800000|  0%| F|  |TAMS 0x00000000c4700000, 0x00000000c4700000| Untracked 
|  22|0x00000000c4800000, 0x00000000c4800000, 0x00000000c4900000|  0%| F|  |TAMS 0x00000000c4800000, 0x00000000c4800000| Untracked 
|  23|0x00000000c4900000, 0x00000000c4900000, 0x00000000c4a00000|  0%| F|  |TAMS 0x00000000c4900000, 0x00000000c4900000| Untracked 
|  24|0x00000000c4a00000, 0x00000000c4a00000, 0x00000000c4b00000|  0%| F|  |TAMS 0x00000000c4a00000, 0x00000000c4a00000| Untracked 
|  25|0x00000000c4b00000, 0x00000000c4b00000, 0x00000000c4c00000|  0%| F|  |TAMS 0x00000000c4b00000, 0x00000000c4b00000| Untracked 
|  26|0x00000000c4c00000, 0x00000000c4c00000, 0x00000000c4d00000|  0%| F|  |TAMS 0x00000000c4c00000, 0x00000000c4c00000| Untracked 
|  27|0x00000000c4d00000, 0x00000000c4d00000, 0x00000000c4e00000|  0%| F|  |TAMS 0x00000000c4d00000, 0x00000000c4d00000| Untracked 
|  28|0x00000000c4e00000, 0x00000000c4e00000, 0x00000000c4f00000|  0%| F|  |TAMS 0x00000000c4e00000, 0x00000000c4e00000| Untracked 
|  29|0x00000000c4f00000, 0x00000000c4f00000, 0x00000000c5000000|  0%| F|  |TAMS 0x00000000c4f00000, 0x00000000c4f00000| Untracked 
|  30|0x00000000c5000000, 0x00000000c5000000, 0x00000000c5100000|  0%| F|  |TAMS 0x00000000c5000000, 0x00000000c5000000| Untracked 
|  31|0x00000000c5100000, 0x00000000c5100000, 0x00000000c5200000|  0%| F|  |TAMS 0x00000000c5100000, 0x00000000c5100000| Untracked 
|  32|0x00000000c5200000, 0x00000000c5200000, 0x00000000c5300000|  0%| F|  |TAMS 0x00000000c5200000, 0x00000000c5200000| Untracked 
|  33|0x00000000c5300000, 0x00000000c5300000, 0x00000000c5400000|  0%| F|  |TAMS 0x00000000c5300000, 0x00000000c5300000| Untracked 
|  34|0x00000000c5400000, 0x00000000c5400000, 0x00000000c5500000|  0%| F|  |TAMS 0x00000000c5400000, 0x00000000c5400000| Untracked 
|  35|0x00000000c5500000, 0x00000000c5500000, 0x00000000c5600000|  0%| F|  |TAMS 0x00000000c5500000, 0x00000000c5500000| Untracked 
|  36|0x00000000c5600000, 0x00000000c5600000, 0x00000000c5700000|  0%| F|  |TAMS 0x00000000c5600000, 0x00000000c5600000| Untracked 
|  37|0x00000000c5700000, 0x00000000c5700000, 0x00000000c5800000|  0%| F|  |TAMS 0x00000000c5700000, 0x00000000c5700000| Untracked 
|  38|0x00000000c5800000, 0x00000000c5800000, 0x00000000c5900000|  0%| F|  |TAMS 0x00000000c5800000, 0x00000000c5800000| Untracked 
|  39|0x00000000c5900000, 0x00000000c5900000, 0x00000000c5a00000|  0%| F|  |TAMS 0x00000000c5900000, 0x00000000c5900000| Untracked 
|  40|0x00000000c5a00000, 0x00000000c5a00000, 0x00000000c5b00000|  0%| F|  |TAMS 0x00000000c5a00000, 0x00000000c5a00000| Untracked 
|  41|0x00000000c5b00000, 0x00000000c5b00000, 0x00000000c5c00000|  0%| F|  |TAMS 0x00000000c5b00000, 0x00000000c5b00000| Untracked 
|  42|0x00000000c5c00000, 0x00000000c5c00000, 0x00000000c5d00000|  0%| F|  |TAMS 0x00000000c5c00000, 0x00000000c5c00000| Untracked 
|  43|0x00000000c5d00000, 0x00000000c5d00000, 0x00000000c5e00000|  0%| F|  |TAMS 0x00000000c5d00000, 0x00000000c5d00000| Untracked 
|  44|0x00000000c5e00000, 0x00000000c5e00000, 0x00000000c5f00000|  0%| F|  |TAMS 0x00000000c5e00000, 0x00000000c5e00000| Untracked 
|  45|0x00000000c5f00000, 0x00000000c5f00000, 0x00000000c6000000|  0%| F|  |TAMS 0x00000000c5f00000, 0x00000000c5f00000| Untracked 
|  46|0x00000000c6000000, 0x00000000c6000000, 0x00000000c6100000|  0%| F|  |TAMS 0x00000000c6000000, 0x00000000c6000000| Untracked 
|  47|0x00000000c6100000, 0x00000000c6100000, 0x00000000c6200000|  0%| F|  |TAMS 0x00000000c6100000, 0x00000000c6100000| Untracked 
|  48|0x00000000c6200000, 0x00000000c6200000, 0x00000000c6300000|  0%| F|  |TAMS 0x00000000c6200000, 0x00000000c6200000| Untracked 
|  49|0x00000000c6300000, 0x00000000c6300000, 0x00000000c6400000|  0%| F|  |TAMS 0x00000000c6300000, 0x00000000c6300000| Untracked 
|  50|0x00000000c6400000, 0x00000000c6400000, 0x00000000c6500000|  0%| F|  |TAMS 0x00000000c6400000, 0x00000000c6400000| Untracked 
|  51|0x00000000c6500000, 0x00000000c6500000, 0x00000000c6600000|  0%| F|  |TAMS 0x00000000c6500000, 0x00000000c6500000| Untracked 
|  52|0x00000000c6600000, 0x00000000c6600000, 0x00000000c6700000|  0%| F|  |TAMS 0x00000000c6600000, 0x00000000c6600000| Untracked 
|  53|0x00000000c6700000, 0x00000000c6700000, 0x00000000c6800000|  0%| F|  |TAMS 0x00000000c6700000, 0x00000000c6700000| Untracked 
|  54|0x00000000c6800000, 0x00000000c6900000, 0x00000000c6900000|100%| S|CS|TAMS 0x00000000c6800000, 0x00000000c6800000| Complete 
|  55|0x00000000c6900000, 0x00000000c6900000, 0x00000000c6a00000|  0%| F|  |TAMS 0x00000000c6900000, 0x00000000c6900000| Untracked 
|  56|0x00000000c6a00000, 0x00000000c6a00000, 0x00000000c6b00000|  0%| F|  |TAMS 0x00000000c6a00000, 0x00000000c6a00000| Untracked 
|  57|0x00000000c6b00000, 0x00000000c6bdd750, 0x00000000c6c00000| 86%| E|  |TAMS 0x00000000c6b00000, 0x00000000c6b00000| Complete 
|  58|0x00000000c6c00000, 0x00000000c6d00000, 0x00000000c6d00000|100%| E|CS|TAMS 0x00000000c6c00000, 0x00000000c6c00000| Complete 
|  59|0x00000000c6d00000, 0x00000000c6e00000, 0x00000000c6e00000|100%| E|CS|TAMS 0x00000000c6d00000, 0x00000000c6d00000| Complete 
|  60|0x00000000c6e00000, 0x00000000c6f00000, 0x00000000c6f00000|100%| E|CS|TAMS 0x00000000c6e00000, 0x00000000c6e00000| Complete 
|  61|0x00000000c6f00000, 0x00000000c7000000, 0x00000000c7000000|100%| E|CS|TAMS 0x00000000c6f00000, 0x00000000c6f00000| Complete 
| 972|0x00000000ffe00000, 0x00000000ffe48000, 0x00000000fff00000| 28%|OA|  |TAMS 0x00000000ffe00000, 0x00000000ffe00000| Untracked 
| 973|0x00000000fff00000, 0x00000000fff6b000, 0x0000000100000000| 41%|CA|  |TAMS 0x00000000fff00000, 0x00000000fff00000| Untracked 

Card table byte_map: [0x00007f5ff1c66000,0x00007f5ff1e4d000] _byte_map_base: 0x00007f5ff164d000

Marking Bits (Prev, Next): (CMBitMap*) 0x00007f5fec045178, (CMBitMap*) 0x00007f5fec0451b0
 Prev Bits: [0x00007f5ff0b47000, 0x00007f5ff1a7f000)
 Next Bits: [0x00007f5fcf0c8000, 0x00007f5fd0000000)

Polling page: 0x00007f5ff2550000

Metaspace:

Usage:
  Non-class:      5.71 MB capacity,     3.53 MB ( 62%) used,     2.17 MB ( 38%) free+waste,     6.25 KB ( <1%) overhead. 
      Class:    688.00 KB capacity,   447.89 KB ( 65%) used,   236.86 KB ( 34%) free+waste,     3.25 KB ( <1%) overhead. 
       Both:      6.39 MB capacity,     3.97 MB ( 62%) used,     2.40 MB ( 38%) free+waste,     9.50 KB ( <1%) overhead. 

Virtual space:
  Non-class space:        8.00 MB reserved,       5.75 MB ( 72%) committed 
      Class space:        1.00 GB reserved,     768.00 KB ( <1%) committed 
             Both:        1.01 GB reserved,       6.50 MB ( <1%) committed 

Chunk freelists:
   Non-Class:  5.00 KB
       Class:  16.00 KB
        Both:  21.00 KB

MaxMetaspaceSize: unlimited
CompressedClassSpaceSize: 1.00 GB
Initial GC threshold: 20.80 MB
Current GC threshold: 20.80 MB
CDS: on

CodeHeap 'non-profiled nmethods': size=120036Kb used=198Kb max_used=198Kb free=119837Kb
 bounds [0x00007f5fdc2bf000, 0x00007f5fdc52f000, 0x00007f5fe37f8000]
CodeHeap 'profiled nmethods': size=120032Kb used=1270Kb max_used=1270Kb free=118761Kb
 bounds [0x00007f5fd4d87000, 0x00007f5fd4ff7000, 0x00007f5fdc2bf000]
CodeHeap 'non-nmethods': size=5692Kb used=1146Kb max_used=1160Kb free=4545Kb
 bounds [0x00007f5fd47f8000, 0x00007f5fd4a68000, 0x00007f5fd4d87000]
 total_blobs=1124 nmethods=718 adapters=320
 compilation: enabled
              stopped_count=0, restarted_count=0
 full_count=0

Compilation events (20 events):
Event: 1.288 Thread 0x00007f5fec12e000 nmethod 698 0x00007f5fd4eb3a90 code [0x00007f5fd4eb3de0, 0x00007f5fd4eb5020]
Event: 1.288 Thread 0x00007f5fec12e000  699       3       java.util.zip.ZipFile::getZipEntry (325 bytes)
Event: 1.295 Thread 0x00007f5fec12e000 nmethod 699 0x00007f5fd4eb5690 code [0x00007f5fd4eb5a40, 0x00007f5fd4eb78e0]
Event: 1.295 Thread 0x00007f5fec12e000  700       3       sun.util.locale.LocaleUtils::isUpper (18 bytes)
Event: 1.295 Thread 0x00007f5fec12e000 nmethod 700 0x00007f5fd4eb8490 code [0x00007f5fd4eb8640, 0x00007f5fd4eb87b0]
Event: 1.295 Thread 0x00007f5fec12e000  702       3       java.lang.ClassLoader::definePackage (84 bytes)
Event: 1.298 Thread 0x00007f5fec12e000 nmethod 702 0x00007f5fd4eb8810 code [0x00007f5fd4eb8b20, 0x00007f5fd4eb9cd0]
Event: 1.304 Thread 0x00007f5fec12e000  705       3       java.util.StringTokenizer::scanToken (179 bytes)
Event: 1.305 Thread 0x00007f5fec12b800 nmethod 656 0x00007f5fdc2ed810 code [0x00007f5fdc2ed9e0, 0x00007f5fdc2ee438]
Event: 1.307 Thread 0x00007f5fec12e000 nmethod 705 0x00007f5fd4eba210 code [0x00007f5fd4eba5a0, 0x00007f5fd4ebbb50]
Event: 1.307 Thread 0x00007f5fec12e000  706       3       java.util.StringTokenizer::skipDelimiters (116 bytes)
Event: 1.308 Thread 0x00007f5fec12e000 nmethod 706 0x00007f5fd4ebc310 code [0x00007f5fd4ebc5c0, 0x00007f5fd4ebd2e0]
Event: 1.308 Thread 0x00007f5fec12e000  703       3       java.util.Arrays::equals (57 bytes)
Event: 1.308 Thread 0x00007f5fec12e000 nmethod 703 0x00007f5fd4ebd810 code [0x00007f5fd4ebda00, 0x00007f5fd4ebdf60]
Event: 1.308 Thread 0x00007f5fec12e000  707       3       java.util.StringTokenizer::hasMoreTokens (29 bytes)
Event: 1.309 Thread 0x00007f5fec12e000 nmethod 707 0x00007f5fd4ebe110 code [0x00007f5fd4ebe2c0, 0x00007f5fd4ebe480]
Event: 1.309 Thread 0x00007f5fec12e000  708       3       java.util.StringTokenizer::nextToken (92 bytes)
Event: 1.309 Thread 0x00007f5fec12e000 nmethod 708 0x00007f5fd4ebe510 code [0x00007f5fd4ebe700, 0x00007f5fd4ebea30]
Event: 1.309 Thread 0x00007f5fec12e000  704       3       jdk.internal.org.objectweb.asm.ByteVector::putInt (74 bytes)
Event: 1.309 Thread 0x00007f5fec12e000 nmethod 704 0x00007f5fd4ebeb90 code [0x00007f5fd4ebed60, 0x00007f5fd4ebefc0]

GC Heap History (2 events):
Event: 1.035 GC heap before
{Heap before GC invocations=0 (full 0):
 garbage-first heap   total 65536K, used 6860K [0x00000000c3200000, 0x0000000100000000)
  region size 1024K, 7 young (7168K), 0 survivors (0K)
 Metaspace       used 3474K, capacity 6325K, committed 6528K, reserved 1056768K
  class space    used 349K, capacity 618K, committed 640K, reserved 1048576K
}
Event: 1.055 GC heap after
{Heap after GC invocations=1 (full 0):
 garbage-first heap   total 65536K, used 2263K [0x00000000c3200000, 0x0000000100000000)
  region size 1024K, 1 young (1024K), 1 survivors (1024K)
 Metaspace       used 3474K, capacity 6325K, committed 6528K, reserved 1056768K
  class space    used 349K, capacity 618K, committed 640K, reserved 1048576K
}

Deoptimization events (20 events):
Event: 0.885 Thread 0x00007f5fec017000 Uncommon trap: trap_request=0xffffffbe fr.pc=0x00007f5fdc2d7588 relative=0x00000000000003c8
Event: 0.885 Thread 0x00007f5fec017000 Uncommon trap: reason=profile_predicate action=maybe_recompile pc=0x00007f5fdc2d7588 method=java.lang.StringLatin1.indexOf([BI[BII)I @ 18 c2
Event: 0.885 Thread 0x00007f5fec017000 DEOPT PACKING pc=0x00007f5fdc2d7588 sp=0x00007f5ff2691320
Event: 0.885 Thread 0x00007f5fec017000 DEOPT UNPACKING pc=0x00007f5fd4841ea5 sp=0x00007f5ff26912a0 mode 2
Event: 0.885 Thread 0x00007f5fec017000 Uncommon trap: trap_request=0xffffffbe fr.pc=0x00007f5fdc2d7588 relative=0x00000000000003c8
Event: 0.885 Thread 0x00007f5fec017000 Uncommon trap: reason=profile_predicate action=maybe_recompile pc=0x00007f5fdc2d7588 method=java.lang.StringLatin1.indexOf([BI[BII)I @ 18 c2
Event: 0.885 Thread 0x00007f5fec017000 DEOPT PACKING pc=0x00007f5fdc2d7588 sp=0x00007f5ff2691320
Event: 0.885 Thread 0x00007f5fec017000 DEOPT UNPACKING pc=0x00007f5fd4841ea5 sp=0x00007f5ff26912a0 mode 2
Event: 0.985 Thread 0x00007f5fec017000 Uncommon trap: trap_request=0xffffff4d fr.pc=0x00007f5fdc2e01a4 relative=0x00000000000003e4
Event: 0.985 Thread 0x00007f5fec017000 Uncommon trap: reason=unstable_if action=reinterpret pc=0x00007f5fdc2e01a4 method=java.lang.StringLatin1.indexOf([BI[BII)I @ 91 c2
Event: 0.985 Thread 0x00007f5fec017000 DEOPT PACKING pc=0x00007f5fdc2e01a4 sp=0x00007f5ff26912a0
Event: 0.985 Thread 0x00007f5fec017000 DEOPT UNPACKING pc=0x00007f5fd4841ea5 sp=0x00007f5ff2691220 mode 2
Event: 1.057 Thread 0x00007f5fec017000 DEOPT PACKING pc=0x00007f5fd4e5f708 sp=0x00007f5ff268edf0
Event: 1.058 Thread 0x00007f5fec017000 DEOPT UNPACKING pc=0x00007f5fd484264a sp=0x00007f5ff268e260 mode 0
Event: 1.133 Thread 0x00007f5fec017000 DEOPT PACKING pc=0x00007f5fd4e574c2 sp=0x00007f5ff26916b0
Event: 1.133 Thread 0x00007f5fec017000 DEOPT UNPACKING pc=0x00007f5fd484264a sp=0x00007f5ff2690b38 mode 0
Event: 1.135 Thread 0x00007f5fec017000 DEOPT PACKING pc=0x00007f5fd4e574c2 sp=0x00007f5ff26916b0
Event: 1.135 Thread 0x00007f5fec017000 DEOPT UNPACKING pc=0x00007f5fd484264a sp=0x00007f5ff2690b38 mode 0
Event: 1.139 Thread 0x00007f5fec017000 DEOPT PACKING pc=0x00007f5fd4e5f708 sp=0x00007f5ff2691370
Event: 1.139 Thread 0x00007f5fec017000 DEOPT UNPACKING pc=0x00007f5fd484264a sp=0x00007f5ff26907e0 mode 0

Classes redefined (0 events):
No events

Internal exceptions (20 events):
Event: 0.474 Thread 0x00007f5fec017000 Exception <a 'java/security/PrivilegedActionException'{0x00000000c6ee1510}> (0x00000000c6ee1510) thrown at [src/hotspot/share/prims/jvm.cpp, line 1304]
Event: 0.474 Thread 0x00007f5fec017000 Exception <a 'java/security/PrivilegedActionException'{0x00000000c6ee17e0}> (0x00000000c6ee17e0) thrown at [src/hotspot/share/prims/jvm.cpp, line 1304]
Event: 0.474 Thread 0x00007f5fec017000 Exception <a 'java/security/PrivilegedActionException'{0x00000000c6ee2150}> (0x00000000c6ee2150) thrown at [src/hotspot/share/prims/jvm.cpp, line 1304]
Event: 0.475 Thread 0x00007f5fec017000 Exception <a 'java/security/PrivilegedActionException'{0x00000000c6ee2420}> (0x00000000c6ee2420) thrown at [src/hotspot/share/prims/jvm.cpp, line 1304]
Event: 0.475 Thread 0x00007f5fec017000 Exception <a 'java/security/PrivilegedActionException'{0x00000000c6ee2d90}> (0x00000000c6ee2d90) thrown at [src/hotspot/share/prims/jvm.cpp, line 1304]
Event: 0.475 Thread 0x00007f5fec017000 Exception <a 'java/security/PrivilegedActionException'{0x00000000c6ee3060}> (0x00000000c6ee3060) thrown at [src/hotspot/share/prims/jvm.cpp, line 1304]
Event: 0.476 Thread 0x00007f5fec017000 Exception <a 'java/security/PrivilegedActionException'{0x00000000c6ee39e8}> (0x00000000c6ee39e8) thrown at [src/hotspot/share/prims/jvm.cpp, line 1304]
Event: 0.476 Thread 0x00007f5fec017000 Exception <a 'java/security/PrivilegedActionException'{0x00000000c6ee3cb8}> (0x00000000c6ee3cb8) thrown at [src/hotspot/share/prims/jvm.cpp, line 1304]
Event: 0.476 Thread 0x00007f5fec017000 Exception <a 'java/security/PrivilegedActionException'{0x00000000c6ee4640}> (0x00000000c6ee4640) thrown at [src/hotspot/share/prims/jvm.cpp, line 1304]
Event: 0.476 Thread 0x00007f5fec017000 Exception <a 'java/security/PrivilegedActionException'{0x00000000c6ee4910}> (0x00000000c6ee4910) thrown at [src/hotspot/share/prims/jvm.cpp, line 1304]
Event: 0.476 Thread 0x00007f5fec017000 Exception <a 'java/security/PrivilegedActionException'{0x00000000c6ee5298}> (0x00000000c6ee5298) thrown at [src/hotspot/share/prims/jvm.cpp, line 1304]
Event: 0.476 Thread 0x00007f5fec017000 Exception <a 'java/security/PrivilegedActionException'{0x00000000c6ee5568}> (0x00000000c6ee5568) thrown at [src/hotspot/share/prims/jvm.cpp, line 1304]
Event: 0.476 Thread 0x00007f5fec017000 Exception <a 'java/security/PrivilegedActionException'{0x00000000c6ee5ed8}> (0x00000000c6ee5ed8) thrown at [src/hotspot/share/prims/jvm.cpp, line 1304]
Event: 0.476 Thread 0x00007f5fec017000 Exception <a 'java/security/PrivilegedActionException'{0x00000000c6ee61a8}> (0x00000000c6ee61a8) thrown at [src/hotspot/share/prims/jvm.cpp, line 1304]
Event: 0.477 Thread 0x00007f5fec017000 Exception <a 'java/security/PrivilegedActionException'{0x00000000c6ee6b30}> (0x00000000c6ee6b30) thrown at [src/hotspot/share/prims/jvm.cpp, line 1304]
Event: 0.477 Thread 0x00007f5fec017000 Exception <a 'java/security/PrivilegedActionException'{0x00000000c6ee6e00}> (0x00000000c6ee6e00) thrown at [src/hotspot/share/prims/jvm.cpp, line 1304]
Event: 0.858 Thread 0x00007f5fec017000 Exception <a 'java/lang/NoSuchMethodError'{0x00000000c6abf9f8}: 'int java.lang.invoke.DirectMethodHandle$Holder.invokeStaticInit(java.lang.Object, java.lang.Object, java.lang.Object, java.lang.Object)'> (0x00000000c6abf9f8) thrown at [src/hotspot/share/interpreter/linkResolver.cpp, line 772]
Event: 0.859 Thread 0x00007f5fec017000 Exception <a 'java/lang/IncompatibleClassChangeError'{0x00000000c6ac9778}: Found class java.lang.Object, but interface was expected> (0x00000000c6ac9778) thrown at [src/hotspot/share/interpreter/linkResolver.cpp, line 839]
Event: 0.863 Thread 0x00007f5fec017000 Exception <a 'java/lang/NoSuchMethodError'{0x00000000c6acc928}: 'void java.lang.invoke.DirectMethodHandle$Holder.invokeStaticInit(java.lang.Object, java.lang.Object)'> (0x00000000c6acc928) thrown at [src/hotspot/share/interpreter/linkResolver.cpp, line 772]
Event: 0.866 Thread 0x00007f5fec017000 Exception <a 'java/lang/NoSuchMethodError'{0x00000000c6ad1db8}: 'int java.lang.invoke.DirectMethodHandle$Holder.invokeStaticInit(java.lang.Object, java.lang.Object)'> (0x00000000c6ad1db8) thrown at [src/hotspot/share/interpreter/linkResolver.cpp, line 772]

Events (20 events):
Event: 1.297 Executing VM operation: RevokeBias
Event: 1.298 Executing VM operation: RevokeBias done
Event: 1.298 Executing VM operation: RevokeBias
Event: 1.298 Executing VM operation: RevokeBias done
Event: 1.299 Executing VM operation: RevokeBias
Event: 1.299 Executing VM operation: RevokeBias done
Event: 1.300 Executing VM operation: RevokeBias
Event: 1.300 Executing VM operation: RevokeBias done
Event: 1.300 Executing VM operation: RevokeBias
Event: 1.300 Executing VM operation: RevokeBias done
Event: 1.301 Executing VM operation: RevokeBias
Event: 1.301 Executing VM operation: RevokeBias done
Event: 1.302 loading class sun/util/cldr/CLDRTimeZoneNameProviderImpl
Event: 1.302 loading class sun/util/locale/provider/TimeZoneNameProviderImpl
Event: 1.302 loading class sun/util/locale/provider/TimeZoneNameProviderImpl done
Event: 1.302 loading class sun/util/cldr/CLDRTimeZoneNameProviderImpl done
Event: 1.304 loading class sun/util/locale/provider/BaseLocaleDataMetaInfo
Event: 1.304 loading class sun/util/locale/provider/BaseLocaleDataMetaInfo done
Event: 1.309 loading class Helper
Event: 1.309 loading class Helper done


Dynamic libraries:
c3200000-c7000000 rw-p 00000000 00:00 0 
c7000000-ffe00000 ---p 00000000 00:00 0 
ffe00000-ffe48000 rw-p 00b0a000 08:05 940381                             /usr/lib/jvm/java-11-openjdk-amd64/lib/server/classes.jsa
ffe48000-fff00000 rw-p 00000000 00:00 0 
fff00000-fff6b000 rw-p 00a9f000 08:05 940381                             /usr/lib/jvm/java-11-openjdk-amd64/lib/server/classes.jsa
fff6b000-100000000 rw-p 00000000 00:00 0 
800000000-800002000 rwxp 00001000 08:05 940381                           /usr/lib/jvm/java-11-openjdk-amd64/lib/server/classes.jsa
800002000-8003cc000 rw-p 00003000 08:05 940381                           /usr/lib/jvm/java-11-openjdk-amd64/lib/server/classes.jsa
8003cc000-800a9d000 r--p 003cd000 08:05 940381                           /usr/lib/jvm/java-11-openjdk-amd64/lib/server/classes.jsa
800a9d000-800a9e000 rw-p 00a9e000 08:05 940381                           /usr/lib/jvm/java-11-openjdk-amd64/lib/server/classes.jsa
840000000-8400c0000 rw-p 00000000 00:00 0 
8400c0000-880000000 ---p 00000000 00:00 0 
55a94672e000-55a94672f000 r--p 00000000 08:05 941133                     /usr/lib/jvm/java-11-openjdk-amd64/bin/java
55a94672f000-55a946730000 r-xp 00001000 08:05 941133                     /usr/lib/jvm/java-11-openjdk-amd64/bin/java
55a946730000-55a946731000 r--p 00002000 08:05 941133                     /usr/lib/jvm/java-11-openjdk-amd64/bin/java
55a946731000-55a946732000 r--p 00002000 08:05 941133                     /usr/lib/jvm/java-11-openjdk-amd64/bin/java
55a946732000-55a946733000 rw-p 00003000 08:05 941133                     /usr/lib/jvm/java-11-openjdk-amd64/bin/java
55a946796000-55a9467d8000 rw-p 00000000 00:00 0                          [heap]
7f5f8952c000-7f5f89e52000 r--p 00000000 08:05 1461981                    /home/qutx/.javacpp/cache/llvm-13.0.1-1.5.7-linux-x86_64.jar/org/bytedeco/llvm/linux-x86_64/libLLVM-13.so
7f5f89e52000-7f5f8d815000 r-xp 00926000 08:05 1461981                    /home/qutx/.javacpp/cache/llvm-13.0.1-1.5.7-linux-x86_64.jar/org/bytedeco/llvm/linux-x86_64/libLLVM-13.so
7f5f8d815000-7f5f8fa6a000 r--p 042e9000 08:05 1461981                    /home/qutx/.javacpp/cache/llvm-13.0.1-1.5.7-linux-x86_64.jar/org/bytedeco/llvm/linux-x86_64/libLLVM-13.so
7f5f8fa6a000-7f5f8ff7f000 r--p 0653d000 08:05 1461981                    /home/qutx/.javacpp/cache/llvm-13.0.1-1.5.7-linux-x86_64.jar/org/bytedeco/llvm/linux-x86_64/libLLVM-13.so
7f5f8ff7f000-7f5f8ff8a000 rw-p 06a52000 08:05 1461981                    /home/qutx/.javacpp/cache/llvm-13.0.1-1.5.7-linux-x86_64.jar/org/bytedeco/llvm/linux-x86_64/libLLVM-13.so
7f5f8ff8a000-7f5f90000000 rw-p 00000000 00:00 0 
7f5f90000000-7f5f90021000 rw-p 00000000 00:00 0 
7f5f90021000-7f5f94000000 ---p 00000000 00:00 0 
7f5f98000000-7f5f9841f000 rw-p 00000000 00:00 0 
7f5f9841f000-7f5f9c000000 ---p 00000000 00:00 0 
7f5f9c000000-7f5f9c021000 rw-p 00000000 00:00 0 
7f5f9c021000-7f5fa0000000 ---p 00000000 00:00 0 
7f5fa0000000-7f5fa0021000 rw-p 00000000 00:00 0 
7f5fa0021000-7f5fa4000000 ---p 00000000 00:00 0 
7f5fa4000000-7f5fa422c000 rw-p 00000000 00:00 0 
7f5fa422c000-7f5fa8000000 ---p 00000000 00:00 0 
7f5fa8000000-7f5fa8021000 rw-p 00000000 00:00 0 
7f5fa8021000-7f5fac000000 ---p 00000000 00:00 0 
7f5faf222000-7f5fb0000000 r--p 00000000 08:05 922866                     /usr/lib/locale/locale-archive
7f5fb0000000-7f5fb0021000 rw-p 00000000 00:00 0 
7f5fb0021000-7f5fb4000000 ---p 00000000 00:00 0 
7f5fb4000000-7f5fb4021000 rw-p 00000000 00:00 0 
7f5fb4021000-7f5fb8000000 ---p 00000000 00:00 0 
7f5fb8000000-7f5fb8021000 rw-p 00000000 00:00 0 
7f5fb8021000-7f5fbc000000 ---p 00000000 00:00 0 
7f5fbc000000-7f5fbc021000 rw-p 00000000 00:00 0 
7f5fbc021000-7f5fc0000000 ---p 00000000 00:00 0 
7f5fc0000000-7f5fc0021000 rw-p 00000000 00:00 0 
7f5fc0021000-7f5fc4000000 ---p 00000000 00:00 0 
7f5fc4000000-7f5fc4021000 rw-p 00000000 00:00 0 
7f5fc4021000-7f5fc8000000 ---p 00000000 00:00 0 
7f5fc8000000-7f5fc8021000 rw-p 00000000 00:00 0 
7f5fc8021000-7f5fcc000000 ---p 00000000 00:00 0 
7f5fcc4be000-7f5fcc523000 r--p 00000000 08:05 1461986                    /home/qutx/.javacpp/cache/llvm-13.0.1-1.5.7-linux-x86_64.jar/org/bytedeco/llvm/linux-x86_64/libjniLLVM.so
7f5fcc523000-7f5fcc591000 r-xp 00065000 08:05 1461986                    /home/qutx/.javacpp/cache/llvm-13.0.1-1.5.7-linux-x86_64.jar/org/bytedeco/llvm/linux-x86_64/libjniLLVM.so
7f5fcc591000-7f5fcc5bc000 r--p 000d3000 08:05 1461986                    /home/qutx/.javacpp/cache/llvm-13.0.1-1.5.7-linux-x86_64.jar/org/bytedeco/llvm/linux-x86_64/libjniLLVM.so
7f5fcc5bc000-7f5fcc5bf000 r--p 000fd000 08:05 1461986                    /home/qutx/.javacpp/cache/llvm-13.0.1-1.5.7-linux-x86_64.jar/org/bytedeco/llvm/linux-x86_64/libjniLLVM.so
7f5fcc5bf000-7f5fcc5c2000 rw-p 00100000 08:05 1461986                    /home/qutx/.javacpp/cache/llvm-13.0.1-1.5.7-linux-x86_64.jar/org/bytedeco/llvm/linux-x86_64/libjniLLVM.so
7f5fcc5c2000-7f5fcc5c4000 rw-p 00000000 00:00 0 
7f5fcc5c4000-7f5fcc5c8000 ---p 00000000 00:00 0 
7f5fcc5c8000-7f5fcc6c5000 rw-p 00000000 00:00 0 
7f5fcc6c5000-7f5fcc6c9000 ---p 00000000 00:00 0 
7f5fcc6c9000-7f5fcc7c6000 rw-p 00000000 00:00 0 
7f5fcc7c6000-7f5fcc7c7000 ---p 00000000 00:00 0 
7f5fcc7c7000-7f5fcce88000 rw-p 00000000 00:00 0 
7f5fcce88000-7f5fcd0c8000 ---p 00000000 00:00 0 
7f5fcd0c8000-7f5fcf1c0000 rw-p 00000000 00:00 0 
7f5fcf1c0000-7f5fcfff8000 ---p 00000000 00:00 0 
7f5fcfff8000-7f5fd0000000 rw-p 00000000 00:00 0 
7f5fd0000000-7f5fd0021000 rw-p 00000000 00:00 0 
7f5fd0021000-7f5fd4000000 ---p 00000000 00:00 0 
7f5fd40c5000-7f5fd40cc000 r--s 00000000 08:05 1447316                    /usr/lib/x86_64-linux-gnu/gconv/gconv-modules.cache
7f5fd40cc000-7f5fd40d3000 r--p 00000000 08:05 1461982                    /home/qutx/.javacpp/cache/llvm-13.0.1-1.5.7-linux-x86_64.jar/org/bytedeco/llvm/linux-x86_64/libLTO.so.13
7f5fd40d3000-7f5fd40db000 r-xp 00007000 08:05 1461982                    /home/qutx/.javacpp/cache/llvm-13.0.1-1.5.7-linux-x86_64.jar/org/bytedeco/llvm/linux-x86_64/libLTO.so.13
7f5fd40db000-7f5fd40dd000 r--p 0000f000 08:05 1461982                    /home/qutx/.javacpp/cache/llvm-13.0.1-1.5.7-linux-x86_64.jar/org/bytedeco/llvm/linux-x86_64/libLTO.so.13
7f5fd40dd000-7f5fd40de000 r--p 00010000 08:05 1461982                    /home/qutx/.javacpp/cache/llvm-13.0.1-1.5.7-linux-x86_64.jar/org/bytedeco/llvm/linux-x86_64/libLTO.so.13
7f5fd40de000-7f5fd40df000 rw-p 00011000 08:05 1461982                    /home/qutx/.javacpp/cache/llvm-13.0.1-1.5.7-linux-x86_64.jar/org/bytedeco/llvm/linux-x86_64/libLTO.so.13
7f5fd40df000-7f5fd40e3000 r--p 00000000 08:05 1461975                    /home/qutx/.javacpp/cache/javacpp-1.5.7-linux-x86_64.jar/org/bytedeco/javacpp/linux-x86_64/libjnijavacpp.so
7f5fd40e3000-7f5fd40ea000 r-xp 00004000 08:05 1461975                    /home/qutx/.javacpp/cache/javacpp-1.5.7-linux-x86_64.jar/org/bytedeco/javacpp/linux-x86_64/libjnijavacpp.so
7f5fd40ea000-7f5fd40ee000 r--p 0000b000 08:05 1461975                    /home/qutx/.javacpp/cache/javacpp-1.5.7-linux-x86_64.jar/org/bytedeco/javacpp/linux-x86_64/libjnijavacpp.so
7f5fd40ee000-7f5fd40ef000 r--p 0000e000 08:05 1461975                    /home/qutx/.javacpp/cache/javacpp-1.5.7-linux-x86_64.jar/org/bytedeco/javacpp/linux-x86_64/libjnijavacpp.so
7f5fd40ef000-7f5fd40f0000 rw-p 0000f000 08:05 1461975                    /home/qutx/.javacpp/cache/javacpp-1.5.7-linux-x86_64.jar/org/bytedeco/javacpp/linux-x86_64/libjnijavacpp.so
7f5fd40f0000-7f5fd40f1000 ---p 00000000 00:00 0 
7f5fd40f1000-7f5fd41f2000 rw-p 00000000 00:00 0 
7f5fd41f2000-7f5fd41f6000 ---p 00000000 00:00 0 
7f5fd41f6000-7f5fd42f3000 rw-p 00000000 00:00 0 
7f5fd42f3000-7f5fd42f7000 ---p 00000000 00:00 0 
7f5fd42f7000-7f5fd43f4000 rw-p 00000000 00:00 0 
7f5fd43f4000-7f5fd43f8000 ---p 00000000 00:00 0 
7f5fd43f8000-7f5fd44f5000 rw-p 00000000 00:00 0 
7f5fd44f5000-7f5fd44f9000 ---p 00000000 00:00 0 
7f5fd44f9000-7f5fd45f6000 rw-p 00000000 00:00 0 
7f5fd45f6000-7f5fd45fa000 ---p 00000000 00:00 0 
7f5fd45fa000-7f5fd46f7000 rw-p 00000000 00:00 0 
7f5fd46f7000-7f5fd46fb000 ---p 00000000 00:00 0 
7f5fd46fb000-7f5fd47f8000 rw-p 00000000 00:00 0 
7f5fd47f8000-7f5fd4a68000 rwxp 00000000 00:00 0 
7f5fd4a68000-7f5fd4d87000 ---p 00000000 00:00 0 
7f5fd4d87000-7f5fd4ff7000 rwxp 00000000 00:00 0 
7f5fd4ff7000-7f5fdc2bf000 ---p 00000000 00:00 0 
7f5fdc2bf000-7f5fdc52f000 rwxp 00000000 00:00 0 
7f5fdc52f000-7f5fe37f8000 ---p 00000000 00:00 0 
7f5fe37f8000-7f5fec000000 r--s 00000000 08:05 941218                     /usr/lib/jvm/java-11-openjdk-amd64/lib/modules
7f5fec000000-7f5fec3ca000 rw-p 00000000 00:00 0 
7f5fec3ca000-7f5ff0000000 ---p 00000000 00:00 0 
7f5ff0005000-7f5ff0006000 r--p 00000000 08:05 1461984                    /home/qutx/.javacpp/cache/llvm-13.0.1-1.5.7-linux-x86_64.jar/org/bytedeco/llvm/linux-x86_64/libRemarks.so.13
7f5ff0006000-7f5ff0007000 r-xp 00001000 08:05 1461984                    /home/qutx/.javacpp/cache/llvm-13.0.1-1.5.7-linux-x86_64.jar/org/bytedeco/llvm/linux-x86_64/libRemarks.so.13
7f5ff0007000-7f5ff0008000 r--p 00002000 08:05 1461984                    /home/qutx/.javacpp/cache/llvm-13.0.1-1.5.7-linux-x86_64.jar/org/bytedeco/llvm/linux-x86_64/libRemarks.so.13
7f5ff0008000-7f5ff0009000 r--p 00002000 08:05 1461984                    /home/qutx/.javacpp/cache/llvm-13.0.1-1.5.7-linux-x86_64.jar/org/bytedeco/llvm/linux-x86_64/libRemarks.so.13
7f5ff0009000-7f5ff000a000 rw-p 00003000 08:05 1461984                    /home/qutx/.javacpp/cache/llvm-13.0.1-1.5.7-linux-x86_64.jar/org/bytedeco/llvm/linux-x86_64/libRemarks.so.13
7f5ff000a000-7f5ff000b000 r--p 00000000 08:05 941190                     /usr/lib/jvm/java-11-openjdk-amd64/lib/libextnet.so
7f5ff000b000-7f5ff000c000 r-xp 00001000 08:05 941190                     /usr/lib/jvm/java-11-openjdk-amd64/lib/libextnet.so
7f5ff000c000-7f5ff000d000 r--p 00002000 08:05 941190                     /usr/lib/jvm/java-11-openjdk-amd64/lib/libextnet.so
7f5ff000d000-7f5ff000e000 r--p 00002000 08:05 941190                     /usr/lib/jvm/java-11-openjdk-amd64/lib/libextnet.so
7f5ff000e000-7f5ff000f000 rw-p 00003000 08:05 941190                     /usr/lib/jvm/java-11-openjdk-amd64/lib/libextnet.so
7f5ff000f000-7f5ff0013000 r--p 00000000 08:05 941208                     /usr/lib/jvm/java-11-openjdk-amd64/lib/libnet.so
7f5ff0013000-7f5ff0021000 r-xp 00004000 08:05 941208                     /usr/lib/jvm/java-11-openjdk-amd64/lib/libnet.so
7f5ff0021000-7f5ff0025000 r--p 00012000 08:05 941208                     /usr/lib/jvm/java-11-openjdk-amd64/lib/libnet.so
7f5ff0025000-7f5ff0026000 r--p 00015000 08:05 941208                     /usr/lib/jvm/java-11-openjdk-amd64/lib/libnet.so
7f5ff0026000-7f5ff0027000 rw-p 00016000 08:05 941208                     /usr/lib/jvm/java-11-openjdk-amd64/lib/libnet.so
7f5ff0027000-7f5ff002e000 r--p 00000000 08:05 941209                     /usr/lib/jvm/java-11-openjdk-amd64/lib/libnio.so
7f5ff002e000-7f5ff0036000 r-xp 00007000 08:05 941209                     /usr/lib/jvm/java-11-openjdk-amd64/lib/libnio.so
7f5ff0036000-7f5ff0039000 r--p 0000f000 08:05 941209                     /usr/lib/jvm/java-11-openjdk-amd64/lib/libnio.so
7f5ff0039000-7f5ff003a000 r--p 00011000 08:05 941209                     /usr/lib/jvm/java-11-openjdk-amd64/lib/libnio.so
7f5ff003a000-7f5ff003b000 rw-p 00012000 08:05 941209                     /usr/lib/jvm/java-11-openjdk-amd64/lib/libnio.so
7f5ff003b000-7f5ff003f000 ---p 00000000 00:00 0 
7f5ff003f000-7f5ff013c000 rw-p 00000000 00:00 0 
7f5ff013c000-7f5ff0140000 ---p 00000000 00:00 0 
7f5ff0140000-7f5ff023d000 rw-p 00000000 00:00 0 
7f5ff023d000-7f5ff0241000 ---p 00000000 00:00 0 
7f5ff0241000-7f5ff033e000 rw-p 00000000 00:00 0 
7f5ff033e000-7f5ff033f000 ---p 00000000 00:00 0 
7f5ff033f000-7f5ff051c000 rw-p 00000000 00:00 0 
7f5ff051c000-7f5ff051d000 ---p 00000000 00:00 0 
7f5ff051d000-7f5ff061e000 rw-p 00000000 00:00 0 
7f5ff061e000-7f5ff061f000 ---p 00000000 00:00 0 
7f5ff061f000-7f5ff0922000 rw-p 00000000 00:00 0 
7f5ff0922000-7f5ff0923000 ---p 00000000 00:00 0 
7f5ff0923000-7f5ff0a24000 rw-p 00000000 00:00 0 
7f5ff0a24000-7f5ff0a25000 ---p 00000000 00:00 0 
7f5ff0a25000-7f5ff0c3f000 rw-p 00000000 00:00 0 
7f5ff0c3f000-7f5ff1a77000 ---p 00000000 00:00 0 
7f5ff1a77000-7f5ff1a9e000 rw-p 00000000 00:00 0 
7f5ff1a9e000-7f5ff1c65000 ---p 00000000 00:00 0 
7f5ff1c65000-7f5ff1c85000 rw-p 00000000 00:00 0 
7f5ff1c85000-7f5ff1e4c000 ---p 00000000 00:00 0 
7f5ff1e4c000-7f5ff1e6c000 rw-p 00000000 00:00 0 
7f5ff1e6c000-7f5ff2033000 ---p 00000000 00:00 0 
7f5ff2033000-7f5ff2236000 rw-p 00000000 00:00 0 
7f5ff2236000-7f5ff2237000 ---p 00000000 00:00 0 
7f5ff2237000-7f5ff233d000 rw-p 00000000 00:00 0 
7f5ff233d000-7f5ff2423000 ---p 00000000 00:00 0 
7f5ff2423000-7f5ff2428000 rw-p 00000000 00:00 0 
7f5ff2428000-7f5ff250e000 ---p 00000000 00:00 0 
7f5ff250e000-7f5ff2513000 rw-p 00000000 00:00 0 
7f5ff2513000-7f5ff251a000 ---p 00000000 00:00 0 
7f5ff251a000-7f5ff251c000 r--s 0000c000 08:05 1582274                    /usr/share/java/java-atk-wrapper.jar
7f5ff251c000-7f5ff251f000 r--p 00000000 08:05 924341                     /usr/lib/x86_64-linux-gnu/libnss_files-2.31.so
7f5ff251f000-7f5ff2526000 r-xp 00003000 08:05 924341                     /usr/lib/x86_64-linux-gnu/libnss_files-2.31.so
7f5ff2526000-7f5ff2528000 r--p 0000a000 08:05 924341                     /usr/lib/x86_64-linux-gnu/libnss_files-2.31.so
7f5ff2528000-7f5ff2529000 r--p 0000b000 08:05 924341                     /usr/lib/x86_64-linux-gnu/libnss_files-2.31.so
7f5ff2529000-7f5ff252a000 rw-p 0000c000 08:05 924341                     /usr/lib/x86_64-linux-gnu/libnss_files-2.31.so
7f5ff252a000-7f5ff2530000 rw-p 00000000 00:00 0 
7f5ff2530000-7f5ff2532000 r--p 00000000 08:05 941217                     /usr/lib/jvm/java-11-openjdk-amd64/lib/libzip.so
7f5ff2532000-7f5ff2537000 r-xp 00002000 08:05 941217                     /usr/lib/jvm/java-11-openjdk-amd64/lib/libzip.so
7f5ff2537000-7f5ff2539000 r--p 00007000 08:05 941217                     /usr/lib/jvm/java-11-openjdk-amd64/lib/libzip.so
7f5ff2539000-7f5ff253a000 r--p 00008000 08:05 941217                     /usr/lib/jvm/java-11-openjdk-amd64/lib/libzip.so
7f5ff253a000-7f5ff253b000 rw-p 00009000 08:05 941217                     /usr/lib/jvm/java-11-openjdk-amd64/lib/libzip.so
7f5ff253b000-7f5ff2543000 rw-s 00000000 08:05 2361554                    /tmp/hsperfdata_qutx/16994
7f5ff2543000-7f5ff2545000 r--p 00000000 08:05 941192                     /usr/lib/jvm/java-11-openjdk-amd64/lib/libinstrument.so
7f5ff2545000-7f5ff254b000 r-xp 00002000 08:05 941192                     /usr/lib/jvm/java-11-openjdk-amd64/lib/libinstrument.so
7f5ff254b000-7f5ff254e000 r--p 00008000 08:05 941192                     /usr/lib/jvm/java-11-openjdk-amd64/lib/libinstrument.so
7f5ff254e000-7f5ff254f000 r--p 0000a000 08:05 941192                     /usr/lib/jvm/java-11-openjdk-amd64/lib/libinstrument.so
7f5ff254f000-7f5ff2550000 rw-p 0000b000 08:05 941192                     /usr/lib/jvm/java-11-openjdk-amd64/lib/libinstrument.so
7f5ff2550000-7f5ff2551000 ---p 00000000 00:00 0 
7f5ff2551000-7f5ff2552000 r--p 00000000 00:00 0 
7f5ff2552000-7f5ff2554000 r--p 00000000 08:05 941200                     /usr/lib/jvm/java-11-openjdk-amd64/lib/libjimage.so
7f5ff2554000-7f5ff2557000 r-xp 00002000 08:05 941200                     /usr/lib/jvm/java-11-openjdk-amd64/lib/libjimage.so
7f5ff2557000-7f5ff2558000 r--p 00005000 08:05 941200                     /usr/lib/jvm/java-11-openjdk-amd64/lib/libjimage.so
7f5ff2558000-7f5ff2559000 ---p 00006000 08:05 941200                     /usr/lib/jvm/java-11-openjdk-amd64/lib/libjimage.so
7f5ff2559000-7f5ff255a000 r--p 00006000 08:05 941200                     /usr/lib/jvm/java-11-openjdk-amd64/lib/libjimage.so
7f5ff255a000-7f5ff255b000 rw-p 00007000 08:05 941200                     /usr/lib/jvm/java-11-openjdk-amd64/lib/libjimage.so
7f5ff255b000-7f5ff2569000 r--p 00000000 08:05 941197                     /usr/lib/jvm/java-11-openjdk-amd64/lib/libjava.so
7f5ff2569000-7f5ff257f000 r-xp 0000e000 08:05 941197                     /usr/lib/jvm/java-11-openjdk-amd64/lib/libjava.so
7f5ff257f000-7f5ff2586000 r--p 00024000 08:05 941197                     /usr/lib/jvm/java-11-openjdk-amd64/lib/libjava.so
7f5ff2586000-7f5ff2587000 r--p 0002a000 08:05 941197                     /usr/lib/jvm/java-11-openjdk-amd64/lib/libjava.so
7f5ff2587000-7f5ff2588000 rw-p 0002b000 08:05 941197                     /usr/lib/jvm/java-11-openjdk-amd64/lib/libjava.so
7f5ff2588000-7f5ff2589000 rw-p 00000000 00:00 0 
7f5ff2589000-7f5ff258b000 r--p 00000000 08:05 924550                     /usr/lib/x86_64-linux-gnu/librt-2.31.so
7f5ff258b000-7f5ff258f000 r-xp 00002000 08:05 924550                     /usr/lib/x86_64-linux-gnu/librt-2.31.so
7f5ff258f000-7f5ff2591000 r--p 00006000 08:05 924550                     /usr/lib/x86_64-linux-gnu/librt-2.31.so
7f5ff2591000-7f5ff2592000 r--p 00007000 08:05 924550                     /usr/lib/x86_64-linux-gnu/librt-2.31.so
7f5ff2592000-7f5ff2593000 rw-p 00008000 08:05 924550                     /usr/lib/x86_64-linux-gnu/librt-2.31.so
7f5ff2593000-7f5ff2597000 ---p 00000000 00:00 0 
7f5ff2597000-7f5ff2694000 rw-p 00000000 00:00 0 
7f5ff2694000-7f5ff2697000 r--p 00000000 08:05 923854                     /usr/lib/x86_64-linux-gnu/libgcc_s.so.1
7f5ff2697000-7f5ff26a9000 r-xp 00003000 08:05 923854                     /usr/lib/x86_64-linux-gnu/libgcc_s.so.1
7f5ff26a9000-7f5ff26ad000 r--p 00015000 08:05 923854                     /usr/lib/x86_64-linux-gnu/libgcc_s.so.1
7f5ff26ad000-7f5ff26ae000 r--p 00018000 08:05 923854                     /usr/lib/x86_64-linux-gnu/libgcc_s.so.1
7f5ff26ae000-7f5ff26af000 rw-p 00019000 08:05 923854                     /usr/lib/x86_64-linux-gnu/libgcc_s.so.1
7f5ff26af000-7f5ff26bc000 r--p 00000000 08:05 924215                     /usr/lib/x86_64-linux-gnu/libm-2.31.so
7f5ff26bc000-7f5ff2763000 r-xp 0000d000 08:05 924215                     /usr/lib/x86_64-linux-gnu/libm-2.31.so
7f5ff2763000-7f5ff27fc000 r--p 000b4000 08:05 924215                     /usr/lib/x86_64-linux-gnu/libm-2.31.so
7f5ff27fc000-7f5ff27fd000 r--p 0014c000 08:05 924215                     /usr/lib/x86_64-linux-gnu/libm-2.31.so
7f5ff27fd000-7f5ff27fe000 rw-p 0014d000 08:05 924215                     /usr/lib/x86_64-linux-gnu/libm-2.31.so
7f5ff27fe000-7f5ff2894000 r--p 00000000 08:05 924659                     /usr/lib/x86_64-linux-gnu/libstdc++.so.6.0.28
7f5ff2894000-7f5ff2985000 r-xp 00096000 08:05 924659                     /usr/lib/x86_64-linux-gnu/libstdc++.so.6.0.28
7f5ff2985000-7f5ff29ce000 r--p 00187000 08:05 924659                     /usr/lib/x86_64-linux-gnu/libstdc++.so.6.0.28
7f5ff29ce000-7f5ff29cf000 ---p 001d0000 08:05 924659                     /usr/lib/x86_64-linux-gnu/libstdc++.so.6.0.28
7f5ff29cf000-7f5ff29da000 r--p 001d0000 08:05 924659                     /usr/lib/x86_64-linux-gnu/libstdc++.so.6.0.28
7f5ff29da000-7f5ff29dd000 rw-p 001db000 08:05 924659                     /usr/lib/x86_64-linux-gnu/libstdc++.so.6.0.28
7f5ff29dd000-7f5ff29e0000 rw-p 00000000 00:00 0 
7f5ff29e0000-7f5ff2c62000 r--p 00000000 08:05 941221                     /usr/lib/jvm/java-11-openjdk-amd64/lib/server/libjvm.so
7f5ff2c62000-7f5ff38f0000 r-xp 00282000 08:05 941221                     /usr/lib/jvm/java-11-openjdk-amd64/lib/server/libjvm.so
7f5ff38f0000-7f5ff3b4e000 r--p 00f10000 08:05 941221                     /usr/lib/jvm/java-11-openjdk-amd64/lib/server/libjvm.so
7f5ff3b4e000-7f5ff3b4f000 ---p 0116e000 08:05 941221                     /usr/lib/jvm/java-11-openjdk-amd64/lib/server/libjvm.so
7f5ff3b4f000-7f5ff3c13000 r--p 0116e000 08:05 941221                     /usr/lib/jvm/java-11-openjdk-amd64/lib/server/libjvm.so
7f5ff3c13000-7f5ff3c4e000 rw-p 01232000 08:05 941221                     /usr/lib/jvm/java-11-openjdk-amd64/lib/server/libjvm.so
7f5ff3c4e000-7f5ff3ca7000 rw-p 00000000 00:00 0 
7f5ff3ca7000-7f5ff3cad000 r--p 00000000 08:05 924485                     /usr/lib/x86_64-linux-gnu/libpthread-2.31.so
7f5ff3cad000-7f5ff3cbe000 r-xp 00006000 08:05 924485                     /usr/lib/x86_64-linux-gnu/libpthread-2.31.so
7f5ff3cbe000-7f5ff3cc4000 r--p 00017000 08:05 924485                     /usr/lib/x86_64-linux-gnu/libpthread-2.31.so
7f5ff3cc4000-7f5ff3cc5000 r--p 0001c000 08:05 924485                     /usr/lib/x86_64-linux-gnu/libpthread-2.31.so
7f5ff3cc5000-7f5ff3cc6000 rw-p 0001d000 08:05 924485                     /usr/lib/x86_64-linux-gnu/libpthread-2.31.so
7f5ff3cc6000-7f5ff3cca000 rw-p 00000000 00:00 0 
7f5ff3cca000-7f5ff3ccb000 r--p 00000000 08:05 923700                     /usr/lib/x86_64-linux-gnu/libdl-2.31.so
7f5ff3ccb000-7f5ff3ccd000 r-xp 00001000 08:05 923700                     /usr/lib/x86_64-linux-gnu/libdl-2.31.so
7f5ff3ccd000-7f5ff3cce000 r--p 00003000 08:05 923700                     /usr/lib/x86_64-linux-gnu/libdl-2.31.so
7f5ff3cce000-7f5ff3ccf000 r--p 00003000 08:05 923700                     /usr/lib/x86_64-linux-gnu/libdl-2.31.so
7f5ff3ccf000-7f5ff3cd0000 rw-p 00004000 08:05 923700                     /usr/lib/x86_64-linux-gnu/libdl-2.31.so
7f5ff3cd0000-7f5ff3cd2000 r--p 00000000 08:05 923674                     /usr/lib/x86_64-linux-gnu/libz.so.1.2.11
7f5ff3cd2000-7f5ff3ce3000 r-xp 00002000 08:05 923674                     /usr/lib/x86_64-linux-gnu/libz.so.1.2.11
7f5ff3ce3000-7f5ff3ce9000 r--p 00013000 08:05 923674                     /usr/lib/x86_64-linux-gnu/libz.so.1.2.11
7f5ff3ce9000-7f5ff3cea000 ---p 00019000 08:05 923674                     /usr/lib/x86_64-linux-gnu/libz.so.1.2.11
7f5ff3cea000-7f5ff3ceb000 r--p 00019000 08:05 923674                     /usr/lib/x86_64-linux-gnu/libz.so.1.2.11
7f5ff3ceb000-7f5ff3cec000 rw-p 0001a000 08:05 923674                     /usr/lib/x86_64-linux-gnu/libz.so.1.2.11
7f5ff3cec000-7f5ff3d0e000 r--p 00000000 08:05 923557                     /usr/lib/x86_64-linux-gnu/libc-2.31.so
7f5ff3d0e000-7f5ff3e86000 r-xp 00022000 08:05 923557                     /usr/lib/x86_64-linux-gnu/libc-2.31.so
7f5ff3e86000-7f5ff3ed4000 r--p 0019a000 08:05 923557                     /usr/lib/x86_64-linux-gnu/libc-2.31.so
7f5ff3ed4000-7f5ff3ed8000 r--p 001e7000 08:05 923557                     /usr/lib/x86_64-linux-gnu/libc-2.31.so
7f5ff3ed8000-7f5ff3eda000 rw-p 001eb000 08:05 923557                     /usr/lib/x86_64-linux-gnu/libc-2.31.so
7f5ff3eda000-7f5ff3ede000 rw-p 00000000 00:00 0 
7f5ff3edf000-7f5ff3ee4000 r--p 00000000 08:05 941216                     /usr/lib/jvm/java-11-openjdk-amd64/lib/libverify.so
7f5ff3ee4000-7f5ff3eeb000 r-xp 00005000 08:05 941216                     /usr/lib/jvm/java-11-openjdk-amd64/lib/libverify.so
7f5ff3eeb000-7f5ff3eed000 r--p 0000c000 08:05 941216                     /usr/lib/jvm/java-11-openjdk-amd64/lib/libverify.so
7f5ff3eed000-7f5ff3eee000 ---p 0000e000 08:05 941216                     /usr/lib/jvm/java-11-openjdk-amd64/lib/libverify.so
7f5ff3eee000-7f5ff3ef0000 r--p 0000e000 08:05 941216                     /usr/lib/jvm/java-11-openjdk-amd64/lib/libverify.so
7f5ff3ef0000-7f5ff3ef1000 rw-p 00010000 08:05 941216                     /usr/lib/jvm/java-11-openjdk-amd64/lib/libverify.so
7f5ff3ef1000-7f5ff3ef4000 r--p 00000000 08:05 941182                     /usr/lib/jvm/java-11-openjdk-amd64/lib/jli/libjli.so
7f5ff3ef4000-7f5ff3efe000 r-xp 00003000 08:05 941182                     /usr/lib/jvm/java-11-openjdk-amd64/lib/jli/libjli.so
7f5ff3efe000-7f5ff3f01000 r--p 0000d000 08:05 941182                     /usr/lib/jvm/java-11-openjdk-amd64/lib/jli/libjli.so
7f5ff3f01000-7f5ff3f02000 ---p 00010000 08:05 941182                     /usr/lib/jvm/java-11-openjdk-amd64/lib/jli/libjli.so
7f5ff3f02000-7f5ff3f03000 r--p 00010000 08:05 941182                     /usr/lib/jvm/java-11-openjdk-amd64/lib/jli/libjli.so
7f5ff3f03000-7f5ff3f04000 rw-p 00011000 08:05 941182                     /usr/lib/jvm/java-11-openjdk-amd64/lib/jli/libjli.so
7f5ff3f04000-7f5ff3f06000 rw-p 00000000 00:00 0 
7f5ff3f06000-7f5ff3f07000 r--p 00000000 08:05 923337                     /usr/lib/x86_64-linux-gnu/ld-2.31.so
7f5ff3f07000-7f5ff3f2a000 r-xp 00001000 08:05 923337                     /usr/lib/x86_64-linux-gnu/ld-2.31.so
7f5ff3f2a000-7f5ff3f32000 r--p 00024000 08:05 923337                     /usr/lib/x86_64-linux-gnu/ld-2.31.so
7f5ff3f33000-7f5ff3f34000 r--p 0002c000 08:05 923337                     /usr/lib/x86_64-linux-gnu/ld-2.31.so
7f5ff3f34000-7f5ff3f35000 rw-p 0002d000 08:05 923337                     /usr/lib/x86_64-linux-gnu/ld-2.31.so
7f5ff3f35000-7f5ff3f36000 rw-p 00000000 00:00 0 
7ffc5056b000-7ffc5058c000 rw-p 00000000 00:00 0                          [stack]
7ffc505b9000-7ffc505bd000 r--p 00000000 00:00 0                          [vvar]
7ffc505bd000-7ffc505bf000 r-xp 00000000 00:00 0                          [vdso]
ffffffffff600000-ffffffffff601000 --xp 00000000 00:00 0                  [vsyscall]


VM Arguments:
jvm_args: -javaagent:/opt/idea-IC-223.8617.56/lib/idea_rt.jar=36457:/opt/idea-IC-223.8617.56/bin -Dfile.encoding=UTF-8 
java_command: Main tests/test1.sysy
java_class_path (initial): /home/qutx/Desktop/study/compile/Lab/out/production/Lab:/usr/local/lib/antlr-4.9.1-complete.jar:/usr/local/lib/javacpp-1.5.7-linux-x86_64.jar:/usr/local/lib/javacpp-1.5.7.jar:/usr/local/lib/llvm-13.0.1-1.5.7-linux-x86_64.jar:/usr/local/lib/llvm-13.0.1-1.5.7.jar:/usr/local/lib/llvm-platform-13.0.1-1.5.7.jar:/home/qutx/Desktop/study/compile/Lab
Launcher Type: SUN_STANDARD

[Global flags]
     intx CICompilerCount                          = 2                                         {product} {ergonomic}
     uint ConcGCThreads                            = 1                                         {product} {ergonomic}
     uint G1ConcRefinementThreads                  = 2                                         {product} {ergonomic}
   size_t G1HeapRegionSize                         = 1048576                                   {product} {ergonomic}
    uintx GCDrainStackTargetSize                   = 64                                        {product} {ergonomic}
   size_t InitialHeapSize                          = 65011712                                  {product} {ergonomic}
   size_t MarkStackSize                            = 4194304                                   {product} {ergonomic}
   size_t MaxHeapSize                              = 1021313024                                {product} {ergonomic}
   size_t MaxNewSize                               = 612368384                                 {product} {ergonomic}
   size_t MinHeapDeltaBytes                        = 1048576                                   {product} {ergonomic}
    uintx NonNMethodCodeHeapSize                   = 5825164                                {pd product} {ergonomic}
    uintx NonProfiledCodeHeapSize                  = 122916538                              {pd product} {ergonomic}
    uintx ProfiledCodeHeapSize                     = 122916538                              {pd product} {ergonomic}
    uintx ReservedCodeCacheSize                    = 251658240                              {pd product} {ergonomic}
     bool SegmentedCodeCache                       = true                                      {product} {ergonomic}
     bool UseCompressedClassPointers               = true                                 {lp64_product} {ergonomic}
     bool UseCompressedOops                        = true                                 {lp64_product} {ergonomic}
     bool UseG1GC                                  = true                                      {product} {ergonomic}

Logging:
Log output configuration:
 #0: stdout all=warning uptime,level,tags
 #1: stderr all=off uptime,level,tags

Environment Variables:
JAVA_HOME=/opt/jdk-19.0.2
PATH=/opt/idea-IC-223.8617.56/bin:/opt/jdk-19.0.2/bin:/usr/local/sbin:/usr/local/bin:/usr/sbin:/usr/bin:/sbin:/bin:/usr/games:/usr/local/games:/snap/bin
USERNAME=qutx
SHELL=/bin/bash
DISPLAY=:0
LANG=en_US.UTF-8
LC_NUMERIC=zh_CN.UTF-8
LC_TIME=zh_CN.UTF-8
TERM=xterm-256color

Signal Handlers:
SIGSEGV: [libjvm.so+0xe9ca60], sa_mask[0]=11111111011111111101111111111110, sa_flags=SA_RESTART|SA_SIGINFO
SIGBUS: [libjvm.so+0xe9ca60], sa_mask[0]=11111111011111111101111111111110, sa_flags=SA_RESTART|SA_SIGINFO
SIGFPE: [libjvm.so+0xe9ca60], sa_mask[0]=11111111011111111101111111111110, sa_flags=SA_RESTART|SA_SIGINFO
SIGPIPE: [libjvm.so+0xbe31b0], sa_mask[0]=11111111011111111101111111111110, sa_flags=SA_RESTART|SA_SIGINFO
SIGXFSZ: [libjvm.so+0xbe31b0], sa_mask[0]=11111111011111111101111111111110, sa_flags=SA_RESTART|SA_SIGINFO
SIGILL: [libjvm.so+0xe9ca60], sa_mask[0]=11111111011111111101111111111110, sa_flags=SA_RESTART|SA_SIGINFO
SIGUSR2: [libjvm.so+0xbe3050], sa_mask[0]=00100000000000000000000000000000, sa_flags=SA_RESTART|SA_SIGINFO
SIGHUP: [libjvm.so+0xbe3340], sa_mask[0]=11111111011111111101111111111110, sa_flags=SA_RESTART|SA_SIGINFO
SIGINT: [libjvm.so+0xbe3340], sa_mask[0]=11111111011111111101111111111110, sa_flags=SA_RESTART|SA_SIGINFO
SIGTERM: [libjvm.so+0xbe3340], sa_mask[0]=11111111011111111101111111111110, sa_flags=SA_RESTART|SA_SIGINFO
SIGQUIT: [libjvm.so+0xbe3340], sa_mask[0]=11111111011111111101111111111110, sa_flags=SA_RESTART|SA_SIGINFO


---------------  S Y S T E M  ---------------

OS:DISTRIB_ID=Ubuntu
DISTRIB_RELEASE=20.04
DISTRIB_CODENAME=focal
DISTRIB_DESCRIPTION="Ubuntu 20.04.6 LTS"
uname:Linux 5.15.0-71-generic #78~20.04.1-Ubuntu SMP Wed Apr 19 11:26:48 UTC 2023 x86_64
OS uptime: 0 days 5:06 hours
libc:glibc 2.31 NPTL 2.31 
rlimit (soft/hard): STACK 8192k/infinity , CORE 0k/infinity , NPROC 15242/15242 , NOFILE 1048576/1048576 , AS infinity/infinity , CPU infinity/infinity , DATA infinity/infinity , FSIZE infinity/infinity , MEMLOCK 65536k/65536k
load average:1.24 0.89 0.74

/proc/meminfo:
MemTotal:        3983196 kB
MemFree:          320300 kB
MemAvailable:     857540 kB
Buffers:           19128 kB
Cached:           669372 kB
SwapCached:        76308 kB
Active:          1064224 kB
Inactive:        2009812 kB
Active(anon):     597020 kB
Inactive(anon):  1789984 kB
Active(file):     467204 kB
Inactive(file):   219828 kB
Unevictable:           0 kB
Mlocked:               0 kB
SwapTotal:       2097148 kB
SwapFree:        1184116 kB
Dirty:             14672 kB
Writeback:             0 kB
AnonPages:       2334168 kB
Mapped:           185364 kB
Shmem:              1484 kB
KReclaimable:     109364 kB
Slab:             207832 kB
SReclaimable:     109364 kB
SUnreclaim:        98468 kB
KernelStack:       13576 kB
PageTables:        23872 kB
NFS_Unstable:          0 kB
Bounce:                0 kB
WritebackTmp:          0 kB
CommitLimit:     4088744 kB
Committed_AS:    6659604 kB
VmallocTotal:   34359738367 kB
VmallocUsed:       62508 kB
VmallocChunk:          0 kB
Percpu:           107008 kB
HardwareCorrupted:     0 kB
AnonHugePages:         0 kB
ShmemHugePages:        0 kB
ShmemPmdMapped:        0 kB
FileHugePages:         0 kB
FilePmdMapped:         0 kB
HugePages_Total:       0
HugePages_Free:        0
HugePages_Rsvd:        0
HugePages_Surp:        0
Hugepagesize:       2048 kB
Hugetlb:               0 kB
DirectMap4k:      362304 kB
DirectMap2M:     3831808 kB
DirectMap1G:     2097152 kB

/sys/kernel/mm/transparent_hugepage/enabled:
always [madvise] never
/sys/kernel/mm/transparent_hugepage/defrag (defrag/compaction efforts parameter):
always defer defer+madvise [madvise] never

Process Memory:
Virtual Size: 3681704K (peak: 12380428K)
Resident Set Size: 91328K (peak: 91328K) (anon: 36164K, file: 55164K, shmem: 0K)
Swapped out: 0K
C-Heap outstanding allocations: 14782K, retained: 2201K
glibc malloc tunables: (default)

/proc/sys/kernel/threads-max (system-wide limit on the number of threads):
30485
/proc/sys/vm/max_map_count (maximum number of memory map areas a process may have):
65530
/proc/sys/kernel/pid_max (system-wide limit on number of process identifiers):
4194304

container (cgroup) information:
container_type: cgroupv1
cpu_cpuset_cpus: 0-1
cpu_memory_nodes: 0
active_processor_count: 2
cpu_quota: no quota
cpu_period: 100000
cpu_shares: no shares
memory_limit_in_bytes: unlimited
memory_and_swap_limit_in_bytes: unlimited
memory_soft_limit_in_bytes: unlimited
memory_usage_in_bytes: 2900396 k
memory_max_usage_in_bytes: 3166956 k
maximum number of tasks: unlimited
current number of tasks: 410

VMWare virtualization detected
Steal ticks since vm start: 0
Steal ticks percentage since vm start:  0.000

CPU:total 2 (initial active 2) (1 cores per cpu, 1 threads per core) family 6 model 165 stepping 2 microcode 0xffffffff, cmov, cx8, fxsr, mmx, sse, sse2, sse3, ssse3, sse4.1, sse4.2, popcnt, avx, avx2, aes, clmul, erms, 3dnowpref, lzcnt, tsc, tscinvbit, bmi1, bmi2, adx, fma
CPU Model and flags from /proc/cpuinfo:
model name	: Intel(R) Core(TM) i7-10750H CPU @ 2.60GHz
flags		: fpu vme de pse tsc msr pae mce cx8 apic sep mtrr pge mca cmov pat pse36 clflush mmx fxsr sse sse2 ss syscall nx pdpe1gb rdtscp lm constant_tsc arch_perfmon nopl xtopology tsc_reliable nonstop_tsc cpuid tsc_known_freq pni pclmulqdq ssse3 fma cx16 pcid sse4_1 sse4_2 x2apic movbe popcnt aes xsave avx f16c rdrand hypervisor lahf_lm abm 3dnowprefetch invpcid_single pti ssbd ibrs ibpb stibp fsgsbase tsc_adjust bmi1 avx2 smep bmi2 invpcid rdseed adx smap clflushopt xsaveopt xsavec xgetbv1 xsaves arat flush_l1d arch_capabilities
Online cpus:
0-1
Offline cpus:
2-127
BIOS frequency limitation:
<Not Available>
Frequency switch latency (ns):
<Not Available>
Available cpu frequencies:
<Not Available>
Current governor:
<Not Available>
Core performance/turbo boost:
<Not Available>

Memory: 4k page, physical 3983196k(320300k free), swap 2097148k(1184116k free)

vm_info: OpenJDK 64-Bit Server VM (11.0.18+10-post-Ubuntu-0ubuntu120.04.1) for linux-amd64 JRE (11.0.18+10-post-Ubuntu-0ubuntu120.04.1), built on Jan 20 2023 09:07:44 by "unknown" with gcc 9.4.0

END.
