#
# A fatal error has been detected by the Java Runtime Environment:
#
#  SIGSEGV (0xb) at pc=0x00007f48f21553ac, pid=20540, tid=20544
#
# JRE version: OpenJDK Runtime Environment (11.0.19+7) (build 11.0.19+7-post-Ubuntu-0ubuntu120.04.1)
# Java VM: OpenJDK 64-Bit Server VM (11.0.19+7-post-Ubuntu-0ubuntu120.04.1, mixed mode, sharing, tiered, compressed oops, g1 gc, linux-amd64)
# Problematic frame:
# C  [libLLVM-13.so+0xc293ac]  LLVMBuildAdd+0xfc
#
# Core dump will be written. Default location: Core dumps may be processed with "/usr/share/apport/apport -p%p -s%s -c%c -d%d -P%P -u%u -g%g -- %E" (or dumping to /home/qutx/Desktop/study/compile/Lab/core.20540)
#
# If you would like to submit a bug report, please visit:
#   https://bugs.launchpad.net/ubuntu/+source/openjdk-lts
# The crash happened outside the Java Virtual Machine in native code.
# See problematic frame for where to report the bug.
#

---------------  S U M M A R Y ------------

Command Line: -javaagent:/opt/idea-IC-223.8617.56/lib/idea_rt.jar=33525:/opt/idea-IC-223.8617.56/bin -Dfile.encoding=UTF-8 Main tests/test1.sysy

Host: Intel(R) Core(TM) i7-10750H CPU @ 2.60GHz, 2 cores, 3G, Ubuntu 20.04.6 LTS
Time: Thu May 18 11:53:19 2023 CST elapsed time: 1.433396 seconds (0d 0h 0m 1s)

---------------  T H R E A D  ---------------

Current thread (0x00007f494c017000):  JavaThread "main" [_thread_in_native, id=20544, stack(0x00007f4953424000,0x00007f4953525000)]

Stack: [0x00007f4953424000,0x00007f4953525000],  sp=0x00007f4953522ba0,  free space=1018k
Native frames: (J=compiled Java code, A=aot compiled Java code, j=interpreted, Vv=VM code, C=native code)
C  [libLLVM-13.so+0xc293ac]  LLVMBuildAdd+0xfc

Java frames: (J=compiled Java code, j=interpreted, Vv=VM code)
j  org.bytedeco.llvm.global.LLVM.LLVMBuildAdd(Lorg/bytedeco/llvm/LLVM/LLVMBuilderRef;Lorg/bytedeco/llvm/LLVM/LLVMValueRef;Lorg/bytedeco/llvm/LLVM/LLVMValueRef;Ljava/lang/String;)Lorg/bytedeco/llvm/LLVM/LLVMValueRef;+0
j  LlvmVisitor.visitPlusExp(LSysYParser$PlusExpContext;)Lorg/bytedeco/llvm/LLVM/LLVMValueRef;+49
j  LlvmVisitor.visitPlusExp(LSysYParser$PlusExpContext;)Ljava/lang/Object;+2
j  SysYParser$PlusExpContext.accept(Lorg/antlr/v4/runtime/tree/ParseTreeVisitor;)Ljava/lang/Object;+12
j  LlvmVisitor.visitReturnStmt(LSysYParser$ReturnStmtContext;)Lorg/bytedeco/llvm/LLVM/LLVMValueRef;+5
j  LlvmVisitor.visitReturnStmt(LSysYParser$ReturnStmtContext;)Ljava/lang/Object;+2
j  SysYParser$ReturnStmtContext.accept(Lorg/antlr/v4/runtime/tree/ParseTreeVisitor;)Ljava/lang/Object;+12
j  org.antlr.v4.runtime.tree.AbstractParseTreeVisitor.visitChildren(Lorg/antlr/v4/runtime/tree/RuleNode;)Ljava/lang/Object;+46
j  SysYParserBaseVisitor.visitBlockItem(LSysYParser$BlockItemContext;)Ljava/lang/Object;+2
j  SysYParser$BlockItemContext.accept(Lorg/antlr/v4/runtime/tree/ParseTreeVisitor;)Ljava/lang/Object;+12
j  org.antlr.v4.runtime.tree.AbstractParseTreeVisitor.visitChildren(Lorg/antlr/v4/runtime/tree/RuleNode;)Ljava/lang/Object;+46
j  SysYParserBaseVisitor.visitBlock(LSysYParser$BlockContext;)Ljava/lang/Object;+2
j  LlvmVisitor.visitBlock(LSysYParser$BlockContext;)Lorg/bytedeco/llvm/LLVM/LLVMValueRef;+43
j  LlvmVisitor.visitBlock(LSysYParser$BlockContext;)Ljava/lang/Object;+2
j  SysYParser$BlockContext.accept(Lorg/antlr/v4/runtime/tree/ParseTreeVisitor;)Ljava/lang/Object;+12
j  org.antlr.v4.runtime.tree.AbstractParseTreeVisitor.visitChildren(Lorg/antlr/v4/runtime/tree/RuleNode;)Ljava/lang/Object;+46
j  SysYParserBaseVisitor.visitFuncDef(LSysYParser$FuncDefContext;)Ljava/lang/Object;+2
j  LlvmVisitor.visitFuncDef(LSysYParser$FuncDefContext;)Lorg/bytedeco/llvm/LLVM/LLVMValueRef;+81
j  LlvmVisitor.visitFuncDef(LSysYParser$FuncDefContext;)Ljava/lang/Object;+2
j  SysYParser$FuncDefContext.accept(Lorg/antlr/v4/runtime/tree/ParseTreeVisitor;)Ljava/lang/Object;+12
j  org.antlr.v4.runtime.tree.AbstractParseTreeVisitor.visitChildren(Lorg/antlr/v4/runtime/tree/RuleNode;)Ljava/lang/Object;+46
j  SysYParserBaseVisitor.visitCompUnit(LSysYParser$CompUnitContext;)Ljava/lang/Object;+2
j  SysYParser$CompUnitContext.accept(Lorg/antlr/v4/runtime/tree/ParseTreeVisitor;)Ljava/lang/Object;+12
j  org.antlr.v4.runtime.tree.AbstractParseTreeVisitor.visitChildren(Lorg/antlr/v4/runtime/tree/RuleNode;)Ljava/lang/Object;+46
j  SysYParserBaseVisitor.visitProgram(LSysYParser$ProgramContext;)Ljava/lang/Object;+2
j  LlvmVisitor.visitProgram(LSysYParser$ProgramContext;)Lorg/bytedeco/llvm/LLVM/LLVMValueRef;+22
j  LlvmVisitor.visitProgram(LSysYParser$ProgramContext;)Ljava/lang/Object;+2
j  SysYParser$ProgramContext.accept(Lorg/antlr/v4/runtime/tree/ParseTreeVisitor;)Ljava/lang/Object;+12
j  org.antlr.v4.runtime.tree.AbstractParseTreeVisitor.visit(Lorg/antlr/v4/runtime/tree/ParseTree;)Ljava/lang/Object;+2
j  Main.main([Ljava/lang/String;)V+55
v  ~StubRoutines::call_stub

siginfo: si_signo: 11 (SIGSEGV), si_code: 1 (SEGV_MAPERR), si_addr: 0x0000000200000027

Register to memory mapping:

RAX=0x00007f494c376410 points into unknown readable memory: 0x00007f494c398948 | 48 89 39 4c 49 7f 00 00
RBX=0x00007f494c3763d0 points into unknown readable memory: 0x00007f494c3a7740 | 40 77 3a 4c 49 7f 00 00
RCX=0x00007f494c3a77d8 points into unknown readable memory: 0x00007f494c3763f0 | f0 63 37 4c 49 7f 00 00
RDX=0x00007f4953522ba0 is pointing into the stack for thread: 0x00007f494c017000
RSP=0x00007f4953522ba0 is pointing into the stack for thread: 0x00007f494c017000
RBP=0x00007f494c017348 points into unknown readable memory: 0x00007f4954aadb40 | 40 db aa 54 49 7f 00 00
RSI=0x00007f4953522bd0 is pointing into the stack for thread: 0x00007f494c017000
RDI=0x0000000200000027 is an unknown value
R8 =0x00007f494c376410 points into unknown readable memory: 0x00007f494c398948 | 48 89 39 4c 49 7f 00 00
R9 =0x0 is NULL
R10=0x00007f494c398948 points into unknown readable memory: 0x00007f494c3981c0 | c0 81 39 4c 49 7f 00 00
R11=0x00007f48f21552b0: LLVMBuildAdd+0x0000000000000000 in /home/qutx/.javacpp/cache/llvm-13.0.1-1.5.7-linux-x86_64.jar/org/bytedeco/llvm/linux-x86_64/libLLVM-13.so at 0x00007f48f152c000
R12=0x00007f494c376410 points into unknown readable memory: 0x00007f494c398948 | 48 89 39 4c 49 7f 00 00
R13=0x00007f494c3a7740 points into unknown readable memory: 0x00007f494c398948 | 48 89 39 4c 49 7f 00 00
R14=0x00007f494c3a77d0 points into unknown readable memory: 0x00007f494c398948 | 48 89 39 4c 49 7f 00 00
R15=0x00007f494c3763d0 points into unknown readable memory: 0x00007f494c3a7740 | 40 77 3a 4c 49 7f 00 00


Registers:
RAX=0x00007f494c376410, RBX=0x00007f494c3763d0, RCX=0x00007f494c3a77d8, RDX=0x00007f4953522ba0
RSP=0x00007f4953522ba0, RBP=0x00007f494c017348, RSI=0x00007f4953522bd0, RDI=0x0000000200000027
R8 =0x00007f494c376410, R9 =0x0000000000000000, R10=0x00007f494c398948, R11=0x00007f48f21552b0
R12=0x00007f494c376410, R13=0x00007f494c3a7740, R14=0x00007f494c3a77d0, R15=0x00007f494c3763d0
RIP=0x00007f48f21553ac, EFLAGS=0x0000000000010202, CSGSFS=0x002b000000000033, ERR=0x0000000000000004
  TRAPNO=0x000000000000000e

Top of Stack: (sp=0x00007f4953522ba0)
0x00007f4953522ba0:   00007f494c3a7980 00007f4954c1a299
0x00007f4953522bb0:   0000000000000005 0000000000000004
0x00007f4953522bc0:   00007f494c3a0103 00007f494c11d190
0x00007f4953522bd0:   00007f494c3a77d0 00007f494c3763d0 

Instructions: (pc=0x00007f48f21553ac)
0x00007f48f21552ac:   0f 1f 40 00 41 54 55 53 48 89 fb 48 89 f7 48 89
0x00007f48f21552bc:   d6 ba 01 01 00 00 48 83 ec 60 80 39 00 66 89 54
0x00007f48f21552cc:   24 20 74 09 48 89 0c 24 c6 44 24 20 03 80 7f 10
0x00007f48f21552dc:   12 0f 87 95 00 00 00 80 7e 10 12 0f 87 8b 00 00
0x00007f48f21552ec:   00 4c 8b 4b 48 48 8d 15 18 19 fa ff 49 8b 01 48
0x00007f48f21552fc:   8b 40 10 48 39 d0 0f 85 f0 00 00 00 31 c9 31 d2
0x00007f48f215530c:   e8 7f 13 ff ff 49 89 c4 41 80 7c 24 10 19 76 4b
0x00007f48f215531c:   48 8b 7b 50 48 8b 4b 30 48 89 e2 4c 89 e6 4c 8b
0x00007f48f215532c:   43 38 48 8b 07 ff 50 10 8b 6b 08 48 8b 03 48 c1
0x00007f48f215533c:   e5 04 48 01 c5 48 39 e8 74 21 48 89 c3 0f 1f 80
0x00007f48f215534c:   00 00 00 00 48 8b 53 08 8b 33 4c 89 e7 48 83 c3
0x00007f48f215535c:   10 e8 de 4a 0e 00 48 39 dd 75 e9 48 83 c4 60 4c
0x00007f48f215536c:   89 e0 5b 5d 41 5c c3 0f 1f 44 00 00 48 89 f2 b8
0x00007f48f215537c:   01 01 00 00 48 89 fe 45 31 c0 48 8d 4c 24 30 bf
0x00007f48f215538c:   0d 00 00 00 66 89 44 24 50 e8 76 cf 09 00 48 8b
0x00007f48f215539c:   7b 50 48 89 e2 48 8b 4b 30 49 89 c4 4c 8b 43 38
0x00007f48f21553ac:   48 8b 07 4c 89 e6 ff 50 10 8b 6b 08 48 8b 13 48
0x00007f48f21553bc:   c1 e5 04 48 01 d5 48 39 ea 74 a0 48 89 d3 66 0f
0x00007f48f21553cc:   1f 44 00 00 48 8b 53 08 8b 33 4c 89 e7 48 83 c3
0x00007f48f21553dc:   10 e8 5e 4a 0e 00 48 39 dd 75 e9 48 83 c4 60 4c
0x00007f48f21553ec:   89 e0 5b 5d 41 5c c3 0f 1f 44 00 00 48 89 f2 45
0x00007f48f21553fc:   31 c0 48 89 fe 31 c9 4c 89 cf ff d0 49 89 c4 e9
0x00007f48f215540c:   04 ff ff ff 41 54 55 53 48 89 fb 48 89 f7 48 89
0x00007f48f215541c:   d6 ba 01 01 00 00 48 83 ec 60 80 39 00 66 89 54
0x00007f48f215542c:   24 20 74 09 48 89 0c 24 c6 44 24 20 03 80 7f 10
0x00007f48f215543c:   12 0f 87 95 00 00 00 80 7e 10 12 0f 87 8b 00 00
0x00007f48f215544c:   00 4c 8b 4b 48 48 8d 15 b8 17 fa ff 49 8b 01 48
0x00007f48f215545c:   8b 40 10 48 39 d0 0f 85 f8 00 00 00 b9 01 00 00
0x00007f48f215546c:   00 31 d2 e8 1c 12 ff ff 49 89 c4 41 80 7c 24 10
0x00007f48f215547c:   19 76 48 48 8b 7b 50 48 8b 4b 30 48 89 e2 4c 89
0x00007f48f215548c:   e6 4c 8b 43 38 48 8b 07 ff 50 10 8b 6b 08 48 8b
0x00007f48f215549c:   03 48 c1 e5 04 48 01 c5 48 39 e8 74 1e 48 89 c3 


Stack slot to memory mapping:
stack at sp + 0 slots: 0x00007f494c3a7980 points into unknown readable memory: 0x000000005f706d74 | 74 6d 70 5f 00 00 00 00
stack at sp + 1 slots: 0x00007f4954c1a299: __libc_malloc+0x00000000000001b9 in /lib/x86_64-linux-gnu/libc.so.6 at 0x00007f4954b80000
stack at sp + 2 slots: 0x0000000000000005 is an unknown value
stack at sp + 3 slots: 0x0000000000000004 is an unknown value
stack at sp + 4 slots: 0x00007f494c3a0103 points into unknown readable memory: 00 24 68 62 6c
stack at sp + 5 slots: 0x00007f494c11d190 points into unknown readable memory: 0x00000000c6cf8d90 | 90 8d cf c6 00 00 00 00
stack at sp + 6 slots: 0x00007f494c3a77d0 points into unknown readable memory: 0x00007f494c398948 | 48 89 39 4c 49 7f 00 00
stack at sp + 7 slots: 0x00007f494c3763d0 points into unknown readable memory: 0x00007f494c3a7740 | 40 77 3a 4c 49 7f 00 00


---------------  P R O C E S S  ---------------

Threads class SMR info:
_java_thread_list=0x00007f494c309f50, length=11, elements={
0x00007f494c017000, 0x00007f494c11e800, 0x00007f494c120800, 0x00007f494c127000,
0x00007f494c129000, 0x00007f494c12b800, 0x00007f494c12d800, 0x00007f494c12f800,
0x00007f494c13d800, 0x00007f494c1f3800, 0x00007f494c310000
}

Java Threads: ( => current thread )
=>0x00007f494c017000 JavaThread "main" [_thread_in_native, id=20544, stack(0x00007f4953424000,0x00007f4953525000)]
  0x00007f494c11e800 JavaThread "Reference Handler" daemon [_thread_blocked, id=20553, stack(0x00007f4950198000,0x00007f4950299000)]
  0x00007f494c120800 JavaThread "Finalizer" daemon [_thread_blocked, id=20554, stack(0x00007f4950097000,0x00007f4950198000)]
  0x00007f494c127000 JavaThread "Signal Dispatcher" daemon [_thread_blocked, id=20555, stack(0x00007f49346f4000,0x00007f49347f5000)]
  0x00007f494c129000 JavaThread "Service Thread" daemon [_thread_blocked, id=20556, stack(0x00007f49345f3000,0x00007f49346f4000)]
  0x00007f494c12b800 JavaThread "C2 CompilerThread0" daemon [_thread_blocked, id=20557, stack(0x00007f49344f2000,0x00007f49345f3000)]
  0x00007f494c12d800 JavaThread "C1 CompilerThread0" daemon [_thread_blocked, id=20558, stack(0x00007f49343f1000,0x00007f49344f2000)]
  0x00007f494c12f800 JavaThread "Sweeper thread" daemon [_thread_blocked, id=20559, stack(0x00007f49342f0000,0x00007f49343f1000)]
  0x00007f494c13d800 JavaThread "Common-Cleaner" daemon [_thread_blocked, id=20561, stack(0x00007f49341ef000,0x00007f49342f0000)]
  0x00007f494c1f3800 JavaThread "Monitor Ctrl-Break" daemon [_thread_in_native, id=20565, stack(0x00007f49340ee000,0x00007f49341ef000)]
  0x00007f494c310000 JavaThread "JavaCPP Deallocator" daemon [_thread_blocked, id=20568, stack(0x00007f492471d000,0x00007f492481e000)]

Other Threads:
  0x00007f494c11b800 VMThread "VM Thread" [stack: 0x00007f495029b000,0x00007f495039b000] [id=20552]
  0x00007f494c1f5000 WatcherThread [stack: 0x00007f4924922000,0x00007f4924a22000] [id=20566]
  0x00007f494c02e800 GCTaskThread "GC Thread#0" [stack: 0x00007f49530cb000,0x00007f49531cb000] [id=20546]
  0x00007f491c001000 GCTaskThread "GC Thread#1" [stack: 0x00007f4924820000,0x00007f4924920000] [id=20567]
  0x00007f494c049800 ConcurrentGCThread "G1 Main Marker" [stack: 0x00007f4950981000,0x00007f4950a81000] [id=20547]
  0x00007f494c04b800 ConcurrentGCThread "G1 Conc#0" [stack: 0x00007f495087f000,0x00007f495097f000] [id=20548]
  0x00007f494c086800 ConcurrentGCThread "G1 Refine#0" [stack: 0x00007f495057b000,0x00007f495067b000] [id=20549]
  0x00007f494c088800 ConcurrentGCThread "G1 Young RemSet Sampling" [stack: 0x00007f4950479000,0x00007f4950579000] [id=20551]

Threads with active compile tasks:

VM state:not at safepoint (normal execution)

VM Mutex/Monitor currently owned by a thread: None

Heap address: 0x00000000c3200000, size: 974 MB, Compressed Oops mode: 32-bit
Narrow klass base: 0x0000000800000000, Narrow klass shift: 3
Compressed class space size: 1073741824 Address: 0x0000000840000000

Heap:
 garbage-first heap   total 65536K, used 5336K [0x00000000c3200000, 0x0000000100000000)
  region size 1024K, 5 young (5120K), 1 survivors (1024K)
 Metaspace       used 4081K, capacity 6567K, committed 6656K, reserved 1056768K
  class space    used 459K, capacity 701K, committed 768K, reserved 1048576K
Heap Regions: E=young(eden), S=young(survivor), O=old, HS=humongous(starts), HC=humongous(continues), CS=collection set, F=free, A=archive, TAMS=top-at-mark-start (previous, next)
|   0|0x00000000c3200000, 0x00000000c3284000, 0x00000000c3300000| 51%| O|  |TAMS 0x00000000c3200000, 0x00000000c3200000| Untracked 
|   1|0x00000000c3300000, 0x00000000c3300000, 0x00000000c3400000|  0%| F|  |TAMS 0x00000000c3300000, 0x00000000c3300000| Untracked 
|   2|0x00000000c3400000, 0x00000000c3400000, 0x00000000c3500000|  0%| F|  |TAMS 0x00000000c3400000, 0x00000000c3400000| Untracked 
|   3|0x00000000c3500000, 0x00000000c3500000, 0x00000000c3600000|  0%| F|  |TAMS 0x00000000c3500000, 0x00000000c3500000| Untracked 
|   4|0x00000000c3600000, 0x00000000c3600000, 0x00000000c3700000|  0%| F|  |TAMS 0x00000000c3600000, 0x00000000c3600000| Untracked 
|   5|0x00000000c3700000, 0x00000000c3700000, 0x00000000c3800000|  0%| F|  |TAMS 0x00000000c3700000, 0x00000000c3700000| Untracked 
|   6|0x00000000c3800000, 0x00000000c3800000, 0x00000000c3900000|  0%| F|  |TAMS 0x00000000c3800000, 0x00000000c3800000| Untracked 
|   7|0x00000000c3900000, 0x00000000c3900000, 0x00000000c3a00000|  0%| F|  |TAMS 0x00000000c3900000, 0x00000000c3900000| Untracked 
|   8|0x00000000c3a00000, 0x00000000c3a00000, 0x00000000c3b00000|  0%| F|  |TAMS 0x00000000c3a00000, 0x00000000c3a00000| Untracked 
|   9|0x00000000c3b00000, 0x00000000c3b00000, 0x00000000c3c00000|  0%| F|  |TAMS 0x00000000c3b00000, 0x00000000c3b00000| Untracked 
|  10|0x00000000c3c00000, 0x00000000c3c00000, 0x00000000c3d00000|  0%| F|  |TAMS 0x00000000c3c00000, 0x00000000c3c00000| Untracked 
|  11|0x00000000c3d00000, 0x00000000c3d00000, 0x00000000c3e00000|  0%| F|  |TAMS 0x00000000c3d00000, 0x00000000c3d00000| Untracked 
|  12|0x00000000c3e00000, 0x00000000c3e00000, 0x00000000c3f00000|  0%| F|  |TAMS 0x00000000c3e00000, 0x00000000c3e00000| Untracked 
|  13|0x00000000c3f00000, 0x00000000c3f00000, 0x00000000c4000000|  0%| F|  |TAMS 0x00000000c3f00000, 0x00000000c3f00000| Untracked 
|  14|0x00000000c4000000, 0x00000000c4000000, 0x00000000c4100000|  0%| F|  |TAMS 0x00000000c4000000, 0x00000000c4000000| Untracked 
|  15|0x00000000c4100000, 0x00000000c4100000, 0x00000000c4200000|  0%| F|  |TAMS 0x00000000c4100000, 0x00000000c4100000| Untracked 
|  16|0x00000000c4200000, 0x00000000c4200000, 0x00000000c4300000|  0%| F|  |TAMS 0x00000000c4200000, 0x00000000c4200000| Untracked 
|  17|0x00000000c4300000, 0x00000000c4300000, 0x00000000c4400000|  0%| F|  |TAMS 0x00000000c4300000, 0x00000000c4300000| Untracked 
|  18|0x00000000c4400000, 0x00000000c4400000, 0x00000000c4500000|  0%| F|  |TAMS 0x00000000c4400000, 0x00000000c4400000| Untracked 
|  19|0x00000000c4500000, 0x00000000c4500000, 0x00000000c4600000|  0%| F|  |TAMS 0x00000000c4500000, 0x00000000c4500000| Untracked 
|  20|0x00000000c4600000, 0x00000000c4600000, 0x00000000c4700000|  0%| F|  |TAMS 0x00000000c4600000, 0x00000000c4600000| Untracked 
|  21|0x00000000c4700000, 0x00000000c4700000, 0x00000000c4800000|  0%| F|  |TAMS 0x00000000c4700000, 0x00000000c4700000| Untracked 
|  22|0x00000000c4800000, 0x00000000c4800000, 0x00000000c4900000|  0%| F|  |TAMS 0x00000000c4800000, 0x00000000c4800000| Untracked 
|  23|0x00000000c4900000, 0x00000000c4900000, 0x00000000c4a00000|  0%| F|  |TAMS 0x00000000c4900000, 0x00000000c4900000| Untracked 
|  24|0x00000000c4a00000, 0x00000000c4a00000, 0x00000000c4b00000|  0%| F|  |TAMS 0x00000000c4a00000, 0x00000000c4a00000| Untracked 
|  25|0x00000000c4b00000, 0x00000000c4b00000, 0x00000000c4c00000|  0%| F|  |TAMS 0x00000000c4b00000, 0x00000000c4b00000| Untracked 
|  26|0x00000000c4c00000, 0x00000000c4c00000, 0x00000000c4d00000|  0%| F|  |TAMS 0x00000000c4c00000, 0x00000000c4c00000| Untracked 
|  27|0x00000000c4d00000, 0x00000000c4d00000, 0x00000000c4e00000|  0%| F|  |TAMS 0x00000000c4d00000, 0x00000000c4d00000| Untracked 
|  28|0x00000000c4e00000, 0x00000000c4e00000, 0x00000000c4f00000|  0%| F|  |TAMS 0x00000000c4e00000, 0x00000000c4e00000| Untracked 
|  29|0x00000000c4f00000, 0x00000000c4f00000, 0x00000000c5000000|  0%| F|  |TAMS 0x00000000c4f00000, 0x00000000c4f00000| Untracked 
|  30|0x00000000c5000000, 0x00000000c5000000, 0x00000000c5100000|  0%| F|  |TAMS 0x00000000c5000000, 0x00000000c5000000| Untracked 
|  31|0x00000000c5100000, 0x00000000c5100000, 0x00000000c5200000|  0%| F|  |TAMS 0x00000000c5100000, 0x00000000c5100000| Untracked 
|  32|0x00000000c5200000, 0x00000000c5200000, 0x00000000c5300000|  0%| F|  |TAMS 0x00000000c5200000, 0x00000000c5200000| Untracked 
|  33|0x00000000c5300000, 0x00000000c5300000, 0x00000000c5400000|  0%| F|  |TAMS 0x00000000c5300000, 0x00000000c5300000| Untracked 
|  34|0x00000000c5400000, 0x00000000c5400000, 0x00000000c5500000|  0%| F|  |TAMS 0x00000000c5400000, 0x00000000c5400000| Untracked 
|  35|0x00000000c5500000, 0x00000000c5500000, 0x00000000c5600000|  0%| F|  |TAMS 0x00000000c5500000, 0x00000000c5500000| Untracked 
|  36|0x00000000c5600000, 0x00000000c5600000, 0x00000000c5700000|  0%| F|  |TAMS 0x00000000c5600000, 0x00000000c5600000| Untracked 
|  37|0x00000000c5700000, 0x00000000c5700000, 0x00000000c5800000|  0%| F|  |TAMS 0x00000000c5700000, 0x00000000c5700000| Untracked 
|  38|0x00000000c5800000, 0x00000000c5800000, 0x00000000c5900000|  0%| F|  |TAMS 0x00000000c5800000, 0x00000000c5800000| Untracked 
|  39|0x00000000c5900000, 0x00000000c5900000, 0x00000000c5a00000|  0%| F|  |TAMS 0x00000000c5900000, 0x00000000c5900000| Untracked 
|  40|0x00000000c5a00000, 0x00000000c5a00000, 0x00000000c5b00000|  0%| F|  |TAMS 0x00000000c5a00000, 0x00000000c5a00000| Untracked 
|  41|0x00000000c5b00000, 0x00000000c5b00000, 0x00000000c5c00000|  0%| F|  |TAMS 0x00000000c5b00000, 0x00000000c5b00000| Untracked 
|  42|0x00000000c5c00000, 0x00000000c5c00000, 0x00000000c5d00000|  0%| F|  |TAMS 0x00000000c5c00000, 0x00000000c5c00000| Untracked 
|  43|0x00000000c5d00000, 0x00000000c5d00000, 0x00000000c5e00000|  0%| F|  |TAMS 0x00000000c5d00000, 0x00000000c5d00000| Untracked 
|  44|0x00000000c5e00000, 0x00000000c5e00000, 0x00000000c5f00000|  0%| F|  |TAMS 0x00000000c5e00000, 0x00000000c5e00000| Untracked 
|  45|0x00000000c5f00000, 0x00000000c5f00000, 0x00000000c6000000|  0%| F|  |TAMS 0x00000000c5f00000, 0x00000000c5f00000| Untracked 
|  46|0x00000000c6000000, 0x00000000c6000000, 0x00000000c6100000|  0%| F|  |TAMS 0x00000000c6000000, 0x00000000c6000000| Untracked 
|  47|0x00000000c6100000, 0x00000000c6100000, 0x00000000c6200000|  0%| F|  |TAMS 0x00000000c6100000, 0x00000000c6100000| Untracked 
|  48|0x00000000c6200000, 0x00000000c6200000, 0x00000000c6300000|  0%| F|  |TAMS 0x00000000c6200000, 0x00000000c6200000| Untracked 
|  49|0x00000000c6300000, 0x00000000c6300000, 0x00000000c6400000|  0%| F|  |TAMS 0x00000000c6300000, 0x00000000c6300000| Untracked 
|  50|0x00000000c6400000, 0x00000000c6400000, 0x00000000c6500000|  0%| F|  |TAMS 0x00000000c6400000, 0x00000000c6400000| Untracked 
|  51|0x00000000c6500000, 0x00000000c6500000, 0x00000000c6600000|  0%| F|  |TAMS 0x00000000c6500000, 0x00000000c6500000| Untracked 
|  52|0x00000000c6600000, 0x00000000c6600000, 0x00000000c6700000|  0%| F|  |TAMS 0x00000000c6600000, 0x00000000c6600000| Untracked 
|  53|0x00000000c6700000, 0x00000000c6700000, 0x00000000c6800000|  0%| F|  |TAMS 0x00000000c6700000, 0x00000000c6700000| Untracked 
|  54|0x00000000c6800000, 0x00000000c6900000, 0x00000000c6900000|100%| S|CS|TAMS 0x00000000c6800000, 0x00000000c6800000| Complete 
|  55|0x00000000c6900000, 0x00000000c6900000, 0x00000000c6a00000|  0%| F|  |TAMS 0x00000000c6900000, 0x00000000c6900000| Untracked 
|  56|0x00000000c6a00000, 0x00000000c6a00000, 0x00000000c6b00000|  0%| F|  |TAMS 0x00000000c6a00000, 0x00000000c6a00000| Untracked 
|  57|0x00000000c6b00000, 0x00000000c6b00000, 0x00000000c6c00000|  0%| F|  |TAMS 0x00000000c6b00000, 0x00000000c6b00000| Untracked 
|  58|0x00000000c6c00000, 0x00000000c6d00000, 0x00000000c6d00000|100%| E|  |TAMS 0x00000000c6c00000, 0x00000000c6c00000| Complete 
|  59|0x00000000c6d00000, 0x00000000c6e00000, 0x00000000c6e00000|100%| E|CS|TAMS 0x00000000c6d00000, 0x00000000c6d00000| Complete 
|  60|0x00000000c6e00000, 0x00000000c6f00000, 0x00000000c6f00000|100%| E|CS|TAMS 0x00000000c6e00000, 0x00000000c6e00000| Complete 
|  61|0x00000000c6f00000, 0x00000000c7000000, 0x00000000c7000000|100%| E|CS|TAMS 0x00000000c6f00000, 0x00000000c6f00000| Complete 
| 972|0x00000000ffe00000, 0x00000000ffe47000, 0x00000000fff00000| 27%|OA|  |TAMS 0x00000000ffe00000, 0x00000000ffe00000| Untracked 
| 973|0x00000000fff00000, 0x00000000fff6b000, 0x0000000100000000| 41%|CA|  |TAMS 0x00000000fff00000, 0x00000000fff00000| Untracked 

Card table byte_map: [0x00007f4952af9000,0x00007f4952ce0000] _byte_map_base: 0x00007f49524e0000

Marking Bits (Prev, Next): (CMBitMap*) 0x00007f494c044c38, (CMBitMap*) 0x00007f494c044c70
 Prev Bits: [0x00007f49519da000, 0x00007f4952912000)
 Next Bits: [0x00007f4950aa2000, 0x00007f49519da000)

Polling page: 0x00007f49533e1000

Metaspace:

Usage:
  Non-class:      5.73 MB capacity,     3.54 MB ( 62%) used,     2.18 MB ( 38%) free+waste,     7.56 KB ( <1%) overhead. 
      Class:    701.00 KB capacity,   459.53 KB ( 66%) used,   237.34 KB ( 34%) free+waste,     4.12 KB ( <1%) overhead. 
       Both:      6.41 MB capacity,     3.99 MB ( 62%) used,     2.42 MB ( 38%) free+waste,    11.69 KB ( <1%) overhead. 

Virtual space:
  Non-class space:        8.00 MB reserved,       5.75 MB ( 72%) committed 
      Class space:        1.00 GB reserved,     768.00 KB ( <1%) committed 
             Both:        1.01 GB reserved,       6.50 MB ( <1%) committed 

Chunk freelists:
   Non-Class:  22.00 KB
       Class:  3.00 KB
        Both:  25.00 KB

MaxMetaspaceSize: unlimited
CompressedClassSpaceSize: 1.00 GB
Initial GC threshold: 20.80 MB
Current GC threshold: 20.80 MB
CDS: on

CodeHeap 'non-profiled nmethods': size=120036Kb used=246Kb max_used=246Kb free=119789Kb
 bounds [0x00007f493c2bc000, 0x00007f493c52c000, 0x00007f49437f5000]
CodeHeap 'profiled nmethods': size=120032Kb used=1424Kb max_used=1424Kb free=118608Kb
 bounds [0x00007f4934d84000, 0x00007f4934ff4000, 0x00007f493c2bc000]
CodeHeap 'non-nmethods': size=5692Kb used=1150Kb max_used=1162Kb free=4541Kb
 bounds [0x00007f49347f5000, 0x00007f4934a65000, 0x00007f4934d84000]
 total_blobs=1207 nmethods=797 adapters=324
 compilation: enabled
              stopped_count=0, restarted_count=0
 full_count=0

Compilation events (20 events):
Event: 1.411 Thread 0x00007f494c12d800  782       1       java.lang.invoke.LambdaForm$NamedFunction::intrinsicName (5 bytes)
Event: 1.411 Thread 0x00007f494c12d800 nmethod 782 0x00007f493c2f7a90 code [0x00007f493c2f7c40, 0x00007f493c2f7d10]
Event: 1.414 Thread 0x00007f494c12b800 nmethod 773 0x00007f493c2f8390 code [0x00007f493c2f8540, 0x00007f493c2f8818]
Event: 1.414 Thread 0x00007f494c12b800  779       4       java.lang.StringLatin1::charAt (28 bytes)
Event: 1.415 Thread 0x00007f494c12d800  787       3       java.lang.AbstractStringBuilder::appendChars (130 bytes)
Event: 1.415 Thread 0x00007f494c12b800 nmethod 779 0x00007f493c2f8a90 code [0x00007f493c2f8c20, 0x00007f493c2f8c98]
Event: 1.415 Thread 0x00007f494c12b800  780       4       java.lang.AbstractStringBuilder::<init> (39 bytes)
Event: 1.415 Thread 0x00007f494c12d800 nmethod 787 0x00007f4934ee0d10 code [0x00007f4934ee0f80, 0x00007f4934ee1a80]
Event: 1.415 Thread 0x00007f494c12d800  786       3       jdk.internal.org.objectweb.asm.Frame::pop (45 bytes)
Event: 1.416 Thread 0x00007f494c12d800 nmethod 786 0x00007f4934ee2010 code [0x00007f4934ee21c0, 0x00007f4934ee2350]
Event: 1.416 Thread 0x00007f494c12d800  784       3       java.lang.invoke.ClassSpecializer$Factory$1Var::slotSize (8 bytes)
Event: 1.416 Thread 0x00007f494c12d800 nmethod 784 0x00007f4934ee2410 code [0x00007f4934ee25c0, 0x00007f4934ee27b0]
Event: 1.416 Thread 0x00007f494c12d800  785       3       jdk.internal.org.objectweb.asm.ByteVector::<init> (13 bytes)
Event: 1.416 Thread 0x00007f494c12d800 nmethod 785 0x00007f4934ee2910 code [0x00007f4934ee2ac0, 0x00007f4934ee2d30]
Event: 1.416 Thread 0x00007f494c12d800  790       3       java.lang.invoke.InvokerBytecodeGenerator::loadInsnOpcode (86 bytes)
Event: 1.416 Thread 0x00007f494c12b800 nmethod 780 0x00007f493c2f8d90 code [0x00007f493c2f8f20, 0x00007f493c2f9118]
Event: 1.416 Thread 0x00007f494c12b800  783       4       java.lang.invoke.MethodType::parameterType (7 bytes)
Event: 1.417 Thread 0x00007f494c12d800 nmethod 790 0x00007f4934ee2e10 code [0x00007f4934ee30a0, 0x00007f4934ee3c30]
Event: 1.421 Thread 0x00007f494c12d800  791       3       java.lang.invoke.InvokerBytecodeGenerator::getInternalName (98 bytes)
Event: 1.422 Thread 0x00007f494c12d800 nmethod 791 0x00007f4934ee4010 code [0x00007f4934ee4220, 0x00007f4934ee46f0]

GC Heap History (2 events):
Event: 1.078 GC heap before
{Heap before GC invocations=0 (full 0):
 garbage-first heap   total 65536K, used 7880K [0x00000000c3200000, 0x0000000100000000)
  region size 1024K, 7 young (7168K), 0 survivors (0K)
 Metaspace       used 3482K, capacity 6325K, committed 6528K, reserved 1056768K
  class space    used 349K, capacity 618K, committed 640K, reserved 1048576K
}
Event: 1.101 GC heap after
{Heap after GC invocations=1 (full 0):
 garbage-first heap   total 65536K, used 2264K [0x00000000c3200000, 0x0000000100000000)
  region size 1024K, 1 young (1024K), 1 survivors (1024K)
 Metaspace       used 3482K, capacity 6325K, committed 6528K, reserved 1056768K
  class space    used 349K, capacity 618K, committed 640K, reserved 1048576K
}

Deoptimization events (20 events):
Event: 0.855 Thread 0x00007f494c017000 Uncommon trap: trap_request=0xffffffbe fr.pc=0x00007f493c2d5908 relative=0x00000000000003c8
Event: 0.855 Thread 0x00007f494c017000 Uncommon trap: reason=profile_predicate action=maybe_recompile pc=0x00007f493c2d5908 method=java.lang.StringLatin1.indexOf([BI[BII)I @ 18 c2
Event: 0.855 Thread 0x00007f494c017000 DEOPT PACKING pc=0x00007f493c2d5908 sp=0x00007f4953522320
Event: 0.855 Thread 0x00007f494c017000 DEOPT UNPACKING pc=0x00007f493483eea5 sp=0x00007f49535222a0 mode 2
Event: 0.855 Thread 0x00007f494c017000 Uncommon trap: trap_request=0xffffffbe fr.pc=0x00007f493c2d5908 relative=0x00000000000003c8
Event: 0.855 Thread 0x00007f494c017000 Uncommon trap: reason=profile_predicate action=maybe_recompile pc=0x00007f493c2d5908 method=java.lang.StringLatin1.indexOf([BI[BII)I @ 18 c2
Event: 0.855 Thread 0x00007f494c017000 DEOPT PACKING pc=0x00007f493c2d5908 sp=0x00007f4953522320
Event: 0.855 Thread 0x00007f494c017000 DEOPT UNPACKING pc=0x00007f493483eea5 sp=0x00007f49535222a0 mode 2
Event: 0.855 Thread 0x00007f494c017000 Uncommon trap: trap_request=0xffffffbe fr.pc=0x00007f493c2d5908 relative=0x00000000000003c8
Event: 0.855 Thread 0x00007f494c017000 Uncommon trap: reason=profile_predicate action=maybe_recompile pc=0x00007f493c2d5908 method=java.lang.StringLatin1.indexOf([BI[BII)I @ 18 c2
Event: 0.855 Thread 0x00007f494c017000 DEOPT PACKING pc=0x00007f493c2d5908 sp=0x00007f4953522320
Event: 0.855 Thread 0x00007f494c017000 DEOPT UNPACKING pc=0x00007f493483eea5 sp=0x00007f49535222a0 mode 2
Event: 1.075 Thread 0x00007f494c017000 DEOPT PACKING pc=0x00007f4934dcf124 sp=0x00007f4953520ec0
Event: 1.075 Thread 0x00007f494c017000 DEOPT UNPACKING pc=0x00007f493483f64a sp=0x00007f4953520338 mode 0
Event: 1.196 Thread 0x00007f494c017000 DEOPT PACKING pc=0x00007f4934e2dfc2 sp=0x00007f49535226f0
Event: 1.196 Thread 0x00007f494c017000 DEOPT UNPACKING pc=0x00007f493483f64a sp=0x00007f4953521b78 mode 0
Event: 1.197 Thread 0x00007f494c017000 DEOPT PACKING pc=0x00007f4934dc16cf sp=0x00007f49535226b0
Event: 1.197 Thread 0x00007f494c017000 DEOPT UNPACKING pc=0x00007f493483f64a sp=0x00007f4953521b70 mode 0
Event: 1.198 Thread 0x00007f494c017000 DEOPT PACKING pc=0x00007f4934dc16cf sp=0x00007f4953522730
Event: 1.198 Thread 0x00007f494c017000 DEOPT UNPACKING pc=0x00007f493483f64a sp=0x00007f4953521bf0 mode 0

Classes redefined (0 events):
No events

Internal exceptions (20 events):
Event: 0.319 Thread 0x00007f494c017000 Exception <a 'java/security/PrivilegedActionException'{0x00000000c6ee30f0}> (0x00000000c6ee30f0) thrown at [src/hotspot/share/prims/jvm.cpp, line 1304]
Event: 0.319 Thread 0x00007f494c017000 Exception <a 'java/security/PrivilegedActionException'{0x00000000c6ee33c0}> (0x00000000c6ee33c0) thrown at [src/hotspot/share/prims/jvm.cpp, line 1304]
Event: 0.319 Thread 0x00007f494c017000 Exception <a 'java/security/PrivilegedActionException'{0x00000000c6ee3d48}> (0x00000000c6ee3d48) thrown at [src/hotspot/share/prims/jvm.cpp, line 1304]
Event: 0.319 Thread 0x00007f494c017000 Exception <a 'java/security/PrivilegedActionException'{0x00000000c6ee4018}> (0x00000000c6ee4018) thrown at [src/hotspot/share/prims/jvm.cpp, line 1304]
Event: 0.319 Thread 0x00007f494c017000 Exception <a 'java/security/PrivilegedActionException'{0x00000000c6ee49a0}> (0x00000000c6ee49a0) thrown at [src/hotspot/share/prims/jvm.cpp, line 1304]
Event: 0.319 Thread 0x00007f494c017000 Exception <a 'java/security/PrivilegedActionException'{0x00000000c6ee4c70}> (0x00000000c6ee4c70) thrown at [src/hotspot/share/prims/jvm.cpp, line 1304]
Event: 0.319 Thread 0x00007f494c017000 Exception <a 'java/security/PrivilegedActionException'{0x00000000c6ee55f8}> (0x00000000c6ee55f8) thrown at [src/hotspot/share/prims/jvm.cpp, line 1304]
Event: 0.319 Thread 0x00007f494c017000 Exception <a 'java/security/PrivilegedActionException'{0x00000000c6ee58c8}> (0x00000000c6ee58c8) thrown at [src/hotspot/share/prims/jvm.cpp, line 1304]
Event: 0.319 Thread 0x00007f494c017000 Exception <a 'java/security/PrivilegedActionException'{0x00000000c6ee6238}> (0x00000000c6ee6238) thrown at [src/hotspot/share/prims/jvm.cpp, line 1304]
Event: 0.319 Thread 0x00007f494c017000 Exception <a 'java/security/PrivilegedActionException'{0x00000000c6ee6508}> (0x00000000c6ee6508) thrown at [src/hotspot/share/prims/jvm.cpp, line 1304]
Event: 0.319 Thread 0x00007f494c017000 Exception <a 'java/security/PrivilegedActionException'{0x00000000c6ee6e90}> (0x00000000c6ee6e90) thrown at [src/hotspot/share/prims/jvm.cpp, line 1304]
Event: 0.319 Thread 0x00007f494c017000 Exception <a 'java/security/PrivilegedActionException'{0x00000000c6ee7160}> (0x00000000c6ee7160) thrown at [src/hotspot/share/prims/jvm.cpp, line 1304]
Event: 0.794 Thread 0x00007f494c017000 Exception <a 'java/lang/NoSuchMethodError'{0x00000000c6ad72c8}: 'int java.lang.invoke.DirectMethodHandle$Holder.invokeStaticInit(java.lang.Object, java.lang.Object, java.lang.Object, java.lang.Object)'> (0x00000000c6ad72c8) thrown at [src/hotspot/share/interpreter/linkResolver.cpp, line 772]
Event: 0.800 Thread 0x00007f494c017000 Exception <a 'java/lang/IncompatibleClassChangeError'{0x00000000c6ae1048}: Found class java.lang.Object, but interface was expected> (0x00000000c6ae1048) thrown at [src/hotspot/share/interpreter/linkResolver.cpp, line 839]
Event: 0.802 Thread 0x00007f494c017000 Exception <a 'java/lang/NoSuchMethodError'{0x00000000c6ae41f8}: 'void java.lang.invoke.DirectMethodHandle$Holder.invokeStaticInit(java.lang.Object, java.lang.Object)'> (0x00000000c6ae41f8) thrown at [src/hotspot/share/interpreter/linkResolver.cpp, line 772]
Event: 0.806 Thread 0x00007f494c017000 Exception <a 'java/lang/NoSuchMethodError'{0x00000000c6aea958}: 'int java.lang.invoke.DirectMethodHandle$Holder.invokeStaticInit(java.lang.Object, java.lang.Object)'> (0x00000000c6aea958) thrown at [src/hotspot/share/interpreter/linkResolver.cpp, line 772]
Event: 1.384 Thread 0x00007f494c017000 Exception <a 'java/lang/NoSuchMethodError'{0x00000000c6cab290}: 'java.lang.Object java.lang.invoke.DirectMethodHandle$Holder.invokeStatic(java.lang.Object, java.lang.Object, java.lang.Object, java.lang.Object, java.lang.Object, java.lang.Object, java.lang.Object, java.lang.Object, java.lang.Object, java.lang.Object, java.lang.Object, int)'> (0x00000000c6cab290) thrown at [src/hotspot/share/interpreter/linkResolver.cpp, line 772]
Event: 1.403 Thread 0x00007f494c017000 Exception <a 'java/lang/NoSuchMethodError'{0x00000000c6cca660}: 'java.lang.Object java.lang.invoke.DirectMethodHandle$Holder.invokeStatic(java.lang.Object, java.lang.Object, java.lang.Object, java.lang.Object, java.lang.Object, java.lang.Object, java.lang.Object, java.lang.Object, java.lang.Object, java.lang.Object, java.lang.Object, int, int)'> (0x00000000c6cca660) thrown at [src/hotspot/share/interpreter/linkResolver.cpp, line 772]
Event: 1.413 Thread 0x00007f494c017000 Exception <a 'java/lang/NoSuchMethodError'{0x00000000c6ce9a18}: 'java.lang.Object java.lang.invoke.DirectMethodHandle$Holder.invokeStatic(java.lang.Object, java.lang.Object, java.lang.Object, java.lang.Object, java.lang.Object, java.lang.Object, java.lang.Object, java.lang.Object, java.lang.Object, java.lang.Object, java.lang.Object, int, int, java.lang.Object)'> (0x00000000c6ce9a18) thrown at [src/hotspot/share/interpreter/linkResolver.cpp, line 772]
Event: 1.423 Thread 0x00007f494c017000 Exception <a 'java/lang/NoSuchMethodError'{0x00000000c6cf5c70}: 'java.lang.Object java.lang.invoke.Invokers$Holder.linkToTargetMethod(java.lang.Object, int, java.lang.Object)'> (0x00000000c6cf5c70) thrown at [src/hotspot/share/interpreter/linkResolver.cpp, line 772]

Events (20 events):
Event: 1.308 loading class java/lang/invoke/BoundMethodHandle$Species_LL
Event: 1.308 loading class java/lang/invoke/BoundMethodHandle$Species_LL done
Event: 1.312 loading class java/lang/invoke/BoundMethodHandle$Species_LLL
Event: 1.312 loading class java/lang/invoke/BoundMethodHandle$Species_LLL done
Event: 1.319 loading class java/lang/invoke/BoundMethodHandle$Species_LLLL
Event: 1.319 loading class java/lang/invoke/BoundMethodHandle$Species_LLLL done
Event: 1.333 loading class java/lang/invoke/BoundMethodHandle$Species_LLLLL
Event: 1.333 loading class java/lang/invoke/BoundMethodHandle$Species_LLLLL done
Event: 1.338 loading class java/lang/invoke/BoundMethodHandle$Species_LLLLLL
Event: 1.338 loading class java/lang/invoke/BoundMethodHandle$Species_LLLLLL done
Event: 1.361 loading class java/lang/invoke/BoundMethodHandle$Species_LLLLLLL
Event: 1.361 loading class java/lang/invoke/BoundMethodHandle$Species_LLLLLLL done
Event: 1.363 loading class java/lang/invoke/BoundMethodHandle$Species_LLLLLLLL
Event: 1.363 loading class java/lang/invoke/BoundMethodHandle$Species_LLLLLLLL done
Event: 1.380 loading class java/lang/invoke/BoundMethodHandle$Species_LLLLLLLLI
Event: 1.380 loading class java/lang/invoke/BoundMethodHandle$Species_LLLLLLLLI done
Event: 1.393 loading class java/lang/invoke/BoundMethodHandle$Species_LLLLLLLLII
Event: 1.393 loading class java/lang/invoke/BoundMethodHandle$Species_LLLLLLLLII done
Event: 1.405 loading class java/lang/invoke/BoundMethodHandle$Species_LLLLLLLLIIL
Event: 1.405 loading class java/lang/invoke/BoundMethodHandle$Species_LLLLLLLLIIL done


Dynamic libraries:
c3200000-c7000000 rw-p 00000000 00:00 0 
c7000000-ffe00000 ---p 00000000 00:00 0 
ffe00000-ffe47000 rw-p 00b0a000 08:05 922150                             /usr/lib/jvm/java-11-openjdk-amd64/lib/server/classes.jsa
ffe47000-fff00000 rw-p 00000000 00:00 0 
fff00000-fff6b000 rw-p 00a9f000 08:05 922150                             /usr/lib/jvm/java-11-openjdk-amd64/lib/server/classes.jsa
fff6b000-100000000 rw-p 00000000 00:00 0 
800000000-800002000 rwxp 00001000 08:05 922150                           /usr/lib/jvm/java-11-openjdk-amd64/lib/server/classes.jsa
800002000-8003cc000 rw-p 00003000 08:05 922150                           /usr/lib/jvm/java-11-openjdk-amd64/lib/server/classes.jsa
8003cc000-800a9d000 r--p 003cd000 08:05 922150                           /usr/lib/jvm/java-11-openjdk-amd64/lib/server/classes.jsa
800a9d000-800a9e000 rw-p 00a9e000 08:05 922150                           /usr/lib/jvm/java-11-openjdk-amd64/lib/server/classes.jsa
840000000-8400c0000 rw-p 00000000 00:00 0 
8400c0000-880000000 ---p 00000000 00:00 0 
55609ee4b000-55609ee4c000 r--p 00000000 08:05 922046                     /usr/lib/jvm/java-11-openjdk-amd64/bin/java
55609ee4c000-55609ee4d000 r-xp 00001000 08:05 922046                     /usr/lib/jvm/java-11-openjdk-amd64/bin/java
55609ee4d000-55609ee4e000 r--p 00002000 08:05 922046                     /usr/lib/jvm/java-11-openjdk-amd64/bin/java
55609ee4e000-55609ee4f000 r--p 00002000 08:05 922046                     /usr/lib/jvm/java-11-openjdk-amd64/bin/java
55609ee4f000-55609ee50000 rw-p 00003000 08:05 922046                     /usr/lib/jvm/java-11-openjdk-amd64/bin/java
5560a09fe000-5560a0a40000 rw-p 00000000 00:00 0                          [heap]
7f48f152c000-7f48f1e52000 r--p 00000000 08:05 1461981                    /home/qutx/.javacpp/cache/llvm-13.0.1-1.5.7-linux-x86_64.jar/org/bytedeco/llvm/linux-x86_64/libLLVM-13.so
7f48f1e52000-7f48f5815000 r-xp 00926000 08:05 1461981                    /home/qutx/.javacpp/cache/llvm-13.0.1-1.5.7-linux-x86_64.jar/org/bytedeco/llvm/linux-x86_64/libLLVM-13.so
7f48f5815000-7f48f7a6a000 r--p 042e9000 08:05 1461981                    /home/qutx/.javacpp/cache/llvm-13.0.1-1.5.7-linux-x86_64.jar/org/bytedeco/llvm/linux-x86_64/libLLVM-13.so
7f48f7a6a000-7f48f7f7f000 r--p 0653d000 08:05 1461981                    /home/qutx/.javacpp/cache/llvm-13.0.1-1.5.7-linux-x86_64.jar/org/bytedeco/llvm/linux-x86_64/libLLVM-13.so
7f48f7f7f000-7f48f7f8a000 rw-p 06a52000 08:05 1461981                    /home/qutx/.javacpp/cache/llvm-13.0.1-1.5.7-linux-x86_64.jar/org/bytedeco/llvm/linux-x86_64/libLLVM-13.so
7f48f7f8a000-7f48f8000000 rw-p 00000000 00:00 0 
7f48f8000000-7f48f8021000 rw-p 00000000 00:00 0 
7f48f8021000-7f48fc000000 ---p 00000000 00:00 0 
7f48fc000000-7f48fc021000 rw-p 00000000 00:00 0 
7f48fc021000-7f4900000000 ---p 00000000 00:00 0 
7f4900000000-7f49001b0000 rw-p 00000000 00:00 0 
7f49001b0000-7f4904000000 ---p 00000000 00:00 0 
7f4904000000-7f49044e7000 rw-p 00000000 00:00 0 
7f49044e7000-7f4908000000 ---p 00000000 00:00 0 
7f4908000000-7f4908021000 rw-p 00000000 00:00 0 
7f4908021000-7f490c000000 ---p 00000000 00:00 0 
7f490c000000-7f490c021000 rw-p 00000000 00:00 0 
7f490c021000-7f4910000000 ---p 00000000 00:00 0 
7f4910000000-7f4910021000 rw-p 00000000 00:00 0 
7f4910021000-7f4914000000 ---p 00000000 00:00 0 
7f4914000000-7f4914021000 rw-p 00000000 00:00 0 
7f4914021000-7f4918000000 ---p 00000000 00:00 0 
7f4918000000-7f4918021000 rw-p 00000000 00:00 0 
7f4918021000-7f491c000000 ---p 00000000 00:00 0 
7f491c000000-7f491c021000 rw-p 00000000 00:00 0 
7f491c021000-7f4920000000 ---p 00000000 00:00 0 
7f4920000000-7f4920021000 rw-p 00000000 00:00 0 
7f4920021000-7f4924000000 ---p 00000000 00:00 0 
7f4924617000-7f492467c000 r--p 00000000 08:05 1461986                    /home/qutx/.javacpp/cache/llvm-13.0.1-1.5.7-linux-x86_64.jar/org/bytedeco/llvm/linux-x86_64/libjniLLVM.so
7f492467c000-7f49246ea000 r-xp 00065000 08:05 1461986                    /home/qutx/.javacpp/cache/llvm-13.0.1-1.5.7-linux-x86_64.jar/org/bytedeco/llvm/linux-x86_64/libjniLLVM.so
7f49246ea000-7f4924715000 r--p 000d3000 08:05 1461986                    /home/qutx/.javacpp/cache/llvm-13.0.1-1.5.7-linux-x86_64.jar/org/bytedeco/llvm/linux-x86_64/libjniLLVM.so
7f4924715000-7f4924718000 r--p 000fd000 08:05 1461986                    /home/qutx/.javacpp/cache/llvm-13.0.1-1.5.7-linux-x86_64.jar/org/bytedeco/llvm/linux-x86_64/libjniLLVM.so
7f4924718000-7f492471b000 rw-p 00100000 08:05 1461986                    /home/qutx/.javacpp/cache/llvm-13.0.1-1.5.7-linux-x86_64.jar/org/bytedeco/llvm/linux-x86_64/libjniLLVM.so
7f492471b000-7f492471d000 rw-p 00000000 00:00 0 
7f492471d000-7f4924721000 ---p 00000000 00:00 0 
7f4924721000-7f492481e000 rw-p 00000000 00:00 0 
7f492481e000-7f492481f000 ---p 00000000 00:00 0 
7f492481f000-7f4924920000 rw-p 00000000 00:00 0 
7f4924920000-7f4924921000 ---p 00000000 00:00 0 
7f4924921000-7f4924a22000 rw-p 00000000 00:00 0 
7f4924a22000-7f4925800000 r--p 00000000 08:05 922866                     /usr/lib/locale/locale-archive
7f4925800000-7f4925dc0000 rw-p 00000000 00:00 0 
7f4925dc0000-7f4926000000 ---p 00000000 00:00 0 
7f4926000000-7f4928000000 rw-p 00000000 00:00 0 
7f4928000000-7f4928021000 rw-p 00000000 00:00 0 
7f4928021000-7f492c000000 ---p 00000000 00:00 0 
7f492c000000-7f492c021000 rw-p 00000000 00:00 0 
7f492c021000-7f4930000000 ---p 00000000 00:00 0 
7f4930000000-7f4930021000 rw-p 00000000 00:00 0 
7f4930021000-7f4934000000 ---p 00000000 00:00 0 
7f49340ee000-7f49340f2000 ---p 00000000 00:00 0 
7f49340f2000-7f49341ef000 rw-p 00000000 00:00 0 
7f49341ef000-7f49341f3000 ---p 00000000 00:00 0 
7f49341f3000-7f49342f0000 rw-p 00000000 00:00 0 
7f49342f0000-7f49342f4000 ---p 00000000 00:00 0 
7f49342f4000-7f49343f1000 rw-p 00000000 00:00 0 
7f49343f1000-7f49343f5000 ---p 00000000 00:00 0 
7f49343f5000-7f49344f2000 rw-p 00000000 00:00 0 
7f49344f2000-7f49344f6000 ---p 00000000 00:00 0 
7f49344f6000-7f49345f3000 rw-p 00000000 00:00 0 
7f49345f3000-7f49345f7000 ---p 00000000 00:00 0 
7f49345f7000-7f49346f4000 rw-p 00000000 00:00 0 
7f49346f4000-7f49346f8000 ---p 00000000 00:00 0 
7f49346f8000-7f49347f5000 rw-p 00000000 00:00 0 
7f49347f5000-7f4934a65000 rwxp 00000000 00:00 0 
7f4934a65000-7f4934d84000 ---p 00000000 00:00 0 
7f4934d84000-7f4934ff4000 rwxp 00000000 00:00 0 
7f4934ff4000-7f493c2bc000 ---p 00000000 00:00 0 
7f493c2bc000-7f493c52c000 rwxp 00000000 00:00 0 
7f493c52c000-7f49437f5000 ---p 00000000 00:00 0 
7f49437f5000-7f494c000000 r--s 00000000 08:05 922125                     /usr/lib/jvm/java-11-openjdk-amd64/lib/modules
7f494c000000-7f494c3a9000 rw-p 00000000 00:00 0 
7f494c3a9000-7f4950000000 ---p 00000000 00:00 0 
7f4950036000-7f495003d000 r--s 00000000 08:05 1447316                    /usr/lib/x86_64-linux-gnu/gconv/gconv-modules.cache
7f495003d000-7f495003e000 r--p 00000000 08:05 1461984                    /home/qutx/.javacpp/cache/llvm-13.0.1-1.5.7-linux-x86_64.jar/org/bytedeco/llvm/linux-x86_64/libRemarks.so.13
7f495003e000-7f495003f000 r-xp 00001000 08:05 1461984                    /home/qutx/.javacpp/cache/llvm-13.0.1-1.5.7-linux-x86_64.jar/org/bytedeco/llvm/linux-x86_64/libRemarks.so.13
7f495003f000-7f4950040000 r--p 00002000 08:05 1461984                    /home/qutx/.javacpp/cache/llvm-13.0.1-1.5.7-linux-x86_64.jar/org/bytedeco/llvm/linux-x86_64/libRemarks.so.13
7f4950040000-7f4950041000 r--p 00002000 08:05 1461984                    /home/qutx/.javacpp/cache/llvm-13.0.1-1.5.7-linux-x86_64.jar/org/bytedeco/llvm/linux-x86_64/libRemarks.so.13
7f4950041000-7f4950042000 rw-p 00003000 08:05 1461984                    /home/qutx/.javacpp/cache/llvm-13.0.1-1.5.7-linux-x86_64.jar/org/bytedeco/llvm/linux-x86_64/libRemarks.so.13
7f4950042000-7f4950049000 r--p 00000000 08:05 1461982                    /home/qutx/.javacpp/cache/llvm-13.0.1-1.5.7-linux-x86_64.jar/org/bytedeco/llvm/linux-x86_64/libLTO.so.13
7f4950049000-7f4950051000 r-xp 00007000 08:05 1461982                    /home/qutx/.javacpp/cache/llvm-13.0.1-1.5.7-linux-x86_64.jar/org/bytedeco/llvm/linux-x86_64/libLTO.so.13
7f4950051000-7f4950053000 r--p 0000f000 08:05 1461982                    /home/qutx/.javacpp/cache/llvm-13.0.1-1.5.7-linux-x86_64.jar/org/bytedeco/llvm/linux-x86_64/libLTO.so.13
7f4950053000-7f4950054000 r--p 00010000 08:05 1461982                    /home/qutx/.javacpp/cache/llvm-13.0.1-1.5.7-linux-x86_64.jar/org/bytedeco/llvm/linux-x86_64/libLTO.so.13
7f4950054000-7f4950055000 rw-p 00011000 08:05 1461982                    /home/qutx/.javacpp/cache/llvm-13.0.1-1.5.7-linux-x86_64.jar/org/bytedeco/llvm/linux-x86_64/libLTO.so.13
7f4950055000-7f4950059000 r--p 00000000 08:05 1461975                    /home/qutx/.javacpp/cache/javacpp-1.5.7-linux-x86_64.jar/org/bytedeco/javacpp/linux-x86_64/libjnijavacpp.so
7f4950059000-7f4950060000 r-xp 00004000 08:05 1461975                    /home/qutx/.javacpp/cache/javacpp-1.5.7-linux-x86_64.jar/org/bytedeco/javacpp/linux-x86_64/libjnijavacpp.so
7f4950060000-7f4950064000 r--p 0000b000 08:05 1461975                    /home/qutx/.javacpp/cache/javacpp-1.5.7-linux-x86_64.jar/org/bytedeco/javacpp/linux-x86_64/libjnijavacpp.so
7f4950064000-7f4950065000 r--p 0000e000 08:05 1461975                    /home/qutx/.javacpp/cache/javacpp-1.5.7-linux-x86_64.jar/org/bytedeco/javacpp/linux-x86_64/libjnijavacpp.so
7f4950065000-7f4950066000 rw-p 0000f000 08:05 1461975                    /home/qutx/.javacpp/cache/javacpp-1.5.7-linux-x86_64.jar/org/bytedeco/javacpp/linux-x86_64/libjnijavacpp.so
7f4950066000-7f4950067000 r--p 00000000 08:05 922097                     /usr/lib/jvm/java-11-openjdk-amd64/lib/libextnet.so
7f4950067000-7f4950068000 r-xp 00001000 08:05 922097                     /usr/lib/jvm/java-11-openjdk-amd64/lib/libextnet.so
7f4950068000-7f4950069000 r--p 00002000 08:05 922097                     /usr/lib/jvm/java-11-openjdk-amd64/lib/libextnet.so
7f4950069000-7f495006a000 r--p 00002000 08:05 922097                     /usr/lib/jvm/java-11-openjdk-amd64/lib/libextnet.so
7f495006a000-7f495006b000 rw-p 00003000 08:05 922097                     /usr/lib/jvm/java-11-openjdk-amd64/lib/libextnet.so
7f495006b000-7f495006f000 r--p 00000000 08:05 922115                     /usr/lib/jvm/java-11-openjdk-amd64/lib/libnet.so
7f495006f000-7f495007d000 r-xp 00004000 08:05 922115                     /usr/lib/jvm/java-11-openjdk-amd64/lib/libnet.so
7f495007d000-7f4950081000 r--p 00012000 08:05 922115                     /usr/lib/jvm/java-11-openjdk-amd64/lib/libnet.so
7f4950081000-7f4950082000 r--p 00015000 08:05 922115                     /usr/lib/jvm/java-11-openjdk-amd64/lib/libnet.so
7f4950082000-7f4950083000 rw-p 00016000 08:05 922115                     /usr/lib/jvm/java-11-openjdk-amd64/lib/libnet.so
7f4950083000-7f495008a000 r--p 00000000 08:05 922116                     /usr/lib/jvm/java-11-openjdk-amd64/lib/libnio.so
7f495008a000-7f4950092000 r-xp 00007000 08:05 922116                     /usr/lib/jvm/java-11-openjdk-amd64/lib/libnio.so
7f4950092000-7f4950095000 r--p 0000f000 08:05 922116                     /usr/lib/jvm/java-11-openjdk-amd64/lib/libnio.so
7f4950095000-7f4950096000 r--p 00011000 08:05 922116                     /usr/lib/jvm/java-11-openjdk-amd64/lib/libnio.so
7f4950096000-7f4950097000 rw-p 00012000 08:05 922116                     /usr/lib/jvm/java-11-openjdk-amd64/lib/libnio.so
7f4950097000-7f495009b000 ---p 00000000 00:00 0 
7f495009b000-7f4950198000 rw-p 00000000 00:00 0 
7f4950198000-7f495019c000 ---p 00000000 00:00 0 
7f495019c000-7f4950299000 rw-p 00000000 00:00 0 
7f4950299000-7f495029a000 ---p 00000000 00:00 0 
7f495029a000-7f4950477000 rw-p 00000000 00:00 0 
7f4950477000-7f4950478000 ---p 00000000 00:00 0 
7f4950478000-7f4950579000 rw-p 00000000 00:00 0 
7f4950579000-7f495057a000 ---p 00000000 00:00 0 
7f495057a000-7f495087d000 rw-p 00000000 00:00 0 
7f495087d000-7f495087e000 ---p 00000000 00:00 0 
7f495087e000-7f495097f000 rw-p 00000000 00:00 0 
7f495097f000-7f4950980000 ---p 00000000 00:00 0 
7f4950980000-7f4950b9a000 rw-p 00000000 00:00 0 
7f4950b9a000-7f49519d2000 ---p 00000000 00:00 0 
7f49519d2000-7f4951ad2000 rw-p 00000000 00:00 0 
7f4951ad2000-7f495290a000 ---p 00000000 00:00 0 
7f495290a000-7f4952931000 rw-p 00000000 00:00 0 
7f4952931000-7f4952af8000 ---p 00000000 00:00 0 
7f4952af8000-7f4952b18000 rw-p 00000000 00:00 0 
7f4952b18000-7f4952cdf000 ---p 00000000 00:00 0 
7f4952cdf000-7f4952cff000 rw-p 00000000 00:00 0 
7f4952cff000-7f4952ec6000 ---p 00000000 00:00 0 
7f4952ec6000-7f49530c9000 rw-p 00000000 00:00 0 
7f49530c9000-7f49530ca000 ---p 00000000 00:00 0 
7f49530ca000-7f49531d0000 rw-p 00000000 00:00 0 
7f49531d0000-7f49532b6000 ---p 00000000 00:00 0 
7f49532b6000-7f49532bb000 rw-p 00000000 00:00 0 
7f49532bb000-7f49533a1000 ---p 00000000 00:00 0 
7f49533a1000-7f49533a6000 rw-p 00000000 00:00 0 
7f49533a6000-7f49533ad000 ---p 00000000 00:00 0 
7f49533ad000-7f49533b0000 r--p 00000000 08:05 924341                     /usr/lib/x86_64-linux-gnu/libnss_files-2.31.so
7f49533b0000-7f49533b7000 r-xp 00003000 08:05 924341                     /usr/lib/x86_64-linux-gnu/libnss_files-2.31.so
7f49533b7000-7f49533b9000 r--p 0000a000 08:05 924341                     /usr/lib/x86_64-linux-gnu/libnss_files-2.31.so
7f49533b9000-7f49533ba000 r--p 0000b000 08:05 924341                     /usr/lib/x86_64-linux-gnu/libnss_files-2.31.so
7f49533ba000-7f49533bb000 rw-p 0000c000 08:05 924341                     /usr/lib/x86_64-linux-gnu/libnss_files-2.31.so
7f49533bb000-7f49533c1000 rw-p 00000000 00:00 0 
7f49533c1000-7f49533c3000 r--p 00000000 08:05 922124                     /usr/lib/jvm/java-11-openjdk-amd64/lib/libzip.so
7f49533c3000-7f49533c8000 r-xp 00002000 08:05 922124                     /usr/lib/jvm/java-11-openjdk-amd64/lib/libzip.so
7f49533c8000-7f49533ca000 r--p 00007000 08:05 922124                     /usr/lib/jvm/java-11-openjdk-amd64/lib/libzip.so
7f49533ca000-7f49533cb000 r--p 00008000 08:05 922124                     /usr/lib/jvm/java-11-openjdk-amd64/lib/libzip.so
7f49533cb000-7f49533cc000 rw-p 00009000 08:05 922124                     /usr/lib/jvm/java-11-openjdk-amd64/lib/libzip.so
7f49533cc000-7f49533d4000 rw-s 00000000 08:05 2362813                    /tmp/hsperfdata_qutx/20540
7f49533d4000-7f49533d6000 r--p 00000000 08:05 922099                     /usr/lib/jvm/java-11-openjdk-amd64/lib/libinstrument.so
7f49533d6000-7f49533dc000 r-xp 00002000 08:05 922099                     /usr/lib/jvm/java-11-openjdk-amd64/lib/libinstrument.so
7f49533dc000-7f49533df000 r--p 00008000 08:05 922099                     /usr/lib/jvm/java-11-openjdk-amd64/lib/libinstrument.so
7f49533df000-7f49533e0000 r--p 0000a000 08:05 922099                     /usr/lib/jvm/java-11-openjdk-amd64/lib/libinstrument.so
7f49533e0000-7f49533e1000 rw-p 0000b000 08:05 922099                     /usr/lib/jvm/java-11-openjdk-amd64/lib/libinstrument.so
7f49533e1000-7f49533e2000 ---p 00000000 00:00 0 
7f49533e2000-7f49533e3000 r--p 00000000 00:00 0 
7f49533e3000-7f49533e5000 r--p 00000000 08:05 922107                     /usr/lib/jvm/java-11-openjdk-amd64/lib/libjimage.so
7f49533e5000-7f49533e8000 r-xp 00002000 08:05 922107                     /usr/lib/jvm/java-11-openjdk-amd64/lib/libjimage.so
7f49533e8000-7f49533e9000 r--p 00005000 08:05 922107                     /usr/lib/jvm/java-11-openjdk-amd64/lib/libjimage.so
7f49533e9000-7f49533ea000 ---p 00006000 08:05 922107                     /usr/lib/jvm/java-11-openjdk-amd64/lib/libjimage.so
7f49533ea000-7f49533eb000 r--p 00006000 08:05 922107                     /usr/lib/jvm/java-11-openjdk-amd64/lib/libjimage.so
7f49533eb000-7f49533ec000 rw-p 00007000 08:05 922107                     /usr/lib/jvm/java-11-openjdk-amd64/lib/libjimage.so
7f49533ec000-7f49533fa000 r--p 00000000 08:05 922104                     /usr/lib/jvm/java-11-openjdk-amd64/lib/libjava.so
7f49533fa000-7f4953410000 r-xp 0000e000 08:05 922104                     /usr/lib/jvm/java-11-openjdk-amd64/lib/libjava.so
7f4953410000-7f4953417000 r--p 00024000 08:05 922104                     /usr/lib/jvm/java-11-openjdk-amd64/lib/libjava.so
7f4953417000-7f4953418000 r--p 0002a000 08:05 922104                     /usr/lib/jvm/java-11-openjdk-amd64/lib/libjava.so
7f4953418000-7f4953419000 rw-p 0002b000 08:05 922104                     /usr/lib/jvm/java-11-openjdk-amd64/lib/libjava.so
7f4953419000-7f495341a000 rw-p 00000000 00:00 0 
7f495341a000-7f495341c000 r--p 00000000 08:05 924550                     /usr/lib/x86_64-linux-gnu/librt-2.31.so
7f495341c000-7f4953420000 r-xp 00002000 08:05 924550                     /usr/lib/x86_64-linux-gnu/librt-2.31.so
7f4953420000-7f4953422000 r--p 00006000 08:05 924550                     /usr/lib/x86_64-linux-gnu/librt-2.31.so
7f4953422000-7f4953423000 r--p 00007000 08:05 924550                     /usr/lib/x86_64-linux-gnu/librt-2.31.so
7f4953423000-7f4953424000 rw-p 00008000 08:05 924550                     /usr/lib/x86_64-linux-gnu/librt-2.31.so
7f4953424000-7f4953428000 ---p 00000000 00:00 0 
7f4953428000-7f4953525000 rw-p 00000000 00:00 0 
7f4953525000-7f4953528000 r--p 00000000 08:05 923854                     /usr/lib/x86_64-linux-gnu/libgcc_s.so.1
7f4953528000-7f495353a000 r-xp 00003000 08:05 923854                     /usr/lib/x86_64-linux-gnu/libgcc_s.so.1
7f495353a000-7f495353e000 r--p 00015000 08:05 923854                     /usr/lib/x86_64-linux-gnu/libgcc_s.so.1
7f495353e000-7f495353f000 r--p 00018000 08:05 923854                     /usr/lib/x86_64-linux-gnu/libgcc_s.so.1
7f495353f000-7f4953540000 rw-p 00019000 08:05 923854                     /usr/lib/x86_64-linux-gnu/libgcc_s.so.1
7f4953540000-7f495354d000 r--p 00000000 08:05 924215                     /usr/lib/x86_64-linux-gnu/libm-2.31.so
7f495354d000-7f49535f4000 r-xp 0000d000 08:05 924215                     /usr/lib/x86_64-linux-gnu/libm-2.31.so
7f49535f4000-7f495368d000 r--p 000b4000 08:05 924215                     /usr/lib/x86_64-linux-gnu/libm-2.31.so
7f495368d000-7f495368e000 r--p 0014c000 08:05 924215                     /usr/lib/x86_64-linux-gnu/libm-2.31.so
7f495368e000-7f495368f000 rw-p 0014d000 08:05 924215                     /usr/lib/x86_64-linux-gnu/libm-2.31.so
7f495368f000-7f4953725000 r--p 00000000 08:05 924659                     /usr/lib/x86_64-linux-gnu/libstdc++.so.6.0.28
7f4953725000-7f4953816000 r-xp 00096000 08:05 924659                     /usr/lib/x86_64-linux-gnu/libstdc++.so.6.0.28
7f4953816000-7f495385f000 r--p 00187000 08:05 924659                     /usr/lib/x86_64-linux-gnu/libstdc++.so.6.0.28
7f495385f000-7f4953860000 ---p 001d0000 08:05 924659                     /usr/lib/x86_64-linux-gnu/libstdc++.so.6.0.28
7f4953860000-7f495386b000 r--p 001d0000 08:05 924659                     /usr/lib/x86_64-linux-gnu/libstdc++.so.6.0.28
7f495386b000-7f495386e000 rw-p 001db000 08:05 924659                     /usr/lib/x86_64-linux-gnu/libstdc++.so.6.0.28
7f495386e000-7f4953871000 rw-p 00000000 00:00 0 
7f4953871000-7f4953af3000 r--p 00000000 08:05 922128                     /usr/lib/jvm/java-11-openjdk-amd64/lib/server/libjvm.so
7f4953af3000-7f4954784000 r-xp 00282000 08:05 922128                     /usr/lib/jvm/java-11-openjdk-amd64/lib/server/libjvm.so
7f4954784000-7f49549e3000 r--p 00f13000 08:05 922128                     /usr/lib/jvm/java-11-openjdk-amd64/lib/server/libjvm.so
7f49549e3000-7f4954aa7000 r--p 01171000 08:05 922128                     /usr/lib/jvm/java-11-openjdk-amd64/lib/server/libjvm.so
7f4954aa7000-7f4954ae2000 rw-p 01235000 08:05 922128                     /usr/lib/jvm/java-11-openjdk-amd64/lib/server/libjvm.so
7f4954ae2000-7f4954b3b000 rw-p 00000000 00:00 0 
7f4954b3b000-7f4954b41000 r--p 00000000 08:05 924485                     /usr/lib/x86_64-linux-gnu/libpthread-2.31.so
7f4954b41000-7f4954b52000 r-xp 00006000 08:05 924485                     /usr/lib/x86_64-linux-gnu/libpthread-2.31.so
7f4954b52000-7f4954b58000 r--p 00017000 08:05 924485                     /usr/lib/x86_64-linux-gnu/libpthread-2.31.so
7f4954b58000-7f4954b59000 r--p 0001c000 08:05 924485                     /usr/lib/x86_64-linux-gnu/libpthread-2.31.so
7f4954b59000-7f4954b5a000 rw-p 0001d000 08:05 924485                     /usr/lib/x86_64-linux-gnu/libpthread-2.31.so
7f4954b5a000-7f4954b5e000 rw-p 00000000 00:00 0 
7f4954b5e000-7f4954b5f000 r--p 00000000 08:05 923700                     /usr/lib/x86_64-linux-gnu/libdl-2.31.so
7f4954b5f000-7f4954b61000 r-xp 00001000 08:05 923700                     /usr/lib/x86_64-linux-gnu/libdl-2.31.so
7f4954b61000-7f4954b62000 r--p 00003000 08:05 923700                     /usr/lib/x86_64-linux-gnu/libdl-2.31.so
7f4954b62000-7f4954b63000 r--p 00003000 08:05 923700                     /usr/lib/x86_64-linux-gnu/libdl-2.31.so
7f4954b63000-7f4954b64000 rw-p 00004000 08:05 923700                     /usr/lib/x86_64-linux-gnu/libdl-2.31.so
7f4954b64000-7f4954b66000 r--p 00000000 08:05 923674                     /usr/lib/x86_64-linux-gnu/libz.so.1.2.11
7f4954b66000-7f4954b77000 r-xp 00002000 08:05 923674                     /usr/lib/x86_64-linux-gnu/libz.so.1.2.11
7f4954b77000-7f4954b7d000 r--p 00013000 08:05 923674                     /usr/lib/x86_64-linux-gnu/libz.so.1.2.11
7f4954b7d000-7f4954b7e000 ---p 00019000 08:05 923674                     /usr/lib/x86_64-linux-gnu/libz.so.1.2.11
7f4954b7e000-7f4954b7f000 r--p 00019000 08:05 923674                     /usr/lib/x86_64-linux-gnu/libz.so.1.2.11
7f4954b7f000-7f4954b80000 rw-p 0001a000 08:05 923674                     /usr/lib/x86_64-linux-gnu/libz.so.1.2.11
7f4954b80000-7f4954ba2000 r--p 00000000 08:05 923557                     /usr/lib/x86_64-linux-gnu/libc-2.31.so
7f4954ba2000-7f4954d1a000 r-xp 00022000 08:05 923557                     /usr/lib/x86_64-linux-gnu/libc-2.31.so
7f4954d1a000-7f4954d68000 r--p 0019a000 08:05 923557                     /usr/lib/x86_64-linux-gnu/libc-2.31.so
7f4954d68000-7f4954d6c000 r--p 001e7000 08:05 923557                     /usr/lib/x86_64-linux-gnu/libc-2.31.so
7f4954d6c000-7f4954d6e000 rw-p 001eb000 08:05 923557                     /usr/lib/x86_64-linux-gnu/libc-2.31.so
7f4954d6e000-7f4954d72000 rw-p 00000000 00:00 0 
7f4954d73000-7f4954d78000 r--p 00000000 08:05 922123                     /usr/lib/jvm/java-11-openjdk-amd64/lib/libverify.so
7f4954d78000-7f4954d7f000 r-xp 00005000 08:05 922123                     /usr/lib/jvm/java-11-openjdk-amd64/lib/libverify.so
7f4954d7f000-7f4954d81000 r--p 0000c000 08:05 922123                     /usr/lib/jvm/java-11-openjdk-amd64/lib/libverify.so
7f4954d81000-7f4954d82000 ---p 0000e000 08:05 922123                     /usr/lib/jvm/java-11-openjdk-amd64/lib/libverify.so
7f4954d82000-7f4954d84000 r--p 0000e000 08:05 922123                     /usr/lib/jvm/java-11-openjdk-amd64/lib/libverify.so
7f4954d84000-7f4954d85000 rw-p 00010000 08:05 922123                     /usr/lib/jvm/java-11-openjdk-amd64/lib/libverify.so
7f4954d85000-7f4954d88000 r--p 00000000 08:05 922089                     /usr/lib/jvm/java-11-openjdk-amd64/lib/jli/libjli.so
7f4954d88000-7f4954d92000 r-xp 00003000 08:05 922089                     /usr/lib/jvm/java-11-openjdk-amd64/lib/jli/libjli.so
7f4954d92000-7f4954d95000 r--p 0000d000 08:05 922089                     /usr/lib/jvm/java-11-openjdk-amd64/lib/jli/libjli.so
7f4954d95000-7f4954d96000 ---p 00010000 08:05 922089                     /usr/lib/jvm/java-11-openjdk-amd64/lib/jli/libjli.so
7f4954d96000-7f4954d97000 r--p 00010000 08:05 922089                     /usr/lib/jvm/java-11-openjdk-amd64/lib/jli/libjli.so
7f4954d97000-7f4954d98000 rw-p 00011000 08:05 922089                     /usr/lib/jvm/java-11-openjdk-amd64/lib/jli/libjli.so
7f4954d98000-7f4954d9a000 rw-p 00000000 00:00 0 
7f4954d9a000-7f4954d9b000 r--p 00000000 08:05 923337                     /usr/lib/x86_64-linux-gnu/ld-2.31.so
7f4954d9b000-7f4954dbe000 r-xp 00001000 08:05 923337                     /usr/lib/x86_64-linux-gnu/ld-2.31.so
7f4954dbe000-7f4954dc6000 r--p 00024000 08:05 923337                     /usr/lib/x86_64-linux-gnu/ld-2.31.so
7f4954dc7000-7f4954dc8000 r--p 0002c000 08:05 923337                     /usr/lib/x86_64-linux-gnu/ld-2.31.so
7f4954dc8000-7f4954dc9000 rw-p 0002d000 08:05 923337                     /usr/lib/x86_64-linux-gnu/ld-2.31.so
7f4954dc9000-7f4954dca000 rw-p 00000000 00:00 0 
7fff5e746000-7fff5e767000 rw-p 00000000 00:00 0                          [stack]
7fff5e7cf000-7fff5e7d3000 r--p 00000000 00:00 0                          [vvar]
7fff5e7d3000-7fff5e7d5000 r-xp 00000000 00:00 0                          [vdso]
ffffffffff600000-ffffffffff601000 --xp 00000000 00:00 0                  [vsyscall]


VM Arguments:
jvm_args: -javaagent:/opt/idea-IC-223.8617.56/lib/idea_rt.jar=33525:/opt/idea-IC-223.8617.56/bin -Dfile.encoding=UTF-8 
java_command: Main tests/test1.sysy
java_class_path (initial): /home/qutx/Desktop/study/compile/Lab/out/production/Lab:/usr/local/lib/antlr-4.9.1-complete.jar:/usr/local/lib/javacpp-1.5.7-linux-x86_64.jar:/usr/local/lib/javacpp-1.5.7.jar:/usr/local/lib/llvm-13.0.1-1.5.7-linux-x86_64.jar:/usr/local/lib/llvm-13.0.1-1.5.7.jar:/usr/local/lib/llvm-platform-13.0.1-1.5.7.jar:/home/qutx/Desktop/study/compile/Lab
Launcher Type: SUN_STANDARD

[Global flags]
     intx CICompilerCount                          = 2                                         {product} {ergonomic}
     uint ConcGCThreads                            = 1                                         {product} {ergonomic}
     uint G1ConcRefinementThreads                  = 2                                         {product} {ergonomic}
   size_t G1HeapRegionSize                         = 1048576                                   {product} {ergonomic}
    uintx GCDrainStackTargetSize                   = 64                                        {product} {ergonomic}
   size_t InitialHeapSize                          = 65011712                                  {product} {ergonomic}
   size_t MarkStackSize                            = 4194304                                   {product} {ergonomic}
   size_t MaxHeapSize                              = 1021313024                                {product} {ergonomic}
   size_t MaxNewSize                               = 612368384                                 {product} {ergonomic}
   size_t MinHeapDeltaBytes                        = 1048576                                   {product} {ergonomic}
    uintx NonNMethodCodeHeapSize                   = 5825164                                {pd product} {ergonomic}
    uintx NonProfiledCodeHeapSize                  = 122916538                              {pd product} {ergonomic}
    uintx ProfiledCodeHeapSize                     = 122916538                              {pd product} {ergonomic}
    uintx ReservedCodeCacheSize                    = 251658240                              {pd product} {ergonomic}
     bool SegmentedCodeCache                       = true                                      {product} {ergonomic}
     bool UseCompressedClassPointers               = true                                 {lp64_product} {ergonomic}
     bool UseCompressedOops                        = true                                 {lp64_product} {ergonomic}
     bool UseG1GC                                  = true                                      {product} {ergonomic}

Logging:
Log output configuration:
 #0: stdout all=warning uptime,level,tags
 #1: stderr all=off uptime,level,tags

Environment Variables:
JAVA_HOME=/opt/jdk-19.0.2
PATH=/opt/idea-IC-223.8617.56/bin:/opt/jdk-19.0.2/bin:/usr/local/sbin:/usr/local/bin:/usr/sbin:/usr/bin:/sbin:/bin:/usr/games:/usr/local/games:/snap/bin
USERNAME=qutx
SHELL=/bin/bash
DISPLAY=:0
LANG=en_US.UTF-8
LC_NUMERIC=zh_CN.UTF-8
LC_TIME=zh_CN.UTF-8
TERM=xterm-256color

Signal Handlers:
SIGSEGV: [libjvm.so+0xe9f840], sa_mask[0]=11111111011111111101111111111110, sa_flags=SA_RESTART|SA_SIGINFO
SIGBUS: [libjvm.so+0xe9f840], sa_mask[0]=11111111011111111101111111111110, sa_flags=SA_RESTART|SA_SIGINFO
SIGFPE: [libjvm.so+0xe9f840], sa_mask[0]=11111111011111111101111111111110, sa_flags=SA_RESTART|SA_SIGINFO
SIGPIPE: [libjvm.so+0xbe53b0], sa_mask[0]=11111111011111111101111111111110, sa_flags=SA_RESTART|SA_SIGINFO
SIGXFSZ: [libjvm.so+0xbe53b0], sa_mask[0]=11111111011111111101111111111110, sa_flags=SA_RESTART|SA_SIGINFO
SIGILL: [libjvm.so+0xe9f840], sa_mask[0]=11111111011111111101111111111110, sa_flags=SA_RESTART|SA_SIGINFO
SIGUSR2: [libjvm.so+0xbe5250], sa_mask[0]=00100000000000000000000000000000, sa_flags=SA_RESTART|SA_SIGINFO
SIGHUP: [libjvm.so+0xbe5900], sa_mask[0]=11111111011111111101111111111110, sa_flags=SA_RESTART|SA_SIGINFO
SIGINT: [libjvm.so+0xbe5900], sa_mask[0]=11111111011111111101111111111110, sa_flags=SA_RESTART|SA_SIGINFO
SIGTERM: [libjvm.so+0xbe5900], sa_mask[0]=11111111011111111101111111111110, sa_flags=SA_RESTART|SA_SIGINFO
SIGQUIT: [libjvm.so+0xbe5900], sa_mask[0]=11111111011111111101111111111110, sa_flags=SA_RESTART|SA_SIGINFO


---------------  S Y S T E M  ---------------

OS:DISTRIB_ID=Ubuntu
DISTRIB_RELEASE=20.04
DISTRIB_CODENAME=focal
DISTRIB_DESCRIPTION="Ubuntu 20.04.6 LTS"
uname:Linux 5.15.0-71-generic #78~20.04.1-Ubuntu SMP Wed Apr 19 11:26:48 UTC 2023 x86_64
OS uptime: 0 days 1:11 hours
libc:glibc 2.31 NPTL 2.31 
rlimit (soft/hard): STACK 8192k/infinity , CORE 0k/infinity , NPROC 15242/15242 , NOFILE 1048576/1048576 , AS infinity/infinity , CPU infinity/infinity , DATA infinity/infinity , FSIZE infinity/infinity , MEMLOCK 65536k/65536k
load average:4.03 2.60 1.41

/proc/meminfo:
MemTotal:        3983204 kB
MemFree:          219752 kB
MemAvailable:    1166772 kB
Buffers:           37560 kB
Cached:          1063772 kB
SwapCached:        11236 kB
Active:           569048 kB
Inactive:        2635608 kB
Active(anon):     134932 kB
Inactive(anon):  1969896 kB
Active(file):     434116 kB
Inactive(file):   665712 kB
Unevictable:           0 kB
Mlocked:               0 kB
SwapTotal:       2097148 kB
SwapFree:        1582188 kB
Dirty:              7892 kB
Writeback:             0 kB
AnonPages:       2097344 kB
Mapped:           610100 kB
Shmem:              2056 kB
KReclaimable:     102980 kB
Slab:             200732 kB
SReclaimable:     102980 kB
SUnreclaim:        97752 kB
KernelStack:       12896 kB
PageTables:        21556 kB
NFS_Unstable:          0 kB
Bounce:                0 kB
WritebackTmp:          0 kB
CommitLimit:     4088748 kB
Committed_AS:    5858060 kB
VmallocTotal:   34359738367 kB
VmallocUsed:       72344 kB
VmallocChunk:          0 kB
Percpu:           104448 kB
HardwareCorrupted:     0 kB
AnonHugePages:         0 kB
ShmemHugePages:        0 kB
ShmemPmdMapped:        0 kB
FileHugePages:         0 kB
FilePmdMapped:         0 kB
HugePages_Total:       0
HugePages_Free:        0
HugePages_Rsvd:        0
HugePages_Surp:        0
Hugepagesize:       2048 kB
Hugetlb:               0 kB
DirectMap4k:      321344 kB
DirectMap2M:     3872768 kB
DirectMap1G:     2097152 kB

/sys/kernel/mm/transparent_hugepage/enabled:
always [madvise] never
/sys/kernel/mm/transparent_hugepage/defrag (defrag/compaction efforts parameter):
always defer defer+madvise [madvise] never

Process Memory:
Virtual Size: 3680692K (peak: 12380444K)
Resident Set Size: 93280K (peak: 93280K) (anon: 35976K, file: 57304K, shmem: 0K)
Swapped out: 0K
C-Heap outstanding allocations: 14693K, retained: 1974K
glibc malloc tunables: (default)

/proc/sys/kernel/threads-max (system-wide limit on the number of threads):
30485
/proc/sys/vm/max_map_count (maximum number of memory map areas a process may have):
65530
/proc/sys/kernel/pid_max (system-wide limit on number of process identifiers):
4194304

container (cgroup) information:
container_type: cgroupv1
cpu_cpuset_cpus: 0-1
cpu_memory_nodes: 0
active_processor_count: 2
cpu_quota: no quota
cpu_period: 100000
cpu_shares: no shares
memory_limit_in_bytes: unlimited
memory_and_swap_limit_in_bytes: unlimited
memory_soft_limit_in_bytes: unlimited
memory_usage_in_bytes: 2662216 k
memory_max_usage_in_bytes: 2784400 k
kernel_memory_usage_in_bytes: 54344 k
kernel_memory_max_usage_in_bytes: unlimited
kernel_memory_limit_in_bytes: 56744 k
maximum number of tasks: unlimited
current number of tasks: 359

VMWare virtualization detected
Steal ticks since vm start: 0
Steal ticks percentage since vm start:  0.000

CPU:total 2 (initial active 2) (1 cores per cpu, 1 threads per core) family 6 model 165 stepping 2 microcode 0xffffffff, cmov, cx8, fxsr, mmx, sse, sse2, sse3, ssse3, sse4.1, sse4.2, popcnt, avx, avx2, aes, clmul, erms, 3dnowpref, lzcnt, tsc, tscinvbit, bmi1, bmi2, adx, fma
CPU Model and flags from /proc/cpuinfo:
model name	: Intel(R) Core(TM) i7-10750H CPU @ 2.60GHz
flags		: fpu vme de pse tsc msr pae mce cx8 apic sep mtrr pge mca cmov pat pse36 clflush mmx fxsr sse sse2 ss syscall nx pdpe1gb rdtscp lm constant_tsc arch_perfmon nopl xtopology tsc_reliable nonstop_tsc cpuid tsc_known_freq pni pclmulqdq ssse3 fma cx16 pcid sse4_1 sse4_2 x2apic movbe popcnt aes xsave avx f16c rdrand hypervisor lahf_lm abm 3dnowprefetch invpcid_single pti ssbd ibrs ibpb stibp fsgsbase tsc_adjust bmi1 avx2 smep bmi2 invpcid rdseed adx smap clflushopt xsaveopt xsavec xgetbv1 xsaves arat flush_l1d arch_capabilities
Online cpus:
0-1
Offline cpus:
2-127
BIOS frequency limitation:
<Not Available>
Frequency switch latency (ns):
<Not Available>
Available cpu frequencies:
<Not Available>
Current governor:
<Not Available>
Core performance/turbo boost:
<Not Available>

Memory: 4k page, physical 3983204k(219752k free), swap 2097148k(1582188k free)

vm_info: OpenJDK 64-Bit Server VM (11.0.19+7-post-Ubuntu-0ubuntu120.04.1) for linux-amd64 JRE (11.0.19+7-post-Ubuntu-0ubuntu120.04.1), built on May 10 2023 00:55:26 by "unknown" with gcc 9.4.0

END.
