#
# A fatal error has been detected by the Java Runtime Environment:
#
#  SIGSEGV (0xb) at pc=0x00007f7bc61553ac, pid=21208, tid=21216
#
# JRE version: OpenJDK Runtime Environment (11.0.19+7) (build 11.0.19+7-post-Ubuntu-0ubuntu120.04.1)
# Java VM: OpenJDK 64-Bit Server VM (11.0.19+7-post-Ubuntu-0ubuntu120.04.1, mixed mode, sharing, tiered, compressed oops, g1 gc, linux-amd64)
# Problematic frame:
# C  [libLLVM-13.so+0xc293ac]  LLVMBuildAdd+0xfc
#
# Core dump will be written. Default location: Core dumps may be processed with "/usr/share/apport/apport -p%p -s%s -c%c -d%d -P%P -u%u -g%g -- %E" (or dumping to /home/qutx/Desktop/study/compile/Lab/core.21208)
#
# If you would like to submit a bug report, please visit:
#   https://bugs.launchpad.net/ubuntu/+source/openjdk-lts
# The crash happened outside the Java Virtual Machine in native code.
# See problematic frame for where to report the bug.
#

---------------  S U M M A R Y ------------

Command Line: -javaagent:/opt/idea-IC-223.8617.56/lib/idea_rt.jar=40483:/opt/idea-IC-223.8617.56/bin -Dfile.encoding=UTF-8 Main tests/test1.sysy

Host: Intel(R) Core(TM) i7-10750H CPU @ 2.60GHz, 2 cores, 3G, Ubuntu 20.04.6 LTS
Time: Thu May 18 12:03:36 2023 CST elapsed time: 0.969221 seconds (0d 0h 0m 0s)

---------------  T H R E A D  ---------------

Current thread (0x00007f7c28017000):  JavaThread "main" [_thread_in_native, id=21216, stack(0x00007f7c2de1d000,0x00007f7c2df1e000)]

Stack: [0x00007f7c2de1d000,0x00007f7c2df1e000],  sp=0x00007f7c2df1bba0,  free space=1018k
Native frames: (J=compiled Java code, A=aot compiled Java code, j=interpreted, Vv=VM code, C=native code)
C  [libLLVM-13.so+0xc293ac]  LLVMBuildAdd+0xfc

Java frames: (J=compiled Java code, j=interpreted, Vv=VM code)
j  org.bytedeco.llvm.global.LLVM.LLVMBuildAdd(Lorg/bytedeco/llvm/LLVM/LLVMBuilderRef;Lorg/bytedeco/llvm/LLVM/LLVMValueRef;Lorg/bytedeco/llvm/LLVM/LLVMValueRef;Ljava/lang/String;)Lorg/bytedeco/llvm/LLVM/LLVMValueRef;+0
j  LlvmVisitor.visitPlusExp(LSysYParser$PlusExpContext;)Lorg/bytedeco/llvm/LLVM/LLVMValueRef;+49
j  LlvmVisitor.visitPlusExp(LSysYParser$PlusExpContext;)Ljava/lang/Object;+2
j  SysYParser$PlusExpContext.accept(Lorg/antlr/v4/runtime/tree/ParseTreeVisitor;)Ljava/lang/Object;+12
j  LlvmVisitor.visitReturnStmt(LSysYParser$ReturnStmtContext;)Lorg/bytedeco/llvm/LLVM/LLVMValueRef;+5
j  LlvmVisitor.visitReturnStmt(LSysYParser$ReturnStmtContext;)Ljava/lang/Object;+2
j  SysYParser$ReturnStmtContext.accept(Lorg/antlr/v4/runtime/tree/ParseTreeVisitor;)Ljava/lang/Object;+12
j  org.antlr.v4.runtime.tree.AbstractParseTreeVisitor.visitChildren(Lorg/antlr/v4/runtime/tree/RuleNode;)Ljava/lang/Object;+46
j  SysYParserBaseVisitor.visitBlockItem(LSysYParser$BlockItemContext;)Ljava/lang/Object;+2
j  SysYParser$BlockItemContext.accept(Lorg/antlr/v4/runtime/tree/ParseTreeVisitor;)Ljava/lang/Object;+12
j  org.antlr.v4.runtime.tree.AbstractParseTreeVisitor.visitChildren(Lorg/antlr/v4/runtime/tree/RuleNode;)Ljava/lang/Object;+46
j  SysYParserBaseVisitor.visitBlock(LSysYParser$BlockContext;)Ljava/lang/Object;+2
j  LlvmVisitor.visitBlock(LSysYParser$BlockContext;)Lorg/bytedeco/llvm/LLVM/LLVMValueRef;+43
j  LlvmVisitor.visitBlock(LSysYParser$BlockContext;)Ljava/lang/Object;+2
j  SysYParser$BlockContext.accept(Lorg/antlr/v4/runtime/tree/ParseTreeVisitor;)Ljava/lang/Object;+12
j  org.antlr.v4.runtime.tree.AbstractParseTreeVisitor.visitChildren(Lorg/antlr/v4/runtime/tree/RuleNode;)Ljava/lang/Object;+46
j  SysYParserBaseVisitor.visitFuncDef(LSysYParser$FuncDefContext;)Ljava/lang/Object;+2
j  LlvmVisitor.visitFuncDef(LSysYParser$FuncDefContext;)Lorg/bytedeco/llvm/LLVM/LLVMValueRef;+81
j  LlvmVisitor.visitFuncDef(LSysYParser$FuncDefContext;)Ljava/lang/Object;+2
j  SysYParser$FuncDefContext.accept(Lorg/antlr/v4/runtime/tree/ParseTreeVisitor;)Ljava/lang/Object;+12
j  org.antlr.v4.runtime.tree.AbstractParseTreeVisitor.visitChildren(Lorg/antlr/v4/runtime/tree/RuleNode;)Ljava/lang/Object;+46
j  SysYParserBaseVisitor.visitCompUnit(LSysYParser$CompUnitContext;)Ljava/lang/Object;+2
j  SysYParser$CompUnitContext.accept(Lorg/antlr/v4/runtime/tree/ParseTreeVisitor;)Ljava/lang/Object;+12
j  org.antlr.v4.runtime.tree.AbstractParseTreeVisitor.visitChildren(Lorg/antlr/v4/runtime/tree/RuleNode;)Ljava/lang/Object;+46
j  SysYParserBaseVisitor.visitProgram(LSysYParser$ProgramContext;)Ljava/lang/Object;+2
j  LlvmVisitor.visitProgram(LSysYParser$ProgramContext;)Lorg/bytedeco/llvm/LLVM/LLVMValueRef;+22
j  LlvmVisitor.visitProgram(LSysYParser$ProgramContext;)Ljava/lang/Object;+2
j  SysYParser$ProgramContext.accept(Lorg/antlr/v4/runtime/tree/ParseTreeVisitor;)Ljava/lang/Object;+12
j  org.antlr.v4.runtime.tree.AbstractParseTreeVisitor.visit(Lorg/antlr/v4/runtime/tree/ParseTree;)Ljava/lang/Object;+2
j  Main.main([Ljava/lang/String;)V+55
v  ~StubRoutines::call_stub

siginfo: si_signo: 11 (SIGSEGV), si_code: 1 (SEGV_MAPERR), si_addr: 0x0000000200000027

Register to memory mapping:

RAX=0x00007f7c28365960 points into unknown readable memory: 0x00007f7c28387cf8 | f8 7c 38 28 7c 7f 00 00
RBX=0x00007f7c28365920 points into unknown readable memory: 0x00007f7c28396890 | 90 68 39 28 7c 7f 00 00
RCX=0x00007f7c283963b8 points into unknown readable memory: 0x00007f7c28365940 | 40 59 36 28 7c 7f 00 00
RDX=0x00007f7c2df1bba0 is pointing into the stack for thread: 0x00007f7c28017000
RSP=0x00007f7c2df1bba0 is pointing into the stack for thread: 0x00007f7c28017000
RBP=0x00007f7c28017348 points into unknown readable memory: 0x00007f7c2f4a6b40 | 40 6b 4a 2f 7c 7f 00 00
RSI=0x00007f7c2df1bbd0 is pointing into the stack for thread: 0x00007f7c28017000
RDI=0x0000000200000027 is an unknown value
R8 =0x00007f7c28365960 points into unknown readable memory: 0x00007f7c28387cf8 | f8 7c 38 28 7c 7f 00 00
R9 =0x0 is NULL
R10=0x00007f7c28387cf8 points into unknown readable memory: 0x00007f7c28387570 | 70 75 38 28 7c 7f 00 00
R11=0x00007f7bc61552b0: LLVMBuildAdd+0x0000000000000000 in /home/qutx/.javacpp/cache/llvm-13.0.1-1.5.7-linux-x86_64.jar/org/bytedeco/llvm/linux-x86_64/libLLVM-13.so at 0x00007f7bc552c000
R12=0x00007f7c28365960 points into unknown readable memory: 0x00007f7c28387cf8 | f8 7c 38 28 7c 7f 00 00
R13=0x00007f7c28396890 points into unknown readable memory: 0x00007f7c28387cf8 | f8 7c 38 28 7c 7f 00 00
R14=0x00007f7c283963b0 points into unknown readable memory: 0x00007f7c28387cf8 | f8 7c 38 28 7c 7f 00 00
R15=0x00007f7c28365920 points into unknown readable memory: 0x00007f7c28396890 | 90 68 39 28 7c 7f 00 00


Registers:
RAX=0x00007f7c28365960, RBX=0x00007f7c28365920, RCX=0x00007f7c283963b8, RDX=0x00007f7c2df1bba0
RSP=0x00007f7c2df1bba0, RBP=0x00007f7c28017348, RSI=0x00007f7c2df1bbd0, RDI=0x0000000200000027
R8 =0x00007f7c28365960, R9 =0x0000000000000000, R10=0x00007f7c28387cf8, R11=0x00007f7bc61552b0
R12=0x00007f7c28365960, R13=0x00007f7c28396890, R14=0x00007f7c283963b0, R15=0x00007f7c28365920
RIP=0x00007f7bc61553ac, EFLAGS=0x0000000000010202, CSGSFS=0x002b000000000033, ERR=0x0000000000000004
  TRAPNO=0x000000000000000e

Top of Stack: (sp=0x00007f7c2df1bba0)
0x00007f7c2df1bba0:   00007f7c28396aa0 00007f7c2f613299
0x00007f7c2df1bbb0:   0000000000000005 0000000000000004
0x00007f7c2df1bbc0:   00007f7c28390103 00007f7c2811d190
0x00007f7c2df1bbd0:   00007f7c283963b0 00007f7c28365920 

Instructions: (pc=0x00007f7bc61553ac)
0x00007f7bc61552ac:   0f 1f 40 00 41 54 55 53 48 89 fb 48 89 f7 48 89
0x00007f7bc61552bc:   d6 ba 01 01 00 00 48 83 ec 60 80 39 00 66 89 54
0x00007f7bc61552cc:   24 20 74 09 48 89 0c 24 c6 44 24 20 03 80 7f 10
0x00007f7bc61552dc:   12 0f 87 95 00 00 00 80 7e 10 12 0f 87 8b 00 00
0x00007f7bc61552ec:   00 4c 8b 4b 48 48 8d 15 18 19 fa ff 49 8b 01 48
0x00007f7bc61552fc:   8b 40 10 48 39 d0 0f 85 f0 00 00 00 31 c9 31 d2
0x00007f7bc615530c:   e8 7f 13 ff ff 49 89 c4 41 80 7c 24 10 19 76 4b
0x00007f7bc615531c:   48 8b 7b 50 48 8b 4b 30 48 89 e2 4c 89 e6 4c 8b
0x00007f7bc615532c:   43 38 48 8b 07 ff 50 10 8b 6b 08 48 8b 03 48 c1
0x00007f7bc615533c:   e5 04 48 01 c5 48 39 e8 74 21 48 89 c3 0f 1f 80
0x00007f7bc615534c:   00 00 00 00 48 8b 53 08 8b 33 4c 89 e7 48 83 c3
0x00007f7bc615535c:   10 e8 de 4a 0e 00 48 39 dd 75 e9 48 83 c4 60 4c
0x00007f7bc615536c:   89 e0 5b 5d 41 5c c3 0f 1f 44 00 00 48 89 f2 b8
0x00007f7bc615537c:   01 01 00 00 48 89 fe 45 31 c0 48 8d 4c 24 30 bf
0x00007f7bc615538c:   0d 00 00 00 66 89 44 24 50 e8 76 cf 09 00 48 8b
0x00007f7bc615539c:   7b 50 48 89 e2 48 8b 4b 30 49 89 c4 4c 8b 43 38
0x00007f7bc61553ac:   48 8b 07 4c 89 e6 ff 50 10 8b 6b 08 48 8b 13 48
0x00007f7bc61553bc:   c1 e5 04 48 01 d5 48 39 ea 74 a0 48 89 d3 66 0f
0x00007f7bc61553cc:   1f 44 00 00 48 8b 53 08 8b 33 4c 89 e7 48 83 c3
0x00007f7bc61553dc:   10 e8 5e 4a 0e 00 48 39 dd 75 e9 48 83 c4 60 4c
0x00007f7bc61553ec:   89 e0 5b 5d 41 5c c3 0f 1f 44 00 00 48 89 f2 45
0x00007f7bc61553fc:   31 c0 48 89 fe 31 c9 4c 89 cf ff d0 49 89 c4 e9
0x00007f7bc615540c:   04 ff ff ff 41 54 55 53 48 89 fb 48 89 f7 48 89
0x00007f7bc615541c:   d6 ba 01 01 00 00 48 83 ec 60 80 39 00 66 89 54
0x00007f7bc615542c:   24 20 74 09 48 89 0c 24 c6 44 24 20 03 80 7f 10
0x00007f7bc615543c:   12 0f 87 95 00 00 00 80 7e 10 12 0f 87 8b 00 00
0x00007f7bc615544c:   00 4c 8b 4b 48 48 8d 15 b8 17 fa ff 49 8b 01 48
0x00007f7bc615545c:   8b 40 10 48 39 d0 0f 85 f8 00 00 00 b9 01 00 00
0x00007f7bc615546c:   00 31 d2 e8 1c 12 ff ff 49 89 c4 41 80 7c 24 10
0x00007f7bc615547c:   19 76 48 48 8b 7b 50 48 8b 4b 30 48 89 e2 4c 89
0x00007f7bc615548c:   e6 4c 8b 43 38 48 8b 07 ff 50 10 8b 6b 08 48 8b
0x00007f7bc615549c:   03 48 c1 e5 04 48 01 c5 48 39 e8 74 1e 48 89 c3 


Stack slot to memory mapping:
stack at sp + 0 slots: 0x00007f7c28396aa0 points into unknown readable memory: 0x00007f005f706d74 | 74 6d 70 5f 00 7f 00 00
stack at sp + 1 slots: 0x00007f7c2f613299: __libc_malloc+0x00000000000001b9 in /lib/x86_64-linux-gnu/libc.so.6 at 0x00007f7c2f579000
stack at sp + 2 slots: 0x0000000000000005 is an unknown value
stack at sp + 3 slots: 0x0000000000000004 is an unknown value
stack at sp + 4 slots: 0x00007f7c28390103 points into unknown readable memory: 00 00 00 00 00
stack at sp + 5 slots: 0x00007f7c2811d190 points into unknown readable memory: 0x00000000c6b500c8 | c8 00 b5 c6 00 00 00 00
stack at sp + 6 slots: 0x00007f7c283963b0 points into unknown readable memory: 0x00007f7c28387cf8 | f8 7c 38 28 7c 7f 00 00
stack at sp + 7 slots: 0x00007f7c28365920 points into unknown readable memory: 0x00007f7c28396890 | 90 68 39 28 7c 7f 00 00


---------------  P R O C E S S  ---------------

Threads class SMR info:
_java_thread_list=0x00007f7c28294b60, length=11, elements={
0x00007f7c28017000, 0x00007f7c2811e800, 0x00007f7c28120800, 0x00007f7c28127000,
0x00007f7c28129000, 0x00007f7c2812b800, 0x00007f7c2812d800, 0x00007f7c2812f800,
0x00007f7c2813d800, 0x00007f7c281e3800, 0x00007f7c28294000
}

Java Threads: ( => current thread )
=>0x00007f7c28017000 JavaThread "main" [_thread_in_native, id=21216, stack(0x00007f7c2de1d000,0x00007f7c2df1e000)]
  0x00007f7c2811e800 JavaThread "Reference Handler" daemon [_thread_blocked, id=21224, stack(0x00007f7c1026c000,0x00007f7c1036d000)]
  0x00007f7c28120800 JavaThread "Finalizer" daemon [_thread_blocked, id=21225, stack(0x00007f7c1016b000,0x00007f7c1026c000)]
  0x00007f7c28127000 JavaThread "Signal Dispatcher" daemon [_thread_blocked, id=21226, stack(0x00007f7c1006a000,0x00007f7c1016b000)]
  0x00007f7c28129000 JavaThread "Service Thread" daemon [_thread_blocked, id=21227, stack(0x00007f7c087c7000,0x00007f7c088c8000)]
  0x00007f7c2812b800 JavaThread "C2 CompilerThread0" daemon [_thread_in_native, id=21228, stack(0x00007f7c086c6000,0x00007f7c087c7000)]
  0x00007f7c2812d800 JavaThread "C1 CompilerThread0" daemon [_thread_in_native, id=21229, stack(0x00007f7c085c5000,0x00007f7c086c6000)]
  0x00007f7c2812f800 JavaThread "Sweeper thread" daemon [_thread_blocked, id=21230, stack(0x00007f7c084c4000,0x00007f7c085c5000)]
  0x00007f7c2813d800 JavaThread "Common-Cleaner" daemon [_thread_blocked, id=21232, stack(0x00007f7c083c3000,0x00007f7c084c4000)]
  0x00007f7c281e3800 JavaThread "Monitor Ctrl-Break" daemon [_thread_in_native, id=21236, stack(0x00007f7c082c2000,0x00007f7c083c3000)]
  0x00007f7c28294000 JavaThread "JavaCPP Deallocator" daemon [_thread_blocked, id=21242, stack(0x00007f7beb121000,0x00007f7beb222000)]

Other Threads:
  0x00007f7c2811b800 VMThread "VM Thread" [stack: 0x00007f7c1036f000,0x00007f7c1046f000] [id=21223]
  0x00007f7c281e4800 WatcherThread [stack: 0x00007f7c081c2000,0x00007f7c082c2000] [id=21238]
  0x00007f7c2802e800 GCTaskThread "GC Thread#0" [stack: 0x00007f7c2dac4000,0x00007f7c2dbc4000] [id=21218]
  0x00007f7bf8001000 GCTaskThread "GC Thread#1" [stack: 0x00007f7c080c0000,0x00007f7c081c0000] [id=21241]
  0x00007f7c28049800 ConcurrentGCThread "G1 Main Marker" [stack: 0x00007f7c2c2b2000,0x00007f7c2c3b2000] [id=21219]
  0x00007f7c2804b800 ConcurrentGCThread "G1 Conc#0" [stack: 0x00007f7c2c1b0000,0x00007f7c2c2b0000] [id=21220]
  0x00007f7c28086800 ConcurrentGCThread "G1 Refine#0" [stack: 0x00007f7c105f4000,0x00007f7c106f4000] [id=21221]
  0x00007f7c28088800 ConcurrentGCThread "G1 Young RemSet Sampling" [stack: 0x00007f7c104f2000,0x00007f7c105f2000] [id=21222]

Threads with active compile tasks:
C2 CompilerThread0      977  721       4       java.lang.StringBuilder::toString (35 bytes)
C1 CompilerThread0      977  714       3       sun.invoke.util.Wrapper::findPrimitiveType (25 bytes)

VM state:not at safepoint (normal execution)

VM Mutex/Monitor currently owned by a thread: None

Heap address: 0x00000000c3200000, size: 974 MB, Compressed Oops mode: 32-bit
Narrow klass base: 0x0000000800000000, Narrow klass shift: 3
Compressed class space size: 1073741824 Address: 0x0000000840000000

Heap:
 garbage-first heap   total 65536K, used 6346K [0x00000000c3200000, 0x0000000100000000)
  region size 1024K, 6 young (6144K), 1 survivors (1024K)
 Metaspace       used 4012K, capacity 6567K, committed 6656K, reserved 1056768K
  class space    used 459K, capacity 701K, committed 768K, reserved 1048576K
Heap Regions: E=young(eden), S=young(survivor), O=old, HS=humongous(starts), HC=humongous(continues), CS=collection set, F=free, A=archive, TAMS=top-at-mark-start (previous, next)
|   0|0x00000000c3200000, 0x00000000c3280800, 0x00000000c3300000| 50%| O|  |TAMS 0x00000000c3200000, 0x00000000c3200000| Untracked 
|   1|0x00000000c3300000, 0x00000000c3300000, 0x00000000c3400000|  0%| F|  |TAMS 0x00000000c3300000, 0x00000000c3300000| Untracked 
|   2|0x00000000c3400000, 0x00000000c3400000, 0x00000000c3500000|  0%| F|  |TAMS 0x00000000c3400000, 0x00000000c3400000| Untracked 
|   3|0x00000000c3500000, 0x00000000c3500000, 0x00000000c3600000|  0%| F|  |TAMS 0x00000000c3500000, 0x00000000c3500000| Untracked 
|   4|0x00000000c3600000, 0x00000000c3600000, 0x00000000c3700000|  0%| F|  |TAMS 0x00000000c3600000, 0x00000000c3600000| Untracked 
|   5|0x00000000c3700000, 0x00000000c3700000, 0x00000000c3800000|  0%| F|  |TAMS 0x00000000c3700000, 0x00000000c3700000| Untracked 
|   6|0x00000000c3800000, 0x00000000c3800000, 0x00000000c3900000|  0%| F|  |TAMS 0x00000000c3800000, 0x00000000c3800000| Untracked 
|   7|0x00000000c3900000, 0x00000000c3900000, 0x00000000c3a00000|  0%| F|  |TAMS 0x00000000c3900000, 0x00000000c3900000| Untracked 
|   8|0x00000000c3a00000, 0x00000000c3a00000, 0x00000000c3b00000|  0%| F|  |TAMS 0x00000000c3a00000, 0x00000000c3a00000| Untracked 
|   9|0x00000000c3b00000, 0x00000000c3b00000, 0x00000000c3c00000|  0%| F|  |TAMS 0x00000000c3b00000, 0x00000000c3b00000| Untracked 
|  10|0x00000000c3c00000, 0x00000000c3c00000, 0x00000000c3d00000|  0%| F|  |TAMS 0x00000000c3c00000, 0x00000000c3c00000| Untracked 
|  11|0x00000000c3d00000, 0x00000000c3d00000, 0x00000000c3e00000|  0%| F|  |TAMS 0x00000000c3d00000, 0x00000000c3d00000| Untracked 
|  12|0x00000000c3e00000, 0x00000000c3e00000, 0x00000000c3f00000|  0%| F|  |TAMS 0x00000000c3e00000, 0x00000000c3e00000| Untracked 
|  13|0x00000000c3f00000, 0x00000000c3f00000, 0x00000000c4000000|  0%| F|  |TAMS 0x00000000c3f00000, 0x00000000c3f00000| Untracked 
|  14|0x00000000c4000000, 0x00000000c4000000, 0x00000000c4100000|  0%| F|  |TAMS 0x00000000c4000000, 0x00000000c4000000| Untracked 
|  15|0x00000000c4100000, 0x00000000c4100000, 0x00000000c4200000|  0%| F|  |TAMS 0x00000000c4100000, 0x00000000c4100000| Untracked 
|  16|0x00000000c4200000, 0x00000000c4200000, 0x00000000c4300000|  0%| F|  |TAMS 0x00000000c4200000, 0x00000000c4200000| Untracked 
|  17|0x00000000c4300000, 0x00000000c4300000, 0x00000000c4400000|  0%| F|  |TAMS 0x00000000c4300000, 0x00000000c4300000| Untracked 
|  18|0x00000000c4400000, 0x00000000c4400000, 0x00000000c4500000|  0%| F|  |TAMS 0x00000000c4400000, 0x00000000c4400000| Untracked 
|  19|0x00000000c4500000, 0x00000000c4500000, 0x00000000c4600000|  0%| F|  |TAMS 0x00000000c4500000, 0x00000000c4500000| Untracked 
|  20|0x00000000c4600000, 0x00000000c4600000, 0x00000000c4700000|  0%| F|  |TAMS 0x00000000c4600000, 0x00000000c4600000| Untracked 
|  21|0x00000000c4700000, 0x00000000c4700000, 0x00000000c4800000|  0%| F|  |TAMS 0x00000000c4700000, 0x00000000c4700000| Untracked 
|  22|0x00000000c4800000, 0x00000000c4800000, 0x00000000c4900000|  0%| F|  |TAMS 0x00000000c4800000, 0x00000000c4800000| Untracked 
|  23|0x00000000c4900000, 0x00000000c4900000, 0x00000000c4a00000|  0%| F|  |TAMS 0x00000000c4900000, 0x00000000c4900000| Untracked 
|  24|0x00000000c4a00000, 0x00000000c4a00000, 0x00000000c4b00000|  0%| F|  |TAMS 0x00000000c4a00000, 0x00000000c4a00000| Untracked 
|  25|0x00000000c4b00000, 0x00000000c4b00000, 0x00000000c4c00000|  0%| F|  |TAMS 0x00000000c4b00000, 0x00000000c4b00000| Untracked 
|  26|0x00000000c4c00000, 0x00000000c4c00000, 0x00000000c4d00000|  0%| F|  |TAMS 0x00000000c4c00000, 0x00000000c4c00000| Untracked 
|  27|0x00000000c4d00000, 0x00000000c4d00000, 0x00000000c4e00000|  0%| F|  |TAMS 0x00000000c4d00000, 0x00000000c4d00000| Untracked 
|  28|0x00000000c4e00000, 0x00000000c4e00000, 0x00000000c4f00000|  0%| F|  |TAMS 0x00000000c4e00000, 0x00000000c4e00000| Untracked 
|  29|0x00000000c4f00000, 0x00000000c4f00000, 0x00000000c5000000|  0%| F|  |TAMS 0x00000000c4f00000, 0x00000000c4f00000| Untracked 
|  30|0x00000000c5000000, 0x00000000c5000000, 0x00000000c5100000|  0%| F|  |TAMS 0x00000000c5000000, 0x00000000c5000000| Untracked 
|  31|0x00000000c5100000, 0x00000000c5100000, 0x00000000c5200000|  0%| F|  |TAMS 0x00000000c5100000, 0x00000000c5100000| Untracked 
|  32|0x00000000c5200000, 0x00000000c5200000, 0x00000000c5300000|  0%| F|  |TAMS 0x00000000c5200000, 0x00000000c5200000| Untracked 
|  33|0x00000000c5300000, 0x00000000c5300000, 0x00000000c5400000|  0%| F|  |TAMS 0x00000000c5300000, 0x00000000c5300000| Untracked 
|  34|0x00000000c5400000, 0x00000000c5400000, 0x00000000c5500000|  0%| F|  |TAMS 0x00000000c5400000, 0x00000000c5400000| Untracked 
|  35|0x00000000c5500000, 0x00000000c5500000, 0x00000000c5600000|  0%| F|  |TAMS 0x00000000c5500000, 0x00000000c5500000| Untracked 
|  36|0x00000000c5600000, 0x00000000c5600000, 0x00000000c5700000|  0%| F|  |TAMS 0x00000000c5600000, 0x00000000c5600000| Untracked 
|  37|0x00000000c5700000, 0x00000000c5700000, 0x00000000c5800000|  0%| F|  |TAMS 0x00000000c5700000, 0x00000000c5700000| Untracked 
|  38|0x00000000c5800000, 0x00000000c5800000, 0x00000000c5900000|  0%| F|  |TAMS 0x00000000c5800000, 0x00000000c5800000| Untracked 
|  39|0x00000000c5900000, 0x00000000c5900000, 0x00000000c5a00000|  0%| F|  |TAMS 0x00000000c5900000, 0x00000000c5900000| Untracked 
|  40|0x00000000c5a00000, 0x00000000c5a00000, 0x00000000c5b00000|  0%| F|  |TAMS 0x00000000c5a00000, 0x00000000c5a00000| Untracked 
|  41|0x00000000c5b00000, 0x00000000c5b00000, 0x00000000c5c00000|  0%| F|  |TAMS 0x00000000c5b00000, 0x00000000c5b00000| Untracked 
|  42|0x00000000c5c00000, 0x00000000c5c00000, 0x00000000c5d00000|  0%| F|  |TAMS 0x00000000c5c00000, 0x00000000c5c00000| Untracked 
|  43|0x00000000c5d00000, 0x00000000c5d00000, 0x00000000c5e00000|  0%| F|  |TAMS 0x00000000c5d00000, 0x00000000c5d00000| Untracked 
|  44|0x00000000c5e00000, 0x00000000c5e00000, 0x00000000c5f00000|  0%| F|  |TAMS 0x00000000c5e00000, 0x00000000c5e00000| Untracked 
|  45|0x00000000c5f00000, 0x00000000c5f00000, 0x00000000c6000000|  0%| F|  |TAMS 0x00000000c5f00000, 0x00000000c5f00000| Untracked 
|  46|0x00000000c6000000, 0x00000000c6000000, 0x00000000c6100000|  0%| F|  |TAMS 0x00000000c6000000, 0x00000000c6000000| Untracked 
|  47|0x00000000c6100000, 0x00000000c6100000, 0x00000000c6200000|  0%| F|  |TAMS 0x00000000c6100000, 0x00000000c6100000| Untracked 
|  48|0x00000000c6200000, 0x00000000c6200000, 0x00000000c6300000|  0%| F|  |TAMS 0x00000000c6200000, 0x00000000c6200000| Untracked 
|  49|0x00000000c6300000, 0x00000000c6300000, 0x00000000c6400000|  0%| F|  |TAMS 0x00000000c6300000, 0x00000000c6300000| Untracked 
|  50|0x00000000c6400000, 0x00000000c6400000, 0x00000000c6500000|  0%| F|  |TAMS 0x00000000c6400000, 0x00000000c6400000| Untracked 
|  51|0x00000000c6500000, 0x00000000c6500000, 0x00000000c6600000|  0%| F|  |TAMS 0x00000000c6500000, 0x00000000c6500000| Untracked 
|  52|0x00000000c6600000, 0x00000000c6600000, 0x00000000c6700000|  0%| F|  |TAMS 0x00000000c6600000, 0x00000000c6600000| Untracked 
|  53|0x00000000c6700000, 0x00000000c6700000, 0x00000000c6800000|  0%| F|  |TAMS 0x00000000c6700000, 0x00000000c6700000| Untracked 
|  54|0x00000000c6800000, 0x00000000c6900000, 0x00000000c6900000|100%| S|CS|TAMS 0x00000000c6800000, 0x00000000c6800000| Complete 
|  55|0x00000000c6900000, 0x00000000c6900000, 0x00000000c6a00000|  0%| F|  |TAMS 0x00000000c6900000, 0x00000000c6900000| Untracked 
|  56|0x00000000c6a00000, 0x00000000c6a00000, 0x00000000c6b00000|  0%| F|  |TAMS 0x00000000c6a00000, 0x00000000c6a00000| Untracked 
|  57|0x00000000c6b00000, 0x00000000c6b80800, 0x00000000c6c00000| 50%| E|  |TAMS 0x00000000c6b00000, 0x00000000c6b00000| Complete 
|  58|0x00000000c6c00000, 0x00000000c6d00000, 0x00000000c6d00000|100%| E|CS|TAMS 0x00000000c6c00000, 0x00000000c6c00000| Complete 
|  59|0x00000000c6d00000, 0x00000000c6e00000, 0x00000000c6e00000|100%| E|CS|TAMS 0x00000000c6d00000, 0x00000000c6d00000| Complete 
|  60|0x00000000c6e00000, 0x00000000c6f00000, 0x00000000c6f00000|100%| E|CS|TAMS 0x00000000c6e00000, 0x00000000c6e00000| Complete 
|  61|0x00000000c6f00000, 0x00000000c7000000, 0x00000000c7000000|100%| E|CS|TAMS 0x00000000c6f00000, 0x00000000c6f00000| Complete 
| 972|0x00000000ffe00000, 0x00000000ffe47000, 0x00000000fff00000| 27%|OA|  |TAMS 0x00000000ffe00000, 0x00000000ffe00000| Untracked 
| 973|0x00000000fff00000, 0x00000000fff6b000, 0x0000000100000000| 41%|CA|  |TAMS 0x00000000fff00000, 0x00000000fff00000| Untracked 

Card table byte_map: [0x00007f7c2d4f2000,0x00007f7c2d6d9000] _byte_map_base: 0x00007f7c2ced9000

Marking Bits (Prev, Next): (CMBitMap*) 0x00007f7c28044c38, (CMBitMap*) 0x00007f7c28044c70
 Prev Bits: [0x00007f7c2c3d3000, 0x00007f7c2d30b000)
 Next Bits: [0x00007f7c0b0c8000, 0x00007f7c0c000000)

Polling page: 0x00007f7c2ddda000

Metaspace:

Usage:
  Non-class:      5.73 MB capacity,     3.47 MB ( 61%) used,     2.25 MB ( 39%) free+waste,     7.56 KB ( <1%) overhead. 
      Class:    701.00 KB capacity,   459.53 KB ( 66%) used,   237.34 KB ( 34%) free+waste,     4.12 KB ( <1%) overhead. 
       Both:      6.41 MB capacity,     3.92 MB ( 61%) used,     2.48 MB ( 39%) free+waste,    11.69 KB ( <1%) overhead. 

Virtual space:
  Non-class space:        8.00 MB reserved,       5.75 MB ( 72%) committed 
      Class space:        1.00 GB reserved,     768.00 KB ( <1%) committed 
             Both:        1.01 GB reserved,       6.50 MB ( <1%) committed 

Chunk freelists:
   Non-Class:  0 bytes
       Class:  3.00 KB
        Both:  3.00 KB

MaxMetaspaceSize: unlimited
CompressedClassSpaceSize: 1.00 GB
Initial GC threshold: 20.80 MB
Current GC threshold: 20.80 MB
CDS: on

CodeHeap 'non-profiled nmethods': size=120036Kb used=229Kb max_used=229Kb free=119806Kb
 bounds [0x00007f7c182bc000, 0x00007f7c1852c000, 0x00007f7c1f7f5000]
CodeHeap 'profiled nmethods': size=120032Kb used=1250Kb max_used=1250Kb free=118781Kb
 bounds [0x00007f7c10d84000, 0x00007f7c10ff4000, 0x00007f7c182bc000]
CodeHeap 'non-nmethods': size=5692Kb used=1162Kb max_used=1162Kb free=4529Kb
 bounds [0x00007f7c107f5000, 0x00007f7c10a65000, 0x00007f7c10d84000]
 total_blobs=1137 nmethods=725 adapters=324
 compilation: enabled
              stopped_count=0, restarted_count=0
 full_count=0

Compilation events (20 events):
Event: 0.941 Thread 0x00007f7c2812d800 nmethod 707 0x00007f7c10eab390 code [0x00007f7c10eab540, 0x00007f7c10eab6b0]
Event: 0.941 Thread 0x00007f7c2812d800  687       1       java.lang.invoke.LambdaForm$BasicType::basicTypeClass (5 bytes)
Event: 0.941 Thread 0x00007f7c2812d800 nmethod 687 0x00007f7c182f1710 code [0x00007f7c182f18c0, 0x00007f7c182f1990]
Event: 0.941 Thread 0x00007f7c2812d800  705       3       java.util.ImmutableCollections$ListN::get (7 bytes)
Event: 0.941 Thread 0x00007f7c2812d800 nmethod 705 0x00007f7c10eab790 code [0x00007f7c10eab940, 0x00007f7c10eaba70]
Event: 0.941 Thread 0x00007f7c2812d800  698       1       java.lang.invoke.LambdaForm$Name::type (5 bytes)
Event: 0.941 Thread 0x00007f7c2812d800 nmethod 698 0x00007f7c182f1a10 code [0x00007f7c182f1bc0, 0x00007f7c182f1c90]
Event: 0.941 Thread 0x00007f7c2812d800  708       3       jdk.internal.org.objectweb.asm.Frame::execute (2264 bytes)
Event: 0.945 Thread 0x00007f7c2812b800 nmethod 626 0x00007f7c182f1d10 code [0x00007f7c182f1ee0, 0x00007f7c182f2968]
Event: 0.949 Thread 0x00007f7c2812b800  634       4       java.lang.AbstractStringBuilder::<init> (39 bytes)
Event: 0.951 Thread 0x00007f7c2812b800 nmethod 634 0x00007f7c182f3590 code [0x00007f7c182f3720, 0x00007f7c182f3918]
Event: 0.951 Thread 0x00007f7c2812b800  656       4       java.lang.StringLatin1::charAt (28 bytes)
Event: 0.952 Thread 0x00007f7c2812b800 nmethod 656 0x00007f7c182f3a10 code [0x00007f7c182f3ba0, 0x00007f7c182f3c18]
Event: 0.952 Thread 0x00007f7c2812b800  718       4       java.util.concurrent.ConcurrentHashMap::get (162 bytes)
Event: 0.959 Thread 0x00007f7c2812d800 nmethod 708 0x00007f7c10eabb10 code [0x00007f7c10eac9a0, 0x00007f7c10eb3650]
Event: 0.959 Thread 0x00007f7c2812d800  716       3       java.lang.invoke.LambdaForm$Name::useCount (42 bytes)
Event: 0.960 Thread 0x00007f7c2812d800 nmethod 716 0x00007f7c10eb5510 code [0x00007f7c10eb56e0, 0x00007f7c10eb59f0]
Event: 0.960 Thread 0x00007f7c2812d800  711       3       jdk.internal.org.objectweb.asm.Frame::push (110 bytes)
Event: 0.961 Thread 0x00007f7c2812d800 nmethod 711 0x00007f7c10eb5b10 code [0x00007f7c10eb5d00, 0x00007f7c10eb6280]
Event: 0.961 Thread 0x00007f7c2812d800  717       3       jdk.internal.org.objectweb.asm.MethodWriter::visitVarInsn (300 bytes)

GC Heap History (2 events):
Event: 0.718 GC heap before
{Heap before GC invocations=0 (full 0):
 garbage-first heap   total 65536K, used 7880K [0x00000000c3200000, 0x0000000100000000)
  region size 1024K, 7 young (7168K), 0 survivors (0K)
 Metaspace       used 3485K, capacity 6325K, committed 6528K, reserved 1056768K
  class space    used 350K, capacity 618K, committed 640K, reserved 1048576K
}
Event: 0.752 GC heap after
{Heap after GC invocations=1 (full 0):
 garbage-first heap   total 65536K, used 2250K [0x00000000c3200000, 0x0000000100000000)
  region size 1024K, 1 young (1024K), 1 survivors (1024K)
 Metaspace       used 3485K, capacity 6325K, committed 6528K, reserved 1056768K
  class space    used 350K, capacity 618K, committed 640K, reserved 1048576K
}

Deoptimization events (20 events):
Event: 0.857 Thread 0x00007f7c28017000 DEOPT PACKING pc=0x00007f7c10e45988 sp=0x00007f7c2df1b9a0
Event: 0.857 Thread 0x00007f7c28017000 DEOPT UNPACKING pc=0x00007f7c1083f64a sp=0x00007f7c2df1ae10 mode 0
Event: 0.869 Thread 0x00007f7c28017000 DEOPT PACKING pc=0x00007f7c10e45988 sp=0x00007f7c2df1b9a0
Event: 0.869 Thread 0x00007f7c28017000 DEOPT UNPACKING pc=0x00007f7c1083f64a sp=0x00007f7c2df1ae10 mode 0
Event: 0.928 Thread 0x00007f7c28017000 Uncommon trap: trap_request=0xffffffc6 fr.pc=0x00007f7c182c67a4 relative=0x0000000000000084
Event: 0.928 Thread 0x00007f7c28017000 Uncommon trap: reason=bimorphic_or_optimized_type_check action=maybe_recompile pc=0x00007f7c182c67a4 method=java.util.AbstractCollection.isEmpty()Z @ 1 c2
Event: 0.928 Thread 0x00007f7c28017000 DEOPT PACKING pc=0x00007f7c182c67a4 sp=0x00007f7c2df1b000
Event: 0.928 Thread 0x00007f7c28017000 DEOPT UNPACKING pc=0x00007f7c1083eea5 sp=0x00007f7c2df1afb0 mode 2
Event: 0.928 Thread 0x00007f7c28017000 Uncommon trap: trap_request=0xffffffc6 fr.pc=0x00007f7c182c67a4 relative=0x0000000000000084
Event: 0.928 Thread 0x00007f7c28017000 Uncommon trap: reason=bimorphic_or_optimized_type_check action=maybe_recompile pc=0x00007f7c182c67a4 method=java.util.AbstractCollection.isEmpty()Z @ 1 c2
Event: 0.928 Thread 0x00007f7c28017000 DEOPT PACKING pc=0x00007f7c182c67a4 sp=0x00007f7c2df1b1d0
Event: 0.928 Thread 0x00007f7c28017000 DEOPT UNPACKING pc=0x00007f7c1083eea5 sp=0x00007f7c2df1b180 mode 2
Event: 0.929 Thread 0x00007f7c28017000 Uncommon trap: trap_request=0xffffffc6 fr.pc=0x00007f7c182c67a4 relative=0x0000000000000084
Event: 0.929 Thread 0x00007f7c28017000 Uncommon trap: reason=bimorphic_or_optimized_type_check action=maybe_recompile pc=0x00007f7c182c67a4 method=java.util.AbstractCollection.isEmpty()Z @ 1 c2
Event: 0.929 Thread 0x00007f7c28017000 DEOPT PACKING pc=0x00007f7c182c67a4 sp=0x00007f7c2df1b000
Event: 0.929 Thread 0x00007f7c28017000 DEOPT UNPACKING pc=0x00007f7c1083eea5 sp=0x00007f7c2df1afb0 mode 2
Event: 0.929 Thread 0x00007f7c28017000 Uncommon trap: trap_request=0xffffffc6 fr.pc=0x00007f7c182c67a4 relative=0x0000000000000084
Event: 0.929 Thread 0x00007f7c28017000 Uncommon trap: reason=bimorphic_or_optimized_type_check action=maybe_recompile pc=0x00007f7c182c67a4 method=java.util.AbstractCollection.isEmpty()Z @ 1 c2
Event: 0.929 Thread 0x00007f7c28017000 DEOPT PACKING pc=0x00007f7c182c67a4 sp=0x00007f7c2df1b1d0
Event: 0.929 Thread 0x00007f7c28017000 DEOPT UNPACKING pc=0x00007f7c1083eea5 sp=0x00007f7c2df1b180 mode 2

Classes redefined (0 events):
No events

Internal exceptions (20 events):
Event: 0.176 Thread 0x00007f7c28017000 Exception <a 'java/security/PrivilegedActionException'{0x00000000c6ee2ed8}> (0x00000000c6ee2ed8) thrown at [src/hotspot/share/prims/jvm.cpp, line 1304]
Event: 0.176 Thread 0x00007f7c28017000 Exception <a 'java/security/PrivilegedActionException'{0x00000000c6ee31a8}> (0x00000000c6ee31a8) thrown at [src/hotspot/share/prims/jvm.cpp, line 1304]
Event: 0.177 Thread 0x00007f7c28017000 Exception <a 'java/security/PrivilegedActionException'{0x00000000c6ee3b30}> (0x00000000c6ee3b30) thrown at [src/hotspot/share/prims/jvm.cpp, line 1304]
Event: 0.177 Thread 0x00007f7c28017000 Exception <a 'java/security/PrivilegedActionException'{0x00000000c6ee3e00}> (0x00000000c6ee3e00) thrown at [src/hotspot/share/prims/jvm.cpp, line 1304]
Event: 0.177 Thread 0x00007f7c28017000 Exception <a 'java/security/PrivilegedActionException'{0x00000000c6ee4788}> (0x00000000c6ee4788) thrown at [src/hotspot/share/prims/jvm.cpp, line 1304]
Event: 0.177 Thread 0x00007f7c28017000 Exception <a 'java/security/PrivilegedActionException'{0x00000000c6ee4a58}> (0x00000000c6ee4a58) thrown at [src/hotspot/share/prims/jvm.cpp, line 1304]
Event: 0.184 Thread 0x00007f7c28017000 Exception <a 'java/security/PrivilegedActionException'{0x00000000c6ee53e0}> (0x00000000c6ee53e0) thrown at [src/hotspot/share/prims/jvm.cpp, line 1304]
Event: 0.184 Thread 0x00007f7c28017000 Exception <a 'java/security/PrivilegedActionException'{0x00000000c6ee56b0}> (0x00000000c6ee56b0) thrown at [src/hotspot/share/prims/jvm.cpp, line 1304]
Event: 0.184 Thread 0x00007f7c28017000 Exception <a 'java/security/PrivilegedActionException'{0x00000000c6ee6020}> (0x00000000c6ee6020) thrown at [src/hotspot/share/prims/jvm.cpp, line 1304]
Event: 0.184 Thread 0x00007f7c28017000 Exception <a 'java/security/PrivilegedActionException'{0x00000000c6ee62f0}> (0x00000000c6ee62f0) thrown at [src/hotspot/share/prims/jvm.cpp, line 1304]
Event: 0.185 Thread 0x00007f7c28017000 Exception <a 'java/security/PrivilegedActionException'{0x00000000c6ee6c78}> (0x00000000c6ee6c78) thrown at [src/hotspot/share/prims/jvm.cpp, line 1304]
Event: 0.185 Thread 0x00007f7c28017000 Exception <a 'java/security/PrivilegedActionException'{0x00000000c6ee6f48}> (0x00000000c6ee6f48) thrown at [src/hotspot/share/prims/jvm.cpp, line 1304]
Event: 0.559 Thread 0x00007f7c28017000 Exception <a 'java/lang/NoSuchMethodError'{0x00000000c6ad3168}: 'int java.lang.invoke.DirectMethodHandle$Holder.invokeStaticInit(java.lang.Object, java.lang.Object, java.lang.Object, java.lang.Object)'> (0x00000000c6ad3168) thrown at [src/hotspot/share/interpreter/linkResolver.cpp, line 772]
Event: 0.561 Thread 0x00007f7c28017000 Exception <a 'java/lang/IncompatibleClassChangeError'{0x00000000c6adcee8}: Found class java.lang.Object, but interface was expected> (0x00000000c6adcee8) thrown at [src/hotspot/share/interpreter/linkResolver.cpp, line 839]
Event: 0.563 Thread 0x00007f7c28017000 Exception <a 'java/lang/NoSuchMethodError'{0x00000000c6ae0098}: 'void java.lang.invoke.DirectMethodHandle$Holder.invokeStaticInit(java.lang.Object, java.lang.Object)'> (0x00000000c6ae0098) thrown at [src/hotspot/share/interpreter/linkResolver.cpp, line 772]
Event: 0.565 Thread 0x00007f7c28017000 Exception <a 'java/lang/NoSuchMethodError'{0x00000000c6ae5508}: 'int java.lang.invoke.DirectMethodHandle$Holder.invokeStaticInit(java.lang.Object, java.lang.Object)'> (0x00000000c6ae5508) thrown at [src/hotspot/share/interpreter/linkResolver.cpp, line 772]
Event: 0.949 Thread 0x00007f7c28017000 Exception <a 'java/lang/NoSuchMethodError'{0x00000000c6cff250}: 'java.lang.Object java.lang.invoke.DirectMethodHandle$Holder.invokeStatic(java.lang.Object, java.lang.Object, java.lang.Object, java.lang.Object, java.lang.Object, java.lang.Object, java.lang.Object, java.lang.Object, java.lang.Object, java.lang.Object, java.lang.Object, int)'> (0x00000000c6cff250) thrown at [src/hotspot/share/interpreter/linkResolver.cpp, line 772]
Event: 0.952 Thread 0x00007f7c28017000 Exception <a 'java/lang/NoSuchMethodError'{0x00000000c6b1ee38}: 'java.lang.Object java.lang.invoke.DirectMethodHandle$Holder.invokeStatic(java.lang.Object, java.lang.Object, java.lang.Object, java.lang.Object, java.lang.Object, java.lang.Object, java.lang.Object, java.lang.Object, java.lang.Object, java.lang.Object, java.lang.Object, int, int)'> (0x00000000c6b1ee38) thrown at [src/hotspot/share/interpreter/linkResolver.cpp, line 772]
Event: 0.962 Thread 0x00007f7c28017000 Exception <a 'java/lang/NoSuchMethodError'{0x00000000c6b3e1f0}: 'java.lang.Object java.lang.invoke.DirectMethodHandle$Holder.invokeStatic(java.lang.Object, java.lang.Object, java.lang.Object, java.lang.Object, java.lang.Object, java.lang.Object, java.lang.Object, java.lang.Object, java.lang.Object, java.lang.Object, java.lang.Object, int, int, java.lang.Object)'> (0x00000000c6b3e1f0) thrown at [src/hotspot/share/interpreter/linkResolver.cpp, line 772]
Event: 0.963 Thread 0x00007f7c28017000 Exception <a 'java/lang/NoSuchMethodError'{0x00000000c6b4a448}: 'java.lang.Object java.lang.invoke.Invokers$Holder.linkToTargetMethod(java.lang.Object, int, java.lang.Object)'> (0x00000000c6b4a448) thrown at [src/hotspot/share/interpreter/linkResolver.cpp, line 772]

Events (20 events):
Event: 0.929 loading class java/lang/invoke/BoundMethodHandle$Species_LLL
Event: 0.929 loading class java/lang/invoke/BoundMethodHandle$Species_LLL done
Event: 0.929 loading class java/lang/invoke/BoundMethodHandle$Species_LLLL
Event: 0.929 loading class java/lang/invoke/BoundMethodHandle$Species_LLLL done
Event: 0.931 loading class java/lang/invoke/BoundMethodHandle$Species_LLLLL
Event: 0.931 loading class java/lang/invoke/BoundMethodHandle$Species_LLLLL done
Event: 0.931 loading class java/lang/invoke/BoundMethodHandle$Species_LLLLLL
Event: 0.932 loading class java/lang/invoke/BoundMethodHandle$Species_LLLLLL done
Event: 0.933 loading class java/lang/invoke/BoundMethodHandle$Species_LLLLLLL
Event: 0.933 loading class java/lang/invoke/BoundMethodHandle$Species_LLLLLLL done
Event: 0.934 loading class java/lang/invoke/BoundMethodHandle$Species_LLLLLLLL
Event: 0.934 loading class java/lang/invoke/BoundMethodHandle$Species_LLLLLLLL done
Event: 0.936 loading class java/lang/invoke/BoundMethodHandle$Species_LLLLLLLLI
Event: 0.936 loading class java/lang/invoke/BoundMethodHandle$Species_LLLLLLLLI done
Event: 0.951 loading class java/lang/invoke/BoundMethodHandle$Species_LLLLLLLLII
Event: 0.951 loading class java/lang/invoke/BoundMethodHandle$Species_LLLLLLLLII done
Event: 0.954 loading class java/lang/invoke/BoundMethodHandle$Species_LLLLLLLLIIL
Event: 0.954 loading class java/lang/invoke/BoundMethodHandle$Species_LLLLLLLLIIL done
Event: 0.964 loading class Helper
Event: 0.964 loading class Helper done


Dynamic libraries:
c3200000-c7000000 rw-p 00000000 00:00 0 
c7000000-ffe00000 ---p 00000000 00:00 0 
ffe00000-ffe47000 rw-p 00b0a000 08:05 922150                             /usr/lib/jvm/java-11-openjdk-amd64/lib/server/classes.jsa
ffe47000-fff00000 rw-p 00000000 00:00 0 
fff00000-fff6b000 rw-p 00a9f000 08:05 922150                             /usr/lib/jvm/java-11-openjdk-amd64/lib/server/classes.jsa
fff6b000-100000000 rw-p 00000000 00:00 0 
800000000-800002000 rwxp 00001000 08:05 922150                           /usr/lib/jvm/java-11-openjdk-amd64/lib/server/classes.jsa
800002000-8003cc000 rw-p 00003000 08:05 922150                           /usr/lib/jvm/java-11-openjdk-amd64/lib/server/classes.jsa
8003cc000-800a9d000 r--p 003cd000 08:05 922150                           /usr/lib/jvm/java-11-openjdk-amd64/lib/server/classes.jsa
800a9d000-800a9e000 rw-p 00a9e000 08:05 922150                           /usr/lib/jvm/java-11-openjdk-amd64/lib/server/classes.jsa
840000000-8400c0000 rw-p 00000000 00:00 0 
8400c0000-880000000 ---p 00000000 00:00 0 
558842455000-558842456000 r--p 00000000 08:05 922046                     /usr/lib/jvm/java-11-openjdk-amd64/bin/java
558842456000-558842457000 r-xp 00001000 08:05 922046                     /usr/lib/jvm/java-11-openjdk-amd64/bin/java
558842457000-558842458000 r--p 00002000 08:05 922046                     /usr/lib/jvm/java-11-openjdk-amd64/bin/java
558842458000-558842459000 r--p 00002000 08:05 922046                     /usr/lib/jvm/java-11-openjdk-amd64/bin/java
558842459000-55884245a000 rw-p 00003000 08:05 922046                     /usr/lib/jvm/java-11-openjdk-amd64/bin/java
5588432d2000-558843314000 rw-p 00000000 00:00 0                          [heap]
7f7bc552c000-7f7bc5e52000 r--p 00000000 08:05 1461981                    /home/qutx/.javacpp/cache/llvm-13.0.1-1.5.7-linux-x86_64.jar/org/bytedeco/llvm/linux-x86_64/libLLVM-13.so
7f7bc5e52000-7f7bc9815000 r-xp 00926000 08:05 1461981                    /home/qutx/.javacpp/cache/llvm-13.0.1-1.5.7-linux-x86_64.jar/org/bytedeco/llvm/linux-x86_64/libLLVM-13.so
7f7bc9815000-7f7bcba6a000 r--p 042e9000 08:05 1461981                    /home/qutx/.javacpp/cache/llvm-13.0.1-1.5.7-linux-x86_64.jar/org/bytedeco/llvm/linux-x86_64/libLLVM-13.so
7f7bcba6a000-7f7bcbf7f000 r--p 0653d000 08:05 1461981                    /home/qutx/.javacpp/cache/llvm-13.0.1-1.5.7-linux-x86_64.jar/org/bytedeco/llvm/linux-x86_64/libLLVM-13.so
7f7bcbf7f000-7f7bcbf8a000 rw-p 06a52000 08:05 1461981                    /home/qutx/.javacpp/cache/llvm-13.0.1-1.5.7-linux-x86_64.jar/org/bytedeco/llvm/linux-x86_64/libLLVM-13.so
7f7bcbf8a000-7f7bcc000000 rw-p 00000000 00:00 0 
7f7bcc000000-7f7bcc021000 rw-p 00000000 00:00 0 
7f7bcc021000-7f7bd0000000 ---p 00000000 00:00 0 
7f7bd4000000-7f7bd44af000 rw-p 00000000 00:00 0 
7f7bd44af000-7f7bd8000000 ---p 00000000 00:00 0 
7f7bd8000000-7f7bd8021000 rw-p 00000000 00:00 0 
7f7bd8021000-7f7bdc000000 ---p 00000000 00:00 0 
7f7bdc000000-7f7bdc021000 rw-p 00000000 00:00 0 
7f7bdc021000-7f7be0000000 ---p 00000000 00:00 0 
7f7be0000000-7f7be0206000 rw-p 00000000 00:00 0 
7f7be0206000-7f7be4000000 ---p 00000000 00:00 0 
7f7be4000000-7f7be4021000 rw-p 00000000 00:00 0 
7f7be4021000-7f7be8000000 ---p 00000000 00:00 0 
7f7beb01b000-7f7beb080000 r--p 00000000 08:05 1461986                    /home/qutx/.javacpp/cache/llvm-13.0.1-1.5.7-linux-x86_64.jar/org/bytedeco/llvm/linux-x86_64/libjniLLVM.so
7f7beb080000-7f7beb0ee000 r-xp 00065000 08:05 1461986                    /home/qutx/.javacpp/cache/llvm-13.0.1-1.5.7-linux-x86_64.jar/org/bytedeco/llvm/linux-x86_64/libjniLLVM.so
7f7beb0ee000-7f7beb119000 r--p 000d3000 08:05 1461986                    /home/qutx/.javacpp/cache/llvm-13.0.1-1.5.7-linux-x86_64.jar/org/bytedeco/llvm/linux-x86_64/libjniLLVM.so
7f7beb119000-7f7beb11c000 r--p 000fd000 08:05 1461986                    /home/qutx/.javacpp/cache/llvm-13.0.1-1.5.7-linux-x86_64.jar/org/bytedeco/llvm/linux-x86_64/libjniLLVM.so
7f7beb11c000-7f7beb11f000 rw-p 00100000 08:05 1461986                    /home/qutx/.javacpp/cache/llvm-13.0.1-1.5.7-linux-x86_64.jar/org/bytedeco/llvm/linux-x86_64/libjniLLVM.so
7f7beb11f000-7f7beb121000 rw-p 00000000 00:00 0 
7f7beb121000-7f7beb125000 ---p 00000000 00:00 0 
7f7beb125000-7f7beb222000 rw-p 00000000 00:00 0 
7f7beb222000-7f7bec000000 r--p 00000000 08:05 922866                     /usr/lib/locale/locale-archive
7f7bec000000-7f7bec021000 rw-p 00000000 00:00 0 
7f7bec021000-7f7bf0000000 ---p 00000000 00:00 0 
7f7bf0000000-7f7bf0021000 rw-p 00000000 00:00 0 
7f7bf0021000-7f7bf4000000 ---p 00000000 00:00 0 
7f7bf4000000-7f7bf4021000 rw-p 00000000 00:00 0 
7f7bf4021000-7f7bf8000000 ---p 00000000 00:00 0 
7f7bf8000000-7f7bf8021000 rw-p 00000000 00:00 0 
7f7bf8021000-7f7bfc000000 ---p 00000000 00:00 0 
7f7bfc000000-7f7bfc021000 rw-p 00000000 00:00 0 
7f7bfc021000-7f7c00000000 ---p 00000000 00:00 0 
7f7c00000000-7f7c00021000 rw-p 00000000 00:00 0 
7f7c00021000-7f7c04000000 ---p 00000000 00:00 0 
7f7c04000000-7f7c04021000 rw-p 00000000 00:00 0 
7f7c04021000-7f7c08000000 ---p 00000000 00:00 0 
7f7c080be000-7f7c080bf000 ---p 00000000 00:00 0 
7f7c080bf000-7f7c081c0000 rw-p 00000000 00:00 0 
7f7c081c0000-7f7c081c1000 ---p 00000000 00:00 0 
7f7c081c1000-7f7c082c2000 rw-p 00000000 00:00 0 
7f7c082c2000-7f7c082c6000 ---p 00000000 00:00 0 
7f7c082c6000-7f7c083c3000 rw-p 00000000 00:00 0 
7f7c083c3000-7f7c083c7000 ---p 00000000 00:00 0 
7f7c083c7000-7f7c084c4000 rw-p 00000000 00:00 0 
7f7c084c4000-7f7c084c8000 ---p 00000000 00:00 0 
7f7c084c8000-7f7c085c5000 rw-p 00000000 00:00 0 
7f7c085c5000-7f7c085c9000 ---p 00000000 00:00 0 
7f7c085c9000-7f7c086c6000 rw-p 00000000 00:00 0 
7f7c086c6000-7f7c086ca000 ---p 00000000 00:00 0 
7f7c086ca000-7f7c087c7000 rw-p 00000000 00:00 0 
7f7c087c7000-7f7c087cb000 ---p 00000000 00:00 0 
7f7c087cb000-7f7c08e88000 rw-p 00000000 00:00 0 
7f7c08e88000-7f7c090c8000 ---p 00000000 00:00 0 
7f7c090c8000-7f7c0b1c0000 rw-p 00000000 00:00 0 
7f7c0b1c0000-7f7c0bff8000 ---p 00000000 00:00 0 
7f7c0bff8000-7f7c0c000000 rw-p 00000000 00:00 0 
7f7c0c000000-7f7c0c021000 rw-p 00000000 00:00 0 
7f7c0c021000-7f7c10000000 ---p 00000000 00:00 0 
7f7c10057000-7f7c1005e000 r--p 00000000 08:05 1461982                    /home/qutx/.javacpp/cache/llvm-13.0.1-1.5.7-linux-x86_64.jar/org/bytedeco/llvm/linux-x86_64/libLTO.so.13
7f7c1005e000-7f7c10066000 r-xp 00007000 08:05 1461982                    /home/qutx/.javacpp/cache/llvm-13.0.1-1.5.7-linux-x86_64.jar/org/bytedeco/llvm/linux-x86_64/libLTO.so.13
7f7c10066000-7f7c10068000 r--p 0000f000 08:05 1461982                    /home/qutx/.javacpp/cache/llvm-13.0.1-1.5.7-linux-x86_64.jar/org/bytedeco/llvm/linux-x86_64/libLTO.so.13
7f7c10068000-7f7c10069000 r--p 00010000 08:05 1461982                    /home/qutx/.javacpp/cache/llvm-13.0.1-1.5.7-linux-x86_64.jar/org/bytedeco/llvm/linux-x86_64/libLTO.so.13
7f7c10069000-7f7c1006a000 rw-p 00011000 08:05 1461982                    /home/qutx/.javacpp/cache/llvm-13.0.1-1.5.7-linux-x86_64.jar/org/bytedeco/llvm/linux-x86_64/libLTO.so.13
7f7c1006a000-7f7c1006e000 ---p 00000000 00:00 0 
7f7c1006e000-7f7c1016b000 rw-p 00000000 00:00 0 
7f7c1016b000-7f7c1016f000 ---p 00000000 00:00 0 
7f7c1016f000-7f7c1026c000 rw-p 00000000 00:00 0 
7f7c1026c000-7f7c10270000 ---p 00000000 00:00 0 
7f7c10270000-7f7c1036d000 rw-p 00000000 00:00 0 
7f7c1036d000-7f7c1036e000 ---p 00000000 00:00 0 
7f7c1036e000-7f7c104f0000 rw-p 00000000 00:00 0 
7f7c104f0000-7f7c104f1000 ---p 00000000 00:00 0 
7f7c104f1000-7f7c105f2000 rw-p 00000000 00:00 0 
7f7c105f2000-7f7c105f3000 ---p 00000000 00:00 0 
7f7c105f3000-7f7c107f5000 rw-p 00000000 00:00 0 
7f7c107f5000-7f7c10a65000 rwxp 00000000 00:00 0 
7f7c10a65000-7f7c10d84000 ---p 00000000 00:00 0 
7f7c10d84000-7f7c10ff4000 rwxp 00000000 00:00 0 
7f7c10ff4000-7f7c182bc000 ---p 00000000 00:00 0 
7f7c182bc000-7f7c1852c000 rwxp 00000000 00:00 0 
7f7c1852c000-7f7c1f7f5000 ---p 00000000 00:00 0 
7f7c1f7f5000-7f7c28000000 r--s 00000000 08:05 922125                     /usr/lib/jvm/java-11-openjdk-amd64/lib/modules
7f7c28000000-7f7c28399000 rw-p 00000000 00:00 0 
7f7c28399000-7f7c2c000000 ---p 00000000 00:00 0 
7f7c2c004000-7f7c2c00b000 r--s 00000000 08:05 1447316                    /usr/lib/x86_64-linux-gnu/gconv/gconv-modules.cache
7f7c2c00b000-7f7c2c00c000 r--p 00000000 08:05 1461984                    /home/qutx/.javacpp/cache/llvm-13.0.1-1.5.7-linux-x86_64.jar/org/bytedeco/llvm/linux-x86_64/libRemarks.so.13
7f7c2c00c000-7f7c2c00d000 r-xp 00001000 08:05 1461984                    /home/qutx/.javacpp/cache/llvm-13.0.1-1.5.7-linux-x86_64.jar/org/bytedeco/llvm/linux-x86_64/libRemarks.so.13
7f7c2c00d000-7f7c2c00e000 r--p 00002000 08:05 1461984                    /home/qutx/.javacpp/cache/llvm-13.0.1-1.5.7-linux-x86_64.jar/org/bytedeco/llvm/linux-x86_64/libRemarks.so.13
7f7c2c00e000-7f7c2c00f000 r--p 00002000 08:05 1461984                    /home/qutx/.javacpp/cache/llvm-13.0.1-1.5.7-linux-x86_64.jar/org/bytedeco/llvm/linux-x86_64/libRemarks.so.13
7f7c2c00f000-7f7c2c010000 rw-p 00003000 08:05 1461984                    /home/qutx/.javacpp/cache/llvm-13.0.1-1.5.7-linux-x86_64.jar/org/bytedeco/llvm/linux-x86_64/libRemarks.so.13
7f7c2c010000-7f7c2c014000 r--p 00000000 08:05 1461975                    /home/qutx/.javacpp/cache/javacpp-1.5.7-linux-x86_64.jar/org/bytedeco/javacpp/linux-x86_64/libjnijavacpp.so
7f7c2c014000-7f7c2c01b000 r-xp 00004000 08:05 1461975                    /home/qutx/.javacpp/cache/javacpp-1.5.7-linux-x86_64.jar/org/bytedeco/javacpp/linux-x86_64/libjnijavacpp.so
7f7c2c01b000-7f7c2c01f000 r--p 0000b000 08:05 1461975                    /home/qutx/.javacpp/cache/javacpp-1.5.7-linux-x86_64.jar/org/bytedeco/javacpp/linux-x86_64/libjnijavacpp.so
7f7c2c01f000-7f7c2c020000 r--p 0000e000 08:05 1461975                    /home/qutx/.javacpp/cache/javacpp-1.5.7-linux-x86_64.jar/org/bytedeco/javacpp/linux-x86_64/libjnijavacpp.so
7f7c2c020000-7f7c2c021000 rw-p 0000f000 08:05 1461975                    /home/qutx/.javacpp/cache/javacpp-1.5.7-linux-x86_64.jar/org/bytedeco/javacpp/linux-x86_64/libjnijavacpp.so
7f7c2c021000-7f7c2c022000 r--p 00000000 08:05 922097                     /usr/lib/jvm/java-11-openjdk-amd64/lib/libextnet.so
7f7c2c022000-7f7c2c023000 r-xp 00001000 08:05 922097                     /usr/lib/jvm/java-11-openjdk-amd64/lib/libextnet.so
7f7c2c023000-7f7c2c024000 r--p 00002000 08:05 922097                     /usr/lib/jvm/java-11-openjdk-amd64/lib/libextnet.so
7f7c2c024000-7f7c2c025000 r--p 00002000 08:05 922097                     /usr/lib/jvm/java-11-openjdk-amd64/lib/libextnet.so
7f7c2c025000-7f7c2c026000 rw-p 00003000 08:05 922097                     /usr/lib/jvm/java-11-openjdk-amd64/lib/libextnet.so
7f7c2c026000-7f7c2c02a000 r--p 00000000 08:05 922115                     /usr/lib/jvm/java-11-openjdk-amd64/lib/libnet.so
7f7c2c02a000-7f7c2c038000 r-xp 00004000 08:05 922115                     /usr/lib/jvm/java-11-openjdk-amd64/lib/libnet.so
7f7c2c038000-7f7c2c03c000 r--p 00012000 08:05 922115                     /usr/lib/jvm/java-11-openjdk-amd64/lib/libnet.so
7f7c2c03c000-7f7c2c03d000 r--p 00015000 08:05 922115                     /usr/lib/jvm/java-11-openjdk-amd64/lib/libnet.so
7f7c2c03d000-7f7c2c03e000 rw-p 00016000 08:05 922115                     /usr/lib/jvm/java-11-openjdk-amd64/lib/libnet.so
7f7c2c03e000-7f7c2c045000 r--p 00000000 08:05 922116                     /usr/lib/jvm/java-11-openjdk-amd64/lib/libnio.so
7f7c2c045000-7f7c2c04d000 r-xp 00007000 08:05 922116                     /usr/lib/jvm/java-11-openjdk-amd64/lib/libnio.so
7f7c2c04d000-7f7c2c050000 r--p 0000f000 08:05 922116                     /usr/lib/jvm/java-11-openjdk-amd64/lib/libnio.so
7f7c2c050000-7f7c2c051000 r--p 00011000 08:05 922116                     /usr/lib/jvm/java-11-openjdk-amd64/lib/libnio.so
7f7c2c051000-7f7c2c052000 rw-p 00012000 08:05 922116                     /usr/lib/jvm/java-11-openjdk-amd64/lib/libnio.so
7f7c2c052000-7f7c2c1ae000 rw-p 00000000 00:00 0 
7f7c2c1ae000-7f7c2c1af000 ---p 00000000 00:00 0 
7f7c2c1af000-7f7c2c2b0000 rw-p 00000000 00:00 0 
7f7c2c2b0000-7f7c2c2b1000 ---p 00000000 00:00 0 
7f7c2c2b1000-7f7c2c4cb000 rw-p 00000000 00:00 0 
7f7c2c4cb000-7f7c2d303000 ---p 00000000 00:00 0 
7f7c2d303000-7f7c2d32a000 rw-p 00000000 00:00 0 
7f7c2d32a000-7f7c2d4f1000 ---p 00000000 00:00 0 
7f7c2d4f1000-7f7c2d511000 rw-p 00000000 00:00 0 
7f7c2d511000-7f7c2d6d8000 ---p 00000000 00:00 0 
7f7c2d6d8000-7f7c2d6f8000 rw-p 00000000 00:00 0 
7f7c2d6f8000-7f7c2d8bf000 ---p 00000000 00:00 0 
7f7c2d8bf000-7f7c2dac2000 rw-p 00000000 00:00 0 
7f7c2dac2000-7f7c2dac3000 ---p 00000000 00:00 0 
7f7c2dac3000-7f7c2dbc9000 rw-p 00000000 00:00 0 
7f7c2dbc9000-7f7c2dcaf000 ---p 00000000 00:00 0 
7f7c2dcaf000-7f7c2dcb4000 rw-p 00000000 00:00 0 
7f7c2dcb4000-7f7c2dd9a000 ---p 00000000 00:00 0 
7f7c2dd9a000-7f7c2dd9f000 rw-p 00000000 00:00 0 
7f7c2dd9f000-7f7c2dda6000 ---p 00000000 00:00 0 
7f7c2dda6000-7f7c2dda9000 r--p 00000000 08:05 924341                     /usr/lib/x86_64-linux-gnu/libnss_files-2.31.so
7f7c2dda9000-7f7c2ddb0000 r-xp 00003000 08:05 924341                     /usr/lib/x86_64-linux-gnu/libnss_files-2.31.so
7f7c2ddb0000-7f7c2ddb2000 r--p 0000a000 08:05 924341                     /usr/lib/x86_64-linux-gnu/libnss_files-2.31.so
7f7c2ddb2000-7f7c2ddb3000 r--p 0000b000 08:05 924341                     /usr/lib/x86_64-linux-gnu/libnss_files-2.31.so
7f7c2ddb3000-7f7c2ddb4000 rw-p 0000c000 08:05 924341                     /usr/lib/x86_64-linux-gnu/libnss_files-2.31.so
7f7c2ddb4000-7f7c2ddba000 rw-p 00000000 00:00 0 
7f7c2ddba000-7f7c2ddbc000 r--p 00000000 08:05 922124                     /usr/lib/jvm/java-11-openjdk-amd64/lib/libzip.so
7f7c2ddbc000-7f7c2ddc1000 r-xp 00002000 08:05 922124                     /usr/lib/jvm/java-11-openjdk-amd64/lib/libzip.so
7f7c2ddc1000-7f7c2ddc3000 r--p 00007000 08:05 922124                     /usr/lib/jvm/java-11-openjdk-amd64/lib/libzip.so
7f7c2ddc3000-7f7c2ddc4000 r--p 00008000 08:05 922124                     /usr/lib/jvm/java-11-openjdk-amd64/lib/libzip.so
7f7c2ddc4000-7f7c2ddc5000 rw-p 00009000 08:05 922124                     /usr/lib/jvm/java-11-openjdk-amd64/lib/libzip.so
7f7c2ddc5000-7f7c2ddcd000 rw-s 00000000 08:05 2362813                    /tmp/hsperfdata_qutx/21208
7f7c2ddcd000-7f7c2ddcf000 r--p 00000000 08:05 922099                     /usr/lib/jvm/java-11-openjdk-amd64/lib/libinstrument.so
7f7c2ddcf000-7f7c2ddd5000 r-xp 00002000 08:05 922099                     /usr/lib/jvm/java-11-openjdk-amd64/lib/libinstrument.so
7f7c2ddd5000-7f7c2ddd8000 r--p 00008000 08:05 922099                     /usr/lib/jvm/java-11-openjdk-amd64/lib/libinstrument.so
7f7c2ddd8000-7f7c2ddd9000 r--p 0000a000 08:05 922099                     /usr/lib/jvm/java-11-openjdk-amd64/lib/libinstrument.so
7f7c2ddd9000-7f7c2ddda000 rw-p 0000b000 08:05 922099                     /usr/lib/jvm/java-11-openjdk-amd64/lib/libinstrument.so
7f7c2ddda000-7f7c2dddb000 ---p 00000000 00:00 0 
7f7c2dddb000-7f7c2dddc000 r--p 00000000 00:00 0 
7f7c2dddc000-7f7c2ddde000 r--p 00000000 08:05 922107                     /usr/lib/jvm/java-11-openjdk-amd64/lib/libjimage.so
7f7c2ddde000-7f7c2dde1000 r-xp 00002000 08:05 922107                     /usr/lib/jvm/java-11-openjdk-amd64/lib/libjimage.so
7f7c2dde1000-7f7c2dde2000 r--p 00005000 08:05 922107                     /usr/lib/jvm/java-11-openjdk-amd64/lib/libjimage.so
7f7c2dde2000-7f7c2dde3000 ---p 00006000 08:05 922107                     /usr/lib/jvm/java-11-openjdk-amd64/lib/libjimage.so
7f7c2dde3000-7f7c2dde4000 r--p 00006000 08:05 922107                     /usr/lib/jvm/java-11-openjdk-amd64/lib/libjimage.so
7f7c2dde4000-7f7c2dde5000 rw-p 00007000 08:05 922107                     /usr/lib/jvm/java-11-openjdk-amd64/lib/libjimage.so
7f7c2dde5000-7f7c2ddf3000 r--p 00000000 08:05 922104                     /usr/lib/jvm/java-11-openjdk-amd64/lib/libjava.so
7f7c2ddf3000-7f7c2de09000 r-xp 0000e000 08:05 922104                     /usr/lib/jvm/java-11-openjdk-amd64/lib/libjava.so
7f7c2de09000-7f7c2de10000 r--p 00024000 08:05 922104                     /usr/lib/jvm/java-11-openjdk-amd64/lib/libjava.so
7f7c2de10000-7f7c2de11000 r--p 0002a000 08:05 922104                     /usr/lib/jvm/java-11-openjdk-amd64/lib/libjava.so
7f7c2de11000-7f7c2de12000 rw-p 0002b000 08:05 922104                     /usr/lib/jvm/java-11-openjdk-amd64/lib/libjava.so
7f7c2de12000-7f7c2de13000 rw-p 00000000 00:00 0 
7f7c2de13000-7f7c2de15000 r--p 00000000 08:05 924550                     /usr/lib/x86_64-linux-gnu/librt-2.31.so
7f7c2de15000-7f7c2de19000 r-xp 00002000 08:05 924550                     /usr/lib/x86_64-linux-gnu/librt-2.31.so
7f7c2de19000-7f7c2de1b000 r--p 00006000 08:05 924550                     /usr/lib/x86_64-linux-gnu/librt-2.31.so
7f7c2de1b000-7f7c2de1c000 r--p 00007000 08:05 924550                     /usr/lib/x86_64-linux-gnu/librt-2.31.so
7f7c2de1c000-7f7c2de1d000 rw-p 00008000 08:05 924550                     /usr/lib/x86_64-linux-gnu/librt-2.31.so
7f7c2de1d000-7f7c2de21000 ---p 00000000 00:00 0 
7f7c2de21000-7f7c2df1e000 rw-p 00000000 00:00 0 
7f7c2df1e000-7f7c2df21000 r--p 00000000 08:05 923854                     /usr/lib/x86_64-linux-gnu/libgcc_s.so.1
7f7c2df21000-7f7c2df33000 r-xp 00003000 08:05 923854                     /usr/lib/x86_64-linux-gnu/libgcc_s.so.1
7f7c2df33000-7f7c2df37000 r--p 00015000 08:05 923854                     /usr/lib/x86_64-linux-gnu/libgcc_s.so.1
7f7c2df37000-7f7c2df38000 r--p 00018000 08:05 923854                     /usr/lib/x86_64-linux-gnu/libgcc_s.so.1
7f7c2df38000-7f7c2df39000 rw-p 00019000 08:05 923854                     /usr/lib/x86_64-linux-gnu/libgcc_s.so.1
7f7c2df39000-7f7c2df46000 r--p 00000000 08:05 924215                     /usr/lib/x86_64-linux-gnu/libm-2.31.so
7f7c2df46000-7f7c2dfed000 r-xp 0000d000 08:05 924215                     /usr/lib/x86_64-linux-gnu/libm-2.31.so
7f7c2dfed000-7f7c2e086000 r--p 000b4000 08:05 924215                     /usr/lib/x86_64-linux-gnu/libm-2.31.so
7f7c2e086000-7f7c2e087000 r--p 0014c000 08:05 924215                     /usr/lib/x86_64-linux-gnu/libm-2.31.so
7f7c2e087000-7f7c2e088000 rw-p 0014d000 08:05 924215                     /usr/lib/x86_64-linux-gnu/libm-2.31.so
7f7c2e088000-7f7c2e11e000 r--p 00000000 08:05 924659                     /usr/lib/x86_64-linux-gnu/libstdc++.so.6.0.28
7f7c2e11e000-7f7c2e20f000 r-xp 00096000 08:05 924659                     /usr/lib/x86_64-linux-gnu/libstdc++.so.6.0.28
7f7c2e20f000-7f7c2e258000 r--p 00187000 08:05 924659                     /usr/lib/x86_64-linux-gnu/libstdc++.so.6.0.28
7f7c2e258000-7f7c2e259000 ---p 001d0000 08:05 924659                     /usr/lib/x86_64-linux-gnu/libstdc++.so.6.0.28
7f7c2e259000-7f7c2e264000 r--p 001d0000 08:05 924659                     /usr/lib/x86_64-linux-gnu/libstdc++.so.6.0.28
7f7c2e264000-7f7c2e267000 rw-p 001db000 08:05 924659                     /usr/lib/x86_64-linux-gnu/libstdc++.so.6.0.28
7f7c2e267000-7f7c2e26a000 rw-p 00000000 00:00 0 
7f7c2e26a000-7f7c2e4ec000 r--p 00000000 08:05 922128                     /usr/lib/jvm/java-11-openjdk-amd64/lib/server/libjvm.so
7f7c2e4ec000-7f7c2f17d000 r-xp 00282000 08:05 922128                     /usr/lib/jvm/java-11-openjdk-amd64/lib/server/libjvm.so
7f7c2f17d000-7f7c2f3dc000 r--p 00f13000 08:05 922128                     /usr/lib/jvm/java-11-openjdk-amd64/lib/server/libjvm.so
7f7c2f3dc000-7f7c2f4a0000 r--p 01171000 08:05 922128                     /usr/lib/jvm/java-11-openjdk-amd64/lib/server/libjvm.so
7f7c2f4a0000-7f7c2f4db000 rw-p 01235000 08:05 922128                     /usr/lib/jvm/java-11-openjdk-amd64/lib/server/libjvm.so
7f7c2f4db000-7f7c2f534000 rw-p 00000000 00:00 0 
7f7c2f534000-7f7c2f53a000 r--p 00000000 08:05 924485                     /usr/lib/x86_64-linux-gnu/libpthread-2.31.so
7f7c2f53a000-7f7c2f54b000 r-xp 00006000 08:05 924485                     /usr/lib/x86_64-linux-gnu/libpthread-2.31.so
7f7c2f54b000-7f7c2f551000 r--p 00017000 08:05 924485                     /usr/lib/x86_64-linux-gnu/libpthread-2.31.so
7f7c2f551000-7f7c2f552000 r--p 0001c000 08:05 924485                     /usr/lib/x86_64-linux-gnu/libpthread-2.31.so
7f7c2f552000-7f7c2f553000 rw-p 0001d000 08:05 924485                     /usr/lib/x86_64-linux-gnu/libpthread-2.31.so
7f7c2f553000-7f7c2f557000 rw-p 00000000 00:00 0 
7f7c2f557000-7f7c2f558000 r--p 00000000 08:05 923700                     /usr/lib/x86_64-linux-gnu/libdl-2.31.so
7f7c2f558000-7f7c2f55a000 r-xp 00001000 08:05 923700                     /usr/lib/x86_64-linux-gnu/libdl-2.31.so
7f7c2f55a000-7f7c2f55b000 r--p 00003000 08:05 923700                     /usr/lib/x86_64-linux-gnu/libdl-2.31.so
7f7c2f55b000-7f7c2f55c000 r--p 00003000 08:05 923700                     /usr/lib/x86_64-linux-gnu/libdl-2.31.so
7f7c2f55c000-7f7c2f55d000 rw-p 00004000 08:05 923700                     /usr/lib/x86_64-linux-gnu/libdl-2.31.so
7f7c2f55d000-7f7c2f55f000 r--p 00000000 08:05 923674                     /usr/lib/x86_64-linux-gnu/libz.so.1.2.11
7f7c2f55f000-7f7c2f570000 r-xp 00002000 08:05 923674                     /usr/lib/x86_64-linux-gnu/libz.so.1.2.11
7f7c2f570000-7f7c2f576000 r--p 00013000 08:05 923674                     /usr/lib/x86_64-linux-gnu/libz.so.1.2.11
7f7c2f576000-7f7c2f577000 ---p 00019000 08:05 923674                     /usr/lib/x86_64-linux-gnu/libz.so.1.2.11
7f7c2f577000-7f7c2f578000 r--p 00019000 08:05 923674                     /usr/lib/x86_64-linux-gnu/libz.so.1.2.11
7f7c2f578000-7f7c2f579000 rw-p 0001a000 08:05 923674                     /usr/lib/x86_64-linux-gnu/libz.so.1.2.11
7f7c2f579000-7f7c2f59b000 r--p 00000000 08:05 923557                     /usr/lib/x86_64-linux-gnu/libc-2.31.so
7f7c2f59b000-7f7c2f713000 r-xp 00022000 08:05 923557                     /usr/lib/x86_64-linux-gnu/libc-2.31.so
7f7c2f713000-7f7c2f761000 r--p 0019a000 08:05 923557                     /usr/lib/x86_64-linux-gnu/libc-2.31.so
7f7c2f761000-7f7c2f765000 r--p 001e7000 08:05 923557                     /usr/lib/x86_64-linux-gnu/libc-2.31.so
7f7c2f765000-7f7c2f767000 rw-p 001eb000 08:05 923557                     /usr/lib/x86_64-linux-gnu/libc-2.31.so
7f7c2f767000-7f7c2f76b000 rw-p 00000000 00:00 0 
7f7c2f76c000-7f7c2f771000 r--p 00000000 08:05 922123                     /usr/lib/jvm/java-11-openjdk-amd64/lib/libverify.so
7f7c2f771000-7f7c2f778000 r-xp 00005000 08:05 922123                     /usr/lib/jvm/java-11-openjdk-amd64/lib/libverify.so
7f7c2f778000-7f7c2f77a000 r--p 0000c000 08:05 922123                     /usr/lib/jvm/java-11-openjdk-amd64/lib/libverify.so
7f7c2f77a000-7f7c2f77b000 ---p 0000e000 08:05 922123                     /usr/lib/jvm/java-11-openjdk-amd64/lib/libverify.so
7f7c2f77b000-7f7c2f77d000 r--p 0000e000 08:05 922123                     /usr/lib/jvm/java-11-openjdk-amd64/lib/libverify.so
7f7c2f77d000-7f7c2f77e000 rw-p 00010000 08:05 922123                     /usr/lib/jvm/java-11-openjdk-amd64/lib/libverify.so
7f7c2f77e000-7f7c2f781000 r--p 00000000 08:05 922089                     /usr/lib/jvm/java-11-openjdk-amd64/lib/jli/libjli.so
7f7c2f781000-7f7c2f78b000 r-xp 00003000 08:05 922089                     /usr/lib/jvm/java-11-openjdk-amd64/lib/jli/libjli.so
7f7c2f78b000-7f7c2f78e000 r--p 0000d000 08:05 922089                     /usr/lib/jvm/java-11-openjdk-amd64/lib/jli/libjli.so
7f7c2f78e000-7f7c2f78f000 ---p 00010000 08:05 922089                     /usr/lib/jvm/java-11-openjdk-amd64/lib/jli/libjli.so
7f7c2f78f000-7f7c2f790000 r--p 00010000 08:05 922089                     /usr/lib/jvm/java-11-openjdk-amd64/lib/jli/libjli.so
7f7c2f790000-7f7c2f791000 rw-p 00011000 08:05 922089                     /usr/lib/jvm/java-11-openjdk-amd64/lib/jli/libjli.so
7f7c2f791000-7f7c2f793000 rw-p 00000000 00:00 0 
7f7c2f793000-7f7c2f794000 r--p 00000000 08:05 923337                     /usr/lib/x86_64-linux-gnu/ld-2.31.so
7f7c2f794000-7f7c2f7b7000 r-xp 00001000 08:05 923337                     /usr/lib/x86_64-linux-gnu/ld-2.31.so
7f7c2f7b7000-7f7c2f7bf000 r--p 00024000 08:05 923337                     /usr/lib/x86_64-linux-gnu/ld-2.31.so
7f7c2f7c0000-7f7c2f7c1000 r--p 0002c000 08:05 923337                     /usr/lib/x86_64-linux-gnu/ld-2.31.so
7f7c2f7c1000-7f7c2f7c2000 rw-p 0002d000 08:05 923337                     /usr/lib/x86_64-linux-gnu/ld-2.31.so
7f7c2f7c2000-7f7c2f7c3000 rw-p 00000000 00:00 0 
7ffff66f0000-7ffff6711000 rw-p 00000000 00:00 0                          [stack]
7ffff67a2000-7ffff67a6000 r--p 00000000 00:00 0                          [vvar]
7ffff67a6000-7ffff67a8000 r-xp 00000000 00:00 0                          [vdso]
ffffffffff600000-ffffffffff601000 --xp 00000000 00:00 0                  [vsyscall]


VM Arguments:
jvm_args: -javaagent:/opt/idea-IC-223.8617.56/lib/idea_rt.jar=40483:/opt/idea-IC-223.8617.56/bin -Dfile.encoding=UTF-8 
java_command: Main tests/test1.sysy
java_class_path (initial): /home/qutx/Desktop/study/compile/Lab/out/production/Lab:/usr/local/lib/antlr-4.9.1-complete.jar:/usr/local/lib/javacpp-1.5.7-linux-x86_64.jar:/usr/local/lib/javacpp-1.5.7.jar:/usr/local/lib/llvm-13.0.1-1.5.7-linux-x86_64.jar:/usr/local/lib/llvm-13.0.1-1.5.7.jar:/usr/local/lib/llvm-platform-13.0.1-1.5.7.jar:/home/qutx/Desktop/study/compile/Lab
Launcher Type: SUN_STANDARD

[Global flags]
     intx CICompilerCount                          = 2                                         {product} {ergonomic}
     uint ConcGCThreads                            = 1                                         {product} {ergonomic}
     uint G1ConcRefinementThreads                  = 2                                         {product} {ergonomic}
   size_t G1HeapRegionSize                         = 1048576                                   {product} {ergonomic}
    uintx GCDrainStackTargetSize                   = 64                                        {product} {ergonomic}
   size_t InitialHeapSize                          = 65011712                                  {product} {ergonomic}
   size_t MarkStackSize                            = 4194304                                   {product} {ergonomic}
   size_t MaxHeapSize                              = 1021313024                                {product} {ergonomic}
   size_t MaxNewSize                               = 612368384                                 {product} {ergonomic}
   size_t MinHeapDeltaBytes                        = 1048576                                   {product} {ergonomic}
    uintx NonNMethodCodeHeapSize                   = 5825164                                {pd product} {ergonomic}
    uintx NonProfiledCodeHeapSize                  = 122916538                              {pd product} {ergonomic}
    uintx ProfiledCodeHeapSize                     = 122916538                              {pd product} {ergonomic}
    uintx ReservedCodeCacheSize                    = 251658240                              {pd product} {ergonomic}
     bool SegmentedCodeCache                       = true                                      {product} {ergonomic}
     bool UseCompressedClassPointers               = true                                 {lp64_product} {ergonomic}
     bool UseCompressedOops                        = true                                 {lp64_product} {ergonomic}
     bool UseG1GC                                  = true                                      {product} {ergonomic}

Logging:
Log output configuration:
 #0: stdout all=warning uptime,level,tags
 #1: stderr all=off uptime,level,tags

Environment Variables:
JAVA_HOME=/opt/jdk-19.0.2
PATH=/opt/idea-IC-223.8617.56/bin:/opt/jdk-19.0.2/bin:/usr/local/sbin:/usr/local/bin:/usr/sbin:/usr/bin:/sbin:/bin:/usr/games:/usr/local/games:/snap/bin
USERNAME=qutx
SHELL=/bin/bash
DISPLAY=:0
LANG=en_US.UTF-8
LC_NUMERIC=zh_CN.UTF-8
LC_TIME=zh_CN.UTF-8
TERM=xterm-256color

Signal Handlers:
SIGSEGV: [libjvm.so+0xe9f840], sa_mask[0]=11111111011111111101111111111110, sa_flags=SA_RESTART|SA_SIGINFO
SIGBUS: [libjvm.so+0xe9f840], sa_mask[0]=11111111011111111101111111111110, sa_flags=SA_RESTART|SA_SIGINFO
SIGFPE: [libjvm.so+0xe9f840], sa_mask[0]=11111111011111111101111111111110, sa_flags=SA_RESTART|SA_SIGINFO
SIGPIPE: [libjvm.so+0xbe53b0], sa_mask[0]=11111111011111111101111111111110, sa_flags=SA_RESTART|SA_SIGINFO
SIGXFSZ: [libjvm.so+0xbe53b0], sa_mask[0]=11111111011111111101111111111110, sa_flags=SA_RESTART|SA_SIGINFO
SIGILL: [libjvm.so+0xe9f840], sa_mask[0]=11111111011111111101111111111110, sa_flags=SA_RESTART|SA_SIGINFO
SIGUSR2: [libjvm.so+0xbe5250], sa_mask[0]=00100000000000000000000000000000, sa_flags=SA_RESTART|SA_SIGINFO
SIGHUP: [libjvm.so+0xbe5900], sa_mask[0]=11111111011111111101111111111110, sa_flags=SA_RESTART|SA_SIGINFO
SIGINT: [libjvm.so+0xbe5900], sa_mask[0]=11111111011111111101111111111110, sa_flags=SA_RESTART|SA_SIGINFO
SIGTERM: [libjvm.so+0xbe5900], sa_mask[0]=11111111011111111101111111111110, sa_flags=SA_RESTART|SA_SIGINFO
SIGQUIT: [libjvm.so+0xbe5900], sa_mask[0]=11111111011111111101111111111110, sa_flags=SA_RESTART|SA_SIGINFO


---------------  S Y S T E M  ---------------

OS:DISTRIB_ID=Ubuntu
DISTRIB_RELEASE=20.04
DISTRIB_CODENAME=focal
DISTRIB_DESCRIPTION="Ubuntu 20.04.6 LTS"
uname:Linux 5.15.0-71-generic #78~20.04.1-Ubuntu SMP Wed Apr 19 11:26:48 UTC 2023 x86_64
OS uptime: 0 days 1:21 hours
libc:glibc 2.31 NPTL 2.31 
rlimit (soft/hard): STACK 8192k/infinity , CORE 0k/infinity , NPROC 15242/15242 , NOFILE 1048576/1048576 , AS infinity/infinity , CPU infinity/infinity , DATA infinity/infinity , FSIZE infinity/infinity , MEMLOCK 65536k/65536k
load average:0.72 1.18 1.34

/proc/meminfo:
MemTotal:        3983204 kB
MemFree:          201932 kB
MemAvailable:     817312 kB
Buffers:           23252 kB
Cached:           748080 kB
SwapCached:         9708 kB
Active:           518876 kB
Inactive:        2703672 kB
Active(anon):     135912 kB
Inactive(anon):  2316688 kB
Active(file):     382964 kB
Inactive(file):   386984 kB
Unevictable:           0 kB
Mlocked:               0 kB
SwapTotal:       2097148 kB
SwapFree:        1544848 kB
Dirty:              6944 kB
Writeback:             0 kB
AnonPages:       2446632 kB
Mapped:           490744 kB
Shmem:              2036 kB
KReclaimable:      99464 kB
Slab:             197280 kB
SReclaimable:      99464 kB
SUnreclaim:        97816 kB
KernelStack:       12712 kB
PageTables:        22244 kB
NFS_Unstable:          0 kB
Bounce:                0 kB
WritebackTmp:          0 kB
CommitLimit:     4088748 kB
Committed_AS:    6152304 kB
VmallocTotal:   34359738367 kB
VmallocUsed:       72136 kB
VmallocChunk:          0 kB
Percpu:           104448 kB
HardwareCorrupted:     0 kB
AnonHugePages:         0 kB
ShmemHugePages:        0 kB
ShmemPmdMapped:        0 kB
FileHugePages:         0 kB
FilePmdMapped:         0 kB
HugePages_Total:       0
HugePages_Free:        0
HugePages_Rsvd:        0
HugePages_Surp:        0
Hugepagesize:       2048 kB
Hugetlb:               0 kB
DirectMap4k:      321344 kB
DirectMap2M:     3872768 kB
DirectMap1G:     2097152 kB

/sys/kernel/mm/transparent_hugepage/enabled:
always [madvise] never
/sys/kernel/mm/transparent_hugepage/defrag (defrag/compaction efforts parameter):
always defer defer+madvise [madvise] never

Process Memory:
Virtual Size: 3680692K (peak: 12380444K)
Resident Set Size: 93276K (peak: 93276K) (anon: 36124K, file: 57152K, shmem: 0K)
Swapped out: 0K
C-Heap outstanding allocations: 14677K, retained: 2546K
glibc malloc tunables: (default)

/proc/sys/kernel/threads-max (system-wide limit on the number of threads):
30485
/proc/sys/vm/max_map_count (maximum number of memory map areas a process may have):
65530
/proc/sys/kernel/pid_max (system-wide limit on number of process identifiers):
4194304

container (cgroup) information:
container_type: cgroupv1
cpu_cpuset_cpus: 0-1
cpu_memory_nodes: 0
active_processor_count: 2
cpu_quota: no quota
cpu_period: 100000
cpu_shares: no shares
memory_limit_in_bytes: unlimited
memory_and_swap_limit_in_bytes: unlimited
memory_soft_limit_in_bytes: unlimited
memory_usage_in_bytes: 2769200 k
memory_max_usage_in_bytes: 2868352 k
kernel_memory_usage_in_bytes: 55132 k
kernel_memory_max_usage_in_bytes: unlimited
kernel_memory_limit_in_bytes: 56744 k
maximum number of tasks: unlimited
current number of tasks: 348

VMWare virtualization detected
Steal ticks since vm start: 0
Steal ticks percentage since vm start:  0.000

CPU:total 2 (initial active 2) (1 cores per cpu, 1 threads per core) family 6 model 165 stepping 2 microcode 0xffffffff, cmov, cx8, fxsr, mmx, sse, sse2, sse3, ssse3, sse4.1, sse4.2, popcnt, avx, avx2, aes, clmul, erms, 3dnowpref, lzcnt, tsc, tscinvbit, bmi1, bmi2, adx, fma
CPU Model and flags from /proc/cpuinfo:
model name	: Intel(R) Core(TM) i7-10750H CPU @ 2.60GHz
flags		: fpu vme de pse tsc msr pae mce cx8 apic sep mtrr pge mca cmov pat pse36 clflush mmx fxsr sse sse2 ss syscall nx pdpe1gb rdtscp lm constant_tsc arch_perfmon nopl xtopology tsc_reliable nonstop_tsc cpuid tsc_known_freq pni pclmulqdq ssse3 fma cx16 pcid sse4_1 sse4_2 x2apic movbe popcnt aes xsave avx f16c rdrand hypervisor lahf_lm abm 3dnowprefetch invpcid_single pti ssbd ibrs ibpb stibp fsgsbase tsc_adjust bmi1 avx2 smep bmi2 invpcid rdseed adx smap clflushopt xsaveopt xsavec xgetbv1 xsaves arat flush_l1d arch_capabilities
Online cpus:
0-1
Offline cpus:
2-127
BIOS frequency limitation:
<Not Available>
Frequency switch latency (ns):
<Not Available>
Available cpu frequencies:
<Not Available>
Current governor:
<Not Available>
Core performance/turbo boost:
<Not Available>

Memory: 4k page, physical 3983204k(201932k free), swap 2097148k(1544848k free)

vm_info: OpenJDK 64-Bit Server VM (11.0.19+7-post-Ubuntu-0ubuntu120.04.1) for linux-amd64 JRE (11.0.19+7-post-Ubuntu-0ubuntu120.04.1), built on May 10 2023 00:55:26 by "unknown" with gcc 9.4.0

END.
