#
# A fatal error has been detected by the Java Runtime Environment:
#
#  SIGSEGV (0xb) at pc=0x00007fcd5e280ae4, pid=6560, tid=6561
#
# JRE version: OpenJDK Runtime Environment (11.0.19+7) (build 11.0.19+7-post-Ubuntu-0ubuntu120.04.1)
# Java VM: OpenJDK 64-Bit Server VM (11.0.19+7-post-Ubuntu-0ubuntu120.04.1, mixed mode, sharing, tiered, compressed oops, g1 gc, linux-amd64)
# Problematic frame:
# C  [libLLVM-13.so+0xd54ae4]  llvm::PointerType::get(llvm::Type*, unsigned int)+0x14
#
# Core dump will be written. Default location: Core dumps may be processed with "/usr/share/apport/apport -p%p -s%s -c%c -d%d -P%P -u%u -g%g -- %E" (or dumping to /home/qutx/Desktop/study/compile/Lab/core.6560)
#
# If you would like to submit a bug report, please visit:
#   https://bugs.launchpad.net/ubuntu/+source/openjdk-lts
# The crash happened outside the Java Virtual Machine in native code.
# See problematic frame for where to report the bug.
#

---------------  S U M M A R Y ------------

Command Line: -javaagent:/opt/idea-IC-223.8617.56/lib/idea_rt.jar=37225:/opt/idea-IC-223.8617.56/bin -Dfile.encoding=UTF-8 Main tests/test1.sysy

Host: Intel(R) Core(TM) i7-10750H CPU @ 2.60GHz, 2 cores, 3G, Ubuntu 20.04.6 LTS
Time: Thu Jun 29 14:53:50 2023 CST elapsed time: 0.717717 seconds (0d 0h 0m 0s)

---------------  T H R E A D  ---------------

Current thread (0x00007fcdb8017000):  JavaThread "main" [_thread_in_native, id=6561, stack(0x00007fcdbf8bd000,0x00007fcdbf9be000)]

Stack: [0x00007fcdbf8bd000,0x00007fcdbf9be000],  sp=0x00007fcdbf9bb970,  free space=1018k
Native frames: (J=compiled Java code, A=aot compiled Java code, j=interpreted, Vv=VM code, C=native code)
C  [libLLVM-13.so+0xd54ae4]  llvm::PointerType::get(llvm::Type*, unsigned int)+0x14

Java frames: (J=compiled Java code, j=interpreted, Vv=VM code)
j  org.bytedeco.llvm.global.LLVM.LLVMBuildGEP(Lorg/bytedeco/llvm/LLVM/LLVMBuilderRef;Lorg/bytedeco/llvm/LLVM/LLVMValueRef;Lorg/bytedeco/javacpp/PointerPointer;ILjava/lang/String;)Lorg/bytedeco/llvm/LLVM/LLVMValueRef;+0
j  LLVMVisitor.visitLVal(LSysYParser$LValContext;)Lorg/bytedeco/llvm/LLVM/LLVMValueRef;+241
j  LLVMVisitor.visitLVal(LSysYParser$LValContext;)Ljava/lang/Object;+2
j  SysYParser$LValContext.accept(Lorg/antlr/v4/runtime/tree/ParseTreeVisitor;)Ljava/lang/Object;+12
j  LLVMVisitor.visitLvalExp(LSysYParser$LvalExpContext;)Lorg/bytedeco/llvm/LLVM/LLVMValueRef;+5
j  LLVMVisitor.visitLvalExp(LSysYParser$LvalExpContext;)Ljava/lang/Object;+2
j  SysYParser$LvalExpContext.accept(Lorg/antlr/v4/runtime/tree/ParseTreeVisitor;)Ljava/lang/Object;+12
j  LLVMVisitor.visitReturnStmt(LSysYParser$ReturnStmtContext;)Lorg/bytedeco/llvm/LLVM/LLVMValueRef;+16
j  LLVMVisitor.visitReturnStmt(LSysYParser$ReturnStmtContext;)Ljava/lang/Object;+2
j  SysYParser$ReturnStmtContext.accept(Lorg/antlr/v4/runtime/tree/ParseTreeVisitor;)Ljava/lang/Object;+12
j  org.antlr.v4.runtime.tree.AbstractParseTreeVisitor.visitChildren(Lorg/antlr/v4/runtime/tree/RuleNode;)Ljava/lang/Object;+46
j  SysYParserBaseVisitor.visitBlockItem(LSysYParser$BlockItemContext;)Ljava/lang/Object;+2
j  SysYParser$BlockItemContext.accept(Lorg/antlr/v4/runtime/tree/ParseTreeVisitor;)Ljava/lang/Object;+12
j  org.antlr.v4.runtime.tree.AbstractParseTreeVisitor.visitChildren(Lorg/antlr/v4/runtime/tree/RuleNode;)Ljava/lang/Object;+46
j  SysYParserBaseVisitor.visitBlock(LSysYParser$BlockContext;)Ljava/lang/Object;+2
j  LLVMVisitor.visitBlock(LSysYParser$BlockContext;)Lorg/bytedeco/llvm/LLVM/LLVMValueRef;+43
j  LLVMVisitor.visitBlock(LSysYParser$BlockContext;)Ljava/lang/Object;+2
j  SysYParser$BlockContext.accept(Lorg/antlr/v4/runtime/tree/ParseTreeVisitor;)Ljava/lang/Object;+12
j  org.antlr.v4.runtime.tree.AbstractParseTreeVisitor.visitChildren(Lorg/antlr/v4/runtime/tree/RuleNode;)Ljava/lang/Object;+46
j  SysYParserBaseVisitor.visitFuncDef(LSysYParser$FuncDefContext;)Ljava/lang/Object;+2
j  LLVMVisitor.visitFuncDef(LSysYParser$FuncDefContext;)Lorg/bytedeco/llvm/LLVM/LLVMValueRef;+438
j  LLVMVisitor.visitFuncDef(LSysYParser$FuncDefContext;)Ljava/lang/Object;+2
j  SysYParser$FuncDefContext.accept(Lorg/antlr/v4/runtime/tree/ParseTreeVisitor;)Ljava/lang/Object;+12
j  org.antlr.v4.runtime.tree.AbstractParseTreeVisitor.visitChildren(Lorg/antlr/v4/runtime/tree/RuleNode;)Ljava/lang/Object;+46
j  SysYParserBaseVisitor.visitCompUnit(LSysYParser$CompUnitContext;)Ljava/lang/Object;+2
j  SysYParser$CompUnitContext.accept(Lorg/antlr/v4/runtime/tree/ParseTreeVisitor;)Ljava/lang/Object;+12
j  org.antlr.v4.runtime.tree.AbstractParseTreeVisitor.visitChildren(Lorg/antlr/v4/runtime/tree/RuleNode;)Ljava/lang/Object;+46
j  SysYParserBaseVisitor.visitProgram(LSysYParser$ProgramContext;)Ljava/lang/Object;+2
j  LLVMVisitor.visitProgram(LSysYParser$ProgramContext;)Lorg/bytedeco/llvm/LLVM/LLVMValueRef;+19
j  LLVMVisitor.visitProgram(LSysYParser$ProgramContext;)Ljava/lang/Object;+2
j  SysYParser$ProgramContext.accept(Lorg/antlr/v4/runtime/tree/ParseTreeVisitor;)Ljava/lang/Object;+12
j  org.antlr.v4.runtime.tree.AbstractParseTreeVisitor.visit(Lorg/antlr/v4/runtime/tree/ParseTree;)Ljava/lang/Object;+2
j  Main.main([Ljava/lang/String;)V+55
v  ~StubRoutines::call_stub

siginfo: si_signo: 11 (SIGSEGV), si_code: 1 (SEGV_MAPERR), si_addr: 0x0000000000000000

Register to memory mapping:

RAX=0x0 is NULL
RBX=0x0 is NULL
RCX=0x00007fcdb83b53b0 points into unknown readable memory: 0x00007fcdb83aedd0 | d0 ed 3a b8 cd 7f 00 00
RDX=0x000000000000000f is an unknown value
RSP=0x00007fcdbf9bb970 is pointing into the stack for thread: 0x00007fcdb8017000
RBP=0x00007fcdb82d2c20 points into unknown readable memory: 0x00007fcdb83b53b0 | b0 53 3b b8 cd 7f 00 00
RSI=0x0 is NULL
RDI=0x0 is NULL
R8 =0x0 is NULL
R9 =0x00007fcdb8017000 is a thread
R10=0x0 is NULL
R11=0x00000000000003d8 is an unknown value
R12=0x0 is NULL
R13=0x00007fcdb83cacf0 points into unknown readable memory: 0x00007fcdb83b1340 | 40 13 3b b8 cd 7f 00 00
R14=0x0000000000000002 is an unknown value
R15=0x00007fcdb83b5380 points into unknown readable memory: 0x00007fcdb83aedd0 | d0 ed 3a b8 cd 7f 00 00


Registers:
RAX=0x0000000000000000, RBX=0x0000000000000000, RCX=0x00007fcdb83b53b0, RDX=0x000000000000000f
RSP=0x00007fcdbf9bb970, RBP=0x00007fcdb82d2c20, RSI=0x0000000000000000, RDI=0x0000000000000000
R8 =0x0000000000000000, R9 =0x00007fcdb8017000, R10=0x0000000000000000, R11=0x00000000000003d8
R12=0x0000000000000000, R13=0x00007fcdb83cacf0, R14=0x0000000000000002, R15=0x00007fcdb83b5380
RIP=0x00007fcd5e280ae4, EFLAGS=0x0000000000010202, CSGSFS=0x002b000000000033, ERR=0x0000000000000004
  TRAPNO=0x000000000000000e

Top of Stack: (sp=0x00007fcdbf9bb970)
0x00007fcdbf9bb970:   00007fcdb8017348 00007fcd90be0546
0x00007fcdbf9bb980:   00000000000000b0 0000000000000003
0x00007fcdbf9bb990:   00007fcdbf9bbb88 00007fcdb838c290
0x00007fcdbf9bb9a0:   00007fcdb82d2c20 00007fcdb83cb660 

Instructions: (pc=0x00007fcd5e280ae4)
0x00007fcd5e2809e4:   00 e0 ff ff 75 07 48 85 c9 49 0f 44 c8 45 01 d1
0x00007fcd5e2809f4:   45 8d 5a 01 41 21 f9 45 89 c8 49 c1 e0 04 49 01
0x00007fcd5e280a04:   c0 49 8b 10 48 85 d2 0f 85 85 00 00 00 4c 89 c0
0x00007fcd5e280a14:   e9 e7 f6 ff ff 8b 83 f8 08 00 00 8d 48 01 48 85
0x00007fcd5e280a24:   ff 0f 84 fc f6 ff ff 48 8b 07 48 89 fa e9 57 f2
0x00007fcd5e280a34:   ff ff 48 85 ff 75 0b 48 81 f9 00 e0 ff ff 49 0f
0x00007fcd5e280a44:   44 f8 45 01 d1 45 8d 5a 01 41 21 d1 45 89 c8 49
0x00007fcd5e280a54:   c1 e0 04 49 01 c0 49 8b 08 48 85 c9 74 af 45 89
0x00007fcd5e280a64:   da e9 3f fc ff ff 48 81 ff 00 e0 ff ff 0f 85 a4
0x00007fcd5e280a74:   f7 ff ff 83 7a 08 fe 0f 85 9a f7 ff ff 4d 85 c0
0x00007fcd5e280a84:   4c 0f 44 c2 e9 8e f7 ff ff 89 54 24 08 e9 ee fd
0x00007fcd5e280a94:   ff ff 45 89 da e9 42 fe ff ff 48 81 fe 00 e0 ff
0x00007fcd5e280aa4:   ff 0f 85 51 fa ff ff 83 7a 08 fe 0f 85 47 fa ff
0x00007fcd5e280ab4:   ff 48 85 ff 48 0f 44 fa e9 3b fa ff ff e9 c7 42
0x00007fcd5e280ac4:   bd ff 66 2e 0f 1f 84 00 00 00 00 00 41 57 41 56
0x00007fcd5e280ad4:   41 55 41 54 41 89 f4 55 53 48 89 fb 48 83 ec 28
0x00007fcd5e280ae4:   48 8b 3f 48 8b 2f 80 bd d0 08 00 00 00 75 7d 80
0x00007fcd5e280af4:   7b 08 0f 75 07 48 83 7b 18 00 74 70 45 85 e4 0f
0x00007fcd5e280b04:   85 87 00 00 00 44 8b bd e8 08 00 00 4c 8b ad d8
0x00007fcd5e280b14:   08 00 00 45 85 ff 0f 84 50 01 00 00 41 89 de 89
0x00007fcd5e280b24:   d8 45 8d 47 ff c1 e8 09 41 c1 ee 04 41 31 c6 44
0x00007fcd5e280b34:   89 f7 44 21 c7 89 f8 48 c1 e0 04 49 8d 54 05 00
0x00007fcd5e280b44:   48 8b 32 48 39 de 0f 85 70 07 00 00 48 8b 42 08
0x00007fcd5e280b54:   4c 8d 72 08 48 85 c0 0f 84 b4 02 00 00 48 83 c4
0x00007fcd5e280b64:   28 5b 5d 41 5c 41 5d 41 5e 41 5f c3 48 83 c4 28
0x00007fcd5e280b74:   44 89 e6 5b 5d 41 5c 41 5d 41 5e 41 5f e9 ba ef
0x00007fcd5e280b84:   ff ff 66 2e 0f 1f 84 00 00 00 00 00 44 8b bd 00
0x00007fcd5e280b94:   09 00 00 4c 8b ad f0 08 00 00 45 85 ff 0f 84 51
0x00007fcd5e280ba4:   03 00 00 89 d8 89 da 41 8d 77 ff 41 b8 01 00 00
0x00007fcd5e280bb4:   00 c1 ea 09 c1 e8 04 89 f7 31 d0 43 8d 14 e4 41
0x00007fcd5e280bc4:   8d 14 94 48 c1 e0 20 48 09 d0 48 c1 e2 20 48 83
0x00007fcd5e280bd4:   e8 01 48 29 d0 48 89 c2 48 c1 ea 16 48 31 d0 48 


Stack slot to memory mapping:
stack at sp + 0 slots: 0x00007fcdb8017348 points into unknown readable memory: 0x00007fcdc0f46b40 | 40 6b f4 c0 cd 7f 00 00
stack at sp + 1 slots: 0x00007fcd90be0546: _ZN7JNIEnv_16CallObjectMethodEP8_jobjectP10_jmethodIDz+0x0000000000000086 in /home/qutx/.javacpp/cache/llvm-13.0.1-1.5.7-linux-x86_64.jar/org/bytedeco/llvm/linux-x86_64/libjniLLVM.so at 0x00007fcd90b14000
stack at sp + 2 slots: 0x00000000000000b0 is an unknown value
stack at sp + 3 slots: 0x0000000000000003 is an unknown value
stack at sp + 4 slots: 0x00007fcdbf9bbb88 is pointing into the stack for thread: 0x00007fcdb8017000
stack at sp + 5 slots: 0x00007fcdb838c290 points into unknown readable memory: 0x00007fcdb838c2a0 | a0 c2 38 b8 cd 7f 00 00
stack at sp + 6 slots: 0x00007fcdb82d2c20 points into unknown readable memory: 0x00007fcdb83b53b0 | b0 53 3b b8 cd 7f 00 00
stack at sp + 7 slots: 0x00007fcdb83cb660 points into unknown readable memory: 0x2e352e312d707063 | 63 70 70 2d 31 2e 35 2e


---------------  P R O C E S S  ---------------

Threads class SMR info:
_java_thread_list=0x00007fcdb82e33e0, length=11, elements={
0x00007fcdb8017000, 0x00007fcdb811e800, 0x00007fcdb8120800, 0x00007fcdb8127000,
0x00007fcdb8129000, 0x00007fcdb812b800, 0x00007fcdb812d800, 0x00007fcdb812f800,
0x00007fcdb813d800, 0x00007fcdb81fb800, 0x00007fcdb82e2000
}

Java Threads: ( => current thread )
=>0x00007fcdb8017000 JavaThread "main" [_thread_in_native, id=6561, stack(0x00007fcdbf8bd000,0x00007fcdbf9be000)]
  0x00007fcdb811e800 JavaThread "Reference Handler" daemon [_thread_blocked, id=6574, stack(0x00007fcda05f2000,0x00007fcda06f3000)]
  0x00007fcdb8120800 JavaThread "Finalizer" daemon [_thread_blocked, id=6576, stack(0x00007fcda04f1000,0x00007fcda05f2000)]
  0x00007fcdb8127000 JavaThread "Signal Dispatcher" daemon [_thread_blocked, id=6579, stack(0x00007fcda03f0000,0x00007fcda04f1000)]
  0x00007fcdb8129000 JavaThread "Service Thread" daemon [_thread_blocked, id=6580, stack(0x00007fcda02ef000,0x00007fcda03f0000)]
  0x00007fcdb812b800 JavaThread "C2 CompilerThread0" daemon [_thread_blocked, id=6584, stack(0x00007fcda01ee000,0x00007fcda02ef000)]
  0x00007fcdb812d800 JavaThread "C1 CompilerThread0" daemon [_thread_blocked, id=6587, stack(0x00007fcda00ed000,0x00007fcda01ee000)]
  0x00007fcdb812f800 JavaThread "Sweeper thread" daemon [_thread_blocked, id=6588, stack(0x00007fcd91121000,0x00007fcd91222000)]
  0x00007fcdb813d800 JavaThread "Common-Cleaner" daemon [_thread_blocked, id=6591, stack(0x00007fcd91020000,0x00007fcd91121000)]
  0x00007fcdb81fb800 JavaThread "Monitor Ctrl-Break" daemon [_thread_in_native, id=6592, stack(0x00007fcd90f1f000,0x00007fcd91020000)]
  0x00007fcdb82e2000 JavaThread "JavaCPP Deallocator" daemon [_thread_blocked, id=6595, stack(0x00007fcd90c1a000,0x00007fcd90d1b000)]

Other Threads:
  0x00007fcdb811b800 VMThread "VM Thread" [stack: 0x00007fcda06f5000,0x00007fcda07f5000] [id=6573]
  0x00007fcdb81fc800 WatcherThread [stack: 0x00007fcd90e1f000,0x00007fcd90f1f000] [id=6593]
  0x00007fcdb802e800 GCTaskThread "GC Thread#0" [stack: 0x00007fcdbf564000,0x00007fcdbf664000] [id=6562]
  0x00007fcd88001000 GCTaskThread "GC Thread#1" [stack: 0x00007fcd90d1d000,0x00007fcd90e1d000] [id=6594]
  0x00007fcdb8049800 ConcurrentGCThread "G1 Main Marker" [stack: 0x00007fcdbce40000,0x00007fcdbcf40000] [id=6563]
  0x00007fcdb804b000 ConcurrentGCThread "G1 Conc#0" [stack: 0x00007fcdbcd3e000,0x00007fcdbce3e000] [id=6564]
  0x00007fcdb8086800 ConcurrentGCThread "G1 Refine#0" [stack: 0x00007fcdbca3a000,0x00007fcdbcb3a000] [id=6566]
  0x00007fcdb8088800 ConcurrentGCThread "G1 Young RemSet Sampling" [stack: 0x00007fcdbc938000,0x00007fcdbca38000] [id=6567]

Threads with active compile tasks:

VM state:not at safepoint (normal execution)

VM Mutex/Monitor currently owned by a thread: None

Heap address: 0x00000000c3600000, size: 970 MB, Compressed Oops mode: 32-bit
Narrow klass base: 0x0000000800000000, Narrow klass shift: 3
Compressed class space size: 1073741824 Address: 0x0000000840000000

Heap:
 garbage-first heap   total 65536K, used 6407K [0x00000000c3600000, 0x0000000100000000)
  region size 1024K, 6 young (6144K), 1 survivors (1024K)
 Metaspace       used 4199K, capacity 6664K, committed 6912K, reserved 1056768K
  class space    used 475K, capacity 714K, committed 768K, reserved 1048576K
Heap Regions: E=young(eden), S=young(survivor), O=old, HS=humongous(starts), HC=humongous(continues), CS=collection set, F=free, A=archive, TAMS=top-at-mark-start (previous, next)
|   0|0x00000000c3600000, 0x00000000c368fe00, 0x00000000c3700000| 56%| O|  |TAMS 0x00000000c3600000, 0x00000000c3600000| Untracked 
|   1|0x00000000c3700000, 0x00000000c3700000, 0x00000000c3800000|  0%| F|  |TAMS 0x00000000c3700000, 0x00000000c3700000| Untracked 
|   2|0x00000000c3800000, 0x00000000c3800000, 0x00000000c3900000|  0%| F|  |TAMS 0x00000000c3800000, 0x00000000c3800000| Untracked 
|   3|0x00000000c3900000, 0x00000000c3900000, 0x00000000c3a00000|  0%| F|  |TAMS 0x00000000c3900000, 0x00000000c3900000| Untracked 
|   4|0x00000000c3a00000, 0x00000000c3a00000, 0x00000000c3b00000|  0%| F|  |TAMS 0x00000000c3a00000, 0x00000000c3a00000| Untracked 
|   5|0x00000000c3b00000, 0x00000000c3b00000, 0x00000000c3c00000|  0%| F|  |TAMS 0x00000000c3b00000, 0x00000000c3b00000| Untracked 
|   6|0x00000000c3c00000, 0x00000000c3c00000, 0x00000000c3d00000|  0%| F|  |TAMS 0x00000000c3c00000, 0x00000000c3c00000| Untracked 
|   7|0x00000000c3d00000, 0x00000000c3d00000, 0x00000000c3e00000|  0%| F|  |TAMS 0x00000000c3d00000, 0x00000000c3d00000| Untracked 
|   8|0x00000000c3e00000, 0x00000000c3e00000, 0x00000000c3f00000|  0%| F|  |TAMS 0x00000000c3e00000, 0x00000000c3e00000| Untracked 
|   9|0x00000000c3f00000, 0x00000000c3f00000, 0x00000000c4000000|  0%| F|  |TAMS 0x00000000c3f00000, 0x00000000c3f00000| Untracked 
|  10|0x00000000c4000000, 0x00000000c4000000, 0x00000000c4100000|  0%| F|  |TAMS 0x00000000c4000000, 0x00000000c4000000| Untracked 
|  11|0x00000000c4100000, 0x00000000c4100000, 0x00000000c4200000|  0%| F|  |TAMS 0x00000000c4100000, 0x00000000c4100000| Untracked 
|  12|0x00000000c4200000, 0x00000000c4200000, 0x00000000c4300000|  0%| F|  |TAMS 0x00000000c4200000, 0x00000000c4200000| Untracked 
|  13|0x00000000c4300000, 0x00000000c4300000, 0x00000000c4400000|  0%| F|  |TAMS 0x00000000c4300000, 0x00000000c4300000| Untracked 
|  14|0x00000000c4400000, 0x00000000c4400000, 0x00000000c4500000|  0%| F|  |TAMS 0x00000000c4400000, 0x00000000c4400000| Untracked 
|  15|0x00000000c4500000, 0x00000000c4500000, 0x00000000c4600000|  0%| F|  |TAMS 0x00000000c4500000, 0x00000000c4500000| Untracked 
|  16|0x00000000c4600000, 0x00000000c4600000, 0x00000000c4700000|  0%| F|  |TAMS 0x00000000c4600000, 0x00000000c4600000| Untracked 
|  17|0x00000000c4700000, 0x00000000c4700000, 0x00000000c4800000|  0%| F|  |TAMS 0x00000000c4700000, 0x00000000c4700000| Untracked 
|  18|0x00000000c4800000, 0x00000000c4800000, 0x00000000c4900000|  0%| F|  |TAMS 0x00000000c4800000, 0x00000000c4800000| Untracked 
|  19|0x00000000c4900000, 0x00000000c4900000, 0x00000000c4a00000|  0%| F|  |TAMS 0x00000000c4900000, 0x00000000c4900000| Untracked 
|  20|0x00000000c4a00000, 0x00000000c4a00000, 0x00000000c4b00000|  0%| F|  |TAMS 0x00000000c4a00000, 0x00000000c4a00000| Untracked 
|  21|0x00000000c4b00000, 0x00000000c4b00000, 0x00000000c4c00000|  0%| F|  |TAMS 0x00000000c4b00000, 0x00000000c4b00000| Untracked 
|  22|0x00000000c4c00000, 0x00000000c4c00000, 0x00000000c4d00000|  0%| F|  |TAMS 0x00000000c4c00000, 0x00000000c4c00000| Untracked 
|  23|0x00000000c4d00000, 0x00000000c4d00000, 0x00000000c4e00000|  0%| F|  |TAMS 0x00000000c4d00000, 0x00000000c4d00000| Untracked 
|  24|0x00000000c4e00000, 0x00000000c4e00000, 0x00000000c4f00000|  0%| F|  |TAMS 0x00000000c4e00000, 0x00000000c4e00000| Untracked 
|  25|0x00000000c4f00000, 0x00000000c4f00000, 0x00000000c5000000|  0%| F|  |TAMS 0x00000000c4f00000, 0x00000000c4f00000| Untracked 
|  26|0x00000000c5000000, 0x00000000c5000000, 0x00000000c5100000|  0%| F|  |TAMS 0x00000000c5000000, 0x00000000c5000000| Untracked 
|  27|0x00000000c5100000, 0x00000000c5100000, 0x00000000c5200000|  0%| F|  |TAMS 0x00000000c5100000, 0x00000000c5100000| Untracked 
|  28|0x00000000c5200000, 0x00000000c5200000, 0x00000000c5300000|  0%| F|  |TAMS 0x00000000c5200000, 0x00000000c5200000| Untracked 
|  29|0x00000000c5300000, 0x00000000c5300000, 0x00000000c5400000|  0%| F|  |TAMS 0x00000000c5300000, 0x00000000c5300000| Untracked 
|  30|0x00000000c5400000, 0x00000000c5400000, 0x00000000c5500000|  0%| F|  |TAMS 0x00000000c5400000, 0x00000000c5400000| Untracked 
|  31|0x00000000c5500000, 0x00000000c5500000, 0x00000000c5600000|  0%| F|  |TAMS 0x00000000c5500000, 0x00000000c5500000| Untracked 
|  32|0x00000000c5600000, 0x00000000c5600000, 0x00000000c5700000|  0%| F|  |TAMS 0x00000000c5600000, 0x00000000c5600000| Untracked 
|  33|0x00000000c5700000, 0x00000000c5700000, 0x00000000c5800000|  0%| F|  |TAMS 0x00000000c5700000, 0x00000000c5700000| Untracked 
|  34|0x00000000c5800000, 0x00000000c5800000, 0x00000000c5900000|  0%| F|  |TAMS 0x00000000c5800000, 0x00000000c5800000| Untracked 
|  35|0x00000000c5900000, 0x00000000c5900000, 0x00000000c5a00000|  0%| F|  |TAMS 0x00000000c5900000, 0x00000000c5900000| Untracked 
|  36|0x00000000c5a00000, 0x00000000c5a00000, 0x00000000c5b00000|  0%| F|  |TAMS 0x00000000c5a00000, 0x00000000c5a00000| Untracked 
|  37|0x00000000c5b00000, 0x00000000c5b00000, 0x00000000c5c00000|  0%| F|  |TAMS 0x00000000c5b00000, 0x00000000c5b00000| Untracked 
|  38|0x00000000c5c00000, 0x00000000c5c00000, 0x00000000c5d00000|  0%| F|  |TAMS 0x00000000c5c00000, 0x00000000c5c00000| Untracked 
|  39|0x00000000c5d00000, 0x00000000c5d00000, 0x00000000c5e00000|  0%| F|  |TAMS 0x00000000c5d00000, 0x00000000c5d00000| Untracked 
|  40|0x00000000c5e00000, 0x00000000c5e00000, 0x00000000c5f00000|  0%| F|  |TAMS 0x00000000c5e00000, 0x00000000c5e00000| Untracked 
|  41|0x00000000c5f00000, 0x00000000c5f00000, 0x00000000c6000000|  0%| F|  |TAMS 0x00000000c5f00000, 0x00000000c5f00000| Untracked 
|  42|0x00000000c6000000, 0x00000000c6000000, 0x00000000c6100000|  0%| F|  |TAMS 0x00000000c6000000, 0x00000000c6000000| Untracked 
|  43|0x00000000c6100000, 0x00000000c6100000, 0x00000000c6200000|  0%| F|  |TAMS 0x00000000c6100000, 0x00000000c6100000| Untracked 
|  44|0x00000000c6200000, 0x00000000c6200000, 0x00000000c6300000|  0%| F|  |TAMS 0x00000000c6200000, 0x00000000c6200000| Untracked 
|  45|0x00000000c6300000, 0x00000000c6300000, 0x00000000c6400000|  0%| F|  |TAMS 0x00000000c6300000, 0x00000000c6300000| Untracked 
|  46|0x00000000c6400000, 0x00000000c6400000, 0x00000000c6500000|  0%| F|  |TAMS 0x00000000c6400000, 0x00000000c6400000| Untracked 
|  47|0x00000000c6500000, 0x00000000c6500000, 0x00000000c6600000|  0%| F|  |TAMS 0x00000000c6500000, 0x00000000c6500000| Untracked 
|  48|0x00000000c6600000, 0x00000000c6600000, 0x00000000c6700000|  0%| F|  |TAMS 0x00000000c6600000, 0x00000000c6600000| Untracked 
|  49|0x00000000c6700000, 0x00000000c6700000, 0x00000000c6800000|  0%| F|  |TAMS 0x00000000c6700000, 0x00000000c6700000| Untracked 
|  50|0x00000000c6800000, 0x00000000c6800000, 0x00000000c6900000|  0%| F|  |TAMS 0x00000000c6800000, 0x00000000c6800000| Untracked 
|  51|0x00000000c6900000, 0x00000000c6900000, 0x00000000c6a00000|  0%| F|  |TAMS 0x00000000c6900000, 0x00000000c6900000| Untracked 
|  52|0x00000000c6a00000, 0x00000000c6a00000, 0x00000000c6b00000|  0%| F|  |TAMS 0x00000000c6a00000, 0x00000000c6a00000| Untracked 
|  53|0x00000000c6b00000, 0x00000000c6b00000, 0x00000000c6c00000|  0%| F|  |TAMS 0x00000000c6b00000, 0x00000000c6b00000| Untracked 
|  54|0x00000000c6c00000, 0x00000000c6d00000, 0x00000000c6d00000|100%| S|CS|TAMS 0x00000000c6c00000, 0x00000000c6c00000| Complete 
|  55|0x00000000c6d00000, 0x00000000c6d00000, 0x00000000c6e00000|  0%| F|  |TAMS 0x00000000c6d00000, 0x00000000c6d00000| Untracked 
|  56|0x00000000c6e00000, 0x00000000c6e00000, 0x00000000c6f00000|  0%| F|  |TAMS 0x00000000c6e00000, 0x00000000c6e00000| Untracked 
|  57|0x00000000c6f00000, 0x00000000c7000000, 0x00000000c7000000|100%| E|  |TAMS 0x00000000c6f00000, 0x00000000c6f00000| Complete 
|  58|0x00000000c7000000, 0x00000000c7100000, 0x00000000c7100000|100%| E|CS|TAMS 0x00000000c7000000, 0x00000000c7000000| Complete 
|  59|0x00000000c7100000, 0x00000000c7200000, 0x00000000c7200000|100%| E|CS|TAMS 0x00000000c7100000, 0x00000000c7100000| Complete 
|  60|0x00000000c7200000, 0x00000000c7300000, 0x00000000c7300000|100%| E|CS|TAMS 0x00000000c7200000, 0x00000000c7200000| Complete 
|  61|0x00000000c7300000, 0x00000000c7400000, 0x00000000c7400000|100%| E|CS|TAMS 0x00000000c7300000, 0x00000000c7300000| Complete 
| 968|0x00000000ffe00000, 0x00000000ffe47000, 0x00000000fff00000| 27%|OA|  |TAMS 0x00000000ffe00000, 0x00000000ffe00000| Untracked 
| 969|0x00000000fff00000, 0x00000000fff6b000, 0x0000000100000000| 41%|CA|  |TAMS 0x00000000fff00000, 0x00000000fff00000| Untracked 

Card table byte_map: [0x00007fcdbef96000,0x00007fcdbf17b000] _byte_map_base: 0x00007fcdbe97b000

Marking Bits (Prev, Next): (CMBitMap*) 0x00007fcdb8044b08, (CMBitMap*) 0x00007fcdb8044b40
 Prev Bits: [0x00007fcdbde89000, 0x00007fcdbedb1000)
 Next Bits: [0x00007fcdbcf61000, 0x00007fcdbde89000)

Polling page: 0x00007fcdbf87a000

Metaspace:

Usage:
  Non-class:      5.81 MB capacity,     3.64 MB ( 63%) used,     2.17 MB ( 37%) free+waste,     8.88 KB ( <1%) overhead. 
      Class:    714.00 KB capacity,   475.09 KB ( 67%) used,   233.97 KB ( 33%) free+waste,     4.94 KB ( <1%) overhead. 
       Both:      6.51 MB capacity,     4.10 MB ( 63%) used,     2.39 MB ( 37%) free+waste,    13.81 KB ( <1%) overhead. 

Virtual space:
  Non-class space:        8.00 MB reserved,       6.00 MB ( 75%) committed 
      Class space:        1.00 GB reserved,     768.00 KB ( <1%) committed 
             Both:        1.01 GB reserved,       6.75 MB ( <1%) committed 

Chunk freelists:
   Non-Class:  0 bytes
       Class:  0 bytes
        Both:  0 bytes

MaxMetaspaceSize: unlimited
CompressedClassSpaceSize: 1.00 GB
Initial GC threshold: 20.80 MB
Current GC threshold: 20.80 MB
CDS: on

CodeHeap 'non-profiled nmethods': size=120036Kb used=276Kb max_used=276Kb free=119760Kb
 bounds [0x00007fcda82bc000, 0x00007fcda852c000, 0x00007fcdaf7f5000]
CodeHeap 'profiled nmethods': size=120032Kb used=1436Kb max_used=1436Kb free=118595Kb
 bounds [0x00007fcda0d84000, 0x00007fcda0ff4000, 0x00007fcda82bc000]
CodeHeap 'non-nmethods': size=5692Kb used=1152Kb max_used=1165Kb free=4539Kb
 bounds [0x00007fcda07f5000, 0x00007fcda0a65000, 0x00007fcda0d84000]
 total_blobs=1267 nmethods=852 adapters=329
 compilation: enabled
              stopped_count=0, restarted_count=0
 full_count=0

Compilation events (20 events):
Event: 0.711 Thread 0x00007fcdb812d800  844       3       java.lang.String::<init> (55 bytes)
Event: 0.711 Thread 0x00007fcdb812d800 nmethod 844 0x00007fcda0ee9310 code [0x00007fcda0ee9500, 0x00007fcda0ee9880]
Event: 0.711 Thread 0x00007fcdb812d800  846       3       org.antlr.v4.runtime.misc.Interval::of (54 bytes)
Event: 0.711 Thread 0x00007fcdb812b800  839       4       java.lang.StringBuilder::<init> (7 bytes)
Event: 0.712 Thread 0x00007fcdb812d800 nmethod 846 0x00007fcda0ee9a10 code [0x00007fcda0ee9c00, 0x00007fcda0eea230]
Event: 0.712 Thread 0x00007fcdb812d800  847       3       java.lang.StringCoding$Result::with (12 bytes)
Event: 0.712 Thread 0x00007fcdb812d800 nmethod 847 0x00007fcda0eea490 code [0x00007fcda0eea640, 0x00007fcda0eea7b0]
Event: 0.712 Thread 0x00007fcdb812d800  848       3       org.antlr.v4.runtime.ParserRuleContext::getChildCount (21 bytes)
Event: 0.712 Thread 0x00007fcdb812d800 nmethod 848 0x00007fcda0eea810 code [0x00007fcda0eea9e0, 0x00007fcda0eeac20]
Event: 0.712 Thread 0x00007fcdb812d800  849       1       org.antlr.v4.runtime.CodePointCharStream::size (5 bytes)
Event: 0.712 Thread 0x00007fcdb812d800 nmethod 849 0x00007fcda8300010 code [0x00007fcda83001c0, 0x00007fcda8300290]
Event: 0.713 Thread 0x00007fcdb812d800  850       1       org.antlr.v4.runtime.tree.AbstractParseTreeVisitor::shouldVisitNextChild (2 bytes)
Event: 0.713 Thread 0x00007fcdb812d800 nmethod 850 0x00007fcda8300310 code [0x00007fcda83004c0, 0x00007fcda8300590]
Event: 0.713 Thread 0x00007fcdb812b800 nmethod 839 0x00007fcda8300610 code [0x00007fcda83007a0, 0x00007fcda8300958]
Event: 0.713 Thread 0x00007fcdb812d800  851       3       java.lang.Class::cast (27 bytes)
Event: 0.713 Thread 0x00007fcdb812b800  823       4       java.util.ImmutableCollections$ListN::get (7 bytes)
Event: 0.713 Thread 0x00007fcdb812d800 nmethod 851 0x00007fcda0eead10 code [0x00007fcda0eeaee0, 0x00007fcda0eeb1b0]
Event: 0.713 Thread 0x00007fcdb812d800  852       1       org.antlr.v4.runtime.tree.TerminalNodeImpl::getSymbol (5 bytes)
Event: 0.713 Thread 0x00007fcdb812d800 nmethod 852 0x00007fcda8300a10 code [0x00007fcda8300bc0, 0x00007fcda8300c90]
Event: 0.713 Thread 0x00007fcdb812b800 nmethod 823 0x00007fcda8300d10 code [0x00007fcda8300ea0, 0x00007fcda8300f38]

GC Heap History (2 events):
Event: 0.474 GC heap before
{Heap before GC invocations=0 (full 0):
 garbage-first heap   total 65536K, used 7880K [0x00000000c3600000, 0x0000000100000000)
  region size 1024K, 7 young (7168K), 0 survivors (0K)
 Metaspace       used 3392K, capacity 6228K, committed 6528K, reserved 1056768K
  class space    used 343K, capacity 586K, committed 640K, reserved 1048576K
}
Event: 0.483 GC heap after
{Heap after GC invocations=1 (full 0):
 garbage-first heap   total 65536K, used 2311K [0x00000000c3600000, 0x0000000100000000)
  region size 1024K, 1 young (1024K), 1 survivors (1024K)
 Metaspace       used 3392K, capacity 6228K, committed 6528K, reserved 1056768K
  class space    used 343K, capacity 586K, committed 640K, reserved 1048576K
}

Deoptimization events (20 events):
Event: 0.564 Thread 0x00007fcdb8017000 DEOPT PACKING pc=0x00007fcda0e208c2 sp=0x00007fcdbf9bb6d0
Event: 0.564 Thread 0x00007fcdb8017000 DEOPT UNPACKING pc=0x00007fcda083f64a sp=0x00007fcdbf9bab58 mode 0
Event: 0.569 Thread 0x00007fcdb8017000 DEOPT PACKING pc=0x00007fcda0db7f4f sp=0x00007fcdbf9bb680
Event: 0.569 Thread 0x00007fcdb8017000 DEOPT UNPACKING pc=0x00007fcda083f64a sp=0x00007fcdbf9bab28 mode 0
Event: 0.651 Thread 0x00007fcdb8017000 Uncommon trap: trap_request=0xffffffc6 fr.pc=0x00007fcda82c5f24 relative=0x0000000000000084
Event: 0.651 Thread 0x00007fcdb8017000 Uncommon trap: reason=bimorphic_or_optimized_type_check action=maybe_recompile pc=0x00007fcda82c5f24 method=java.util.AbstractCollection.isEmpty()Z @ 1 c2
Event: 0.651 Thread 0x00007fcdb8017000 DEOPT PACKING pc=0x00007fcda82c5f24 sp=0x00007fcdbf9bb220
Event: 0.651 Thread 0x00007fcdb8017000 DEOPT UNPACKING pc=0x00007fcda083eea5 sp=0x00007fcdbf9bb1d0 mode 2
Event: 0.651 Thread 0x00007fcdb8017000 Uncommon trap: trap_request=0xffffffc6 fr.pc=0x00007fcda82c5f24 relative=0x0000000000000084
Event: 0.651 Thread 0x00007fcdb8017000 Uncommon trap: reason=bimorphic_or_optimized_type_check action=maybe_recompile pc=0x00007fcda82c5f24 method=java.util.AbstractCollection.isEmpty()Z @ 1 c2
Event: 0.651 Thread 0x00007fcdb8017000 DEOPT PACKING pc=0x00007fcda82c5f24 sp=0x00007fcdbf9bb3f0
Event: 0.651 Thread 0x00007fcdb8017000 DEOPT UNPACKING pc=0x00007fcda083eea5 sp=0x00007fcdbf9bb3a0 mode 2
Event: 0.654 Thread 0x00007fcdb8017000 Uncommon trap: trap_request=0xffffffc6 fr.pc=0x00007fcda82c5f24 relative=0x0000000000000084
Event: 0.654 Thread 0x00007fcdb8017000 Uncommon trap: reason=bimorphic_or_optimized_type_check action=maybe_recompile pc=0x00007fcda82c5f24 method=java.util.AbstractCollection.isEmpty()Z @ 1 c2
Event: 0.654 Thread 0x00007fcdb8017000 DEOPT PACKING pc=0x00007fcda82c5f24 sp=0x00007fcdbf9bb410
Event: 0.654 Thread 0x00007fcdb8017000 DEOPT UNPACKING pc=0x00007fcda083eea5 sp=0x00007fcdbf9bb3c0 mode 2
Event: 0.655 Thread 0x00007fcdb8017000 Uncommon trap: trap_request=0xffffffc6 fr.pc=0x00007fcda82c5f24 relative=0x0000000000000084
Event: 0.655 Thread 0x00007fcdb8017000 Uncommon trap: reason=bimorphic_or_optimized_type_check action=maybe_recompile pc=0x00007fcda82c5f24 method=java.util.AbstractCollection.isEmpty()Z @ 1 c2
Event: 0.655 Thread 0x00007fcdb8017000 DEOPT PACKING pc=0x00007fcda82c5f24 sp=0x00007fcdbf9bb220
Event: 0.655 Thread 0x00007fcdb8017000 DEOPT UNPACKING pc=0x00007fcda083eea5 sp=0x00007fcdbf9bb1d0 mode 2

Classes redefined (0 events):
No events

Internal exceptions (20 events):
Event: 0.218 Thread 0x00007fcdb8017000 Exception <a 'java/security/PrivilegedActionException'{0x00000000c72e2ef0}> (0x00000000c72e2ef0) thrown at [src/hotspot/share/prims/jvm.cpp, line 1304]
Event: 0.218 Thread 0x00007fcdb8017000 Exception <a 'java/security/PrivilegedActionException'{0x00000000c72e31c0}> (0x00000000c72e31c0) thrown at [src/hotspot/share/prims/jvm.cpp, line 1304]
Event: 0.218 Thread 0x00007fcdb8017000 Exception <a 'java/security/PrivilegedActionException'{0x00000000c72e3b48}> (0x00000000c72e3b48) thrown at [src/hotspot/share/prims/jvm.cpp, line 1304]
Event: 0.218 Thread 0x00007fcdb8017000 Exception <a 'java/security/PrivilegedActionException'{0x00000000c72e3e18}> (0x00000000c72e3e18) thrown at [src/hotspot/share/prims/jvm.cpp, line 1304]
Event: 0.218 Thread 0x00007fcdb8017000 Exception <a 'java/security/PrivilegedActionException'{0x00000000c72e47a0}> (0x00000000c72e47a0) thrown at [src/hotspot/share/prims/jvm.cpp, line 1304]
Event: 0.218 Thread 0x00007fcdb8017000 Exception <a 'java/security/PrivilegedActionException'{0x00000000c72e4a70}> (0x00000000c72e4a70) thrown at [src/hotspot/share/prims/jvm.cpp, line 1304]
Event: 0.219 Thread 0x00007fcdb8017000 Exception <a 'java/security/PrivilegedActionException'{0x00000000c72e53f8}> (0x00000000c72e53f8) thrown at [src/hotspot/share/prims/jvm.cpp, line 1304]
Event: 0.219 Thread 0x00007fcdb8017000 Exception <a 'java/security/PrivilegedActionException'{0x00000000c72e56c8}> (0x00000000c72e56c8) thrown at [src/hotspot/share/prims/jvm.cpp, line 1304]
Event: 0.219 Thread 0x00007fcdb8017000 Exception <a 'java/security/PrivilegedActionException'{0x00000000c72e6038}> (0x00000000c72e6038) thrown at [src/hotspot/share/prims/jvm.cpp, line 1304]
Event: 0.219 Thread 0x00007fcdb8017000 Exception <a 'java/security/PrivilegedActionException'{0x00000000c72e6308}> (0x00000000c72e6308) thrown at [src/hotspot/share/prims/jvm.cpp, line 1304]
Event: 0.219 Thread 0x00007fcdb8017000 Exception <a 'java/security/PrivilegedActionException'{0x00000000c72e6c90}> (0x00000000c72e6c90) thrown at [src/hotspot/share/prims/jvm.cpp, line 1304]
Event: 0.219 Thread 0x00007fcdb8017000 Exception <a 'java/security/PrivilegedActionException'{0x00000000c72e6f60}> (0x00000000c72e6f60) thrown at [src/hotspot/share/prims/jvm.cpp, line 1304]
Event: 0.413 Thread 0x00007fcdb8017000 Exception <a 'java/lang/NoSuchMethodError'{0x00000000c6d359e8}: 'int java.lang.invoke.DirectMethodHandle$Holder.invokeStaticInit(java.lang.Object, java.lang.Object, java.lang.Object, java.lang.Object)'> (0x00000000c6d359e8) thrown at [src/hotspot/share/interpreter/linkResolver.cpp, line 772]
Event: 0.414 Thread 0x00007fcdb8017000 Exception <a 'java/lang/IncompatibleClassChangeError'{0x00000000c6d3f768}: Found class java.lang.Object, but interface was expected> (0x00000000c6d3f768) thrown at [src/hotspot/share/interpreter/linkResolver.cpp, line 839]
Event: 0.415 Thread 0x00007fcdb8017000 Exception <a 'java/lang/NoSuchMethodError'{0x00000000c6d42918}: 'void java.lang.invoke.DirectMethodHandle$Holder.invokeStaticInit(java.lang.Object, java.lang.Object)'> (0x00000000c6d42918) thrown at [src/hotspot/share/interpreter/linkResolver.cpp, line 772]
Event: 0.416 Thread 0x00007fcdb8017000 Exception <a 'java/lang/NoSuchMethodError'{0x00000000c6d48000}: 'int java.lang.invoke.DirectMethodHandle$Holder.invokeStaticInit(java.lang.Object, java.lang.Object)'> (0x00000000c6d48000) thrown at [src/hotspot/share/interpreter/linkResolver.cpp, line 772]
Event: 0.691 Thread 0x00007fcdb8017000 Exception <a 'java/lang/NoSuchMethodError'{0x00000000c6f3e858}: 'java.lang.Object java.lang.invoke.DirectMethodHandle$Holder.invokeStatic(java.lang.Object, java.lang.Object, java.lang.Object, java.lang.Object, java.lang.Object, java.lang.Object, java.lang.Object, java.lang.Object, java.lang.Object, java.lang.Object, java.lang.Object, int)'> (0x00000000c6f3e858) thrown at [src/hotspot/share/interpreter/linkResolver.cpp, line 772]
Event: 0.694 Thread 0x00007fcdb8017000 Exception <a 'java/lang/NoSuchMethodError'{0x00000000c6f5cd80}: 'java.lang.Object java.lang.invoke.DirectMethodHandle$Holder.invokeStatic(java.lang.Object, java.lang.Object, java.lang.Object, java.lang.Object, java.lang.Object, java.lang.Object, java.lang.Object, java.lang.Object, java.lang.Object, java.lang.Object, java.lang.Object, int, int)'> (0x00000000c6f5cd80) thrown at [src/hotspot/share/interpreter/linkResolver.cpp, line 772]
Event: 0.697 Thread 0x00007fcdb8017000 Exception <a 'java/lang/NoSuchMethodError'{0x00000000c6f7c048}: 'java.lang.Object java.lang.invoke.DirectMethodHandle$Holder.invokeStatic(java.lang.Object, java.lang.Object, java.lang.Object, java.lang.Object, java.lang.Object, java.lang.Object, java.lang.Object, java.lang.Object, java.lang.Object, java.lang.Object, java.lang.Object, int, int, java.lang.Object)'> (0x00000000c6f7c048) thrown at [src/hotspot/share/interpreter/linkResolver.cpp, line 772]
Event: 0.707 Thread 0x00007fcdb8017000 Exception <a 'java/lang/NoSuchMethodError'{0x00000000c6f883f0}: 'java.lang.Object java.lang.invoke.Invokers$Holder.linkToTargetMethod(java.lang.Object, int, java.lang.Object)'> (0x00000000c6f883f0) thrown at [src/hotspot/share/interpreter/linkResolver.cpp, line 772]

Events (20 events):
Event: 0.663 loading class java/lang/invoke/BoundMethodHandle$Species_LLLLLL
Event: 0.663 loading class java/lang/invoke/BoundMethodHandle$Species_LLLLLL done
Event: 0.664 loading class java/lang/invoke/BoundMethodHandle$Species_LLLLLLI
Event: 0.664 loading class java/lang/invoke/BoundMethodHandle$Species_LLLLLLI done
Event: 0.666 loading class java/lang/invoke/BoundMethodHandle$Species_LLLLLLII
Event: 0.666 loading class java/lang/invoke/BoundMethodHandle$Species_LLLLLLII done
Event: 0.667 loading class java/lang/invoke/BoundMethodHandle$Species_LLLLLLIIL
Event: 0.667 loading class java/lang/invoke/BoundMethodHandle$Species_LLLLLLIIL done
Event: 0.676 loading class LocalScope
Event: 0.676 loading class LocalScope done
Event: 0.683 loading class java/lang/invoke/BoundMethodHandle$Species_LLLLLLL
Event: 0.683 loading class java/lang/invoke/BoundMethodHandle$Species_LLLLLLL done
Event: 0.684 loading class java/lang/invoke/BoundMethodHandle$Species_LLLLLLLL
Event: 0.684 loading class java/lang/invoke/BoundMethodHandle$Species_LLLLLLLL done
Event: 0.685 loading class java/lang/invoke/BoundMethodHandle$Species_LLLLLLLLI
Event: 0.685 loading class java/lang/invoke/BoundMethodHandle$Species_LLLLLLLLI done
Event: 0.692 loading class java/lang/invoke/BoundMethodHandle$Species_LLLLLLLLII
Event: 0.692 loading class java/lang/invoke/BoundMethodHandle$Species_LLLLLLLLII done
Event: 0.695 loading class java/lang/invoke/BoundMethodHandle$Species_LLLLLLLLIIL
Event: 0.695 loading class java/lang/invoke/BoundMethodHandle$Species_LLLLLLLLIIL done


Dynamic libraries:
c3600000-c7400000 rw-p 00000000 00:00 0 
c7400000-ffe00000 ---p 00000000 00:00 0 
ffe00000-ffe47000 rw-p 00b0a000 08:05 922150                             /usr/lib/jvm/java-11-openjdk-amd64/lib/server/classes.jsa
ffe47000-fff00000 rw-p 00000000 00:00 0 
fff00000-fff6b000 rw-p 00a9f000 08:05 922150                             /usr/lib/jvm/java-11-openjdk-amd64/lib/server/classes.jsa
fff6b000-100000000 rw-p 00000000 00:00 0 
800000000-800002000 rwxp 00001000 08:05 922150                           /usr/lib/jvm/java-11-openjdk-amd64/lib/server/classes.jsa
800002000-8003cc000 rw-p 00003000 08:05 922150                           /usr/lib/jvm/java-11-openjdk-amd64/lib/server/classes.jsa
8003cc000-800a9d000 r--p 003cd000 08:05 922150                           /usr/lib/jvm/java-11-openjdk-amd64/lib/server/classes.jsa
800a9d000-800a9e000 rw-p 00a9e000 08:05 922150                           /usr/lib/jvm/java-11-openjdk-amd64/lib/server/classes.jsa
840000000-8400c0000 rw-p 00000000 00:00 0 
8400c0000-880000000 ---p 00000000 00:00 0 
5620d07d5000-5620d07d6000 r--p 00000000 08:05 922046                     /usr/lib/jvm/java-11-openjdk-amd64/bin/java
5620d07d6000-5620d07d7000 r-xp 00001000 08:05 922046                     /usr/lib/jvm/java-11-openjdk-amd64/bin/java
5620d07d7000-5620d07d8000 r--p 00002000 08:05 922046                     /usr/lib/jvm/java-11-openjdk-amd64/bin/java
5620d07d8000-5620d07d9000 r--p 00002000 08:05 922046                     /usr/lib/jvm/java-11-openjdk-amd64/bin/java
5620d07d9000-5620d07da000 rw-p 00003000 08:05 922046                     /usr/lib/jvm/java-11-openjdk-amd64/bin/java
5620d1dc9000-5620d1e0b000 rw-p 00000000 00:00 0                          [heap]
7fcd5d52c000-7fcd5de52000 r--p 00000000 08:05 1461981                    /home/qutx/.javacpp/cache/llvm-13.0.1-1.5.7-linux-x86_64.jar/org/bytedeco/llvm/linux-x86_64/libLLVM-13.so
7fcd5de52000-7fcd61815000 r-xp 00926000 08:05 1461981                    /home/qutx/.javacpp/cache/llvm-13.0.1-1.5.7-linux-x86_64.jar/org/bytedeco/llvm/linux-x86_64/libLLVM-13.so
7fcd61815000-7fcd63a6a000 r--p 042e9000 08:05 1461981                    /home/qutx/.javacpp/cache/llvm-13.0.1-1.5.7-linux-x86_64.jar/org/bytedeco/llvm/linux-x86_64/libLLVM-13.so
7fcd63a6a000-7fcd63f7f000 r--p 0653d000 08:05 1461981                    /home/qutx/.javacpp/cache/llvm-13.0.1-1.5.7-linux-x86_64.jar/org/bytedeco/llvm/linux-x86_64/libLLVM-13.so
7fcd63f7f000-7fcd63f8a000 rw-p 06a52000 08:05 1461981                    /home/qutx/.javacpp/cache/llvm-13.0.1-1.5.7-linux-x86_64.jar/org/bytedeco/llvm/linux-x86_64/libLLVM-13.so
7fcd63f8a000-7fcd64000000 rw-p 00000000 00:00 0 
7fcd64000000-7fcd64021000 rw-p 00000000 00:00 0 
7fcd64021000-7fcd68000000 ---p 00000000 00:00 0 
7fcd68000000-7fcd68021000 rw-p 00000000 00:00 0 
7fcd68021000-7fcd6c000000 ---p 00000000 00:00 0 
7fcd6c000000-7fcd6c2d2000 rw-p 00000000 00:00 0 
7fcd6c2d2000-7fcd70000000 ---p 00000000 00:00 0 
7fcd70000000-7fcd703c5000 rw-p 00000000 00:00 0 
7fcd703c5000-7fcd74000000 ---p 00000000 00:00 0 
7fcd74000000-7fcd74021000 rw-p 00000000 00:00 0 
7fcd74021000-7fcd78000000 ---p 00000000 00:00 0 
7fcd78000000-7fcd78021000 rw-p 00000000 00:00 0 
7fcd78021000-7fcd7c000000 ---p 00000000 00:00 0 
7fcd7c000000-7fcd7c021000 rw-p 00000000 00:00 0 
7fcd7c021000-7fcd80000000 ---p 00000000 00:00 0 
7fcd80000000-7fcd80021000 rw-p 00000000 00:00 0 
7fcd80021000-7fcd84000000 ---p 00000000 00:00 0 
7fcd84000000-7fcd84021000 rw-p 00000000 00:00 0 
7fcd84021000-7fcd88000000 ---p 00000000 00:00 0 
7fcd88000000-7fcd88021000 rw-p 00000000 00:00 0 
7fcd88021000-7fcd8c000000 ---p 00000000 00:00 0 
7fcd8c000000-7fcd8c021000 rw-p 00000000 00:00 0 
7fcd8c021000-7fcd90000000 ---p 00000000 00:00 0 
7fcd90b14000-7fcd90b79000 r--p 00000000 08:05 1461986                    /home/qutx/.javacpp/cache/llvm-13.0.1-1.5.7-linux-x86_64.jar/org/bytedeco/llvm/linux-x86_64/libjniLLVM.so
7fcd90b79000-7fcd90be7000 r-xp 00065000 08:05 1461986                    /home/qutx/.javacpp/cache/llvm-13.0.1-1.5.7-linux-x86_64.jar/org/bytedeco/llvm/linux-x86_64/libjniLLVM.so
7fcd90be7000-7fcd90c12000 r--p 000d3000 08:05 1461986                    /home/qutx/.javacpp/cache/llvm-13.0.1-1.5.7-linux-x86_64.jar/org/bytedeco/llvm/linux-x86_64/libjniLLVM.so
7fcd90c12000-7fcd90c15000 r--p 000fd000 08:05 1461986                    /home/qutx/.javacpp/cache/llvm-13.0.1-1.5.7-linux-x86_64.jar/org/bytedeco/llvm/linux-x86_64/libjniLLVM.so
7fcd90c15000-7fcd90c18000 rw-p 00100000 08:05 1461986                    /home/qutx/.javacpp/cache/llvm-13.0.1-1.5.7-linux-x86_64.jar/org/bytedeco/llvm/linux-x86_64/libjniLLVM.so
7fcd90c18000-7fcd90c1a000 rw-p 00000000 00:00 0 
7fcd90c1a000-7fcd90c1e000 ---p 00000000 00:00 0 
7fcd90c1e000-7fcd90d1b000 rw-p 00000000 00:00 0 
7fcd90d1b000-7fcd90d1c000 ---p 00000000 00:00 0 
7fcd90d1c000-7fcd90e1d000 rw-p 00000000 00:00 0 
7fcd90e1d000-7fcd90e1e000 ---p 00000000 00:00 0 
7fcd90e1e000-7fcd90f1f000 rw-p 00000000 00:00 0 
7fcd90f1f000-7fcd90f23000 ---p 00000000 00:00 0 
7fcd90f23000-7fcd91020000 rw-p 00000000 00:00 0 
7fcd91020000-7fcd91024000 ---p 00000000 00:00 0 
7fcd91024000-7fcd91121000 rw-p 00000000 00:00 0 
7fcd91121000-7fcd91125000 ---p 00000000 00:00 0 
7fcd91125000-7fcd91222000 rw-p 00000000 00:00 0 
7fcd91222000-7fcd92000000 r--p 00000000 08:05 922866                     /usr/lib/locale/locale-archive
7fcd92000000-7fcd94000000 rw-p 00000000 00:00 0 
7fcd94000000-7fcd94021000 rw-p 00000000 00:00 0 
7fcd94021000-7fcd98000000 ---p 00000000 00:00 0 
7fcd98000000-7fcd98021000 rw-p 00000000 00:00 0 
7fcd98021000-7fcd9c000000 ---p 00000000 00:00 0 
7fcd9c000000-7fcd9c021000 rw-p 00000000 00:00 0 
7fcd9c021000-7fcda0000000 ---p 00000000 00:00 0 
7fcda00e6000-7fcda00ed000 r--s 00000000 08:05 1447316                    /usr/lib/x86_64-linux-gnu/gconv/gconv-modules.cache
7fcda00ed000-7fcda00f1000 ---p 00000000 00:00 0 
7fcda00f1000-7fcda01ee000 rw-p 00000000 00:00 0 
7fcda01ee000-7fcda01f2000 ---p 00000000 00:00 0 
7fcda01f2000-7fcda02ef000 rw-p 00000000 00:00 0 
7fcda02ef000-7fcda02f3000 ---p 00000000 00:00 0 
7fcda02f3000-7fcda03f0000 rw-p 00000000 00:00 0 
7fcda03f0000-7fcda03f4000 ---p 00000000 00:00 0 
7fcda03f4000-7fcda04f1000 rw-p 00000000 00:00 0 
7fcda04f1000-7fcda04f5000 ---p 00000000 00:00 0 
7fcda04f5000-7fcda05f2000 rw-p 00000000 00:00 0 
7fcda05f2000-7fcda05f6000 ---p 00000000 00:00 0 
7fcda05f6000-7fcda06f3000 rw-p 00000000 00:00 0 
7fcda06f3000-7fcda06f4000 ---p 00000000 00:00 0 
7fcda06f4000-7fcda07f5000 rw-p 00000000 00:00 0 
7fcda07f5000-7fcda0a65000 rwxp 00000000 00:00 0 
7fcda0a65000-7fcda0d84000 ---p 00000000 00:00 0 
7fcda0d84000-7fcda0ff4000 rwxp 00000000 00:00 0 
7fcda0ff4000-7fcda82bc000 ---p 00000000 00:00 0 
7fcda82bc000-7fcda852c000 rwxp 00000000 00:00 0 
7fcda852c000-7fcdaf7f5000 ---p 00000000 00:00 0 
7fcdaf7f5000-7fcdb8000000 r--s 00000000 08:05 922125                     /usr/lib/jvm/java-11-openjdk-amd64/lib/modules
7fcdb8000000-7fcdb83cd000 rw-p 00000000 00:00 0 
7fcdb83cd000-7fcdbc000000 ---p 00000000 00:00 0 
7fcdbc000000-7fcdbc001000 r--p 00000000 08:05 1461984                    /home/qutx/.javacpp/cache/llvm-13.0.1-1.5.7-linux-x86_64.jar/org/bytedeco/llvm/linux-x86_64/libRemarks.so.13
7fcdbc001000-7fcdbc002000 r-xp 00001000 08:05 1461984                    /home/qutx/.javacpp/cache/llvm-13.0.1-1.5.7-linux-x86_64.jar/org/bytedeco/llvm/linux-x86_64/libRemarks.so.13
7fcdbc002000-7fcdbc003000 r--p 00002000 08:05 1461984                    /home/qutx/.javacpp/cache/llvm-13.0.1-1.5.7-linux-x86_64.jar/org/bytedeco/llvm/linux-x86_64/libRemarks.so.13
7fcdbc003000-7fcdbc004000 r--p 00002000 08:05 1461984                    /home/qutx/.javacpp/cache/llvm-13.0.1-1.5.7-linux-x86_64.jar/org/bytedeco/llvm/linux-x86_64/libRemarks.so.13
7fcdbc004000-7fcdbc005000 rw-p 00003000 08:05 1461984                    /home/qutx/.javacpp/cache/llvm-13.0.1-1.5.7-linux-x86_64.jar/org/bytedeco/llvm/linux-x86_64/libRemarks.so.13
7fcdbc005000-7fcdbc00c000 r--p 00000000 08:05 1461982                    /home/qutx/.javacpp/cache/llvm-13.0.1-1.5.7-linux-x86_64.jar/org/bytedeco/llvm/linux-x86_64/libLTO.so.13
7fcdbc00c000-7fcdbc014000 r-xp 00007000 08:05 1461982                    /home/qutx/.javacpp/cache/llvm-13.0.1-1.5.7-linux-x86_64.jar/org/bytedeco/llvm/linux-x86_64/libLTO.so.13
7fcdbc014000-7fcdbc016000 r--p 0000f000 08:05 1461982                    /home/qutx/.javacpp/cache/llvm-13.0.1-1.5.7-linux-x86_64.jar/org/bytedeco/llvm/linux-x86_64/libLTO.so.13
7fcdbc016000-7fcdbc017000 r--p 00010000 08:05 1461982                    /home/qutx/.javacpp/cache/llvm-13.0.1-1.5.7-linux-x86_64.jar/org/bytedeco/llvm/linux-x86_64/libLTO.so.13
7fcdbc017000-7fcdbc018000 rw-p 00011000 08:05 1461982                    /home/qutx/.javacpp/cache/llvm-13.0.1-1.5.7-linux-x86_64.jar/org/bytedeco/llvm/linux-x86_64/libLTO.so.13
7fcdbc018000-7fcdbc01c000 r--p 00000000 08:05 1461975                    /home/qutx/.javacpp/cache/javacpp-1.5.7-linux-x86_64.jar/org/bytedeco/javacpp/linux-x86_64/libjnijavacpp.so
7fcdbc01c000-7fcdbc023000 r-xp 00004000 08:05 1461975                    /home/qutx/.javacpp/cache/javacpp-1.5.7-linux-x86_64.jar/org/bytedeco/javacpp/linux-x86_64/libjnijavacpp.so
7fcdbc023000-7fcdbc027000 r--p 0000b000 08:05 1461975                    /home/qutx/.javacpp/cache/javacpp-1.5.7-linux-x86_64.jar/org/bytedeco/javacpp/linux-x86_64/libjnijavacpp.so
7fcdbc027000-7fcdbc028000 r--p 0000e000 08:05 1461975                    /home/qutx/.javacpp/cache/javacpp-1.5.7-linux-x86_64.jar/org/bytedeco/javacpp/linux-x86_64/libjnijavacpp.so
7fcdbc028000-7fcdbc029000 rw-p 0000f000 08:05 1461975                    /home/qutx/.javacpp/cache/javacpp-1.5.7-linux-x86_64.jar/org/bytedeco/javacpp/linux-x86_64/libjnijavacpp.so
7fcdbc029000-7fcdbc02a000 r--p 00000000 08:05 922097                     /usr/lib/jvm/java-11-openjdk-amd64/lib/libextnet.so
7fcdbc02a000-7fcdbc02b000 r-xp 00001000 08:05 922097                     /usr/lib/jvm/java-11-openjdk-amd64/lib/libextnet.so
7fcdbc02b000-7fcdbc02c000 r--p 00002000 08:05 922097                     /usr/lib/jvm/java-11-openjdk-amd64/lib/libextnet.so
7fcdbc02c000-7fcdbc02d000 r--p 00002000 08:05 922097                     /usr/lib/jvm/java-11-openjdk-amd64/lib/libextnet.so
7fcdbc02d000-7fcdbc02e000 rw-p 00003000 08:05 922097                     /usr/lib/jvm/java-11-openjdk-amd64/lib/libextnet.so
7fcdbc02e000-7fcdbc032000 r--p 00000000 08:05 922115                     /usr/lib/jvm/java-11-openjdk-amd64/lib/libnet.so
7fcdbc032000-7fcdbc040000 r-xp 00004000 08:05 922115                     /usr/lib/jvm/java-11-openjdk-amd64/lib/libnet.so
7fcdbc040000-7fcdbc044000 r--p 00012000 08:05 922115                     /usr/lib/jvm/java-11-openjdk-amd64/lib/libnet.so
7fcdbc044000-7fcdbc045000 r--p 00015000 08:05 922115                     /usr/lib/jvm/java-11-openjdk-amd64/lib/libnet.so
7fcdbc045000-7fcdbc046000 rw-p 00016000 08:05 922115                     /usr/lib/jvm/java-11-openjdk-amd64/lib/libnet.so
7fcdbc046000-7fcdbc04d000 r--p 00000000 08:05 922116                     /usr/lib/jvm/java-11-openjdk-amd64/lib/libnio.so
7fcdbc04d000-7fcdbc055000 r-xp 00007000 08:05 922116                     /usr/lib/jvm/java-11-openjdk-amd64/lib/libnio.so
7fcdbc055000-7fcdbc058000 r--p 0000f000 08:05 922116                     /usr/lib/jvm/java-11-openjdk-amd64/lib/libnio.so
7fcdbc058000-7fcdbc059000 r--p 00011000 08:05 922116                     /usr/lib/jvm/java-11-openjdk-amd64/lib/libnio.so
7fcdbc059000-7fcdbc05a000 rw-p 00012000 08:05 922116                     /usr/lib/jvm/java-11-openjdk-amd64/lib/libnio.so
7fcdbc05a000-7fcdbc736000 rw-p 00000000 00:00 0 
7fcdbc736000-7fcdbc936000 ---p 00000000 00:00 0 
7fcdbc936000-7fcdbc937000 ---p 00000000 00:00 0 
7fcdbc937000-7fcdbca38000 rw-p 00000000 00:00 0 
7fcdbca38000-7fcdbca39000 ---p 00000000 00:00 0 
7fcdbca39000-7fcdbcd3c000 rw-p 00000000 00:00 0 
7fcdbcd3c000-7fcdbcd3d000 ---p 00000000 00:00 0 
7fcdbcd3d000-7fcdbce3e000 rw-p 00000000 00:00 0 
7fcdbce3e000-7fcdbce3f000 ---p 00000000 00:00 0 
7fcdbce3f000-7fcdbd059000 rw-p 00000000 00:00 0 
7fcdbd059000-7fcdbde81000 ---p 00000000 00:00 0 
7fcdbde81000-7fcdbdf81000 rw-p 00000000 00:00 0 
7fcdbdf81000-7fcdbeda9000 ---p 00000000 00:00 0 
7fcdbeda9000-7fcdbedd0000 rw-p 00000000 00:00 0 
7fcdbedd0000-7fcdbef95000 ---p 00000000 00:00 0 
7fcdbef95000-7fcdbefb5000 rw-p 00000000 00:00 0 
7fcdbefb5000-7fcdbf17a000 ---p 00000000 00:00 0 
7fcdbf17a000-7fcdbf19a000 rw-p 00000000 00:00 0 
7fcdbf19a000-7fcdbf35f000 ---p 00000000 00:00 0 
7fcdbf35f000-7fcdbf562000 rw-p 00000000 00:00 0 
7fcdbf562000-7fcdbf563000 ---p 00000000 00:00 0 
7fcdbf563000-7fcdbf669000 rw-p 00000000 00:00 0 
7fcdbf669000-7fcdbf74f000 ---p 00000000 00:00 0 
7fcdbf74f000-7fcdbf754000 rw-p 00000000 00:00 0 
7fcdbf754000-7fcdbf83a000 ---p 00000000 00:00 0 
7fcdbf83a000-7fcdbf83f000 rw-p 00000000 00:00 0 
7fcdbf83f000-7fcdbf846000 ---p 00000000 00:00 0 
7fcdbf846000-7fcdbf849000 r--p 00000000 08:05 924341                     /usr/lib/x86_64-linux-gnu/libnss_files-2.31.so
7fcdbf849000-7fcdbf850000 r-xp 00003000 08:05 924341                     /usr/lib/x86_64-linux-gnu/libnss_files-2.31.so
7fcdbf850000-7fcdbf852000 r--p 0000a000 08:05 924341                     /usr/lib/x86_64-linux-gnu/libnss_files-2.31.so
7fcdbf852000-7fcdbf853000 r--p 0000b000 08:05 924341                     /usr/lib/x86_64-linux-gnu/libnss_files-2.31.so
7fcdbf853000-7fcdbf854000 rw-p 0000c000 08:05 924341                     /usr/lib/x86_64-linux-gnu/libnss_files-2.31.so
7fcdbf854000-7fcdbf85a000 rw-p 00000000 00:00 0 
7fcdbf85a000-7fcdbf85c000 r--p 00000000 08:05 922124                     /usr/lib/jvm/java-11-openjdk-amd64/lib/libzip.so
7fcdbf85c000-7fcdbf861000 r-xp 00002000 08:05 922124                     /usr/lib/jvm/java-11-openjdk-amd64/lib/libzip.so
7fcdbf861000-7fcdbf863000 r--p 00007000 08:05 922124                     /usr/lib/jvm/java-11-openjdk-amd64/lib/libzip.so
7fcdbf863000-7fcdbf864000 r--p 00008000 08:05 922124                     /usr/lib/jvm/java-11-openjdk-amd64/lib/libzip.so
7fcdbf864000-7fcdbf865000 rw-p 00009000 08:05 922124                     /usr/lib/jvm/java-11-openjdk-amd64/lib/libzip.so
7fcdbf865000-7fcdbf86d000 rw-s 00000000 08:05 2361576                    /tmp/hsperfdata_qutx/6560
7fcdbf86d000-7fcdbf86f000 r--p 00000000 08:05 922099                     /usr/lib/jvm/java-11-openjdk-amd64/lib/libinstrument.so
7fcdbf86f000-7fcdbf875000 r-xp 00002000 08:05 922099                     /usr/lib/jvm/java-11-openjdk-amd64/lib/libinstrument.so
7fcdbf875000-7fcdbf878000 r--p 00008000 08:05 922099                     /usr/lib/jvm/java-11-openjdk-amd64/lib/libinstrument.so
7fcdbf878000-7fcdbf879000 r--p 0000a000 08:05 922099                     /usr/lib/jvm/java-11-openjdk-amd64/lib/libinstrument.so
7fcdbf879000-7fcdbf87a000 rw-p 0000b000 08:05 922099                     /usr/lib/jvm/java-11-openjdk-amd64/lib/libinstrument.so
7fcdbf87a000-7fcdbf87b000 ---p 00000000 00:00 0 
7fcdbf87b000-7fcdbf87c000 r--p 00000000 00:00 0 
7fcdbf87c000-7fcdbf87e000 r--p 00000000 08:05 922107                     /usr/lib/jvm/java-11-openjdk-amd64/lib/libjimage.so
7fcdbf87e000-7fcdbf881000 r-xp 00002000 08:05 922107                     /usr/lib/jvm/java-11-openjdk-amd64/lib/libjimage.so
7fcdbf881000-7fcdbf882000 r--p 00005000 08:05 922107                     /usr/lib/jvm/java-11-openjdk-amd64/lib/libjimage.so
7fcdbf882000-7fcdbf883000 ---p 00006000 08:05 922107                     /usr/lib/jvm/java-11-openjdk-amd64/lib/libjimage.so
7fcdbf883000-7fcdbf884000 r--p 00006000 08:05 922107                     /usr/lib/jvm/java-11-openjdk-amd64/lib/libjimage.so
7fcdbf884000-7fcdbf885000 rw-p 00007000 08:05 922107                     /usr/lib/jvm/java-11-openjdk-amd64/lib/libjimage.so
7fcdbf885000-7fcdbf893000 r--p 00000000 08:05 922104                     /usr/lib/jvm/java-11-openjdk-amd64/lib/libjava.so
7fcdbf893000-7fcdbf8a9000 r-xp 0000e000 08:05 922104                     /usr/lib/jvm/java-11-openjdk-amd64/lib/libjava.so
7fcdbf8a9000-7fcdbf8b0000 r--p 00024000 08:05 922104                     /usr/lib/jvm/java-11-openjdk-amd64/lib/libjava.so
7fcdbf8b0000-7fcdbf8b1000 r--p 0002a000 08:05 922104                     /usr/lib/jvm/java-11-openjdk-amd64/lib/libjava.so
7fcdbf8b1000-7fcdbf8b2000 rw-p 0002b000 08:05 922104                     /usr/lib/jvm/java-11-openjdk-amd64/lib/libjava.so
7fcdbf8b2000-7fcdbf8b3000 rw-p 00000000 00:00 0 
7fcdbf8b3000-7fcdbf8b5000 r--p 00000000 08:05 924550                     /usr/lib/x86_64-linux-gnu/librt-2.31.so
7fcdbf8b5000-7fcdbf8b9000 r-xp 00002000 08:05 924550                     /usr/lib/x86_64-linux-gnu/librt-2.31.so
7fcdbf8b9000-7fcdbf8bb000 r--p 00006000 08:05 924550                     /usr/lib/x86_64-linux-gnu/librt-2.31.so
7fcdbf8bb000-7fcdbf8bc000 r--p 00007000 08:05 924550                     /usr/lib/x86_64-linux-gnu/librt-2.31.so
7fcdbf8bc000-7fcdbf8bd000 rw-p 00008000 08:05 924550                     /usr/lib/x86_64-linux-gnu/librt-2.31.so
7fcdbf8bd000-7fcdbf8c1000 ---p 00000000 00:00 0 
7fcdbf8c1000-7fcdbf9be000 rw-p 00000000 00:00 0 
7fcdbf9be000-7fcdbf9c1000 r--p 00000000 08:05 923854                     /usr/lib/x86_64-linux-gnu/libgcc_s.so.1
7fcdbf9c1000-7fcdbf9d3000 r-xp 00003000 08:05 923854                     /usr/lib/x86_64-linux-gnu/libgcc_s.so.1
7fcdbf9d3000-7fcdbf9d7000 r--p 00015000 08:05 923854                     /usr/lib/x86_64-linux-gnu/libgcc_s.so.1
7fcdbf9d7000-7fcdbf9d8000 r--p 00018000 08:05 923854                     /usr/lib/x86_64-linux-gnu/libgcc_s.so.1
7fcdbf9d8000-7fcdbf9d9000 rw-p 00019000 08:05 923854                     /usr/lib/x86_64-linux-gnu/libgcc_s.so.1
7fcdbf9d9000-7fcdbf9e6000 r--p 00000000 08:05 924215                     /usr/lib/x86_64-linux-gnu/libm-2.31.so
7fcdbf9e6000-7fcdbfa8d000 r-xp 0000d000 08:05 924215                     /usr/lib/x86_64-linux-gnu/libm-2.31.so
7fcdbfa8d000-7fcdbfb26000 r--p 000b4000 08:05 924215                     /usr/lib/x86_64-linux-gnu/libm-2.31.so
7fcdbfb26000-7fcdbfb27000 r--p 0014c000 08:05 924215                     /usr/lib/x86_64-linux-gnu/libm-2.31.so
7fcdbfb27000-7fcdbfb28000 rw-p 0014d000 08:05 924215                     /usr/lib/x86_64-linux-gnu/libm-2.31.so
7fcdbfb28000-7fcdbfbbe000 r--p 00000000 08:05 924659                     /usr/lib/x86_64-linux-gnu/libstdc++.so.6.0.28
7fcdbfbbe000-7fcdbfcaf000 r-xp 00096000 08:05 924659                     /usr/lib/x86_64-linux-gnu/libstdc++.so.6.0.28
7fcdbfcaf000-7fcdbfcf8000 r--p 00187000 08:05 924659                     /usr/lib/x86_64-linux-gnu/libstdc++.so.6.0.28
7fcdbfcf8000-7fcdbfcf9000 ---p 001d0000 08:05 924659                     /usr/lib/x86_64-linux-gnu/libstdc++.so.6.0.28
7fcdbfcf9000-7fcdbfd04000 r--p 001d0000 08:05 924659                     /usr/lib/x86_64-linux-gnu/libstdc++.so.6.0.28
7fcdbfd04000-7fcdbfd07000 rw-p 001db000 08:05 924659                     /usr/lib/x86_64-linux-gnu/libstdc++.so.6.0.28
7fcdbfd07000-7fcdbfd0a000 rw-p 00000000 00:00 0 
7fcdbfd0a000-7fcdbff8c000 r--p 00000000 08:05 922128                     /usr/lib/jvm/java-11-openjdk-amd64/lib/server/libjvm.so
7fcdbff8c000-7fcdc0c1d000 r-xp 00282000 08:05 922128                     /usr/lib/jvm/java-11-openjdk-amd64/lib/server/libjvm.so
7fcdc0c1d000-7fcdc0e7c000 r--p 00f13000 08:05 922128                     /usr/lib/jvm/java-11-openjdk-amd64/lib/server/libjvm.so
7fcdc0e7c000-7fcdc0f40000 r--p 01171000 08:05 922128                     /usr/lib/jvm/java-11-openjdk-amd64/lib/server/libjvm.so
7fcdc0f40000-7fcdc0f7b000 rw-p 01235000 08:05 922128                     /usr/lib/jvm/java-11-openjdk-amd64/lib/server/libjvm.so
7fcdc0f7b000-7fcdc0fd4000 rw-p 00000000 00:00 0 
7fcdc0fd4000-7fcdc0fda000 r--p 00000000 08:05 924485                     /usr/lib/x86_64-linux-gnu/libpthread-2.31.so
7fcdc0fda000-7fcdc0feb000 r-xp 00006000 08:05 924485                     /usr/lib/x86_64-linux-gnu/libpthread-2.31.so
7fcdc0feb000-7fcdc0ff1000 r--p 00017000 08:05 924485                     /usr/lib/x86_64-linux-gnu/libpthread-2.31.so
7fcdc0ff1000-7fcdc0ff2000 r--p 0001c000 08:05 924485                     /usr/lib/x86_64-linux-gnu/libpthread-2.31.so
7fcdc0ff2000-7fcdc0ff3000 rw-p 0001d000 08:05 924485                     /usr/lib/x86_64-linux-gnu/libpthread-2.31.so
7fcdc0ff3000-7fcdc0ff7000 rw-p 00000000 00:00 0 
7fcdc0ff7000-7fcdc0ff8000 r--p 00000000 08:05 923700                     /usr/lib/x86_64-linux-gnu/libdl-2.31.so
7fcdc0ff8000-7fcdc0ffa000 r-xp 00001000 08:05 923700                     /usr/lib/x86_64-linux-gnu/libdl-2.31.so
7fcdc0ffa000-7fcdc0ffb000 r--p 00003000 08:05 923700                     /usr/lib/x86_64-linux-gnu/libdl-2.31.so
7fcdc0ffb000-7fcdc0ffc000 r--p 00003000 08:05 923700                     /usr/lib/x86_64-linux-gnu/libdl-2.31.so
7fcdc0ffc000-7fcdc0ffd000 rw-p 00004000 08:05 923700                     /usr/lib/x86_64-linux-gnu/libdl-2.31.so
7fcdc0ffd000-7fcdc0fff000 r--p 00000000 08:05 923674                     /usr/lib/x86_64-linux-gnu/libz.so.1.2.11
7fcdc0fff000-7fcdc1010000 r-xp 00002000 08:05 923674                     /usr/lib/x86_64-linux-gnu/libz.so.1.2.11
7fcdc1010000-7fcdc1016000 r--p 00013000 08:05 923674                     /usr/lib/x86_64-linux-gnu/libz.so.1.2.11
7fcdc1016000-7fcdc1017000 ---p 00019000 08:05 923674                     /usr/lib/x86_64-linux-gnu/libz.so.1.2.11
7fcdc1017000-7fcdc1018000 r--p 00019000 08:05 923674                     /usr/lib/x86_64-linux-gnu/libz.so.1.2.11
7fcdc1018000-7fcdc1019000 rw-p 0001a000 08:05 923674                     /usr/lib/x86_64-linux-gnu/libz.so.1.2.11
7fcdc1019000-7fcdc103b000 r--p 00000000 08:05 923557                     /usr/lib/x86_64-linux-gnu/libc-2.31.so
7fcdc103b000-7fcdc11b3000 r-xp 00022000 08:05 923557                     /usr/lib/x86_64-linux-gnu/libc-2.31.so
7fcdc11b3000-7fcdc1201000 r--p 0019a000 08:05 923557                     /usr/lib/x86_64-linux-gnu/libc-2.31.so
7fcdc1201000-7fcdc1205000 r--p 001e7000 08:05 923557                     /usr/lib/x86_64-linux-gnu/libc-2.31.so
7fcdc1205000-7fcdc1207000 rw-p 001eb000 08:05 923557                     /usr/lib/x86_64-linux-gnu/libc-2.31.so
7fcdc1207000-7fcdc120b000 rw-p 00000000 00:00 0 
7fcdc120c000-7fcdc1211000 r--p 00000000 08:05 922123                     /usr/lib/jvm/java-11-openjdk-amd64/lib/libverify.so
7fcdc1211000-7fcdc1218000 r-xp 00005000 08:05 922123                     /usr/lib/jvm/java-11-openjdk-amd64/lib/libverify.so
7fcdc1218000-7fcdc121a000 r--p 0000c000 08:05 922123                     /usr/lib/jvm/java-11-openjdk-amd64/lib/libverify.so
7fcdc121a000-7fcdc121b000 ---p 0000e000 08:05 922123                     /usr/lib/jvm/java-11-openjdk-amd64/lib/libverify.so
7fcdc121b000-7fcdc121d000 r--p 0000e000 08:05 922123                     /usr/lib/jvm/java-11-openjdk-amd64/lib/libverify.so
7fcdc121d000-7fcdc121e000 rw-p 00010000 08:05 922123                     /usr/lib/jvm/java-11-openjdk-amd64/lib/libverify.so
7fcdc121e000-7fcdc1221000 r--p 00000000 08:05 922089                     /usr/lib/jvm/java-11-openjdk-amd64/lib/jli/libjli.so
7fcdc1221000-7fcdc122b000 r-xp 00003000 08:05 922089                     /usr/lib/jvm/java-11-openjdk-amd64/lib/jli/libjli.so
7fcdc122b000-7fcdc122e000 r--p 0000d000 08:05 922089                     /usr/lib/jvm/java-11-openjdk-amd64/lib/jli/libjli.so
7fcdc122e000-7fcdc122f000 ---p 00010000 08:05 922089                     /usr/lib/jvm/java-11-openjdk-amd64/lib/jli/libjli.so
7fcdc122f000-7fcdc1230000 r--p 00010000 08:05 922089                     /usr/lib/jvm/java-11-openjdk-amd64/lib/jli/libjli.so
7fcdc1230000-7fcdc1231000 rw-p 00011000 08:05 922089                     /usr/lib/jvm/java-11-openjdk-amd64/lib/jli/libjli.so
7fcdc1231000-7fcdc1233000 rw-p 00000000 00:00 0 
7fcdc1233000-7fcdc1234000 r--p 00000000 08:05 923337                     /usr/lib/x86_64-linux-gnu/ld-2.31.so
7fcdc1234000-7fcdc1257000 r-xp 00001000 08:05 923337                     /usr/lib/x86_64-linux-gnu/ld-2.31.so
7fcdc1257000-7fcdc125f000 r--p 00024000 08:05 923337                     /usr/lib/x86_64-linux-gnu/ld-2.31.so
7fcdc1260000-7fcdc1261000 r--p 0002c000 08:05 923337                     /usr/lib/x86_64-linux-gnu/ld-2.31.so
7fcdc1261000-7fcdc1262000 rw-p 0002d000 08:05 923337                     /usr/lib/x86_64-linux-gnu/ld-2.31.so
7fcdc1262000-7fcdc1263000 rw-p 00000000 00:00 0 
7ffc87c27000-7ffc87c48000 rw-p 00000000 00:00 0                          [stack]
7ffc87c49000-7ffc87c4d000 r--p 00000000 00:00 0                          [vvar]
7ffc87c4d000-7ffc87c4f000 r-xp 00000000 00:00 0                          [vdso]
ffffffffff600000-ffffffffff601000 --xp 00000000 00:00 0                  [vsyscall]


VM Arguments:
jvm_args: -javaagent:/opt/idea-IC-223.8617.56/lib/idea_rt.jar=37225:/opt/idea-IC-223.8617.56/bin -Dfile.encoding=UTF-8 
java_command: Main tests/test1.sysy
java_class_path (initial): /home/qutx/Desktop/study/compile/Lab/out/production/Lab:/usr/local/lib/antlr-4.9.1-complete.jar:/usr/local/lib/javacpp-1.5.7-linux-x86_64.jar:/usr/local/lib/javacpp-1.5.7.jar:/usr/local/lib/llvm-13.0.1-1.5.7-linux-x86_64.jar:/usr/local/lib/llvm-13.0.1-1.5.7.jar:/usr/local/lib/llvm-platform-13.0.1-1.5.7.jar:/home/qutx/Desktop/study/compile/Lab
Launcher Type: SUN_STANDARD

[Global flags]
     intx CICompilerCount                          = 2                                         {product} {ergonomic}
     uint ConcGCThreads                            = 1                                         {product} {ergonomic}
     uint G1ConcRefinementThreads                  = 2                                         {product} {ergonomic}
   size_t G1HeapRegionSize                         = 1048576                                   {product} {ergonomic}
    uintx GCDrainStackTargetSize                   = 64                                        {product} {ergonomic}
   size_t InitialHeapSize                          = 65011712                                  {product} {ergonomic}
   size_t MarkStackSize                            = 4194304                                   {product} {ergonomic}
   size_t MaxHeapSize                              = 1017118720                                {product} {ergonomic}
   size_t MaxNewSize                               = 610271232                                 {product} {ergonomic}
   size_t MinHeapDeltaBytes                        = 1048576                                   {product} {ergonomic}
    uintx NonNMethodCodeHeapSize                   = 5825164                                {pd product} {ergonomic}
    uintx NonProfiledCodeHeapSize                  = 122916538                              {pd product} {ergonomic}
    uintx ProfiledCodeHeapSize                     = 122916538                              {pd product} {ergonomic}
    uintx ReservedCodeCacheSize                    = 251658240                              {pd product} {ergonomic}
     bool SegmentedCodeCache                       = true                                      {product} {ergonomic}
     bool UseCompressedClassPointers               = true                                 {lp64_product} {ergonomic}
     bool UseCompressedOops                        = true                                 {lp64_product} {ergonomic}
     bool UseG1GC                                  = true                                      {product} {ergonomic}

Logging:
Log output configuration:
 #0: stdout all=warning uptime,level,tags
 #1: stderr all=off uptime,level,tags

Environment Variables:
JAVA_HOME=/opt/jdk-19.0.2
PATH=/opt/idea-IC-223.8617.56/bin:/opt/jdk-19.0.2/bin:/usr/local/sbin:/usr/local/bin:/usr/sbin:/usr/bin:/sbin:/bin:/usr/games:/usr/local/games:/snap/bin
USERNAME=qutx
SHELL=/bin/bash
DISPLAY=:0
LANG=en_US.UTF-8
LC_NUMERIC=zh_CN.UTF-8
LC_TIME=zh_CN.UTF-8
TERM=xterm-256color

Signal Handlers:
SIGSEGV: [libjvm.so+0xe9f840], sa_mask[0]=11111111011111111101111111111110, sa_flags=SA_RESTART|SA_SIGINFO
SIGBUS: [libjvm.so+0xe9f840], sa_mask[0]=11111111011111111101111111111110, sa_flags=SA_RESTART|SA_SIGINFO
SIGFPE: [libjvm.so+0xe9f840], sa_mask[0]=11111111011111111101111111111110, sa_flags=SA_RESTART|SA_SIGINFO
SIGPIPE: [libjvm.so+0xbe53b0], sa_mask[0]=11111111011111111101111111111110, sa_flags=SA_RESTART|SA_SIGINFO
SIGXFSZ: [libjvm.so+0xbe53b0], sa_mask[0]=11111111011111111101111111111110, sa_flags=SA_RESTART|SA_SIGINFO
SIGILL: [libjvm.so+0xe9f840], sa_mask[0]=11111111011111111101111111111110, sa_flags=SA_RESTART|SA_SIGINFO
SIGUSR2: [libjvm.so+0xbe5250], sa_mask[0]=00100000000000000000000000000000, sa_flags=SA_RESTART|SA_SIGINFO
SIGHUP: [libjvm.so+0xbe5900], sa_mask[0]=11111111011111111101111111111110, sa_flags=SA_RESTART|SA_SIGINFO
SIGINT: [libjvm.so+0xbe5900], sa_mask[0]=11111111011111111101111111111110, sa_flags=SA_RESTART|SA_SIGINFO
SIGTERM: [libjvm.so+0xbe5900], sa_mask[0]=11111111011111111101111111111110, sa_flags=SA_RESTART|SA_SIGINFO
SIGQUIT: [libjvm.so+0xbe5900], sa_mask[0]=11111111011111111101111111111110, sa_flags=SA_RESTART|SA_SIGINFO


---------------  S Y S T E M  ---------------

OS:DISTRIB_ID=Ubuntu
DISTRIB_RELEASE=20.04
DISTRIB_CODENAME=focal
DISTRIB_DESCRIPTION="Ubuntu 20.04.6 LTS"
uname:Linux 5.15.0-75-generic #82~20.04.1-Ubuntu SMP Wed Jun 7 19:37:37 UTC 2023 x86_64
OS uptime: 0 days 0:42 hours
libc:glibc 2.31 NPTL 2.31 
rlimit (soft/hard): STACK 8192k/infinity , CORE 0k/infinity , NPROC 15194/15194 , NOFILE 1048576/1048576 , AS infinity/infinity , CPU infinity/infinity , DATA infinity/infinity , FSIZE infinity/infinity , MEMLOCK 65536k/65536k
load average:0.78 0.46 0.62

/proc/meminfo:
MemTotal:        3970900 kB
MemFree:          224908 kB
MemAvailable:     811704 kB
Buffers:           11776 kB
Cached:           734364 kB
SwapCached:        31092 kB
Active:          1048156 kB
Inactive:        2221148 kB
Active(anon):     648984 kB
Inactive(anon):  1874864 kB
Active(file):     399172 kB
Inactive(file):   346284 kB
Unevictable:           0 kB
Mlocked:               0 kB
SwapTotal:       2097148 kB
SwapFree:        1487708 kB
Dirty:              1532 kB
Writeback:             0 kB
AnonPages:       2504360 kB
Mapped:           232288 kB
Shmem:              1604 kB
KReclaimable:      91632 kB
Slab:             179168 kB
SReclaimable:      91632 kB
SUnreclaim:        87536 kB
KernelStack:       12576 kB
PageTables:        22512 kB
NFS_Unstable:          0 kB
Bounce:                0 kB
WritebackTmp:          0 kB
CommitLimit:     4082596 kB
Committed_AS:    6208776 kB
VmallocTotal:   34359738367 kB
VmallocUsed:       62132 kB
VmallocChunk:          0 kB
Percpu:           101376 kB
HardwareCorrupted:     0 kB
AnonHugePages:         0 kB
ShmemHugePages:        0 kB
ShmemPmdMapped:        0 kB
FileHugePages:         0 kB
FilePmdMapped:         0 kB
HugePages_Total:       0
HugePages_Free:        0
HugePages_Rsvd:        0
HugePages_Surp:        0
Hugepagesize:       2048 kB
Hugetlb:               0 kB
DirectMap4k:      245568 kB
DirectMap2M:     3948544 kB
DirectMap1G:     2097152 kB

/sys/kernel/mm/transparent_hugepage/enabled:
always [madvise] never
/sys/kernel/mm/transparent_hugepage/defrag (defrag/compaction efforts parameter):
always defer defer+madvise [madvise] never

Process Memory:
Virtual Size: 3676444K (peak: 12376196K)
Resident Set Size: 92680K (peak: 92680K) (anon: 36520K, file: 56160K, shmem: 0K)
Swapped out: 0K
C-Heap outstanding allocations: 14813K, retained: 2162K
glibc malloc tunables: (default)

/proc/sys/kernel/threads-max (system-wide limit on the number of threads):
30389
/proc/sys/vm/max_map_count (maximum number of memory map areas a process may have):
65530
/proc/sys/kernel/pid_max (system-wide limit on number of process identifiers):
4194304

container (cgroup) information:
container_type: cgroupv1
cpu_cpuset_cpus: 0-1
cpu_memory_nodes: 0
active_processor_count: 2
cpu_quota: no quota
cpu_period: 100000
cpu_shares: no shares
memory_limit_in_bytes: unlimited
memory_and_swap_limit_in_bytes: unlimited
memory_soft_limit_in_bytes: unlimited
memory_usage_in_bytes: 2477648 k
memory_max_usage_in_bytes: 2824092 k
kernel_memory_usage_in_bytes: 56520 k
kernel_memory_max_usage_in_bytes: unlimited
kernel_memory_limit_in_bytes: 57772 k
maximum number of tasks: unlimited
current number of tasks: 345

VMWare virtualization detected
Steal ticks since vm start: 0
Steal ticks percentage since vm start:  0.000

CPU:total 2 (initial active 2) (1 cores per cpu, 1 threads per core) family 6 model 165 stepping 2 microcode 0xffffffff, cmov, cx8, fxsr, mmx, sse, sse2, sse3, ssse3, sse4.1, sse4.2, popcnt, avx, avx2, aes, clmul, erms, 3dnowpref, lzcnt, tsc, tscinvbit, bmi1, bmi2, adx, fma
CPU Model and flags from /proc/cpuinfo:
model name	: Intel(R) Core(TM) i7-10750H CPU @ 2.60GHz
flags		: fpu vme de pse tsc msr pae mce cx8 apic sep mtrr pge mca cmov pat pse36 clflush mmx fxsr sse sse2 ss syscall nx pdpe1gb rdtscp lm constant_tsc arch_perfmon nopl xtopology tsc_reliable nonstop_tsc cpuid tsc_known_freq pni pclmulqdq ssse3 fma cx16 pcid sse4_1 sse4_2 x2apic movbe popcnt aes xsave avx f16c rdrand hypervisor lahf_lm abm 3dnowprefetch invpcid_single pti ssbd ibrs ibpb stibp fsgsbase tsc_adjust bmi1 avx2 smep bmi2 invpcid rdseed adx smap clflushopt xsaveopt xsavec xgetbv1 xsaves arat flush_l1d arch_capabilities
Online cpus:
0-1
Offline cpus:
2-127
BIOS frequency limitation:
<Not Available>
Frequency switch latency (ns):
<Not Available>
Available cpu frequencies:
<Not Available>
Current governor:
<Not Available>
Core performance/turbo boost:
<Not Available>

Memory: 4k page, physical 3970900k(224908k free), swap 2097148k(1487708k free)

vm_info: OpenJDK 64-Bit Server VM (11.0.19+7-post-Ubuntu-0ubuntu120.04.1) for linux-amd64 JRE (11.0.19+7-post-Ubuntu-0ubuntu120.04.1), built on May 10 2023 00:55:26 by "unknown" with gcc 9.4.0

END.
