#
# A fatal error has been detected by the Java Runtime Environment:
#
#  SIGSEGV (0xb) at pc=0x00007fa6761553ac, pid=19940, tid=19941
#
# JRE version: OpenJDK Runtime Environment (11.0.19+7) (build 11.0.19+7-post-Ubuntu-0ubuntu120.04.1)
# Java VM: OpenJDK 64-Bit Server VM (11.0.19+7-post-Ubuntu-0ubuntu120.04.1, mixed mode, sharing, tiered, compressed oops, g1 gc, linux-amd64)
# Problematic frame:
# C  [libLLVM-13.so+0xc293ac]  LLVMBuildAdd+0xfc
#
# Core dump will be written. Default location: Core dumps may be processed with "/usr/share/apport/apport -p%p -s%s -c%c -d%d -P%P -u%u -g%g -- %E" (or dumping to /home/qutx/Desktop/study/compile/Lab/core.19940)
#
# If you would like to submit a bug report, please visit:
#   https://bugs.launchpad.net/ubuntu/+source/openjdk-lts
# The crash happened outside the Java Virtual Machine in native code.
# See problematic frame for where to report the bug.
#

---------------  S U M M A R Y ------------

Command Line: -javaagent:/opt/idea-IC-223.8617.56/lib/idea_rt.jar=42475:/opt/idea-IC-223.8617.56/bin -Dfile.encoding=UTF-8 Main tests/test1.sysy

Host: Intel(R) Core(TM) i7-10750H CPU @ 2.60GHz, 2 cores, 3G, Ubuntu 20.04.6 LTS
Time: Thu May 18 11:50:38 2023 CST elapsed time: 0.626031 seconds (0d 0h 0m 0s)

---------------  T H R E A D  ---------------

Current thread (0x00007fa6d0017000):  JavaThread "main" [_thread_in_native, id=19941, stack(0x00007fa6d7907000,0x00007fa6d7a08000)]

Stack: [0x00007fa6d7907000,0x00007fa6d7a08000],  sp=0x00007fa6d7a05ba0,  free space=1018k
Native frames: (J=compiled Java code, A=aot compiled Java code, j=interpreted, Vv=VM code, C=native code)
C  [libLLVM-13.so+0xc293ac]  LLVMBuildAdd+0xfc

Java frames: (J=compiled Java code, j=interpreted, Vv=VM code)
j  org.bytedeco.llvm.global.LLVM.LLVMBuildAdd(Lorg/bytedeco/llvm/LLVM/LLVMBuilderRef;Lorg/bytedeco/llvm/LLVM/LLVMValueRef;Lorg/bytedeco/llvm/LLVM/LLVMValueRef;Ljava/lang/String;)Lorg/bytedeco/llvm/LLVM/LLVMValueRef;+0
j  LlvmVisitor.visitPlusExp(LSysYParser$PlusExpContext;)Lorg/bytedeco/llvm/LLVM/LLVMValueRef;+49
j  LlvmVisitor.visitPlusExp(LSysYParser$PlusExpContext;)Ljava/lang/Object;+2
j  SysYParser$PlusExpContext.accept(Lorg/antlr/v4/runtime/tree/ParseTreeVisitor;)Ljava/lang/Object;+12
j  LlvmVisitor.visitReturnStmt(LSysYParser$ReturnStmtContext;)Lorg/bytedeco/llvm/LLVM/LLVMValueRef;+5
j  LlvmVisitor.visitReturnStmt(LSysYParser$ReturnStmtContext;)Ljava/lang/Object;+2
j  SysYParser$ReturnStmtContext.accept(Lorg/antlr/v4/runtime/tree/ParseTreeVisitor;)Ljava/lang/Object;+12
j  org.antlr.v4.runtime.tree.AbstractParseTreeVisitor.visitChildren(Lorg/antlr/v4/runtime/tree/RuleNode;)Ljava/lang/Object;+46
j  SysYParserBaseVisitor.visitBlockItem(LSysYParser$BlockItemContext;)Ljava/lang/Object;+2
j  SysYParser$BlockItemContext.accept(Lorg/antlr/v4/runtime/tree/ParseTreeVisitor;)Ljava/lang/Object;+12
j  org.antlr.v4.runtime.tree.AbstractParseTreeVisitor.visitChildren(Lorg/antlr/v4/runtime/tree/RuleNode;)Ljava/lang/Object;+46
j  SysYParserBaseVisitor.visitBlock(LSysYParser$BlockContext;)Ljava/lang/Object;+2
j  LlvmVisitor.visitBlock(LSysYParser$BlockContext;)Lorg/bytedeco/llvm/LLVM/LLVMValueRef;+43
j  LlvmVisitor.visitBlock(LSysYParser$BlockContext;)Ljava/lang/Object;+2
j  SysYParser$BlockContext.accept(Lorg/antlr/v4/runtime/tree/ParseTreeVisitor;)Ljava/lang/Object;+12
j  org.antlr.v4.runtime.tree.AbstractParseTreeVisitor.visitChildren(Lorg/antlr/v4/runtime/tree/RuleNode;)Ljava/lang/Object;+46
j  SysYParserBaseVisitor.visitFuncDef(LSysYParser$FuncDefContext;)Ljava/lang/Object;+2
j  LlvmVisitor.visitFuncDef(LSysYParser$FuncDefContext;)Lorg/bytedeco/llvm/LLVM/LLVMValueRef;+81
j  LlvmVisitor.visitFuncDef(LSysYParser$FuncDefContext;)Ljava/lang/Object;+2
j  SysYParser$FuncDefContext.accept(Lorg/antlr/v4/runtime/tree/ParseTreeVisitor;)Ljava/lang/Object;+12
j  org.antlr.v4.runtime.tree.AbstractParseTreeVisitor.visitChildren(Lorg/antlr/v4/runtime/tree/RuleNode;)Ljava/lang/Object;+46
j  SysYParserBaseVisitor.visitCompUnit(LSysYParser$CompUnitContext;)Ljava/lang/Object;+2
j  SysYParser$CompUnitContext.accept(Lorg/antlr/v4/runtime/tree/ParseTreeVisitor;)Ljava/lang/Object;+12
j  org.antlr.v4.runtime.tree.AbstractParseTreeVisitor.visitChildren(Lorg/antlr/v4/runtime/tree/RuleNode;)Ljava/lang/Object;+46
j  SysYParserBaseVisitor.visitProgram(LSysYParser$ProgramContext;)Ljava/lang/Object;+2
j  LlvmVisitor.visitProgram(LSysYParser$ProgramContext;)Lorg/bytedeco/llvm/LLVM/LLVMValueRef;+22
j  LlvmVisitor.visitProgram(LSysYParser$ProgramContext;)Ljava/lang/Object;+2
j  SysYParser$ProgramContext.accept(Lorg/antlr/v4/runtime/tree/ParseTreeVisitor;)Ljava/lang/Object;+12
j  org.antlr.v4.runtime.tree.AbstractParseTreeVisitor.visit(Lorg/antlr/v4/runtime/tree/ParseTree;)Ljava/lang/Object;+2
j  Main.main([Ljava/lang/String;)V+55
v  ~StubRoutines::call_stub

siginfo: si_signo: 11 (SIGSEGV), si_code: 1 (SEGV_MAPERR), si_addr: 0x0000000200000027

Register to memory mapping:

RAX=0x00007fa6d03616c0 points into unknown readable memory: 0x00007fa6d0383b98 | 98 3b 38 d0 a6 7f 00 00
RBX=0x00007fa6d0361680 points into unknown readable memory: 0x00007fa6d0392790 | 90 27 39 d0 a6 7f 00 00
RCX=0x00007fa6d0392828 points into unknown readable memory: 0x00007fa6d03616a0 | a0 16 36 d0 a6 7f 00 00
RDX=0x00007fa6d7a05ba0 is pointing into the stack for thread: 0x00007fa6d0017000
RSP=0x00007fa6d7a05ba0 is pointing into the stack for thread: 0x00007fa6d0017000
RBP=0x00007fa6d0017348 points into unknown readable memory: 0x00007fa6d8f90b40 | 40 0b f9 d8 a6 7f 00 00
RSI=0x00007fa6d7a05bd0 is pointing into the stack for thread: 0x00007fa6d0017000
RDI=0x0000000200000027 is an unknown value
R8 =0x00007fa6d03616c0 points into unknown readable memory: 0x00007fa6d0383b98 | 98 3b 38 d0 a6 7f 00 00
R9 =0x0 is NULL
R10=0x00007fa6d0383b98 points into unknown readable memory: 0x00007fa6d0383410 | 10 34 38 d0 a6 7f 00 00
R11=0x00007fa6761552b0: LLVMBuildAdd+0x0000000000000000 in /home/qutx/.javacpp/cache/llvm-13.0.1-1.5.7-linux-x86_64.jar/org/bytedeco/llvm/linux-x86_64/libLLVM-13.so at 0x00007fa67552c000
R12=0x00007fa6d03616c0 points into unknown readable memory: 0x00007fa6d0383b98 | 98 3b 38 d0 a6 7f 00 00
R13=0x00007fa6d0392790 points into unknown readable memory: 0x00007fa6d0383b98 | 98 3b 38 d0 a6 7f 00 00
R14=0x00007fa6d0392820 points into unknown readable memory: 0x00007fa6d0383b98 | 98 3b 38 d0 a6 7f 00 00
R15=0x00007fa6d0361680 points into unknown readable memory: 0x00007fa6d0392790 | 90 27 39 d0 a6 7f 00 00


Registers:
RAX=0x00007fa6d03616c0, RBX=0x00007fa6d0361680, RCX=0x00007fa6d0392828, RDX=0x00007fa6d7a05ba0
RSP=0x00007fa6d7a05ba0, RBP=0x00007fa6d0017348, RSI=0x00007fa6d7a05bd0, RDI=0x0000000200000027
R8 =0x00007fa6d03616c0, R9 =0x0000000000000000, R10=0x00007fa6d0383b98, R11=0x00007fa6761552b0
R12=0x00007fa6d03616c0, R13=0x00007fa6d0392790, R14=0x00007fa6d0392820, R15=0x00007fa6d0361680
RIP=0x00007fa6761553ac, EFLAGS=0x0000000000010202, CSGSFS=0x002b000000000033, ERR=0x0000000000000004
  TRAPNO=0x000000000000000e

Top of Stack: (sp=0x00007fa6d7a05ba0)
0x00007fa6d7a05ba0:   00007fa6d03929d0 00007fa6d90fd299
0x00007fa6d7a05bb0:   0000000000000005 0000000000000004
0x00007fa6d7a05bc0:   00007fa6d0390103 00007fa6d011d190
0x00007fa6d7a05bd0:   00007fa6d0392820 00007fa6d0361680 

Instructions: (pc=0x00007fa6761553ac)
0x00007fa6761552ac:   0f 1f 40 00 41 54 55 53 48 89 fb 48 89 f7 48 89
0x00007fa6761552bc:   d6 ba 01 01 00 00 48 83 ec 60 80 39 00 66 89 54
0x00007fa6761552cc:   24 20 74 09 48 89 0c 24 c6 44 24 20 03 80 7f 10
0x00007fa6761552dc:   12 0f 87 95 00 00 00 80 7e 10 12 0f 87 8b 00 00
0x00007fa6761552ec:   00 4c 8b 4b 48 48 8d 15 18 19 fa ff 49 8b 01 48
0x00007fa6761552fc:   8b 40 10 48 39 d0 0f 85 f0 00 00 00 31 c9 31 d2
0x00007fa67615530c:   e8 7f 13 ff ff 49 89 c4 41 80 7c 24 10 19 76 4b
0x00007fa67615531c:   48 8b 7b 50 48 8b 4b 30 48 89 e2 4c 89 e6 4c 8b
0x00007fa67615532c:   43 38 48 8b 07 ff 50 10 8b 6b 08 48 8b 03 48 c1
0x00007fa67615533c:   e5 04 48 01 c5 48 39 e8 74 21 48 89 c3 0f 1f 80
0x00007fa67615534c:   00 00 00 00 48 8b 53 08 8b 33 4c 89 e7 48 83 c3
0x00007fa67615535c:   10 e8 de 4a 0e 00 48 39 dd 75 e9 48 83 c4 60 4c
0x00007fa67615536c:   89 e0 5b 5d 41 5c c3 0f 1f 44 00 00 48 89 f2 b8
0x00007fa67615537c:   01 01 00 00 48 89 fe 45 31 c0 48 8d 4c 24 30 bf
0x00007fa67615538c:   0d 00 00 00 66 89 44 24 50 e8 76 cf 09 00 48 8b
0x00007fa67615539c:   7b 50 48 89 e2 48 8b 4b 30 49 89 c4 4c 8b 43 38
0x00007fa6761553ac:   48 8b 07 4c 89 e6 ff 50 10 8b 6b 08 48 8b 13 48
0x00007fa6761553bc:   c1 e5 04 48 01 d5 48 39 ea 74 a0 48 89 d3 66 0f
0x00007fa6761553cc:   1f 44 00 00 48 8b 53 08 8b 33 4c 89 e7 48 83 c3
0x00007fa6761553dc:   10 e8 5e 4a 0e 00 48 39 dd 75 e9 48 83 c4 60 4c
0x00007fa6761553ec:   89 e0 5b 5d 41 5c c3 0f 1f 44 00 00 48 89 f2 45
0x00007fa6761553fc:   31 c0 48 89 fe 31 c9 4c 89 cf ff d0 49 89 c4 e9
0x00007fa67615540c:   04 ff ff ff 41 54 55 53 48 89 fb 48 89 f7 48 89
0x00007fa67615541c:   d6 ba 01 01 00 00 48 83 ec 60 80 39 00 66 89 54
0x00007fa67615542c:   24 20 74 09 48 89 0c 24 c6 44 24 20 03 80 7f 10
0x00007fa67615543c:   12 0f 87 95 00 00 00 80 7e 10 12 0f 87 8b 00 00
0x00007fa67615544c:   00 4c 8b 4b 48 48 8d 15 b8 17 fa ff 49 8b 01 48
0x00007fa67615545c:   8b 40 10 48 39 d0 0f 85 f8 00 00 00 b9 01 00 00
0x00007fa67615546c:   00 31 d2 e8 1c 12 ff ff 49 89 c4 41 80 7c 24 10
0x00007fa67615547c:   19 76 48 48 8b 7b 50 48 8b 4b 30 48 89 e2 4c 89
0x00007fa67615548c:   e6 4c 8b 43 38 48 8b 07 ff 50 10 8b 6b 08 48 8b
0x00007fa67615549c:   03 48 c1 e5 04 48 01 c5 48 39 e8 74 1e 48 89 c3 


Stack slot to memory mapping:
stack at sp + 0 slots: 0x00007fa6d03929d0 points into unknown readable memory: 0x000000005f706d74 | 74 6d 70 5f 00 00 00 00
stack at sp + 1 slots: 0x00007fa6d90fd299: __libc_malloc+0x00000000000001b9 in /lib/x86_64-linux-gnu/libc.so.6 at 0x00007fa6d9063000
stack at sp + 2 slots: 0x0000000000000005 is an unknown value
stack at sp + 3 slots: 0x0000000000000004 is an unknown value
stack at sp + 4 slots: 0x00007fa6d0390103 points into unknown readable memory: 00 00 00 00 00
stack at sp + 5 slots: 0x00007fa6d011d190 points into unknown readable memory: 0x00000000c6ce9a10 | 10 9a ce c6 00 00 00 00
stack at sp + 6 slots: 0x00007fa6d0392820 points into unknown readable memory: 0x00007fa6d0383b98 | 98 3b 38 d0 a6 7f 00 00
stack at sp + 7 slots: 0x00007fa6d0361680 points into unknown readable memory: 0x00007fa6d0392790 | 90 27 39 d0 a6 7f 00 00


---------------  P R O C E S S  ---------------

Threads class SMR info:
_java_thread_list=0x00007fa6d02a3160, length=11, elements={
0x00007fa6d0017000, 0x00007fa6d011e800, 0x00007fa6d0120800, 0x00007fa6d0127000,
0x00007fa6d0129000, 0x00007fa6d012b800, 0x00007fa6d012d800, 0x00007fa6d012f800,
0x00007fa6d013d800, 0x00007fa6d01e3800, 0x00007fa6d0270800
}

Java Threads: ( => current thread )
=>0x00007fa6d0017000 JavaThread "main" [_thread_in_native, id=19941, stack(0x00007fa6d7907000,0x00007fa6d7a08000)]
  0x00007fa6d011e800 JavaThread "Reference Handler" daemon [_thread_blocked, id=19962, stack(0x00007fa6b85f2000,0x00007fa6b86f3000)]
  0x00007fa6d0120800 JavaThread "Finalizer" daemon [_thread_blocked, id=19963, stack(0x00007fa6b84f1000,0x00007fa6b85f2000)]
  0x00007fa6d0127000 JavaThread "Signal Dispatcher" daemon [_thread_blocked, id=19964, stack(0x00007fa6b83f0000,0x00007fa6b84f1000)]
  0x00007fa6d0129000 JavaThread "Service Thread" daemon [_thread_blocked, id=19965, stack(0x00007fa6b82ef000,0x00007fa6b83f0000)]
  0x00007fa6d012b800 JavaThread "C2 CompilerThread0" daemon [_thread_blocked, id=19966, stack(0x00007fa6b81ee000,0x00007fa6b82ef000)]
  0x00007fa6d012d800 JavaThread "C1 CompilerThread0" daemon [_thread_blocked, id=19967, stack(0x00007fa6b80ed000,0x00007fa6b81ee000)]
  0x00007fa6d012f800 JavaThread "Sweeper thread" daemon [_thread_blocked, id=19968, stack(0x00007fa6a9121000,0x00007fa6a9222000)]
  0x00007fa6d013d800 JavaThread "Common-Cleaner" daemon [_thread_blocked, id=19971, stack(0x00007fa6a9020000,0x00007fa6a9121000)]
  0x00007fa6d01e3800 JavaThread "Monitor Ctrl-Break" daemon [_thread_in_native, id=19972, stack(0x00007fa6a8f1f000,0x00007fa6a9020000)]
  0x00007fa6d0270800 JavaThread "JavaCPP Deallocator" daemon [_thread_blocked, id=19975, stack(0x00007fa6a8c1a000,0x00007fa6a8d1b000)]

Other Threads:
  0x00007fa6d011b800 VMThread "VM Thread" [stack: 0x00007fa6b86f5000,0x00007fa6b87f5000] [id=19961]
  0x00007fa6d01e4800 WatcherThread [stack: 0x00007fa6a8e1f000,0x00007fa6a8f1f000] [id=19973]
  0x00007fa6d002e800 GCTaskThread "GC Thread#0" [stack: 0x00007fa6d75ae000,0x00007fa6d76ae000] [id=19948]
  0x00007fa6a0001000 GCTaskThread "GC Thread#1" [stack: 0x00007fa6a8d1d000,0x00007fa6a8e1d000] [id=19974]
  0x00007fa6d0049800 ConcurrentGCThread "G1 Main Marker" [stack: 0x00007fa6d4e64000,0x00007fa6d4f64000] [id=19952]
  0x00007fa6d004b800 ConcurrentGCThread "G1 Conc#0" [stack: 0x00007fa6d4d62000,0x00007fa6d4e62000] [id=19956]
  0x00007fa6d0086800 ConcurrentGCThread "G1 Refine#0" [stack: 0x00007fa6d4a5e000,0x00007fa6d4b5e000] [id=19957]
  0x00007fa6d0088800 ConcurrentGCThread "G1 Young RemSet Sampling" [stack: 0x00007fa6d495c000,0x00007fa6d4a5c000] [id=19959]

Threads with active compile tasks:

VM state:not at safepoint (normal execution)

VM Mutex/Monitor currently owned by a thread: None

Heap address: 0x00000000c3200000, size: 974 MB, Compressed Oops mode: 32-bit
Narrow klass base: 0x0000000800000000, Narrow klass shift: 3
Compressed class space size: 1073741824 Address: 0x0000000840000000

Heap:
 garbage-first heap   total 65536K, used 5322K [0x00000000c3200000, 0x0000000100000000)
  region size 1024K, 5 young (5120K), 1 survivors (1024K)
 Metaspace       used 4030K, capacity 6631K, committed 6912K, reserved 1056768K
  class space    used 459K, capacity 701K, committed 768K, reserved 1048576K
Heap Regions: E=young(eden), S=young(survivor), O=old, HS=humongous(starts), HC=humongous(continues), CS=collection set, F=free, A=archive, TAMS=top-at-mark-start (previous, next)
|   0|0x00000000c3200000, 0x00000000c3280a00, 0x00000000c3300000| 50%| O|  |TAMS 0x00000000c3200000, 0x00000000c3200000| Untracked 
|   1|0x00000000c3300000, 0x00000000c3300000, 0x00000000c3400000|  0%| F|  |TAMS 0x00000000c3300000, 0x00000000c3300000| Untracked 
|   2|0x00000000c3400000, 0x00000000c3400000, 0x00000000c3500000|  0%| F|  |TAMS 0x00000000c3400000, 0x00000000c3400000| Untracked 
|   3|0x00000000c3500000, 0x00000000c3500000, 0x00000000c3600000|  0%| F|  |TAMS 0x00000000c3500000, 0x00000000c3500000| Untracked 
|   4|0x00000000c3600000, 0x00000000c3600000, 0x00000000c3700000|  0%| F|  |TAMS 0x00000000c3600000, 0x00000000c3600000| Untracked 
|   5|0x00000000c3700000, 0x00000000c3700000, 0x00000000c3800000|  0%| F|  |TAMS 0x00000000c3700000, 0x00000000c3700000| Untracked 
|   6|0x00000000c3800000, 0x00000000c3800000, 0x00000000c3900000|  0%| F|  |TAMS 0x00000000c3800000, 0x00000000c3800000| Untracked 
|   7|0x00000000c3900000, 0x00000000c3900000, 0x00000000c3a00000|  0%| F|  |TAMS 0x00000000c3900000, 0x00000000c3900000| Untracked 
|   8|0x00000000c3a00000, 0x00000000c3a00000, 0x00000000c3b00000|  0%| F|  |TAMS 0x00000000c3a00000, 0x00000000c3a00000| Untracked 
|   9|0x00000000c3b00000, 0x00000000c3b00000, 0x00000000c3c00000|  0%| F|  |TAMS 0x00000000c3b00000, 0x00000000c3b00000| Untracked 
|  10|0x00000000c3c00000, 0x00000000c3c00000, 0x00000000c3d00000|  0%| F|  |TAMS 0x00000000c3c00000, 0x00000000c3c00000| Untracked 
|  11|0x00000000c3d00000, 0x00000000c3d00000, 0x00000000c3e00000|  0%| F|  |TAMS 0x00000000c3d00000, 0x00000000c3d00000| Untracked 
|  12|0x00000000c3e00000, 0x00000000c3e00000, 0x00000000c3f00000|  0%| F|  |TAMS 0x00000000c3e00000, 0x00000000c3e00000| Untracked 
|  13|0x00000000c3f00000, 0x00000000c3f00000, 0x00000000c4000000|  0%| F|  |TAMS 0x00000000c3f00000, 0x00000000c3f00000| Untracked 
|  14|0x00000000c4000000, 0x00000000c4000000, 0x00000000c4100000|  0%| F|  |TAMS 0x00000000c4000000, 0x00000000c4000000| Untracked 
|  15|0x00000000c4100000, 0x00000000c4100000, 0x00000000c4200000|  0%| F|  |TAMS 0x00000000c4100000, 0x00000000c4100000| Untracked 
|  16|0x00000000c4200000, 0x00000000c4200000, 0x00000000c4300000|  0%| F|  |TAMS 0x00000000c4200000, 0x00000000c4200000| Untracked 
|  17|0x00000000c4300000, 0x00000000c4300000, 0x00000000c4400000|  0%| F|  |TAMS 0x00000000c4300000, 0x00000000c4300000| Untracked 
|  18|0x00000000c4400000, 0x00000000c4400000, 0x00000000c4500000|  0%| F|  |TAMS 0x00000000c4400000, 0x00000000c4400000| Untracked 
|  19|0x00000000c4500000, 0x00000000c4500000, 0x00000000c4600000|  0%| F|  |TAMS 0x00000000c4500000, 0x00000000c4500000| Untracked 
|  20|0x00000000c4600000, 0x00000000c4600000, 0x00000000c4700000|  0%| F|  |TAMS 0x00000000c4600000, 0x00000000c4600000| Untracked 
|  21|0x00000000c4700000, 0x00000000c4700000, 0x00000000c4800000|  0%| F|  |TAMS 0x00000000c4700000, 0x00000000c4700000| Untracked 
|  22|0x00000000c4800000, 0x00000000c4800000, 0x00000000c4900000|  0%| F|  |TAMS 0x00000000c4800000, 0x00000000c4800000| Untracked 
|  23|0x00000000c4900000, 0x00000000c4900000, 0x00000000c4a00000|  0%| F|  |TAMS 0x00000000c4900000, 0x00000000c4900000| Untracked 
|  24|0x00000000c4a00000, 0x00000000c4a00000, 0x00000000c4b00000|  0%| F|  |TAMS 0x00000000c4a00000, 0x00000000c4a00000| Untracked 
|  25|0x00000000c4b00000, 0x00000000c4b00000, 0x00000000c4c00000|  0%| F|  |TAMS 0x00000000c4b00000, 0x00000000c4b00000| Untracked 
|  26|0x00000000c4c00000, 0x00000000c4c00000, 0x00000000c4d00000|  0%| F|  |TAMS 0x00000000c4c00000, 0x00000000c4c00000| Untracked 
|  27|0x00000000c4d00000, 0x00000000c4d00000, 0x00000000c4e00000|  0%| F|  |TAMS 0x00000000c4d00000, 0x00000000c4d00000| Untracked 
|  28|0x00000000c4e00000, 0x00000000c4e00000, 0x00000000c4f00000|  0%| F|  |TAMS 0x00000000c4e00000, 0x00000000c4e00000| Untracked 
|  29|0x00000000c4f00000, 0x00000000c4f00000, 0x00000000c5000000|  0%| F|  |TAMS 0x00000000c4f00000, 0x00000000c4f00000| Untracked 
|  30|0x00000000c5000000, 0x00000000c5000000, 0x00000000c5100000|  0%| F|  |TAMS 0x00000000c5000000, 0x00000000c5000000| Untracked 
|  31|0x00000000c5100000, 0x00000000c5100000, 0x00000000c5200000|  0%| F|  |TAMS 0x00000000c5100000, 0x00000000c5100000| Untracked 
|  32|0x00000000c5200000, 0x00000000c5200000, 0x00000000c5300000|  0%| F|  |TAMS 0x00000000c5200000, 0x00000000c5200000| Untracked 
|  33|0x00000000c5300000, 0x00000000c5300000, 0x00000000c5400000|  0%| F|  |TAMS 0x00000000c5300000, 0x00000000c5300000| Untracked 
|  34|0x00000000c5400000, 0x00000000c5400000, 0x00000000c5500000|  0%| F|  |TAMS 0x00000000c5400000, 0x00000000c5400000| Untracked 
|  35|0x00000000c5500000, 0x00000000c5500000, 0x00000000c5600000|  0%| F|  |TAMS 0x00000000c5500000, 0x00000000c5500000| Untracked 
|  36|0x00000000c5600000, 0x00000000c5600000, 0x00000000c5700000|  0%| F|  |TAMS 0x00000000c5600000, 0x00000000c5600000| Untracked 
|  37|0x00000000c5700000, 0x00000000c5700000, 0x00000000c5800000|  0%| F|  |TAMS 0x00000000c5700000, 0x00000000c5700000| Untracked 
|  38|0x00000000c5800000, 0x00000000c5800000, 0x00000000c5900000|  0%| F|  |TAMS 0x00000000c5800000, 0x00000000c5800000| Untracked 
|  39|0x00000000c5900000, 0x00000000c5900000, 0x00000000c5a00000|  0%| F|  |TAMS 0x00000000c5900000, 0x00000000c5900000| Untracked 
|  40|0x00000000c5a00000, 0x00000000c5a00000, 0x00000000c5b00000|  0%| F|  |TAMS 0x00000000c5a00000, 0x00000000c5a00000| Untracked 
|  41|0x00000000c5b00000, 0x00000000c5b00000, 0x00000000c5c00000|  0%| F|  |TAMS 0x00000000c5b00000, 0x00000000c5b00000| Untracked 
|  42|0x00000000c5c00000, 0x00000000c5c00000, 0x00000000c5d00000|  0%| F|  |TAMS 0x00000000c5c00000, 0x00000000c5c00000| Untracked 
|  43|0x00000000c5d00000, 0x00000000c5d00000, 0x00000000c5e00000|  0%| F|  |TAMS 0x00000000c5d00000, 0x00000000c5d00000| Untracked 
|  44|0x00000000c5e00000, 0x00000000c5e00000, 0x00000000c5f00000|  0%| F|  |TAMS 0x00000000c5e00000, 0x00000000c5e00000| Untracked 
|  45|0x00000000c5f00000, 0x00000000c5f00000, 0x00000000c6000000|  0%| F|  |TAMS 0x00000000c5f00000, 0x00000000c5f00000| Untracked 
|  46|0x00000000c6000000, 0x00000000c6000000, 0x00000000c6100000|  0%| F|  |TAMS 0x00000000c6000000, 0x00000000c6000000| Untracked 
|  47|0x00000000c6100000, 0x00000000c6100000, 0x00000000c6200000|  0%| F|  |TAMS 0x00000000c6100000, 0x00000000c6100000| Untracked 
|  48|0x00000000c6200000, 0x00000000c6200000, 0x00000000c6300000|  0%| F|  |TAMS 0x00000000c6200000, 0x00000000c6200000| Untracked 
|  49|0x00000000c6300000, 0x00000000c6300000, 0x00000000c6400000|  0%| F|  |TAMS 0x00000000c6300000, 0x00000000c6300000| Untracked 
|  50|0x00000000c6400000, 0x00000000c6400000, 0x00000000c6500000|  0%| F|  |TAMS 0x00000000c6400000, 0x00000000c6400000| Untracked 
|  51|0x00000000c6500000, 0x00000000c6500000, 0x00000000c6600000|  0%| F|  |TAMS 0x00000000c6500000, 0x00000000c6500000| Untracked 
|  52|0x00000000c6600000, 0x00000000c6600000, 0x00000000c6700000|  0%| F|  |TAMS 0x00000000c6600000, 0x00000000c6600000| Untracked 
|  53|0x00000000c6700000, 0x00000000c6700000, 0x00000000c6800000|  0%| F|  |TAMS 0x00000000c6700000, 0x00000000c6700000| Untracked 
|  54|0x00000000c6800000, 0x00000000c6900000, 0x00000000c6900000|100%| S|CS|TAMS 0x00000000c6800000, 0x00000000c6800000| Complete 
|  55|0x00000000c6900000, 0x00000000c6900000, 0x00000000c6a00000|  0%| F|  |TAMS 0x00000000c6900000, 0x00000000c6900000| Untracked 
|  56|0x00000000c6a00000, 0x00000000c6a00000, 0x00000000c6b00000|  0%| F|  |TAMS 0x00000000c6a00000, 0x00000000c6a00000| Untracked 
|  57|0x00000000c6b00000, 0x00000000c6b00000, 0x00000000c6c00000|  0%| F|  |TAMS 0x00000000c6b00000, 0x00000000c6b00000| Untracked 
|  58|0x00000000c6c00000, 0x00000000c6d00000, 0x00000000c6d00000|100%| E|  |TAMS 0x00000000c6c00000, 0x00000000c6c00000| Complete 
|  59|0x00000000c6d00000, 0x00000000c6e00000, 0x00000000c6e00000|100%| E|CS|TAMS 0x00000000c6d00000, 0x00000000c6d00000| Complete 
|  60|0x00000000c6e00000, 0x00000000c6f00000, 0x00000000c6f00000|100%| E|CS|TAMS 0x00000000c6e00000, 0x00000000c6e00000| Complete 
|  61|0x00000000c6f00000, 0x00000000c7000000, 0x00000000c7000000|100%| E|CS|TAMS 0x00000000c6f00000, 0x00000000c6f00000| Complete 
| 972|0x00000000ffe00000, 0x00000000ffe47000, 0x00000000fff00000| 27%|OA|  |TAMS 0x00000000ffe00000, 0x00000000ffe00000| Untracked 
| 973|0x00000000fff00000, 0x00000000fff6b000, 0x0000000100000000| 41%|CA|  |TAMS 0x00000000fff00000, 0x00000000fff00000| Untracked 

Card table byte_map: [0x00007fa6d6fdc000,0x00007fa6d71c3000] _byte_map_base: 0x00007fa6d69c3000

Marking Bits (Prev, Next): (CMBitMap*) 0x00007fa6d0044c38, (CMBitMap*) 0x00007fa6d0044c70
 Prev Bits: [0x00007fa6d5ebd000, 0x00007fa6d6df5000)
 Next Bits: [0x00007fa6d4f85000, 0x00007fa6d5ebd000)

Polling page: 0x00007fa6d78c4000

Metaspace:

Usage:
  Non-class:      5.79 MB capacity,     3.49 MB ( 60%) used,     2.30 MB ( 40%) free+waste,     7.62 KB ( <1%) overhead. 
      Class:    701.00 KB capacity,   459.53 KB ( 66%) used,   237.34 KB ( 34%) free+waste,     4.12 KB ( <1%) overhead. 
       Both:      6.48 MB capacity,     3.94 MB ( 61%) used,     2.53 MB ( 39%) free+waste,    11.75 KB ( <1%) overhead. 

Virtual space:
  Non-class space:        8.00 MB reserved,       6.00 MB ( 75%) committed 
      Class space:        1.00 GB reserved,     768.00 KB ( <1%) committed 
             Both:        1.01 GB reserved,       6.75 MB ( <1%) committed 

Chunk freelists:
   Non-Class:  0 bytes
       Class:  3.00 KB
        Both:  3.00 KB

MaxMetaspaceSize: unlimited
CompressedClassSpaceSize: 1.00 GB
Initial GC threshold: 20.80 MB
Current GC threshold: 20.80 MB
CDS: on

CodeHeap 'non-profiled nmethods': size=120036Kb used=238Kb max_used=238Kb free=119798Kb
 bounds [0x00007fa6c02bc000, 0x00007fa6c052c000, 0x00007fa6c77f5000]
CodeHeap 'profiled nmethods': size=120032Kb used=1391Kb max_used=1391Kb free=118640Kb
 bounds [0x00007fa6b8d84000, 0x00007fa6b8ff4000, 0x00007fa6c02bc000]
CodeHeap 'non-nmethods': size=5692Kb used=1149Kb max_used=1161Kb free=4543Kb
 bounds [0x00007fa6b87f5000, 0x00007fa6b8a65000, 0x00007fa6b8d84000]
 total_blobs=1191 nmethods=781 adapters=324
 compilation: enabled
              stopped_count=0, restarted_count=0
 full_count=0

Compilation events (20 events):
Event: 0.606 Thread 0x00007fa6d012d800 nmethod 746 0x00007fa6c02f3510 code [0x00007fa6c02f36c0, 0x00007fa6c02f3790]
Event: 0.606 Thread 0x00007fa6d012d800  744       1       java.lang.invoke.MethodTypeForm::basicType (5 bytes)
Event: 0.606 Thread 0x00007fa6d012d800 nmethod 744 0x00007fa6c02f3810 code [0x00007fa6c02f39c0, 0x00007fa6c02f3a90]
Event: 0.606 Thread 0x00007fa6d012d800  750       3       java.lang.invoke.LambdaForm$Name::replaceNames (174 bytes)
Event: 0.607 Thread 0x00007fa6d012d800 nmethod 750 0x00007fa6b8ecfc90 code [0x00007fa6b8ecfee0, 0x00007fa6b8ed0b30]
Event: 0.612 Thread 0x00007fa6d012d800  755       3       java.lang.invoke.LambdaForm$Name::useCount (42 bytes)
Event: 0.612 Thread 0x00007fa6d012b800  761       4       jdk.internal.org.objectweb.asm.ByteVector::putUTF8 (142 bytes)
Event: 0.612 Thread 0x00007fa6d012d800 nmethod 755 0x00007fa6b8ed0e90 code [0x00007fa6b8ed1060, 0x00007fa6b8ed1370]
Event: 0.612 Thread 0x00007fa6d012d800  752       3       java.lang.invoke.LambdaForm$Name::lastUseIndex (36 bytes)
Event: 0.613 Thread 0x00007fa6d012d800 nmethod 752 0x00007fa6b8ed1490 code [0x00007fa6b8ed1660, 0x00007fa6b8ed1910]
Event: 0.613 Thread 0x00007fa6d012d800  759       3       jdk.internal.org.objectweb.asm.Frame::execute (2264 bytes)
Event: 0.617 Thread 0x00007fa6d012d800 nmethod 759 0x00007fa6b8ed1a10 code [0x00007fa6b8ed28a0, 0x00007fa6b8ed9550]
Event: 0.617 Thread 0x00007fa6d012d800  758       3       jdk.internal.org.objectweb.asm.Frame::push (110 bytes)
Event: 0.617 Thread 0x00007fa6d012d800 nmethod 758 0x00007fa6b8edb410 code [0x00007fa6b8edb600, 0x00007fa6b8edbb80]
Event: 0.617 Thread 0x00007fa6d012d800  754       3       jdk.internal.org.objectweb.asm.ClassWriter::newStringishItem (68 bytes)
Event: 0.617 Thread 0x00007fa6d012d800 nmethod 754 0x00007fa6b8edbd90 code [0x00007fa6b8edbfa0, 0x00007fa6b8edc330]
Event: 0.617 Thread 0x00007fa6d012d800  760       3       java.lang.Number::<init> (5 bytes)
Event: 0.617 Thread 0x00007fa6d012d800 nmethod 760 0x00007fa6b8edc510 code [0x00007fa6b8edc6c0, 0x00007fa6b8edc830]
Event: 0.618 Thread 0x00007fa6d012d800  764       1       java.lang.invoke.LambdaForm$BasicType::basicTypeChar (5 bytes)
Event: 0.618 Thread 0x00007fa6d012b800 nmethod 761 0x00007fa6c02f5010 code [0x00007fa6c02f51c0, 0x00007fa6c02f5628]

GC Heap History (2 events):
Event: 0.445 GC heap before
{Heap before GC invocations=0 (full 0):
 garbage-first heap   total 65536K, used 7880K [0x00000000c3200000, 0x0000000100000000)
  region size 1024K, 7 young (7168K), 0 survivors (0K)
 Metaspace       used 3495K, capacity 6325K, committed 6528K, reserved 1056768K
  class space    used 352K, capacity 618K, committed 640K, reserved 1048576K
}
Event: 0.471 GC heap after
{Heap after GC invocations=1 (full 0):
 garbage-first heap   total 65536K, used 2250K [0x00000000c3200000, 0x0000000100000000)
  region size 1024K, 1 young (1024K), 1 survivors (1024K)
 Metaspace       used 3495K, capacity 6325K, committed 6528K, reserved 1056768K
  class space    used 352K, capacity 618K, committed 640K, reserved 1048576K
}

Deoptimization events (20 events):
Event: 0.521 Thread 0x00007fa6d0017000 DEOPT PACKING pc=0x00007fa6b8dbb04f sp=0x00007fa6d7a05680
Event: 0.521 Thread 0x00007fa6d0017000 DEOPT UNPACKING pc=0x00007fa6b883f64a sp=0x00007fa6d7a04b28 mode 0
Event: 0.522 Thread 0x00007fa6d0017000 DEOPT PACKING pc=0x00007fa6b8dbb04f sp=0x00007fa6d7a05680
Event: 0.522 Thread 0x00007fa6d0017000 DEOPT UNPACKING pc=0x00007fa6b883f64a sp=0x00007fa6d7a04b28 mode 0
Event: 0.590 Thread 0x00007fa6d0017000 Uncommon trap: trap_request=0xffffffc6 fr.pc=0x00007fa6c02c5ea4 relative=0x0000000000000084
Event: 0.590 Thread 0x00007fa6d0017000 Uncommon trap: reason=bimorphic_or_optimized_type_check action=maybe_recompile pc=0x00007fa6c02c5ea4 method=java.util.AbstractCollection.isEmpty()Z @ 1 c2
Event: 0.590 Thread 0x00007fa6d0017000 DEOPT PACKING pc=0x00007fa6c02c5ea4 sp=0x00007fa6d7a05000
Event: 0.590 Thread 0x00007fa6d0017000 DEOPT UNPACKING pc=0x00007fa6b883eea5 sp=0x00007fa6d7a04fb0 mode 2
Event: 0.590 Thread 0x00007fa6d0017000 Uncommon trap: trap_request=0xffffffc6 fr.pc=0x00007fa6c02c5ea4 relative=0x0000000000000084
Event: 0.590 Thread 0x00007fa6d0017000 Uncommon trap: reason=bimorphic_or_optimized_type_check action=maybe_recompile pc=0x00007fa6c02c5ea4 method=java.util.AbstractCollection.isEmpty()Z @ 1 c2
Event: 0.590 Thread 0x00007fa6d0017000 DEOPT PACKING pc=0x00007fa6c02c5ea4 sp=0x00007fa6d7a051d0
Event: 0.590 Thread 0x00007fa6d0017000 DEOPT UNPACKING pc=0x00007fa6b883eea5 sp=0x00007fa6d7a05180 mode 2
Event: 0.591 Thread 0x00007fa6d0017000 Uncommon trap: trap_request=0xffffffc6 fr.pc=0x00007fa6c02c5ea4 relative=0x0000000000000084
Event: 0.591 Thread 0x00007fa6d0017000 Uncommon trap: reason=bimorphic_or_optimized_type_check action=maybe_recompile pc=0x00007fa6c02c5ea4 method=java.util.AbstractCollection.isEmpty()Z @ 1 c2
Event: 0.591 Thread 0x00007fa6d0017000 DEOPT PACKING pc=0x00007fa6c02c5ea4 sp=0x00007fa6d7a05000
Event: 0.591 Thread 0x00007fa6d0017000 DEOPT UNPACKING pc=0x00007fa6b883eea5 sp=0x00007fa6d7a04fb0 mode 2
Event: 0.591 Thread 0x00007fa6d0017000 Uncommon trap: trap_request=0xffffffc6 fr.pc=0x00007fa6c02c5ea4 relative=0x0000000000000084
Event: 0.591 Thread 0x00007fa6d0017000 Uncommon trap: reason=bimorphic_or_optimized_type_check action=maybe_recompile pc=0x00007fa6c02c5ea4 method=java.util.AbstractCollection.isEmpty()Z @ 1 c2
Event: 0.591 Thread 0x00007fa6d0017000 DEOPT PACKING pc=0x00007fa6c02c5ea4 sp=0x00007fa6d7a051d0
Event: 0.591 Thread 0x00007fa6d0017000 DEOPT UNPACKING pc=0x00007fa6b883eea5 sp=0x00007fa6d7a05180 mode 2

Classes redefined (0 events):
No events

Internal exceptions (20 events):
Event: 0.203 Thread 0x00007fa6d0017000 Exception <a 'java/security/PrivilegedActionException'{0x00000000c6ec45b0}> (0x00000000c6ec45b0) thrown at [src/hotspot/share/prims/jvm.cpp, line 1304]
Event: 0.203 Thread 0x00007fa6d0017000 Exception <a 'java/security/PrivilegedActionException'{0x00000000c6ec4880}> (0x00000000c6ec4880) thrown at [src/hotspot/share/prims/jvm.cpp, line 1304]
Event: 0.203 Thread 0x00007fa6d0017000 Exception <a 'java/security/PrivilegedActionException'{0x00000000c6ec5208}> (0x00000000c6ec5208) thrown at [src/hotspot/share/prims/jvm.cpp, line 1304]
Event: 0.203 Thread 0x00007fa6d0017000 Exception <a 'java/security/PrivilegedActionException'{0x00000000c6ec54d8}> (0x00000000c6ec54d8) thrown at [src/hotspot/share/prims/jvm.cpp, line 1304]
Event: 0.203 Thread 0x00007fa6d0017000 Exception <a 'java/security/PrivilegedActionException'{0x00000000c6ec5e60}> (0x00000000c6ec5e60) thrown at [src/hotspot/share/prims/jvm.cpp, line 1304]
Event: 0.203 Thread 0x00007fa6d0017000 Exception <a 'java/security/PrivilegedActionException'{0x00000000c6ec6130}> (0x00000000c6ec6130) thrown at [src/hotspot/share/prims/jvm.cpp, line 1304]
Event: 0.203 Thread 0x00007fa6d0017000 Exception <a 'java/security/PrivilegedActionException'{0x00000000c6ec6ab8}> (0x00000000c6ec6ab8) thrown at [src/hotspot/share/prims/jvm.cpp, line 1304]
Event: 0.203 Thread 0x00007fa6d0017000 Exception <a 'java/security/PrivilegedActionException'{0x00000000c6ec6d88}> (0x00000000c6ec6d88) thrown at [src/hotspot/share/prims/jvm.cpp, line 1304]
Event: 0.203 Thread 0x00007fa6d0017000 Exception <a 'java/security/PrivilegedActionException'{0x00000000c6ec76f8}> (0x00000000c6ec76f8) thrown at [src/hotspot/share/prims/jvm.cpp, line 1304]
Event: 0.203 Thread 0x00007fa6d0017000 Exception <a 'java/security/PrivilegedActionException'{0x00000000c6ec79c8}> (0x00000000c6ec79c8) thrown at [src/hotspot/share/prims/jvm.cpp, line 1304]
Event: 0.203 Thread 0x00007fa6d0017000 Exception <a 'java/security/PrivilegedActionException'{0x00000000c6ec8350}> (0x00000000c6ec8350) thrown at [src/hotspot/share/prims/jvm.cpp, line 1304]
Event: 0.203 Thread 0x00007fa6d0017000 Exception <a 'java/security/PrivilegedActionException'{0x00000000c6ec8620}> (0x00000000c6ec8620) thrown at [src/hotspot/share/prims/jvm.cpp, line 1304]
Event: 0.375 Thread 0x00007fa6d0017000 Exception <a 'java/lang/NoSuchMethodError'{0x00000000c6ac7ec8}: 'int java.lang.invoke.DirectMethodHandle$Holder.invokeStaticInit(java.lang.Object, java.lang.Object, java.lang.Object, java.lang.Object)'> (0x00000000c6ac7ec8) thrown at [src/hotspot/share/interpreter/linkResolver.cpp, line 772]
Event: 0.376 Thread 0x00007fa6d0017000 Exception <a 'java/lang/IncompatibleClassChangeError'{0x00000000c6ad1c48}: Found class java.lang.Object, but interface was expected> (0x00000000c6ad1c48) thrown at [src/hotspot/share/interpreter/linkResolver.cpp, line 839]
Event: 0.377 Thread 0x00007fa6d0017000 Exception <a 'java/lang/NoSuchMethodError'{0x00000000c6ad4df8}: 'void java.lang.invoke.DirectMethodHandle$Holder.invokeStaticInit(java.lang.Object, java.lang.Object)'> (0x00000000c6ad4df8) thrown at [src/hotspot/share/interpreter/linkResolver.cpp, line 772]
Event: 0.378 Thread 0x00007fa6d0017000 Exception <a 'java/lang/NoSuchMethodError'{0x00000000c6ada488}: 'int java.lang.invoke.DirectMethodHandle$Holder.invokeStaticInit(java.lang.Object, java.lang.Object)'> (0x00000000c6ada488) thrown at [src/hotspot/share/interpreter/linkResolver.cpp, line 772]
Event: 0.610 Thread 0x00007fa6d0017000 Exception <a 'java/lang/NoSuchMethodError'{0x00000000c6c9bf10}: 'java.lang.Object java.lang.invoke.DirectMethodHandle$Holder.invokeStatic(java.lang.Object, java.lang.Object, java.lang.Object, java.lang.Object, java.lang.Object, java.lang.Object, java.lang.Object, java.lang.Object, java.lang.Object, java.lang.Object, java.lang.Object, int)'> (0x00000000c6c9bf10) thrown at [src/hotspot/share/interpreter/linkResolver.cpp, line 772]
Event: 0.618 Thread 0x00007fa6d0017000 Exception <a 'java/lang/NoSuchMethodError'{0x00000000c6cbb2e0}: 'java.lang.Object java.lang.invoke.DirectMethodHandle$Holder.invokeStatic(java.lang.Object, java.lang.Object, java.lang.Object, java.lang.Object, java.lang.Object, java.lang.Object, java.lang.Object, java.lang.Object, java.lang.Object, java.lang.Object, java.lang.Object, int, int)'> (0x00000000c6cbb2e0) thrown at [src/hotspot/share/interpreter/linkResolver.cpp, line 772]
Event: 0.620 Thread 0x00007fa6d0017000 Exception <a 'java/lang/NoSuchMethodError'{0x00000000c6cda698}: 'java.lang.Object java.lang.invoke.DirectMethodHandle$Holder.invokeStatic(java.lang.Object, java.lang.Object, java.lang.Object, java.lang.Object, java.lang.Object, java.lang.Object, java.lang.Object, java.lang.Object, java.lang.Object, java.lang.Object, java.lang.Object, int, int, java.lang.Object)'> (0x00000000c6cda698) thrown at [src/hotspot/share/interpreter/linkResolver.cpp, line 772]
Event: 0.621 Thread 0x00007fa6d0017000 Exception <a 'java/lang/NoSuchMethodError'{0x00000000c6ce68f0}: 'java.lang.Object java.lang.invoke.Invokers$Holder.linkToTargetMethod(java.lang.Object, int, java.lang.Object)'> (0x00000000c6ce68f0) thrown at [src/hotspot/share/interpreter/linkResolver.cpp, line 772]

Events (20 events):
Event: 0.590 loading class java/lang/invoke/BoundMethodHandle$Species_LL
Event: 0.590 loading class java/lang/invoke/BoundMethodHandle$Species_LL done
Event: 0.591 loading class java/lang/invoke/BoundMethodHandle$Species_LLL
Event: 0.591 loading class java/lang/invoke/BoundMethodHandle$Species_LLL done
Event: 0.592 loading class java/lang/invoke/BoundMethodHandle$Species_LLLL
Event: 0.592 loading class java/lang/invoke/BoundMethodHandle$Species_LLLL done
Event: 0.596 loading class java/lang/invoke/BoundMethodHandle$Species_LLLLL
Event: 0.596 loading class java/lang/invoke/BoundMethodHandle$Species_LLLLL done
Event: 0.602 loading class java/lang/invoke/BoundMethodHandle$Species_LLLLLL
Event: 0.602 loading class java/lang/invoke/BoundMethodHandle$Species_LLLLLL done
Event: 0.604 loading class java/lang/invoke/BoundMethodHandle$Species_LLLLLLL
Event: 0.604 loading class java/lang/invoke/BoundMethodHandle$Species_LLLLLLL done
Event: 0.607 loading class java/lang/invoke/BoundMethodHandle$Species_LLLLLLLL
Event: 0.607 loading class java/lang/invoke/BoundMethodHandle$Species_LLLLLLLL done
Event: 0.608 loading class java/lang/invoke/BoundMethodHandle$Species_LLLLLLLLI
Event: 0.608 loading class java/lang/invoke/BoundMethodHandle$Species_LLLLLLLLI done
Event: 0.611 loading class java/lang/invoke/BoundMethodHandle$Species_LLLLLLLLII
Event: 0.611 loading class java/lang/invoke/BoundMethodHandle$Species_LLLLLLLLII done
Event: 0.619 loading class java/lang/invoke/BoundMethodHandle$Species_LLLLLLLLIIL
Event: 0.619 loading class java/lang/invoke/BoundMethodHandle$Species_LLLLLLLLIIL done


Dynamic libraries:
c3200000-c7000000 rw-p 00000000 00:00 0 
c7000000-ffe00000 ---p 00000000 00:00 0 
ffe00000-ffe47000 rw-p 00b0a000 08:05 922150                             /usr/lib/jvm/java-11-openjdk-amd64/lib/server/classes.jsa
ffe47000-fff00000 rw-p 00000000 00:00 0 
fff00000-fff6b000 rw-p 00a9f000 08:05 922150                             /usr/lib/jvm/java-11-openjdk-amd64/lib/server/classes.jsa
fff6b000-100000000 rw-p 00000000 00:00 0 
800000000-800002000 rwxp 00001000 08:05 922150                           /usr/lib/jvm/java-11-openjdk-amd64/lib/server/classes.jsa
800002000-8003cc000 rw-p 00003000 08:05 922150                           /usr/lib/jvm/java-11-openjdk-amd64/lib/server/classes.jsa
8003cc000-800a9d000 r--p 003cd000 08:05 922150                           /usr/lib/jvm/java-11-openjdk-amd64/lib/server/classes.jsa
800a9d000-800a9e000 rw-p 00a9e000 08:05 922150                           /usr/lib/jvm/java-11-openjdk-amd64/lib/server/classes.jsa
840000000-8400c0000 rw-p 00000000 00:00 0 
8400c0000-880000000 ---p 00000000 00:00 0 
55be030c7000-55be030c8000 r--p 00000000 08:05 922046                     /usr/lib/jvm/java-11-openjdk-amd64/bin/java
55be030c8000-55be030c9000 r-xp 00001000 08:05 922046                     /usr/lib/jvm/java-11-openjdk-amd64/bin/java
55be030c9000-55be030ca000 r--p 00002000 08:05 922046                     /usr/lib/jvm/java-11-openjdk-amd64/bin/java
55be030ca000-55be030cb000 r--p 00002000 08:05 922046                     /usr/lib/jvm/java-11-openjdk-amd64/bin/java
55be030cb000-55be030cc000 rw-p 00003000 08:05 922046                     /usr/lib/jvm/java-11-openjdk-amd64/bin/java
55be03d7b000-55be03dbd000 rw-p 00000000 00:00 0                          [heap]
7fa67552c000-7fa675e52000 r--p 00000000 08:05 1461981                    /home/qutx/.javacpp/cache/llvm-13.0.1-1.5.7-linux-x86_64.jar/org/bytedeco/llvm/linux-x86_64/libLLVM-13.so
7fa675e52000-7fa679815000 r-xp 00926000 08:05 1461981                    /home/qutx/.javacpp/cache/llvm-13.0.1-1.5.7-linux-x86_64.jar/org/bytedeco/llvm/linux-x86_64/libLLVM-13.so
7fa679815000-7fa67ba6a000 r--p 042e9000 08:05 1461981                    /home/qutx/.javacpp/cache/llvm-13.0.1-1.5.7-linux-x86_64.jar/org/bytedeco/llvm/linux-x86_64/libLLVM-13.so
7fa67ba6a000-7fa67bf7f000 r--p 0653d000 08:05 1461981                    /home/qutx/.javacpp/cache/llvm-13.0.1-1.5.7-linux-x86_64.jar/org/bytedeco/llvm/linux-x86_64/libLLVM-13.so
7fa67bf7f000-7fa67bf8a000 rw-p 06a52000 08:05 1461981                    /home/qutx/.javacpp/cache/llvm-13.0.1-1.5.7-linux-x86_64.jar/org/bytedeco/llvm/linux-x86_64/libLLVM-13.so
7fa67bf8a000-7fa67c000000 rw-p 00000000 00:00 0 
7fa67c000000-7fa67c021000 rw-p 00000000 00:00 0 
7fa67c021000-7fa680000000 ---p 00000000 00:00 0 
7fa680000000-7fa680021000 rw-p 00000000 00:00 0 
7fa680021000-7fa684000000 ---p 00000000 00:00 0 
7fa684000000-7fa6843d3000 rw-p 00000000 00:00 0 
7fa6843d3000-7fa688000000 ---p 00000000 00:00 0 
7fa688000000-7fa688434000 rw-p 00000000 00:00 0 
7fa688434000-7fa68c000000 ---p 00000000 00:00 0 
7fa68c000000-7fa68c021000 rw-p 00000000 00:00 0 
7fa68c021000-7fa690000000 ---p 00000000 00:00 0 
7fa690000000-7fa690021000 rw-p 00000000 00:00 0 
7fa690021000-7fa694000000 ---p 00000000 00:00 0 
7fa694000000-7fa694021000 rw-p 00000000 00:00 0 
7fa694021000-7fa698000000 ---p 00000000 00:00 0 
7fa698000000-7fa698021000 rw-p 00000000 00:00 0 
7fa698021000-7fa69c000000 ---p 00000000 00:00 0 
7fa69c000000-7fa69c021000 rw-p 00000000 00:00 0 
7fa69c021000-7fa6a0000000 ---p 00000000 00:00 0 
7fa6a0000000-7fa6a0021000 rw-p 00000000 00:00 0 
7fa6a0021000-7fa6a4000000 ---p 00000000 00:00 0 
7fa6a4000000-7fa6a4021000 rw-p 00000000 00:00 0 
7fa6a4021000-7fa6a8000000 ---p 00000000 00:00 0 
7fa6a8b14000-7fa6a8b79000 r--p 00000000 08:05 1461986                    /home/qutx/.javacpp/cache/llvm-13.0.1-1.5.7-linux-x86_64.jar/org/bytedeco/llvm/linux-x86_64/libjniLLVM.so
7fa6a8b79000-7fa6a8be7000 r-xp 00065000 08:05 1461986                    /home/qutx/.javacpp/cache/llvm-13.0.1-1.5.7-linux-x86_64.jar/org/bytedeco/llvm/linux-x86_64/libjniLLVM.so
7fa6a8be7000-7fa6a8c12000 r--p 000d3000 08:05 1461986                    /home/qutx/.javacpp/cache/llvm-13.0.1-1.5.7-linux-x86_64.jar/org/bytedeco/llvm/linux-x86_64/libjniLLVM.so
7fa6a8c12000-7fa6a8c15000 r--p 000fd000 08:05 1461986                    /home/qutx/.javacpp/cache/llvm-13.0.1-1.5.7-linux-x86_64.jar/org/bytedeco/llvm/linux-x86_64/libjniLLVM.so
7fa6a8c15000-7fa6a8c18000 rw-p 00100000 08:05 1461986                    /home/qutx/.javacpp/cache/llvm-13.0.1-1.5.7-linux-x86_64.jar/org/bytedeco/llvm/linux-x86_64/libjniLLVM.so
7fa6a8c18000-7fa6a8c1a000 rw-p 00000000 00:00 0 
7fa6a8c1a000-7fa6a8c1e000 ---p 00000000 00:00 0 
7fa6a8c1e000-7fa6a8d1b000 rw-p 00000000 00:00 0 
7fa6a8d1b000-7fa6a8d1c000 ---p 00000000 00:00 0 
7fa6a8d1c000-7fa6a8e1d000 rw-p 00000000 00:00 0 
7fa6a8e1d000-7fa6a8e1e000 ---p 00000000 00:00 0 
7fa6a8e1e000-7fa6a8f1f000 rw-p 00000000 00:00 0 
7fa6a8f1f000-7fa6a8f23000 ---p 00000000 00:00 0 
7fa6a8f23000-7fa6a9020000 rw-p 00000000 00:00 0 
7fa6a9020000-7fa6a9024000 ---p 00000000 00:00 0 
7fa6a9024000-7fa6a9121000 rw-p 00000000 00:00 0 
7fa6a9121000-7fa6a9125000 ---p 00000000 00:00 0 
7fa6a9125000-7fa6a9222000 rw-p 00000000 00:00 0 
7fa6a9222000-7fa6aa000000 r--p 00000000 08:05 922866                     /usr/lib/locale/locale-archive
7fa6aa000000-7fa6ac000000 rw-p 00000000 00:00 0 
7fa6ac000000-7fa6ac021000 rw-p 00000000 00:00 0 
7fa6ac021000-7fa6b0000000 ---p 00000000 00:00 0 
7fa6b0000000-7fa6b0021000 rw-p 00000000 00:00 0 
7fa6b0021000-7fa6b4000000 ---p 00000000 00:00 0 
7fa6b4000000-7fa6b4021000 rw-p 00000000 00:00 0 
7fa6b4021000-7fa6b8000000 ---p 00000000 00:00 0 
7fa6b80ed000-7fa6b80f1000 ---p 00000000 00:00 0 
7fa6b80f1000-7fa6b81ee000 rw-p 00000000 00:00 0 
7fa6b81ee000-7fa6b81f2000 ---p 00000000 00:00 0 
7fa6b81f2000-7fa6b82ef000 rw-p 00000000 00:00 0 
7fa6b82ef000-7fa6b82f3000 ---p 00000000 00:00 0 
7fa6b82f3000-7fa6b83f0000 rw-p 00000000 00:00 0 
7fa6b83f0000-7fa6b83f4000 ---p 00000000 00:00 0 
7fa6b83f4000-7fa6b84f1000 rw-p 00000000 00:00 0 
7fa6b84f1000-7fa6b84f5000 ---p 00000000 00:00 0 
7fa6b84f5000-7fa6b85f2000 rw-p 00000000 00:00 0 
7fa6b85f2000-7fa6b85f6000 ---p 00000000 00:00 0 
7fa6b85f6000-7fa6b86f3000 rw-p 00000000 00:00 0 
7fa6b86f3000-7fa6b86f4000 ---p 00000000 00:00 0 
7fa6b86f4000-7fa6b87f5000 rw-p 00000000 00:00 0 
7fa6b87f5000-7fa6b8a65000 rwxp 00000000 00:00 0 
7fa6b8a65000-7fa6b8d84000 ---p 00000000 00:00 0 
7fa6b8d84000-7fa6b8ff4000 rwxp 00000000 00:00 0 
7fa6b8ff4000-7fa6c02bc000 ---p 00000000 00:00 0 
7fa6c02bc000-7fa6c052c000 rwxp 00000000 00:00 0 
7fa6c052c000-7fa6c77f5000 ---p 00000000 00:00 0 
7fa6c77f5000-7fa6d0000000 r--s 00000000 08:05 922125                     /usr/lib/jvm/java-11-openjdk-amd64/lib/modules
7fa6d0000000-7fa6d0394000 rw-p 00000000 00:00 0 
7fa6d0394000-7fa6d4000000 ---p 00000000 00:00 0 
7fa6d401d000-7fa6d4024000 r--s 00000000 08:05 1447316                    /usr/lib/x86_64-linux-gnu/gconv/gconv-modules.cache
7fa6d4024000-7fa6d4025000 r--p 00000000 08:05 1461984                    /home/qutx/.javacpp/cache/llvm-13.0.1-1.5.7-linux-x86_64.jar/org/bytedeco/llvm/linux-x86_64/libRemarks.so.13
7fa6d4025000-7fa6d4026000 r-xp 00001000 08:05 1461984                    /home/qutx/.javacpp/cache/llvm-13.0.1-1.5.7-linux-x86_64.jar/org/bytedeco/llvm/linux-x86_64/libRemarks.so.13
7fa6d4026000-7fa6d4027000 r--p 00002000 08:05 1461984                    /home/qutx/.javacpp/cache/llvm-13.0.1-1.5.7-linux-x86_64.jar/org/bytedeco/llvm/linux-x86_64/libRemarks.so.13
7fa6d4027000-7fa6d4028000 r--p 00002000 08:05 1461984                    /home/qutx/.javacpp/cache/llvm-13.0.1-1.5.7-linux-x86_64.jar/org/bytedeco/llvm/linux-x86_64/libRemarks.so.13
7fa6d4028000-7fa6d4029000 rw-p 00003000 08:05 1461984                    /home/qutx/.javacpp/cache/llvm-13.0.1-1.5.7-linux-x86_64.jar/org/bytedeco/llvm/linux-x86_64/libRemarks.so.13
7fa6d4029000-7fa6d4030000 r--p 00000000 08:05 1461982                    /home/qutx/.javacpp/cache/llvm-13.0.1-1.5.7-linux-x86_64.jar/org/bytedeco/llvm/linux-x86_64/libLTO.so.13
7fa6d4030000-7fa6d4038000 r-xp 00007000 08:05 1461982                    /home/qutx/.javacpp/cache/llvm-13.0.1-1.5.7-linux-x86_64.jar/org/bytedeco/llvm/linux-x86_64/libLTO.so.13
7fa6d4038000-7fa6d403a000 r--p 0000f000 08:05 1461982                    /home/qutx/.javacpp/cache/llvm-13.0.1-1.5.7-linux-x86_64.jar/org/bytedeco/llvm/linux-x86_64/libLTO.so.13
7fa6d403a000-7fa6d403b000 r--p 00010000 08:05 1461982                    /home/qutx/.javacpp/cache/llvm-13.0.1-1.5.7-linux-x86_64.jar/org/bytedeco/llvm/linux-x86_64/libLTO.so.13
7fa6d403b000-7fa6d403c000 rw-p 00011000 08:05 1461982                    /home/qutx/.javacpp/cache/llvm-13.0.1-1.5.7-linux-x86_64.jar/org/bytedeco/llvm/linux-x86_64/libLTO.so.13
7fa6d403c000-7fa6d4040000 r--p 00000000 08:05 1461975                    /home/qutx/.javacpp/cache/javacpp-1.5.7-linux-x86_64.jar/org/bytedeco/javacpp/linux-x86_64/libjnijavacpp.so
7fa6d4040000-7fa6d4047000 r-xp 00004000 08:05 1461975                    /home/qutx/.javacpp/cache/javacpp-1.5.7-linux-x86_64.jar/org/bytedeco/javacpp/linux-x86_64/libjnijavacpp.so
7fa6d4047000-7fa6d404b000 r--p 0000b000 08:05 1461975                    /home/qutx/.javacpp/cache/javacpp-1.5.7-linux-x86_64.jar/org/bytedeco/javacpp/linux-x86_64/libjnijavacpp.so
7fa6d404b000-7fa6d404c000 r--p 0000e000 08:05 1461975                    /home/qutx/.javacpp/cache/javacpp-1.5.7-linux-x86_64.jar/org/bytedeco/javacpp/linux-x86_64/libjnijavacpp.so
7fa6d404c000-7fa6d404d000 rw-p 0000f000 08:05 1461975                    /home/qutx/.javacpp/cache/javacpp-1.5.7-linux-x86_64.jar/org/bytedeco/javacpp/linux-x86_64/libjnijavacpp.so
7fa6d404d000-7fa6d404e000 r--p 00000000 08:05 922097                     /usr/lib/jvm/java-11-openjdk-amd64/lib/libextnet.so
7fa6d404e000-7fa6d404f000 r-xp 00001000 08:05 922097                     /usr/lib/jvm/java-11-openjdk-amd64/lib/libextnet.so
7fa6d404f000-7fa6d4050000 r--p 00002000 08:05 922097                     /usr/lib/jvm/java-11-openjdk-amd64/lib/libextnet.so
7fa6d4050000-7fa6d4051000 r--p 00002000 08:05 922097                     /usr/lib/jvm/java-11-openjdk-amd64/lib/libextnet.so
7fa6d4051000-7fa6d4052000 rw-p 00003000 08:05 922097                     /usr/lib/jvm/java-11-openjdk-amd64/lib/libextnet.so
7fa6d4052000-7fa6d4056000 r--p 00000000 08:05 922115                     /usr/lib/jvm/java-11-openjdk-amd64/lib/libnet.so
7fa6d4056000-7fa6d4064000 r-xp 00004000 08:05 922115                     /usr/lib/jvm/java-11-openjdk-amd64/lib/libnet.so
7fa6d4064000-7fa6d4068000 r--p 00012000 08:05 922115                     /usr/lib/jvm/java-11-openjdk-amd64/lib/libnet.so
7fa6d4068000-7fa6d4069000 r--p 00015000 08:05 922115                     /usr/lib/jvm/java-11-openjdk-amd64/lib/libnet.so
7fa6d4069000-7fa6d406a000 rw-p 00016000 08:05 922115                     /usr/lib/jvm/java-11-openjdk-amd64/lib/libnet.so
7fa6d406a000-7fa6d4071000 r--p 00000000 08:05 922116                     /usr/lib/jvm/java-11-openjdk-amd64/lib/libnio.so
7fa6d4071000-7fa6d4079000 r-xp 00007000 08:05 922116                     /usr/lib/jvm/java-11-openjdk-amd64/lib/libnio.so
7fa6d4079000-7fa6d407c000 r--p 0000f000 08:05 922116                     /usr/lib/jvm/java-11-openjdk-amd64/lib/libnio.so
7fa6d407c000-7fa6d407d000 r--p 00011000 08:05 922116                     /usr/lib/jvm/java-11-openjdk-amd64/lib/libnio.so
7fa6d407d000-7fa6d407e000 rw-p 00012000 08:05 922116                     /usr/lib/jvm/java-11-openjdk-amd64/lib/libnio.so
7fa6d407e000-7fa6d475a000 rw-p 00000000 00:00 0 
7fa6d475a000-7fa6d495a000 ---p 00000000 00:00 0 
7fa6d495a000-7fa6d495b000 ---p 00000000 00:00 0 
7fa6d495b000-7fa6d4a5c000 rw-p 00000000 00:00 0 
7fa6d4a5c000-7fa6d4a5d000 ---p 00000000 00:00 0 
7fa6d4a5d000-7fa6d4d60000 rw-p 00000000 00:00 0 
7fa6d4d60000-7fa6d4d61000 ---p 00000000 00:00 0 
7fa6d4d61000-7fa6d4e62000 rw-p 00000000 00:00 0 
7fa6d4e62000-7fa6d4e63000 ---p 00000000 00:00 0 
7fa6d4e63000-7fa6d507d000 rw-p 00000000 00:00 0 
7fa6d507d000-7fa6d5eb5000 ---p 00000000 00:00 0 
7fa6d5eb5000-7fa6d5fb5000 rw-p 00000000 00:00 0 
7fa6d5fb5000-7fa6d6ded000 ---p 00000000 00:00 0 
7fa6d6ded000-7fa6d6e14000 rw-p 00000000 00:00 0 
7fa6d6e14000-7fa6d6fdb000 ---p 00000000 00:00 0 
7fa6d6fdb000-7fa6d6ffb000 rw-p 00000000 00:00 0 
7fa6d6ffb000-7fa6d71c2000 ---p 00000000 00:00 0 
7fa6d71c2000-7fa6d71e2000 rw-p 00000000 00:00 0 
7fa6d71e2000-7fa6d73a9000 ---p 00000000 00:00 0 
7fa6d73a9000-7fa6d75ac000 rw-p 00000000 00:00 0 
7fa6d75ac000-7fa6d75ad000 ---p 00000000 00:00 0 
7fa6d75ad000-7fa6d76b3000 rw-p 00000000 00:00 0 
7fa6d76b3000-7fa6d7799000 ---p 00000000 00:00 0 
7fa6d7799000-7fa6d779e000 rw-p 00000000 00:00 0 
7fa6d779e000-7fa6d7884000 ---p 00000000 00:00 0 
7fa6d7884000-7fa6d7889000 rw-p 00000000 00:00 0 
7fa6d7889000-7fa6d7890000 ---p 00000000 00:00 0 
7fa6d7890000-7fa6d7893000 r--p 00000000 08:05 924341                     /usr/lib/x86_64-linux-gnu/libnss_files-2.31.so
7fa6d7893000-7fa6d789a000 r-xp 00003000 08:05 924341                     /usr/lib/x86_64-linux-gnu/libnss_files-2.31.so
7fa6d789a000-7fa6d789c000 r--p 0000a000 08:05 924341                     /usr/lib/x86_64-linux-gnu/libnss_files-2.31.so
7fa6d789c000-7fa6d789d000 r--p 0000b000 08:05 924341                     /usr/lib/x86_64-linux-gnu/libnss_files-2.31.so
7fa6d789d000-7fa6d789e000 rw-p 0000c000 08:05 924341                     /usr/lib/x86_64-linux-gnu/libnss_files-2.31.so
7fa6d789e000-7fa6d78a4000 rw-p 00000000 00:00 0 
7fa6d78a4000-7fa6d78a6000 r--p 00000000 08:05 922124                     /usr/lib/jvm/java-11-openjdk-amd64/lib/libzip.so
7fa6d78a6000-7fa6d78ab000 r-xp 00002000 08:05 922124                     /usr/lib/jvm/java-11-openjdk-amd64/lib/libzip.so
7fa6d78ab000-7fa6d78ad000 r--p 00007000 08:05 922124                     /usr/lib/jvm/java-11-openjdk-amd64/lib/libzip.so
7fa6d78ad000-7fa6d78ae000 r--p 00008000 08:05 922124                     /usr/lib/jvm/java-11-openjdk-amd64/lib/libzip.so
7fa6d78ae000-7fa6d78af000 rw-p 00009000 08:05 922124                     /usr/lib/jvm/java-11-openjdk-amd64/lib/libzip.so
7fa6d78af000-7fa6d78b7000 rw-s 00000000 08:05 2362819                    /tmp/hsperfdata_qutx/19940
7fa6d78b7000-7fa6d78b9000 r--p 00000000 08:05 922099                     /usr/lib/jvm/java-11-openjdk-amd64/lib/libinstrument.so
7fa6d78b9000-7fa6d78bf000 r-xp 00002000 08:05 922099                     /usr/lib/jvm/java-11-openjdk-amd64/lib/libinstrument.so
7fa6d78bf000-7fa6d78c2000 r--p 00008000 08:05 922099                     /usr/lib/jvm/java-11-openjdk-amd64/lib/libinstrument.so
7fa6d78c2000-7fa6d78c3000 r--p 0000a000 08:05 922099                     /usr/lib/jvm/java-11-openjdk-amd64/lib/libinstrument.so
7fa6d78c3000-7fa6d78c4000 rw-p 0000b000 08:05 922099                     /usr/lib/jvm/java-11-openjdk-amd64/lib/libinstrument.so
7fa6d78c4000-7fa6d78c5000 ---p 00000000 00:00 0 
7fa6d78c5000-7fa6d78c6000 r--p 00000000 00:00 0 
7fa6d78c6000-7fa6d78c8000 r--p 00000000 08:05 922107                     /usr/lib/jvm/java-11-openjdk-amd64/lib/libjimage.so
7fa6d78c8000-7fa6d78cb000 r-xp 00002000 08:05 922107                     /usr/lib/jvm/java-11-openjdk-amd64/lib/libjimage.so
7fa6d78cb000-7fa6d78cc000 r--p 00005000 08:05 922107                     /usr/lib/jvm/java-11-openjdk-amd64/lib/libjimage.so
7fa6d78cc000-7fa6d78cd000 ---p 00006000 08:05 922107                     /usr/lib/jvm/java-11-openjdk-amd64/lib/libjimage.so
7fa6d78cd000-7fa6d78ce000 r--p 00006000 08:05 922107                     /usr/lib/jvm/java-11-openjdk-amd64/lib/libjimage.so
7fa6d78ce000-7fa6d78cf000 rw-p 00007000 08:05 922107                     /usr/lib/jvm/java-11-openjdk-amd64/lib/libjimage.so
7fa6d78cf000-7fa6d78dd000 r--p 00000000 08:05 922104                     /usr/lib/jvm/java-11-openjdk-amd64/lib/libjava.so
7fa6d78dd000-7fa6d78f3000 r-xp 0000e000 08:05 922104                     /usr/lib/jvm/java-11-openjdk-amd64/lib/libjava.so
7fa6d78f3000-7fa6d78fa000 r--p 00024000 08:05 922104                     /usr/lib/jvm/java-11-openjdk-amd64/lib/libjava.so
7fa6d78fa000-7fa6d78fb000 r--p 0002a000 08:05 922104                     /usr/lib/jvm/java-11-openjdk-amd64/lib/libjava.so
7fa6d78fb000-7fa6d78fc000 rw-p 0002b000 08:05 922104                     /usr/lib/jvm/java-11-openjdk-amd64/lib/libjava.so
7fa6d78fc000-7fa6d78fd000 rw-p 00000000 00:00 0 
7fa6d78fd000-7fa6d78ff000 r--p 00000000 08:05 924550                     /usr/lib/x86_64-linux-gnu/librt-2.31.so
7fa6d78ff000-7fa6d7903000 r-xp 00002000 08:05 924550                     /usr/lib/x86_64-linux-gnu/librt-2.31.so
7fa6d7903000-7fa6d7905000 r--p 00006000 08:05 924550                     /usr/lib/x86_64-linux-gnu/librt-2.31.so
7fa6d7905000-7fa6d7906000 r--p 00007000 08:05 924550                     /usr/lib/x86_64-linux-gnu/librt-2.31.so
7fa6d7906000-7fa6d7907000 rw-p 00008000 08:05 924550                     /usr/lib/x86_64-linux-gnu/librt-2.31.so
7fa6d7907000-7fa6d790b000 ---p 00000000 00:00 0 
7fa6d790b000-7fa6d7a08000 rw-p 00000000 00:00 0 
7fa6d7a08000-7fa6d7a0b000 r--p 00000000 08:05 923854                     /usr/lib/x86_64-linux-gnu/libgcc_s.so.1
7fa6d7a0b000-7fa6d7a1d000 r-xp 00003000 08:05 923854                     /usr/lib/x86_64-linux-gnu/libgcc_s.so.1
7fa6d7a1d000-7fa6d7a21000 r--p 00015000 08:05 923854                     /usr/lib/x86_64-linux-gnu/libgcc_s.so.1
7fa6d7a21000-7fa6d7a22000 r--p 00018000 08:05 923854                     /usr/lib/x86_64-linux-gnu/libgcc_s.so.1
7fa6d7a22000-7fa6d7a23000 rw-p 00019000 08:05 923854                     /usr/lib/x86_64-linux-gnu/libgcc_s.so.1
7fa6d7a23000-7fa6d7a30000 r--p 00000000 08:05 924215                     /usr/lib/x86_64-linux-gnu/libm-2.31.so
7fa6d7a30000-7fa6d7ad7000 r-xp 0000d000 08:05 924215                     /usr/lib/x86_64-linux-gnu/libm-2.31.so
7fa6d7ad7000-7fa6d7b70000 r--p 000b4000 08:05 924215                     /usr/lib/x86_64-linux-gnu/libm-2.31.so
7fa6d7b70000-7fa6d7b71000 r--p 0014c000 08:05 924215                     /usr/lib/x86_64-linux-gnu/libm-2.31.so
7fa6d7b71000-7fa6d7b72000 rw-p 0014d000 08:05 924215                     /usr/lib/x86_64-linux-gnu/libm-2.31.so
7fa6d7b72000-7fa6d7c08000 r--p 00000000 08:05 924659                     /usr/lib/x86_64-linux-gnu/libstdc++.so.6.0.28
7fa6d7c08000-7fa6d7cf9000 r-xp 00096000 08:05 924659                     /usr/lib/x86_64-linux-gnu/libstdc++.so.6.0.28
7fa6d7cf9000-7fa6d7d42000 r--p 00187000 08:05 924659                     /usr/lib/x86_64-linux-gnu/libstdc++.so.6.0.28
7fa6d7d42000-7fa6d7d43000 ---p 001d0000 08:05 924659                     /usr/lib/x86_64-linux-gnu/libstdc++.so.6.0.28
7fa6d7d43000-7fa6d7d4e000 r--p 001d0000 08:05 924659                     /usr/lib/x86_64-linux-gnu/libstdc++.so.6.0.28
7fa6d7d4e000-7fa6d7d51000 rw-p 001db000 08:05 924659                     /usr/lib/x86_64-linux-gnu/libstdc++.so.6.0.28
7fa6d7d51000-7fa6d7d54000 rw-p 00000000 00:00 0 
7fa6d7d54000-7fa6d7fd6000 r--p 00000000 08:05 922128                     /usr/lib/jvm/java-11-openjdk-amd64/lib/server/libjvm.so
7fa6d7fd6000-7fa6d8c67000 r-xp 00282000 08:05 922128                     /usr/lib/jvm/java-11-openjdk-amd64/lib/server/libjvm.so
7fa6d8c67000-7fa6d8ec6000 r--p 00f13000 08:05 922128                     /usr/lib/jvm/java-11-openjdk-amd64/lib/server/libjvm.so
7fa6d8ec6000-7fa6d8f8a000 r--p 01171000 08:05 922128                     /usr/lib/jvm/java-11-openjdk-amd64/lib/server/libjvm.so
7fa6d8f8a000-7fa6d8fc5000 rw-p 01235000 08:05 922128                     /usr/lib/jvm/java-11-openjdk-amd64/lib/server/libjvm.so
7fa6d8fc5000-7fa6d901e000 rw-p 00000000 00:00 0 
7fa6d901e000-7fa6d9024000 r--p 00000000 08:05 924485                     /usr/lib/x86_64-linux-gnu/libpthread-2.31.so
7fa6d9024000-7fa6d9035000 r-xp 00006000 08:05 924485                     /usr/lib/x86_64-linux-gnu/libpthread-2.31.so
7fa6d9035000-7fa6d903b000 r--p 00017000 08:05 924485                     /usr/lib/x86_64-linux-gnu/libpthread-2.31.so
7fa6d903b000-7fa6d903c000 r--p 0001c000 08:05 924485                     /usr/lib/x86_64-linux-gnu/libpthread-2.31.so
7fa6d903c000-7fa6d903d000 rw-p 0001d000 08:05 924485                     /usr/lib/x86_64-linux-gnu/libpthread-2.31.so
7fa6d903d000-7fa6d9041000 rw-p 00000000 00:00 0 
7fa6d9041000-7fa6d9042000 r--p 00000000 08:05 923700                     /usr/lib/x86_64-linux-gnu/libdl-2.31.so
7fa6d9042000-7fa6d9044000 r-xp 00001000 08:05 923700                     /usr/lib/x86_64-linux-gnu/libdl-2.31.so
7fa6d9044000-7fa6d9045000 r--p 00003000 08:05 923700                     /usr/lib/x86_64-linux-gnu/libdl-2.31.so
7fa6d9045000-7fa6d9046000 r--p 00003000 08:05 923700                     /usr/lib/x86_64-linux-gnu/libdl-2.31.so
7fa6d9046000-7fa6d9047000 rw-p 00004000 08:05 923700                     /usr/lib/x86_64-linux-gnu/libdl-2.31.so
7fa6d9047000-7fa6d9049000 r--p 00000000 08:05 923674                     /usr/lib/x86_64-linux-gnu/libz.so.1.2.11
7fa6d9049000-7fa6d905a000 r-xp 00002000 08:05 923674                     /usr/lib/x86_64-linux-gnu/libz.so.1.2.11
7fa6d905a000-7fa6d9060000 r--p 00013000 08:05 923674                     /usr/lib/x86_64-linux-gnu/libz.so.1.2.11
7fa6d9060000-7fa6d9061000 ---p 00019000 08:05 923674                     /usr/lib/x86_64-linux-gnu/libz.so.1.2.11
7fa6d9061000-7fa6d9062000 r--p 00019000 08:05 923674                     /usr/lib/x86_64-linux-gnu/libz.so.1.2.11
7fa6d9062000-7fa6d9063000 rw-p 0001a000 08:05 923674                     /usr/lib/x86_64-linux-gnu/libz.so.1.2.11
7fa6d9063000-7fa6d9085000 r--p 00000000 08:05 923557                     /usr/lib/x86_64-linux-gnu/libc-2.31.so
7fa6d9085000-7fa6d91fd000 r-xp 00022000 08:05 923557                     /usr/lib/x86_64-linux-gnu/libc-2.31.so
7fa6d91fd000-7fa6d924b000 r--p 0019a000 08:05 923557                     /usr/lib/x86_64-linux-gnu/libc-2.31.so
7fa6d924b000-7fa6d924f000 r--p 001e7000 08:05 923557                     /usr/lib/x86_64-linux-gnu/libc-2.31.so
7fa6d924f000-7fa6d9251000 rw-p 001eb000 08:05 923557                     /usr/lib/x86_64-linux-gnu/libc-2.31.so
7fa6d9251000-7fa6d9255000 rw-p 00000000 00:00 0 
7fa6d9256000-7fa6d925b000 r--p 00000000 08:05 922123                     /usr/lib/jvm/java-11-openjdk-amd64/lib/libverify.so
7fa6d925b000-7fa6d9262000 r-xp 00005000 08:05 922123                     /usr/lib/jvm/java-11-openjdk-amd64/lib/libverify.so
7fa6d9262000-7fa6d9264000 r--p 0000c000 08:05 922123                     /usr/lib/jvm/java-11-openjdk-amd64/lib/libverify.so
7fa6d9264000-7fa6d9265000 ---p 0000e000 08:05 922123                     /usr/lib/jvm/java-11-openjdk-amd64/lib/libverify.so
7fa6d9265000-7fa6d9267000 r--p 0000e000 08:05 922123                     /usr/lib/jvm/java-11-openjdk-amd64/lib/libverify.so
7fa6d9267000-7fa6d9268000 rw-p 00010000 08:05 922123                     /usr/lib/jvm/java-11-openjdk-amd64/lib/libverify.so
7fa6d9268000-7fa6d926b000 r--p 00000000 08:05 922089                     /usr/lib/jvm/java-11-openjdk-amd64/lib/jli/libjli.so
7fa6d926b000-7fa6d9275000 r-xp 00003000 08:05 922089                     /usr/lib/jvm/java-11-openjdk-amd64/lib/jli/libjli.so
7fa6d9275000-7fa6d9278000 r--p 0000d000 08:05 922089                     /usr/lib/jvm/java-11-openjdk-amd64/lib/jli/libjli.so
7fa6d9278000-7fa6d9279000 ---p 00010000 08:05 922089                     /usr/lib/jvm/java-11-openjdk-amd64/lib/jli/libjli.so
7fa6d9279000-7fa6d927a000 r--p 00010000 08:05 922089                     /usr/lib/jvm/java-11-openjdk-amd64/lib/jli/libjli.so
7fa6d927a000-7fa6d927b000 rw-p 00011000 08:05 922089                     /usr/lib/jvm/java-11-openjdk-amd64/lib/jli/libjli.so
7fa6d927b000-7fa6d927d000 rw-p 00000000 00:00 0 
7fa6d927d000-7fa6d927e000 r--p 00000000 08:05 923337                     /usr/lib/x86_64-linux-gnu/ld-2.31.so
7fa6d927e000-7fa6d92a1000 r-xp 00001000 08:05 923337                     /usr/lib/x86_64-linux-gnu/ld-2.31.so
7fa6d92a1000-7fa6d92a9000 r--p 00024000 08:05 923337                     /usr/lib/x86_64-linux-gnu/ld-2.31.so
7fa6d92aa000-7fa6d92ab000 r--p 0002c000 08:05 923337                     /usr/lib/x86_64-linux-gnu/ld-2.31.so
7fa6d92ab000-7fa6d92ac000 rw-p 0002d000 08:05 923337                     /usr/lib/x86_64-linux-gnu/ld-2.31.so
7fa6d92ac000-7fa6d92ad000 rw-p 00000000 00:00 0 
7fffd72fa000-7fffd731b000 rw-p 00000000 00:00 0                          [stack]
7fffd7392000-7fffd7396000 r--p 00000000 00:00 0                          [vvar]
7fffd7396000-7fffd7398000 r-xp 00000000 00:00 0                          [vdso]
ffffffffff600000-ffffffffff601000 --xp 00000000 00:00 0                  [vsyscall]


VM Arguments:
jvm_args: -javaagent:/opt/idea-IC-223.8617.56/lib/idea_rt.jar=42475:/opt/idea-IC-223.8617.56/bin -Dfile.encoding=UTF-8 
java_command: Main tests/test1.sysy
java_class_path (initial): /home/qutx/Desktop/study/compile/Lab/out/production/Lab:/usr/local/lib/antlr-4.9.1-complete.jar:/usr/local/lib/javacpp-1.5.7-linux-x86_64.jar:/usr/local/lib/javacpp-1.5.7.jar:/usr/local/lib/llvm-13.0.1-1.5.7-linux-x86_64.jar:/usr/local/lib/llvm-13.0.1-1.5.7.jar:/usr/local/lib/llvm-platform-13.0.1-1.5.7.jar:/home/qutx/Desktop/study/compile/Lab
Launcher Type: SUN_STANDARD

[Global flags]
     intx CICompilerCount                          = 2                                         {product} {ergonomic}
     uint ConcGCThreads                            = 1                                         {product} {ergonomic}
     uint G1ConcRefinementThreads                  = 2                                         {product} {ergonomic}
   size_t G1HeapRegionSize                         = 1048576                                   {product} {ergonomic}
    uintx GCDrainStackTargetSize                   = 64                                        {product} {ergonomic}
   size_t InitialHeapSize                          = 65011712                                  {product} {ergonomic}
   size_t MarkStackSize                            = 4194304                                   {product} {ergonomic}
   size_t MaxHeapSize                              = 1021313024                                {product} {ergonomic}
   size_t MaxNewSize                               = 612368384                                 {product} {ergonomic}
   size_t MinHeapDeltaBytes                        = 1048576                                   {product} {ergonomic}
    uintx NonNMethodCodeHeapSize                   = 5825164                                {pd product} {ergonomic}
    uintx NonProfiledCodeHeapSize                  = 122916538                              {pd product} {ergonomic}
    uintx ProfiledCodeHeapSize                     = 122916538                              {pd product} {ergonomic}
    uintx ReservedCodeCacheSize                    = 251658240                              {pd product} {ergonomic}
     bool SegmentedCodeCache                       = true                                      {product} {ergonomic}
     bool UseCompressedClassPointers               = true                                 {lp64_product} {ergonomic}
     bool UseCompressedOops                        = true                                 {lp64_product} {ergonomic}
     bool UseG1GC                                  = true                                      {product} {ergonomic}

Logging:
Log output configuration:
 #0: stdout all=warning uptime,level,tags
 #1: stderr all=off uptime,level,tags

Environment Variables:
JAVA_HOME=/opt/jdk-19.0.2
PATH=/opt/idea-IC-223.8617.56/bin:/opt/jdk-19.0.2/bin:/usr/local/sbin:/usr/local/bin:/usr/sbin:/usr/bin:/sbin:/bin:/usr/games:/usr/local/games:/snap/bin
USERNAME=qutx
SHELL=/bin/bash
DISPLAY=:0
LANG=en_US.UTF-8
LC_NUMERIC=zh_CN.UTF-8
LC_TIME=zh_CN.UTF-8
TERM=xterm-256color

Signal Handlers:
SIGSEGV: [libjvm.so+0xe9f840], sa_mask[0]=11111111011111111101111111111110, sa_flags=SA_RESTART|SA_SIGINFO
SIGBUS: [libjvm.so+0xe9f840], sa_mask[0]=11111111011111111101111111111110, sa_flags=SA_RESTART|SA_SIGINFO
SIGFPE: [libjvm.so+0xe9f840], sa_mask[0]=11111111011111111101111111111110, sa_flags=SA_RESTART|SA_SIGINFO
SIGPIPE: [libjvm.so+0xbe53b0], sa_mask[0]=11111111011111111101111111111110, sa_flags=SA_RESTART|SA_SIGINFO
SIGXFSZ: [libjvm.so+0xbe53b0], sa_mask[0]=11111111011111111101111111111110, sa_flags=SA_RESTART|SA_SIGINFO
SIGILL: [libjvm.so+0xe9f840], sa_mask[0]=11111111011111111101111111111110, sa_flags=SA_RESTART|SA_SIGINFO
SIGUSR2: [libjvm.so+0xbe5250], sa_mask[0]=00100000000000000000000000000000, sa_flags=SA_RESTART|SA_SIGINFO
SIGHUP: [libjvm.so+0xbe5900], sa_mask[0]=11111111011111111101111111111110, sa_flags=SA_RESTART|SA_SIGINFO
SIGINT: [libjvm.so+0xbe5900], sa_mask[0]=11111111011111111101111111111110, sa_flags=SA_RESTART|SA_SIGINFO
SIGTERM: [libjvm.so+0xbe5900], sa_mask[0]=11111111011111111101111111111110, sa_flags=SA_RESTART|SA_SIGINFO
SIGQUIT: [libjvm.so+0xbe5900], sa_mask[0]=11111111011111111101111111111110, sa_flags=SA_RESTART|SA_SIGINFO


---------------  S Y S T E M  ---------------

OS:DISTRIB_ID=Ubuntu
DISTRIB_RELEASE=20.04
DISTRIB_CODENAME=focal
DISTRIB_DESCRIPTION="Ubuntu 20.04.6 LTS"
uname:Linux 5.15.0-71-generic #78~20.04.1-Ubuntu SMP Wed Apr 19 11:26:48 UTC 2023 x86_64
OS uptime: 0 days 1:08 hours
libc:glibc 2.31 NPTL 2.31 
rlimit (soft/hard): STACK 8192k/infinity , CORE 0k/infinity , NPROC 15242/15242 , NOFILE 1048576/1048576 , AS infinity/infinity , CPU infinity/infinity , DATA infinity/infinity , FSIZE infinity/infinity , MEMLOCK 65536k/65536k
load average:4.14 2.25 1.13

/proc/meminfo:
MemTotal:        3983204 kB
MemFree:          193388 kB
MemAvailable:     732348 kB
Buffers:           41404 kB
Cached:           651660 kB
SwapCached:        25548 kB
Active:          1083500 kB
Inactive:        2159600 kB
Active(anon):     722296 kB
Inactive(anon):  1829368 kB
Active(file):     361204 kB
Inactive(file):   330232 kB
Unevictable:           0 kB
Mlocked:               0 kB
SwapTotal:       2097148 kB
SwapFree:        1340576 kB
Dirty:                24 kB
Writeback:             0 kB
AnonPages:       2534048 kB
Mapped:           176544 kB
Shmem:              2080 kB
KReclaimable:     103648 kB
Slab:             201736 kB
SReclaimable:     103648 kB
SUnreclaim:        98088 kB
KernelStack:       13012 kB
PageTables:        23040 kB
NFS_Unstable:          0 kB
Bounce:                0 kB
WritebackTmp:          0 kB
CommitLimit:     4088748 kB
Committed_AS:    6432284 kB
VmallocTotal:   34359738367 kB
VmallocUsed:       72480 kB
VmallocChunk:          0 kB
Percpu:           104448 kB
HardwareCorrupted:     0 kB
AnonHugePages:         0 kB
ShmemHugePages:        0 kB
ShmemPmdMapped:        0 kB
FileHugePages:         0 kB
FilePmdMapped:         0 kB
HugePages_Total:       0
HugePages_Free:        0
HugePages_Rsvd:        0
HugePages_Surp:        0
Hugepagesize:       2048 kB
Hugetlb:               0 kB
DirectMap4k:      321344 kB
DirectMap2M:     3872768 kB
DirectMap1G:     2097152 kB

/sys/kernel/mm/transparent_hugepage/enabled:
always [madvise] never
/sys/kernel/mm/transparent_hugepage/defrag (defrag/compaction efforts parameter):
always defer defer+madvise [madvise] never

Process Memory:
Virtual Size: 3680692K (peak: 12380444K)
Resident Set Size: 95316K (peak: 95316K) (anon: 37772K, file: 57544K, shmem: 0K)
Swapped out: 0K
C-Heap outstanding allocations: 16065K, retained: 2486K
glibc malloc tunables: (default)

/proc/sys/kernel/threads-max (system-wide limit on the number of threads):
30485
/proc/sys/vm/max_map_count (maximum number of memory map areas a process may have):
65530
/proc/sys/kernel/pid_max (system-wide limit on number of process identifiers):
4194304

container (cgroup) information:
container_type: cgroupv1
cpu_cpuset_cpus: 0-1
cpu_memory_nodes: 0
active_processor_count: 2
cpu_quota: no quota
cpu_period: 100000
cpu_shares: no shares
memory_limit_in_bytes: unlimited
memory_and_swap_limit_in_bytes: unlimited
memory_soft_limit_in_bytes: unlimited
memory_usage_in_bytes: 2602588 k
memory_max_usage_in_bytes: 2705292 k
kernel_memory_usage_in_bytes: 56336 k
kernel_memory_max_usage_in_bytes: unlimited
kernel_memory_limit_in_bytes: 56744 k
maximum number of tasks: unlimited
current number of tasks: 367

VMWare virtualization detected
Steal ticks since vm start: 0
Steal ticks percentage since vm start:  0.000

CPU:total 2 (initial active 2) (1 cores per cpu, 1 threads per core) family 6 model 165 stepping 2 microcode 0xffffffff, cmov, cx8, fxsr, mmx, sse, sse2, sse3, ssse3, sse4.1, sse4.2, popcnt, avx, avx2, aes, clmul, erms, 3dnowpref, lzcnt, tsc, tscinvbit, bmi1, bmi2, adx, fma
CPU Model and flags from /proc/cpuinfo:
model name	: Intel(R) Core(TM) i7-10750H CPU @ 2.60GHz
flags		: fpu vme de pse tsc msr pae mce cx8 apic sep mtrr pge mca cmov pat pse36 clflush mmx fxsr sse sse2 ss syscall nx pdpe1gb rdtscp lm constant_tsc arch_perfmon nopl xtopology tsc_reliable nonstop_tsc cpuid tsc_known_freq pni pclmulqdq ssse3 fma cx16 pcid sse4_1 sse4_2 x2apic movbe popcnt aes xsave avx f16c rdrand hypervisor lahf_lm abm 3dnowprefetch invpcid_single pti ssbd ibrs ibpb stibp fsgsbase tsc_adjust bmi1 avx2 smep bmi2 invpcid rdseed adx smap clflushopt xsaveopt xsavec xgetbv1 xsaves arat flush_l1d arch_capabilities
Online cpus:
0-1
Offline cpus:
2-127
BIOS frequency limitation:
<Not Available>
Frequency switch latency (ns):
<Not Available>
Available cpu frequencies:
<Not Available>
Current governor:
<Not Available>
Core performance/turbo boost:
<Not Available>

Memory: 4k page, physical 3983204k(193388k free), swap 2097148k(1340576k free)

vm_info: OpenJDK 64-Bit Server VM (11.0.19+7-post-Ubuntu-0ubuntu120.04.1) for linux-amd64 JRE (11.0.19+7-post-Ubuntu-0ubuntu120.04.1), built on May 10 2023 00:55:26 by "unknown" with gcc 9.4.0

END.
